[2025-07-14T18:39:02.038+0000] {local_task_job_runner.py:123} INFO - ::group::Pre task execution logs
[2025-07-14T18:39:02.144+0000] {taskinstance.py:2614} INFO - Dependencies all met for dep_context=non-requeueable deps ti=<TaskInstance: turnstile_ml_pipeline.run_inference scheduled__2025-07-13T00:00:00+00:00 [queued]>
[2025-07-14T18:39:02.218+0000] {taskinstance.py:2614} INFO - Dependencies all met for dep_context=requeueable deps ti=<TaskInstance: turnstile_ml_pipeline.run_inference scheduled__2025-07-13T00:00:00+00:00 [queued]>
[2025-07-14T18:39:02.220+0000] {taskinstance.py:2867} INFO - Starting attempt 9 of 9
[2025-07-14T18:39:02.283+0000] {taskinstance.py:2890} INFO - Executing <Task(BashOperator): run_inference> on 2025-07-13 00:00:00+00:00
[2025-07-14T18:39:02.364+0000] {logging_mixin.py:190} WARNING - /home/***/.local/lib/python3.12/site-packages/***/task/task_runner/standard_task_runner.py:70 DeprecationWarning: This process (pid=2040) is multi-threaded, use of fork() may lead to deadlocks in the child.
[2025-07-14T18:39:02.373+0000] {standard_task_runner.py:72} INFO - Started process 2048 to run task
[2025-07-14T18:39:02.367+0000] {standard_task_runner.py:104} INFO - Running: ['***', 'tasks', 'run', 'turnstile_ml_pipeline', 'run_inference', 'scheduled__2025-07-13T00:00:00+00:00', '--job-id', '38', '--raw', '--subdir', 'DAGS_FOLDER/pipeline_dag.py', '--cfg-path', '/tmp/tmpjtzoewjc']
[2025-07-14T18:39:02.387+0000] {standard_task_runner.py:105} INFO - Job 38: Subtask run_inference
[2025-07-14T18:39:02.489+0000] {logging_mixin.py:190} WARNING - /home/***/.local/lib/python3.12/site-packages/***/settings.py:209 DeprecationWarning: The sql_alchemy_conn option in [core] has been moved to the sql_alchemy_conn option in [database] - the old setting has been used, but please update your config.
[2025-07-14T18:39:02.720+0000] {task_command.py:467} INFO - Running <TaskInstance: turnstile_ml_pipeline.run_inference scheduled__2025-07-13T00:00:00+00:00 [running]> on host d84888688479
[2025-07-14T18:39:02.733+0000] {logging_mixin.py:190} WARNING - /home/***/.local/lib/python3.12/site-packages/***/settings.py:470 DeprecationWarning: The sql_alchemy_conn option in [core] has been moved to the sql_alchemy_conn option in [database] - the old setting has been used, but please update your config.
[2025-07-14T18:39:03.636+0000] {taskinstance.py:3134} INFO - Exporting env vars: AIRFLOW_CTX_DAG_OWNER='***' AIRFLOW_CTX_DAG_ID='turnstile_ml_pipeline' AIRFLOW_CTX_TASK_ID='run_inference' AIRFLOW_CTX_EXECUTION_DATE='2025-07-13T00:00:00+00:00' AIRFLOW_CTX_TRY_NUMBER='9' AIRFLOW_CTX_DAG_RUN_ID='scheduled__2025-07-13T00:00:00+00:00'
[2025-07-14T18:39:03.744+0000] {taskinstance.py:732} INFO - ::endgroup::
[2025-07-14T18:39:03.955+0000] {subprocess.py:78} INFO - Tmp dir root location: /tmp
[2025-07-14T18:39:03.971+0000] {subprocess.py:88} INFO - Running command: ['/usr/bin/bash', '-c', '\n            python /opt/***/pipeline/inference.py                 --user ***                 --password ***                 --host postgres                 --port 5432                 --db_name ny_sub_turnstiles                 --inference_table inference_features                 --predictions_table predictions\n        ']
[2025-07-14T18:39:04.088+0000] {subprocess.py:99} INFO - Output:
[2025-07-14T18:39:16.528+0000] {subprocess.py:106} INFO - [OK] Saved 432 predictions to 'predictions'
[2025-07-14T18:39:17.378+0000] {subprocess.py:110} INFO - Command exited with return code 0
[2025-07-14T18:39:17.455+0000] {taskinstance.py:341} INFO - ::group::Post task execution logs
[2025-07-14T18:39:17.457+0000] {taskinstance.py:353} INFO - Marking task as SUCCESS. dag_id=turnstile_ml_pipeline, task_id=run_inference, run_id=scheduled__2025-07-13T00:00:00+00:00, execution_date=20250713T000000, start_date=20250714T183902, end_date=20250714T183917
[2025-07-14T18:39:17.674+0000] {local_task_job_runner.py:266} INFO - Task exited with return code 0
[2025-07-14T18:39:17.791+0000] {taskinstance.py:3901} INFO - 1 downstream tasks scheduled from follow-on schedule check
[2025-07-14T18:39:17.836+0000] {local_task_job_runner.py:245} INFO - ::endgroup::
