[2025-07-16T19:11:47.780+0000] {local_task_job_runner.py:123} INFO - ::group::Pre task execution logs
[2025-07-16T19:11:47.826+0000] {taskinstance.py:2614} INFO - Dependencies all met for dep_context=non-requeueable deps ti=<TaskInstance: turnstile_ml_pipeline.download_and_ingest manual__2025-07-16T19:07:19+00:00 [queued]>
[2025-07-16T19:11:47.850+0000] {taskinstance.py:2614} INFO - Dependencies all met for dep_context=requeueable deps ti=<TaskInstance: turnstile_ml_pipeline.download_and_ingest manual__2025-07-16T19:07:19+00:00 [queued]>
[2025-07-16T19:11:47.851+0000] {taskinstance.py:2867} INFO - Starting attempt 1 of 1
[2025-07-16T19:11:47.894+0000] {taskinstance.py:2890} INFO - Executing <Task(BashOperator): download_and_ingest> on 2025-07-16 19:07:19+00:00
[2025-07-16T19:11:47.914+0000] {logging_mixin.py:190} WARNING - /home/***/.local/lib/python3.12/site-packages/***/task/task_runner/standard_task_runner.py:70 DeprecationWarning: This process (pid=73) is multi-threaded, use of fork() may lead to deadlocks in the child.
[2025-07-16T19:11:47.928+0000] {standard_task_runner.py:72} INFO - Started process 79 to run task
[2025-07-16T19:11:47.925+0000] {standard_task_runner.py:104} INFO - Running: ['***', 'tasks', 'run', 'turnstile_ml_pipeline', 'download_and_ingest', 'manual__2025-07-16T19:07:19+00:00', '--job-id', '3', '--raw', '--subdir', 'DAGS_FOLDER/pipeline_dag.py', '--cfg-path', '/tmp/tmpuypgb0e7']
[2025-07-16T19:11:47.932+0000] {standard_task_runner.py:105} INFO - Job 3: Subtask download_and_ingest
[2025-07-16T19:11:47.973+0000] {logging_mixin.py:190} WARNING - /home/***/.local/lib/python3.12/site-packages/***/settings.py:209 DeprecationWarning: The sql_alchemy_conn option in [core] has been moved to the sql_alchemy_conn option in [database] - the old setting has been used, but please update your config.
[2025-07-16T19:11:48.077+0000] {task_command.py:467} INFO - Running <TaskInstance: turnstile_ml_pipeline.download_and_ingest manual__2025-07-16T19:07:19+00:00 [running]> on host e42e59698f90
[2025-07-16T19:11:48.294+0000] {taskinstance.py:3134} INFO - Exporting env vars: AIRFLOW_CTX_DAG_OWNER='***' AIRFLOW_CTX_DAG_ID='turnstile_ml_pipeline' AIRFLOW_CTX_TASK_ID='download_and_ingest' AIRFLOW_CTX_EXECUTION_DATE='2025-07-16T19:07:19+00:00' AIRFLOW_CTX_TRY_NUMBER='1' AIRFLOW_CTX_DAG_RUN_ID='manual__2025-07-16T19:07:19+00:00'
[2025-07-16T19:11:48.301+0000] {taskinstance.py:732} INFO - ::endgroup::
[2025-07-16T19:11:48.352+0000] {subprocess.py:78} INFO - Tmp dir root location: /tmp
[2025-07-16T19:11:48.356+0000] {subprocess.py:88} INFO - Running command: ['/usr/bin/bash', '-c', '\n            python /opt/***/pipeline/download_ingest.py                 --year 2022                 --month 7                 --start_day 1                 --end_day 2                 --user ***                 --password ***                 --host postgres                 --port 5432                 --db_name ny_sub_turnstiles                 --table_name raw_turnstile_data\n        ']
[2025-07-16T19:11:48.383+0000] {subprocess.py:99} INFO - Output:
[2025-07-16T19:11:53.412+0000] {subprocess.py:106} INFO - [INFO] Fetching data for dates: ['2022-07-01', '2022-07-02']
[2025-07-16T19:11:53.413+0000] {subprocess.py:106} INFO - [OK] Ingested 2000 rows into table 'raw_turnstile_data'
[2025-07-16T19:11:53.742+0000] {subprocess.py:110} INFO - Command exited with return code 0
[2025-07-16T19:11:53.897+0000] {taskinstance.py:341} INFO - ::group::Post task execution logs
[2025-07-16T19:11:53.901+0000] {taskinstance.py:353} INFO - Marking task as SUCCESS. dag_id=turnstile_ml_pipeline, task_id=download_and_ingest, run_id=manual__2025-07-16T19:07:19+00:00, execution_date=20250716T190719, start_date=20250716T191147, end_date=20250716T191153
[2025-07-16T19:11:54.037+0000] {local_task_job_runner.py:266} INFO - Task exited with return code 0
[2025-07-16T19:11:54.102+0000] {taskinstance.py:3901} INFO - 1 downstream tasks scheduled from follow-on schedule check
[2025-07-16T19:11:54.107+0000] {local_task_job_runner.py:245} INFO - ::endgroup::
