[2025-07-24T17:46:16.372+0000] {local_task_job_runner.py:123} INFO - ::group::Pre task execution logs
[2025-07-24T17:46:16.416+0000] {taskinstance.py:2614} INFO - Dependencies all met for dep_context=non-requeueable deps ti=<TaskInstance: turnstile_ml_pipeline.download_and_ingest scheduled__2025-07-23T00:00:00+00:00 [queued]>
[2025-07-24T17:46:16.444+0000] {taskinstance.py:2614} INFO - Dependencies all met for dep_context=requeueable deps ti=<TaskInstance: turnstile_ml_pipeline.download_and_ingest scheduled__2025-07-23T00:00:00+00:00 [queued]>
[2025-07-24T17:46:16.446+0000] {taskinstance.py:2867} INFO - Starting attempt 1 of 1
[2025-07-24T17:46:16.493+0000] {taskinstance.py:2890} INFO - Executing <Task(BashOperator): download_and_ingest> on 2025-07-23 00:00:00+00:00
[2025-07-24T17:46:16.514+0000] {logging_mixin.py:190} WARNING - /home/***/.local/lib/python3.12/site-packages/***/task/task_runner/standard_task_runner.py:70 DeprecationWarning: This process (pid=7414) is multi-threaded, use of fork() may lead to deadlocks in the child.
[2025-07-24T17:46:16.516+0000] {standard_task_runner.py:72} INFO - Started process 7422 to run task
[2025-07-24T17:46:16.527+0000] {standard_task_runner.py:104} INFO - Running: ['***', 'tasks', 'run', 'turnstile_ml_pipeline', 'download_and_ingest', 'scheduled__2025-07-23T00:00:00+00:00', '--job-id', '95', '--raw', '--subdir', 'DAGS_FOLDER/pipeline_dag.py', '--cfg-path', '/tmp/tmpai_lpxj4']
[2025-07-24T17:46:16.533+0000] {standard_task_runner.py:105} INFO - Job 95: Subtask download_and_ingest
[2025-07-24T17:46:16.574+0000] {logging_mixin.py:190} WARNING - /home/***/.local/lib/python3.12/site-packages/***/settings.py:209 DeprecationWarning: The sql_alchemy_conn option in [core] has been moved to the sql_alchemy_conn option in [database] - the old setting has been used, but please update your config.
[2025-07-24T17:46:16.693+0000] {task_command.py:467} INFO - Running <TaskInstance: turnstile_ml_pipeline.download_and_ingest scheduled__2025-07-23T00:00:00+00:00 [running]> on host e42e59698f90
[2025-07-24T17:46:16.698+0000] {logging_mixin.py:190} WARNING - /home/***/.local/lib/python3.12/site-packages/***/settings.py:470 DeprecationWarning: The sql_alchemy_conn option in [core] has been moved to the sql_alchemy_conn option in [database] - the old setting has been used, but please update your config.
[2025-07-24T17:46:16.988+0000] {taskinstance.py:3134} INFO - Exporting env vars: AIRFLOW_CTX_DAG_OWNER='***' AIRFLOW_CTX_DAG_ID='turnstile_ml_pipeline' AIRFLOW_CTX_TASK_ID='download_and_ingest' AIRFLOW_CTX_EXECUTION_DATE='2025-07-23T00:00:00+00:00' AIRFLOW_CTX_TRY_NUMBER='1' AIRFLOW_CTX_DAG_RUN_ID='scheduled__2025-07-23T00:00:00+00:00'
[2025-07-24T17:46:16.993+0000] {taskinstance.py:732} INFO - ::endgroup::
[2025-07-24T17:46:17.046+0000] {subprocess.py:78} INFO - Tmp dir root location: /tmp
[2025-07-24T17:46:17.049+0000] {subprocess.py:88} INFO - Running command: ['/usr/bin/bash', '-c', '\n            python /opt/***/pipeline/download_ingest.py                 --user ***                 --password ***                 --host postgres                 --port 5432                 --db_name ny_sub_turnstiles                 --table_name raw_turnstile_data\n        ']
[2025-07-24T17:46:17.082+0000] {subprocess.py:99} INFO - Output:
[2025-07-24T17:46:35.558+0000] {subprocess.py:106} INFO - 2025-07-24 17:46:21.153411+00:00
[2025-07-24T17:46:35.559+0000] {subprocess.py:106} INFO - [INFO] Fetching data for dates: ['2022-07-10', '2022-07-11', '2022-07-12', '2022-07-13', '2022-07-14', '2022-07-15', '2022-07-16', '2022-07-17', '2022-07-18', '2022-07-19', '2022-07-20', '2022-07-21', '2022-07-22', '2022-07-23']
[2025-07-24T17:46:35.560+0000] {subprocess.py:106} INFO - [OK] Ingested 14000 rows into table 'raw_turnstile_data'
[2025-07-24T17:46:35.854+0000] {subprocess.py:110} INFO - Command exited with return code 0
[2025-07-24T17:46:35.931+0000] {taskinstance.py:341} INFO - ::group::Post task execution logs
[2025-07-24T17:46:35.933+0000] {taskinstance.py:353} INFO - Marking task as SUCCESS. dag_id=turnstile_ml_pipeline, task_id=download_and_ingest, run_id=scheduled__2025-07-23T00:00:00+00:00, execution_date=20250723T000000, start_date=20250724T174616, end_date=20250724T174635
[2025-07-24T17:46:36.028+0000] {local_task_job_runner.py:266} INFO - Task exited with return code 0
[2025-07-24T17:46:36.084+0000] {taskinstance.py:3901} INFO - 1 downstream tasks scheduled from follow-on schedule check
[2025-07-24T17:46:36.093+0000] {local_task_job_runner.py:245} INFO - ::endgroup::
