[2025-07-13T10:50:14.522+0000] {logging_mixin.py:154} INFO - Changing /opt/***/logs/dag_id=turnstile_ml_pipeline/run_id=scheduled__2025-07-12T00:00:00+00:00/task_id=download_and_ingest permission to 509
[2025-07-13T10:50:14.534+0000] {logging_mixin.py:154} INFO - Failed to change /opt/***/logs/dag_id=turnstile_ml_pipeline/run_id=scheduled__2025-07-12T00:00:00+00:00/task_id=download_and_ingest permission to 509: [Errno 1] Operation not permitted: '/opt/***/logs/dag_id=turnstile_ml_pipeline/run_id=scheduled__2025-07-12T00:00:00+00:00/task_id=download_and_ingest'
[2025-07-13T10:50:14.828+0000] {logging_mixin.py:154} INFO - Changing /opt/***/logs/dag_id=turnstile_ml_pipeline/run_id=scheduled__2025-07-12T00:00:00+00:00/task_id=download_and_ingest permission to 509
[2025-07-13T10:50:14.841+0000] {logging_mixin.py:154} INFO - Failed to change /opt/***/logs/dag_id=turnstile_ml_pipeline/run_id=scheduled__2025-07-12T00:00:00+00:00/task_id=download_and_ingest permission to 509: [Errno 1] Operation not permitted: '/opt/***/logs/dag_id=turnstile_ml_pipeline/run_id=scheduled__2025-07-12T00:00:00+00:00/task_id=download_and_ingest'
[2025-07-13T10:50:15.125+0000] {taskinstance.py:1159} INFO - Dependencies all met for dep_context=non-requeueable deps ti=<TaskInstance: turnstile_ml_pipeline.download_and_ingest scheduled__2025-07-12T00:00:00+00:00 [queued]>
[2025-07-13T10:50:15.233+0000] {taskinstance.py:1159} INFO - Dependencies all met for dep_context=requeueable deps ti=<TaskInstance: turnstile_ml_pipeline.download_and_ingest scheduled__2025-07-12T00:00:00+00:00 [queued]>
[2025-07-13T10:50:15.248+0000] {taskinstance.py:1361} INFO - Starting attempt 1 of 1
[2025-07-13T10:50:15.360+0000] {taskinstance.py:1382} INFO - Executing <Task(BashOperator): download_and_ingest> on 2025-07-12 00:00:00+00:00
[2025-07-13T10:50:15.440+0000] {standard_task_runner.py:57} INFO - Started process 1204 to run task
[2025-07-13T10:50:15.508+0000] {standard_task_runner.py:84} INFO - Running: ['***', 'tasks', 'run', 'turnstile_ml_pipeline', 'download_and_ingest', 'scheduled__2025-07-12T00:00:00+00:00', '--job-id', '23', '--raw', '--subdir', 'DAGS_FOLDER/pipeline_dag.py', '--cfg-path', '/tmp/tmpi3ciwq37']
[2025-07-13T10:50:15.523+0000] {standard_task_runner.py:85} INFO - Job 23: Subtask download_and_ingest
[2025-07-13T10:50:15.740+0000] {logging_mixin.py:154} WARNING - /home/***/.local/lib/python3.8/site-packages/***/settings.py:195 DeprecationWarning: The sql_alchemy_conn option in [core] has been moved to the sql_alchemy_conn option in [database] - the old setting has been used, but please update your config.
[2025-07-13T10:50:16.261+0000] {logging_mixin.py:154} INFO - Changing /opt/***/logs/dag_id=turnstile_ml_pipeline/run_id=scheduled__2025-07-12T00:00:00+00:00/task_id=download_and_ingest permission to 509
[2025-07-13T10:50:16.262+0000] {logging_mixin.py:154} INFO - Failed to change /opt/***/logs/dag_id=turnstile_ml_pipeline/run_id=scheduled__2025-07-12T00:00:00+00:00/task_id=download_and_ingest permission to 509: [Errno 1] Operation not permitted: '/opt/***/logs/dag_id=turnstile_ml_pipeline/run_id=scheduled__2025-07-12T00:00:00+00:00/task_id=download_and_ingest'
[2025-07-13T10:50:16.283+0000] {task_command.py:416} INFO - Running <TaskInstance: turnstile_ml_pipeline.download_and_ingest scheduled__2025-07-12T00:00:00+00:00 [running]> on host 961842f4d5ed
[2025-07-13T10:50:17.602+0000] {taskinstance.py:1662} INFO - Exporting env vars: AIRFLOW_CTX_DAG_OWNER='***' AIRFLOW_CTX_DAG_ID='turnstile_ml_pipeline' AIRFLOW_CTX_TASK_ID='download_and_ingest' AIRFLOW_CTX_EXECUTION_DATE='2025-07-12T00:00:00+00:00' AIRFLOW_CTX_TRY_NUMBER='1' AIRFLOW_CTX_DAG_RUN_ID='scheduled__2025-07-12T00:00:00+00:00'
[2025-07-13T10:50:17.629+0000] {subprocess.py:63} INFO - Tmp dir root location: /tmp
[2025-07-13T10:50:17.645+0000] {subprocess.py:75} INFO - Running command: ['/bin/bash', '-c', '\n            python /opt/***/pipeline/download_ingest.py                 --year 2022                 --month 6                 --start_day 28                 --end_day 29                 --user ***                 --password ***                 --host postgres                 --port 5432                 --db_name ny_sub_turnstiles                 --table_name raw_turnstile_data\n        ']
[2025-07-13T10:50:17.707+0000] {subprocess.py:86} INFO - Output:
[2025-07-13T10:50:37.621+0000] {subprocess.py:93} INFO - [INFO] Fetching data for dates: ['2022-06-28', '2022-06-29']
[2025-07-13T10:50:37.628+0000] {subprocess.py:93} INFO - [OK] Ingested 2000 rows into table 'raw_turnstile_data'
[2025-07-13T10:50:38.094+0000] {subprocess.py:97} INFO - Command exited with return code 0
[2025-07-13T10:50:38.209+0000] {taskinstance.py:1400} INFO - Marking task as SUCCESS. dag_id=turnstile_ml_pipeline, task_id=download_and_ingest, execution_date=20250712T000000, start_date=20250713T105015, end_date=20250713T105038
[2025-07-13T10:50:38.319+0000] {local_task_job_runner.py:228} INFO - Task exited with return code 0
[2025-07-13T10:50:38.449+0000] {taskinstance.py:2778} INFO - 1 downstream tasks scheduled from follow-on schedule check
[2025-07-13T11:28:58.587+0000] {local_task_job_runner.py:123} INFO - ::group::Pre task execution logs
[2025-07-13T11:28:58.614+0000] {taskinstance.py:2614} INFO - Dependencies all met for dep_context=non-requeueable deps ti=<TaskInstance: turnstile_ml_pipeline.download_and_ingest scheduled__2025-07-12T00:00:00+00:00 [queued]>
[2025-07-13T11:28:58.629+0000] {taskinstance.py:2614} INFO - Dependencies all met for dep_context=requeueable deps ti=<TaskInstance: turnstile_ml_pipeline.download_and_ingest scheduled__2025-07-12T00:00:00+00:00 [queued]>
[2025-07-13T11:28:58.630+0000] {taskinstance.py:2867} INFO - Starting attempt 1 of 1
[2025-07-13T11:28:58.658+0000] {taskinstance.py:2890} INFO - Executing <Task(BashOperator): download_and_ingest> on 2025-07-12 00:00:00+00:00
[2025-07-13T11:28:58.669+0000] {logging_mixin.py:190} WARNING - /home/***/.local/lib/python3.12/site-packages/***/task/task_runner/standard_task_runner.py:70 DeprecationWarning: This process (pid=29) is multi-threaded, use of fork() may lead to deadlocks in the child.
[2025-07-13T11:28:58.674+0000] {standard_task_runner.py:72} INFO - Started process 37 to run task
[2025-07-13T11:28:58.672+0000] {standard_task_runner.py:104} INFO - Running: ['***', 'tasks', 'run', 'turnstile_ml_pipeline', 'download_and_ingest', 'scheduled__2025-07-12T00:00:00+00:00', '--job-id', '2', '--raw', '--subdir', 'DAGS_FOLDER/pipeline_dag.py', '--cfg-path', '/tmp/tmp061w2cg4']
[2025-07-13T11:28:58.677+0000] {standard_task_runner.py:105} INFO - Job 2: Subtask download_and_ingest
[2025-07-13T11:28:58.700+0000] {logging_mixin.py:190} WARNING - /home/***/.local/lib/python3.12/site-packages/***/settings.py:209 DeprecationWarning: The sql_alchemy_conn option in [core] has been moved to the sql_alchemy_conn option in [database] - the old setting has been used, but please update your config.
[2025-07-13T11:28:58.777+0000] {task_command.py:467} INFO - Running <TaskInstance: turnstile_ml_pipeline.download_and_ingest scheduled__2025-07-12T00:00:00+00:00 [running]> on host 4113a1335f50
[2025-07-13T11:28:58.780+0000] {logging_mixin.py:190} WARNING - /home/***/.local/lib/python3.12/site-packages/***/settings.py:470 DeprecationWarning: The sql_alchemy_conn option in [core] has been moved to the sql_alchemy_conn option in [database] - the old setting has been used, but please update your config.
[2025-07-13T11:28:58.972+0000] {taskinstance.py:3134} INFO - Exporting env vars: AIRFLOW_CTX_DAG_OWNER='***' AIRFLOW_CTX_DAG_ID='turnstile_ml_pipeline' AIRFLOW_CTX_TASK_ID='download_and_ingest' AIRFLOW_CTX_EXECUTION_DATE='2025-07-12T00:00:00+00:00' AIRFLOW_CTX_TRY_NUMBER='1' AIRFLOW_CTX_DAG_RUN_ID='scheduled__2025-07-12T00:00:00+00:00'
[2025-07-13T11:28:58.975+0000] {taskinstance.py:732} INFO - ::endgroup::
[2025-07-13T11:28:59.057+0000] {subprocess.py:78} INFO - Tmp dir root location: /tmp
[2025-07-13T11:28:59.059+0000] {subprocess.py:88} INFO - Running command: ['/usr/bin/bash', '-c', '\n            python /opt/***/pipeline/download_ingest.py                 --year 2022                 --month 6                 --start_day 28                 --end_day 29                 --user ***                 --password ***                 --host postgres                 --port 5432                 --db_name ny_sub_turnstiles                 --table_name raw_turnstile_data\n        ']
[2025-07-13T11:28:59.071+0000] {subprocess.py:99} INFO - Output:
[2025-07-13T11:29:05.431+0000] {subprocess.py:106} INFO - [INFO] Fetching data for dates: ['2022-06-28', '2022-06-29']
[2025-07-13T11:29:05.436+0000] {subprocess.py:106} INFO - [OK] Ingested 2000 rows into table 'raw_turnstile_data'
[2025-07-13T11:29:05.649+0000] {subprocess.py:110} INFO - Command exited with return code 0
[2025-07-13T11:29:05.697+0000] {taskinstance.py:341} INFO - ::group::Post task execution logs
[2025-07-13T11:29:05.698+0000] {taskinstance.py:353} INFO - Marking task as SUCCESS. dag_id=turnstile_ml_pipeline, task_id=download_and_ingest, run_id=scheduled__2025-07-12T00:00:00+00:00, execution_date=20250712T000000, start_date=20250713T112858, end_date=20250713T112905
[2025-07-13T11:29:05.750+0000] {local_task_job_runner.py:266} INFO - Task exited with return code 0
[2025-07-13T11:29:05.809+0000] {taskinstance.py:3901} INFO - 1 downstream tasks scheduled from follow-on schedule check
[2025-07-13T11:29:05.812+0000] {local_task_job_runner.py:245} INFO - ::endgroup::
[2025-07-13T13:51:26.846+0000] {local_task_job_runner.py:123} INFO - ::group::Pre task execution logs
[2025-07-13T13:51:26.874+0000] {taskinstance.py:2614} INFO - Dependencies all met for dep_context=non-requeueable deps ti=<TaskInstance: turnstile_ml_pipeline.download_and_ingest scheduled__2025-07-12T00:00:00+00:00 [queued]>
[2025-07-13T13:51:26.887+0000] {taskinstance.py:2614} INFO - Dependencies all met for dep_context=requeueable deps ti=<TaskInstance: turnstile_ml_pipeline.download_and_ingest scheduled__2025-07-12T00:00:00+00:00 [queued]>
[2025-07-13T13:51:26.888+0000] {taskinstance.py:2867} INFO - Starting attempt 1 of 1
[2025-07-13T13:51:26.907+0000] {taskinstance.py:2890} INFO - Executing <Task(BashOperator): download_and_ingest> on 2025-07-12 00:00:00+00:00
[2025-07-13T13:51:26.922+0000] {logging_mixin.py:190} WARNING - /home/***/.local/lib/python3.12/site-packages/***/task/task_runner/standard_task_runner.py:70 DeprecationWarning: This process (pid=45) is multi-threaded, use of fork() may lead to deadlocks in the child.
[2025-07-13T13:51:26.922+0000] {standard_task_runner.py:104} INFO - Running: ['***', 'tasks', 'run', 'turnstile_ml_pipeline', 'download_and_ingest', 'scheduled__2025-07-12T00:00:00+00:00', '--job-id', '2', '--raw', '--subdir', 'DAGS_FOLDER/pipeline_dag.py', '--cfg-path', '/tmp/tmpwlachohe']
[2025-07-13T13:51:26.925+0000] {standard_task_runner.py:72} INFO - Started process 51 to run task
[2025-07-13T13:51:26.925+0000] {standard_task_runner.py:105} INFO - Job 2: Subtask download_and_ingest
[2025-07-13T13:51:26.950+0000] {logging_mixin.py:190} WARNING - /home/***/.local/lib/python3.12/site-packages/***/settings.py:209 DeprecationWarning: The sql_alchemy_conn option in [core] has been moved to the sql_alchemy_conn option in [database] - the old setting has been used, but please update your config.
[2025-07-13T13:51:27.004+0000] {task_command.py:467} INFO - Running <TaskInstance: turnstile_ml_pipeline.download_and_ingest scheduled__2025-07-12T00:00:00+00:00 [running]> on host 32b8035fd216
[2025-07-13T13:51:27.007+0000] {logging_mixin.py:190} WARNING - /home/***/.local/lib/python3.12/site-packages/***/settings.py:470 DeprecationWarning: The sql_alchemy_conn option in [core] has been moved to the sql_alchemy_conn option in [database] - the old setting has been used, but please update your config.
[2025-07-13T13:51:27.137+0000] {taskinstance.py:3134} INFO - Exporting env vars: AIRFLOW_CTX_DAG_OWNER='***' AIRFLOW_CTX_DAG_ID='turnstile_ml_pipeline' AIRFLOW_CTX_TASK_ID='download_and_ingest' AIRFLOW_CTX_EXECUTION_DATE='2025-07-12T00:00:00+00:00' AIRFLOW_CTX_TRY_NUMBER='1' AIRFLOW_CTX_DAG_RUN_ID='scheduled__2025-07-12T00:00:00+00:00'
[2025-07-13T13:51:27.139+0000] {taskinstance.py:732} INFO - ::endgroup::
[2025-07-13T13:51:27.201+0000] {subprocess.py:78} INFO - Tmp dir root location: /tmp
[2025-07-13T13:51:27.203+0000] {subprocess.py:88} INFO - Running command: ['/usr/bin/bash', '-c', '\n            python /opt/***/pipeline/download_ingest.py                 --year 2022                 --month 6                 --start_day 28                 --end_day 29                 --user ***                 --password ***                 --host postgres                 --port 5432                 --db_name ny_sub_turnstiles                 --table_name raw_turnstile_data\n        ']
[2025-07-13T13:51:27.219+0000] {subprocess.py:99} INFO - Output:
[2025-07-13T13:51:32.307+0000] {subprocess.py:106} INFO - [INFO] Fetching data for dates: ['2022-06-28', '2022-06-29']
[2025-07-13T13:51:32.308+0000] {subprocess.py:106} INFO - [OK] Ingested 2000 rows into table 'raw_turnstile_data'
[2025-07-13T13:51:32.493+0000] {subprocess.py:110} INFO - Command exited with return code 0
[2025-07-13T13:51:32.527+0000] {taskinstance.py:341} INFO - ::group::Post task execution logs
[2025-07-13T13:51:32.529+0000] {taskinstance.py:353} INFO - Marking task as SUCCESS. dag_id=turnstile_ml_pipeline, task_id=download_and_ingest, run_id=scheduled__2025-07-12T00:00:00+00:00, execution_date=20250712T000000, start_date=20250713T135126, end_date=20250713T135132
[2025-07-13T13:51:32.603+0000] {local_task_job_runner.py:266} INFO - Task exited with return code 0
[2025-07-13T13:51:32.661+0000] {taskinstance.py:3901} INFO - 1 downstream tasks scheduled from follow-on schedule check
[2025-07-13T13:51:32.665+0000] {local_task_job_runner.py:245} INFO - ::endgroup::
[2025-07-13T14:12:36.913+0000] {local_task_job_runner.py:123} INFO - ::group::Pre task execution logs
[2025-07-13T14:12:36.941+0000] {taskinstance.py:2614} INFO - Dependencies all met for dep_context=non-requeueable deps ti=<TaskInstance: turnstile_ml_pipeline.download_and_ingest scheduled__2025-07-12T00:00:00+00:00 [queued]>
[2025-07-13T14:12:36.957+0000] {taskinstance.py:2614} INFO - Dependencies all met for dep_context=requeueable deps ti=<TaskInstance: turnstile_ml_pipeline.download_and_ingest scheduled__2025-07-12T00:00:00+00:00 [queued]>
[2025-07-13T14:12:36.958+0000] {taskinstance.py:2867} INFO - Starting attempt 1 of 1
[2025-07-13T14:12:36.982+0000] {taskinstance.py:2890} INFO - Executing <Task(BashOperator): download_and_ingest> on 2025-07-12 00:00:00+00:00
[2025-07-13T14:12:36.997+0000] {logging_mixin.py:190} WARNING - /home/***/.local/lib/python3.12/site-packages/***/task/task_runner/standard_task_runner.py:70 DeprecationWarning: This process (pid=48) is multi-threaded, use of fork() may lead to deadlocks in the child.
[2025-07-13T14:12:36.996+0000] {standard_task_runner.py:104} INFO - Running: ['***', 'tasks', 'run', 'turnstile_ml_pipeline', 'download_and_ingest', 'scheduled__2025-07-12T00:00:00+00:00', '--job-id', '2', '--raw', '--subdir', 'DAGS_FOLDER/pipeline_dag.py', '--cfg-path', '/tmp/tmplvm_tz_3']
[2025-07-13T14:12:37.000+0000] {standard_task_runner.py:72} INFO - Started process 54 to run task
[2025-07-13T14:12:37.000+0000] {standard_task_runner.py:105} INFO - Job 2: Subtask download_and_ingest
[2025-07-13T14:12:37.028+0000] {logging_mixin.py:190} WARNING - /home/***/.local/lib/python3.12/site-packages/***/settings.py:209 DeprecationWarning: The sql_alchemy_conn option in [core] has been moved to the sql_alchemy_conn option in [database] - the old setting has been used, but please update your config.
[2025-07-13T14:12:37.097+0000] {task_command.py:467} INFO - Running <TaskInstance: turnstile_ml_pipeline.download_and_ingest scheduled__2025-07-12T00:00:00+00:00 [running]> on host 7bf41c76e92f
[2025-07-13T14:12:37.099+0000] {logging_mixin.py:190} WARNING - /home/***/.local/lib/python3.12/site-packages/***/settings.py:470 DeprecationWarning: The sql_alchemy_conn option in [core] has been moved to the sql_alchemy_conn option in [database] - the old setting has been used, but please update your config.
[2025-07-13T14:12:37.225+0000] {taskinstance.py:3134} INFO - Exporting env vars: AIRFLOW_CTX_DAG_OWNER='***' AIRFLOW_CTX_DAG_ID='turnstile_ml_pipeline' AIRFLOW_CTX_TASK_ID='download_and_ingest' AIRFLOW_CTX_EXECUTION_DATE='2025-07-12T00:00:00+00:00' AIRFLOW_CTX_TRY_NUMBER='1' AIRFLOW_CTX_DAG_RUN_ID='scheduled__2025-07-12T00:00:00+00:00'
[2025-07-13T14:12:37.227+0000] {taskinstance.py:732} INFO - ::endgroup::
[2025-07-13T14:12:37.291+0000] {subprocess.py:78} INFO - Tmp dir root location: /tmp
[2025-07-13T14:12:37.293+0000] {subprocess.py:88} INFO - Running command: ['/usr/bin/bash', '-c', '\n            python /opt/***/pipeline/download_ingest.py                 --year 2022                 --month 6                 --start_day 28                 --end_day 29                 --user ***                 --password ***                 --host postgres                 --port 5432                 --db_name ny_sub_turnstiles                 --table_name raw_turnstile_data\n        ']
[2025-07-13T14:12:37.317+0000] {subprocess.py:99} INFO - Output:
[2025-07-13T14:12:42.202+0000] {subprocess.py:106} INFO - [INFO] Fetching data for dates: ['2022-06-28', '2022-06-29']
[2025-07-13T14:12:42.203+0000] {subprocess.py:106} INFO - [OK] Ingested 2000 rows into table 'raw_turnstile_data'
[2025-07-13T14:12:42.417+0000] {subprocess.py:110} INFO - Command exited with return code 0
[2025-07-13T14:12:42.451+0000] {taskinstance.py:341} INFO - ::group::Post task execution logs
[2025-07-13T14:12:42.452+0000] {taskinstance.py:353} INFO - Marking task as SUCCESS. dag_id=turnstile_ml_pipeline, task_id=download_and_ingest, run_id=scheduled__2025-07-12T00:00:00+00:00, execution_date=20250712T000000, start_date=20250713T141236, end_date=20250713T141242
[2025-07-13T14:12:42.525+0000] {local_task_job_runner.py:266} INFO - Task exited with return code 0
[2025-07-13T14:12:42.579+0000] {taskinstance.py:3901} INFO - 1 downstream tasks scheduled from follow-on schedule check
[2025-07-13T14:12:42.582+0000] {local_task_job_runner.py:245} INFO - ::endgroup::
[2025-07-13T16:17:30.594+0000] {local_task_job_runner.py:123} INFO - ::group::Pre task execution logs
[2025-07-13T16:17:30.623+0000] {taskinstance.py:2614} INFO - Dependencies all met for dep_context=non-requeueable deps ti=<TaskInstance: turnstile_ml_pipeline.download_and_ingest scheduled__2025-07-12T00:00:00+00:00 [queued]>
[2025-07-13T16:17:30.641+0000] {taskinstance.py:2614} INFO - Dependencies all met for dep_context=requeueable deps ti=<TaskInstance: turnstile_ml_pipeline.download_and_ingest scheduled__2025-07-12T00:00:00+00:00 [queued]>
[2025-07-13T16:17:30.642+0000] {taskinstance.py:2867} INFO - Starting attempt 1 of 1
[2025-07-13T16:17:30.667+0000] {taskinstance.py:2890} INFO - Executing <Task(BashOperator): download_and_ingest> on 2025-07-12 00:00:00+00:00
[2025-07-13T16:17:30.678+0000] {logging_mixin.py:190} WARNING - /home/***/.local/lib/python3.12/site-packages/***/task/task_runner/standard_task_runner.py:70 DeprecationWarning: This process (pid=102) is multi-threaded, use of fork() may lead to deadlocks in the child.
[2025-07-13T16:17:30.681+0000] {standard_task_runner.py:72} INFO - Started process 110 to run task
[2025-07-13T16:17:30.680+0000] {standard_task_runner.py:104} INFO - Running: ['***', 'tasks', 'run', 'turnstile_ml_pipeline', 'download_and_ingest', 'scheduled__2025-07-12T00:00:00+00:00', '--job-id', '2', '--raw', '--subdir', 'DAGS_FOLDER/pipeline_dag.py', '--cfg-path', '/tmp/tmp_baok9gk']
[2025-07-13T16:17:30.688+0000] {standard_task_runner.py:105} INFO - Job 2: Subtask download_and_ingest
[2025-07-13T16:17:30.715+0000] {logging_mixin.py:190} WARNING - /home/***/.local/lib/python3.12/site-packages/***/settings.py:209 DeprecationWarning: The sql_alchemy_conn option in [core] has been moved to the sql_alchemy_conn option in [database] - the old setting has been used, but please update your config.
[2025-07-13T16:17:30.790+0000] {task_command.py:467} INFO - Running <TaskInstance: turnstile_ml_pipeline.download_and_ingest scheduled__2025-07-12T00:00:00+00:00 [running]> on host 6011aa489c7f
[2025-07-13T16:17:30.792+0000] {logging_mixin.py:190} WARNING - /home/***/.local/lib/python3.12/site-packages/***/settings.py:470 DeprecationWarning: The sql_alchemy_conn option in [core] has been moved to the sql_alchemy_conn option in [database] - the old setting has been used, but please update your config.
[2025-07-13T16:17:30.957+0000] {taskinstance.py:3134} INFO - Exporting env vars: AIRFLOW_CTX_DAG_OWNER='***' AIRFLOW_CTX_DAG_ID='turnstile_ml_pipeline' AIRFLOW_CTX_TASK_ID='download_and_ingest' AIRFLOW_CTX_EXECUTION_DATE='2025-07-12T00:00:00+00:00' AIRFLOW_CTX_TRY_NUMBER='1' AIRFLOW_CTX_DAG_RUN_ID='scheduled__2025-07-12T00:00:00+00:00'
[2025-07-13T16:17:30.959+0000] {taskinstance.py:732} INFO - ::endgroup::
[2025-07-13T16:17:31.042+0000] {subprocess.py:78} INFO - Tmp dir root location: /tmp
[2025-07-13T16:17:31.043+0000] {subprocess.py:88} INFO - Running command: ['/usr/bin/bash', '-c', '\n            python /opt/***/pipeline/download_ingest.py                 --year 2022                 --month 6                 --start_day 28                 --end_day 29                 --user ***                 --password ***                 --host postgres                 --port 5432                 --db_name ny_sub_turnstiles                 --table_name raw_turnstile_data\n        ']
[2025-07-13T16:17:31.068+0000] {subprocess.py:99} INFO - Output:
[2025-07-13T16:17:36.500+0000] {subprocess.py:106} INFO - [INFO] Fetching data for dates: ['2022-06-28', '2022-06-29']
[2025-07-13T16:17:36.501+0000] {subprocess.py:106} INFO - [OK] Ingested 2000 rows into table 'raw_turnstile_data'
[2025-07-13T16:17:36.650+0000] {subprocess.py:110} INFO - Command exited with return code 0
[2025-07-13T16:17:36.681+0000] {taskinstance.py:341} INFO - ::group::Post task execution logs
[2025-07-13T16:17:36.682+0000] {taskinstance.py:353} INFO - Marking task as SUCCESS. dag_id=turnstile_ml_pipeline, task_id=download_and_ingest, run_id=scheduled__2025-07-12T00:00:00+00:00, execution_date=20250712T000000, start_date=20250713T161730, end_date=20250713T161736
[2025-07-13T16:17:36.730+0000] {local_task_job_runner.py:266} INFO - Task exited with return code 0
[2025-07-13T16:17:36.768+0000] {taskinstance.py:3901} INFO - 1 downstream tasks scheduled from follow-on schedule check
[2025-07-13T16:17:36.771+0000] {local_task_job_runner.py:245} INFO - ::endgroup::
[2025-07-13T17:16:39.421+0000] {local_task_job_runner.py:123} INFO - ::group::Pre task execution logs
[2025-07-13T17:16:39.447+0000] {taskinstance.py:2614} INFO - Dependencies all met for dep_context=non-requeueable deps ti=<TaskInstance: turnstile_ml_pipeline.download_and_ingest scheduled__2025-07-12T00:00:00+00:00 [queued]>
[2025-07-13T17:16:39.462+0000] {taskinstance.py:2614} INFO - Dependencies all met for dep_context=requeueable deps ti=<TaskInstance: turnstile_ml_pipeline.download_and_ingest scheduled__2025-07-12T00:00:00+00:00 [queued]>
[2025-07-13T17:16:39.463+0000] {taskinstance.py:2867} INFO - Starting attempt 1 of 1
[2025-07-13T17:16:39.489+0000] {taskinstance.py:2890} INFO - Executing <Task(BashOperator): download_and_ingest> on 2025-07-12 00:00:00+00:00
[2025-07-13T17:16:39.502+0000] {logging_mixin.py:190} WARNING - /home/***/.local/lib/python3.12/site-packages/***/task/task_runner/standard_task_runner.py:70 DeprecationWarning: This process (pid=29) is multi-threaded, use of fork() may lead to deadlocks in the child.
[2025-07-13T17:16:39.518+0000] {standard_task_runner.py:72} INFO - Started process 35 to run task
[2025-07-13T17:16:39.516+0000] {standard_task_runner.py:104} INFO - Running: ['***', 'tasks', 'run', 'turnstile_ml_pipeline', 'download_and_ingest', 'scheduled__2025-07-12T00:00:00+00:00', '--job-id', '2', '--raw', '--subdir', 'DAGS_FOLDER/pipeline_dag.py', '--cfg-path', '/tmp/tmpw5ykd8yo']
[2025-07-13T17:16:39.524+0000] {standard_task_runner.py:105} INFO - Job 2: Subtask download_and_ingest
[2025-07-13T17:16:39.560+0000] {logging_mixin.py:190} WARNING - /home/***/.local/lib/python3.12/site-packages/***/settings.py:209 DeprecationWarning: The sql_alchemy_conn option in [core] has been moved to the sql_alchemy_conn option in [database] - the old setting has been used, but please update your config.
[2025-07-13T17:16:39.654+0000] {task_command.py:467} INFO - Running <TaskInstance: turnstile_ml_pipeline.download_and_ingest scheduled__2025-07-12T00:00:00+00:00 [running]> on host d84888688479
[2025-07-13T17:16:39.658+0000] {logging_mixin.py:190} WARNING - /home/***/.local/lib/python3.12/site-packages/***/settings.py:470 DeprecationWarning: The sql_alchemy_conn option in [core] has been moved to the sql_alchemy_conn option in [database] - the old setting has been used, but please update your config.
[2025-07-13T17:16:39.842+0000] {taskinstance.py:3134} INFO - Exporting env vars: AIRFLOW_CTX_DAG_OWNER='***' AIRFLOW_CTX_DAG_ID='turnstile_ml_pipeline' AIRFLOW_CTX_TASK_ID='download_and_ingest' AIRFLOW_CTX_EXECUTION_DATE='2025-07-12T00:00:00+00:00' AIRFLOW_CTX_TRY_NUMBER='1' AIRFLOW_CTX_DAG_RUN_ID='scheduled__2025-07-12T00:00:00+00:00'
[2025-07-13T17:16:39.845+0000] {taskinstance.py:732} INFO - ::endgroup::
[2025-07-13T17:16:39.928+0000] {subprocess.py:78} INFO - Tmp dir root location: /tmp
[2025-07-13T17:16:39.930+0000] {subprocess.py:88} INFO - Running command: ['/usr/bin/bash', '-c', '\n            python /opt/***/pipeline/download_ingest.py                 --year 2022                 --month 6                 --start_day 28                 --end_day 29                 --user ***                 --password ***                 --host postgres                 --port 5432                 --db_name ny_sub_turnstiles                 --table_name raw_turnstile_data\n        ']
[2025-07-13T17:16:39.943+0000] {subprocess.py:99} INFO - Output:
[2025-07-13T17:16:45.281+0000] {subprocess.py:106} INFO - [INFO] Fetching data for dates: ['2022-06-28', '2022-06-29']
[2025-07-13T17:16:45.282+0000] {subprocess.py:106} INFO - [OK] Ingested 2000 rows into table 'raw_turnstile_data'
[2025-07-13T17:16:45.486+0000] {subprocess.py:110} INFO - Command exited with return code 0
[2025-07-13T17:16:45.529+0000] {taskinstance.py:341} INFO - ::group::Post task execution logs
[2025-07-13T17:16:45.530+0000] {taskinstance.py:353} INFO - Marking task as SUCCESS. dag_id=turnstile_ml_pipeline, task_id=download_and_ingest, run_id=scheduled__2025-07-12T00:00:00+00:00, execution_date=20250712T000000, start_date=20250713T171639, end_date=20250713T171645
[2025-07-13T17:16:45.593+0000] {local_task_job_runner.py:266} INFO - Task exited with return code 0
[2025-07-13T17:16:45.640+0000] {taskinstance.py:3901} INFO - 1 downstream tasks scheduled from follow-on schedule check
[2025-07-13T17:16:45.643+0000] {local_task_job_runner.py:245} INFO - ::endgroup::
