[2025-07-14T09:31:23.908+0000] {local_task_job_runner.py:123} INFO - ::group::Pre task execution logs
[2025-07-14T09:31:23.965+0000] {taskinstance.py:2614} INFO - Dependencies all met for dep_context=non-requeueable deps ti=<TaskInstance: turnstile_ml_pipeline.download_and_ingest scheduled__2025-07-13T00:00:00+00:00 [queued]>
[2025-07-14T09:31:24.017+0000] {taskinstance.py:2614} INFO - Dependencies all met for dep_context=requeueable deps ti=<TaskInstance: turnstile_ml_pipeline.download_and_ingest scheduled__2025-07-13T00:00:00+00:00 [queued]>
[2025-07-14T09:31:24.019+0000] {taskinstance.py:2867} INFO - Starting attempt 1 of 1
[2025-07-14T09:31:24.061+0000] {taskinstance.py:2890} INFO - Executing <Task(BashOperator): download_and_ingest> on 2025-07-13 00:00:00+00:00
[2025-07-14T09:31:24.100+0000] {logging_mixin.py:190} WARNING - /home/***/.local/lib/python3.12/site-packages/***/task/task_runner/standard_task_runner.py:70 DeprecationWarning: This process (pid=838) is multi-threaded, use of fork() may lead to deadlocks in the child.
[2025-07-14T09:31:24.100+0000] {standard_task_runner.py:104} INFO - Running: ['***', 'tasks', 'run', 'turnstile_ml_pipeline', 'download_and_ingest', 'scheduled__2025-07-13T00:00:00+00:00', '--job-id', '16', '--raw', '--subdir', 'DAGS_FOLDER/pipeline_dag.py', '--cfg-path', '/tmp/tmpnio0lf7x']
[2025-07-14T09:31:24.108+0000] {standard_task_runner.py:72} INFO - Started process 846 to run task
[2025-07-14T09:31:24.109+0000] {standard_task_runner.py:105} INFO - Job 16: Subtask download_and_ingest
[2025-07-14T09:31:24.189+0000] {logging_mixin.py:190} WARNING - /home/***/.local/lib/python3.12/site-packages/***/settings.py:209 DeprecationWarning: The sql_alchemy_conn option in [core] has been moved to the sql_alchemy_conn option in [database] - the old setting has been used, but please update your config.
[2025-07-14T09:31:24.350+0000] {task_command.py:467} INFO - Running <TaskInstance: turnstile_ml_pipeline.download_and_ingest scheduled__2025-07-13T00:00:00+00:00 [running]> on host d84888688479
[2025-07-14T09:31:24.355+0000] {logging_mixin.py:190} WARNING - /home/***/.local/lib/python3.12/site-packages/***/settings.py:470 DeprecationWarning: The sql_alchemy_conn option in [core] has been moved to the sql_alchemy_conn option in [database] - the old setting has been used, but please update your config.
[2025-07-14T09:31:24.732+0000] {taskinstance.py:3134} INFO - Exporting env vars: AIRFLOW_CTX_DAG_OWNER='***' AIRFLOW_CTX_DAG_ID='turnstile_ml_pipeline' AIRFLOW_CTX_TASK_ID='download_and_ingest' AIRFLOW_CTX_EXECUTION_DATE='2025-07-13T00:00:00+00:00' AIRFLOW_CTX_TRY_NUMBER='1' AIRFLOW_CTX_DAG_RUN_ID='scheduled__2025-07-13T00:00:00+00:00'
[2025-07-14T09:31:24.744+0000] {taskinstance.py:732} INFO - ::endgroup::
[2025-07-14T09:31:24.852+0000] {subprocess.py:78} INFO - Tmp dir root location: /tmp
[2025-07-14T09:31:24.871+0000] {subprocess.py:88} INFO - Running command: ['/usr/bin/bash', '-c', '\n            python /opt/***/pipeline/download_ingest.py                 --year 2022                 --month 6                 --start_day 29                 --end_day 30                 --user ***                 --password ***                 --host postgres                 --port 5432                 --db_name ny_sub_turnstiles                 --table_name raw_turnstile_data\n        ']
[2025-07-14T09:31:24.925+0000] {subprocess.py:99} INFO - Output:
[2025-07-14T09:31:33.839+0000] {subprocess.py:106} INFO - [INFO] Fetching data for dates: ['2022-06-29', '2022-06-30']
[2025-07-14T09:31:33.840+0000] {subprocess.py:106} INFO - [OK] Ingested 2000 rows into table 'raw_turnstile_data'
[2025-07-14T09:31:34.071+0000] {subprocess.py:110} INFO - Command exited with return code 0
[2025-07-14T09:31:34.121+0000] {taskinstance.py:341} INFO - ::group::Post task execution logs
[2025-07-14T09:31:34.123+0000] {taskinstance.py:353} INFO - Marking task as SUCCESS. dag_id=turnstile_ml_pipeline, task_id=download_and_ingest, run_id=scheduled__2025-07-13T00:00:00+00:00, execution_date=20250713T000000, start_date=20250714T093123, end_date=20250714T093134
[2025-07-14T09:31:34.215+0000] {local_task_job_runner.py:266} INFO - Task exited with return code 0
[2025-07-14T09:31:34.273+0000] {taskinstance.py:3901} INFO - 1 downstream tasks scheduled from follow-on schedule check
[2025-07-14T09:31:34.276+0000] {local_task_job_runner.py:245} INFO - ::endgroup::
