[2025-08-06T12:46:08.526+0000] {local_task_job_runner.py:123} INFO - ::group::Pre task execution logs
[2025-08-06T12:46:08.559+0000] {taskinstance.py:2614} INFO - Dependencies all met for dep_context=non-requeueable deps ti=<TaskInstance: turnstile_ml_pipeline.train_model manual__2025-08-06T12:43:38.793230+00:00 [queued]>
[2025-08-06T12:46:08.577+0000] {taskinstance.py:2614} INFO - Dependencies all met for dep_context=requeueable deps ti=<TaskInstance: turnstile_ml_pipeline.train_model manual__2025-08-06T12:43:38.793230+00:00 [queued]>
[2025-08-06T12:46:08.578+0000] {taskinstance.py:2867} INFO - Starting attempt 1 of 1
[2025-08-06T12:46:08.600+0000] {taskinstance.py:2890} INFO - Executing <Task(BashOperator): train_model> on 2025-08-06 12:43:38.793230+00:00
[2025-08-06T12:46:08.609+0000] {standard_task_runner.py:72} INFO - Started process 148 to run task
[2025-08-06T12:46:08.613+0000] {standard_task_runner.py:104} INFO - Running: ['***', 'tasks', 'run', 'turnstile_ml_pipeline', 'train_model', 'manual__2025-08-06T12:43:38.793230+00:00', '--job-id', '115', '--raw', '--subdir', 'DAGS_FOLDER/turnstile_ml_pipeline.py', '--cfg-path', '/tmp/tmpsxn40jju']
[2025-08-06T12:46:08.617+0000] {standard_task_runner.py:105} INFO - Job 115: Subtask train_model
[2025-08-06T12:46:08.639+0000] {logging_mixin.py:190} WARNING - /home/***/.local/lib/python3.12/site-packages/***/settings.py:209 DeprecationWarning: The sql_alchemy_conn option in [core] has been moved to the sql_alchemy_conn option in [database] - the old setting has been used, but please update your config.
[2025-08-06T12:46:08.707+0000] {task_command.py:467} INFO - Running <TaskInstance: turnstile_ml_pipeline.train_model manual__2025-08-06T12:43:38.793230+00:00 [running]> on host affc5e3caa20
[2025-08-06T12:46:08.871+0000] {taskinstance.py:3134} INFO - Exporting env vars: AIRFLOW_CTX_DAG_OWNER='***' AIRFLOW_CTX_DAG_ID='turnstile_ml_pipeline' AIRFLOW_CTX_TASK_ID='train_model' AIRFLOW_CTX_EXECUTION_DATE='2025-08-06T12:43:38.793230+00:00' AIRFLOW_CTX_TRY_NUMBER='1' AIRFLOW_CTX_DAG_RUN_ID='manual__2025-08-06T12:43:38.793230+00:00'
[2025-08-06T12:46:08.872+0000] {taskinstance.py:732} INFO - ::endgroup::
[2025-08-06T12:46:08.914+0000] {subprocess.py:78} INFO - Tmp dir root location: /tmp
[2025-08-06T12:46:08.916+0000] {subprocess.py:88} INFO - Running command: ['/usr/bin/bash', '-c', '\n            python /opt/***/pipeline/train_register.py                             --user ***                 --password ***                 --host postgres                 --port 5432                 --db_name ny_sub_turnstiles                 --features_table turnstile_features         ']
[2025-08-06T12:46:08.934+0000] {subprocess.py:99} INFO - Output:
[2025-08-06T12:46:15.039+0000] {subprocess.py:106} INFO - 2025/08/06 12:46:15 WARNING mlflow.utils.git_utils: Failed to import Git (the Git executable is probably not on your PATH), so Git SHA is not available. Error: Failed to initialize: Bad git executable.
[2025-08-06T12:46:15.040+0000] {subprocess.py:106} INFO - The git executable must be specified in one of the following ways:
[2025-08-06T12:46:15.040+0000] {subprocess.py:106} INFO -     - be included in your $PATH
[2025-08-06T12:46:15.041+0000] {subprocess.py:106} INFO -     - be set via $GIT_PYTHON_GIT_EXECUTABLE
[2025-08-06T12:46:15.042+0000] {subprocess.py:106} INFO -     - explicitly set via git.refresh(<full-path-to-git-executable>)
[2025-08-06T12:46:15.043+0000] {subprocess.py:106} INFO - 
[2025-08-06T12:46:15.044+0000] {subprocess.py:106} INFO - All git commands will error until this is rectified.
[2025-08-06T12:46:15.044+0000] {subprocess.py:106} INFO - 
[2025-08-06T12:46:15.045+0000] {subprocess.py:106} INFO - This initial message can be silenced or aggravated in the future by setting the
[2025-08-06T12:46:15.046+0000] {subprocess.py:106} INFO - $GIT_PYTHON_REFRESH environment variable. Use one of the following values:
[2025-08-06T12:46:15.046+0000] {subprocess.py:106} INFO -     - quiet|q|silence|s|silent|none|n|0: for no message or exception
[2025-08-06T12:46:15.047+0000] {subprocess.py:106} INFO -     - warn|w|warning|log|l|1: for a warning message (logging level CRITICAL, displayed by default)
[2025-08-06T12:46:15.048+0000] {subprocess.py:106} INFO -     - error|e|exception|raise|r|2: for a raised exception
[2025-08-06T12:46:15.049+0000] {subprocess.py:106} INFO - 
[2025-08-06T12:46:15.050+0000] {subprocess.py:106} INFO - Example:
[2025-08-06T12:46:15.050+0000] {subprocess.py:106} INFO -     export GIT_PYTHON_REFRESH=quiet
[2025-08-06T12:46:15.051+0000] {subprocess.py:106} INFO - 
[2025-08-06T12:46:15.352+0000] {subprocess.py:106} INFO - 🏃 View run smiling-colt-413 at: http://mlflow:5000/#/experiments/2/runs/bdebf899d97d45bda6dc19f280b21f70
[2025-08-06T12:46:15.353+0000] {subprocess.py:106} INFO - 🧪 View experiment at: http://mlflow:5000/#/experiments/2
[2025-08-06T12:46:15.861+0000] {subprocess.py:110} INFO - Command exited with return code 0
[2025-08-06T12:46:15.904+0000] {taskinstance.py:341} INFO - ::group::Post task execution logs
[2025-08-06T12:46:15.905+0000] {taskinstance.py:353} INFO - Marking task as SUCCESS. dag_id=turnstile_ml_pipeline, task_id=train_model, run_id=manual__2025-08-06T12:43:38.793230+00:00, execution_date=20250806T124338, start_date=20250806T124608, end_date=20250806T124615
[2025-08-06T12:46:15.984+0000] {local_task_job_runner.py:266} INFO - Task exited with return code 0
[2025-08-06T12:46:16.032+0000] {taskinstance.py:3901} INFO - 1 downstream tasks scheduled from follow-on schedule check
[2025-08-06T12:46:16.035+0000] {local_task_job_runner.py:245} INFO - ::endgroup::
