[2025-07-10T01:17:39.111+0000] {logging_mixin.py:154} INFO - Changing /opt/***/logs/dag_id=turnstile_ml_pipeline/run_id=scheduled__2025-07-09T00:00:00+00:00/task_id=download_and_ingest permission to 509
[2025-07-10T01:17:39.112+0000] {logging_mixin.py:154} INFO - Failed to change /opt/***/logs/dag_id=turnstile_ml_pipeline/run_id=scheduled__2025-07-09T00:00:00+00:00/task_id=download_and_ingest permission to 509: [Errno 1] Operation not permitted: '/opt/***/logs/dag_id=turnstile_ml_pipeline/run_id=scheduled__2025-07-09T00:00:00+00:00/task_id=download_and_ingest'
[2025-07-10T01:17:39.201+0000] {logging_mixin.py:154} INFO - Changing /opt/***/logs/dag_id=turnstile_ml_pipeline/run_id=scheduled__2025-07-09T00:00:00+00:00/task_id=download_and_ingest permission to 509
[2025-07-10T01:17:39.203+0000] {logging_mixin.py:154} INFO - Failed to change /opt/***/logs/dag_id=turnstile_ml_pipeline/run_id=scheduled__2025-07-09T00:00:00+00:00/task_id=download_and_ingest permission to 509: [Errno 1] Operation not permitted: '/opt/***/logs/dag_id=turnstile_ml_pipeline/run_id=scheduled__2025-07-09T00:00:00+00:00/task_id=download_and_ingest'
[2025-07-10T01:17:39.357+0000] {taskinstance.py:1159} INFO - Dependencies all met for dep_context=non-requeueable deps ti=<TaskInstance: turnstile_ml_pipeline.download_and_ingest scheduled__2025-07-09T00:00:00+00:00 [queued]>
[2025-07-10T01:17:39.378+0000] {taskinstance.py:1159} INFO - Dependencies all met for dep_context=requeueable deps ti=<TaskInstance: turnstile_ml_pipeline.download_and_ingest scheduled__2025-07-09T00:00:00+00:00 [queued]>
[2025-07-10T01:17:39.379+0000] {taskinstance.py:1361} INFO - Starting attempt 1 of 1
[2025-07-10T01:17:39.423+0000] {taskinstance.py:1382} INFO - Executing <Task(BashOperator): download_and_ingest> on 2025-07-09 00:00:00+00:00
[2025-07-10T01:17:39.432+0000] {standard_task_runner.py:57} INFO - Started process 676 to run task
[2025-07-10T01:17:39.437+0000] {standard_task_runner.py:84} INFO - Running: ['***', 'tasks', 'run', 'turnstile_ml_pipeline', 'download_and_ingest', 'scheduled__2025-07-09T00:00:00+00:00', '--job-id', '13', '--raw', '--subdir', 'DAGS_FOLDER/pipeline_dag.py', '--cfg-path', '/tmp/tmp2q4mqh1o']
[2025-07-10T01:17:39.439+0000] {standard_task_runner.py:85} INFO - Job 13: Subtask download_and_ingest
[2025-07-10T01:17:39.496+0000] {logging_mixin.py:154} WARNING - /home/***/.local/lib/python3.8/site-packages/***/settings.py:195 DeprecationWarning: The sql_alchemy_conn option in [core] has been moved to the sql_alchemy_conn option in [database] - the old setting has been used, but please update your config.
[2025-07-10T01:17:39.617+0000] {logging_mixin.py:154} INFO - Changing /opt/***/logs/dag_id=turnstile_ml_pipeline/run_id=scheduled__2025-07-09T00:00:00+00:00/task_id=download_and_ingest permission to 509
[2025-07-10T01:17:39.618+0000] {logging_mixin.py:154} INFO - Failed to change /opt/***/logs/dag_id=turnstile_ml_pipeline/run_id=scheduled__2025-07-09T00:00:00+00:00/task_id=download_and_ingest permission to 509: [Errno 1] Operation not permitted: '/opt/***/logs/dag_id=turnstile_ml_pipeline/run_id=scheduled__2025-07-09T00:00:00+00:00/task_id=download_and_ingest'
[2025-07-10T01:17:39.628+0000] {task_command.py:416} INFO - Running <TaskInstance: turnstile_ml_pipeline.download_and_ingest scheduled__2025-07-09T00:00:00+00:00 [running]> on host 961842f4d5ed
[2025-07-10T01:17:39.936+0000] {taskinstance.py:1662} INFO - Exporting env vars: AIRFLOW_CTX_DAG_OWNER='***' AIRFLOW_CTX_DAG_ID='turnstile_ml_pipeline' AIRFLOW_CTX_TASK_ID='download_and_ingest' AIRFLOW_CTX_EXECUTION_DATE='2025-07-09T00:00:00+00:00' AIRFLOW_CTX_TRY_NUMBER='1' AIRFLOW_CTX_DAG_RUN_ID='scheduled__2025-07-09T00:00:00+00:00'
[2025-07-10T01:17:39.938+0000] {subprocess.py:63} INFO - Tmp dir root location: /tmp
[2025-07-10T01:17:39.943+0000] {subprocess.py:75} INFO - Running command: ['/bin/bash', '-c', '\n            python /opt/***/pipeline/download_ingest.py                 --year 2022                 --month 6                 --start_day 25                 --end_day 26                 --user ***                 --password ***                 --host postgres                 --port 5432                 --db_name ny_sub_turnstiles                 --table_name raw_turnstile_data\n        ']
[2025-07-10T01:17:39.986+0000] {subprocess.py:86} INFO - Output:
[2025-07-10T01:17:47.973+0000] {subprocess.py:93} INFO - [INFO] Fetching data for dates: ['2022-06-25', '2022-06-26']
[2025-07-10T01:17:47.974+0000] {subprocess.py:93} INFO - [OK] Ingested 2000 rows into table 'raw_turnstile_data'
[2025-07-10T01:17:48.407+0000] {subprocess.py:97} INFO - Command exited with return code 0
[2025-07-10T01:17:48.504+0000] {taskinstance.py:1400} INFO - Marking task as SUCCESS. dag_id=turnstile_ml_pipeline, task_id=download_and_ingest, execution_date=20250709T000000, start_date=20250710T011739, end_date=20250710T011748
[2025-07-10T01:17:48.602+0000] {local_task_job_runner.py:228} INFO - Task exited with return code 0
[2025-07-10T01:17:48.702+0000] {taskinstance.py:2778} INFO - 1 downstream tasks scheduled from follow-on schedule check
