[2025-07-18T07:25:01.060+0000] {local_task_job_runner.py:123} INFO - ::group::Pre task execution logs
[2025-07-18T07:25:01.110+0000] {taskinstance.py:2614} INFO - Dependencies all met for dep_context=non-requeueable deps ti=<TaskInstance: turnstile_ml_pipeline.train_model scheduled__2025-07-16T00:00:00+00:00 [queued]>
[2025-07-18T07:25:01.134+0000] {taskinstance.py:2614} INFO - Dependencies all met for dep_context=requeueable deps ti=<TaskInstance: turnstile_ml_pipeline.train_model scheduled__2025-07-16T00:00:00+00:00 [queued]>
[2025-07-18T07:25:01.135+0000] {taskinstance.py:2867} INFO - Starting attempt 1 of 1
[2025-07-18T07:25:01.173+0000] {taskinstance.py:2890} INFO - Executing <Task(BashOperator): train_model> on 2025-07-16 00:00:00+00:00
[2025-07-18T07:25:01.195+0000] {logging_mixin.py:190} WARNING - /home/***/.local/lib/python3.12/site-packages/***/task/task_runner/standard_task_runner.py:70 DeprecationWarning: This process (pid=835) is multi-threaded, use of fork() may lead to deadlocks in the child.
[2025-07-18T07:25:01.214+0000] {standard_task_runner.py:72} INFO - Started process 843 to run task
[2025-07-18T07:25:01.205+0000] {standard_task_runner.py:104} INFO - Running: ['***', 'tasks', 'run', 'turnstile_ml_pipeline', 'train_model', 'scheduled__2025-07-16T00:00:00+00:00', '--job-id', '27', '--raw', '--subdir', 'DAGS_FOLDER/pipeline_dag.py', '--cfg-path', '/tmp/tmpfqdsop78']
[2025-07-18T07:25:01.224+0000] {standard_task_runner.py:105} INFO - Job 27: Subtask train_model
[2025-07-18T07:25:01.265+0000] {logging_mixin.py:190} WARNING - /home/***/.local/lib/python3.12/site-packages/***/settings.py:209 DeprecationWarning: The sql_alchemy_conn option in [core] has been moved to the sql_alchemy_conn option in [database] - the old setting has been used, but please update your config.
[2025-07-18T07:25:01.419+0000] {task_command.py:467} INFO - Running <TaskInstance: turnstile_ml_pipeline.train_model scheduled__2025-07-16T00:00:00+00:00 [running]> on host e42e59698f90
[2025-07-18T07:25:01.426+0000] {logging_mixin.py:190} WARNING - /home/***/.local/lib/python3.12/site-packages/***/settings.py:470 DeprecationWarning: The sql_alchemy_conn option in [core] has been moved to the sql_alchemy_conn option in [database] - the old setting has been used, but please update your config.
[2025-07-18T07:25:01.622+0000] {taskinstance.py:3134} INFO - Exporting env vars: AIRFLOW_CTX_DAG_OWNER='***' AIRFLOW_CTX_DAG_ID='turnstile_ml_pipeline' AIRFLOW_CTX_TASK_ID='train_model' AIRFLOW_CTX_EXECUTION_DATE='2025-07-16T00:00:00+00:00' AIRFLOW_CTX_TRY_NUMBER='1' AIRFLOW_CTX_DAG_RUN_ID='scheduled__2025-07-16T00:00:00+00:00'
[2025-07-18T07:25:01.625+0000] {taskinstance.py:732} INFO - ::endgroup::
[2025-07-18T07:25:01.665+0000] {subprocess.py:78} INFO - Tmp dir root location: /tmp
[2025-07-18T07:25:01.668+0000] {subprocess.py:88} INFO - Running command: ['/usr/bin/bash', '-c', '\n            python /opt/***/pipeline/train_register.py                             --user ***                 --password ***                 --host postgres                 --port 5432                 --db_name ny_sub_turnstiles                 --features_table turnstile_features         ']
[2025-07-18T07:25:01.692+0000] {subprocess.py:99} INFO - Output:
[2025-07-18T07:25:09.540+0000] {subprocess.py:106} INFO - 2025/07/18 07:25:09 WARNING mlflow.utils.git_utils: Failed to import Git (the Git executable is probably not on your PATH), so Git SHA is not available. Error: Failed to initialize: Bad git executable.
[2025-07-18T07:25:09.542+0000] {subprocess.py:106} INFO - The git executable must be specified in one of the following ways:
[2025-07-18T07:25:09.543+0000] {subprocess.py:106} INFO -     - be included in your $PATH
[2025-07-18T07:25:09.544+0000] {subprocess.py:106} INFO -     - be set via $GIT_PYTHON_GIT_EXECUTABLE
[2025-07-18T07:25:09.546+0000] {subprocess.py:106} INFO -     - explicitly set via git.refresh(<full-path-to-git-executable>)
[2025-07-18T07:25:09.553+0000] {subprocess.py:106} INFO - 
[2025-07-18T07:25:09.555+0000] {subprocess.py:106} INFO - All git commands will error until this is rectified.
[2025-07-18T07:25:09.556+0000] {subprocess.py:106} INFO - 
[2025-07-18T07:25:09.557+0000] {subprocess.py:106} INFO - This initial message can be silenced or aggravated in the future by setting the
[2025-07-18T07:25:09.558+0000] {subprocess.py:106} INFO - $GIT_PYTHON_REFRESH environment variable. Use one of the following values:
[2025-07-18T07:25:09.559+0000] {subprocess.py:106} INFO -     - quiet|q|silence|s|silent|none|n|0: for no message or exception
[2025-07-18T07:25:09.560+0000] {subprocess.py:106} INFO -     - warn|w|warning|log|l|1: for a warning message (logging level CRITICAL, displayed by default)
[2025-07-18T07:25:09.561+0000] {subprocess.py:106} INFO -     - error|e|exception|raise|r|2: for a raised exception
[2025-07-18T07:25:09.561+0000] {subprocess.py:106} INFO - 
[2025-07-18T07:25:09.562+0000] {subprocess.py:106} INFO - Example:
[2025-07-18T07:25:09.563+0000] {subprocess.py:106} INFO -     export GIT_PYTHON_REFRESH=quiet
[2025-07-18T07:25:09.565+0000] {subprocess.py:106} INFO - 
[2025-07-18T07:25:13.654+0000] {subprocess.py:106} INFO - 🏃 View run adaptable-kit-552 at: http://mlflow:5000/#/experiments/2/runs/1cb53b568dc84345b1e7bd713a11252e
[2025-07-18T07:25:13.656+0000] {subprocess.py:106} INFO - 🧪 View experiment at: http://mlflow:5000/#/experiments/2
[2025-07-18T07:25:14.477+0000] {subprocess.py:110} INFO - Command exited with return code 0
[2025-07-18T07:25:14.534+0000] {taskinstance.py:341} INFO - ::group::Post task execution logs
[2025-07-18T07:25:14.536+0000] {taskinstance.py:353} INFO - Marking task as SUCCESS. dag_id=turnstile_ml_pipeline, task_id=train_model, run_id=scheduled__2025-07-16T00:00:00+00:00, execution_date=20250716T000000, start_date=20250718T072501, end_date=20250718T072514
[2025-07-18T07:25:14.625+0000] {local_task_job_runner.py:266} INFO - Task exited with return code 0
[2025-07-18T07:25:14.685+0000] {taskinstance.py:3901} INFO - 1 downstream tasks scheduled from follow-on schedule check
[2025-07-18T07:25:14.690+0000] {local_task_job_runner.py:245} INFO - ::endgroup::
