[2025-07-19T01:07:21.505+0000] {local_task_job_runner.py:123} INFO - ::group::Pre task execution logs
[2025-07-19T01:07:21.534+0000] {taskinstance.py:2614} INFO - Dependencies all met for dep_context=non-requeueable deps ti=<TaskInstance: turnstile_ml_pipeline.download_and_ingest scheduled__2025-07-18T00:00:00+00:00 [queued]>
[2025-07-19T01:07:21.546+0000] {taskinstance.py:2614} INFO - Dependencies all met for dep_context=requeueable deps ti=<TaskInstance: turnstile_ml_pipeline.download_and_ingest scheduled__2025-07-18T00:00:00+00:00 [queued]>
[2025-07-19T01:07:21.547+0000] {taskinstance.py:2867} INFO - Starting attempt 1 of 1
[2025-07-19T01:07:21.571+0000] {taskinstance.py:2890} INFO - Executing <Task(BashOperator): download_and_ingest> on 2025-07-18 00:00:00+00:00
[2025-07-19T01:07:21.588+0000] {logging_mixin.py:190} WARNING - /home/***/.local/lib/python3.12/site-packages/***/task/task_runner/standard_task_runner.py:70 DeprecationWarning: This process (pid=1517) is multi-threaded, use of fork() may lead to deadlocks in the child.
[2025-07-19T01:07:21.591+0000] {standard_task_runner.py:72} INFO - Started process 1525 to run task
[2025-07-19T01:07:21.591+0000] {standard_task_runner.py:104} INFO - Running: ['***', 'tasks', 'run', 'turnstile_ml_pipeline', 'download_and_ingest', 'scheduled__2025-07-18T00:00:00+00:00', '--job-id', '35', '--raw', '--subdir', 'DAGS_FOLDER/pipeline_dag.py', '--cfg-path', '/tmp/tmpi2pylr_p']
[2025-07-19T01:07:21.596+0000] {standard_task_runner.py:105} INFO - Job 35: Subtask download_and_ingest
[2025-07-19T01:07:21.617+0000] {logging_mixin.py:190} WARNING - /home/***/.local/lib/python3.12/site-packages/***/settings.py:209 DeprecationWarning: The sql_alchemy_conn option in [core] has been moved to the sql_alchemy_conn option in [database] - the old setting has been used, but please update your config.
[2025-07-19T01:07:21.686+0000] {task_command.py:467} INFO - Running <TaskInstance: turnstile_ml_pipeline.download_and_ingest scheduled__2025-07-18T00:00:00+00:00 [running]> on host e42e59698f90
[2025-07-19T01:07:21.689+0000] {logging_mixin.py:190} WARNING - /home/***/.local/lib/python3.12/site-packages/***/settings.py:470 DeprecationWarning: The sql_alchemy_conn option in [core] has been moved to the sql_alchemy_conn option in [database] - the old setting has been used, but please update your config.
[2025-07-19T01:07:21.803+0000] {taskinstance.py:3134} INFO - Exporting env vars: AIRFLOW_CTX_DAG_OWNER='***' AIRFLOW_CTX_DAG_ID='turnstile_ml_pipeline' AIRFLOW_CTX_TASK_ID='download_and_ingest' AIRFLOW_CTX_EXECUTION_DATE='2025-07-18T00:00:00+00:00' AIRFLOW_CTX_TRY_NUMBER='1' AIRFLOW_CTX_DAG_RUN_ID='scheduled__2025-07-18T00:00:00+00:00'
[2025-07-19T01:07:21.805+0000] {taskinstance.py:732} INFO - ::endgroup::
[2025-07-19T01:07:21.839+0000] {subprocess.py:78} INFO - Tmp dir root location: /tmp
[2025-07-19T01:07:21.842+0000] {subprocess.py:88} INFO - Running command: ['/usr/bin/bash', '-c', '\n            python /opt/***/pipeline/download_ingest.py                 --year 2022                 --month 7                 --start_day 4                 --end_day 5                 --user ***                 --password ***                 --host postgres                 --port 5432                 --db_name ny_sub_turnstiles                 --table_name raw_turnstile_data\n        ']
[2025-07-19T01:07:21.865+0000] {subprocess.py:99} INFO - Output:
[2025-07-19T09:07:18.532+0000] {job.py:229} INFO - Heartbeat recovered after 28797.12 seconds
[2025-07-19T09:33:43.670+0000] {job.py:229} INFO - Heartbeat recovered after 1585.23 seconds
[2025-07-19T09:33:47.230+0000] {subprocess.py:106} INFO - [INFO] Fetching data for dates: ['2022-07-04', '2022-07-05']
[2025-07-19T09:33:47.260+0000] {subprocess.py:106} INFO - [OK] Ingested 2000 rows into table 'raw_turnstile_data'
[2025-07-19T09:33:48.559+0000] {subprocess.py:110} INFO - Command exited with return code 0
[2025-07-19T09:33:48.690+0000] {taskinstance.py:341} INFO - ::group::Post task execution logs
[2025-07-19T09:33:48.702+0000] {taskinstance.py:353} INFO - Marking task as SUCCESS. dag_id=turnstile_ml_pipeline, task_id=download_and_ingest, run_id=scheduled__2025-07-18T00:00:00+00:00, execution_date=20250718T000000, start_date=20250719T010721, end_date=20250719T093348
[2025-07-19T09:33:49.276+0000] {local_task_job_runner.py:266} INFO - Task exited with return code 0
[2025-07-19T09:33:49.607+0000] {taskinstance.py:3901} INFO - 1 downstream tasks scheduled from follow-on schedule check
[2025-07-19T09:33:49.661+0000] {local_task_job_runner.py:245} INFO - ::endgroup::
