[2025-07-16T19:16:00.923+0000] {local_task_job_runner.py:123} INFO - ::group::Pre task execution logs
[2025-07-16T19:16:00.953+0000] {taskinstance.py:2614} INFO - Dependencies all met for dep_context=non-requeueable deps ti=<TaskInstance: turnstile_ml_pipeline.train_model manual__2025-07-16T19:07:19+00:00 [queued]>
[2025-07-16T19:16:00.970+0000] {taskinstance.py:2614} INFO - Dependencies all met for dep_context=requeueable deps ti=<TaskInstance: turnstile_ml_pipeline.train_model manual__2025-07-16T19:07:19+00:00 [queued]>
[2025-07-16T19:16:00.971+0000] {taskinstance.py:2867} INFO - Starting attempt 1 of 1
[2025-07-16T19:16:00.990+0000] {taskinstance.py:2890} INFO - Executing <Task(BashOperator): train_model> on 2025-07-16 19:07:19+00:00
[2025-07-16T19:16:01.005+0000] {logging_mixin.py:190} WARNING - /home/***/.local/lib/python3.12/site-packages/***/task/task_runner/standard_task_runner.py:70 DeprecationWarning: This process (pid=193) is multi-threaded, use of fork() may lead to deadlocks in the child.
[2025-07-16T19:16:01.006+0000] {standard_task_runner.py:72} INFO - Started process 199 to run task
[2025-07-16T19:16:01.005+0000] {standard_task_runner.py:104} INFO - Running: ['***', 'tasks', 'run', 'turnstile_ml_pipeline', 'train_model', 'manual__2025-07-16T19:07:19+00:00', '--job-id', '9', '--raw', '--subdir', 'DAGS_FOLDER/pipeline_dag.py', '--cfg-path', '/tmp/tmp5yvjeo3f']
[2025-07-16T19:16:01.009+0000] {standard_task_runner.py:105} INFO - Job 9: Subtask train_model
[2025-07-16T19:16:01.029+0000] {logging_mixin.py:190} WARNING - /home/***/.local/lib/python3.12/site-packages/***/settings.py:209 DeprecationWarning: The sql_alchemy_conn option in [core] has been moved to the sql_alchemy_conn option in [database] - the old setting has been used, but please update your config.
[2025-07-16T19:16:01.092+0000] {task_command.py:467} INFO - Running <TaskInstance: turnstile_ml_pipeline.train_model manual__2025-07-16T19:07:19+00:00 [running]> on host e42e59698f90
[2025-07-16T19:16:01.227+0000] {taskinstance.py:3134} INFO - Exporting env vars: AIRFLOW_CTX_DAG_OWNER='***' AIRFLOW_CTX_DAG_ID='turnstile_ml_pipeline' AIRFLOW_CTX_TASK_ID='train_model' AIRFLOW_CTX_EXECUTION_DATE='2025-07-16T19:07:19+00:00' AIRFLOW_CTX_TRY_NUMBER='1' AIRFLOW_CTX_DAG_RUN_ID='manual__2025-07-16T19:07:19+00:00'
[2025-07-16T19:16:01.229+0000] {taskinstance.py:732} INFO - ::endgroup::
[2025-07-16T19:16:01.252+0000] {subprocess.py:78} INFO - Tmp dir root location: /tmp
[2025-07-16T19:16:01.253+0000] {subprocess.py:88} INFO - Running command: ['/usr/bin/bash', '-c', '\n            python /opt/***/pipeline/train_register.py                             --user ***                 --password ***                 --host postgres                 --port 5432                 --db_name ny_sub_turnstiles                 --features_table turnstile_features         ']
[2025-07-16T19:16:01.270+0000] {subprocess.py:99} INFO - Output:
[2025-07-16T19:16:07.058+0000] {subprocess.py:106} INFO - 2025/07/16 19:16:07 WARNING mlflow.utils.git_utils: Failed to import Git (the Git executable is probably not on your PATH), so Git SHA is not available. Error: Failed to initialize: Bad git executable.
[2025-07-16T19:16:07.059+0000] {subprocess.py:106} INFO - The git executable must be specified in one of the following ways:
[2025-07-16T19:16:07.060+0000] {subprocess.py:106} INFO -     - be included in your $PATH
[2025-07-16T19:16:07.062+0000] {subprocess.py:106} INFO -     - be set via $GIT_PYTHON_GIT_EXECUTABLE
[2025-07-16T19:16:07.063+0000] {subprocess.py:106} INFO -     - explicitly set via git.refresh(<full-path-to-git-executable>)
[2025-07-16T19:16:07.064+0000] {subprocess.py:106} INFO - 
[2025-07-16T19:16:07.065+0000] {subprocess.py:106} INFO - All git commands will error until this is rectified.
[2025-07-16T19:16:07.066+0000] {subprocess.py:106} INFO - 
[2025-07-16T19:16:07.066+0000] {subprocess.py:106} INFO - This initial message can be silenced or aggravated in the future by setting the
[2025-07-16T19:16:07.067+0000] {subprocess.py:106} INFO - $GIT_PYTHON_REFRESH environment variable. Use one of the following values:
[2025-07-16T19:16:07.068+0000] {subprocess.py:106} INFO -     - quiet|q|silence|s|silent|none|n|0: for no message or exception
[2025-07-16T19:16:07.069+0000] {subprocess.py:106} INFO -     - warn|w|warning|log|l|1: for a warning message (logging level CRITICAL, displayed by default)
[2025-07-16T19:16:07.070+0000] {subprocess.py:106} INFO -     - error|e|exception|raise|r|2: for a raised exception
[2025-07-16T19:16:07.071+0000] {subprocess.py:106} INFO - 
[2025-07-16T19:16:07.072+0000] {subprocess.py:106} INFO - Example:
[2025-07-16T19:16:07.073+0000] {subprocess.py:106} INFO -     export GIT_PYTHON_REFRESH=quiet
[2025-07-16T19:16:07.074+0000] {subprocess.py:106} INFO - 
[2025-07-16T19:16:08.761+0000] {subprocess.py:106} INFO - 🏃 View run likeable-rat-329 at: http://mlflow:5000/#/experiments/2/runs/9669a422b93c404bb8b16ffa83684586
[2025-07-16T19:16:08.763+0000] {subprocess.py:106} INFO - 🧪 View experiment at: http://mlflow:5000/#/experiments/2
[2025-07-16T19:16:09.387+0000] {subprocess.py:110} INFO - Command exited with return code 0
[2025-07-16T19:16:09.437+0000] {taskinstance.py:341} INFO - ::group::Post task execution logs
[2025-07-16T19:16:09.439+0000] {taskinstance.py:353} INFO - Marking task as SUCCESS. dag_id=turnstile_ml_pipeline, task_id=train_model, run_id=manual__2025-07-16T19:07:19+00:00, execution_date=20250716T190719, start_date=20250716T191600, end_date=20250716T191609
[2025-07-16T19:16:09.533+0000] {local_task_job_runner.py:266} INFO - Task exited with return code 0
[2025-07-16T19:16:09.591+0000] {taskinstance.py:3901} INFO - 1 downstream tasks scheduled from follow-on schedule check
[2025-07-16T19:16:09.596+0000] {local_task_job_runner.py:245} INFO - ::endgroup::
