[2025-07-19T09:37:48.999+0000] {local_task_job_runner.py:123} INFO - ::group::Pre task execution logs
[2025-07-19T09:37:49.095+0000] {taskinstance.py:2614} INFO - Dependencies all met for dep_context=non-requeueable deps ti=<TaskInstance: turnstile_ml_pipeline.run_inference scheduled__2025-07-18T00:00:00+00:00 [queued]>
[2025-07-19T09:37:49.160+0000] {taskinstance.py:2614} INFO - Dependencies all met for dep_context=requeueable deps ti=<TaskInstance: turnstile_ml_pipeline.run_inference scheduled__2025-07-18T00:00:00+00:00 [queued]>
[2025-07-19T09:37:49.166+0000] {taskinstance.py:2867} INFO - Starting attempt 1 of 1
[2025-07-19T09:37:49.216+0000] {taskinstance.py:2890} INFO - Executing <Task(BashOperator): run_inference> on 2025-07-18 00:00:00+00:00
[2025-07-19T09:37:49.242+0000] {logging_mixin.py:190} WARNING - /home/***/.local/lib/python3.12/site-packages/***/task/task_runner/standard_task_runner.py:70 DeprecationWarning: This process (pid=1616) is multi-threaded, use of fork() may lead to deadlocks in the child.
[2025-07-19T09:37:49.254+0000] {standard_task_runner.py:72} INFO - Started process 1624 to run task
[2025-07-19T09:37:49.247+0000] {standard_task_runner.py:104} INFO - Running: ['***', 'tasks', 'run', 'turnstile_ml_pipeline', 'run_inference', 'scheduled__2025-07-18T00:00:00+00:00', '--job-id', '40', '--raw', '--subdir', 'DAGS_FOLDER/pipeline_dag.py', '--cfg-path', '/tmp/tmpzymln59_']
[2025-07-19T09:37:49.268+0000] {standard_task_runner.py:105} INFO - Job 40: Subtask run_inference
[2025-07-19T09:37:49.323+0000] {logging_mixin.py:190} WARNING - /home/***/.local/lib/python3.12/site-packages/***/settings.py:209 DeprecationWarning: The sql_alchemy_conn option in [core] has been moved to the sql_alchemy_conn option in [database] - the old setting has been used, but please update your config.
[2025-07-19T09:37:49.603+0000] {task_command.py:467} INFO - Running <TaskInstance: turnstile_ml_pipeline.run_inference scheduled__2025-07-18T00:00:00+00:00 [running]> on host e42e59698f90
[2025-07-19T09:37:49.608+0000] {logging_mixin.py:190} WARNING - /home/***/.local/lib/python3.12/site-packages/***/settings.py:470 DeprecationWarning: The sql_alchemy_conn option in [core] has been moved to the sql_alchemy_conn option in [database] - the old setting has been used, but please update your config.
[2025-07-19T09:37:49.894+0000] {taskinstance.py:3134} INFO - Exporting env vars: AIRFLOW_CTX_DAG_OWNER='***' AIRFLOW_CTX_DAG_ID='turnstile_ml_pipeline' AIRFLOW_CTX_TASK_ID='run_inference' AIRFLOW_CTX_EXECUTION_DATE='2025-07-18T00:00:00+00:00' AIRFLOW_CTX_TRY_NUMBER='1' AIRFLOW_CTX_DAG_RUN_ID='scheduled__2025-07-18T00:00:00+00:00'
[2025-07-19T09:37:49.903+0000] {taskinstance.py:732} INFO - ::endgroup::
[2025-07-19T09:37:49.964+0000] {subprocess.py:78} INFO - Tmp dir root location: /tmp
[2025-07-19T09:37:49.969+0000] {subprocess.py:88} INFO - Running command: ['/usr/bin/bash', '-c', '\n            python /opt/***/pipeline/inference.py                 --user ***                 --password ***                 --host postgres                 --port 5432                 --db_name ny_sub_turnstiles                 --inference_table inference_features                 --predictions_table predictions\n        ']
[2025-07-19T09:37:50.007+0000] {subprocess.py:99} INFO - Output:
[2025-07-19T09:38:01.704+0000] {subprocess.py:106} INFO -    group_key            datetime  ...  hour day_of_week
[2025-07-19T09:38:01.706+0000] {subprocess.py:106} INFO - 0  A002_R051 2022-07-06 00:00:00  ...     0           2
[2025-07-19T09:38:01.707+0000] {subprocess.py:106} INFO - 1  A002_R051 2022-07-06 01:00:00  ...     1           2
[2025-07-19T09:38:01.708+0000] {subprocess.py:106} INFO - 
[2025-07-19T09:38:01.709+0000] {subprocess.py:106} INFO - [2 rows x 8 columns]
[2025-07-19T09:38:01.709+0000] {subprocess.py:106} INFO - [OK] Saved 432 predictions to 'predictions'
[2025-07-19T09:38:02.512+0000] {subprocess.py:110} INFO - Command exited with return code 0
[2025-07-19T09:38:02.581+0000] {taskinstance.py:341} INFO - ::group::Post task execution logs
[2025-07-19T09:38:02.588+0000] {taskinstance.py:353} INFO - Marking task as SUCCESS. dag_id=turnstile_ml_pipeline, task_id=run_inference, run_id=scheduled__2025-07-18T00:00:00+00:00, execution_date=20250718T000000, start_date=20250719T093749, end_date=20250719T093802
[2025-07-19T09:38:02.689+0000] {local_task_job_runner.py:266} INFO - Task exited with return code 0
[2025-07-19T09:38:02.750+0000] {taskinstance.py:3901} INFO - 1 downstream tasks scheduled from follow-on schedule check
[2025-07-19T09:38:02.755+0000] {local_task_job_runner.py:245} INFO - ::endgroup::
