[2025-07-18T07:26:04.020+0000] {local_task_job_runner.py:123} INFO - ::group::Pre task execution logs
[2025-07-18T07:26:04.065+0000] {taskinstance.py:2614} INFO - Dependencies all met for dep_context=non-requeueable deps ti=<TaskInstance: turnstile_ml_pipeline.preprocess_inference scheduled__2025-07-17T00:00:00+00:00 [queued]>
[2025-07-18T07:26:04.087+0000] {taskinstance.py:2614} INFO - Dependencies all met for dep_context=requeueable deps ti=<TaskInstance: turnstile_ml_pipeline.preprocess_inference scheduled__2025-07-17T00:00:00+00:00 [queued]>
[2025-07-18T07:26:04.088+0000] {taskinstance.py:2867} INFO - Starting attempt 1 of 1
[2025-07-18T07:26:04.130+0000] {taskinstance.py:2890} INFO - Executing <Task(BashOperator): preprocess_inference> on 2025-07-17 00:00:00+00:00
[2025-07-18T07:26:04.162+0000] {logging_mixin.py:190} WARNING - /home/***/.local/lib/python3.12/site-packages/***/task/task_runner/standard_task_runner.py:70 DeprecationWarning: This process (pid=893) is multi-threaded, use of fork() may lead to deadlocks in the child.
[2025-07-18T07:26:04.165+0000] {standard_task_runner.py:72} INFO - Started process 901 to run task
[2025-07-18T07:26:04.161+0000] {standard_task_runner.py:104} INFO - Running: ['***', 'tasks', 'run', 'turnstile_ml_pipeline', 'preprocess_inference', 'scheduled__2025-07-17T00:00:00+00:00', '--job-id', '30', '--raw', '--subdir', 'DAGS_FOLDER/pipeline_dag.py', '--cfg-path', '/tmp/tmpixjhpdmo']
[2025-07-18T07:26:04.167+0000] {standard_task_runner.py:105} INFO - Job 30: Subtask preprocess_inference
[2025-07-18T07:26:04.194+0000] {logging_mixin.py:190} WARNING - /home/***/.local/lib/python3.12/site-packages/***/settings.py:209 DeprecationWarning: The sql_alchemy_conn option in [core] has been moved to the sql_alchemy_conn option in [database] - the old setting has been used, but please update your config.
[2025-07-18T07:26:04.272+0000] {task_command.py:467} INFO - Running <TaskInstance: turnstile_ml_pipeline.preprocess_inference scheduled__2025-07-17T00:00:00+00:00 [running]> on host e42e59698f90
[2025-07-18T07:26:04.276+0000] {logging_mixin.py:190} WARNING - /home/***/.local/lib/python3.12/site-packages/***/settings.py:470 DeprecationWarning: The sql_alchemy_conn option in [core] has been moved to the sql_alchemy_conn option in [database] - the old setting has been used, but please update your config.
[2025-07-18T07:26:04.425+0000] {taskinstance.py:3134} INFO - Exporting env vars: AIRFLOW_CTX_DAG_OWNER='***' AIRFLOW_CTX_DAG_ID='turnstile_ml_pipeline' AIRFLOW_CTX_TASK_ID='preprocess_inference' AIRFLOW_CTX_EXECUTION_DATE='2025-07-17T00:00:00+00:00' AIRFLOW_CTX_TRY_NUMBER='1' AIRFLOW_CTX_DAG_RUN_ID='scheduled__2025-07-17T00:00:00+00:00'
[2025-07-18T07:26:04.426+0000] {taskinstance.py:732} INFO - ::endgroup::
[2025-07-18T07:26:04.456+0000] {subprocess.py:78} INFO - Tmp dir root location: /tmp
[2025-07-18T07:26:04.459+0000] {subprocess.py:88} INFO - Running command: ['/usr/bin/bash', '-c', '\n            python /opt/***/pipeline/preprocess.py                 --user ***                 --password ***                 --host postgres                 --port 5432                 --db_name ny_sub_turnstiles                 --raw_table raw_turnstile_data                 --features_table turnstile_features                 --inference_table inference_features                 --mode inference\n        ']
[2025-07-18T07:26:04.485+0000] {subprocess.py:99} INFO - Output:
[2025-07-18T07:26:07.661+0000] {subprocess.py:106} INFO - Loaded (2000, 10)
[2025-07-18T07:26:07.663+0000] {subprocess.py:106} INFO - Aggregated df (266, 3)
[2025-07-18T07:26:07.663+0000] {subprocess.py:106} INFO - [OK] Saved 432 rows to 'inference_features'
[2025-07-18T07:26:07.888+0000] {subprocess.py:110} INFO - Command exited with return code 0
[2025-07-18T07:26:07.942+0000] {taskinstance.py:341} INFO - ::group::Post task execution logs
[2025-07-18T07:26:07.944+0000] {taskinstance.py:353} INFO - Marking task as SUCCESS. dag_id=turnstile_ml_pipeline, task_id=preprocess_inference, run_id=scheduled__2025-07-17T00:00:00+00:00, execution_date=20250717T000000, start_date=20250718T072604, end_date=20250718T072607
[2025-07-18T07:26:08.050+0000] {local_task_job_runner.py:266} INFO - Task exited with return code 0
[2025-07-18T07:26:08.148+0000] {taskinstance.py:3901} INFO - 1 downstream tasks scheduled from follow-on schedule check
[2025-07-18T07:26:08.152+0000] {local_task_job_runner.py:245} INFO - ::endgroup::
