[2025-04-02T09:04:38.740+0000] {processor.py:186} INFO - Started process (PID=100) to work on /home/airflow/.local/lib/python3.12/site-packages/airflow/example_dags/example_short_circuit_operator.py
[2025-04-02T09:04:38.742+0000] {processor.py:914} INFO - Processing file /home/airflow/.local/lib/python3.12/site-packages/airflow/example_dags/example_short_circuit_operator.py for tasks to queue
[2025-04-02T09:04:38.747+0000] {logging_mixin.py:190} INFO - [2025-04-02T09:04:38.746+0000] {dagbag.py:588} INFO - Filling up the DagBag from /home/airflow/.local/lib/python3.12/site-packages/airflow/example_dags/example_short_circuit_operator.py
[2025-04-02T09:04:38.763+0000] {processor.py:925} INFO - DAG(s) 'example_short_circuit_operator' retrieved from /home/airflow/.local/lib/python3.12/site-packages/airflow/example_dags/example_short_circuit_operator.py
[2025-04-02T09:04:38.980+0000] {logging_mixin.py:190} INFO - [2025-04-02T09:04:38.977+0000] {override.py:1912} INFO - Created Permission View: can delete on DAG:example_short_circuit_operator
[2025-04-02T09:04:39.002+0000] {logging_mixin.py:190} INFO - [2025-04-02T09:04:39.001+0000] {override.py:1912} INFO - Created Permission View: can edit on DAG:example_short_circuit_operator
[2025-04-02T09:04:39.014+0000] {logging_mixin.py:190} INFO - [2025-04-02T09:04:39.013+0000] {override.py:1912} INFO - Created Permission View: can read on DAG:example_short_circuit_operator
[2025-04-02T09:04:39.047+0000] {logging_mixin.py:190} INFO - [2025-04-02T09:04:39.046+0000] {override.py:1912} INFO - Created Permission View: can delete on DAG Run:example_short_circuit_operator
[2025-04-02T09:04:39.059+0000] {logging_mixin.py:190} INFO - [2025-04-02T09:04:39.058+0000] {override.py:1912} INFO - Created Permission View: menu access on DAG Run:example_short_circuit_operator
[2025-04-02T09:04:39.070+0000] {logging_mixin.py:190} INFO - [2025-04-02T09:04:39.070+0000] {override.py:1912} INFO - Created Permission View: can create on DAG Run:example_short_circuit_operator
[2025-04-02T09:04:39.087+0000] {logging_mixin.py:190} INFO - [2025-04-02T09:04:39.087+0000] {override.py:1912} INFO - Created Permission View: can read on DAG Run:example_short_circuit_operator
[2025-04-02T09:04:39.090+0000] {logging_mixin.py:190} INFO - [2025-04-02T09:04:39.089+0000] {dag.py:3239} INFO - Sync 1 DAGs
[2025-04-02T09:04:39.113+0000] {logging_mixin.py:190} INFO - [2025-04-02T09:04:39.113+0000] {dag.py:3262} INFO - Creating ORM DAG for example_short_circuit_operator
[2025-04-02T09:04:39.115+0000] {logging_mixin.py:190} INFO - [2025-04-02T09:04:39.115+0000] {dag.py:4180} INFO - Setting next_dagrun for example_short_circuit_operator to None, run_after=None
[2025-04-02T09:04:39.146+0000] {processor.py:208} INFO - Processing /home/airflow/.local/lib/python3.12/site-packages/airflow/example_dags/example_short_circuit_operator.py took 0.418 seconds
[2025-04-02T09:05:09.404+0000] {processor.py:186} INFO - Started process (PID=162) to work on /home/airflow/.local/lib/python3.12/site-packages/airflow/example_dags/example_short_circuit_operator.py
[2025-04-02T09:05:09.406+0000] {processor.py:914} INFO - Processing file /home/airflow/.local/lib/python3.12/site-packages/airflow/example_dags/example_short_circuit_operator.py for tasks to queue
[2025-04-02T09:05:09.408+0000] {logging_mixin.py:190} INFO - [2025-04-02T09:05:09.408+0000] {dagbag.py:588} INFO - Filling up the DagBag from /home/airflow/.local/lib/python3.12/site-packages/airflow/example_dags/example_short_circuit_operator.py
[2025-04-02T09:05:09.417+0000] {processor.py:925} INFO - DAG(s) 'example_short_circuit_operator' retrieved from /home/airflow/.local/lib/python3.12/site-packages/airflow/example_dags/example_short_circuit_operator.py
[2025-04-02T09:05:09.442+0000] {logging_mixin.py:190} INFO - [2025-04-02T09:05:09.441+0000] {dag.py:3239} INFO - Sync 1 DAGs
[2025-04-02T09:05:09.459+0000] {logging_mixin.py:190} INFO - [2025-04-02T09:05:09.459+0000] {dag.py:4180} INFO - Setting next_dagrun for example_short_circuit_operator to None, run_after=None
[2025-04-02T09:05:09.483+0000] {processor.py:208} INFO - Processing /home/airflow/.local/lib/python3.12/site-packages/airflow/example_dags/example_short_circuit_operator.py took 0.085 seconds
[2025-04-02T09:05:40.350+0000] {processor.py:186} INFO - Started process (PID=225) to work on /home/airflow/.local/lib/python3.12/site-packages/airflow/example_dags/example_short_circuit_operator.py
[2025-04-02T09:05:40.351+0000] {processor.py:914} INFO - Processing file /home/airflow/.local/lib/python3.12/site-packages/airflow/example_dags/example_short_circuit_operator.py for tasks to queue
[2025-04-02T09:05:40.355+0000] {logging_mixin.py:190} INFO - [2025-04-02T09:05:40.355+0000] {dagbag.py:588} INFO - Filling up the DagBag from /home/airflow/.local/lib/python3.12/site-packages/airflow/example_dags/example_short_circuit_operator.py
[2025-04-02T09:05:40.365+0000] {processor.py:925} INFO - DAG(s) 'example_short_circuit_operator' retrieved from /home/airflow/.local/lib/python3.12/site-packages/airflow/example_dags/example_short_circuit_operator.py
[2025-04-02T09:05:40.396+0000] {logging_mixin.py:190} INFO - [2025-04-02T09:05:40.396+0000] {dag.py:3239} INFO - Sync 1 DAGs
[2025-04-02T09:05:40.417+0000] {logging_mixin.py:190} INFO - [2025-04-02T09:05:40.416+0000] {dag.py:4180} INFO - Setting next_dagrun for example_short_circuit_operator to None, run_after=None
[2025-04-02T09:05:40.443+0000] {processor.py:208} INFO - Processing /home/airflow/.local/lib/python3.12/site-packages/airflow/example_dags/example_short_circuit_operator.py took 0.099 seconds
[2025-04-02T09:06:10.665+0000] {processor.py:186} INFO - Started process (PID=288) to work on /home/airflow/.local/lib/python3.12/site-packages/airflow/example_dags/example_short_circuit_operator.py
[2025-04-02T09:06:10.666+0000] {processor.py:914} INFO - Processing file /home/airflow/.local/lib/python3.12/site-packages/airflow/example_dags/example_short_circuit_operator.py for tasks to queue
[2025-04-02T09:06:10.671+0000] {logging_mixin.py:190} INFO - [2025-04-02T09:06:10.671+0000] {dagbag.py:588} INFO - Filling up the DagBag from /home/airflow/.local/lib/python3.12/site-packages/airflow/example_dags/example_short_circuit_operator.py
[2025-04-02T09:06:10.686+0000] {processor.py:925} INFO - DAG(s) 'example_short_circuit_operator' retrieved from /home/airflow/.local/lib/python3.12/site-packages/airflow/example_dags/example_short_circuit_operator.py
[2025-04-02T09:06:10.722+0000] {logging_mixin.py:190} INFO - [2025-04-02T09:06:10.722+0000] {dag.py:3239} INFO - Sync 1 DAGs
[2025-04-02T09:06:10.741+0000] {logging_mixin.py:190} INFO - [2025-04-02T09:06:10.740+0000] {dag.py:4180} INFO - Setting next_dagrun for example_short_circuit_operator to None, run_after=None
[2025-04-02T09:06:10.774+0000] {processor.py:208} INFO - Processing /home/airflow/.local/lib/python3.12/site-packages/airflow/example_dags/example_short_circuit_operator.py took 0.120 seconds
[2025-04-02T09:06:41.382+0000] {processor.py:186} INFO - Started process (PID=351) to work on /home/airflow/.local/lib/python3.12/site-packages/airflow/example_dags/example_short_circuit_operator.py
[2025-04-02T09:06:41.383+0000] {processor.py:914} INFO - Processing file /home/airflow/.local/lib/python3.12/site-packages/airflow/example_dags/example_short_circuit_operator.py for tasks to queue
[2025-04-02T09:06:41.387+0000] {logging_mixin.py:190} INFO - [2025-04-02T09:06:41.386+0000] {dagbag.py:588} INFO - Filling up the DagBag from /home/airflow/.local/lib/python3.12/site-packages/airflow/example_dags/example_short_circuit_operator.py
[2025-04-02T09:06:41.396+0000] {processor.py:925} INFO - DAG(s) 'example_short_circuit_operator' retrieved from /home/airflow/.local/lib/python3.12/site-packages/airflow/example_dags/example_short_circuit_operator.py
[2025-04-02T09:06:41.424+0000] {logging_mixin.py:190} INFO - [2025-04-02T09:06:41.424+0000] {dag.py:3239} INFO - Sync 1 DAGs
[2025-04-02T09:06:41.442+0000] {logging_mixin.py:190} INFO - [2025-04-02T09:06:41.442+0000] {dag.py:4180} INFO - Setting next_dagrun for example_short_circuit_operator to None, run_after=None
[2025-04-02T09:06:41.470+0000] {processor.py:208} INFO - Processing /home/airflow/.local/lib/python3.12/site-packages/airflow/example_dags/example_short_circuit_operator.py took 0.094 seconds
[2025-04-02T09:07:11.606+0000] {processor.py:186} INFO - Started process (PID=413) to work on /home/airflow/.local/lib/python3.12/site-packages/airflow/example_dags/example_short_circuit_operator.py
[2025-04-02T09:07:11.607+0000] {processor.py:914} INFO - Processing file /home/airflow/.local/lib/python3.12/site-packages/airflow/example_dags/example_short_circuit_operator.py for tasks to queue
[2025-04-02T09:07:11.614+0000] {logging_mixin.py:190} INFO - [2025-04-02T09:07:11.612+0000] {dagbag.py:588} INFO - Filling up the DagBag from /home/airflow/.local/lib/python3.12/site-packages/airflow/example_dags/example_short_circuit_operator.py
[2025-04-02T09:07:11.628+0000] {processor.py:925} INFO - DAG(s) 'example_short_circuit_operator' retrieved from /home/airflow/.local/lib/python3.12/site-packages/airflow/example_dags/example_short_circuit_operator.py
[2025-04-02T09:07:11.682+0000] {logging_mixin.py:190} INFO - [2025-04-02T09:07:11.681+0000] {dag.py:3239} INFO - Sync 1 DAGs
[2025-04-02T09:07:11.704+0000] {logging_mixin.py:190} INFO - [2025-04-02T09:07:11.704+0000] {dag.py:4180} INFO - Setting next_dagrun for example_short_circuit_operator to None, run_after=None
[2025-04-02T09:07:11.738+0000] {processor.py:208} INFO - Processing /home/airflow/.local/lib/python3.12/site-packages/airflow/example_dags/example_short_circuit_operator.py took 0.139 seconds
[2025-04-02T09:07:41.945+0000] {processor.py:186} INFO - Started process (PID=476) to work on /home/airflow/.local/lib/python3.12/site-packages/airflow/example_dags/example_short_circuit_operator.py
[2025-04-02T09:07:41.946+0000] {processor.py:914} INFO - Processing file /home/airflow/.local/lib/python3.12/site-packages/airflow/example_dags/example_short_circuit_operator.py for tasks to queue
[2025-04-02T09:07:41.949+0000] {logging_mixin.py:190} INFO - [2025-04-02T09:07:41.948+0000] {dagbag.py:588} INFO - Filling up the DagBag from /home/airflow/.local/lib/python3.12/site-packages/airflow/example_dags/example_short_circuit_operator.py
[2025-04-02T09:07:41.958+0000] {processor.py:925} INFO - DAG(s) 'example_short_circuit_operator' retrieved from /home/airflow/.local/lib/python3.12/site-packages/airflow/example_dags/example_short_circuit_operator.py
[2025-04-02T09:07:41.988+0000] {logging_mixin.py:190} INFO - [2025-04-02T09:07:41.988+0000] {dag.py:3239} INFO - Sync 1 DAGs
[2025-04-02T09:07:42.007+0000] {logging_mixin.py:190} INFO - [2025-04-02T09:07:42.007+0000] {dag.py:4180} INFO - Setting next_dagrun for example_short_circuit_operator to None, run_after=None
[2025-04-02T09:07:42.028+0000] {processor.py:208} INFO - Processing /home/airflow/.local/lib/python3.12/site-packages/airflow/example_dags/example_short_circuit_operator.py took 0.089 seconds
[2025-04-02T09:08:12.203+0000] {processor.py:186} INFO - Started process (PID=539) to work on /home/airflow/.local/lib/python3.12/site-packages/airflow/example_dags/example_short_circuit_operator.py
[2025-04-02T09:08:12.204+0000] {processor.py:914} INFO - Processing file /home/airflow/.local/lib/python3.12/site-packages/airflow/example_dags/example_short_circuit_operator.py for tasks to queue
[2025-04-02T09:08:12.208+0000] {logging_mixin.py:190} INFO - [2025-04-02T09:08:12.207+0000] {dagbag.py:588} INFO - Filling up the DagBag from /home/airflow/.local/lib/python3.12/site-packages/airflow/example_dags/example_short_circuit_operator.py
[2025-04-02T09:08:12.219+0000] {processor.py:925} INFO - DAG(s) 'example_short_circuit_operator' retrieved from /home/airflow/.local/lib/python3.12/site-packages/airflow/example_dags/example_short_circuit_operator.py
[2025-04-02T09:08:12.257+0000] {logging_mixin.py:190} INFO - [2025-04-02T09:08:12.257+0000] {dag.py:3239} INFO - Sync 1 DAGs
[2025-04-02T09:08:12.280+0000] {logging_mixin.py:190} INFO - [2025-04-02T09:08:12.280+0000] {dag.py:4180} INFO - Setting next_dagrun for example_short_circuit_operator to None, run_after=None
[2025-04-02T09:08:12.312+0000] {processor.py:208} INFO - Processing /home/airflow/.local/lib/python3.12/site-packages/airflow/example_dags/example_short_circuit_operator.py took 0.117 seconds
[2025-04-02T09:08:43.221+0000] {processor.py:186} INFO - Started process (PID=606) to work on /home/airflow/.local/lib/python3.12/site-packages/airflow/example_dags/example_short_circuit_operator.py
[2025-04-02T09:08:43.222+0000] {processor.py:914} INFO - Processing file /home/airflow/.local/lib/python3.12/site-packages/airflow/example_dags/example_short_circuit_operator.py for tasks to queue
[2025-04-02T09:08:43.226+0000] {logging_mixin.py:190} INFO - [2025-04-02T09:08:43.225+0000] {dagbag.py:588} INFO - Filling up the DagBag from /home/airflow/.local/lib/python3.12/site-packages/airflow/example_dags/example_short_circuit_operator.py
[2025-04-02T09:08:43.240+0000] {processor.py:925} INFO - DAG(s) 'example_short_circuit_operator' retrieved from /home/airflow/.local/lib/python3.12/site-packages/airflow/example_dags/example_short_circuit_operator.py
[2025-04-02T09:08:43.275+0000] {logging_mixin.py:190} INFO - [2025-04-02T09:08:43.275+0000] {dag.py:3239} INFO - Sync 1 DAGs
[2025-04-02T09:08:43.305+0000] {logging_mixin.py:190} INFO - [2025-04-02T09:08:43.304+0000] {dag.py:4180} INFO - Setting next_dagrun for example_short_circuit_operator to None, run_after=None
[2025-04-02T09:08:43.368+0000] {processor.py:208} INFO - Processing /home/airflow/.local/lib/python3.12/site-packages/airflow/example_dags/example_short_circuit_operator.py took 0.161 seconds
[2025-04-02T09:09:13.704+0000] {processor.py:186} INFO - Started process (PID=669) to work on /home/airflow/.local/lib/python3.12/site-packages/airflow/example_dags/example_short_circuit_operator.py
[2025-04-02T09:09:13.705+0000] {processor.py:914} INFO - Processing file /home/airflow/.local/lib/python3.12/site-packages/airflow/example_dags/example_short_circuit_operator.py for tasks to queue
[2025-04-02T09:09:13.708+0000] {logging_mixin.py:190} INFO - [2025-04-02T09:09:13.708+0000] {dagbag.py:588} INFO - Filling up the DagBag from /home/airflow/.local/lib/python3.12/site-packages/airflow/example_dags/example_short_circuit_operator.py
[2025-04-02T09:09:13.721+0000] {processor.py:925} INFO - DAG(s) 'example_short_circuit_operator' retrieved from /home/airflow/.local/lib/python3.12/site-packages/airflow/example_dags/example_short_circuit_operator.py
[2025-04-02T09:09:13.752+0000] {logging_mixin.py:190} INFO - [2025-04-02T09:09:13.751+0000] {dag.py:3239} INFO - Sync 1 DAGs
[2025-04-02T09:09:13.775+0000] {logging_mixin.py:190} INFO - [2025-04-02T09:09:13.775+0000] {dag.py:4180} INFO - Setting next_dagrun for example_short_circuit_operator to None, run_after=None
[2025-04-02T09:09:13.810+0000] {processor.py:208} INFO - Processing /home/airflow/.local/lib/python3.12/site-packages/airflow/example_dags/example_short_circuit_operator.py took 0.114 seconds
[2025-04-02T09:09:44.420+0000] {processor.py:186} INFO - Started process (PID=732) to work on /home/airflow/.local/lib/python3.12/site-packages/airflow/example_dags/example_short_circuit_operator.py
[2025-04-02T09:09:44.421+0000] {processor.py:914} INFO - Processing file /home/airflow/.local/lib/python3.12/site-packages/airflow/example_dags/example_short_circuit_operator.py for tasks to queue
[2025-04-02T09:09:44.425+0000] {logging_mixin.py:190} INFO - [2025-04-02T09:09:44.424+0000] {dagbag.py:588} INFO - Filling up the DagBag from /home/airflow/.local/lib/python3.12/site-packages/airflow/example_dags/example_short_circuit_operator.py
[2025-04-02T09:09:44.436+0000] {processor.py:925} INFO - DAG(s) 'example_short_circuit_operator' retrieved from /home/airflow/.local/lib/python3.12/site-packages/airflow/example_dags/example_short_circuit_operator.py
[2025-04-02T09:09:44.465+0000] {logging_mixin.py:190} INFO - [2025-04-02T09:09:44.465+0000] {dag.py:3239} INFO - Sync 1 DAGs
[2025-04-02T09:09:44.489+0000] {logging_mixin.py:190} INFO - [2025-04-02T09:09:44.488+0000] {dag.py:4180} INFO - Setting next_dagrun for example_short_circuit_operator to None, run_after=None
[2025-04-02T09:09:44.517+0000] {processor.py:208} INFO - Processing /home/airflow/.local/lib/python3.12/site-packages/airflow/example_dags/example_short_circuit_operator.py took 0.104 seconds
[2025-04-02T09:10:15.446+0000] {processor.py:186} INFO - Started process (PID=796) to work on /home/airflow/.local/lib/python3.12/site-packages/airflow/example_dags/example_short_circuit_operator.py
[2025-04-02T09:10:15.447+0000] {processor.py:914} INFO - Processing file /home/airflow/.local/lib/python3.12/site-packages/airflow/example_dags/example_short_circuit_operator.py for tasks to queue
[2025-04-02T09:10:15.451+0000] {logging_mixin.py:190} INFO - [2025-04-02T09:10:15.450+0000] {dagbag.py:588} INFO - Filling up the DagBag from /home/airflow/.local/lib/python3.12/site-packages/airflow/example_dags/example_short_circuit_operator.py
[2025-04-02T09:10:15.461+0000] {processor.py:925} INFO - DAG(s) 'example_short_circuit_operator' retrieved from /home/airflow/.local/lib/python3.12/site-packages/airflow/example_dags/example_short_circuit_operator.py
[2025-04-02T09:10:15.490+0000] {logging_mixin.py:190} INFO - [2025-04-02T09:10:15.490+0000] {dag.py:3239} INFO - Sync 1 DAGs
[2025-04-02T09:10:15.509+0000] {logging_mixin.py:190} INFO - [2025-04-02T09:10:15.509+0000] {dag.py:4180} INFO - Setting next_dagrun for example_short_circuit_operator to None, run_after=None
[2025-04-02T09:10:15.537+0000] {processor.py:208} INFO - Processing /home/airflow/.local/lib/python3.12/site-packages/airflow/example_dags/example_short_circuit_operator.py took 0.097 seconds
[2025-04-02T09:10:46.373+0000] {processor.py:186} INFO - Started process (PID=859) to work on /home/airflow/.local/lib/python3.12/site-packages/airflow/example_dags/example_short_circuit_operator.py
[2025-04-02T09:10:46.375+0000] {processor.py:914} INFO - Processing file /home/airflow/.local/lib/python3.12/site-packages/airflow/example_dags/example_short_circuit_operator.py for tasks to queue
[2025-04-02T09:10:46.377+0000] {logging_mixin.py:190} INFO - [2025-04-02T09:10:46.377+0000] {dagbag.py:588} INFO - Filling up the DagBag from /home/airflow/.local/lib/python3.12/site-packages/airflow/example_dags/example_short_circuit_operator.py
[2025-04-02T09:10:46.386+0000] {processor.py:925} INFO - DAG(s) 'example_short_circuit_operator' retrieved from /home/airflow/.local/lib/python3.12/site-packages/airflow/example_dags/example_short_circuit_operator.py
[2025-04-02T09:10:46.413+0000] {logging_mixin.py:190} INFO - [2025-04-02T09:10:46.412+0000] {dag.py:3239} INFO - Sync 1 DAGs
[2025-04-02T09:10:46.429+0000] {logging_mixin.py:190} INFO - [2025-04-02T09:10:46.429+0000] {dag.py:4180} INFO - Setting next_dagrun for example_short_circuit_operator to None, run_after=None
[2025-04-02T09:10:46.452+0000] {processor.py:208} INFO - Processing /home/airflow/.local/lib/python3.12/site-packages/airflow/example_dags/example_short_circuit_operator.py took 0.085 seconds
[2025-04-02T09:12:49.007+0000] {processor.py:186} INFO - Started process (PID=103) to work on /home/airflow/.local/lib/python3.12/site-packages/airflow/example_dags/example_short_circuit_operator.py
[2025-04-02T09:12:49.009+0000] {processor.py:914} INFO - Processing file /home/airflow/.local/lib/python3.12/site-packages/airflow/example_dags/example_short_circuit_operator.py for tasks to queue
[2025-04-02T09:12:49.012+0000] {logging_mixin.py:190} INFO - [2025-04-02T09:12:49.012+0000] {dagbag.py:588} INFO - Filling up the DagBag from /home/airflow/.local/lib/python3.12/site-packages/airflow/example_dags/example_short_circuit_operator.py
[2025-04-02T09:12:49.027+0000] {processor.py:925} INFO - DAG(s) 'example_short_circuit_operator' retrieved from /home/airflow/.local/lib/python3.12/site-packages/airflow/example_dags/example_short_circuit_operator.py
[2025-04-02T09:12:49.058+0000] {logging_mixin.py:190} INFO - [2025-04-02T09:12:49.058+0000] {dag.py:3239} INFO - Sync 1 DAGs
[2025-04-02T09:12:49.077+0000] {logging_mixin.py:190} INFO - [2025-04-02T09:12:49.077+0000] {dag.py:4180} INFO - Setting next_dagrun for example_short_circuit_operator to None, run_after=None
[2025-04-02T09:12:49.102+0000] {processor.py:208} INFO - Processing /home/airflow/.local/lib/python3.12/site-packages/airflow/example_dags/example_short_circuit_operator.py took 0.103 seconds
[2025-04-02T09:13:19.722+0000] {processor.py:186} INFO - Started process (PID=167) to work on /home/airflow/.local/lib/python3.12/site-packages/airflow/example_dags/example_short_circuit_operator.py
[2025-04-02T09:13:19.724+0000] {processor.py:914} INFO - Processing file /home/airflow/.local/lib/python3.12/site-packages/airflow/example_dags/example_short_circuit_operator.py for tasks to queue
[2025-04-02T09:13:19.726+0000] {logging_mixin.py:190} INFO - [2025-04-02T09:13:19.726+0000] {dagbag.py:588} INFO - Filling up the DagBag from /home/airflow/.local/lib/python3.12/site-packages/airflow/example_dags/example_short_circuit_operator.py
[2025-04-02T09:13:19.737+0000] {processor.py:925} INFO - DAG(s) 'example_short_circuit_operator' retrieved from /home/airflow/.local/lib/python3.12/site-packages/airflow/example_dags/example_short_circuit_operator.py
[2025-04-02T09:13:19.763+0000] {logging_mixin.py:190} INFO - [2025-04-02T09:13:19.763+0000] {dag.py:3239} INFO - Sync 1 DAGs
[2025-04-02T09:13:19.779+0000] {logging_mixin.py:190} INFO - [2025-04-02T09:13:19.779+0000] {dag.py:4180} INFO - Setting next_dagrun for example_short_circuit_operator to None, run_after=None
[2025-04-02T09:13:19.803+0000] {processor.py:208} INFO - Processing /home/airflow/.local/lib/python3.12/site-packages/airflow/example_dags/example_short_circuit_operator.py took 0.088 seconds
[2025-04-02T09:13:49.986+0000] {processor.py:186} INFO - Started process (PID=229) to work on /home/airflow/.local/lib/python3.12/site-packages/airflow/example_dags/example_short_circuit_operator.py
[2025-04-02T09:13:49.988+0000] {processor.py:914} INFO - Processing file /home/airflow/.local/lib/python3.12/site-packages/airflow/example_dags/example_short_circuit_operator.py for tasks to queue
[2025-04-02T09:13:49.991+0000] {logging_mixin.py:190} INFO - [2025-04-02T09:13:49.991+0000] {dagbag.py:588} INFO - Filling up the DagBag from /home/airflow/.local/lib/python3.12/site-packages/airflow/example_dags/example_short_circuit_operator.py
[2025-04-02T09:13:50.001+0000] {processor.py:925} INFO - DAG(s) 'example_short_circuit_operator' retrieved from /home/airflow/.local/lib/python3.12/site-packages/airflow/example_dags/example_short_circuit_operator.py
[2025-04-02T09:13:50.028+0000] {logging_mixin.py:190} INFO - [2025-04-02T09:13:50.028+0000] {dag.py:3239} INFO - Sync 1 DAGs
[2025-04-02T09:13:50.045+0000] {logging_mixin.py:190} INFO - [2025-04-02T09:13:50.045+0000] {dag.py:4180} INFO - Setting next_dagrun for example_short_circuit_operator to None, run_after=None
[2025-04-02T09:13:50.070+0000] {processor.py:208} INFO - Processing /home/airflow/.local/lib/python3.12/site-packages/airflow/example_dags/example_short_circuit_operator.py took 0.090 seconds
[2025-04-02T09:14:20.765+0000] {processor.py:186} INFO - Started process (PID=291) to work on /home/airflow/.local/lib/python3.12/site-packages/airflow/example_dags/example_short_circuit_operator.py
[2025-04-02T09:14:20.767+0000] {processor.py:914} INFO - Processing file /home/airflow/.local/lib/python3.12/site-packages/airflow/example_dags/example_short_circuit_operator.py for tasks to queue
[2025-04-02T09:14:20.771+0000] {logging_mixin.py:190} INFO - [2025-04-02T09:14:20.770+0000] {dagbag.py:588} INFO - Filling up the DagBag from /home/airflow/.local/lib/python3.12/site-packages/airflow/example_dags/example_short_circuit_operator.py
[2025-04-02T09:14:20.784+0000] {processor.py:925} INFO - DAG(s) 'example_short_circuit_operator' retrieved from /home/airflow/.local/lib/python3.12/site-packages/airflow/example_dags/example_short_circuit_operator.py
[2025-04-02T09:14:20.829+0000] {logging_mixin.py:190} INFO - [2025-04-02T09:14:20.828+0000] {dag.py:3239} INFO - Sync 1 DAGs
[2025-04-02T09:14:20.853+0000] {logging_mixin.py:190} INFO - [2025-04-02T09:14:20.852+0000] {dag.py:4180} INFO - Setting next_dagrun for example_short_circuit_operator to None, run_after=None
[2025-04-02T09:14:20.882+0000] {processor.py:208} INFO - Processing /home/airflow/.local/lib/python3.12/site-packages/airflow/example_dags/example_short_circuit_operator.py took 0.127 seconds
[2025-04-02T09:14:51.463+0000] {processor.py:186} INFO - Started process (PID=353) to work on /home/airflow/.local/lib/python3.12/site-packages/airflow/example_dags/example_short_circuit_operator.py
[2025-04-02T09:14:51.465+0000] {processor.py:914} INFO - Processing file /home/airflow/.local/lib/python3.12/site-packages/airflow/example_dags/example_short_circuit_operator.py for tasks to queue
[2025-04-02T09:14:51.468+0000] {logging_mixin.py:190} INFO - [2025-04-02T09:14:51.467+0000] {dagbag.py:588} INFO - Filling up the DagBag from /home/airflow/.local/lib/python3.12/site-packages/airflow/example_dags/example_short_circuit_operator.py
[2025-04-02T09:14:51.479+0000] {processor.py:925} INFO - DAG(s) 'example_short_circuit_operator' retrieved from /home/airflow/.local/lib/python3.12/site-packages/airflow/example_dags/example_short_circuit_operator.py
[2025-04-02T09:14:51.509+0000] {logging_mixin.py:190} INFO - [2025-04-02T09:14:51.509+0000] {dag.py:3239} INFO - Sync 1 DAGs
[2025-04-02T09:14:51.532+0000] {logging_mixin.py:190} INFO - [2025-04-02T09:14:51.532+0000] {dag.py:4180} INFO - Setting next_dagrun for example_short_circuit_operator to None, run_after=None
[2025-04-02T09:14:51.563+0000] {processor.py:208} INFO - Processing /home/airflow/.local/lib/python3.12/site-packages/airflow/example_dags/example_short_circuit_operator.py took 0.108 seconds
[2025-04-02T09:15:22.034+0000] {processor.py:186} INFO - Started process (PID=416) to work on /home/airflow/.local/lib/python3.12/site-packages/airflow/example_dags/example_short_circuit_operator.py
[2025-04-02T09:15:22.036+0000] {processor.py:914} INFO - Processing file /home/airflow/.local/lib/python3.12/site-packages/airflow/example_dags/example_short_circuit_operator.py for tasks to queue
[2025-04-02T09:15:22.039+0000] {logging_mixin.py:190} INFO - [2025-04-02T09:15:22.039+0000] {dagbag.py:588} INFO - Filling up the DagBag from /home/airflow/.local/lib/python3.12/site-packages/airflow/example_dags/example_short_circuit_operator.py
[2025-04-02T09:15:22.053+0000] {processor.py:925} INFO - DAG(s) 'example_short_circuit_operator' retrieved from /home/airflow/.local/lib/python3.12/site-packages/airflow/example_dags/example_short_circuit_operator.py
[2025-04-02T09:15:22.085+0000] {logging_mixin.py:190} INFO - [2025-04-02T09:15:22.084+0000] {dag.py:3239} INFO - Sync 1 DAGs
[2025-04-02T09:15:22.105+0000] {logging_mixin.py:190} INFO - [2025-04-02T09:15:22.105+0000] {dag.py:4180} INFO - Setting next_dagrun for example_short_circuit_operator to None, run_after=None
[2025-04-02T09:15:22.132+0000] {processor.py:208} INFO - Processing /home/airflow/.local/lib/python3.12/site-packages/airflow/example_dags/example_short_circuit_operator.py took 0.106 seconds
[2025-04-02T09:15:52.455+0000] {processor.py:186} INFO - Started process (PID=479) to work on /home/airflow/.local/lib/python3.12/site-packages/airflow/example_dags/example_short_circuit_operator.py
[2025-04-02T09:15:52.456+0000] {processor.py:914} INFO - Processing file /home/airflow/.local/lib/python3.12/site-packages/airflow/example_dags/example_short_circuit_operator.py for tasks to queue
[2025-04-02T09:15:52.460+0000] {logging_mixin.py:190} INFO - [2025-04-02T09:15:52.459+0000] {dagbag.py:588} INFO - Filling up the DagBag from /home/airflow/.local/lib/python3.12/site-packages/airflow/example_dags/example_short_circuit_operator.py
[2025-04-02T09:15:52.472+0000] {processor.py:925} INFO - DAG(s) 'example_short_circuit_operator' retrieved from /home/airflow/.local/lib/python3.12/site-packages/airflow/example_dags/example_short_circuit_operator.py
[2025-04-02T09:15:52.504+0000] {logging_mixin.py:190} INFO - [2025-04-02T09:15:52.504+0000] {dag.py:3239} INFO - Sync 1 DAGs
[2025-04-02T09:15:52.525+0000] {logging_mixin.py:190} INFO - [2025-04-02T09:15:52.524+0000] {dag.py:4180} INFO - Setting next_dagrun for example_short_circuit_operator to None, run_after=None
[2025-04-02T09:15:52.559+0000] {processor.py:208} INFO - Processing /home/airflow/.local/lib/python3.12/site-packages/airflow/example_dags/example_short_circuit_operator.py took 0.113 seconds
[2025-04-02T09:16:24.319+0000] {processor.py:186} INFO - Started process (PID=542) to work on /home/airflow/.local/lib/python3.12/site-packages/airflow/example_dags/example_short_circuit_operator.py
[2025-04-02T09:16:24.321+0000] {processor.py:914} INFO - Processing file /home/airflow/.local/lib/python3.12/site-packages/airflow/example_dags/example_short_circuit_operator.py for tasks to queue
[2025-04-02T09:16:24.324+0000] {logging_mixin.py:190} INFO - [2025-04-02T09:16:24.324+0000] {dagbag.py:588} INFO - Filling up the DagBag from /home/airflow/.local/lib/python3.12/site-packages/airflow/example_dags/example_short_circuit_operator.py
[2025-04-02T09:16:24.339+0000] {processor.py:925} INFO - DAG(s) 'example_short_circuit_operator' retrieved from /home/airflow/.local/lib/python3.12/site-packages/airflow/example_dags/example_short_circuit_operator.py
[2025-04-02T09:16:24.384+0000] {logging_mixin.py:190} INFO - [2025-04-02T09:16:24.383+0000] {dag.py:3239} INFO - Sync 1 DAGs
[2025-04-02T09:16:24.415+0000] {logging_mixin.py:190} INFO - [2025-04-02T09:16:24.414+0000] {dag.py:4180} INFO - Setting next_dagrun for example_short_circuit_operator to None, run_after=None
[2025-04-02T09:16:24.453+0000] {processor.py:208} INFO - Processing /home/airflow/.local/lib/python3.12/site-packages/airflow/example_dags/example_short_circuit_operator.py took 0.144 seconds
[2025-04-02T09:16:56.755+0000] {processor.py:186} INFO - Started process (PID=605) to work on /home/airflow/.local/lib/python3.12/site-packages/airflow/example_dags/example_short_circuit_operator.py
[2025-04-02T09:16:56.756+0000] {processor.py:914} INFO - Processing file /home/airflow/.local/lib/python3.12/site-packages/airflow/example_dags/example_short_circuit_operator.py for tasks to queue
[2025-04-02T09:16:56.761+0000] {logging_mixin.py:190} INFO - [2025-04-02T09:16:56.761+0000] {dagbag.py:588} INFO - Filling up the DagBag from /home/airflow/.local/lib/python3.12/site-packages/airflow/example_dags/example_short_circuit_operator.py
[2025-04-02T09:16:56.782+0000] {processor.py:925} INFO - DAG(s) 'example_short_circuit_operator' retrieved from /home/airflow/.local/lib/python3.12/site-packages/airflow/example_dags/example_short_circuit_operator.py
[2025-04-02T09:16:56.824+0000] {logging_mixin.py:190} INFO - [2025-04-02T09:16:56.824+0000] {dag.py:3239} INFO - Sync 1 DAGs
[2025-04-02T09:16:56.849+0000] {logging_mixin.py:190} INFO - [2025-04-02T09:16:56.849+0000] {dag.py:4180} INFO - Setting next_dagrun for example_short_circuit_operator to None, run_after=None
[2025-04-02T09:16:56.882+0000] {processor.py:208} INFO - Processing /home/airflow/.local/lib/python3.12/site-packages/airflow/example_dags/example_short_circuit_operator.py took 0.137 seconds
[2025-04-02T09:17:29.435+0000] {processor.py:186} INFO - Started process (PID=668) to work on /home/airflow/.local/lib/python3.12/site-packages/airflow/example_dags/example_short_circuit_operator.py
[2025-04-02T09:17:29.437+0000] {processor.py:914} INFO - Processing file /home/airflow/.local/lib/python3.12/site-packages/airflow/example_dags/example_short_circuit_operator.py for tasks to queue
[2025-04-02T09:17:29.440+0000] {logging_mixin.py:190} INFO - [2025-04-02T09:17:29.440+0000] {dagbag.py:588} INFO - Filling up the DagBag from /home/airflow/.local/lib/python3.12/site-packages/airflow/example_dags/example_short_circuit_operator.py
[2025-04-02T09:17:29.450+0000] {processor.py:925} INFO - DAG(s) 'example_short_circuit_operator' retrieved from /home/airflow/.local/lib/python3.12/site-packages/airflow/example_dags/example_short_circuit_operator.py
[2025-04-02T09:17:29.477+0000] {logging_mixin.py:190} INFO - [2025-04-02T09:17:29.477+0000] {dag.py:3239} INFO - Sync 1 DAGs
[2025-04-02T09:17:29.497+0000] {logging_mixin.py:190} INFO - [2025-04-02T09:17:29.497+0000] {dag.py:4180} INFO - Setting next_dagrun for example_short_circuit_operator to None, run_after=None
[2025-04-02T09:17:29.524+0000] {processor.py:208} INFO - Processing /home/airflow/.local/lib/python3.12/site-packages/airflow/example_dags/example_short_circuit_operator.py took 0.099 seconds
[2025-04-02T09:17:59.942+0000] {processor.py:186} INFO - Started process (PID=730) to work on /home/airflow/.local/lib/python3.12/site-packages/airflow/example_dags/example_short_circuit_operator.py
[2025-04-02T09:17:59.943+0000] {processor.py:914} INFO - Processing file /home/airflow/.local/lib/python3.12/site-packages/airflow/example_dags/example_short_circuit_operator.py for tasks to queue
[2025-04-02T09:17:59.946+0000] {logging_mixin.py:190} INFO - [2025-04-02T09:17:59.945+0000] {dagbag.py:588} INFO - Filling up the DagBag from /home/airflow/.local/lib/python3.12/site-packages/airflow/example_dags/example_short_circuit_operator.py
[2025-04-02T09:17:59.956+0000] {processor.py:925} INFO - DAG(s) 'example_short_circuit_operator' retrieved from /home/airflow/.local/lib/python3.12/site-packages/airflow/example_dags/example_short_circuit_operator.py
[2025-04-02T09:17:59.989+0000] {logging_mixin.py:190} INFO - [2025-04-02T09:17:59.988+0000] {dag.py:3239} INFO - Sync 1 DAGs
[2025-04-02T09:18:00.023+0000] {logging_mixin.py:190} INFO - [2025-04-02T09:18:00.022+0000] {dag.py:4180} INFO - Setting next_dagrun for example_short_circuit_operator to None, run_after=None
[2025-04-02T09:18:00.050+0000] {processor.py:208} INFO - Processing /home/airflow/.local/lib/python3.12/site-packages/airflow/example_dags/example_short_circuit_operator.py took 0.115 seconds
[2025-04-02T09:58:27.291+0000] {processor.py:186} INFO - Started process (PID=805) to work on /home/airflow/.local/lib/python3.12/site-packages/airflow/example_dags/example_short_circuit_operator.py
[2025-04-02T09:58:27.292+0000] {processor.py:914} INFO - Processing file /home/airflow/.local/lib/python3.12/site-packages/airflow/example_dags/example_short_circuit_operator.py for tasks to queue
[2025-04-02T09:58:27.295+0000] {logging_mixin.py:190} INFO - [2025-04-02T09:58:27.294+0000] {dagbag.py:588} INFO - Filling up the DagBag from /home/airflow/.local/lib/python3.12/site-packages/airflow/example_dags/example_short_circuit_operator.py
[2025-04-02T09:58:27.314+0000] {processor.py:925} INFO - DAG(s) 'example_short_circuit_operator' retrieved from /home/airflow/.local/lib/python3.12/site-packages/airflow/example_dags/example_short_circuit_operator.py
[2025-04-02T09:58:27.360+0000] {logging_mixin.py:190} INFO - [2025-04-02T09:58:27.360+0000] {dag.py:3239} INFO - Sync 1 DAGs
[2025-04-02T09:58:27.391+0000] {logging_mixin.py:190} INFO - [2025-04-02T09:58:27.391+0000] {dag.py:4180} INFO - Setting next_dagrun for example_short_circuit_operator to None, run_after=None
[2025-04-02T09:58:27.438+0000] {processor.py:208} INFO - Processing /home/airflow/.local/lib/python3.12/site-packages/airflow/example_dags/example_short_circuit_operator.py took 0.164 seconds
[2025-04-02T09:58:57.576+0000] {processor.py:186} INFO - Started process (PID=867) to work on /home/airflow/.local/lib/python3.12/site-packages/airflow/example_dags/example_short_circuit_operator.py
[2025-04-02T09:58:57.578+0000] {processor.py:914} INFO - Processing file /home/airflow/.local/lib/python3.12/site-packages/airflow/example_dags/example_short_circuit_operator.py for tasks to queue
[2025-04-02T09:58:57.580+0000] {logging_mixin.py:190} INFO - [2025-04-02T09:58:57.580+0000] {dagbag.py:588} INFO - Filling up the DagBag from /home/airflow/.local/lib/python3.12/site-packages/airflow/example_dags/example_short_circuit_operator.py
[2025-04-02T09:58:57.594+0000] {processor.py:925} INFO - DAG(s) 'example_short_circuit_operator' retrieved from /home/airflow/.local/lib/python3.12/site-packages/airflow/example_dags/example_short_circuit_operator.py
[2025-04-02T09:58:57.629+0000] {logging_mixin.py:190} INFO - [2025-04-02T09:58:57.629+0000] {dag.py:3239} INFO - Sync 1 DAGs
[2025-04-02T09:58:57.660+0000] {logging_mixin.py:190} INFO - [2025-04-02T09:58:57.659+0000] {dag.py:4180} INFO - Setting next_dagrun for example_short_circuit_operator to None, run_after=None
[2025-04-02T09:58:57.691+0000] {processor.py:208} INFO - Processing /home/airflow/.local/lib/python3.12/site-packages/airflow/example_dags/example_short_circuit_operator.py took 0.124 seconds
[2025-04-02T09:59:29.083+0000] {processor.py:186} INFO - Started process (PID=930) to work on /home/airflow/.local/lib/python3.12/site-packages/airflow/example_dags/example_short_circuit_operator.py
[2025-04-02T09:59:29.085+0000] {processor.py:914} INFO - Processing file /home/airflow/.local/lib/python3.12/site-packages/airflow/example_dags/example_short_circuit_operator.py for tasks to queue
[2025-04-02T09:59:29.087+0000] {logging_mixin.py:190} INFO - [2025-04-02T09:59:29.086+0000] {dagbag.py:588} INFO - Filling up the DagBag from /home/airflow/.local/lib/python3.12/site-packages/airflow/example_dags/example_short_circuit_operator.py
[2025-04-02T09:59:29.100+0000] {processor.py:925} INFO - DAG(s) 'example_short_circuit_operator' retrieved from /home/airflow/.local/lib/python3.12/site-packages/airflow/example_dags/example_short_circuit_operator.py
[2025-04-02T09:59:29.138+0000] {logging_mixin.py:190} INFO - [2025-04-02T09:59:29.138+0000] {dag.py:3239} INFO - Sync 1 DAGs
[2025-04-02T09:59:29.160+0000] {logging_mixin.py:190} INFO - [2025-04-02T09:59:29.159+0000] {dag.py:4180} INFO - Setting next_dagrun for example_short_circuit_operator to None, run_after=None
[2025-04-02T09:59:29.208+0000] {processor.py:208} INFO - Processing /home/airflow/.local/lib/python3.12/site-packages/airflow/example_dags/example_short_circuit_operator.py took 0.133 seconds
[2025-04-02T10:00:00.288+0000] {processor.py:186} INFO - Started process (PID=993) to work on /home/airflow/.local/lib/python3.12/site-packages/airflow/example_dags/example_short_circuit_operator.py
[2025-04-02T10:00:00.289+0000] {processor.py:914} INFO - Processing file /home/airflow/.local/lib/python3.12/site-packages/airflow/example_dags/example_short_circuit_operator.py for tasks to queue
[2025-04-02T10:00:00.291+0000] {logging_mixin.py:190} INFO - [2025-04-02T10:00:00.291+0000] {dagbag.py:588} INFO - Filling up the DagBag from /home/airflow/.local/lib/python3.12/site-packages/airflow/example_dags/example_short_circuit_operator.py
[2025-04-02T10:00:00.304+0000] {processor.py:925} INFO - DAG(s) 'example_short_circuit_operator' retrieved from /home/airflow/.local/lib/python3.12/site-packages/airflow/example_dags/example_short_circuit_operator.py
[2025-04-02T10:00:00.346+0000] {logging_mixin.py:190} INFO - [2025-04-02T10:00:00.346+0000] {dag.py:3239} INFO - Sync 1 DAGs
[2025-04-02T10:00:00.365+0000] {logging_mixin.py:190} INFO - [2025-04-02T10:00:00.365+0000] {dag.py:4180} INFO - Setting next_dagrun for example_short_circuit_operator to None, run_after=None
[2025-04-02T10:00:00.406+0000] {processor.py:208} INFO - Processing /home/airflow/.local/lib/python3.12/site-packages/airflow/example_dags/example_short_circuit_operator.py took 0.128 seconds
[2025-04-02T10:00:30.937+0000] {processor.py:186} INFO - Started process (PID=1055) to work on /home/airflow/.local/lib/python3.12/site-packages/airflow/example_dags/example_short_circuit_operator.py
[2025-04-02T10:00:30.940+0000] {processor.py:914} INFO - Processing file /home/airflow/.local/lib/python3.12/site-packages/airflow/example_dags/example_short_circuit_operator.py for tasks to queue
[2025-04-02T10:00:30.942+0000] {logging_mixin.py:190} INFO - [2025-04-02T10:00:30.942+0000] {dagbag.py:588} INFO - Filling up the DagBag from /home/airflow/.local/lib/python3.12/site-packages/airflow/example_dags/example_short_circuit_operator.py
[2025-04-02T10:00:30.968+0000] {processor.py:925} INFO - DAG(s) 'example_short_circuit_operator' retrieved from /home/airflow/.local/lib/python3.12/site-packages/airflow/example_dags/example_short_circuit_operator.py
[2025-04-02T10:00:31.006+0000] {logging_mixin.py:190} INFO - [2025-04-02T10:00:31.005+0000] {dag.py:3239} INFO - Sync 1 DAGs
[2025-04-02T10:00:31.028+0000] {logging_mixin.py:190} INFO - [2025-04-02T10:00:31.027+0000] {dag.py:4180} INFO - Setting next_dagrun for example_short_circuit_operator to None, run_after=None
[2025-04-02T10:00:31.062+0000] {processor.py:208} INFO - Processing /home/airflow/.local/lib/python3.12/site-packages/airflow/example_dags/example_short_circuit_operator.py took 0.142 seconds
[2025-04-02T10:01:01.151+0000] {processor.py:186} INFO - Started process (PID=1117) to work on /home/airflow/.local/lib/python3.12/site-packages/airflow/example_dags/example_short_circuit_operator.py
[2025-04-02T10:01:01.153+0000] {processor.py:914} INFO - Processing file /home/airflow/.local/lib/python3.12/site-packages/airflow/example_dags/example_short_circuit_operator.py for tasks to queue
[2025-04-02T10:01:01.155+0000] {logging_mixin.py:190} INFO - [2025-04-02T10:01:01.154+0000] {dagbag.py:588} INFO - Filling up the DagBag from /home/airflow/.local/lib/python3.12/site-packages/airflow/example_dags/example_short_circuit_operator.py
[2025-04-02T10:01:01.169+0000] {processor.py:925} INFO - DAG(s) 'example_short_circuit_operator' retrieved from /home/airflow/.local/lib/python3.12/site-packages/airflow/example_dags/example_short_circuit_operator.py
[2025-04-02T10:01:01.201+0000] {logging_mixin.py:190} INFO - [2025-04-02T10:01:01.201+0000] {dag.py:3239} INFO - Sync 1 DAGs
[2025-04-02T10:01:01.223+0000] {logging_mixin.py:190} INFO - [2025-04-02T10:01:01.222+0000] {dag.py:4180} INFO - Setting next_dagrun for example_short_circuit_operator to None, run_after=None
[2025-04-02T10:01:01.254+0000] {processor.py:208} INFO - Processing /home/airflow/.local/lib/python3.12/site-packages/airflow/example_dags/example_short_circuit_operator.py took 0.113 seconds
[2025-04-02T10:01:31.340+0000] {processor.py:186} INFO - Started process (PID=1179) to work on /home/airflow/.local/lib/python3.12/site-packages/airflow/example_dags/example_short_circuit_operator.py
[2025-04-02T10:01:31.342+0000] {processor.py:914} INFO - Processing file /home/airflow/.local/lib/python3.12/site-packages/airflow/example_dags/example_short_circuit_operator.py for tasks to queue
[2025-04-02T10:01:31.344+0000] {logging_mixin.py:190} INFO - [2025-04-02T10:01:31.344+0000] {dagbag.py:588} INFO - Filling up the DagBag from /home/airflow/.local/lib/python3.12/site-packages/airflow/example_dags/example_short_circuit_operator.py
[2025-04-02T10:01:31.355+0000] {processor.py:925} INFO - DAG(s) 'example_short_circuit_operator' retrieved from /home/airflow/.local/lib/python3.12/site-packages/airflow/example_dags/example_short_circuit_operator.py
[2025-04-02T10:01:31.388+0000] {logging_mixin.py:190} INFO - [2025-04-02T10:01:31.387+0000] {dag.py:3239} INFO - Sync 1 DAGs
[2025-04-02T10:01:31.408+0000] {logging_mixin.py:190} INFO - [2025-04-02T10:01:31.408+0000] {dag.py:4180} INFO - Setting next_dagrun for example_short_circuit_operator to None, run_after=None
[2025-04-02T10:01:31.441+0000] {processor.py:208} INFO - Processing /home/airflow/.local/lib/python3.12/site-packages/airflow/example_dags/example_short_circuit_operator.py took 0.108 seconds
[2025-04-02T10:02:02.230+0000] {processor.py:186} INFO - Started process (PID=1242) to work on /home/airflow/.local/lib/python3.12/site-packages/airflow/example_dags/example_short_circuit_operator.py
[2025-04-02T10:02:02.232+0000] {processor.py:914} INFO - Processing file /home/airflow/.local/lib/python3.12/site-packages/airflow/example_dags/example_short_circuit_operator.py for tasks to queue
[2025-04-02T10:02:02.235+0000] {logging_mixin.py:190} INFO - [2025-04-02T10:02:02.234+0000] {dagbag.py:588} INFO - Filling up the DagBag from /home/airflow/.local/lib/python3.12/site-packages/airflow/example_dags/example_short_circuit_operator.py
[2025-04-02T10:02:02.248+0000] {processor.py:925} INFO - DAG(s) 'example_short_circuit_operator' retrieved from /home/airflow/.local/lib/python3.12/site-packages/airflow/example_dags/example_short_circuit_operator.py
[2025-04-02T10:02:02.283+0000] {logging_mixin.py:190} INFO - [2025-04-02T10:02:02.283+0000] {dag.py:3239} INFO - Sync 1 DAGs
[2025-04-02T10:02:02.303+0000] {logging_mixin.py:190} INFO - [2025-04-02T10:02:02.302+0000] {dag.py:4180} INFO - Setting next_dagrun for example_short_circuit_operator to None, run_after=None
[2025-04-02T10:02:02.326+0000] {processor.py:208} INFO - Processing /home/airflow/.local/lib/python3.12/site-packages/airflow/example_dags/example_short_circuit_operator.py took 0.104 seconds
[2025-04-02T10:02:32.855+0000] {processor.py:186} INFO - Started process (PID=1305) to work on /home/airflow/.local/lib/python3.12/site-packages/airflow/example_dags/example_short_circuit_operator.py
[2025-04-02T10:02:32.856+0000] {processor.py:914} INFO - Processing file /home/airflow/.local/lib/python3.12/site-packages/airflow/example_dags/example_short_circuit_operator.py for tasks to queue
[2025-04-02T10:02:32.858+0000] {logging_mixin.py:190} INFO - [2025-04-02T10:02:32.858+0000] {dagbag.py:588} INFO - Filling up the DagBag from /home/airflow/.local/lib/python3.12/site-packages/airflow/example_dags/example_short_circuit_operator.py
[2025-04-02T10:02:32.871+0000] {processor.py:925} INFO - DAG(s) 'example_short_circuit_operator' retrieved from /home/airflow/.local/lib/python3.12/site-packages/airflow/example_dags/example_short_circuit_operator.py
[2025-04-02T10:02:32.901+0000] {logging_mixin.py:190} INFO - [2025-04-02T10:02:32.901+0000] {dag.py:3239} INFO - Sync 1 DAGs
[2025-04-02T10:02:32.921+0000] {logging_mixin.py:190} INFO - [2025-04-02T10:02:32.921+0000] {dag.py:4180} INFO - Setting next_dagrun for example_short_circuit_operator to None, run_after=None
[2025-04-02T10:02:32.950+0000] {processor.py:208} INFO - Processing /home/airflow/.local/lib/python3.12/site-packages/airflow/example_dags/example_short_circuit_operator.py took 0.104 seconds
[2025-04-02T10:03:03.636+0000] {processor.py:186} INFO - Started process (PID=1369) to work on /home/airflow/.local/lib/python3.12/site-packages/airflow/example_dags/example_short_circuit_operator.py
[2025-04-02T10:03:03.638+0000] {processor.py:914} INFO - Processing file /home/airflow/.local/lib/python3.12/site-packages/airflow/example_dags/example_short_circuit_operator.py for tasks to queue
[2025-04-02T10:03:03.642+0000] {logging_mixin.py:190} INFO - [2025-04-02T10:03:03.642+0000] {dagbag.py:588} INFO - Filling up the DagBag from /home/airflow/.local/lib/python3.12/site-packages/airflow/example_dags/example_short_circuit_operator.py
[2025-04-02T10:03:03.655+0000] {processor.py:925} INFO - DAG(s) 'example_short_circuit_operator' retrieved from /home/airflow/.local/lib/python3.12/site-packages/airflow/example_dags/example_short_circuit_operator.py
[2025-04-02T10:03:03.706+0000] {logging_mixin.py:190} INFO - [2025-04-02T10:03:03.706+0000] {dag.py:3239} INFO - Sync 1 DAGs
[2025-04-02T10:03:03.757+0000] {logging_mixin.py:190} INFO - [2025-04-02T10:03:03.757+0000] {dag.py:4180} INFO - Setting next_dagrun for example_short_circuit_operator to None, run_after=None
[2025-04-02T10:03:03.845+0000] {processor.py:208} INFO - Processing /home/airflow/.local/lib/python3.12/site-packages/airflow/example_dags/example_short_circuit_operator.py took 0.217 seconds
[2025-04-02T10:03:34.463+0000] {processor.py:186} INFO - Started process (PID=1431) to work on /home/airflow/.local/lib/python3.12/site-packages/airflow/example_dags/example_short_circuit_operator.py
[2025-04-02T10:03:34.465+0000] {processor.py:914} INFO - Processing file /home/airflow/.local/lib/python3.12/site-packages/airflow/example_dags/example_short_circuit_operator.py for tasks to queue
[2025-04-02T10:03:34.467+0000] {logging_mixin.py:190} INFO - [2025-04-02T10:03:34.466+0000] {dagbag.py:588} INFO - Filling up the DagBag from /home/airflow/.local/lib/python3.12/site-packages/airflow/example_dags/example_short_circuit_operator.py
[2025-04-02T10:03:34.480+0000] {processor.py:925} INFO - DAG(s) 'example_short_circuit_operator' retrieved from /home/airflow/.local/lib/python3.12/site-packages/airflow/example_dags/example_short_circuit_operator.py
[2025-04-02T10:03:34.511+0000] {logging_mixin.py:190} INFO - [2025-04-02T10:03:34.510+0000] {dag.py:3239} INFO - Sync 1 DAGs
[2025-04-02T10:03:34.532+0000] {logging_mixin.py:190} INFO - [2025-04-02T10:03:34.532+0000] {dag.py:4180} INFO - Setting next_dagrun for example_short_circuit_operator to None, run_after=None
[2025-04-02T10:03:34.567+0000] {processor.py:208} INFO - Processing /home/airflow/.local/lib/python3.12/site-packages/airflow/example_dags/example_short_circuit_operator.py took 0.112 seconds
[2025-04-02T10:04:05.615+0000] {processor.py:186} INFO - Started process (PID=1494) to work on /home/airflow/.local/lib/python3.12/site-packages/airflow/example_dags/example_short_circuit_operator.py
[2025-04-02T10:04:05.616+0000] {processor.py:914} INFO - Processing file /home/airflow/.local/lib/python3.12/site-packages/airflow/example_dags/example_short_circuit_operator.py for tasks to queue
[2025-04-02T10:04:05.618+0000] {logging_mixin.py:190} INFO - [2025-04-02T10:04:05.618+0000] {dagbag.py:588} INFO - Filling up the DagBag from /home/airflow/.local/lib/python3.12/site-packages/airflow/example_dags/example_short_circuit_operator.py
[2025-04-02T10:04:05.634+0000] {processor.py:925} INFO - DAG(s) 'example_short_circuit_operator' retrieved from /home/airflow/.local/lib/python3.12/site-packages/airflow/example_dags/example_short_circuit_operator.py
[2025-04-02T10:04:05.664+0000] {logging_mixin.py:190} INFO - [2025-04-02T10:04:05.664+0000] {dag.py:3239} INFO - Sync 1 DAGs
[2025-04-02T10:04:05.685+0000] {logging_mixin.py:190} INFO - [2025-04-02T10:04:05.685+0000] {dag.py:4180} INFO - Setting next_dagrun for example_short_circuit_operator to None, run_after=None
[2025-04-02T10:04:05.709+0000] {processor.py:208} INFO - Processing /home/airflow/.local/lib/python3.12/site-packages/airflow/example_dags/example_short_circuit_operator.py took 0.102 seconds
[2025-04-02T10:04:36.321+0000] {processor.py:186} INFO - Started process (PID=1558) to work on /home/airflow/.local/lib/python3.12/site-packages/airflow/example_dags/example_short_circuit_operator.py
[2025-04-02T10:04:36.323+0000] {processor.py:914} INFO - Processing file /home/airflow/.local/lib/python3.12/site-packages/airflow/example_dags/example_short_circuit_operator.py for tasks to queue
[2025-04-02T10:04:36.326+0000] {logging_mixin.py:190} INFO - [2025-04-02T10:04:36.325+0000] {dagbag.py:588} INFO - Filling up the DagBag from /home/airflow/.local/lib/python3.12/site-packages/airflow/example_dags/example_short_circuit_operator.py
[2025-04-02T10:04:36.341+0000] {processor.py:925} INFO - DAG(s) 'example_short_circuit_operator' retrieved from /home/airflow/.local/lib/python3.12/site-packages/airflow/example_dags/example_short_circuit_operator.py
[2025-04-02T10:04:36.391+0000] {logging_mixin.py:190} INFO - [2025-04-02T10:04:36.391+0000] {dag.py:3239} INFO - Sync 1 DAGs
[2025-04-02T10:04:36.427+0000] {logging_mixin.py:190} INFO - [2025-04-02T10:04:36.427+0000] {dag.py:4180} INFO - Setting next_dagrun for example_short_circuit_operator to None, run_after=None
[2025-04-02T10:04:36.470+0000] {processor.py:208} INFO - Processing /home/airflow/.local/lib/python3.12/site-packages/airflow/example_dags/example_short_circuit_operator.py took 0.161 seconds
[2025-04-02T10:05:06.755+0000] {processor.py:186} INFO - Started process (PID=1620) to work on /home/airflow/.local/lib/python3.12/site-packages/airflow/example_dags/example_short_circuit_operator.py
[2025-04-02T10:05:06.757+0000] {processor.py:914} INFO - Processing file /home/airflow/.local/lib/python3.12/site-packages/airflow/example_dags/example_short_circuit_operator.py for tasks to queue
[2025-04-02T10:05:06.759+0000] {logging_mixin.py:190} INFO - [2025-04-02T10:05:06.759+0000] {dagbag.py:588} INFO - Filling up the DagBag from /home/airflow/.local/lib/python3.12/site-packages/airflow/example_dags/example_short_circuit_operator.py
[2025-04-02T10:05:06.771+0000] {processor.py:925} INFO - DAG(s) 'example_short_circuit_operator' retrieved from /home/airflow/.local/lib/python3.12/site-packages/airflow/example_dags/example_short_circuit_operator.py
[2025-04-02T10:05:06.802+0000] {logging_mixin.py:190} INFO - [2025-04-02T10:05:06.802+0000] {dag.py:3239} INFO - Sync 1 DAGs
[2025-04-02T10:05:06.824+0000] {logging_mixin.py:190} INFO - [2025-04-02T10:05:06.823+0000] {dag.py:4180} INFO - Setting next_dagrun for example_short_circuit_operator to None, run_after=None
[2025-04-02T10:05:06.854+0000] {processor.py:208} INFO - Processing /home/airflow/.local/lib/python3.12/site-packages/airflow/example_dags/example_short_circuit_operator.py took 0.106 seconds
[2025-04-02T10:05:37.068+0000] {processor.py:186} INFO - Started process (PID=1683) to work on /home/airflow/.local/lib/python3.12/site-packages/airflow/example_dags/example_short_circuit_operator.py
[2025-04-02T10:05:37.069+0000] {processor.py:914} INFO - Processing file /home/airflow/.local/lib/python3.12/site-packages/airflow/example_dags/example_short_circuit_operator.py for tasks to queue
[2025-04-02T10:05:37.071+0000] {logging_mixin.py:190} INFO - [2025-04-02T10:05:37.071+0000] {dagbag.py:588} INFO - Filling up the DagBag from /home/airflow/.local/lib/python3.12/site-packages/airflow/example_dags/example_short_circuit_operator.py
[2025-04-02T10:05:37.084+0000] {processor.py:925} INFO - DAG(s) 'example_short_circuit_operator' retrieved from /home/airflow/.local/lib/python3.12/site-packages/airflow/example_dags/example_short_circuit_operator.py
[2025-04-02T10:05:37.120+0000] {logging_mixin.py:190} INFO - [2025-04-02T10:05:37.120+0000] {dag.py:3239} INFO - Sync 1 DAGs
[2025-04-02T10:05:37.145+0000] {logging_mixin.py:190} INFO - [2025-04-02T10:05:37.145+0000] {dag.py:4180} INFO - Setting next_dagrun for example_short_circuit_operator to None, run_after=None
[2025-04-02T10:05:37.174+0000] {processor.py:208} INFO - Processing /home/airflow/.local/lib/python3.12/site-packages/airflow/example_dags/example_short_circuit_operator.py took 0.115 seconds
[2025-04-02T10:06:07.960+0000] {processor.py:186} INFO - Started process (PID=1746) to work on /home/airflow/.local/lib/python3.12/site-packages/airflow/example_dags/example_short_circuit_operator.py
[2025-04-02T10:06:07.963+0000] {processor.py:914} INFO - Processing file /home/airflow/.local/lib/python3.12/site-packages/airflow/example_dags/example_short_circuit_operator.py for tasks to queue
[2025-04-02T10:06:07.965+0000] {logging_mixin.py:190} INFO - [2025-04-02T10:06:07.965+0000] {dagbag.py:588} INFO - Filling up the DagBag from /home/airflow/.local/lib/python3.12/site-packages/airflow/example_dags/example_short_circuit_operator.py
[2025-04-02T10:06:07.984+0000] {processor.py:925} INFO - DAG(s) 'example_short_circuit_operator' retrieved from /home/airflow/.local/lib/python3.12/site-packages/airflow/example_dags/example_short_circuit_operator.py
[2025-04-02T10:06:08.030+0000] {logging_mixin.py:190} INFO - [2025-04-02T10:06:08.029+0000] {dag.py:3239} INFO - Sync 1 DAGs
[2025-04-02T10:06:08.067+0000] {logging_mixin.py:190} INFO - [2025-04-02T10:06:08.066+0000] {dag.py:4180} INFO - Setting next_dagrun for example_short_circuit_operator to None, run_after=None
[2025-04-02T10:06:08.108+0000] {processor.py:208} INFO - Processing /home/airflow/.local/lib/python3.12/site-packages/airflow/example_dags/example_short_circuit_operator.py took 0.163 seconds
[2025-04-02T10:06:38.644+0000] {processor.py:186} INFO - Started process (PID=1815) to work on /home/airflow/.local/lib/python3.12/site-packages/airflow/example_dags/example_short_circuit_operator.py
[2025-04-02T10:06:38.647+0000] {processor.py:914} INFO - Processing file /home/airflow/.local/lib/python3.12/site-packages/airflow/example_dags/example_short_circuit_operator.py for tasks to queue
[2025-04-02T10:06:38.651+0000] {logging_mixin.py:190} INFO - [2025-04-02T10:06:38.650+0000] {dagbag.py:588} INFO - Filling up the DagBag from /home/airflow/.local/lib/python3.12/site-packages/airflow/example_dags/example_short_circuit_operator.py
[2025-04-02T10:06:38.663+0000] {processor.py:925} INFO - DAG(s) 'example_short_circuit_operator' retrieved from /home/airflow/.local/lib/python3.12/site-packages/airflow/example_dags/example_short_circuit_operator.py
[2025-04-02T10:06:38.696+0000] {logging_mixin.py:190} INFO - [2025-04-02T10:06:38.696+0000] {dag.py:3239} INFO - Sync 1 DAGs
[2025-04-02T10:06:38.728+0000] {logging_mixin.py:190} INFO - [2025-04-02T10:06:38.728+0000] {dag.py:4180} INFO - Setting next_dagrun for example_short_circuit_operator to None, run_after=None
[2025-04-02T10:06:38.778+0000] {processor.py:208} INFO - Processing /home/airflow/.local/lib/python3.12/site-packages/airflow/example_dags/example_short_circuit_operator.py took 0.143 seconds
[2025-04-02T10:07:09.228+0000] {processor.py:186} INFO - Started process (PID=1878) to work on /home/airflow/.local/lib/python3.12/site-packages/airflow/example_dags/example_short_circuit_operator.py
[2025-04-02T10:07:09.229+0000] {processor.py:914} INFO - Processing file /home/airflow/.local/lib/python3.12/site-packages/airflow/example_dags/example_short_circuit_operator.py for tasks to queue
[2025-04-02T10:07:09.231+0000] {logging_mixin.py:190} INFO - [2025-04-02T10:07:09.231+0000] {dagbag.py:588} INFO - Filling up the DagBag from /home/airflow/.local/lib/python3.12/site-packages/airflow/example_dags/example_short_circuit_operator.py
[2025-04-02T10:07:09.245+0000] {processor.py:925} INFO - DAG(s) 'example_short_circuit_operator' retrieved from /home/airflow/.local/lib/python3.12/site-packages/airflow/example_dags/example_short_circuit_operator.py
[2025-04-02T10:07:09.274+0000] {logging_mixin.py:190} INFO - [2025-04-02T10:07:09.274+0000] {dag.py:3239} INFO - Sync 1 DAGs
[2025-04-02T10:07:09.297+0000] {logging_mixin.py:190} INFO - [2025-04-02T10:07:09.296+0000] {dag.py:4180} INFO - Setting next_dagrun for example_short_circuit_operator to None, run_after=None
[2025-04-02T10:07:09.327+0000] {processor.py:208} INFO - Processing /home/airflow/.local/lib/python3.12/site-packages/airflow/example_dags/example_short_circuit_operator.py took 0.107 seconds
[2025-04-02T10:07:39.683+0000] {processor.py:186} INFO - Started process (PID=1941) to work on /home/airflow/.local/lib/python3.12/site-packages/airflow/example_dags/example_short_circuit_operator.py
[2025-04-02T10:07:39.685+0000] {processor.py:914} INFO - Processing file /home/airflow/.local/lib/python3.12/site-packages/airflow/example_dags/example_short_circuit_operator.py for tasks to queue
[2025-04-02T10:07:39.687+0000] {logging_mixin.py:190} INFO - [2025-04-02T10:07:39.686+0000] {dagbag.py:588} INFO - Filling up the DagBag from /home/airflow/.local/lib/python3.12/site-packages/airflow/example_dags/example_short_circuit_operator.py
[2025-04-02T10:07:39.701+0000] {processor.py:925} INFO - DAG(s) 'example_short_circuit_operator' retrieved from /home/airflow/.local/lib/python3.12/site-packages/airflow/example_dags/example_short_circuit_operator.py
[2025-04-02T10:07:39.736+0000] {logging_mixin.py:190} INFO - [2025-04-02T10:07:39.736+0000] {dag.py:3239} INFO - Sync 1 DAGs
[2025-04-02T10:07:39.759+0000] {logging_mixin.py:190} INFO - [2025-04-02T10:07:39.759+0000] {dag.py:4180} INFO - Setting next_dagrun for example_short_circuit_operator to None, run_after=None
[2025-04-02T10:07:39.788+0000] {processor.py:208} INFO - Processing /home/airflow/.local/lib/python3.12/site-packages/airflow/example_dags/example_short_circuit_operator.py took 0.111 seconds
[2025-04-02T10:08:09.880+0000] {processor.py:186} INFO - Started process (PID=2004) to work on /home/airflow/.local/lib/python3.12/site-packages/airflow/example_dags/example_short_circuit_operator.py
[2025-04-02T10:08:09.881+0000] {processor.py:914} INFO - Processing file /home/airflow/.local/lib/python3.12/site-packages/airflow/example_dags/example_short_circuit_operator.py for tasks to queue
[2025-04-02T10:08:09.883+0000] {logging_mixin.py:190} INFO - [2025-04-02T10:08:09.883+0000] {dagbag.py:588} INFO - Filling up the DagBag from /home/airflow/.local/lib/python3.12/site-packages/airflow/example_dags/example_short_circuit_operator.py
[2025-04-02T10:08:09.894+0000] {processor.py:925} INFO - DAG(s) 'example_short_circuit_operator' retrieved from /home/airflow/.local/lib/python3.12/site-packages/airflow/example_dags/example_short_circuit_operator.py
[2025-04-02T10:08:09.925+0000] {logging_mixin.py:190} INFO - [2025-04-02T10:08:09.924+0000] {dag.py:3239} INFO - Sync 1 DAGs
[2025-04-02T10:08:09.946+0000] {logging_mixin.py:190} INFO - [2025-04-02T10:08:09.946+0000] {dag.py:4180} INFO - Setting next_dagrun for example_short_circuit_operator to None, run_after=None
[2025-04-02T10:08:09.972+0000] {processor.py:208} INFO - Processing /home/airflow/.local/lib/python3.12/site-packages/airflow/example_dags/example_short_circuit_operator.py took 0.098 seconds
[2025-04-02T10:08:40.218+0000] {processor.py:186} INFO - Started process (PID=2067) to work on /home/airflow/.local/lib/python3.12/site-packages/airflow/example_dags/example_short_circuit_operator.py
[2025-04-02T10:08:40.219+0000] {processor.py:914} INFO - Processing file /home/airflow/.local/lib/python3.12/site-packages/airflow/example_dags/example_short_circuit_operator.py for tasks to queue
[2025-04-02T10:08:40.222+0000] {logging_mixin.py:190} INFO - [2025-04-02T10:08:40.221+0000] {dagbag.py:588} INFO - Filling up the DagBag from /home/airflow/.local/lib/python3.12/site-packages/airflow/example_dags/example_short_circuit_operator.py
[2025-04-02T10:08:40.233+0000] {processor.py:925} INFO - DAG(s) 'example_short_circuit_operator' retrieved from /home/airflow/.local/lib/python3.12/site-packages/airflow/example_dags/example_short_circuit_operator.py
[2025-04-02T10:08:40.264+0000] {logging_mixin.py:190} INFO - [2025-04-02T10:08:40.263+0000] {dag.py:3239} INFO - Sync 1 DAGs
[2025-04-02T10:08:40.286+0000] {logging_mixin.py:190} INFO - [2025-04-02T10:08:40.286+0000] {dag.py:4180} INFO - Setting next_dagrun for example_short_circuit_operator to None, run_after=None
[2025-04-02T10:08:40.314+0000] {processor.py:208} INFO - Processing /home/airflow/.local/lib/python3.12/site-packages/airflow/example_dags/example_short_circuit_operator.py took 0.103 seconds
[2025-04-02T10:09:10.596+0000] {processor.py:186} INFO - Started process (PID=2130) to work on /home/airflow/.local/lib/python3.12/site-packages/airflow/example_dags/example_short_circuit_operator.py
[2025-04-02T10:09:10.598+0000] {processor.py:914} INFO - Processing file /home/airflow/.local/lib/python3.12/site-packages/airflow/example_dags/example_short_circuit_operator.py for tasks to queue
[2025-04-02T10:09:10.600+0000] {logging_mixin.py:190} INFO - [2025-04-02T10:09:10.599+0000] {dagbag.py:588} INFO - Filling up the DagBag from /home/airflow/.local/lib/python3.12/site-packages/airflow/example_dags/example_short_circuit_operator.py
[2025-04-02T10:09:10.614+0000] {processor.py:925} INFO - DAG(s) 'example_short_circuit_operator' retrieved from /home/airflow/.local/lib/python3.12/site-packages/airflow/example_dags/example_short_circuit_operator.py
[2025-04-02T10:09:10.646+0000] {logging_mixin.py:190} INFO - [2025-04-02T10:09:10.645+0000] {dag.py:3239} INFO - Sync 1 DAGs
[2025-04-02T10:09:10.670+0000] {logging_mixin.py:190} INFO - [2025-04-02T10:09:10.670+0000] {dag.py:4180} INFO - Setting next_dagrun for example_short_circuit_operator to None, run_after=None
[2025-04-02T10:09:10.703+0000] {processor.py:208} INFO - Processing /home/airflow/.local/lib/python3.12/site-packages/airflow/example_dags/example_short_circuit_operator.py took 0.116 seconds
[2025-04-02T10:09:41.642+0000] {processor.py:186} INFO - Started process (PID=2194) to work on /home/airflow/.local/lib/python3.12/site-packages/airflow/example_dags/example_short_circuit_operator.py
[2025-04-02T10:09:41.644+0000] {processor.py:914} INFO - Processing file /home/airflow/.local/lib/python3.12/site-packages/airflow/example_dags/example_short_circuit_operator.py for tasks to queue
[2025-04-02T10:09:41.646+0000] {logging_mixin.py:190} INFO - [2025-04-02T10:09:41.645+0000] {dagbag.py:588} INFO - Filling up the DagBag from /home/airflow/.local/lib/python3.12/site-packages/airflow/example_dags/example_short_circuit_operator.py
[2025-04-02T10:09:41.658+0000] {processor.py:925} INFO - DAG(s) 'example_short_circuit_operator' retrieved from /home/airflow/.local/lib/python3.12/site-packages/airflow/example_dags/example_short_circuit_operator.py
[2025-04-02T10:09:41.689+0000] {logging_mixin.py:190} INFO - [2025-04-02T10:09:41.688+0000] {dag.py:3239} INFO - Sync 1 DAGs
[2025-04-02T10:09:41.711+0000] {logging_mixin.py:190} INFO - [2025-04-02T10:09:41.711+0000] {dag.py:4180} INFO - Setting next_dagrun for example_short_circuit_operator to None, run_after=None
[2025-04-02T10:09:41.740+0000] {processor.py:208} INFO - Processing /home/airflow/.local/lib/python3.12/site-packages/airflow/example_dags/example_short_circuit_operator.py took 0.107 seconds
[2025-04-02T10:10:11.867+0000] {processor.py:186} INFO - Started process (PID=2257) to work on /home/airflow/.local/lib/python3.12/site-packages/airflow/example_dags/example_short_circuit_operator.py
[2025-04-02T10:10:11.868+0000] {processor.py:914} INFO - Processing file /home/airflow/.local/lib/python3.12/site-packages/airflow/example_dags/example_short_circuit_operator.py for tasks to queue
[2025-04-02T10:10:11.871+0000] {logging_mixin.py:190} INFO - [2025-04-02T10:10:11.871+0000] {dagbag.py:588} INFO - Filling up the DagBag from /home/airflow/.local/lib/python3.12/site-packages/airflow/example_dags/example_short_circuit_operator.py
[2025-04-02T10:10:11.882+0000] {processor.py:925} INFO - DAG(s) 'example_short_circuit_operator' retrieved from /home/airflow/.local/lib/python3.12/site-packages/airflow/example_dags/example_short_circuit_operator.py
[2025-04-02T10:10:11.915+0000] {logging_mixin.py:190} INFO - [2025-04-02T10:10:11.914+0000] {dag.py:3239} INFO - Sync 1 DAGs
[2025-04-02T10:10:11.936+0000] {logging_mixin.py:190} INFO - [2025-04-02T10:10:11.936+0000] {dag.py:4180} INFO - Setting next_dagrun for example_short_circuit_operator to None, run_after=None
[2025-04-02T10:10:11.965+0000] {processor.py:208} INFO - Processing /home/airflow/.local/lib/python3.12/site-packages/airflow/example_dags/example_short_circuit_operator.py took 0.106 seconds
[2025-04-02T10:10:42.415+0000] {processor.py:186} INFO - Started process (PID=2320) to work on /home/airflow/.local/lib/python3.12/site-packages/airflow/example_dags/example_short_circuit_operator.py
[2025-04-02T10:10:42.417+0000] {processor.py:914} INFO - Processing file /home/airflow/.local/lib/python3.12/site-packages/airflow/example_dags/example_short_circuit_operator.py for tasks to queue
[2025-04-02T10:10:42.419+0000] {logging_mixin.py:190} INFO - [2025-04-02T10:10:42.419+0000] {dagbag.py:588} INFO - Filling up the DagBag from /home/airflow/.local/lib/python3.12/site-packages/airflow/example_dags/example_short_circuit_operator.py
[2025-04-02T10:10:42.433+0000] {processor.py:925} INFO - DAG(s) 'example_short_circuit_operator' retrieved from /home/airflow/.local/lib/python3.12/site-packages/airflow/example_dags/example_short_circuit_operator.py
[2025-04-02T10:10:42.467+0000] {logging_mixin.py:190} INFO - [2025-04-02T10:10:42.467+0000] {dag.py:3239} INFO - Sync 1 DAGs
[2025-04-02T10:10:42.495+0000] {logging_mixin.py:190} INFO - [2025-04-02T10:10:42.494+0000] {dag.py:4180} INFO - Setting next_dagrun for example_short_circuit_operator to None, run_after=None
[2025-04-02T10:10:42.534+0000] {processor.py:208} INFO - Processing /home/airflow/.local/lib/python3.12/site-packages/airflow/example_dags/example_short_circuit_operator.py took 0.130 seconds
[2025-04-02T10:11:12.893+0000] {processor.py:186} INFO - Started process (PID=2383) to work on /home/airflow/.local/lib/python3.12/site-packages/airflow/example_dags/example_short_circuit_operator.py
[2025-04-02T10:11:12.896+0000] {processor.py:914} INFO - Processing file /home/airflow/.local/lib/python3.12/site-packages/airflow/example_dags/example_short_circuit_operator.py for tasks to queue
[2025-04-02T10:11:12.898+0000] {logging_mixin.py:190} INFO - [2025-04-02T10:11:12.897+0000] {dagbag.py:588} INFO - Filling up the DagBag from /home/airflow/.local/lib/python3.12/site-packages/airflow/example_dags/example_short_circuit_operator.py
[2025-04-02T10:11:12.911+0000] {processor.py:925} INFO - DAG(s) 'example_short_circuit_operator' retrieved from /home/airflow/.local/lib/python3.12/site-packages/airflow/example_dags/example_short_circuit_operator.py
[2025-04-02T10:11:12.944+0000] {logging_mixin.py:190} INFO - [2025-04-02T10:11:12.944+0000] {dag.py:3239} INFO - Sync 1 DAGs
[2025-04-02T10:11:12.964+0000] {logging_mixin.py:190} INFO - [2025-04-02T10:11:12.964+0000] {dag.py:4180} INFO - Setting next_dagrun for example_short_circuit_operator to None, run_after=None
[2025-04-02T10:11:12.991+0000] {processor.py:208} INFO - Processing /home/airflow/.local/lib/python3.12/site-packages/airflow/example_dags/example_short_circuit_operator.py took 0.105 seconds
[2025-04-02T10:11:43.425+0000] {processor.py:186} INFO - Started process (PID=2447) to work on /home/airflow/.local/lib/python3.12/site-packages/airflow/example_dags/example_short_circuit_operator.py
[2025-04-02T10:11:43.428+0000] {processor.py:914} INFO - Processing file /home/airflow/.local/lib/python3.12/site-packages/airflow/example_dags/example_short_circuit_operator.py for tasks to queue
[2025-04-02T10:11:43.431+0000] {logging_mixin.py:190} INFO - [2025-04-02T10:11:43.430+0000] {dagbag.py:588} INFO - Filling up the DagBag from /home/airflow/.local/lib/python3.12/site-packages/airflow/example_dags/example_short_circuit_operator.py
[2025-04-02T10:11:43.455+0000] {processor.py:925} INFO - DAG(s) 'example_short_circuit_operator' retrieved from /home/airflow/.local/lib/python3.12/site-packages/airflow/example_dags/example_short_circuit_operator.py
[2025-04-02T10:11:43.498+0000] {logging_mixin.py:190} INFO - [2025-04-02T10:11:43.498+0000] {dag.py:3239} INFO - Sync 1 DAGs
[2025-04-02T10:11:43.520+0000] {logging_mixin.py:190} INFO - [2025-04-02T10:11:43.520+0000] {dag.py:4180} INFO - Setting next_dagrun for example_short_circuit_operator to None, run_after=None
[2025-04-02T10:11:43.555+0000] {processor.py:208} INFO - Processing /home/airflow/.local/lib/python3.12/site-packages/airflow/example_dags/example_short_circuit_operator.py took 0.144 seconds
[2025-04-02T10:12:13.737+0000] {processor.py:186} INFO - Started process (PID=2511) to work on /home/airflow/.local/lib/python3.12/site-packages/airflow/example_dags/example_short_circuit_operator.py
[2025-04-02T10:12:13.739+0000] {processor.py:914} INFO - Processing file /home/airflow/.local/lib/python3.12/site-packages/airflow/example_dags/example_short_circuit_operator.py for tasks to queue
[2025-04-02T10:12:13.741+0000] {logging_mixin.py:190} INFO - [2025-04-02T10:12:13.740+0000] {dagbag.py:588} INFO - Filling up the DagBag from /home/airflow/.local/lib/python3.12/site-packages/airflow/example_dags/example_short_circuit_operator.py
[2025-04-02T10:12:13.753+0000] {processor.py:925} INFO - DAG(s) 'example_short_circuit_operator' retrieved from /home/airflow/.local/lib/python3.12/site-packages/airflow/example_dags/example_short_circuit_operator.py
[2025-04-02T10:12:13.783+0000] {logging_mixin.py:190} INFO - [2025-04-02T10:12:13.783+0000] {dag.py:3239} INFO - Sync 1 DAGs
[2025-04-02T10:12:13.805+0000] {logging_mixin.py:190} INFO - [2025-04-02T10:12:13.805+0000] {dag.py:4180} INFO - Setting next_dagrun for example_short_circuit_operator to None, run_after=None
[2025-04-02T10:12:13.833+0000] {processor.py:208} INFO - Processing /home/airflow/.local/lib/python3.12/site-packages/airflow/example_dags/example_short_circuit_operator.py took 0.104 seconds
[2025-04-02T10:12:44.269+0000] {processor.py:186} INFO - Started process (PID=2574) to work on /home/airflow/.local/lib/python3.12/site-packages/airflow/example_dags/example_short_circuit_operator.py
[2025-04-02T10:12:44.270+0000] {processor.py:914} INFO - Processing file /home/airflow/.local/lib/python3.12/site-packages/airflow/example_dags/example_short_circuit_operator.py for tasks to queue
[2025-04-02T10:12:44.272+0000] {logging_mixin.py:190} INFO - [2025-04-02T10:12:44.272+0000] {dagbag.py:588} INFO - Filling up the DagBag from /home/airflow/.local/lib/python3.12/site-packages/airflow/example_dags/example_short_circuit_operator.py
[2025-04-02T10:12:44.287+0000] {processor.py:925} INFO - DAG(s) 'example_short_circuit_operator' retrieved from /home/airflow/.local/lib/python3.12/site-packages/airflow/example_dags/example_short_circuit_operator.py
[2025-04-02T10:12:44.325+0000] {logging_mixin.py:190} INFO - [2025-04-02T10:12:44.325+0000] {dag.py:3239} INFO - Sync 1 DAGs
[2025-04-02T10:12:44.365+0000] {logging_mixin.py:190} INFO - [2025-04-02T10:12:44.364+0000] {dag.py:4180} INFO - Setting next_dagrun for example_short_circuit_operator to None, run_after=None
[2025-04-02T10:12:44.400+0000] {processor.py:208} INFO - Processing /home/airflow/.local/lib/python3.12/site-packages/airflow/example_dags/example_short_circuit_operator.py took 0.142 seconds
[2025-04-02T10:13:14.860+0000] {processor.py:186} INFO - Started process (PID=2637) to work on /home/airflow/.local/lib/python3.12/site-packages/airflow/example_dags/example_short_circuit_operator.py
[2025-04-02T10:13:14.864+0000] {processor.py:914} INFO - Processing file /home/airflow/.local/lib/python3.12/site-packages/airflow/example_dags/example_short_circuit_operator.py for tasks to queue
[2025-04-02T10:13:14.871+0000] {logging_mixin.py:190} INFO - [2025-04-02T10:13:14.868+0000] {dagbag.py:588} INFO - Filling up the DagBag from /home/airflow/.local/lib/python3.12/site-packages/airflow/example_dags/example_short_circuit_operator.py
[2025-04-02T10:13:14.886+0000] {processor.py:925} INFO - DAG(s) 'example_short_circuit_operator' retrieved from /home/airflow/.local/lib/python3.12/site-packages/airflow/example_dags/example_short_circuit_operator.py
[2025-04-02T10:13:14.928+0000] {logging_mixin.py:190} INFO - [2025-04-02T10:13:14.928+0000] {dag.py:3239} INFO - Sync 1 DAGs
[2025-04-02T10:13:14.961+0000] {logging_mixin.py:190} INFO - [2025-04-02T10:13:14.960+0000] {dag.py:4180} INFO - Setting next_dagrun for example_short_circuit_operator to None, run_after=None
[2025-04-02T10:13:15.012+0000] {processor.py:208} INFO - Processing /home/airflow/.local/lib/python3.12/site-packages/airflow/example_dags/example_short_circuit_operator.py took 0.162 seconds
[2025-04-02T13:35:41.117+0000] {processor.py:186} INFO - Started process (PID=2726) to work on /home/airflow/.local/lib/python3.12/site-packages/airflow/example_dags/example_short_circuit_operator.py
[2025-04-02T13:35:41.119+0000] {processor.py:914} INFO - Processing file /home/airflow/.local/lib/python3.12/site-packages/airflow/example_dags/example_short_circuit_operator.py for tasks to queue
[2025-04-02T13:35:41.123+0000] {logging_mixin.py:190} INFO - [2025-04-02T13:35:41.122+0000] {dagbag.py:588} INFO - Filling up the DagBag from /home/airflow/.local/lib/python3.12/site-packages/airflow/example_dags/example_short_circuit_operator.py
[2025-04-02T13:35:41.151+0000] {processor.py:925} INFO - DAG(s) 'example_short_circuit_operator' retrieved from /home/airflow/.local/lib/python3.12/site-packages/airflow/example_dags/example_short_circuit_operator.py
[2025-04-02T13:35:41.223+0000] {logging_mixin.py:190} INFO - [2025-04-02T13:35:41.222+0000] {dag.py:3239} INFO - Sync 1 DAGs
[2025-04-02T13:35:41.296+0000] {logging_mixin.py:190} INFO - [2025-04-02T13:35:41.295+0000] {dag.py:4180} INFO - Setting next_dagrun for example_short_circuit_operator to None, run_after=None
[2025-04-02T13:35:41.344+0000] {processor.py:208} INFO - Processing /home/airflow/.local/lib/python3.12/site-packages/airflow/example_dags/example_short_circuit_operator.py took 0.243 seconds
[2025-04-02T13:36:11.970+0000] {processor.py:186} INFO - Started process (PID=2789) to work on /home/airflow/.local/lib/python3.12/site-packages/airflow/example_dags/example_short_circuit_operator.py
[2025-04-02T13:36:11.971+0000] {processor.py:914} INFO - Processing file /home/airflow/.local/lib/python3.12/site-packages/airflow/example_dags/example_short_circuit_operator.py for tasks to queue
[2025-04-02T13:36:11.973+0000] {logging_mixin.py:190} INFO - [2025-04-02T13:36:11.973+0000] {dagbag.py:588} INFO - Filling up the DagBag from /home/airflow/.local/lib/python3.12/site-packages/airflow/example_dags/example_short_circuit_operator.py
[2025-04-02T13:36:11.988+0000] {processor.py:925} INFO - DAG(s) 'example_short_circuit_operator' retrieved from /home/airflow/.local/lib/python3.12/site-packages/airflow/example_dags/example_short_circuit_operator.py
[2025-04-02T13:36:12.021+0000] {logging_mixin.py:190} INFO - [2025-04-02T13:36:12.020+0000] {dag.py:3239} INFO - Sync 1 DAGs
[2025-04-02T13:36:12.050+0000] {logging_mixin.py:190} INFO - [2025-04-02T13:36:12.049+0000] {dag.py:4180} INFO - Setting next_dagrun for example_short_circuit_operator to None, run_after=None
[2025-04-02T13:36:12.091+0000] {processor.py:208} INFO - Processing /home/airflow/.local/lib/python3.12/site-packages/airflow/example_dags/example_short_circuit_operator.py took 0.131 seconds
[2025-04-02T13:36:42.181+0000] {processor.py:186} INFO - Started process (PID=2851) to work on /home/airflow/.local/lib/python3.12/site-packages/airflow/example_dags/example_short_circuit_operator.py
[2025-04-02T13:36:42.183+0000] {processor.py:914} INFO - Processing file /home/airflow/.local/lib/python3.12/site-packages/airflow/example_dags/example_short_circuit_operator.py for tasks to queue
[2025-04-02T13:36:42.186+0000] {logging_mixin.py:190} INFO - [2025-04-02T13:36:42.185+0000] {dagbag.py:588} INFO - Filling up the DagBag from /home/airflow/.local/lib/python3.12/site-packages/airflow/example_dags/example_short_circuit_operator.py
[2025-04-02T13:36:42.199+0000] {processor.py:925} INFO - DAG(s) 'example_short_circuit_operator' retrieved from /home/airflow/.local/lib/python3.12/site-packages/airflow/example_dags/example_short_circuit_operator.py
[2025-04-02T13:36:42.230+0000] {logging_mixin.py:190} INFO - [2025-04-02T13:36:42.229+0000] {dag.py:3239} INFO - Sync 1 DAGs
[2025-04-02T13:36:42.252+0000] {logging_mixin.py:190} INFO - [2025-04-02T13:36:42.251+0000] {dag.py:4180} INFO - Setting next_dagrun for example_short_circuit_operator to None, run_after=None
[2025-04-02T13:36:42.281+0000] {processor.py:208} INFO - Processing /home/airflow/.local/lib/python3.12/site-packages/airflow/example_dags/example_short_circuit_operator.py took 0.109 seconds
[2025-04-02T13:37:12.792+0000] {processor.py:186} INFO - Started process (PID=2914) to work on /home/airflow/.local/lib/python3.12/site-packages/airflow/example_dags/example_short_circuit_operator.py
[2025-04-02T13:37:12.793+0000] {processor.py:914} INFO - Processing file /home/airflow/.local/lib/python3.12/site-packages/airflow/example_dags/example_short_circuit_operator.py for tasks to queue
[2025-04-02T13:37:12.795+0000] {logging_mixin.py:190} INFO - [2025-04-02T13:37:12.795+0000] {dagbag.py:588} INFO - Filling up the DagBag from /home/airflow/.local/lib/python3.12/site-packages/airflow/example_dags/example_short_circuit_operator.py
[2025-04-02T13:37:12.807+0000] {processor.py:925} INFO - DAG(s) 'example_short_circuit_operator' retrieved from /home/airflow/.local/lib/python3.12/site-packages/airflow/example_dags/example_short_circuit_operator.py
[2025-04-02T13:37:12.841+0000] {logging_mixin.py:190} INFO - [2025-04-02T13:37:12.840+0000] {dag.py:3239} INFO - Sync 1 DAGs
[2025-04-02T13:37:12.862+0000] {logging_mixin.py:190} INFO - [2025-04-02T13:37:12.862+0000] {dag.py:4180} INFO - Setting next_dagrun for example_short_circuit_operator to None, run_after=None
[2025-04-02T13:37:12.893+0000] {processor.py:208} INFO - Processing /home/airflow/.local/lib/python3.12/site-packages/airflow/example_dags/example_short_circuit_operator.py took 0.111 seconds
[2025-04-02T13:37:43.352+0000] {processor.py:186} INFO - Started process (PID=2977) to work on /home/airflow/.local/lib/python3.12/site-packages/airflow/example_dags/example_short_circuit_operator.py
[2025-04-02T13:37:43.354+0000] {processor.py:914} INFO - Processing file /home/airflow/.local/lib/python3.12/site-packages/airflow/example_dags/example_short_circuit_operator.py for tasks to queue
[2025-04-02T13:37:43.355+0000] {logging_mixin.py:190} INFO - [2025-04-02T13:37:43.355+0000] {dagbag.py:588} INFO - Filling up the DagBag from /home/airflow/.local/lib/python3.12/site-packages/airflow/example_dags/example_short_circuit_operator.py
[2025-04-02T13:37:43.366+0000] {processor.py:925} INFO - DAG(s) 'example_short_circuit_operator' retrieved from /home/airflow/.local/lib/python3.12/site-packages/airflow/example_dags/example_short_circuit_operator.py
[2025-04-02T13:37:43.399+0000] {logging_mixin.py:190} INFO - [2025-04-02T13:37:43.399+0000] {dag.py:3239} INFO - Sync 1 DAGs
[2025-04-02T13:37:43.418+0000] {logging_mixin.py:190} INFO - [2025-04-02T13:37:43.418+0000] {dag.py:4180} INFO - Setting next_dagrun for example_short_circuit_operator to None, run_after=None
[2025-04-02T13:37:43.449+0000] {processor.py:208} INFO - Processing /home/airflow/.local/lib/python3.12/site-packages/airflow/example_dags/example_short_circuit_operator.py took 0.102 seconds
[2025-04-02T13:38:13.684+0000] {processor.py:186} INFO - Started process (PID=3039) to work on /home/airflow/.local/lib/python3.12/site-packages/airflow/example_dags/example_short_circuit_operator.py
[2025-04-02T13:38:13.686+0000] {processor.py:914} INFO - Processing file /home/airflow/.local/lib/python3.12/site-packages/airflow/example_dags/example_short_circuit_operator.py for tasks to queue
[2025-04-02T13:38:13.688+0000] {logging_mixin.py:190} INFO - [2025-04-02T13:38:13.688+0000] {dagbag.py:588} INFO - Filling up the DagBag from /home/airflow/.local/lib/python3.12/site-packages/airflow/example_dags/example_short_circuit_operator.py
[2025-04-02T13:38:13.698+0000] {processor.py:925} INFO - DAG(s) 'example_short_circuit_operator' retrieved from /home/airflow/.local/lib/python3.12/site-packages/airflow/example_dags/example_short_circuit_operator.py
[2025-04-02T13:38:13.732+0000] {logging_mixin.py:190} INFO - [2025-04-02T13:38:13.732+0000] {dag.py:3239} INFO - Sync 1 DAGs
[2025-04-02T13:38:13.753+0000] {logging_mixin.py:190} INFO - [2025-04-02T13:38:13.752+0000] {dag.py:4180} INFO - Setting next_dagrun for example_short_circuit_operator to None, run_after=None
[2025-04-02T13:38:13.780+0000] {processor.py:208} INFO - Processing /home/airflow/.local/lib/python3.12/site-packages/airflow/example_dags/example_short_circuit_operator.py took 0.104 seconds
[2025-04-02T13:38:44.139+0000] {processor.py:186} INFO - Started process (PID=3102) to work on /home/airflow/.local/lib/python3.12/site-packages/airflow/example_dags/example_short_circuit_operator.py
[2025-04-02T13:38:44.141+0000] {processor.py:914} INFO - Processing file /home/airflow/.local/lib/python3.12/site-packages/airflow/example_dags/example_short_circuit_operator.py for tasks to queue
[2025-04-02T13:38:44.143+0000] {logging_mixin.py:190} INFO - [2025-04-02T13:38:44.143+0000] {dagbag.py:588} INFO - Filling up the DagBag from /home/airflow/.local/lib/python3.12/site-packages/airflow/example_dags/example_short_circuit_operator.py
[2025-04-02T13:38:44.158+0000] {processor.py:925} INFO - DAG(s) 'example_short_circuit_operator' retrieved from /home/airflow/.local/lib/python3.12/site-packages/airflow/example_dags/example_short_circuit_operator.py
[2025-04-02T13:38:44.189+0000] {logging_mixin.py:190} INFO - [2025-04-02T13:38:44.189+0000] {dag.py:3239} INFO - Sync 1 DAGs
[2025-04-02T13:38:44.209+0000] {logging_mixin.py:190} INFO - [2025-04-02T13:38:44.209+0000] {dag.py:4180} INFO - Setting next_dagrun for example_short_circuit_operator to None, run_after=None
[2025-04-02T13:38:44.239+0000] {processor.py:208} INFO - Processing /home/airflow/.local/lib/python3.12/site-packages/airflow/example_dags/example_short_circuit_operator.py took 0.108 seconds
[2025-04-02T13:39:14.383+0000] {processor.py:186} INFO - Started process (PID=3165) to work on /home/airflow/.local/lib/python3.12/site-packages/airflow/example_dags/example_short_circuit_operator.py
[2025-04-02T13:39:14.385+0000] {processor.py:914} INFO - Processing file /home/airflow/.local/lib/python3.12/site-packages/airflow/example_dags/example_short_circuit_operator.py for tasks to queue
[2025-04-02T13:39:14.386+0000] {logging_mixin.py:190} INFO - [2025-04-02T13:39:14.386+0000] {dagbag.py:588} INFO - Filling up the DagBag from /home/airflow/.local/lib/python3.12/site-packages/airflow/example_dags/example_short_circuit_operator.py
[2025-04-02T13:39:14.398+0000] {processor.py:925} INFO - DAG(s) 'example_short_circuit_operator' retrieved from /home/airflow/.local/lib/python3.12/site-packages/airflow/example_dags/example_short_circuit_operator.py
[2025-04-02T13:39:14.432+0000] {logging_mixin.py:190} INFO - [2025-04-02T13:39:14.432+0000] {dag.py:3239} INFO - Sync 1 DAGs
[2025-04-02T13:39:14.453+0000] {logging_mixin.py:190} INFO - [2025-04-02T13:39:14.452+0000] {dag.py:4180} INFO - Setting next_dagrun for example_short_circuit_operator to None, run_after=None
[2025-04-02T13:39:14.477+0000] {processor.py:208} INFO - Processing /home/airflow/.local/lib/python3.12/site-packages/airflow/example_dags/example_short_circuit_operator.py took 0.102 seconds
[2025-04-02T13:39:44.962+0000] {processor.py:186} INFO - Started process (PID=3227) to work on /home/airflow/.local/lib/python3.12/site-packages/airflow/example_dags/example_short_circuit_operator.py
[2025-04-02T13:39:44.964+0000] {processor.py:914} INFO - Processing file /home/airflow/.local/lib/python3.12/site-packages/airflow/example_dags/example_short_circuit_operator.py for tasks to queue
[2025-04-02T13:39:44.966+0000] {logging_mixin.py:190} INFO - [2025-04-02T13:39:44.965+0000] {dagbag.py:588} INFO - Filling up the DagBag from /home/airflow/.local/lib/python3.12/site-packages/airflow/example_dags/example_short_circuit_operator.py
[2025-04-02T13:39:44.976+0000] {processor.py:925} INFO - DAG(s) 'example_short_circuit_operator' retrieved from /home/airflow/.local/lib/python3.12/site-packages/airflow/example_dags/example_short_circuit_operator.py
[2025-04-02T13:39:45.006+0000] {logging_mixin.py:190} INFO - [2025-04-02T13:39:45.006+0000] {dag.py:3239} INFO - Sync 1 DAGs
[2025-04-02T13:39:45.028+0000] {logging_mixin.py:190} INFO - [2025-04-02T13:39:45.027+0000] {dag.py:4180} INFO - Setting next_dagrun for example_short_circuit_operator to None, run_after=None
[2025-04-02T13:39:45.053+0000] {processor.py:208} INFO - Processing /home/airflow/.local/lib/python3.12/site-packages/airflow/example_dags/example_short_circuit_operator.py took 0.098 seconds
[2025-04-02T13:40:15.567+0000] {processor.py:186} INFO - Started process (PID=3290) to work on /home/airflow/.local/lib/python3.12/site-packages/airflow/example_dags/example_short_circuit_operator.py
[2025-04-02T13:40:15.568+0000] {processor.py:914} INFO - Processing file /home/airflow/.local/lib/python3.12/site-packages/airflow/example_dags/example_short_circuit_operator.py for tasks to queue
[2025-04-02T13:40:15.570+0000] {logging_mixin.py:190} INFO - [2025-04-02T13:40:15.569+0000] {dagbag.py:588} INFO - Filling up the DagBag from /home/airflow/.local/lib/python3.12/site-packages/airflow/example_dags/example_short_circuit_operator.py
[2025-04-02T13:40:15.583+0000] {processor.py:925} INFO - DAG(s) 'example_short_circuit_operator' retrieved from /home/airflow/.local/lib/python3.12/site-packages/airflow/example_dags/example_short_circuit_operator.py
[2025-04-02T13:40:15.619+0000] {logging_mixin.py:190} INFO - [2025-04-02T13:40:15.619+0000] {dag.py:3239} INFO - Sync 1 DAGs
[2025-04-02T13:40:15.640+0000] {logging_mixin.py:190} INFO - [2025-04-02T13:40:15.640+0000] {dag.py:4180} INFO - Setting next_dagrun for example_short_circuit_operator to None, run_after=None
[2025-04-02T13:40:15.668+0000] {processor.py:208} INFO - Processing /home/airflow/.local/lib/python3.12/site-packages/airflow/example_dags/example_short_circuit_operator.py took 0.110 seconds
[2025-04-02T13:40:46.749+0000] {processor.py:186} INFO - Started process (PID=3355) to work on /home/airflow/.local/lib/python3.12/site-packages/airflow/example_dags/example_short_circuit_operator.py
[2025-04-02T13:40:46.751+0000] {processor.py:914} INFO - Processing file /home/airflow/.local/lib/python3.12/site-packages/airflow/example_dags/example_short_circuit_operator.py for tasks to queue
[2025-04-02T13:40:46.754+0000] {logging_mixin.py:190} INFO - [2025-04-02T13:40:46.753+0000] {dagbag.py:588} INFO - Filling up the DagBag from /home/airflow/.local/lib/python3.12/site-packages/airflow/example_dags/example_short_circuit_operator.py
[2025-04-02T13:40:46.767+0000] {processor.py:925} INFO - DAG(s) 'example_short_circuit_operator' retrieved from /home/airflow/.local/lib/python3.12/site-packages/airflow/example_dags/example_short_circuit_operator.py
[2025-04-02T13:40:46.812+0000] {logging_mixin.py:190} INFO - [2025-04-02T13:40:46.812+0000] {dag.py:3239} INFO - Sync 1 DAGs
[2025-04-02T13:40:46.860+0000] {logging_mixin.py:190} INFO - [2025-04-02T13:40:46.860+0000] {dag.py:4180} INFO - Setting next_dagrun for example_short_circuit_operator to None, run_after=None
[2025-04-02T13:40:46.915+0000] {processor.py:208} INFO - Processing /home/airflow/.local/lib/python3.12/site-packages/airflow/example_dags/example_short_circuit_operator.py took 0.173 seconds
