[2025-04-02T09:04:28.024+0000] {processor.py:186} INFO - Started process (PID=73) to work on /home/airflow/.local/lib/python3.12/site-packages/airflow/example_dags/example_complex.py
[2025-04-02T09:04:28.026+0000] {processor.py:914} INFO - Processing file /home/airflow/.local/lib/python3.12/site-packages/airflow/example_dags/example_complex.py for tasks to queue
[2025-04-02T09:04:28.032+0000] {logging_mixin.py:190} INFO - [2025-04-02T09:04:28.031+0000] {dagbag.py:588} INFO - Filling up the DagBag from /home/airflow/.local/lib/python3.12/site-packages/airflow/example_dags/example_complex.py
[2025-04-02T09:04:28.058+0000] {processor.py:925} INFO - DAG(s) 'example_complex' retrieved from /home/airflow/.local/lib/python3.12/site-packages/airflow/example_dags/example_complex.py
[2025-04-02T09:04:28.432+0000] {logging_mixin.py:190} INFO - [2025-04-02T09:04:28.430+0000] {override.py:1912} INFO - Created Permission View: can delete on DAG:example_complex
[2025-04-02T09:04:28.448+0000] {logging_mixin.py:190} INFO - [2025-04-02T09:04:28.447+0000] {override.py:1912} INFO - Created Permission View: can edit on DAG:example_complex
[2025-04-02T09:04:28.462+0000] {logging_mixin.py:190} INFO - [2025-04-02T09:04:28.461+0000] {override.py:1912} INFO - Created Permission View: can read on DAG:example_complex
[2025-04-02T09:04:28.475+0000] {logging_mixin.py:190} INFO - [2025-04-02T09:04:28.474+0000] {override.py:1912} INFO - Created Permission View: can delete on DAG Run:example_complex
[2025-04-02T09:04:28.489+0000] {logging_mixin.py:190} INFO - [2025-04-02T09:04:28.488+0000] {override.py:1912} INFO - Created Permission View: menu access on DAG Run:example_complex
[2025-04-02T09:04:28.501+0000] {logging_mixin.py:190} INFO - [2025-04-02T09:04:28.500+0000] {override.py:1912} INFO - Created Permission View: can create on DAG Run:example_complex
[2025-04-02T09:04:28.517+0000] {logging_mixin.py:190} INFO - [2025-04-02T09:04:28.516+0000] {override.py:1912} INFO - Created Permission View: can read on DAG Run:example_complex
[2025-04-02T09:04:28.519+0000] {logging_mixin.py:190} INFO - [2025-04-02T09:04:28.518+0000] {dag.py:3239} INFO - Sync 1 DAGs
[2025-04-02T09:04:28.550+0000] {logging_mixin.py:190} INFO - [2025-04-02T09:04:28.550+0000] {dag.py:3262} INFO - Creating ORM DAG for example_complex
[2025-04-02T09:04:28.553+0000] {logging_mixin.py:190} INFO - [2025-04-02T09:04:28.552+0000] {dag.py:4180} INFO - Setting next_dagrun for example_complex to None, run_after=None
[2025-04-02T09:04:28.591+0000] {processor.py:208} INFO - Processing /home/airflow/.local/lib/python3.12/site-packages/airflow/example_dags/example_complex.py took 0.580 seconds
[2025-04-02T09:04:59.131+0000] {processor.py:186} INFO - Started process (PID=136) to work on /home/airflow/.local/lib/python3.12/site-packages/airflow/example_dags/example_complex.py
[2025-04-02T09:04:59.132+0000] {processor.py:914} INFO - Processing file /home/airflow/.local/lib/python3.12/site-packages/airflow/example_dags/example_complex.py for tasks to queue
[2025-04-02T09:04:59.134+0000] {logging_mixin.py:190} INFO - [2025-04-02T09:04:59.134+0000] {dagbag.py:588} INFO - Filling up the DagBag from /home/airflow/.local/lib/python3.12/site-packages/airflow/example_dags/example_complex.py
[2025-04-02T09:04:59.148+0000] {processor.py:925} INFO - DAG(s) 'example_complex' retrieved from /home/airflow/.local/lib/python3.12/site-packages/airflow/example_dags/example_complex.py
[2025-04-02T09:04:59.200+0000] {logging_mixin.py:190} INFO - [2025-04-02T09:04:59.199+0000] {dag.py:3239} INFO - Sync 1 DAGs
[2025-04-02T09:04:59.230+0000] {logging_mixin.py:190} INFO - [2025-04-02T09:04:59.229+0000] {dag.py:4180} INFO - Setting next_dagrun for example_complex to None, run_after=None
[2025-04-02T09:04:59.258+0000] {processor.py:208} INFO - Processing /home/airflow/.local/lib/python3.12/site-packages/airflow/example_dags/example_complex.py took 0.133 seconds
[2025-04-02T09:05:30.626+0000] {processor.py:186} INFO - Started process (PID=199) to work on /home/airflow/.local/lib/python3.12/site-packages/airflow/example_dags/example_complex.py
[2025-04-02T09:05:30.627+0000] {processor.py:914} INFO - Processing file /home/airflow/.local/lib/python3.12/site-packages/airflow/example_dags/example_complex.py for tasks to queue
[2025-04-02T09:05:30.630+0000] {logging_mixin.py:190} INFO - [2025-04-02T09:05:30.629+0000] {dagbag.py:588} INFO - Filling up the DagBag from /home/airflow/.local/lib/python3.12/site-packages/airflow/example_dags/example_complex.py
[2025-04-02T09:05:30.642+0000] {processor.py:925} INFO - DAG(s) 'example_complex' retrieved from /home/airflow/.local/lib/python3.12/site-packages/airflow/example_dags/example_complex.py
[2025-04-02T09:05:30.683+0000] {logging_mixin.py:190} INFO - [2025-04-02T09:05:30.682+0000] {dag.py:3239} INFO - Sync 1 DAGs
[2025-04-02T09:05:30.701+0000] {logging_mixin.py:190} INFO - [2025-04-02T09:05:30.701+0000] {dag.py:4180} INFO - Setting next_dagrun for example_complex to None, run_after=None
[2025-04-02T09:05:30.725+0000] {processor.py:208} INFO - Processing /home/airflow/.local/lib/python3.12/site-packages/airflow/example_dags/example_complex.py took 0.106 seconds
[2025-04-02T09:06:01.483+0000] {processor.py:186} INFO - Started process (PID=262) to work on /home/airflow/.local/lib/python3.12/site-packages/airflow/example_dags/example_complex.py
[2025-04-02T09:06:01.485+0000] {processor.py:914} INFO - Processing file /home/airflow/.local/lib/python3.12/site-packages/airflow/example_dags/example_complex.py for tasks to queue
[2025-04-02T09:06:01.487+0000] {logging_mixin.py:190} INFO - [2025-04-02T09:06:01.487+0000] {dagbag.py:588} INFO - Filling up the DagBag from /home/airflow/.local/lib/python3.12/site-packages/airflow/example_dags/example_complex.py
[2025-04-02T09:06:01.500+0000] {processor.py:925} INFO - DAG(s) 'example_complex' retrieved from /home/airflow/.local/lib/python3.12/site-packages/airflow/example_dags/example_complex.py
[2025-04-02T09:06:01.540+0000] {logging_mixin.py:190} INFO - [2025-04-02T09:06:01.539+0000] {dag.py:3239} INFO - Sync 1 DAGs
[2025-04-02T09:06:01.558+0000] {logging_mixin.py:190} INFO - [2025-04-02T09:06:01.558+0000] {dag.py:4180} INFO - Setting next_dagrun for example_complex to None, run_after=None
[2025-04-02T09:06:01.581+0000] {processor.py:208} INFO - Processing /home/airflow/.local/lib/python3.12/site-packages/airflow/example_dags/example_complex.py took 0.104 seconds
[2025-04-02T09:06:33.114+0000] {processor.py:186} INFO - Started process (PID=325) to work on /home/airflow/.local/lib/python3.12/site-packages/airflow/example_dags/example_complex.py
[2025-04-02T09:06:33.116+0000] {processor.py:914} INFO - Processing file /home/airflow/.local/lib/python3.12/site-packages/airflow/example_dags/example_complex.py for tasks to queue
[2025-04-02T09:06:33.120+0000] {logging_mixin.py:190} INFO - [2025-04-02T09:06:33.119+0000] {dagbag.py:588} INFO - Filling up the DagBag from /home/airflow/.local/lib/python3.12/site-packages/airflow/example_dags/example_complex.py
[2025-04-02T09:06:33.139+0000] {processor.py:925} INFO - DAG(s) 'example_complex' retrieved from /home/airflow/.local/lib/python3.12/site-packages/airflow/example_dags/example_complex.py
[2025-04-02T09:06:33.195+0000] {logging_mixin.py:190} INFO - [2025-04-02T09:06:33.194+0000] {dag.py:3239} INFO - Sync 1 DAGs
[2025-04-02T09:06:33.219+0000] {logging_mixin.py:190} INFO - [2025-04-02T09:06:33.219+0000] {dag.py:4180} INFO - Setting next_dagrun for example_complex to None, run_after=None
[2025-04-02T09:06:33.254+0000] {processor.py:208} INFO - Processing /home/airflow/.local/lib/python3.12/site-packages/airflow/example_dags/example_complex.py took 0.148 seconds
[2025-04-02T09:07:04.706+0000] {processor.py:186} INFO - Started process (PID=388) to work on /home/airflow/.local/lib/python3.12/site-packages/airflow/example_dags/example_complex.py
[2025-04-02T09:07:04.707+0000] {processor.py:914} INFO - Processing file /home/airflow/.local/lib/python3.12/site-packages/airflow/example_dags/example_complex.py for tasks to queue
[2025-04-02T09:07:04.711+0000] {logging_mixin.py:190} INFO - [2025-04-02T09:07:04.711+0000] {dagbag.py:588} INFO - Filling up the DagBag from /home/airflow/.local/lib/python3.12/site-packages/airflow/example_dags/example_complex.py
[2025-04-02T09:07:04.734+0000] {processor.py:925} INFO - DAG(s) 'example_complex' retrieved from /home/airflow/.local/lib/python3.12/site-packages/airflow/example_dags/example_complex.py
[2025-04-02T09:07:04.796+0000] {logging_mixin.py:190} INFO - [2025-04-02T09:07:04.796+0000] {dag.py:3239} INFO - Sync 1 DAGs
[2025-04-02T09:07:04.840+0000] {logging_mixin.py:190} INFO - [2025-04-02T09:07:04.840+0000] {dag.py:4180} INFO - Setting next_dagrun for example_complex to None, run_after=None
[2025-04-02T09:07:04.974+0000] {processor.py:208} INFO - Processing /home/airflow/.local/lib/python3.12/site-packages/airflow/example_dags/example_complex.py took 0.277 seconds
[2025-04-02T09:07:36.019+0000] {processor.py:186} INFO - Started process (PID=451) to work on /home/airflow/.local/lib/python3.12/site-packages/airflow/example_dags/example_complex.py
[2025-04-02T09:07:36.020+0000] {processor.py:914} INFO - Processing file /home/airflow/.local/lib/python3.12/site-packages/airflow/example_dags/example_complex.py for tasks to queue
[2025-04-02T09:07:36.024+0000] {logging_mixin.py:190} INFO - [2025-04-02T09:07:36.023+0000] {dagbag.py:588} INFO - Filling up the DagBag from /home/airflow/.local/lib/python3.12/site-packages/airflow/example_dags/example_complex.py
[2025-04-02T09:07:36.047+0000] {processor.py:925} INFO - DAG(s) 'example_complex' retrieved from /home/airflow/.local/lib/python3.12/site-packages/airflow/example_dags/example_complex.py
[2025-04-02T09:07:36.102+0000] {logging_mixin.py:190} INFO - [2025-04-02T09:07:36.101+0000] {dag.py:3239} INFO - Sync 1 DAGs
[2025-04-02T09:07:36.125+0000] {logging_mixin.py:190} INFO - [2025-04-02T09:07:36.125+0000] {dag.py:4180} INFO - Setting next_dagrun for example_complex to None, run_after=None
[2025-04-02T09:07:36.151+0000] {processor.py:208} INFO - Processing /home/airflow/.local/lib/python3.12/site-packages/airflow/example_dags/example_complex.py took 0.142 seconds
[2025-04-02T09:08:07.418+0000] {processor.py:186} INFO - Started process (PID=514) to work on /home/airflow/.local/lib/python3.12/site-packages/airflow/example_dags/example_complex.py
[2025-04-02T09:08:07.419+0000] {processor.py:914} INFO - Processing file /home/airflow/.local/lib/python3.12/site-packages/airflow/example_dags/example_complex.py for tasks to queue
[2025-04-02T09:08:07.423+0000] {logging_mixin.py:190} INFO - [2025-04-02T09:08:07.422+0000] {dagbag.py:588} INFO - Filling up the DagBag from /home/airflow/.local/lib/python3.12/site-packages/airflow/example_dags/example_complex.py
[2025-04-02T09:08:07.441+0000] {processor.py:925} INFO - DAG(s) 'example_complex' retrieved from /home/airflow/.local/lib/python3.12/site-packages/airflow/example_dags/example_complex.py
[2025-04-02T09:08:07.493+0000] {logging_mixin.py:190} INFO - [2025-04-02T09:08:07.493+0000] {dag.py:3239} INFO - Sync 1 DAGs
[2025-04-02T09:08:07.515+0000] {logging_mixin.py:190} INFO - [2025-04-02T09:08:07.515+0000] {dag.py:4180} INFO - Setting next_dagrun for example_complex to None, run_after=None
[2025-04-02T09:08:07.547+0000] {processor.py:208} INFO - Processing /home/airflow/.local/lib/python3.12/site-packages/airflow/example_dags/example_complex.py took 0.138 seconds
[2025-04-02T09:08:38.711+0000] {processor.py:186} INFO - Started process (PID=576) to work on /home/airflow/.local/lib/python3.12/site-packages/airflow/example_dags/example_complex.py
[2025-04-02T09:08:38.712+0000] {processor.py:914} INFO - Processing file /home/airflow/.local/lib/python3.12/site-packages/airflow/example_dags/example_complex.py for tasks to queue
[2025-04-02T09:08:38.715+0000] {logging_mixin.py:190} INFO - [2025-04-02T09:08:38.714+0000] {dagbag.py:588} INFO - Filling up the DagBag from /home/airflow/.local/lib/python3.12/site-packages/airflow/example_dags/example_complex.py
[2025-04-02T09:08:38.727+0000] {processor.py:925} INFO - DAG(s) 'example_complex' retrieved from /home/airflow/.local/lib/python3.12/site-packages/airflow/example_dags/example_complex.py
[2025-04-02T09:08:38.764+0000] {logging_mixin.py:190} INFO - [2025-04-02T09:08:38.764+0000] {dag.py:3239} INFO - Sync 1 DAGs
[2025-04-02T09:08:38.784+0000] {logging_mixin.py:190} INFO - [2025-04-02T09:08:38.783+0000] {dag.py:4180} INFO - Setting next_dagrun for example_complex to None, run_after=None
[2025-04-02T09:08:38.809+0000] {processor.py:208} INFO - Processing /home/airflow/.local/lib/python3.12/site-packages/airflow/example_dags/example_complex.py took 0.104 seconds
[2025-04-02T09:09:09.970+0000] {processor.py:186} INFO - Started process (PID=638) to work on /home/airflow/.local/lib/python3.12/site-packages/airflow/example_dags/example_complex.py
[2025-04-02T09:09:09.972+0000] {processor.py:914} INFO - Processing file /home/airflow/.local/lib/python3.12/site-packages/airflow/example_dags/example_complex.py for tasks to queue
[2025-04-02T09:09:09.974+0000] {logging_mixin.py:190} INFO - [2025-04-02T09:09:09.974+0000] {dagbag.py:588} INFO - Filling up the DagBag from /home/airflow/.local/lib/python3.12/site-packages/airflow/example_dags/example_complex.py
[2025-04-02T09:09:09.987+0000] {processor.py:925} INFO - DAG(s) 'example_complex' retrieved from /home/airflow/.local/lib/python3.12/site-packages/airflow/example_dags/example_complex.py
[2025-04-02T09:09:10.023+0000] {logging_mixin.py:190} INFO - [2025-04-02T09:09:10.023+0000] {dag.py:3239} INFO - Sync 1 DAGs
[2025-04-02T09:09:10.042+0000] {logging_mixin.py:190} INFO - [2025-04-02T09:09:10.042+0000] {dag.py:4180} INFO - Setting next_dagrun for example_complex to None, run_after=None
[2025-04-02T09:09:10.065+0000] {processor.py:208} INFO - Processing /home/airflow/.local/lib/python3.12/site-packages/airflow/example_dags/example_complex.py took 0.100 seconds
[2025-04-02T09:09:41.411+0000] {processor.py:186} INFO - Started process (PID=701) to work on /home/airflow/.local/lib/python3.12/site-packages/airflow/example_dags/example_complex.py
[2025-04-02T09:09:41.412+0000] {processor.py:914} INFO - Processing file /home/airflow/.local/lib/python3.12/site-packages/airflow/example_dags/example_complex.py for tasks to queue
[2025-04-02T09:09:41.415+0000] {logging_mixin.py:190} INFO - [2025-04-02T09:09:41.415+0000] {dagbag.py:588} INFO - Filling up the DagBag from /home/airflow/.local/lib/python3.12/site-packages/airflow/example_dags/example_complex.py
[2025-04-02T09:09:41.428+0000] {processor.py:925} INFO - DAG(s) 'example_complex' retrieved from /home/airflow/.local/lib/python3.12/site-packages/airflow/example_dags/example_complex.py
[2025-04-02T09:09:41.464+0000] {logging_mixin.py:190} INFO - [2025-04-02T09:09:41.464+0000] {dag.py:3239} INFO - Sync 1 DAGs
[2025-04-02T09:09:41.483+0000] {logging_mixin.py:190} INFO - [2025-04-02T09:09:41.483+0000] {dag.py:4180} INFO - Setting next_dagrun for example_complex to None, run_after=None
[2025-04-02T09:09:41.507+0000] {processor.py:208} INFO - Processing /home/airflow/.local/lib/python3.12/site-packages/airflow/example_dags/example_complex.py took 0.102 seconds
[2025-04-02T09:10:12.301+0000] {processor.py:186} INFO - Started process (PID=764) to work on /home/airflow/.local/lib/python3.12/site-packages/airflow/example_dags/example_complex.py
[2025-04-02T09:10:12.302+0000] {processor.py:914} INFO - Processing file /home/airflow/.local/lib/python3.12/site-packages/airflow/example_dags/example_complex.py for tasks to queue
[2025-04-02T09:10:12.305+0000] {logging_mixin.py:190} INFO - [2025-04-02T09:10:12.305+0000] {dagbag.py:588} INFO - Filling up the DagBag from /home/airflow/.local/lib/python3.12/site-packages/airflow/example_dags/example_complex.py
[2025-04-02T09:10:12.318+0000] {processor.py:925} INFO - DAG(s) 'example_complex' retrieved from /home/airflow/.local/lib/python3.12/site-packages/airflow/example_dags/example_complex.py
[2025-04-02T09:10:12.356+0000] {logging_mixin.py:190} INFO - [2025-04-02T09:10:12.356+0000] {dag.py:3239} INFO - Sync 1 DAGs
[2025-04-02T09:10:12.375+0000] {logging_mixin.py:190} INFO - [2025-04-02T09:10:12.374+0000] {dag.py:4180} INFO - Setting next_dagrun for example_complex to None, run_after=None
[2025-04-02T09:10:12.400+0000] {processor.py:208} INFO - Processing /home/airflow/.local/lib/python3.12/site-packages/airflow/example_dags/example_complex.py took 0.105 seconds
[2025-04-02T09:10:43.551+0000] {processor.py:186} INFO - Started process (PID=834) to work on /home/airflow/.local/lib/python3.12/site-packages/airflow/example_dags/example_complex.py
[2025-04-02T09:10:43.553+0000] {processor.py:914} INFO - Processing file /home/airflow/.local/lib/python3.12/site-packages/airflow/example_dags/example_complex.py for tasks to queue
[2025-04-02T09:10:43.555+0000] {logging_mixin.py:190} INFO - [2025-04-02T09:10:43.555+0000] {dagbag.py:588} INFO - Filling up the DagBag from /home/airflow/.local/lib/python3.12/site-packages/airflow/example_dags/example_complex.py
[2025-04-02T09:10:43.568+0000] {processor.py:925} INFO - DAG(s) 'example_complex' retrieved from /home/airflow/.local/lib/python3.12/site-packages/airflow/example_dags/example_complex.py
[2025-04-02T09:10:43.615+0000] {logging_mixin.py:190} INFO - [2025-04-02T09:10:43.615+0000] {dag.py:3239} INFO - Sync 1 DAGs
[2025-04-02T09:10:43.636+0000] {logging_mixin.py:190} INFO - [2025-04-02T09:10:43.635+0000] {dag.py:4180} INFO - Setting next_dagrun for example_complex to None, run_after=None
[2025-04-02T09:10:43.671+0000] {processor.py:208} INFO - Processing /home/airflow/.local/lib/python3.12/site-packages/airflow/example_dags/example_complex.py took 0.126 seconds
[2025-04-02T09:12:41.461+0000] {processor.py:186} INFO - Started process (PID=76) to work on /home/airflow/.local/lib/python3.12/site-packages/airflow/example_dags/example_complex.py
[2025-04-02T09:12:41.463+0000] {processor.py:914} INFO - Processing file /home/airflow/.local/lib/python3.12/site-packages/airflow/example_dags/example_complex.py for tasks to queue
[2025-04-02T09:12:41.477+0000] {logging_mixin.py:190} INFO - [2025-04-02T09:12:41.476+0000] {dagbag.py:588} INFO - Filling up the DagBag from /home/airflow/.local/lib/python3.12/site-packages/airflow/example_dags/example_complex.py
[2025-04-02T09:12:41.511+0000] {processor.py:925} INFO - DAG(s) 'example_complex' retrieved from /home/airflow/.local/lib/python3.12/site-packages/airflow/example_dags/example_complex.py
[2025-04-02T09:12:41.655+0000] {logging_mixin.py:190} INFO - [2025-04-02T09:12:41.655+0000] {dag.py:3239} INFO - Sync 1 DAGs
[2025-04-02T09:12:41.703+0000] {logging_mixin.py:190} INFO - [2025-04-02T09:12:41.703+0000] {dag.py:4180} INFO - Setting next_dagrun for example_complex to None, run_after=None
[2025-04-02T09:12:41.786+0000] {processor.py:208} INFO - Processing /home/airflow/.local/lib/python3.12/site-packages/airflow/example_dags/example_complex.py took 0.344 seconds
[2025-04-02T09:13:11.918+0000] {processor.py:186} INFO - Started process (PID=139) to work on /home/airflow/.local/lib/python3.12/site-packages/airflow/example_dags/example_complex.py
[2025-04-02T09:13:11.920+0000] {processor.py:914} INFO - Processing file /home/airflow/.local/lib/python3.12/site-packages/airflow/example_dags/example_complex.py for tasks to queue
[2025-04-02T09:13:11.923+0000] {logging_mixin.py:190} INFO - [2025-04-02T09:13:11.923+0000] {dagbag.py:588} INFO - Filling up the DagBag from /home/airflow/.local/lib/python3.12/site-packages/airflow/example_dags/example_complex.py
[2025-04-02T09:13:11.942+0000] {processor.py:925} INFO - DAG(s) 'example_complex' retrieved from /home/airflow/.local/lib/python3.12/site-packages/airflow/example_dags/example_complex.py
[2025-04-02T09:13:11.989+0000] {logging_mixin.py:190} INFO - [2025-04-02T09:13:11.989+0000] {dag.py:3239} INFO - Sync 1 DAGs
[2025-04-02T09:13:12.010+0000] {logging_mixin.py:190} INFO - [2025-04-02T09:13:12.010+0000] {dag.py:4180} INFO - Setting next_dagrun for example_complex to None, run_after=None
[2025-04-02T09:13:12.039+0000] {processor.py:208} INFO - Processing /home/airflow/.local/lib/python3.12/site-packages/airflow/example_dags/example_complex.py took 0.131 seconds
[2025-04-02T09:13:42.087+0000] {processor.py:186} INFO - Started process (PID=201) to work on /home/airflow/.local/lib/python3.12/site-packages/airflow/example_dags/example_complex.py
[2025-04-02T09:13:42.088+0000] {processor.py:914} INFO - Processing file /home/airflow/.local/lib/python3.12/site-packages/airflow/example_dags/example_complex.py for tasks to queue
[2025-04-02T09:13:42.091+0000] {logging_mixin.py:190} INFO - [2025-04-02T09:13:42.091+0000] {dagbag.py:588} INFO - Filling up the DagBag from /home/airflow/.local/lib/python3.12/site-packages/airflow/example_dags/example_complex.py
[2025-04-02T09:13:42.109+0000] {processor.py:925} INFO - DAG(s) 'example_complex' retrieved from /home/airflow/.local/lib/python3.12/site-packages/airflow/example_dags/example_complex.py
[2025-04-02T09:13:42.154+0000] {logging_mixin.py:190} INFO - [2025-04-02T09:13:42.154+0000] {dag.py:3239} INFO - Sync 1 DAGs
[2025-04-02T09:13:42.177+0000] {logging_mixin.py:190} INFO - [2025-04-02T09:13:42.176+0000] {dag.py:4180} INFO - Setting next_dagrun for example_complex to None, run_after=None
[2025-04-02T09:13:42.199+0000] {processor.py:208} INFO - Processing /home/airflow/.local/lib/python3.12/site-packages/airflow/example_dags/example_complex.py took 0.119 seconds
[2025-04-02T09:14:12.483+0000] {processor.py:186} INFO - Started process (PID=263) to work on /home/airflow/.local/lib/python3.12/site-packages/airflow/example_dags/example_complex.py
[2025-04-02T09:14:12.485+0000] {processor.py:914} INFO - Processing file /home/airflow/.local/lib/python3.12/site-packages/airflow/example_dags/example_complex.py for tasks to queue
[2025-04-02T09:14:12.489+0000] {logging_mixin.py:190} INFO - [2025-04-02T09:14:12.489+0000] {dagbag.py:588} INFO - Filling up the DagBag from /home/airflow/.local/lib/python3.12/site-packages/airflow/example_dags/example_complex.py
[2025-04-02T09:14:12.509+0000] {processor.py:925} INFO - DAG(s) 'example_complex' retrieved from /home/airflow/.local/lib/python3.12/site-packages/airflow/example_dags/example_complex.py
[2025-04-02T09:14:12.553+0000] {logging_mixin.py:190} INFO - [2025-04-02T09:14:12.553+0000] {dag.py:3239} INFO - Sync 1 DAGs
[2025-04-02T09:14:12.578+0000] {logging_mixin.py:190} INFO - [2025-04-02T09:14:12.578+0000] {dag.py:4180} INFO - Setting next_dagrun for example_complex to None, run_after=None
[2025-04-02T09:14:12.611+0000] {processor.py:208} INFO - Processing /home/airflow/.local/lib/python3.12/site-packages/airflow/example_dags/example_complex.py took 0.135 seconds
[2025-04-02T09:14:43.150+0000] {processor.py:186} INFO - Started process (PID=326) to work on /home/airflow/.local/lib/python3.12/site-packages/airflow/example_dags/example_complex.py
[2025-04-02T09:14:43.151+0000] {processor.py:914} INFO - Processing file /home/airflow/.local/lib/python3.12/site-packages/airflow/example_dags/example_complex.py for tasks to queue
[2025-04-02T09:14:43.154+0000] {logging_mixin.py:190} INFO - [2025-04-02T09:14:43.154+0000] {dagbag.py:588} INFO - Filling up the DagBag from /home/airflow/.local/lib/python3.12/site-packages/airflow/example_dags/example_complex.py
[2025-04-02T09:14:43.172+0000] {processor.py:925} INFO - DAG(s) 'example_complex' retrieved from /home/airflow/.local/lib/python3.12/site-packages/airflow/example_dags/example_complex.py
[2025-04-02T09:14:43.206+0000] {logging_mixin.py:190} INFO - [2025-04-02T09:14:43.206+0000] {dag.py:3239} INFO - Sync 1 DAGs
[2025-04-02T09:14:43.222+0000] {logging_mixin.py:190} INFO - [2025-04-02T09:14:43.222+0000] {dag.py:4180} INFO - Setting next_dagrun for example_complex to None, run_after=None
[2025-04-02T09:14:43.244+0000] {processor.py:208} INFO - Processing /home/airflow/.local/lib/python3.12/site-packages/airflow/example_dags/example_complex.py took 0.101 seconds
[2025-04-02T09:15:13.734+0000] {processor.py:186} INFO - Started process (PID=389) to work on /home/airflow/.local/lib/python3.12/site-packages/airflow/example_dags/example_complex.py
[2025-04-02T09:15:13.735+0000] {processor.py:914} INFO - Processing file /home/airflow/.local/lib/python3.12/site-packages/airflow/example_dags/example_complex.py for tasks to queue
[2025-04-02T09:15:13.738+0000] {logging_mixin.py:190} INFO - [2025-04-02T09:15:13.738+0000] {dagbag.py:588} INFO - Filling up the DagBag from /home/airflow/.local/lib/python3.12/site-packages/airflow/example_dags/example_complex.py
[2025-04-02T09:15:13.751+0000] {processor.py:925} INFO - DAG(s) 'example_complex' retrieved from /home/airflow/.local/lib/python3.12/site-packages/airflow/example_dags/example_complex.py
[2025-04-02T09:15:13.784+0000] {logging_mixin.py:190} INFO - [2025-04-02T09:15:13.783+0000] {dag.py:3239} INFO - Sync 1 DAGs
[2025-04-02T09:15:13.800+0000] {logging_mixin.py:190} INFO - [2025-04-02T09:15:13.799+0000] {dag.py:4180} INFO - Setting next_dagrun for example_complex to None, run_after=None
[2025-04-02T09:15:13.824+0000] {processor.py:208} INFO - Processing /home/airflow/.local/lib/python3.12/site-packages/airflow/example_dags/example_complex.py took 0.096 seconds
[2025-04-02T09:15:44.654+0000] {processor.py:186} INFO - Started process (PID=452) to work on /home/airflow/.local/lib/python3.12/site-packages/airflow/example_dags/example_complex.py
[2025-04-02T09:15:44.656+0000] {processor.py:914} INFO - Processing file /home/airflow/.local/lib/python3.12/site-packages/airflow/example_dags/example_complex.py for tasks to queue
[2025-04-02T09:15:44.659+0000] {logging_mixin.py:190} INFO - [2025-04-02T09:15:44.659+0000] {dagbag.py:588} INFO - Filling up the DagBag from /home/airflow/.local/lib/python3.12/site-packages/airflow/example_dags/example_complex.py
[2025-04-02T09:15:44.675+0000] {processor.py:925} INFO - DAG(s) 'example_complex' retrieved from /home/airflow/.local/lib/python3.12/site-packages/airflow/example_dags/example_complex.py
[2025-04-02T09:15:44.713+0000] {logging_mixin.py:190} INFO - [2025-04-02T09:15:44.713+0000] {dag.py:3239} INFO - Sync 1 DAGs
[2025-04-02T09:15:44.733+0000] {logging_mixin.py:190} INFO - [2025-04-02T09:15:44.733+0000] {dag.py:4180} INFO - Setting next_dagrun for example_complex to None, run_after=None
[2025-04-02T09:15:44.761+0000] {processor.py:208} INFO - Processing /home/airflow/.local/lib/python3.12/site-packages/airflow/example_dags/example_complex.py took 0.114 seconds
[2025-04-02T09:16:15.358+0000] {processor.py:186} INFO - Started process (PID=515) to work on /home/airflow/.local/lib/python3.12/site-packages/airflow/example_dags/example_complex.py
[2025-04-02T09:16:15.359+0000] {processor.py:914} INFO - Processing file /home/airflow/.local/lib/python3.12/site-packages/airflow/example_dags/example_complex.py for tasks to queue
[2025-04-02T09:16:15.362+0000] {logging_mixin.py:190} INFO - [2025-04-02T09:16:15.362+0000] {dagbag.py:588} INFO - Filling up the DagBag from /home/airflow/.local/lib/python3.12/site-packages/airflow/example_dags/example_complex.py
[2025-04-02T09:16:15.376+0000] {processor.py:925} INFO - DAG(s) 'example_complex' retrieved from /home/airflow/.local/lib/python3.12/site-packages/airflow/example_dags/example_complex.py
[2025-04-02T09:16:15.416+0000] {logging_mixin.py:190} INFO - [2025-04-02T09:16:15.416+0000] {dag.py:3239} INFO - Sync 1 DAGs
[2025-04-02T09:16:15.437+0000] {logging_mixin.py:190} INFO - [2025-04-02T09:16:15.436+0000] {dag.py:4180} INFO - Setting next_dagrun for example_complex to None, run_after=None
[2025-04-02T09:16:15.464+0000] {processor.py:208} INFO - Processing /home/airflow/.local/lib/python3.12/site-packages/airflow/example_dags/example_complex.py took 0.112 seconds
[2025-04-02T09:16:46.283+0000] {processor.py:186} INFO - Started process (PID=578) to work on /home/airflow/.local/lib/python3.12/site-packages/airflow/example_dags/example_complex.py
[2025-04-02T09:16:46.285+0000] {processor.py:914} INFO - Processing file /home/airflow/.local/lib/python3.12/site-packages/airflow/example_dags/example_complex.py for tasks to queue
[2025-04-02T09:16:46.288+0000] {logging_mixin.py:190} INFO - [2025-04-02T09:16:46.287+0000] {dagbag.py:588} INFO - Filling up the DagBag from /home/airflow/.local/lib/python3.12/site-packages/airflow/example_dags/example_complex.py
[2025-04-02T09:16:46.303+0000] {processor.py:925} INFO - DAG(s) 'example_complex' retrieved from /home/airflow/.local/lib/python3.12/site-packages/airflow/example_dags/example_complex.py
[2025-04-02T09:16:46.347+0000] {logging_mixin.py:190} INFO - [2025-04-02T09:16:46.347+0000] {dag.py:3239} INFO - Sync 1 DAGs
[2025-04-02T09:16:46.368+0000] {logging_mixin.py:190} INFO - [2025-04-02T09:16:46.368+0000] {dag.py:4180} INFO - Setting next_dagrun for example_complex to None, run_after=None
[2025-04-02T09:16:46.393+0000] {processor.py:208} INFO - Processing /home/airflow/.local/lib/python3.12/site-packages/airflow/example_dags/example_complex.py took 0.119 seconds
[2025-04-02T09:17:17.044+0000] {processor.py:186} INFO - Started process (PID=641) to work on /home/airflow/.local/lib/python3.12/site-packages/airflow/example_dags/example_complex.py
[2025-04-02T09:17:17.045+0000] {processor.py:914} INFO - Processing file /home/airflow/.local/lib/python3.12/site-packages/airflow/example_dags/example_complex.py for tasks to queue
[2025-04-02T09:17:17.047+0000] {logging_mixin.py:190} INFO - [2025-04-02T09:17:17.047+0000] {dagbag.py:588} INFO - Filling up the DagBag from /home/airflow/.local/lib/python3.12/site-packages/airflow/example_dags/example_complex.py
[2025-04-02T09:17:17.059+0000] {processor.py:925} INFO - DAG(s) 'example_complex' retrieved from /home/airflow/.local/lib/python3.12/site-packages/airflow/example_dags/example_complex.py
[2025-04-02T09:17:17.094+0000] {logging_mixin.py:190} INFO - [2025-04-02T09:17:17.093+0000] {dag.py:3239} INFO - Sync 1 DAGs
[2025-04-02T09:17:17.110+0000] {logging_mixin.py:190} INFO - [2025-04-02T09:17:17.109+0000] {dag.py:4180} INFO - Setting next_dagrun for example_complex to None, run_after=None
[2025-04-02T09:17:17.132+0000] {processor.py:208} INFO - Processing /home/airflow/.local/lib/python3.12/site-packages/airflow/example_dags/example_complex.py took 0.093 seconds
[2025-04-02T09:17:47.975+0000] {processor.py:186} INFO - Started process (PID=703) to work on /home/airflow/.local/lib/python3.12/site-packages/airflow/example_dags/example_complex.py
[2025-04-02T09:17:47.977+0000] {processor.py:914} INFO - Processing file /home/airflow/.local/lib/python3.12/site-packages/airflow/example_dags/example_complex.py for tasks to queue
[2025-04-02T09:17:47.980+0000] {logging_mixin.py:190} INFO - [2025-04-02T09:17:47.980+0000] {dagbag.py:588} INFO - Filling up the DagBag from /home/airflow/.local/lib/python3.12/site-packages/airflow/example_dags/example_complex.py
[2025-04-02T09:17:47.996+0000] {processor.py:925} INFO - DAG(s) 'example_complex' retrieved from /home/airflow/.local/lib/python3.12/site-packages/airflow/example_dags/example_complex.py
[2025-04-02T09:17:48.042+0000] {logging_mixin.py:190} INFO - [2025-04-02T09:17:48.041+0000] {dag.py:3239} INFO - Sync 1 DAGs
[2025-04-02T09:17:48.064+0000] {logging_mixin.py:190} INFO - [2025-04-02T09:17:48.064+0000] {dag.py:4180} INFO - Setting next_dagrun for example_complex to None, run_after=None
[2025-04-02T09:17:48.093+0000] {processor.py:208} INFO - Processing /home/airflow/.local/lib/python3.12/site-packages/airflow/example_dags/example_complex.py took 0.127 seconds
[2025-04-02T09:18:19.307+0000] {processor.py:186} INFO - Started process (PID=766) to work on /home/airflow/.local/lib/python3.12/site-packages/airflow/example_dags/example_complex.py
[2025-04-02T09:18:19.309+0000] {processor.py:914} INFO - Processing file /home/airflow/.local/lib/python3.12/site-packages/airflow/example_dags/example_complex.py for tasks to queue
[2025-04-02T09:18:19.314+0000] {logging_mixin.py:190} INFO - [2025-04-02T09:18:19.313+0000] {dagbag.py:588} INFO - Filling up the DagBag from /home/airflow/.local/lib/python3.12/site-packages/airflow/example_dags/example_complex.py
[2025-04-02T09:18:19.330+0000] {processor.py:925} INFO - DAG(s) 'example_complex' retrieved from /home/airflow/.local/lib/python3.12/site-packages/airflow/example_dags/example_complex.py
[2025-04-02T09:18:19.386+0000] {logging_mixin.py:190} INFO - [2025-04-02T09:18:19.385+0000] {dag.py:3239} INFO - Sync 1 DAGs
[2025-04-02T09:18:19.409+0000] {logging_mixin.py:190} INFO - [2025-04-02T09:18:19.409+0000] {dag.py:4180} INFO - Setting next_dagrun for example_complex to None, run_after=None
[2025-04-02T09:18:19.445+0000] {processor.py:208} INFO - Processing /home/airflow/.local/lib/python3.12/site-packages/airflow/example_dags/example_complex.py took 0.149 seconds
[2025-04-02T09:58:19.928+0000] {processor.py:186} INFO - Started process (PID=778) to work on /home/airflow/.local/lib/python3.12/site-packages/airflow/example_dags/example_complex.py
[2025-04-02T09:58:19.947+0000] {processor.py:914} INFO - Processing file /home/airflow/.local/lib/python3.12/site-packages/airflow/example_dags/example_complex.py for tasks to queue
[2025-04-02T09:58:19.963+0000] {logging_mixin.py:190} INFO - [2025-04-02T09:58:19.961+0000] {dagbag.py:588} INFO - Filling up the DagBag from /home/airflow/.local/lib/python3.12/site-packages/airflow/example_dags/example_complex.py
[2025-04-02T09:58:20.041+0000] {processor.py:925} INFO - DAG(s) 'example_complex' retrieved from /home/airflow/.local/lib/python3.12/site-packages/airflow/example_dags/example_complex.py
[2025-04-02T09:58:20.123+0000] {logging_mixin.py:190} INFO - [2025-04-02T09:58:20.123+0000] {dag.py:3239} INFO - Sync 1 DAGs
[2025-04-02T09:58:20.183+0000] {logging_mixin.py:190} INFO - [2025-04-02T09:58:20.182+0000] {dag.py:4180} INFO - Setting next_dagrun for example_complex to None, run_after=None
[2025-04-02T09:58:20.251+0000] {processor.py:208} INFO - Processing /home/airflow/.local/lib/python3.12/site-packages/airflow/example_dags/example_complex.py took 0.344 seconds
[2025-04-02T09:58:50.818+0000] {processor.py:186} INFO - Started process (PID=840) to work on /home/airflow/.local/lib/python3.12/site-packages/airflow/example_dags/example_complex.py
[2025-04-02T09:58:50.820+0000] {processor.py:914} INFO - Processing file /home/airflow/.local/lib/python3.12/site-packages/airflow/example_dags/example_complex.py for tasks to queue
[2025-04-02T09:58:50.822+0000] {logging_mixin.py:190} INFO - [2025-04-02T09:58:50.822+0000] {dagbag.py:588} INFO - Filling up the DagBag from /home/airflow/.local/lib/python3.12/site-packages/airflow/example_dags/example_complex.py
[2025-04-02T09:58:50.841+0000] {processor.py:925} INFO - DAG(s) 'example_complex' retrieved from /home/airflow/.local/lib/python3.12/site-packages/airflow/example_dags/example_complex.py
[2025-04-02T09:58:50.886+0000] {logging_mixin.py:190} INFO - [2025-04-02T09:58:50.886+0000] {dag.py:3239} INFO - Sync 1 DAGs
[2025-04-02T09:58:50.910+0000] {logging_mixin.py:190} INFO - [2025-04-02T09:58:50.909+0000] {dag.py:4180} INFO - Setting next_dagrun for example_complex to None, run_after=None
[2025-04-02T09:58:50.939+0000] {processor.py:208} INFO - Processing /home/airflow/.local/lib/python3.12/site-packages/airflow/example_dags/example_complex.py took 0.129 seconds
[2025-04-02T09:59:21.710+0000] {processor.py:186} INFO - Started process (PID=903) to work on /home/airflow/.local/lib/python3.12/site-packages/airflow/example_dags/example_complex.py
[2025-04-02T09:59:21.711+0000] {processor.py:914} INFO - Processing file /home/airflow/.local/lib/python3.12/site-packages/airflow/example_dags/example_complex.py for tasks to queue
[2025-04-02T09:59:21.713+0000] {logging_mixin.py:190} INFO - [2025-04-02T09:59:21.713+0000] {dagbag.py:588} INFO - Filling up the DagBag from /home/airflow/.local/lib/python3.12/site-packages/airflow/example_dags/example_complex.py
[2025-04-02T09:59:21.727+0000] {processor.py:925} INFO - DAG(s) 'example_complex' retrieved from /home/airflow/.local/lib/python3.12/site-packages/airflow/example_dags/example_complex.py
[2025-04-02T09:59:21.779+0000] {logging_mixin.py:190} INFO - [2025-04-02T09:59:21.778+0000] {dag.py:3239} INFO - Sync 1 DAGs
[2025-04-02T09:59:21.802+0000] {logging_mixin.py:190} INFO - [2025-04-02T09:59:21.801+0000] {dag.py:4180} INFO - Setting next_dagrun for example_complex to None, run_after=None
[2025-04-02T09:59:21.830+0000] {processor.py:208} INFO - Processing /home/airflow/.local/lib/python3.12/site-packages/airflow/example_dags/example_complex.py took 0.128 seconds
[2025-04-02T09:59:52.566+0000] {processor.py:186} INFO - Started process (PID=965) to work on /home/airflow/.local/lib/python3.12/site-packages/airflow/example_dags/example_complex.py
[2025-04-02T09:59:52.568+0000] {processor.py:914} INFO - Processing file /home/airflow/.local/lib/python3.12/site-packages/airflow/example_dags/example_complex.py for tasks to queue
[2025-04-02T09:59:52.570+0000] {logging_mixin.py:190} INFO - [2025-04-02T09:59:52.570+0000] {dagbag.py:588} INFO - Filling up the DagBag from /home/airflow/.local/lib/python3.12/site-packages/airflow/example_dags/example_complex.py
[2025-04-02T09:59:52.586+0000] {processor.py:925} INFO - DAG(s) 'example_complex' retrieved from /home/airflow/.local/lib/python3.12/site-packages/airflow/example_dags/example_complex.py
[2025-04-02T09:59:52.636+0000] {logging_mixin.py:190} INFO - [2025-04-02T09:59:52.636+0000] {dag.py:3239} INFO - Sync 1 DAGs
[2025-04-02T09:59:52.658+0000] {logging_mixin.py:190} INFO - [2025-04-02T09:59:52.658+0000] {dag.py:4180} INFO - Setting next_dagrun for example_complex to None, run_after=None
[2025-04-02T09:59:52.689+0000] {processor.py:208} INFO - Processing /home/airflow/.local/lib/python3.12/site-packages/airflow/example_dags/example_complex.py took 0.130 seconds
[2025-04-02T10:00:22.872+0000] {processor.py:186} INFO - Started process (PID=1027) to work on /home/airflow/.local/lib/python3.12/site-packages/airflow/example_dags/example_complex.py
[2025-04-02T10:00:22.874+0000] {processor.py:914} INFO - Processing file /home/airflow/.local/lib/python3.12/site-packages/airflow/example_dags/example_complex.py for tasks to queue
[2025-04-02T10:00:22.877+0000] {logging_mixin.py:190} INFO - [2025-04-02T10:00:22.876+0000] {dagbag.py:588} INFO - Filling up the DagBag from /home/airflow/.local/lib/python3.12/site-packages/airflow/example_dags/example_complex.py
[2025-04-02T10:00:22.895+0000] {processor.py:925} INFO - DAG(s) 'example_complex' retrieved from /home/airflow/.local/lib/python3.12/site-packages/airflow/example_dags/example_complex.py
[2025-04-02T10:00:22.941+0000] {logging_mixin.py:190} INFO - [2025-04-02T10:00:22.941+0000] {dag.py:3239} INFO - Sync 1 DAGs
[2025-04-02T10:00:22.964+0000] {logging_mixin.py:190} INFO - [2025-04-02T10:00:22.963+0000] {dag.py:4180} INFO - Setting next_dagrun for example_complex to None, run_after=None
[2025-04-02T10:00:22.990+0000] {processor.py:208} INFO - Processing /home/airflow/.local/lib/python3.12/site-packages/airflow/example_dags/example_complex.py took 0.128 seconds
[2025-04-02T10:00:53.644+0000] {processor.py:186} INFO - Started process (PID=1090) to work on /home/airflow/.local/lib/python3.12/site-packages/airflow/example_dags/example_complex.py
[2025-04-02T10:00:53.647+0000] {processor.py:914} INFO - Processing file /home/airflow/.local/lib/python3.12/site-packages/airflow/example_dags/example_complex.py for tasks to queue
[2025-04-02T10:00:53.654+0000] {logging_mixin.py:190} INFO - [2025-04-02T10:00:53.653+0000] {dagbag.py:588} INFO - Filling up the DagBag from /home/airflow/.local/lib/python3.12/site-packages/airflow/example_dags/example_complex.py
[2025-04-02T10:00:53.690+0000] {processor.py:925} INFO - DAG(s) 'example_complex' retrieved from /home/airflow/.local/lib/python3.12/site-packages/airflow/example_dags/example_complex.py
[2025-04-02T10:00:53.759+0000] {logging_mixin.py:190} INFO - [2025-04-02T10:00:53.758+0000] {dag.py:3239} INFO - Sync 1 DAGs
[2025-04-02T10:00:53.787+0000] {logging_mixin.py:190} INFO - [2025-04-02T10:00:53.787+0000] {dag.py:4180} INFO - Setting next_dagrun for example_complex to None, run_after=None
[2025-04-02T10:00:53.830+0000] {processor.py:208} INFO - Processing /home/airflow/.local/lib/python3.12/site-packages/airflow/example_dags/example_complex.py took 0.198 seconds
[2025-04-02T10:01:24.289+0000] {processor.py:186} INFO - Started process (PID=1153) to work on /home/airflow/.local/lib/python3.12/site-packages/airflow/example_dags/example_complex.py
[2025-04-02T10:01:24.290+0000] {processor.py:914} INFO - Processing file /home/airflow/.local/lib/python3.12/site-packages/airflow/example_dags/example_complex.py for tasks to queue
[2025-04-02T10:01:24.292+0000] {logging_mixin.py:190} INFO - [2025-04-02T10:01:24.292+0000] {dagbag.py:588} INFO - Filling up the DagBag from /home/airflow/.local/lib/python3.12/site-packages/airflow/example_dags/example_complex.py
[2025-04-02T10:01:24.309+0000] {processor.py:925} INFO - DAG(s) 'example_complex' retrieved from /home/airflow/.local/lib/python3.12/site-packages/airflow/example_dags/example_complex.py
[2025-04-02T10:01:24.357+0000] {logging_mixin.py:190} INFO - [2025-04-02T10:01:24.357+0000] {dag.py:3239} INFO - Sync 1 DAGs
[2025-04-02T10:01:24.381+0000] {logging_mixin.py:190} INFO - [2025-04-02T10:01:24.380+0000] {dag.py:4180} INFO - Setting next_dagrun for example_complex to None, run_after=None
[2025-04-02T10:01:24.411+0000] {processor.py:208} INFO - Processing /home/airflow/.local/lib/python3.12/site-packages/airflow/example_dags/example_complex.py took 0.132 seconds
[2025-04-02T10:01:55.348+0000] {processor.py:186} INFO - Started process (PID=1216) to work on /home/airflow/.local/lib/python3.12/site-packages/airflow/example_dags/example_complex.py
[2025-04-02T10:01:55.349+0000] {processor.py:914} INFO - Processing file /home/airflow/.local/lib/python3.12/site-packages/airflow/example_dags/example_complex.py for tasks to queue
[2025-04-02T10:01:55.351+0000] {logging_mixin.py:190} INFO - [2025-04-02T10:01:55.351+0000] {dagbag.py:588} INFO - Filling up the DagBag from /home/airflow/.local/lib/python3.12/site-packages/airflow/example_dags/example_complex.py
[2025-04-02T10:01:55.371+0000] {processor.py:925} INFO - DAG(s) 'example_complex' retrieved from /home/airflow/.local/lib/python3.12/site-packages/airflow/example_dags/example_complex.py
[2025-04-02T10:01:55.413+0000] {logging_mixin.py:190} INFO - [2025-04-02T10:01:55.413+0000] {dag.py:3239} INFO - Sync 1 DAGs
[2025-04-02T10:01:55.436+0000] {logging_mixin.py:190} INFO - [2025-04-02T10:01:55.435+0000] {dag.py:4180} INFO - Setting next_dagrun for example_complex to None, run_after=None
[2025-04-02T10:01:55.462+0000] {processor.py:208} INFO - Processing /home/airflow/.local/lib/python3.12/site-packages/airflow/example_dags/example_complex.py took 0.125 seconds
[2025-04-02T10:02:26.117+0000] {processor.py:186} INFO - Started process (PID=1279) to work on /home/airflow/.local/lib/python3.12/site-packages/airflow/example_dags/example_complex.py
[2025-04-02T10:02:26.119+0000] {processor.py:914} INFO - Processing file /home/airflow/.local/lib/python3.12/site-packages/airflow/example_dags/example_complex.py for tasks to queue
[2025-04-02T10:02:26.122+0000] {logging_mixin.py:190} INFO - [2025-04-02T10:02:26.121+0000] {dagbag.py:588} INFO - Filling up the DagBag from /home/airflow/.local/lib/python3.12/site-packages/airflow/example_dags/example_complex.py
[2025-04-02T10:02:26.138+0000] {processor.py:925} INFO - DAG(s) 'example_complex' retrieved from /home/airflow/.local/lib/python3.12/site-packages/airflow/example_dags/example_complex.py
[2025-04-02T10:02:26.194+0000] {logging_mixin.py:190} INFO - [2025-04-02T10:02:26.194+0000] {dag.py:3239} INFO - Sync 1 DAGs
[2025-04-02T10:02:26.220+0000] {logging_mixin.py:190} INFO - [2025-04-02T10:02:26.220+0000] {dag.py:4180} INFO - Setting next_dagrun for example_complex to None, run_after=None
[2025-04-02T10:02:26.250+0000] {processor.py:208} INFO - Processing /home/airflow/.local/lib/python3.12/site-packages/airflow/example_dags/example_complex.py took 0.144 seconds
[2025-04-02T10:02:56.872+0000] {processor.py:186} INFO - Started process (PID=1343) to work on /home/airflow/.local/lib/python3.12/site-packages/airflow/example_dags/example_complex.py
[2025-04-02T10:02:56.875+0000] {processor.py:914} INFO - Processing file /home/airflow/.local/lib/python3.12/site-packages/airflow/example_dags/example_complex.py for tasks to queue
[2025-04-02T10:02:56.877+0000] {logging_mixin.py:190} INFO - [2025-04-02T10:02:56.877+0000] {dagbag.py:588} INFO - Filling up the DagBag from /home/airflow/.local/lib/python3.12/site-packages/airflow/example_dags/example_complex.py
[2025-04-02T10:02:56.896+0000] {processor.py:925} INFO - DAG(s) 'example_complex' retrieved from /home/airflow/.local/lib/python3.12/site-packages/airflow/example_dags/example_complex.py
[2025-04-02T10:02:56.937+0000] {logging_mixin.py:190} INFO - [2025-04-02T10:02:56.937+0000] {dag.py:3239} INFO - Sync 1 DAGs
[2025-04-02T10:02:56.959+0000] {logging_mixin.py:190} INFO - [2025-04-02T10:02:56.958+0000] {dag.py:4180} INFO - Setting next_dagrun for example_complex to None, run_after=None
[2025-04-02T10:02:56.987+0000] {processor.py:208} INFO - Processing /home/airflow/.local/lib/python3.12/site-packages/airflow/example_dags/example_complex.py took 0.122 seconds
[2025-04-02T10:03:27.073+0000] {processor.py:186} INFO - Started process (PID=1406) to work on /home/airflow/.local/lib/python3.12/site-packages/airflow/example_dags/example_complex.py
[2025-04-02T10:03:27.075+0000] {processor.py:914} INFO - Processing file /home/airflow/.local/lib/python3.12/site-packages/airflow/example_dags/example_complex.py for tasks to queue
[2025-04-02T10:03:27.077+0000] {logging_mixin.py:190} INFO - [2025-04-02T10:03:27.076+0000] {dagbag.py:588} INFO - Filling up the DagBag from /home/airflow/.local/lib/python3.12/site-packages/airflow/example_dags/example_complex.py
[2025-04-02T10:03:27.096+0000] {processor.py:925} INFO - DAG(s) 'example_complex' retrieved from /home/airflow/.local/lib/python3.12/site-packages/airflow/example_dags/example_complex.py
[2025-04-02T10:03:27.133+0000] {logging_mixin.py:190} INFO - [2025-04-02T10:03:27.132+0000] {dag.py:3239} INFO - Sync 1 DAGs
[2025-04-02T10:03:27.152+0000] {logging_mixin.py:190} INFO - [2025-04-02T10:03:27.151+0000] {dag.py:4180} INFO - Setting next_dagrun for example_complex to None, run_after=None
[2025-04-02T10:03:27.176+0000] {processor.py:208} INFO - Processing /home/airflow/.local/lib/python3.12/site-packages/airflow/example_dags/example_complex.py took 0.111 seconds
[2025-04-02T10:03:57.443+0000] {processor.py:186} INFO - Started process (PID=1469) to work on /home/airflow/.local/lib/python3.12/site-packages/airflow/example_dags/example_complex.py
[2025-04-02T10:03:57.445+0000] {processor.py:914} INFO - Processing file /home/airflow/.local/lib/python3.12/site-packages/airflow/example_dags/example_complex.py for tasks to queue
[2025-04-02T10:03:57.447+0000] {logging_mixin.py:190} INFO - [2025-04-02T10:03:57.446+0000] {dagbag.py:588} INFO - Filling up the DagBag from /home/airflow/.local/lib/python3.12/site-packages/airflow/example_dags/example_complex.py
[2025-04-02T10:03:57.465+0000] {processor.py:925} INFO - DAG(s) 'example_complex' retrieved from /home/airflow/.local/lib/python3.12/site-packages/airflow/example_dags/example_complex.py
[2025-04-02T10:03:57.509+0000] {logging_mixin.py:190} INFO - [2025-04-02T10:03:57.509+0000] {dag.py:3239} INFO - Sync 1 DAGs
[2025-04-02T10:03:57.530+0000] {logging_mixin.py:190} INFO - [2025-04-02T10:03:57.530+0000] {dag.py:4180} INFO - Setting next_dagrun for example_complex to None, run_after=None
[2025-04-02T10:03:57.560+0000] {processor.py:208} INFO - Processing /home/airflow/.local/lib/python3.12/site-packages/airflow/example_dags/example_complex.py took 0.125 seconds
[2025-04-02T10:04:27.962+0000] {processor.py:186} INFO - Started process (PID=1533) to work on /home/airflow/.local/lib/python3.12/site-packages/airflow/example_dags/example_complex.py
[2025-04-02T10:04:27.965+0000] {processor.py:914} INFO - Processing file /home/airflow/.local/lib/python3.12/site-packages/airflow/example_dags/example_complex.py for tasks to queue
[2025-04-02T10:04:27.972+0000] {logging_mixin.py:190} INFO - [2025-04-02T10:04:27.971+0000] {dagbag.py:588} INFO - Filling up the DagBag from /home/airflow/.local/lib/python3.12/site-packages/airflow/example_dags/example_complex.py
[2025-04-02T10:04:27.994+0000] {processor.py:925} INFO - DAG(s) 'example_complex' retrieved from /home/airflow/.local/lib/python3.12/site-packages/airflow/example_dags/example_complex.py
[2025-04-02T10:04:28.045+0000] {logging_mixin.py:190} INFO - [2025-04-02T10:04:28.045+0000] {dag.py:3239} INFO - Sync 1 DAGs
[2025-04-02T10:04:28.077+0000] {logging_mixin.py:190} INFO - [2025-04-02T10:04:28.076+0000] {dag.py:4180} INFO - Setting next_dagrun for example_complex to None, run_after=None
[2025-04-02T10:04:28.112+0000] {processor.py:208} INFO - Processing /home/airflow/.local/lib/python3.12/site-packages/airflow/example_dags/example_complex.py took 0.162 seconds
[2025-04-02T10:04:58.931+0000] {processor.py:186} INFO - Started process (PID=1596) to work on /home/airflow/.local/lib/python3.12/site-packages/airflow/example_dags/example_complex.py
[2025-04-02T10:04:58.970+0000] {processor.py:914} INFO - Processing file /home/airflow/.local/lib/python3.12/site-packages/airflow/example_dags/example_complex.py for tasks to queue
[2025-04-02T10:04:58.973+0000] {logging_mixin.py:190} INFO - [2025-04-02T10:04:58.972+0000] {dagbag.py:588} INFO - Filling up the DagBag from /home/airflow/.local/lib/python3.12/site-packages/airflow/example_dags/example_complex.py
[2025-04-02T10:04:58.992+0000] {processor.py:925} INFO - DAG(s) 'example_complex' retrieved from /home/airflow/.local/lib/python3.12/site-packages/airflow/example_dags/example_complex.py
[2025-04-02T10:04:59.036+0000] {logging_mixin.py:190} INFO - [2025-04-02T10:04:59.035+0000] {dag.py:3239} INFO - Sync 1 DAGs
[2025-04-02T10:04:59.059+0000] {logging_mixin.py:190} INFO - [2025-04-02T10:04:59.059+0000] {dag.py:4180} INFO - Setting next_dagrun for example_complex to None, run_after=None
[2025-04-02T10:04:59.093+0000] {processor.py:208} INFO - Processing /home/airflow/.local/lib/python3.12/site-packages/airflow/example_dags/example_complex.py took 0.172 seconds
[2025-04-02T10:05:29.200+0000] {processor.py:186} INFO - Started process (PID=1659) to work on /home/airflow/.local/lib/python3.12/site-packages/airflow/example_dags/example_complex.py
[2025-04-02T10:05:29.202+0000] {processor.py:914} INFO - Processing file /home/airflow/.local/lib/python3.12/site-packages/airflow/example_dags/example_complex.py for tasks to queue
[2025-04-02T10:05:29.205+0000] {logging_mixin.py:190} INFO - [2025-04-02T10:05:29.204+0000] {dagbag.py:588} INFO - Filling up the DagBag from /home/airflow/.local/lib/python3.12/site-packages/airflow/example_dags/example_complex.py
[2025-04-02T10:05:29.223+0000] {processor.py:925} INFO - DAG(s) 'example_complex' retrieved from /home/airflow/.local/lib/python3.12/site-packages/airflow/example_dags/example_complex.py
[2025-04-02T10:05:29.265+0000] {logging_mixin.py:190} INFO - [2025-04-02T10:05:29.264+0000] {dag.py:3239} INFO - Sync 1 DAGs
[2025-04-02T10:05:29.287+0000] {logging_mixin.py:190} INFO - [2025-04-02T10:05:29.287+0000] {dag.py:4180} INFO - Setting next_dagrun for example_complex to None, run_after=None
[2025-04-02T10:05:29.316+0000] {processor.py:208} INFO - Processing /home/airflow/.local/lib/python3.12/site-packages/airflow/example_dags/example_complex.py took 0.125 seconds
[2025-04-02T10:05:59.954+0000] {processor.py:186} INFO - Started process (PID=1722) to work on /home/airflow/.local/lib/python3.12/site-packages/airflow/example_dags/example_complex.py
[2025-04-02T10:05:59.956+0000] {processor.py:914} INFO - Processing file /home/airflow/.local/lib/python3.12/site-packages/airflow/example_dags/example_complex.py for tasks to queue
[2025-04-02T10:05:59.958+0000] {logging_mixin.py:190} INFO - [2025-04-02T10:05:59.957+0000] {dagbag.py:588} INFO - Filling up the DagBag from /home/airflow/.local/lib/python3.12/site-packages/airflow/example_dags/example_complex.py
[2025-04-02T10:05:59.976+0000] {processor.py:925} INFO - DAG(s) 'example_complex' retrieved from /home/airflow/.local/lib/python3.12/site-packages/airflow/example_dags/example_complex.py
[2025-04-02T10:06:00.025+0000] {logging_mixin.py:190} INFO - [2025-04-02T10:06:00.025+0000] {dag.py:3239} INFO - Sync 1 DAGs
[2025-04-02T10:06:00.060+0000] {logging_mixin.py:190} INFO - [2025-04-02T10:06:00.060+0000] {dag.py:4180} INFO - Setting next_dagrun for example_complex to None, run_after=None
[2025-04-02T10:06:00.091+0000] {processor.py:208} INFO - Processing /home/airflow/.local/lib/python3.12/site-packages/airflow/example_dags/example_complex.py took 0.146 seconds
[2025-04-02T10:06:30.226+0000] {processor.py:186} INFO - Started process (PID=1785) to work on /home/airflow/.local/lib/python3.12/site-packages/airflow/example_dags/example_complex.py
[2025-04-02T10:06:30.227+0000] {processor.py:914} INFO - Processing file /home/airflow/.local/lib/python3.12/site-packages/airflow/example_dags/example_complex.py for tasks to queue
[2025-04-02T10:06:30.230+0000] {logging_mixin.py:190} INFO - [2025-04-02T10:06:30.229+0000] {dagbag.py:588} INFO - Filling up the DagBag from /home/airflow/.local/lib/python3.12/site-packages/airflow/example_dags/example_complex.py
[2025-04-02T10:06:30.251+0000] {processor.py:925} INFO - DAG(s) 'example_complex' retrieved from /home/airflow/.local/lib/python3.12/site-packages/airflow/example_dags/example_complex.py
[2025-04-02T10:06:30.300+0000] {logging_mixin.py:190} INFO - [2025-04-02T10:06:30.299+0000] {dag.py:3239} INFO - Sync 1 DAGs
[2025-04-02T10:06:30.327+0000] {logging_mixin.py:190} INFO - [2025-04-02T10:06:30.327+0000] {dag.py:4180} INFO - Setting next_dagrun for example_complex to None, run_after=None
[2025-04-02T10:06:30.360+0000] {processor.py:208} INFO - Processing /home/airflow/.local/lib/python3.12/site-packages/airflow/example_dags/example_complex.py took 0.144 seconds
[2025-04-02T10:07:00.510+0000] {processor.py:186} INFO - Started process (PID=1848) to work on /home/airflow/.local/lib/python3.12/site-packages/airflow/example_dags/example_complex.py
[2025-04-02T10:07:00.512+0000] {processor.py:914} INFO - Processing file /home/airflow/.local/lib/python3.12/site-packages/airflow/example_dags/example_complex.py for tasks to queue
[2025-04-02T10:07:00.514+0000] {logging_mixin.py:190} INFO - [2025-04-02T10:07:00.514+0000] {dagbag.py:588} INFO - Filling up the DagBag from /home/airflow/.local/lib/python3.12/site-packages/airflow/example_dags/example_complex.py
[2025-04-02T10:07:00.535+0000] {processor.py:925} INFO - DAG(s) 'example_complex' retrieved from /home/airflow/.local/lib/python3.12/site-packages/airflow/example_dags/example_complex.py
[2025-04-02T10:07:00.588+0000] {logging_mixin.py:190} INFO - [2025-04-02T10:07:00.587+0000] {dag.py:3239} INFO - Sync 1 DAGs
[2025-04-02T10:07:00.615+0000] {logging_mixin.py:190} INFO - [2025-04-02T10:07:00.615+0000] {dag.py:4180} INFO - Setting next_dagrun for example_complex to None, run_after=None
[2025-04-02T10:07:00.647+0000] {processor.py:208} INFO - Processing /home/airflow/.local/lib/python3.12/site-packages/airflow/example_dags/example_complex.py took 0.148 seconds
[2025-04-02T10:07:30.811+0000] {processor.py:186} INFO - Started process (PID=1911) to work on /home/airflow/.local/lib/python3.12/site-packages/airflow/example_dags/example_complex.py
[2025-04-02T10:07:30.813+0000] {processor.py:914} INFO - Processing file /home/airflow/.local/lib/python3.12/site-packages/airflow/example_dags/example_complex.py for tasks to queue
[2025-04-02T10:07:30.815+0000] {logging_mixin.py:190} INFO - [2025-04-02T10:07:30.814+0000] {dagbag.py:588} INFO - Filling up the DagBag from /home/airflow/.local/lib/python3.12/site-packages/airflow/example_dags/example_complex.py
[2025-04-02T10:07:30.830+0000] {processor.py:925} INFO - DAG(s) 'example_complex' retrieved from /home/airflow/.local/lib/python3.12/site-packages/airflow/example_dags/example_complex.py
[2025-04-02T10:07:30.874+0000] {logging_mixin.py:190} INFO - [2025-04-02T10:07:30.874+0000] {dag.py:3239} INFO - Sync 1 DAGs
[2025-04-02T10:07:30.894+0000] {logging_mixin.py:190} INFO - [2025-04-02T10:07:30.894+0000] {dag.py:4180} INFO - Setting next_dagrun for example_complex to None, run_after=None
[2025-04-02T10:07:30.924+0000] {processor.py:208} INFO - Processing /home/airflow/.local/lib/python3.12/site-packages/airflow/example_dags/example_complex.py took 0.122 seconds
[2025-04-02T10:08:01.027+0000] {processor.py:186} INFO - Started process (PID=1974) to work on /home/airflow/.local/lib/python3.12/site-packages/airflow/example_dags/example_complex.py
[2025-04-02T10:08:01.029+0000] {processor.py:914} INFO - Processing file /home/airflow/.local/lib/python3.12/site-packages/airflow/example_dags/example_complex.py for tasks to queue
[2025-04-02T10:08:01.032+0000] {logging_mixin.py:190} INFO - [2025-04-02T10:08:01.032+0000] {dagbag.py:588} INFO - Filling up the DagBag from /home/airflow/.local/lib/python3.12/site-packages/airflow/example_dags/example_complex.py
[2025-04-02T10:08:01.048+0000] {processor.py:925} INFO - DAG(s) 'example_complex' retrieved from /home/airflow/.local/lib/python3.12/site-packages/airflow/example_dags/example_complex.py
[2025-04-02T10:08:01.094+0000] {logging_mixin.py:190} INFO - [2025-04-02T10:08:01.094+0000] {dag.py:3239} INFO - Sync 1 DAGs
[2025-04-02T10:08:01.119+0000] {logging_mixin.py:190} INFO - [2025-04-02T10:08:01.119+0000] {dag.py:4180} INFO - Setting next_dagrun for example_complex to None, run_after=None
[2025-04-02T10:08:01.150+0000] {processor.py:208} INFO - Processing /home/airflow/.local/lib/python3.12/site-packages/airflow/example_dags/example_complex.py took 0.131 seconds
[2025-04-02T10:08:31.468+0000] {processor.py:186} INFO - Started process (PID=2037) to work on /home/airflow/.local/lib/python3.12/site-packages/airflow/example_dags/example_complex.py
[2025-04-02T10:08:31.470+0000] {processor.py:914} INFO - Processing file /home/airflow/.local/lib/python3.12/site-packages/airflow/example_dags/example_complex.py for tasks to queue
[2025-04-02T10:08:31.472+0000] {logging_mixin.py:190} INFO - [2025-04-02T10:08:31.472+0000] {dagbag.py:588} INFO - Filling up the DagBag from /home/airflow/.local/lib/python3.12/site-packages/airflow/example_dags/example_complex.py
[2025-04-02T10:08:31.491+0000] {processor.py:925} INFO - DAG(s) 'example_complex' retrieved from /home/airflow/.local/lib/python3.12/site-packages/airflow/example_dags/example_complex.py
[2025-04-02T10:08:31.549+0000] {logging_mixin.py:190} INFO - [2025-04-02T10:08:31.548+0000] {dag.py:3239} INFO - Sync 1 DAGs
[2025-04-02T10:08:31.585+0000] {logging_mixin.py:190} INFO - [2025-04-02T10:08:31.584+0000] {dag.py:4180} INFO - Setting next_dagrun for example_complex to None, run_after=None
[2025-04-02T10:08:31.625+0000] {processor.py:208} INFO - Processing /home/airflow/.local/lib/python3.12/site-packages/airflow/example_dags/example_complex.py took 0.167 seconds
[2025-04-02T10:09:01.720+0000] {processor.py:186} INFO - Started process (PID=2101) to work on /home/airflow/.local/lib/python3.12/site-packages/airflow/example_dags/example_complex.py
[2025-04-02T10:09:01.721+0000] {processor.py:914} INFO - Processing file /home/airflow/.local/lib/python3.12/site-packages/airflow/example_dags/example_complex.py for tasks to queue
[2025-04-02T10:09:01.724+0000] {logging_mixin.py:190} INFO - [2025-04-02T10:09:01.723+0000] {dagbag.py:588} INFO - Filling up the DagBag from /home/airflow/.local/lib/python3.12/site-packages/airflow/example_dags/example_complex.py
[2025-04-02T10:09:01.741+0000] {processor.py:925} INFO - DAG(s) 'example_complex' retrieved from /home/airflow/.local/lib/python3.12/site-packages/airflow/example_dags/example_complex.py
[2025-04-02T10:09:01.785+0000] {logging_mixin.py:190} INFO - [2025-04-02T10:09:01.785+0000] {dag.py:3239} INFO - Sync 1 DAGs
[2025-04-02T10:09:01.806+0000] {logging_mixin.py:190} INFO - [2025-04-02T10:09:01.805+0000] {dag.py:4180} INFO - Setting next_dagrun for example_complex to None, run_after=None
[2025-04-02T10:09:01.832+0000] {processor.py:208} INFO - Processing /home/airflow/.local/lib/python3.12/site-packages/airflow/example_dags/example_complex.py took 0.119 seconds
[2025-04-02T10:09:32.779+0000] {processor.py:186} INFO - Started process (PID=2163) to work on /home/airflow/.local/lib/python3.12/site-packages/airflow/example_dags/example_complex.py
[2025-04-02T10:09:32.782+0000] {processor.py:914} INFO - Processing file /home/airflow/.local/lib/python3.12/site-packages/airflow/example_dags/example_complex.py for tasks to queue
[2025-04-02T10:09:32.784+0000] {logging_mixin.py:190} INFO - [2025-04-02T10:09:32.784+0000] {dagbag.py:588} INFO - Filling up the DagBag from /home/airflow/.local/lib/python3.12/site-packages/airflow/example_dags/example_complex.py
[2025-04-02T10:09:32.802+0000] {processor.py:925} INFO - DAG(s) 'example_complex' retrieved from /home/airflow/.local/lib/python3.12/site-packages/airflow/example_dags/example_complex.py
[2025-04-02T10:09:32.842+0000] {logging_mixin.py:190} INFO - [2025-04-02T10:09:32.842+0000] {dag.py:3239} INFO - Sync 1 DAGs
[2025-04-02T10:09:32.863+0000] {logging_mixin.py:190} INFO - [2025-04-02T10:09:32.862+0000] {dag.py:4180} INFO - Setting next_dagrun for example_complex to None, run_after=None
[2025-04-02T10:09:32.891+0000] {processor.py:208} INFO - Processing /home/airflow/.local/lib/python3.12/site-packages/airflow/example_dags/example_complex.py took 0.118 seconds
[2025-04-02T10:10:02.955+0000] {processor.py:186} INFO - Started process (PID=2227) to work on /home/airflow/.local/lib/python3.12/site-packages/airflow/example_dags/example_complex.py
[2025-04-02T10:10:02.957+0000] {processor.py:914} INFO - Processing file /home/airflow/.local/lib/python3.12/site-packages/airflow/example_dags/example_complex.py for tasks to queue
[2025-04-02T10:10:02.959+0000] {logging_mixin.py:190} INFO - [2025-04-02T10:10:02.958+0000] {dagbag.py:588} INFO - Filling up the DagBag from /home/airflow/.local/lib/python3.12/site-packages/airflow/example_dags/example_complex.py
[2025-04-02T10:10:02.979+0000] {processor.py:925} INFO - DAG(s) 'example_complex' retrieved from /home/airflow/.local/lib/python3.12/site-packages/airflow/example_dags/example_complex.py
[2025-04-02T10:10:03.022+0000] {logging_mixin.py:190} INFO - [2025-04-02T10:10:03.022+0000] {dag.py:3239} INFO - Sync 1 DAGs
[2025-04-02T10:10:03.045+0000] {logging_mixin.py:190} INFO - [2025-04-02T10:10:03.044+0000] {dag.py:4180} INFO - Setting next_dagrun for example_complex to None, run_after=None
[2025-04-02T10:10:03.071+0000] {processor.py:208} INFO - Processing /home/airflow/.local/lib/python3.12/site-packages/airflow/example_dags/example_complex.py took 0.124 seconds
[2025-04-02T10:10:34.014+0000] {processor.py:186} INFO - Started process (PID=2290) to work on /home/airflow/.local/lib/python3.12/site-packages/airflow/example_dags/example_complex.py
[2025-04-02T10:10:34.016+0000] {processor.py:914} INFO - Processing file /home/airflow/.local/lib/python3.12/site-packages/airflow/example_dags/example_complex.py for tasks to queue
[2025-04-02T10:10:34.019+0000] {logging_mixin.py:190} INFO - [2025-04-02T10:10:34.018+0000] {dagbag.py:588} INFO - Filling up the DagBag from /home/airflow/.local/lib/python3.12/site-packages/airflow/example_dags/example_complex.py
[2025-04-02T10:10:34.038+0000] {processor.py:925} INFO - DAG(s) 'example_complex' retrieved from /home/airflow/.local/lib/python3.12/site-packages/airflow/example_dags/example_complex.py
[2025-04-02T10:10:34.084+0000] {logging_mixin.py:190} INFO - [2025-04-02T10:10:34.084+0000] {dag.py:3239} INFO - Sync 1 DAGs
[2025-04-02T10:10:34.111+0000] {logging_mixin.py:190} INFO - [2025-04-02T10:10:34.110+0000] {dag.py:4180} INFO - Setting next_dagrun for example_complex to None, run_after=None
[2025-04-02T10:10:34.144+0000] {processor.py:208} INFO - Processing /home/airflow/.local/lib/python3.12/site-packages/airflow/example_dags/example_complex.py took 0.139 seconds
[2025-04-02T10:11:04.401+0000] {processor.py:186} INFO - Started process (PID=2352) to work on /home/airflow/.local/lib/python3.12/site-packages/airflow/example_dags/example_complex.py
[2025-04-02T10:11:04.402+0000] {processor.py:914} INFO - Processing file /home/airflow/.local/lib/python3.12/site-packages/airflow/example_dags/example_complex.py for tasks to queue
[2025-04-02T10:11:04.404+0000] {logging_mixin.py:190} INFO - [2025-04-02T10:11:04.404+0000] {dagbag.py:588} INFO - Filling up the DagBag from /home/airflow/.local/lib/python3.12/site-packages/airflow/example_dags/example_complex.py
[2025-04-02T10:11:04.424+0000] {processor.py:925} INFO - DAG(s) 'example_complex' retrieved from /home/airflow/.local/lib/python3.12/site-packages/airflow/example_dags/example_complex.py
[2025-04-02T10:11:04.470+0000] {logging_mixin.py:190} INFO - [2025-04-02T10:11:04.470+0000] {dag.py:3239} INFO - Sync 1 DAGs
[2025-04-02T10:11:04.492+0000] {logging_mixin.py:190} INFO - [2025-04-02T10:11:04.491+0000] {dag.py:4180} INFO - Setting next_dagrun for example_complex to None, run_after=None
[2025-04-02T10:11:04.517+0000] {processor.py:208} INFO - Processing /home/airflow/.local/lib/python3.12/site-packages/airflow/example_dags/example_complex.py took 0.124 seconds
[2025-04-02T10:11:34.694+0000] {processor.py:186} INFO - Started process (PID=2415) to work on /home/airflow/.local/lib/python3.12/site-packages/airflow/example_dags/example_complex.py
[2025-04-02T10:11:34.696+0000] {processor.py:914} INFO - Processing file /home/airflow/.local/lib/python3.12/site-packages/airflow/example_dags/example_complex.py for tasks to queue
[2025-04-02T10:11:34.699+0000] {logging_mixin.py:190} INFO - [2025-04-02T10:11:34.698+0000] {dagbag.py:588} INFO - Filling up the DagBag from /home/airflow/.local/lib/python3.12/site-packages/airflow/example_dags/example_complex.py
[2025-04-02T10:11:34.713+0000] {processor.py:925} INFO - DAG(s) 'example_complex' retrieved from /home/airflow/.local/lib/python3.12/site-packages/airflow/example_dags/example_complex.py
[2025-04-02T10:11:34.765+0000] {logging_mixin.py:190} INFO - [2025-04-02T10:11:34.764+0000] {dag.py:3239} INFO - Sync 1 DAGs
[2025-04-02T10:11:34.791+0000] {logging_mixin.py:190} INFO - [2025-04-02T10:11:34.790+0000] {dag.py:4180} INFO - Setting next_dagrun for example_complex to None, run_after=None
[2025-04-02T10:11:34.839+0000] {processor.py:208} INFO - Processing /home/airflow/.local/lib/python3.12/site-packages/airflow/example_dags/example_complex.py took 0.158 seconds
[2025-04-02T10:12:05.649+0000] {processor.py:186} INFO - Started process (PID=2479) to work on /home/airflow/.local/lib/python3.12/site-packages/airflow/example_dags/example_complex.py
[2025-04-02T10:12:05.651+0000] {processor.py:914} INFO - Processing file /home/airflow/.local/lib/python3.12/site-packages/airflow/example_dags/example_complex.py for tasks to queue
[2025-04-02T10:12:05.654+0000] {logging_mixin.py:190} INFO - [2025-04-02T10:12:05.653+0000] {dagbag.py:588} INFO - Filling up the DagBag from /home/airflow/.local/lib/python3.12/site-packages/airflow/example_dags/example_complex.py
[2025-04-02T10:12:05.673+0000] {processor.py:925} INFO - DAG(s) 'example_complex' retrieved from /home/airflow/.local/lib/python3.12/site-packages/airflow/example_dags/example_complex.py
[2025-04-02T10:12:05.717+0000] {logging_mixin.py:190} INFO - [2025-04-02T10:12:05.717+0000] {dag.py:3239} INFO - Sync 1 DAGs
[2025-04-02T10:12:05.741+0000] {logging_mixin.py:190} INFO - [2025-04-02T10:12:05.740+0000] {dag.py:4180} INFO - Setting next_dagrun for example_complex to None, run_after=None
[2025-04-02T10:12:05.768+0000] {processor.py:208} INFO - Processing /home/airflow/.local/lib/python3.12/site-packages/airflow/example_dags/example_complex.py took 0.128 seconds
[2025-04-02T10:12:36.524+0000] {processor.py:186} INFO - Started process (PID=2543) to work on /home/airflow/.local/lib/python3.12/site-packages/airflow/example_dags/example_complex.py
[2025-04-02T10:12:36.526+0000] {processor.py:914} INFO - Processing file /home/airflow/.local/lib/python3.12/site-packages/airflow/example_dags/example_complex.py for tasks to queue
[2025-04-02T10:12:36.529+0000] {logging_mixin.py:190} INFO - [2025-04-02T10:12:36.528+0000] {dagbag.py:588} INFO - Filling up the DagBag from /home/airflow/.local/lib/python3.12/site-packages/airflow/example_dags/example_complex.py
[2025-04-02T10:12:36.547+0000] {processor.py:925} INFO - DAG(s) 'example_complex' retrieved from /home/airflow/.local/lib/python3.12/site-packages/airflow/example_dags/example_complex.py
[2025-04-02T10:12:36.587+0000] {logging_mixin.py:190} INFO - [2025-04-02T10:12:36.587+0000] {dag.py:3239} INFO - Sync 1 DAGs
[2025-04-02T10:12:36.608+0000] {logging_mixin.py:190} INFO - [2025-04-02T10:12:36.608+0000] {dag.py:4180} INFO - Setting next_dagrun for example_complex to None, run_after=None
[2025-04-02T10:12:36.636+0000] {processor.py:208} INFO - Processing /home/airflow/.local/lib/python3.12/site-packages/airflow/example_dags/example_complex.py took 0.119 seconds
[2025-04-02T10:13:07.567+0000] {processor.py:186} INFO - Started process (PID=2606) to work on /home/airflow/.local/lib/python3.12/site-packages/airflow/example_dags/example_complex.py
[2025-04-02T10:13:07.571+0000] {processor.py:914} INFO - Processing file /home/airflow/.local/lib/python3.12/site-packages/airflow/example_dags/example_complex.py for tasks to queue
[2025-04-02T10:13:07.575+0000] {logging_mixin.py:190} INFO - [2025-04-02T10:13:07.574+0000] {dagbag.py:588} INFO - Filling up the DagBag from /home/airflow/.local/lib/python3.12/site-packages/airflow/example_dags/example_complex.py
[2025-04-02T10:13:07.597+0000] {processor.py:925} INFO - DAG(s) 'example_complex' retrieved from /home/airflow/.local/lib/python3.12/site-packages/airflow/example_dags/example_complex.py
[2025-04-02T10:13:07.657+0000] {logging_mixin.py:190} INFO - [2025-04-02T10:13:07.657+0000] {dag.py:3239} INFO - Sync 1 DAGs
[2025-04-02T10:13:07.685+0000] {logging_mixin.py:190} INFO - [2025-04-02T10:13:07.684+0000] {dag.py:4180} INFO - Setting next_dagrun for example_complex to None, run_after=None
[2025-04-02T10:13:07.725+0000] {processor.py:208} INFO - Processing /home/airflow/.local/lib/python3.12/site-packages/airflow/example_dags/example_complex.py took 0.171 seconds
[2025-04-02T10:13:39.735+0000] {processor.py:186} INFO - Started process (PID=2676) to work on /home/airflow/.local/lib/python3.12/site-packages/airflow/example_dags/example_complex.py
[2025-04-02T10:13:39.736+0000] {processor.py:914} INFO - Processing file /home/airflow/.local/lib/python3.12/site-packages/airflow/example_dags/example_complex.py for tasks to queue
[2025-04-02T10:13:39.739+0000] {logging_mixin.py:190} INFO - [2025-04-02T10:13:39.738+0000] {dagbag.py:588} INFO - Filling up the DagBag from /home/airflow/.local/lib/python3.12/site-packages/airflow/example_dags/example_complex.py
[2025-04-02T10:13:39.761+0000] {processor.py:925} INFO - DAG(s) 'example_complex' retrieved from /home/airflow/.local/lib/python3.12/site-packages/airflow/example_dags/example_complex.py
[2025-04-02T10:13:39.812+0000] {logging_mixin.py:190} INFO - [2025-04-02T10:13:39.811+0000] {dag.py:3239} INFO - Sync 1 DAGs
[2025-04-02T10:13:39.832+0000] {logging_mixin.py:190} INFO - [2025-04-02T10:13:39.832+0000] {dag.py:4180} INFO - Setting next_dagrun for example_complex to None, run_after=None
[2025-04-02T10:13:39.884+0000] {processor.py:208} INFO - Processing /home/airflow/.local/lib/python3.12/site-packages/airflow/example_dags/example_complex.py took 0.159 seconds
[2025-04-02T13:35:32.917+0000] {processor.py:186} INFO - Started process (PID=2699) to work on /home/airflow/.local/lib/python3.12/site-packages/airflow/example_dags/example_complex.py
[2025-04-02T13:35:32.931+0000] {processor.py:914} INFO - Processing file /home/airflow/.local/lib/python3.12/site-packages/airflow/example_dags/example_complex.py for tasks to queue
[2025-04-02T13:35:32.935+0000] {logging_mixin.py:190} INFO - [2025-04-02T13:35:32.934+0000] {dagbag.py:588} INFO - Filling up the DagBag from /home/airflow/.local/lib/python3.12/site-packages/airflow/example_dags/example_complex.py
[2025-04-02T13:35:33.031+0000] {processor.py:925} INFO - DAG(s) 'example_complex' retrieved from /home/airflow/.local/lib/python3.12/site-packages/airflow/example_dags/example_complex.py
[2025-04-02T13:35:33.292+0000] {logging_mixin.py:190} INFO - [2025-04-02T13:35:33.292+0000] {dag.py:3239} INFO - Sync 1 DAGs
[2025-04-02T13:35:33.390+0000] {logging_mixin.py:190} INFO - [2025-04-02T13:35:33.389+0000] {dag.py:4180} INFO - Setting next_dagrun for example_complex to None, run_after=None
[2025-04-02T13:35:33.501+0000] {processor.py:208} INFO - Processing /home/airflow/.local/lib/python3.12/site-packages/airflow/example_dags/example_complex.py took 0.618 seconds
[2025-04-02T13:36:04.307+0000] {processor.py:186} INFO - Started process (PID=2761) to work on /home/airflow/.local/lib/python3.12/site-packages/airflow/example_dags/example_complex.py
[2025-04-02T13:36:04.311+0000] {processor.py:914} INFO - Processing file /home/airflow/.local/lib/python3.12/site-packages/airflow/example_dags/example_complex.py for tasks to queue
[2025-04-02T13:36:04.314+0000] {logging_mixin.py:190} INFO - [2025-04-02T13:36:04.313+0000] {dagbag.py:588} INFO - Filling up the DagBag from /home/airflow/.local/lib/python3.12/site-packages/airflow/example_dags/example_complex.py
[2025-04-02T13:36:04.333+0000] {processor.py:925} INFO - DAG(s) 'example_complex' retrieved from /home/airflow/.local/lib/python3.12/site-packages/airflow/example_dags/example_complex.py
[2025-04-02T13:36:04.376+0000] {logging_mixin.py:190} INFO - [2025-04-02T13:36:04.375+0000] {dag.py:3239} INFO - Sync 1 DAGs
[2025-04-02T13:36:04.398+0000] {logging_mixin.py:190} INFO - [2025-04-02T13:36:04.398+0000] {dag.py:4180} INFO - Setting next_dagrun for example_complex to None, run_after=None
[2025-04-02T13:36:04.428+0000] {processor.py:208} INFO - Processing /home/airflow/.local/lib/python3.12/site-packages/airflow/example_dags/example_complex.py took 0.129 seconds
[2025-04-02T13:36:34.488+0000] {processor.py:186} INFO - Started process (PID=2824) to work on /home/airflow/.local/lib/python3.12/site-packages/airflow/example_dags/example_complex.py
[2025-04-02T13:36:34.490+0000] {processor.py:914} INFO - Processing file /home/airflow/.local/lib/python3.12/site-packages/airflow/example_dags/example_complex.py for tasks to queue
[2025-04-02T13:36:34.493+0000] {logging_mixin.py:190} INFO - [2025-04-02T13:36:34.492+0000] {dagbag.py:588} INFO - Filling up the DagBag from /home/airflow/.local/lib/python3.12/site-packages/airflow/example_dags/example_complex.py
[2025-04-02T13:36:34.512+0000] {processor.py:925} INFO - DAG(s) 'example_complex' retrieved from /home/airflow/.local/lib/python3.12/site-packages/airflow/example_dags/example_complex.py
[2025-04-02T13:36:34.561+0000] {logging_mixin.py:190} INFO - [2025-04-02T13:36:34.561+0000] {dag.py:3239} INFO - Sync 1 DAGs
[2025-04-02T13:36:34.590+0000] {logging_mixin.py:190} INFO - [2025-04-02T13:36:34.590+0000] {dag.py:4180} INFO - Setting next_dagrun for example_complex to None, run_after=None
[2025-04-02T13:36:34.631+0000] {processor.py:208} INFO - Processing /home/airflow/.local/lib/python3.12/site-packages/airflow/example_dags/example_complex.py took 0.152 seconds
[2025-04-02T13:37:04.816+0000] {processor.py:186} INFO - Started process (PID=2886) to work on /home/airflow/.local/lib/python3.12/site-packages/airflow/example_dags/example_complex.py
[2025-04-02T13:37:04.818+0000] {processor.py:914} INFO - Processing file /home/airflow/.local/lib/python3.12/site-packages/airflow/example_dags/example_complex.py for tasks to queue
[2025-04-02T13:37:04.820+0000] {logging_mixin.py:190} INFO - [2025-04-02T13:37:04.820+0000] {dagbag.py:588} INFO - Filling up the DagBag from /home/airflow/.local/lib/python3.12/site-packages/airflow/example_dags/example_complex.py
[2025-04-02T13:37:04.837+0000] {processor.py:925} INFO - DAG(s) 'example_complex' retrieved from /home/airflow/.local/lib/python3.12/site-packages/airflow/example_dags/example_complex.py
[2025-04-02T13:37:04.875+0000] {logging_mixin.py:190} INFO - [2025-04-02T13:37:04.874+0000] {dag.py:3239} INFO - Sync 1 DAGs
[2025-04-02T13:37:04.898+0000] {logging_mixin.py:190} INFO - [2025-04-02T13:37:04.898+0000] {dag.py:4180} INFO - Setting next_dagrun for example_complex to None, run_after=None
[2025-04-02T13:37:04.929+0000] {processor.py:208} INFO - Processing /home/airflow/.local/lib/python3.12/site-packages/airflow/example_dags/example_complex.py took 0.124 seconds
[2025-04-02T13:37:35.098+0000] {processor.py:186} INFO - Started process (PID=2949) to work on /home/airflow/.local/lib/python3.12/site-packages/airflow/example_dags/example_complex.py
[2025-04-02T13:37:35.100+0000] {processor.py:914} INFO - Processing file /home/airflow/.local/lib/python3.12/site-packages/airflow/example_dags/example_complex.py for tasks to queue
[2025-04-02T13:37:35.103+0000] {logging_mixin.py:190} INFO - [2025-04-02T13:37:35.102+0000] {dagbag.py:588} INFO - Filling up the DagBag from /home/airflow/.local/lib/python3.12/site-packages/airflow/example_dags/example_complex.py
[2025-04-02T13:37:35.128+0000] {processor.py:925} INFO - DAG(s) 'example_complex' retrieved from /home/airflow/.local/lib/python3.12/site-packages/airflow/example_dags/example_complex.py
[2025-04-02T13:37:35.187+0000] {logging_mixin.py:190} INFO - [2025-04-02T13:37:35.187+0000] {dag.py:3239} INFO - Sync 1 DAGs
[2025-04-02T13:37:35.212+0000] {logging_mixin.py:190} INFO - [2025-04-02T13:37:35.212+0000] {dag.py:4180} INFO - Setting next_dagrun for example_complex to None, run_after=None
[2025-04-02T13:37:35.240+0000] {processor.py:208} INFO - Processing /home/airflow/.local/lib/python3.12/site-packages/airflow/example_dags/example_complex.py took 0.152 seconds
[2025-04-02T13:38:05.897+0000] {processor.py:186} INFO - Started process (PID=3012) to work on /home/airflow/.local/lib/python3.12/site-packages/airflow/example_dags/example_complex.py
[2025-04-02T13:38:05.898+0000] {processor.py:914} INFO - Processing file /home/airflow/.local/lib/python3.12/site-packages/airflow/example_dags/example_complex.py for tasks to queue
[2025-04-02T13:38:05.900+0000] {logging_mixin.py:190} INFO - [2025-04-02T13:38:05.900+0000] {dagbag.py:588} INFO - Filling up the DagBag from /home/airflow/.local/lib/python3.12/site-packages/airflow/example_dags/example_complex.py
[2025-04-02T13:38:05.916+0000] {processor.py:925} INFO - DAG(s) 'example_complex' retrieved from /home/airflow/.local/lib/python3.12/site-packages/airflow/example_dags/example_complex.py
[2025-04-02T13:38:05.970+0000] {logging_mixin.py:190} INFO - [2025-04-02T13:38:05.970+0000] {dag.py:3239} INFO - Sync 1 DAGs
[2025-04-02T13:38:06.004+0000] {logging_mixin.py:190} INFO - [2025-04-02T13:38:06.004+0000] {dag.py:4180} INFO - Setting next_dagrun for example_complex to None, run_after=None
[2025-04-02T13:38:06.044+0000] {processor.py:208} INFO - Processing /home/airflow/.local/lib/python3.12/site-packages/airflow/example_dags/example_complex.py took 0.155 seconds
[2025-04-02T13:38:36.693+0000] {processor.py:186} INFO - Started process (PID=3075) to work on /home/airflow/.local/lib/python3.12/site-packages/airflow/example_dags/example_complex.py
[2025-04-02T13:38:36.694+0000] {processor.py:914} INFO - Processing file /home/airflow/.local/lib/python3.12/site-packages/airflow/example_dags/example_complex.py for tasks to queue
[2025-04-02T13:38:36.696+0000] {logging_mixin.py:190} INFO - [2025-04-02T13:38:36.696+0000] {dagbag.py:588} INFO - Filling up the DagBag from /home/airflow/.local/lib/python3.12/site-packages/airflow/example_dags/example_complex.py
[2025-04-02T13:38:36.713+0000] {processor.py:925} INFO - DAG(s) 'example_complex' retrieved from /home/airflow/.local/lib/python3.12/site-packages/airflow/example_dags/example_complex.py
[2025-04-02T13:38:36.754+0000] {logging_mixin.py:190} INFO - [2025-04-02T13:38:36.753+0000] {dag.py:3239} INFO - Sync 1 DAGs
[2025-04-02T13:38:36.779+0000] {logging_mixin.py:190} INFO - [2025-04-02T13:38:36.779+0000] {dag.py:4180} INFO - Setting next_dagrun for example_complex to None, run_after=None
[2025-04-02T13:38:36.810+0000] {processor.py:208} INFO - Processing /home/airflow/.local/lib/python3.12/site-packages/airflow/example_dags/example_complex.py took 0.126 seconds
[2025-04-02T13:39:06.955+0000] {processor.py:186} INFO - Started process (PID=3138) to work on /home/airflow/.local/lib/python3.12/site-packages/airflow/example_dags/example_complex.py
[2025-04-02T13:39:06.957+0000] {processor.py:914} INFO - Processing file /home/airflow/.local/lib/python3.12/site-packages/airflow/example_dags/example_complex.py for tasks to queue
[2025-04-02T13:39:06.959+0000] {logging_mixin.py:190} INFO - [2025-04-02T13:39:06.958+0000] {dagbag.py:588} INFO - Filling up the DagBag from /home/airflow/.local/lib/python3.12/site-packages/airflow/example_dags/example_complex.py
[2025-04-02T13:39:06.978+0000] {processor.py:925} INFO - DAG(s) 'example_complex' retrieved from /home/airflow/.local/lib/python3.12/site-packages/airflow/example_dags/example_complex.py
[2025-04-02T13:39:07.018+0000] {logging_mixin.py:190} INFO - [2025-04-02T13:39:07.017+0000] {dag.py:3239} INFO - Sync 1 DAGs
[2025-04-02T13:39:07.042+0000] {logging_mixin.py:190} INFO - [2025-04-02T13:39:07.042+0000] {dag.py:4180} INFO - Setting next_dagrun for example_complex to None, run_after=None
[2025-04-02T13:39:07.069+0000] {processor.py:208} INFO - Processing /home/airflow/.local/lib/python3.12/site-packages/airflow/example_dags/example_complex.py took 0.126 seconds
[2025-04-02T13:39:37.994+0000] {processor.py:186} INFO - Started process (PID=3201) to work on /home/airflow/.local/lib/python3.12/site-packages/airflow/example_dags/example_complex.py
[2025-04-02T13:39:37.996+0000] {processor.py:914} INFO - Processing file /home/airflow/.local/lib/python3.12/site-packages/airflow/example_dags/example_complex.py for tasks to queue
[2025-04-02T13:39:37.999+0000] {logging_mixin.py:190} INFO - [2025-04-02T13:39:37.998+0000] {dagbag.py:588} INFO - Filling up the DagBag from /home/airflow/.local/lib/python3.12/site-packages/airflow/example_dags/example_complex.py
[2025-04-02T13:39:38.019+0000] {processor.py:925} INFO - DAG(s) 'example_complex' retrieved from /home/airflow/.local/lib/python3.12/site-packages/airflow/example_dags/example_complex.py
[2025-04-02T13:39:38.062+0000] {logging_mixin.py:190} INFO - [2025-04-02T13:39:38.062+0000] {dag.py:3239} INFO - Sync 1 DAGs
[2025-04-02T13:39:38.084+0000] {logging_mixin.py:190} INFO - [2025-04-02T13:39:38.084+0000] {dag.py:4180} INFO - Setting next_dagrun for example_complex to None, run_after=None
[2025-04-02T13:39:38.117+0000] {processor.py:208} INFO - Processing /home/airflow/.local/lib/python3.12/site-packages/airflow/example_dags/example_complex.py took 0.134 seconds
[2025-04-02T13:40:08.535+0000] {processor.py:186} INFO - Started process (PID=3263) to work on /home/airflow/.local/lib/python3.12/site-packages/airflow/example_dags/example_complex.py
[2025-04-02T13:40:08.536+0000] {processor.py:914} INFO - Processing file /home/airflow/.local/lib/python3.12/site-packages/airflow/example_dags/example_complex.py for tasks to queue
[2025-04-02T13:40:08.538+0000] {logging_mixin.py:190} INFO - [2025-04-02T13:40:08.538+0000] {dagbag.py:588} INFO - Filling up the DagBag from /home/airflow/.local/lib/python3.12/site-packages/airflow/example_dags/example_complex.py
[2025-04-02T13:40:08.558+0000] {processor.py:925} INFO - DAG(s) 'example_complex' retrieved from /home/airflow/.local/lib/python3.12/site-packages/airflow/example_dags/example_complex.py
[2025-04-02T13:40:08.612+0000] {logging_mixin.py:190} INFO - [2025-04-02T13:40:08.611+0000] {dag.py:3239} INFO - Sync 1 DAGs
[2025-04-02T13:40:08.637+0000] {logging_mixin.py:190} INFO - [2025-04-02T13:40:08.637+0000] {dag.py:4180} INFO - Setting next_dagrun for example_complex to None, run_after=None
[2025-04-02T13:40:08.672+0000] {processor.py:208} INFO - Processing /home/airflow/.local/lib/python3.12/site-packages/airflow/example_dags/example_complex.py took 0.150 seconds
[2025-04-02T13:40:39.252+0000] {processor.py:186} INFO - Started process (PID=3326) to work on /home/airflow/.local/lib/python3.12/site-packages/airflow/example_dags/example_complex.py
[2025-04-02T13:40:39.255+0000] {processor.py:914} INFO - Processing file /home/airflow/.local/lib/python3.12/site-packages/airflow/example_dags/example_complex.py for tasks to queue
[2025-04-02T13:40:39.257+0000] {logging_mixin.py:190} INFO - [2025-04-02T13:40:39.256+0000] {dagbag.py:588} INFO - Filling up the DagBag from /home/airflow/.local/lib/python3.12/site-packages/airflow/example_dags/example_complex.py
[2025-04-02T13:40:39.273+0000] {processor.py:925} INFO - DAG(s) 'example_complex' retrieved from /home/airflow/.local/lib/python3.12/site-packages/airflow/example_dags/example_complex.py
[2025-04-02T13:40:39.314+0000] {logging_mixin.py:190} INFO - [2025-04-02T13:40:39.313+0000] {dag.py:3239} INFO - Sync 1 DAGs
[2025-04-02T13:40:39.337+0000] {logging_mixin.py:190} INFO - [2025-04-02T13:40:39.337+0000] {dag.py:4180} INFO - Setting next_dagrun for example_complex to None, run_after=None
[2025-04-02T13:40:39.364+0000] {processor.py:208} INFO - Processing /home/airflow/.local/lib/python3.12/site-packages/airflow/example_dags/example_complex.py took 0.121 seconds
[2025-04-02T13:41:09.546+0000] {processor.py:186} INFO - Started process (PID=3391) to work on /home/airflow/.local/lib/python3.12/site-packages/airflow/example_dags/example_complex.py
[2025-04-02T13:41:09.548+0000] {processor.py:914} INFO - Processing file /home/airflow/.local/lib/python3.12/site-packages/airflow/example_dags/example_complex.py for tasks to queue
[2025-04-02T13:41:09.552+0000] {logging_mixin.py:190} INFO - [2025-04-02T13:41:09.550+0000] {dagbag.py:588} INFO - Filling up the DagBag from /home/airflow/.local/lib/python3.12/site-packages/airflow/example_dags/example_complex.py
[2025-04-02T13:41:09.571+0000] {processor.py:925} INFO - DAG(s) 'example_complex' retrieved from /home/airflow/.local/lib/python3.12/site-packages/airflow/example_dags/example_complex.py
[2025-04-02T13:41:09.612+0000] {logging_mixin.py:190} INFO - [2025-04-02T13:41:09.612+0000] {dag.py:3239} INFO - Sync 1 DAGs
[2025-04-02T13:41:09.630+0000] {logging_mixin.py:190} INFO - [2025-04-02T13:41:09.630+0000] {dag.py:4180} INFO - Setting next_dagrun for example_complex to None, run_after=None
[2025-04-02T13:41:09.654+0000] {processor.py:208} INFO - Processing /home/airflow/.local/lib/python3.12/site-packages/airflow/example_dags/example_complex.py took 0.114 seconds
