[2025-04-02T09:04:37.528+0000] {processor.py:186} INFO - Started process (PID=96) to work on /home/airflow/.local/lib/python3.12/site-packages/airflow/example_dags/example_branch_python_dop_operator_3.py
[2025-04-02T09:04:37.530+0000] {processor.py:914} INFO - Processing file /home/airflow/.local/lib/python3.12/site-packages/airflow/example_dags/example_branch_python_dop_operator_3.py for tasks to queue
[2025-04-02T09:04:37.534+0000] {logging_mixin.py:190} INFO - [2025-04-02T09:04:37.533+0000] {dagbag.py:588} INFO - Filling up the DagBag from /home/airflow/.local/lib/python3.12/site-packages/airflow/example_dags/example_branch_python_dop_operator_3.py
[2025-04-02T09:04:37.551+0000] {processor.py:925} INFO - DAG(s) 'example_branch_dop_operator_v3' retrieved from /home/airflow/.local/lib/python3.12/site-packages/airflow/example_dags/example_branch_python_dop_operator_3.py
[2025-04-02T09:04:37.718+0000] {logging_mixin.py:190} INFO - [2025-04-02T09:04:37.717+0000] {override.py:1912} INFO - Created Permission View: can delete on DAG:example_branch_dop_operator_v3
[2025-04-02T09:04:37.736+0000] {logging_mixin.py:190} INFO - [2025-04-02T09:04:37.736+0000] {override.py:1912} INFO - Created Permission View: can edit on DAG:example_branch_dop_operator_v3
[2025-04-02T09:04:37.748+0000] {logging_mixin.py:190} INFO - [2025-04-02T09:04:37.748+0000] {override.py:1912} INFO - Created Permission View: can read on DAG:example_branch_dop_operator_v3
[2025-04-02T09:04:37.759+0000] {logging_mixin.py:190} INFO - [2025-04-02T09:04:37.759+0000] {override.py:1912} INFO - Created Permission View: can delete on DAG Run:example_branch_dop_operator_v3
[2025-04-02T09:04:37.772+0000] {logging_mixin.py:190} INFO - [2025-04-02T09:04:37.772+0000] {override.py:1912} INFO - Created Permission View: menu access on DAG Run:example_branch_dop_operator_v3
[2025-04-02T09:04:37.784+0000] {logging_mixin.py:190} INFO - [2025-04-02T09:04:37.784+0000] {override.py:1912} INFO - Created Permission View: can create on DAG Run:example_branch_dop_operator_v3
[2025-04-02T09:04:37.796+0000] {logging_mixin.py:190} INFO - [2025-04-02T09:04:37.796+0000] {override.py:1912} INFO - Created Permission View: can read on DAG Run:example_branch_dop_operator_v3
[2025-04-02T09:04:37.798+0000] {logging_mixin.py:190} INFO - [2025-04-02T09:04:37.797+0000] {dag.py:3239} INFO - Sync 1 DAGs
[2025-04-02T09:04:37.823+0000] {logging_mixin.py:190} INFO - [2025-04-02T09:04:37.823+0000] {dag.py:3262} INFO - Creating ORM DAG for example_branch_dop_operator_v3
[2025-04-02T09:04:37.850+0000] {logging_mixin.py:190} INFO - [2025-04-02T09:04:37.850+0000] {dag.py:4180} INFO - Setting next_dagrun for example_branch_dop_operator_v3 to 2025-04-02 09:03:00+00:00, run_after=2025-04-02 09:04:00+00:00
[2025-04-02T09:04:37.876+0000] {processor.py:208} INFO - Processing /home/airflow/.local/lib/python3.12/site-packages/airflow/example_dags/example_branch_python_dop_operator_3.py took 0.357 seconds
[2025-04-02T09:05:08.249+0000] {processor.py:186} INFO - Started process (PID=159) to work on /home/airflow/.local/lib/python3.12/site-packages/airflow/example_dags/example_branch_python_dop_operator_3.py
[2025-04-02T09:05:08.250+0000] {processor.py:914} INFO - Processing file /home/airflow/.local/lib/python3.12/site-packages/airflow/example_dags/example_branch_python_dop_operator_3.py for tasks to queue
[2025-04-02T09:05:08.253+0000] {logging_mixin.py:190} INFO - [2025-04-02T09:05:08.252+0000] {dagbag.py:588} INFO - Filling up the DagBag from /home/airflow/.local/lib/python3.12/site-packages/airflow/example_dags/example_branch_python_dop_operator_3.py
[2025-04-02T09:05:08.264+0000] {processor.py:925} INFO - DAG(s) 'example_branch_dop_operator_v3' retrieved from /home/airflow/.local/lib/python3.12/site-packages/airflow/example_dags/example_branch_python_dop_operator_3.py
[2025-04-02T09:05:08.284+0000] {logging_mixin.py:190} INFO - [2025-04-02T09:05:08.284+0000] {dag.py:3239} INFO - Sync 1 DAGs
[2025-04-02T09:05:08.318+0000] {logging_mixin.py:190} INFO - [2025-04-02T09:05:08.317+0000] {dag.py:4180} INFO - Setting next_dagrun for example_branch_dop_operator_v3 to 2025-04-02 09:04:00+00:00, run_after=2025-04-02 09:05:00+00:00
[2025-04-02T09:05:08.340+0000] {processor.py:208} INFO - Processing /home/airflow/.local/lib/python3.12/site-packages/airflow/example_dags/example_branch_python_dop_operator_3.py took 0.097 seconds
[2025-04-02T09:05:38.969+0000] {processor.py:186} INFO - Started process (PID=222) to work on /home/airflow/.local/lib/python3.12/site-packages/airflow/example_dags/example_branch_python_dop_operator_3.py
[2025-04-02T09:05:38.971+0000] {processor.py:914} INFO - Processing file /home/airflow/.local/lib/python3.12/site-packages/airflow/example_dags/example_branch_python_dop_operator_3.py for tasks to queue
[2025-04-02T09:05:38.975+0000] {logging_mixin.py:190} INFO - [2025-04-02T09:05:38.974+0000] {dagbag.py:588} INFO - Filling up the DagBag from /home/airflow/.local/lib/python3.12/site-packages/airflow/example_dags/example_branch_python_dop_operator_3.py
[2025-04-02T09:05:38.991+0000] {processor.py:925} INFO - DAG(s) 'example_branch_dop_operator_v3' retrieved from /home/airflow/.local/lib/python3.12/site-packages/airflow/example_dags/example_branch_python_dop_operator_3.py
[2025-04-02T09:05:39.023+0000] {logging_mixin.py:190} INFO - [2025-04-02T09:05:39.022+0000] {dag.py:3239} INFO - Sync 1 DAGs
[2025-04-02T09:05:39.066+0000] {logging_mixin.py:190} INFO - [2025-04-02T09:05:39.066+0000] {dag.py:4180} INFO - Setting next_dagrun for example_branch_dop_operator_v3 to 2025-04-02 09:04:00+00:00, run_after=2025-04-02 09:05:00+00:00
[2025-04-02T09:05:39.097+0000] {processor.py:208} INFO - Processing /home/airflow/.local/lib/python3.12/site-packages/airflow/example_dags/example_branch_python_dop_operator_3.py took 0.135 seconds
[2025-04-02T09:06:09.270+0000] {processor.py:186} INFO - Started process (PID=284) to work on /home/airflow/.local/lib/python3.12/site-packages/airflow/example_dags/example_branch_python_dop_operator_3.py
[2025-04-02T09:06:09.272+0000] {processor.py:914} INFO - Processing file /home/airflow/.local/lib/python3.12/site-packages/airflow/example_dags/example_branch_python_dop_operator_3.py for tasks to queue
[2025-04-02T09:06:09.277+0000] {logging_mixin.py:190} INFO - [2025-04-02T09:06:09.276+0000] {dagbag.py:588} INFO - Filling up the DagBag from /home/airflow/.local/lib/python3.12/site-packages/airflow/example_dags/example_branch_python_dop_operator_3.py
[2025-04-02T09:06:09.295+0000] {processor.py:925} INFO - DAG(s) 'example_branch_dop_operator_v3' retrieved from /home/airflow/.local/lib/python3.12/site-packages/airflow/example_dags/example_branch_python_dop_operator_3.py
[2025-04-02T09:06:09.322+0000] {logging_mixin.py:190} INFO - [2025-04-02T09:06:09.322+0000] {dag.py:3239} INFO - Sync 1 DAGs
[2025-04-02T09:06:09.353+0000] {logging_mixin.py:190} INFO - [2025-04-02T09:06:09.353+0000] {dag.py:4180} INFO - Setting next_dagrun for example_branch_dop_operator_v3 to 2025-04-02 09:05:00+00:00, run_after=2025-04-02 09:06:00+00:00
[2025-04-02T09:06:09.378+0000] {processor.py:208} INFO - Processing /home/airflow/.local/lib/python3.12/site-packages/airflow/example_dags/example_branch_python_dop_operator_3.py took 0.116 seconds
[2025-04-02T09:06:40.120+0000] {processor.py:186} INFO - Started process (PID=347) to work on /home/airflow/.local/lib/python3.12/site-packages/airflow/example_dags/example_branch_python_dop_operator_3.py
[2025-04-02T09:06:40.121+0000] {processor.py:914} INFO - Processing file /home/airflow/.local/lib/python3.12/site-packages/airflow/example_dags/example_branch_python_dop_operator_3.py for tasks to queue
[2025-04-02T09:06:40.124+0000] {logging_mixin.py:190} INFO - [2025-04-02T09:06:40.124+0000] {dagbag.py:588} INFO - Filling up the DagBag from /home/airflow/.local/lib/python3.12/site-packages/airflow/example_dags/example_branch_python_dop_operator_3.py
[2025-04-02T09:06:40.135+0000] {processor.py:925} INFO - DAG(s) 'example_branch_dop_operator_v3' retrieved from /home/airflow/.local/lib/python3.12/site-packages/airflow/example_dags/example_branch_python_dop_operator_3.py
[2025-04-02T09:06:40.158+0000] {logging_mixin.py:190} INFO - [2025-04-02T09:06:40.157+0000] {dag.py:3239} INFO - Sync 1 DAGs
[2025-04-02T09:06:40.191+0000] {logging_mixin.py:190} INFO - [2025-04-02T09:06:40.190+0000] {dag.py:4180} INFO - Setting next_dagrun for example_branch_dop_operator_v3 to 2025-04-02 09:05:00+00:00, run_after=2025-04-02 09:06:00+00:00
[2025-04-02T09:06:40.214+0000] {processor.py:208} INFO - Processing /home/airflow/.local/lib/python3.12/site-packages/airflow/example_dags/example_branch_python_dop_operator_3.py took 0.100 seconds
[2025-04-02T09:07:10.372+0000] {processor.py:186} INFO - Started process (PID=410) to work on /home/airflow/.local/lib/python3.12/site-packages/airflow/example_dags/example_branch_python_dop_operator_3.py
[2025-04-02T09:07:10.373+0000] {processor.py:914} INFO - Processing file /home/airflow/.local/lib/python3.12/site-packages/airflow/example_dags/example_branch_python_dop_operator_3.py for tasks to queue
[2025-04-02T09:07:10.379+0000] {logging_mixin.py:190} INFO - [2025-04-02T09:07:10.378+0000] {dagbag.py:588} INFO - Filling up the DagBag from /home/airflow/.local/lib/python3.12/site-packages/airflow/example_dags/example_branch_python_dop_operator_3.py
[2025-04-02T09:07:10.403+0000] {processor.py:925} INFO - DAG(s) 'example_branch_dop_operator_v3' retrieved from /home/airflow/.local/lib/python3.12/site-packages/airflow/example_dags/example_branch_python_dop_operator_3.py
[2025-04-02T09:07:10.450+0000] {logging_mixin.py:190} INFO - [2025-04-02T09:07:10.450+0000] {dag.py:3239} INFO - Sync 1 DAGs
[2025-04-02T09:07:10.510+0000] {logging_mixin.py:190} INFO - [2025-04-02T09:07:10.510+0000] {dag.py:4180} INFO - Setting next_dagrun for example_branch_dop_operator_v3 to 2025-04-02 09:06:00+00:00, run_after=2025-04-02 09:07:00+00:00
[2025-04-02T09:07:10.558+0000] {processor.py:208} INFO - Processing /home/airflow/.local/lib/python3.12/site-packages/airflow/example_dags/example_branch_python_dop_operator_3.py took 0.198 seconds
[2025-04-02T09:07:40.785+0000] {processor.py:186} INFO - Started process (PID=473) to work on /home/airflow/.local/lib/python3.12/site-packages/airflow/example_dags/example_branch_python_dop_operator_3.py
[2025-04-02T09:07:40.786+0000] {processor.py:914} INFO - Processing file /home/airflow/.local/lib/python3.12/site-packages/airflow/example_dags/example_branch_python_dop_operator_3.py for tasks to queue
[2025-04-02T09:07:40.789+0000] {logging_mixin.py:190} INFO - [2025-04-02T09:07:40.788+0000] {dagbag.py:588} INFO - Filling up the DagBag from /home/airflow/.local/lib/python3.12/site-packages/airflow/example_dags/example_branch_python_dop_operator_3.py
[2025-04-02T09:07:40.802+0000] {processor.py:925} INFO - DAG(s) 'example_branch_dop_operator_v3' retrieved from /home/airflow/.local/lib/python3.12/site-packages/airflow/example_dags/example_branch_python_dop_operator_3.py
[2025-04-02T09:07:40.828+0000] {logging_mixin.py:190} INFO - [2025-04-02T09:07:40.828+0000] {dag.py:3239} INFO - Sync 1 DAGs
[2025-04-02T09:07:40.866+0000] {logging_mixin.py:190} INFO - [2025-04-02T09:07:40.866+0000] {dag.py:4180} INFO - Setting next_dagrun for example_branch_dop_operator_v3 to 2025-04-02 09:06:00+00:00, run_after=2025-04-02 09:07:00+00:00
[2025-04-02T09:07:40.899+0000] {processor.py:208} INFO - Processing /home/airflow/.local/lib/python3.12/site-packages/airflow/example_dags/example_branch_python_dop_operator_3.py took 0.121 seconds
[2025-04-02T09:08:11.169+0000] {processor.py:186} INFO - Started process (PID=536) to work on /home/airflow/.local/lib/python3.12/site-packages/airflow/example_dags/example_branch_python_dop_operator_3.py
[2025-04-02T09:08:11.170+0000] {processor.py:914} INFO - Processing file /home/airflow/.local/lib/python3.12/site-packages/airflow/example_dags/example_branch_python_dop_operator_3.py for tasks to queue
[2025-04-02T09:08:11.173+0000] {logging_mixin.py:190} INFO - [2025-04-02T09:08:11.173+0000] {dagbag.py:588} INFO - Filling up the DagBag from /home/airflow/.local/lib/python3.12/site-packages/airflow/example_dags/example_branch_python_dop_operator_3.py
[2025-04-02T09:08:11.186+0000] {processor.py:925} INFO - DAG(s) 'example_branch_dop_operator_v3' retrieved from /home/airflow/.local/lib/python3.12/site-packages/airflow/example_dags/example_branch_python_dop_operator_3.py
[2025-04-02T09:08:11.211+0000] {logging_mixin.py:190} INFO - [2025-04-02T09:08:11.210+0000] {dag.py:3239} INFO - Sync 1 DAGs
[2025-04-02T09:08:11.245+0000] {logging_mixin.py:190} INFO - [2025-04-02T09:08:11.244+0000] {dag.py:4180} INFO - Setting next_dagrun for example_branch_dop_operator_v3 to 2025-04-02 09:07:00+00:00, run_after=2025-04-02 09:08:00+00:00
[2025-04-02T09:08:11.269+0000] {processor.py:208} INFO - Processing /home/airflow/.local/lib/python3.12/site-packages/airflow/example_dags/example_branch_python_dop_operator_3.py took 0.107 seconds
[2025-04-02T09:08:41.976+0000] {processor.py:186} INFO - Started process (PID=598) to work on /home/airflow/.local/lib/python3.12/site-packages/airflow/example_dags/example_branch_python_dop_operator_3.py
[2025-04-02T09:08:41.978+0000] {processor.py:914} INFO - Processing file /home/airflow/.local/lib/python3.12/site-packages/airflow/example_dags/example_branch_python_dop_operator_3.py for tasks to queue
[2025-04-02T09:08:41.981+0000] {logging_mixin.py:190} INFO - [2025-04-02T09:08:41.981+0000] {dagbag.py:588} INFO - Filling up the DagBag from /home/airflow/.local/lib/python3.12/site-packages/airflow/example_dags/example_branch_python_dop_operator_3.py
[2025-04-02T09:08:41.999+0000] {processor.py:925} INFO - DAG(s) 'example_branch_dop_operator_v3' retrieved from /home/airflow/.local/lib/python3.12/site-packages/airflow/example_dags/example_branch_python_dop_operator_3.py
[2025-04-02T09:08:42.037+0000] {logging_mixin.py:190} INFO - [2025-04-02T09:08:42.036+0000] {dag.py:3239} INFO - Sync 1 DAGs
[2025-04-02T09:08:42.077+0000] {logging_mixin.py:190} INFO - [2025-04-02T09:08:42.077+0000] {dag.py:4180} INFO - Setting next_dagrun for example_branch_dop_operator_v3 to 2025-04-02 09:07:00+00:00, run_after=2025-04-02 09:08:00+00:00
[2025-04-02T09:08:42.108+0000] {processor.py:208} INFO - Processing /home/airflow/.local/lib/python3.12/site-packages/airflow/example_dags/example_branch_python_dop_operator_3.py took 0.142 seconds
[2025-04-02T09:09:12.950+0000] {processor.py:186} INFO - Started process (PID=660) to work on /home/airflow/.local/lib/python3.12/site-packages/airflow/example_dags/example_branch_python_dop_operator_3.py
[2025-04-02T09:09:12.951+0000] {processor.py:914} INFO - Processing file /home/airflow/.local/lib/python3.12/site-packages/airflow/example_dags/example_branch_python_dop_operator_3.py for tasks to queue
[2025-04-02T09:09:12.954+0000] {logging_mixin.py:190} INFO - [2025-04-02T09:09:12.954+0000] {dagbag.py:588} INFO - Filling up the DagBag from /home/airflow/.local/lib/python3.12/site-packages/airflow/example_dags/example_branch_python_dop_operator_3.py
[2025-04-02T09:09:12.967+0000] {processor.py:925} INFO - DAG(s) 'example_branch_dop_operator_v3' retrieved from /home/airflow/.local/lib/python3.12/site-packages/airflow/example_dags/example_branch_python_dop_operator_3.py
[2025-04-02T09:09:12.989+0000] {logging_mixin.py:190} INFO - [2025-04-02T09:09:12.989+0000] {dag.py:3239} INFO - Sync 1 DAGs
[2025-04-02T09:09:13.020+0000] {logging_mixin.py:190} INFO - [2025-04-02T09:09:13.020+0000] {dag.py:4180} INFO - Setting next_dagrun for example_branch_dop_operator_v3 to 2025-04-02 09:08:00+00:00, run_after=2025-04-02 09:09:00+00:00
[2025-04-02T09:09:13.045+0000] {processor.py:208} INFO - Processing /home/airflow/.local/lib/python3.12/site-packages/airflow/example_dags/example_branch_python_dop_operator_3.py took 0.104 seconds
[2025-04-02T09:09:43.118+0000] {processor.py:186} INFO - Started process (PID=722) to work on /home/airflow/.local/lib/python3.12/site-packages/airflow/example_dags/example_branch_python_dop_operator_3.py
[2025-04-02T09:09:43.120+0000] {processor.py:914} INFO - Processing file /home/airflow/.local/lib/python3.12/site-packages/airflow/example_dags/example_branch_python_dop_operator_3.py for tasks to queue
[2025-04-02T09:09:43.122+0000] {logging_mixin.py:190} INFO - [2025-04-02T09:09:43.122+0000] {dagbag.py:588} INFO - Filling up the DagBag from /home/airflow/.local/lib/python3.12/site-packages/airflow/example_dags/example_branch_python_dop_operator_3.py
[2025-04-02T09:09:43.136+0000] {processor.py:925} INFO - DAG(s) 'example_branch_dop_operator_v3' retrieved from /home/airflow/.local/lib/python3.12/site-packages/airflow/example_dags/example_branch_python_dop_operator_3.py
[2025-04-02T09:09:43.162+0000] {logging_mixin.py:190} INFO - [2025-04-02T09:09:43.161+0000] {dag.py:3239} INFO - Sync 1 DAGs
[2025-04-02T09:09:43.200+0000] {logging_mixin.py:190} INFO - [2025-04-02T09:09:43.200+0000] {dag.py:4180} INFO - Setting next_dagrun for example_branch_dop_operator_v3 to 2025-04-02 09:08:00+00:00, run_after=2025-04-02 09:09:00+00:00
[2025-04-02T09:09:43.228+0000] {processor.py:208} INFO - Processing /home/airflow/.local/lib/python3.12/site-packages/airflow/example_dags/example_branch_python_dop_operator_3.py took 0.116 seconds
[2025-04-02T09:10:14.173+0000] {processor.py:186} INFO - Started process (PID=792) to work on /home/airflow/.local/lib/python3.12/site-packages/airflow/example_dags/example_branch_python_dop_operator_3.py
[2025-04-02T09:10:14.174+0000] {processor.py:914} INFO - Processing file /home/airflow/.local/lib/python3.12/site-packages/airflow/example_dags/example_branch_python_dop_operator_3.py for tasks to queue
[2025-04-02T09:10:14.177+0000] {logging_mixin.py:190} INFO - [2025-04-02T09:10:14.176+0000] {dagbag.py:588} INFO - Filling up the DagBag from /home/airflow/.local/lib/python3.12/site-packages/airflow/example_dags/example_branch_python_dop_operator_3.py
[2025-04-02T09:10:14.190+0000] {processor.py:925} INFO - DAG(s) 'example_branch_dop_operator_v3' retrieved from /home/airflow/.local/lib/python3.12/site-packages/airflow/example_dags/example_branch_python_dop_operator_3.py
[2025-04-02T09:10:14.218+0000] {logging_mixin.py:190} INFO - [2025-04-02T09:10:14.217+0000] {dag.py:3239} INFO - Sync 1 DAGs
[2025-04-02T09:10:14.255+0000] {logging_mixin.py:190} INFO - [2025-04-02T09:10:14.255+0000] {dag.py:4180} INFO - Setting next_dagrun for example_branch_dop_operator_v3 to 2025-04-02 09:09:00+00:00, run_after=2025-04-02 09:10:00+00:00
[2025-04-02T09:10:14.281+0000] {processor.py:208} INFO - Processing /home/airflow/.local/lib/python3.12/site-packages/airflow/example_dags/example_branch_python_dop_operator_3.py took 0.116 seconds
[2025-04-02T09:10:45.108+0000] {processor.py:186} INFO - Started process (PID=855) to work on /home/airflow/.local/lib/python3.12/site-packages/airflow/example_dags/example_branch_python_dop_operator_3.py
[2025-04-02T09:10:45.109+0000] {processor.py:914} INFO - Processing file /home/airflow/.local/lib/python3.12/site-packages/airflow/example_dags/example_branch_python_dop_operator_3.py for tasks to queue
[2025-04-02T09:10:45.112+0000] {logging_mixin.py:190} INFO - [2025-04-02T09:10:45.111+0000] {dagbag.py:588} INFO - Filling up the DagBag from /home/airflow/.local/lib/python3.12/site-packages/airflow/example_dags/example_branch_python_dop_operator_3.py
[2025-04-02T09:10:45.122+0000] {processor.py:925} INFO - DAG(s) 'example_branch_dop_operator_v3' retrieved from /home/airflow/.local/lib/python3.12/site-packages/airflow/example_dags/example_branch_python_dop_operator_3.py
[2025-04-02T09:10:45.142+0000] {logging_mixin.py:190} INFO - [2025-04-02T09:10:45.141+0000] {dag.py:3239} INFO - Sync 1 DAGs
[2025-04-02T09:10:45.167+0000] {logging_mixin.py:190} INFO - [2025-04-02T09:10:45.167+0000] {dag.py:4180} INFO - Setting next_dagrun for example_branch_dop_operator_v3 to 2025-04-02 09:09:00+00:00, run_after=2025-04-02 09:10:00+00:00
[2025-04-02T09:10:45.189+0000] {processor.py:208} INFO - Processing /home/airflow/.local/lib/python3.12/site-packages/airflow/example_dags/example_branch_python_dop_operator_3.py took 0.086 seconds
[2025-04-02T09:12:47.658+0000] {processor.py:186} INFO - Started process (PID=99) to work on /home/airflow/.local/lib/python3.12/site-packages/airflow/example_dags/example_branch_python_dop_operator_3.py
[2025-04-02T09:12:47.660+0000] {processor.py:914} INFO - Processing file /home/airflow/.local/lib/python3.12/site-packages/airflow/example_dags/example_branch_python_dop_operator_3.py for tasks to queue
[2025-04-02T09:12:47.665+0000] {logging_mixin.py:190} INFO - [2025-04-02T09:12:47.664+0000] {dagbag.py:588} INFO - Filling up the DagBag from /home/airflow/.local/lib/python3.12/site-packages/airflow/example_dags/example_branch_python_dop_operator_3.py
[2025-04-02T09:12:47.686+0000] {processor.py:925} INFO - DAG(s) 'example_branch_dop_operator_v3' retrieved from /home/airflow/.local/lib/python3.12/site-packages/airflow/example_dags/example_branch_python_dop_operator_3.py
[2025-04-02T09:12:47.731+0000] {logging_mixin.py:190} INFO - [2025-04-02T09:12:47.731+0000] {dag.py:3239} INFO - Sync 1 DAGs
[2025-04-02T09:12:47.797+0000] {logging_mixin.py:190} INFO - [2025-04-02T09:12:47.797+0000] {dag.py:4180} INFO - Setting next_dagrun for example_branch_dop_operator_v3 to 2025-04-02 09:11:00+00:00, run_after=2025-04-02 09:12:00+00:00
[2025-04-02T09:12:47.837+0000] {processor.py:208} INFO - Processing /home/airflow/.local/lib/python3.12/site-packages/airflow/example_dags/example_branch_python_dop_operator_3.py took 0.189 seconds
[2025-04-02T09:13:18.273+0000] {processor.py:186} INFO - Started process (PID=163) to work on /home/airflow/.local/lib/python3.12/site-packages/airflow/example_dags/example_branch_python_dop_operator_3.py
[2025-04-02T09:13:18.275+0000] {processor.py:914} INFO - Processing file /home/airflow/.local/lib/python3.12/site-packages/airflow/example_dags/example_branch_python_dop_operator_3.py for tasks to queue
[2025-04-02T09:13:18.277+0000] {logging_mixin.py:190} INFO - [2025-04-02T09:13:18.277+0000] {dagbag.py:588} INFO - Filling up the DagBag from /home/airflow/.local/lib/python3.12/site-packages/airflow/example_dags/example_branch_python_dop_operator_3.py
[2025-04-02T09:13:18.289+0000] {processor.py:925} INFO - DAG(s) 'example_branch_dop_operator_v3' retrieved from /home/airflow/.local/lib/python3.12/site-packages/airflow/example_dags/example_branch_python_dop_operator_3.py
[2025-04-02T09:13:18.312+0000] {logging_mixin.py:190} INFO - [2025-04-02T09:13:18.311+0000] {dag.py:3239} INFO - Sync 1 DAGs
[2025-04-02T09:13:18.340+0000] {logging_mixin.py:190} INFO - [2025-04-02T09:13:18.340+0000] {dag.py:4180} INFO - Setting next_dagrun for example_branch_dop_operator_v3 to 2025-04-02 09:12:00+00:00, run_after=2025-04-02 09:13:00+00:00
[2025-04-02T09:13:18.364+0000] {processor.py:208} INFO - Processing /home/airflow/.local/lib/python3.12/site-packages/airflow/example_dags/example_branch_python_dop_operator_3.py took 0.098 seconds
[2025-04-02T09:13:48.721+0000] {processor.py:186} INFO - Started process (PID=225) to work on /home/airflow/.local/lib/python3.12/site-packages/airflow/example_dags/example_branch_python_dop_operator_3.py
[2025-04-02T09:13:48.723+0000] {processor.py:914} INFO - Processing file /home/airflow/.local/lib/python3.12/site-packages/airflow/example_dags/example_branch_python_dop_operator_3.py for tasks to queue
[2025-04-02T09:13:48.726+0000] {logging_mixin.py:190} INFO - [2025-04-02T09:13:48.726+0000] {dagbag.py:588} INFO - Filling up the DagBag from /home/airflow/.local/lib/python3.12/site-packages/airflow/example_dags/example_branch_python_dop_operator_3.py
[2025-04-02T09:13:48.737+0000] {processor.py:925} INFO - DAG(s) 'example_branch_dop_operator_v3' retrieved from /home/airflow/.local/lib/python3.12/site-packages/airflow/example_dags/example_branch_python_dop_operator_3.py
[2025-04-02T09:13:48.757+0000] {logging_mixin.py:190} INFO - [2025-04-02T09:13:48.757+0000] {dag.py:3239} INFO - Sync 1 DAGs
[2025-04-02T09:13:48.786+0000] {logging_mixin.py:190} INFO - [2025-04-02T09:13:48.786+0000] {dag.py:4180} INFO - Setting next_dagrun for example_branch_dop_operator_v3 to 2025-04-02 09:12:00+00:00, run_after=2025-04-02 09:13:00+00:00
[2025-04-02T09:13:48.813+0000] {processor.py:208} INFO - Processing /home/airflow/.local/lib/python3.12/site-packages/airflow/example_dags/example_branch_python_dop_operator_3.py took 0.097 seconds
[2025-04-02T09:14:19.294+0000] {processor.py:186} INFO - Started process (PID=287) to work on /home/airflow/.local/lib/python3.12/site-packages/airflow/example_dags/example_branch_python_dop_operator_3.py
[2025-04-02T09:14:19.296+0000] {processor.py:914} INFO - Processing file /home/airflow/.local/lib/python3.12/site-packages/airflow/example_dags/example_branch_python_dop_operator_3.py for tasks to queue
[2025-04-02T09:14:19.300+0000] {logging_mixin.py:190} INFO - [2025-04-02T09:14:19.299+0000] {dagbag.py:588} INFO - Filling up the DagBag from /home/airflow/.local/lib/python3.12/site-packages/airflow/example_dags/example_branch_python_dop_operator_3.py
[2025-04-02T09:14:19.320+0000] {processor.py:925} INFO - DAG(s) 'example_branch_dop_operator_v3' retrieved from /home/airflow/.local/lib/python3.12/site-packages/airflow/example_dags/example_branch_python_dop_operator_3.py
[2025-04-02T09:14:19.363+0000] {logging_mixin.py:190} INFO - [2025-04-02T09:14:19.363+0000] {dag.py:3239} INFO - Sync 1 DAGs
[2025-04-02T09:14:19.418+0000] {logging_mixin.py:190} INFO - [2025-04-02T09:14:19.417+0000] {dag.py:4180} INFO - Setting next_dagrun for example_branch_dop_operator_v3 to 2025-04-02 09:13:00+00:00, run_after=2025-04-02 09:14:00+00:00
[2025-04-02T09:14:19.450+0000] {processor.py:208} INFO - Processing /home/airflow/.local/lib/python3.12/site-packages/airflow/example_dags/example_branch_python_dop_operator_3.py took 0.168 seconds
[2025-04-02T09:14:50.233+0000] {processor.py:186} INFO - Started process (PID=350) to work on /home/airflow/.local/lib/python3.12/site-packages/airflow/example_dags/example_branch_python_dop_operator_3.py
[2025-04-02T09:14:50.234+0000] {processor.py:914} INFO - Processing file /home/airflow/.local/lib/python3.12/site-packages/airflow/example_dags/example_branch_python_dop_operator_3.py for tasks to queue
[2025-04-02T09:14:50.238+0000] {logging_mixin.py:190} INFO - [2025-04-02T09:14:50.238+0000] {dagbag.py:588} INFO - Filling up the DagBag from /home/airflow/.local/lib/python3.12/site-packages/airflow/example_dags/example_branch_python_dop_operator_3.py
[2025-04-02T09:14:50.258+0000] {processor.py:925} INFO - DAG(s) 'example_branch_dop_operator_v3' retrieved from /home/airflow/.local/lib/python3.12/site-packages/airflow/example_dags/example_branch_python_dop_operator_3.py
[2025-04-02T09:14:50.287+0000] {logging_mixin.py:190} INFO - [2025-04-02T09:14:50.286+0000] {dag.py:3239} INFO - Sync 1 DAGs
[2025-04-02T09:14:50.324+0000] {logging_mixin.py:190} INFO - [2025-04-02T09:14:50.324+0000] {dag.py:4180} INFO - Setting next_dagrun for example_branch_dop_operator_v3 to 2025-04-02 09:13:00+00:00, run_after=2025-04-02 09:14:00+00:00
[2025-04-02T09:14:50.355+0000] {processor.py:208} INFO - Processing /home/airflow/.local/lib/python3.12/site-packages/airflow/example_dags/example_branch_python_dop_operator_3.py took 0.137 seconds
[2025-04-02T09:15:20.666+0000] {processor.py:186} INFO - Started process (PID=413) to work on /home/airflow/.local/lib/python3.12/site-packages/airflow/example_dags/example_branch_python_dop_operator_3.py
[2025-04-02T09:15:20.668+0000] {processor.py:914} INFO - Processing file /home/airflow/.local/lib/python3.12/site-packages/airflow/example_dags/example_branch_python_dop_operator_3.py for tasks to queue
[2025-04-02T09:15:20.673+0000] {logging_mixin.py:190} INFO - [2025-04-02T09:15:20.672+0000] {dagbag.py:588} INFO - Filling up the DagBag from /home/airflow/.local/lib/python3.12/site-packages/airflow/example_dags/example_branch_python_dop_operator_3.py
[2025-04-02T09:15:20.690+0000] {processor.py:925} INFO - DAG(s) 'example_branch_dop_operator_v3' retrieved from /home/airflow/.local/lib/python3.12/site-packages/airflow/example_dags/example_branch_python_dop_operator_3.py
[2025-04-02T09:15:20.726+0000] {logging_mixin.py:190} INFO - [2025-04-02T09:15:20.725+0000] {dag.py:3239} INFO - Sync 1 DAGs
[2025-04-02T09:15:20.778+0000] {logging_mixin.py:190} INFO - [2025-04-02T09:15:20.778+0000] {dag.py:4180} INFO - Setting next_dagrun for example_branch_dop_operator_v3 to 2025-04-02 09:14:00+00:00, run_after=2025-04-02 09:15:00+00:00
[2025-04-02T09:15:20.814+0000] {processor.py:208} INFO - Processing /home/airflow/.local/lib/python3.12/site-packages/airflow/example_dags/example_branch_python_dop_operator_3.py took 0.159 seconds
[2025-04-02T09:15:52.256+0000] {processor.py:186} INFO - Started process (PID=476) to work on /home/airflow/.local/lib/python3.12/site-packages/airflow/example_dags/example_branch_python_dop_operator_3.py
[2025-04-02T09:15:52.258+0000] {processor.py:914} INFO - Processing file /home/airflow/.local/lib/python3.12/site-packages/airflow/example_dags/example_branch_python_dop_operator_3.py for tasks to queue
[2025-04-02T09:15:52.262+0000] {logging_mixin.py:190} INFO - [2025-04-02T09:15:52.262+0000] {dagbag.py:588} INFO - Filling up the DagBag from /home/airflow/.local/lib/python3.12/site-packages/airflow/example_dags/example_branch_python_dop_operator_3.py
[2025-04-02T09:15:52.277+0000] {processor.py:925} INFO - DAG(s) 'example_branch_dop_operator_v3' retrieved from /home/airflow/.local/lib/python3.12/site-packages/airflow/example_dags/example_branch_python_dop_operator_3.py
[2025-04-02T09:15:52.309+0000] {logging_mixin.py:190} INFO - [2025-04-02T09:15:52.308+0000] {dag.py:3239} INFO - Sync 1 DAGs
[2025-04-02T09:15:52.350+0000] {logging_mixin.py:190} INFO - [2025-04-02T09:15:52.350+0000] {dag.py:4180} INFO - Setting next_dagrun for example_branch_dop_operator_v3 to 2025-04-02 09:14:00+00:00, run_after=2025-04-02 09:15:00+00:00
[2025-04-02T09:15:52.382+0000] {processor.py:208} INFO - Processing /home/airflow/.local/lib/python3.12/site-packages/airflow/example_dags/example_branch_python_dop_operator_3.py took 0.136 seconds
[2025-04-02T09:16:23.746+0000] {processor.py:186} INFO - Started process (PID=539) to work on /home/airflow/.local/lib/python3.12/site-packages/airflow/example_dags/example_branch_python_dop_operator_3.py
[2025-04-02T09:16:23.748+0000] {processor.py:914} INFO - Processing file /home/airflow/.local/lib/python3.12/site-packages/airflow/example_dags/example_branch_python_dop_operator_3.py for tasks to queue
[2025-04-02T09:16:23.753+0000] {logging_mixin.py:190} INFO - [2025-04-02T09:16:23.752+0000] {dagbag.py:588} INFO - Filling up the DagBag from /home/airflow/.local/lib/python3.12/site-packages/airflow/example_dags/example_branch_python_dop_operator_3.py
[2025-04-02T09:16:23.770+0000] {processor.py:925} INFO - DAG(s) 'example_branch_dop_operator_v3' retrieved from /home/airflow/.local/lib/python3.12/site-packages/airflow/example_dags/example_branch_python_dop_operator_3.py
[2025-04-02T09:16:23.809+0000] {logging_mixin.py:190} INFO - [2025-04-02T09:16:23.808+0000] {dag.py:3239} INFO - Sync 1 DAGs
[2025-04-02T09:16:23.861+0000] {logging_mixin.py:190} INFO - [2025-04-02T09:16:23.861+0000] {dag.py:4180} INFO - Setting next_dagrun for example_branch_dop_operator_v3 to 2025-04-02 09:15:00+00:00, run_after=2025-04-02 09:16:00+00:00
[2025-04-02T09:16:23.897+0000] {processor.py:208} INFO - Processing /home/airflow/.local/lib/python3.12/site-packages/airflow/example_dags/example_branch_python_dop_operator_3.py took 0.160 seconds
[2025-04-02T09:16:56.398+0000] {processor.py:186} INFO - Started process (PID=602) to work on /home/airflow/.local/lib/python3.12/site-packages/airflow/example_dags/example_branch_python_dop_operator_3.py
[2025-04-02T09:16:56.400+0000] {processor.py:914} INFO - Processing file /home/airflow/.local/lib/python3.12/site-packages/airflow/example_dags/example_branch_python_dop_operator_3.py for tasks to queue
[2025-04-02T09:16:56.405+0000] {logging_mixin.py:190} INFO - [2025-04-02T09:16:56.404+0000] {dagbag.py:588} INFO - Filling up the DagBag from /home/airflow/.local/lib/python3.12/site-packages/airflow/example_dags/example_branch_python_dop_operator_3.py
[2025-04-02T09:16:56.421+0000] {processor.py:925} INFO - DAG(s) 'example_branch_dop_operator_v3' retrieved from /home/airflow/.local/lib/python3.12/site-packages/airflow/example_dags/example_branch_python_dop_operator_3.py
[2025-04-02T09:16:56.456+0000] {logging_mixin.py:190} INFO - [2025-04-02T09:16:56.456+0000] {dag.py:3239} INFO - Sync 1 DAGs
[2025-04-02T09:16:56.509+0000] {logging_mixin.py:190} INFO - [2025-04-02T09:16:56.509+0000] {dag.py:4180} INFO - Setting next_dagrun for example_branch_dop_operator_v3 to 2025-04-02 09:15:00+00:00, run_after=2025-04-02 09:16:00+00:00
[2025-04-02T09:16:56.546+0000] {processor.py:208} INFO - Processing /home/airflow/.local/lib/python3.12/site-packages/airflow/example_dags/example_branch_python_dop_operator_3.py took 0.159 seconds
[2025-04-02T09:17:29.144+0000] {processor.py:186} INFO - Started process (PID=665) to work on /home/airflow/.local/lib/python3.12/site-packages/airflow/example_dags/example_branch_python_dop_operator_3.py
[2025-04-02T09:17:29.145+0000] {processor.py:914} INFO - Processing file /home/airflow/.local/lib/python3.12/site-packages/airflow/example_dags/example_branch_python_dop_operator_3.py for tasks to queue
[2025-04-02T09:17:29.148+0000] {logging_mixin.py:190} INFO - [2025-04-02T09:17:29.148+0000] {dagbag.py:588} INFO - Filling up the DagBag from /home/airflow/.local/lib/python3.12/site-packages/airflow/example_dags/example_branch_python_dop_operator_3.py
[2025-04-02T09:17:29.162+0000] {processor.py:925} INFO - DAG(s) 'example_branch_dop_operator_v3' retrieved from /home/airflow/.local/lib/python3.12/site-packages/airflow/example_dags/example_branch_python_dop_operator_3.py
[2025-04-02T09:17:29.186+0000] {logging_mixin.py:190} INFO - [2025-04-02T09:17:29.186+0000] {dag.py:3239} INFO - Sync 1 DAGs
[2025-04-02T09:17:29.220+0000] {logging_mixin.py:190} INFO - [2025-04-02T09:17:29.219+0000] {dag.py:4180} INFO - Setting next_dagrun for example_branch_dop_operator_v3 to 2025-04-02 09:16:00+00:00, run_after=2025-04-02 09:17:00+00:00
[2025-04-02T09:17:29.245+0000] {processor.py:208} INFO - Processing /home/airflow/.local/lib/python3.12/site-packages/airflow/example_dags/example_branch_python_dop_operator_3.py took 0.108 seconds
[2025-04-02T09:17:59.791+0000] {processor.py:186} INFO - Started process (PID=727) to work on /home/airflow/.local/lib/python3.12/site-packages/airflow/example_dags/example_branch_python_dop_operator_3.py
[2025-04-02T09:17:59.792+0000] {processor.py:914} INFO - Processing file /home/airflow/.local/lib/python3.12/site-packages/airflow/example_dags/example_branch_python_dop_operator_3.py for tasks to queue
[2025-04-02T09:17:59.795+0000] {logging_mixin.py:190} INFO - [2025-04-02T09:17:59.795+0000] {dagbag.py:588} INFO - Filling up the DagBag from /home/airflow/.local/lib/python3.12/site-packages/airflow/example_dags/example_branch_python_dop_operator_3.py
[2025-04-02T09:17:59.809+0000] {processor.py:925} INFO - DAG(s) 'example_branch_dop_operator_v3' retrieved from /home/airflow/.local/lib/python3.12/site-packages/airflow/example_dags/example_branch_python_dop_operator_3.py
[2025-04-02T09:17:59.831+0000] {logging_mixin.py:190} INFO - [2025-04-02T09:17:59.831+0000] {dag.py:3239} INFO - Sync 1 DAGs
[2025-04-02T09:17:59.859+0000] {logging_mixin.py:190} INFO - [2025-04-02T09:17:59.859+0000] {dag.py:4180} INFO - Setting next_dagrun for example_branch_dop_operator_v3 to 2025-04-02 09:16:00+00:00, run_after=2025-04-02 09:17:00+00:00
[2025-04-02T09:17:59.879+0000] {processor.py:208} INFO - Processing /home/airflow/.local/lib/python3.12/site-packages/airflow/example_dags/example_branch_python_dop_operator_3.py took 0.095 seconds
[2025-04-02T09:58:26.342+0000] {processor.py:186} INFO - Started process (PID=801) to work on /home/airflow/.local/lib/python3.12/site-packages/airflow/example_dags/example_branch_python_dop_operator_3.py
[2025-04-02T09:58:26.345+0000] {processor.py:914} INFO - Processing file /home/airflow/.local/lib/python3.12/site-packages/airflow/example_dags/example_branch_python_dop_operator_3.py for tasks to queue
[2025-04-02T09:58:26.348+0000] {logging_mixin.py:190} INFO - [2025-04-02T09:58:26.348+0000] {dagbag.py:588} INFO - Filling up the DagBag from /home/airflow/.local/lib/python3.12/site-packages/airflow/example_dags/example_branch_python_dop_operator_3.py
[2025-04-02T09:58:26.391+0000] {processor.py:925} INFO - DAG(s) 'example_branch_dop_operator_v3' retrieved from /home/airflow/.local/lib/python3.12/site-packages/airflow/example_dags/example_branch_python_dop_operator_3.py
[2025-04-02T09:58:26.465+0000] {logging_mixin.py:190} INFO - [2025-04-02T09:58:26.464+0000] {dag.py:3239} INFO - Sync 1 DAGs
[2025-04-02T09:58:26.590+0000] {logging_mixin.py:190} INFO - [2025-04-02T09:58:26.589+0000] {dag.py:4180} INFO - Setting next_dagrun for example_branch_dop_operator_v3 to 2025-04-02 09:57:00+00:00, run_after=2025-04-02 09:58:00+00:00
[2025-04-02T09:58:26.684+0000] {processor.py:208} INFO - Processing /home/airflow/.local/lib/python3.12/site-packages/airflow/example_dags/example_branch_python_dop_operator_3.py took 0.360 seconds
[2025-04-02T09:58:57.000+0000] {processor.py:186} INFO - Started process (PID=864) to work on /home/airflow/.local/lib/python3.12/site-packages/airflow/example_dags/example_branch_python_dop_operator_3.py
[2025-04-02T09:58:57.010+0000] {processor.py:914} INFO - Processing file /home/airflow/.local/lib/python3.12/site-packages/airflow/example_dags/example_branch_python_dop_operator_3.py for tasks to queue
[2025-04-02T09:58:57.014+0000] {logging_mixin.py:190} INFO - [2025-04-02T09:58:57.014+0000] {dagbag.py:588} INFO - Filling up the DagBag from /home/airflow/.local/lib/python3.12/site-packages/airflow/example_dags/example_branch_python_dop_operator_3.py
[2025-04-02T09:58:57.041+0000] {processor.py:925} INFO - DAG(s) 'example_branch_dop_operator_v3' retrieved from /home/airflow/.local/lib/python3.12/site-packages/airflow/example_dags/example_branch_python_dop_operator_3.py
[2025-04-02T09:58:57.077+0000] {logging_mixin.py:190} INFO - [2025-04-02T09:58:57.077+0000] {dag.py:3239} INFO - Sync 1 DAGs
[2025-04-02T09:58:57.127+0000] {logging_mixin.py:190} INFO - [2025-04-02T09:58:57.127+0000] {dag.py:4180} INFO - Setting next_dagrun for example_branch_dop_operator_v3 to 2025-04-02 09:57:00+00:00, run_after=2025-04-02 09:58:00+00:00
[2025-04-02T09:58:57.161+0000] {processor.py:208} INFO - Processing /home/airflow/.local/lib/python3.12/site-packages/airflow/example_dags/example_branch_python_dop_operator_3.py took 0.188 seconds
[2025-04-02T09:59:28.806+0000] {processor.py:186} INFO - Started process (PID=927) to work on /home/airflow/.local/lib/python3.12/site-packages/airflow/example_dags/example_branch_python_dop_operator_3.py
[2025-04-02T09:59:28.808+0000] {processor.py:914} INFO - Processing file /home/airflow/.local/lib/python3.12/site-packages/airflow/example_dags/example_branch_python_dop_operator_3.py for tasks to queue
[2025-04-02T09:59:28.811+0000] {logging_mixin.py:190} INFO - [2025-04-02T09:59:28.810+0000] {dagbag.py:588} INFO - Filling up the DagBag from /home/airflow/.local/lib/python3.12/site-packages/airflow/example_dags/example_branch_python_dop_operator_3.py
[2025-04-02T09:59:28.832+0000] {processor.py:925} INFO - DAG(s) 'example_branch_dop_operator_v3' retrieved from /home/airflow/.local/lib/python3.12/site-packages/airflow/example_dags/example_branch_python_dop_operator_3.py
[2025-04-02T09:59:28.867+0000] {logging_mixin.py:190} INFO - [2025-04-02T09:59:28.866+0000] {dag.py:3239} INFO - Sync 1 DAGs
[2025-04-02T09:59:28.913+0000] {logging_mixin.py:190} INFO - [2025-04-02T09:59:28.913+0000] {dag.py:4180} INFO - Setting next_dagrun for example_branch_dop_operator_v3 to 2025-04-02 09:58:00+00:00, run_after=2025-04-02 09:59:00+00:00
[2025-04-02T09:59:28.944+0000] {processor.py:208} INFO - Processing /home/airflow/.local/lib/python3.12/site-packages/airflow/example_dags/example_branch_python_dop_operator_3.py took 0.149 seconds
[2025-04-02T09:59:59.832+0000] {processor.py:186} INFO - Started process (PID=990) to work on /home/airflow/.local/lib/python3.12/site-packages/airflow/example_dags/example_branch_python_dop_operator_3.py
[2025-04-02T09:59:59.833+0000] {processor.py:914} INFO - Processing file /home/airflow/.local/lib/python3.12/site-packages/airflow/example_dags/example_branch_python_dop_operator_3.py for tasks to queue
[2025-04-02T09:59:59.835+0000] {logging_mixin.py:190} INFO - [2025-04-02T09:59:59.835+0000] {dagbag.py:588} INFO - Filling up the DagBag from /home/airflow/.local/lib/python3.12/site-packages/airflow/example_dags/example_branch_python_dop_operator_3.py
[2025-04-02T09:59:59.848+0000] {processor.py:925} INFO - DAG(s) 'example_branch_dop_operator_v3' retrieved from /home/airflow/.local/lib/python3.12/site-packages/airflow/example_dags/example_branch_python_dop_operator_3.py
[2025-04-02T09:59:59.875+0000] {logging_mixin.py:190} INFO - [2025-04-02T09:59:59.874+0000] {dag.py:3239} INFO - Sync 1 DAGs
[2025-04-02T09:59:59.910+0000] {logging_mixin.py:190} INFO - [2025-04-02T09:59:59.910+0000] {dag.py:4180} INFO - Setting next_dagrun for example_branch_dop_operator_v3 to 2025-04-02 09:58:00+00:00, run_after=2025-04-02 09:59:00+00:00
[2025-04-02T09:59:59.945+0000] {processor.py:208} INFO - Processing /home/airflow/.local/lib/python3.12/site-packages/airflow/example_dags/example_branch_python_dop_operator_3.py took 0.120 seconds
[2025-04-02T10:00:30.378+0000] {processor.py:186} INFO - Started process (PID=1051) to work on /home/airflow/.local/lib/python3.12/site-packages/airflow/example_dags/example_branch_python_dop_operator_3.py
[2025-04-02T10:00:30.380+0000] {processor.py:914} INFO - Processing file /home/airflow/.local/lib/python3.12/site-packages/airflow/example_dags/example_branch_python_dop_operator_3.py for tasks to queue
[2025-04-02T10:00:30.383+0000] {logging_mixin.py:190} INFO - [2025-04-02T10:00:30.382+0000] {dagbag.py:588} INFO - Filling up the DagBag from /home/airflow/.local/lib/python3.12/site-packages/airflow/example_dags/example_branch_python_dop_operator_3.py
[2025-04-02T10:00:30.410+0000] {processor.py:925} INFO - DAG(s) 'example_branch_dop_operator_v3' retrieved from /home/airflow/.local/lib/python3.12/site-packages/airflow/example_dags/example_branch_python_dop_operator_3.py
[2025-04-02T10:00:30.460+0000] {logging_mixin.py:190} INFO - [2025-04-02T10:00:30.460+0000] {dag.py:3239} INFO - Sync 1 DAGs
[2025-04-02T10:00:30.496+0000] {logging_mixin.py:190} INFO - [2025-04-02T10:00:30.496+0000] {dag.py:4180} INFO - Setting next_dagrun for example_branch_dop_operator_v3 to 2025-04-02 09:59:00+00:00, run_after=2025-04-02 10:00:00+00:00
[2025-04-02T10:00:30.528+0000] {processor.py:208} INFO - Processing /home/airflow/.local/lib/python3.12/site-packages/airflow/example_dags/example_branch_python_dop_operator_3.py took 0.162 seconds
[2025-04-02T10:01:00.690+0000] {processor.py:186} INFO - Started process (PID=1114) to work on /home/airflow/.local/lib/python3.12/site-packages/airflow/example_dags/example_branch_python_dop_operator_3.py
[2025-04-02T10:01:00.692+0000] {processor.py:914} INFO - Processing file /home/airflow/.local/lib/python3.12/site-packages/airflow/example_dags/example_branch_python_dop_operator_3.py for tasks to queue
[2025-04-02T10:01:00.695+0000] {logging_mixin.py:190} INFO - [2025-04-02T10:01:00.694+0000] {dagbag.py:588} INFO - Filling up the DagBag from /home/airflow/.local/lib/python3.12/site-packages/airflow/example_dags/example_branch_python_dop_operator_3.py
[2025-04-02T10:01:00.709+0000] {processor.py:925} INFO - DAG(s) 'example_branch_dop_operator_v3' retrieved from /home/airflow/.local/lib/python3.12/site-packages/airflow/example_dags/example_branch_python_dop_operator_3.py
[2025-04-02T10:01:00.738+0000] {logging_mixin.py:190} INFO - [2025-04-02T10:01:00.737+0000] {dag.py:3239} INFO - Sync 1 DAGs
[2025-04-02T10:01:00.774+0000] {logging_mixin.py:190} INFO - [2025-04-02T10:01:00.774+0000] {dag.py:4180} INFO - Setting next_dagrun for example_branch_dop_operator_v3 to 2025-04-02 10:00:00+00:00, run_after=2025-04-02 10:01:00+00:00
[2025-04-02T10:01:00.806+0000] {processor.py:208} INFO - Processing /home/airflow/.local/lib/python3.12/site-packages/airflow/example_dags/example_branch_python_dop_operator_3.py took 0.124 seconds
[2025-04-02T10:01:31.012+0000] {processor.py:186} INFO - Started process (PID=1176) to work on /home/airflow/.local/lib/python3.12/site-packages/airflow/example_dags/example_branch_python_dop_operator_3.py
[2025-04-02T10:01:31.014+0000] {processor.py:914} INFO - Processing file /home/airflow/.local/lib/python3.12/site-packages/airflow/example_dags/example_branch_python_dop_operator_3.py for tasks to queue
[2025-04-02T10:01:31.017+0000] {logging_mixin.py:190} INFO - [2025-04-02T10:01:31.017+0000] {dagbag.py:588} INFO - Filling up the DagBag from /home/airflow/.local/lib/python3.12/site-packages/airflow/example_dags/example_branch_python_dop_operator_3.py
[2025-04-02T10:01:31.030+0000] {processor.py:925} INFO - DAG(s) 'example_branch_dop_operator_v3' retrieved from /home/airflow/.local/lib/python3.12/site-packages/airflow/example_dags/example_branch_python_dop_operator_3.py
[2025-04-02T10:01:31.059+0000] {logging_mixin.py:190} INFO - [2025-04-02T10:01:31.059+0000] {dag.py:3239} INFO - Sync 1 DAGs
[2025-04-02T10:01:31.095+0000] {logging_mixin.py:190} INFO - [2025-04-02T10:01:31.095+0000] {dag.py:4180} INFO - Setting next_dagrun for example_branch_dop_operator_v3 to 2025-04-02 10:00:00+00:00, run_after=2025-04-02 10:01:00+00:00
[2025-04-02T10:01:31.124+0000] {processor.py:208} INFO - Processing /home/airflow/.local/lib/python3.12/site-packages/airflow/example_dags/example_branch_python_dop_operator_3.py took 0.123 seconds
[2025-04-02T10:02:01.977+0000] {processor.py:186} INFO - Started process (PID=1239) to work on /home/airflow/.local/lib/python3.12/site-packages/airflow/example_dags/example_branch_python_dop_operator_3.py
[2025-04-02T10:02:01.978+0000] {processor.py:914} INFO - Processing file /home/airflow/.local/lib/python3.12/site-packages/airflow/example_dags/example_branch_python_dop_operator_3.py for tasks to queue
[2025-04-02T10:02:01.980+0000] {logging_mixin.py:190} INFO - [2025-04-02T10:02:01.980+0000] {dagbag.py:588} INFO - Filling up the DagBag from /home/airflow/.local/lib/python3.12/site-packages/airflow/example_dags/example_branch_python_dop_operator_3.py
[2025-04-02T10:02:01.996+0000] {processor.py:925} INFO - DAG(s) 'example_branch_dop_operator_v3' retrieved from /home/airflow/.local/lib/python3.12/site-packages/airflow/example_dags/example_branch_python_dop_operator_3.py
[2025-04-02T10:02:02.025+0000] {logging_mixin.py:190} INFO - [2025-04-02T10:02:02.025+0000] {dag.py:3239} INFO - Sync 1 DAGs
[2025-04-02T10:02:02.071+0000] {logging_mixin.py:190} INFO - [2025-04-02T10:02:02.071+0000] {dag.py:4180} INFO - Setting next_dagrun for example_branch_dop_operator_v3 to 2025-04-02 10:01:00+00:00, run_after=2025-04-02 10:02:00+00:00
[2025-04-02T10:02:02.103+0000] {processor.py:208} INFO - Processing /home/airflow/.local/lib/python3.12/site-packages/airflow/example_dags/example_branch_python_dop_operator_3.py took 0.135 seconds
[2025-04-02T10:02:32.395+0000] {processor.py:186} INFO - Started process (PID=1302) to work on /home/airflow/.local/lib/python3.12/site-packages/airflow/example_dags/example_branch_python_dop_operator_3.py
[2025-04-02T10:02:32.397+0000] {processor.py:914} INFO - Processing file /home/airflow/.local/lib/python3.12/site-packages/airflow/example_dags/example_branch_python_dop_operator_3.py for tasks to queue
[2025-04-02T10:02:32.399+0000] {logging_mixin.py:190} INFO - [2025-04-02T10:02:32.399+0000] {dagbag.py:588} INFO - Filling up the DagBag from /home/airflow/.local/lib/python3.12/site-packages/airflow/example_dags/example_branch_python_dop_operator_3.py
[2025-04-02T10:02:32.417+0000] {processor.py:925} INFO - DAG(s) 'example_branch_dop_operator_v3' retrieved from /home/airflow/.local/lib/python3.12/site-packages/airflow/example_dags/example_branch_python_dop_operator_3.py
[2025-04-02T10:02:32.445+0000] {logging_mixin.py:190} INFO - [2025-04-02T10:02:32.445+0000] {dag.py:3239} INFO - Sync 1 DAGs
[2025-04-02T10:02:32.488+0000] {logging_mixin.py:190} INFO - [2025-04-02T10:02:32.487+0000] {dag.py:4180} INFO - Setting next_dagrun for example_branch_dop_operator_v3 to 2025-04-02 10:01:00+00:00, run_after=2025-04-02 10:02:00+00:00
[2025-04-02T10:02:32.514+0000] {processor.py:208} INFO - Processing /home/airflow/.local/lib/python3.12/site-packages/airflow/example_dags/example_branch_python_dop_operator_3.py took 0.129 seconds
[2025-04-02T10:03:02.968+0000] {processor.py:186} INFO - Started process (PID=1365) to work on /home/airflow/.local/lib/python3.12/site-packages/airflow/example_dags/example_branch_python_dop_operator_3.py
[2025-04-02T10:03:02.970+0000] {processor.py:914} INFO - Processing file /home/airflow/.local/lib/python3.12/site-packages/airflow/example_dags/example_branch_python_dop_operator_3.py for tasks to queue
[2025-04-02T10:03:02.973+0000] {logging_mixin.py:190} INFO - [2025-04-02T10:03:02.972+0000] {dagbag.py:588} INFO - Filling up the DagBag from /home/airflow/.local/lib/python3.12/site-packages/airflow/example_dags/example_branch_python_dop_operator_3.py
[2025-04-02T10:03:02.990+0000] {processor.py:925} INFO - DAG(s) 'example_branch_dop_operator_v3' retrieved from /home/airflow/.local/lib/python3.12/site-packages/airflow/example_dags/example_branch_python_dop_operator_3.py
[2025-04-02T10:03:03.024+0000] {logging_mixin.py:190} INFO - [2025-04-02T10:03:03.024+0000] {dag.py:3239} INFO - Sync 1 DAGs
[2025-04-02T10:03:03.076+0000] {logging_mixin.py:190} INFO - [2025-04-02T10:03:03.076+0000] {dag.py:4180} INFO - Setting next_dagrun for example_branch_dop_operator_v3 to 2025-04-02 10:02:00+00:00, run_after=2025-04-02 10:03:00+00:00
[2025-04-02T10:03:03.110+0000] {processor.py:208} INFO - Processing /home/airflow/.local/lib/python3.12/site-packages/airflow/example_dags/example_branch_python_dop_operator_3.py took 0.148 seconds
[2025-04-02T10:03:34.151+0000] {processor.py:186} INFO - Started process (PID=1428) to work on /home/airflow/.local/lib/python3.12/site-packages/airflow/example_dags/example_branch_python_dop_operator_3.py
[2025-04-02T10:03:34.153+0000] {processor.py:914} INFO - Processing file /home/airflow/.local/lib/python3.12/site-packages/airflow/example_dags/example_branch_python_dop_operator_3.py for tasks to queue
[2025-04-02T10:03:34.155+0000] {logging_mixin.py:190} INFO - [2025-04-02T10:03:34.155+0000] {dagbag.py:588} INFO - Filling up the DagBag from /home/airflow/.local/lib/python3.12/site-packages/airflow/example_dags/example_branch_python_dop_operator_3.py
[2025-04-02T10:03:34.171+0000] {processor.py:925} INFO - DAG(s) 'example_branch_dop_operator_v3' retrieved from /home/airflow/.local/lib/python3.12/site-packages/airflow/example_dags/example_branch_python_dop_operator_3.py
[2025-04-02T10:03:34.212+0000] {logging_mixin.py:190} INFO - [2025-04-02T10:03:34.211+0000] {dag.py:3239} INFO - Sync 1 DAGs
[2025-04-02T10:03:34.266+0000] {logging_mixin.py:190} INFO - [2025-04-02T10:03:34.266+0000] {dag.py:4180} INFO - Setting next_dagrun for example_branch_dop_operator_v3 to 2025-04-02 10:02:00+00:00, run_after=2025-04-02 10:03:00+00:00
[2025-04-02T10:03:34.299+0000] {processor.py:208} INFO - Processing /home/airflow/.local/lib/python3.12/site-packages/airflow/example_dags/example_branch_python_dop_operator_3.py took 0.158 seconds
[2025-04-02T10:04:05.200+0000] {processor.py:186} INFO - Started process (PID=1491) to work on /home/airflow/.local/lib/python3.12/site-packages/airflow/example_dags/example_branch_python_dop_operator_3.py
[2025-04-02T10:04:05.203+0000] {processor.py:914} INFO - Processing file /home/airflow/.local/lib/python3.12/site-packages/airflow/example_dags/example_branch_python_dop_operator_3.py for tasks to queue
[2025-04-02T10:04:05.206+0000] {logging_mixin.py:190} INFO - [2025-04-02T10:04:05.205+0000] {dagbag.py:588} INFO - Filling up the DagBag from /home/airflow/.local/lib/python3.12/site-packages/airflow/example_dags/example_branch_python_dop_operator_3.py
[2025-04-02T10:04:05.236+0000] {processor.py:925} INFO - DAG(s) 'example_branch_dop_operator_v3' retrieved from /home/airflow/.local/lib/python3.12/site-packages/airflow/example_dags/example_branch_python_dop_operator_3.py
[2025-04-02T10:04:05.293+0000] {logging_mixin.py:190} INFO - [2025-04-02T10:04:05.292+0000] {dag.py:3239} INFO - Sync 1 DAGs
[2025-04-02T10:04:05.379+0000] {logging_mixin.py:190} INFO - [2025-04-02T10:04:05.378+0000] {dag.py:4180} INFO - Setting next_dagrun for example_branch_dop_operator_v3 to 2025-04-02 10:03:00+00:00, run_after=2025-04-02 10:04:00+00:00
[2025-04-02T10:04:05.423+0000] {processor.py:208} INFO - Processing /home/airflow/.local/lib/python3.12/site-packages/airflow/example_dags/example_branch_python_dop_operator_3.py took 0.239 seconds
[2025-04-02T10:04:35.801+0000] {processor.py:186} INFO - Started process (PID=1555) to work on /home/airflow/.local/lib/python3.12/site-packages/airflow/example_dags/example_branch_python_dop_operator_3.py
[2025-04-02T10:04:35.803+0000] {processor.py:914} INFO - Processing file /home/airflow/.local/lib/python3.12/site-packages/airflow/example_dags/example_branch_python_dop_operator_3.py for tasks to queue
[2025-04-02T10:04:35.805+0000] {logging_mixin.py:190} INFO - [2025-04-02T10:04:35.805+0000] {dagbag.py:588} INFO - Filling up the DagBag from /home/airflow/.local/lib/python3.12/site-packages/airflow/example_dags/example_branch_python_dop_operator_3.py
[2025-04-02T10:04:35.822+0000] {processor.py:925} INFO - DAG(s) 'example_branch_dop_operator_v3' retrieved from /home/airflow/.local/lib/python3.12/site-packages/airflow/example_dags/example_branch_python_dop_operator_3.py
[2025-04-02T10:04:35.855+0000] {logging_mixin.py:190} INFO - [2025-04-02T10:04:35.855+0000] {dag.py:3239} INFO - Sync 1 DAGs
[2025-04-02T10:04:35.899+0000] {logging_mixin.py:190} INFO - [2025-04-02T10:04:35.899+0000] {dag.py:4180} INFO - Setting next_dagrun for example_branch_dop_operator_v3 to 2025-04-02 10:03:00+00:00, run_after=2025-04-02 10:04:00+00:00
[2025-04-02T10:04:35.934+0000] {processor.py:208} INFO - Processing /home/airflow/.local/lib/python3.12/site-packages/airflow/example_dags/example_branch_python_dop_operator_3.py took 0.142 seconds
[2025-04-02T10:05:06.584+0000] {processor.py:186} INFO - Started process (PID=1617) to work on /home/airflow/.local/lib/python3.12/site-packages/airflow/example_dags/example_branch_python_dop_operator_3.py
[2025-04-02T10:05:06.586+0000] {processor.py:914} INFO - Processing file /home/airflow/.local/lib/python3.12/site-packages/airflow/example_dags/example_branch_python_dop_operator_3.py for tasks to queue
[2025-04-02T10:05:06.588+0000] {logging_mixin.py:190} INFO - [2025-04-02T10:05:06.587+0000] {dagbag.py:588} INFO - Filling up the DagBag from /home/airflow/.local/lib/python3.12/site-packages/airflow/example_dags/example_branch_python_dop_operator_3.py
[2025-04-02T10:05:06.604+0000] {processor.py:925} INFO - DAG(s) 'example_branch_dop_operator_v3' retrieved from /home/airflow/.local/lib/python3.12/site-packages/airflow/example_dags/example_branch_python_dop_operator_3.py
[2025-04-02T10:05:06.632+0000] {logging_mixin.py:190} INFO - [2025-04-02T10:05:06.632+0000] {dag.py:3239} INFO - Sync 1 DAGs
[2025-04-02T10:05:06.672+0000] {logging_mixin.py:190} INFO - [2025-04-02T10:05:06.672+0000] {dag.py:4180} INFO - Setting next_dagrun for example_branch_dop_operator_v3 to 2025-04-02 10:04:00+00:00, run_after=2025-04-02 10:05:00+00:00
[2025-04-02T10:05:06.703+0000] {processor.py:208} INFO - Processing /home/airflow/.local/lib/python3.12/site-packages/airflow/example_dags/example_branch_python_dop_operator_3.py took 0.126 seconds
[2025-04-02T10:05:36.892+0000] {processor.py:186} INFO - Started process (PID=1680) to work on /home/airflow/.local/lib/python3.12/site-packages/airflow/example_dags/example_branch_python_dop_operator_3.py
[2025-04-02T10:05:36.895+0000] {processor.py:914} INFO - Processing file /home/airflow/.local/lib/python3.12/site-packages/airflow/example_dags/example_branch_python_dop_operator_3.py for tasks to queue
[2025-04-02T10:05:36.897+0000] {logging_mixin.py:190} INFO - [2025-04-02T10:05:36.897+0000] {dagbag.py:588} INFO - Filling up the DagBag from /home/airflow/.local/lib/python3.12/site-packages/airflow/example_dags/example_branch_python_dop_operator_3.py
[2025-04-02T10:05:36.910+0000] {processor.py:925} INFO - DAG(s) 'example_branch_dop_operator_v3' retrieved from /home/airflow/.local/lib/python3.12/site-packages/airflow/example_dags/example_branch_python_dop_operator_3.py
[2025-04-02T10:05:36.940+0000] {logging_mixin.py:190} INFO - [2025-04-02T10:05:36.940+0000] {dag.py:3239} INFO - Sync 1 DAGs
[2025-04-02T10:05:36.980+0000] {logging_mixin.py:190} INFO - [2025-04-02T10:05:36.980+0000] {dag.py:4180} INFO - Setting next_dagrun for example_branch_dop_operator_v3 to 2025-04-02 10:04:00+00:00, run_after=2025-04-02 10:05:00+00:00
[2025-04-02T10:05:37.014+0000] {processor.py:208} INFO - Processing /home/airflow/.local/lib/python3.12/site-packages/airflow/example_dags/example_branch_python_dop_operator_3.py took 0.131 seconds
[2025-04-02T10:06:07.712+0000] {processor.py:186} INFO - Started process (PID=1743) to work on /home/airflow/.local/lib/python3.12/site-packages/airflow/example_dags/example_branch_python_dop_operator_3.py
[2025-04-02T10:06:07.715+0000] {processor.py:914} INFO - Processing file /home/airflow/.local/lib/python3.12/site-packages/airflow/example_dags/example_branch_python_dop_operator_3.py for tasks to queue
[2025-04-02T10:06:07.717+0000] {logging_mixin.py:190} INFO - [2025-04-02T10:06:07.717+0000] {dagbag.py:588} INFO - Filling up the DagBag from /home/airflow/.local/lib/python3.12/site-packages/airflow/example_dags/example_branch_python_dop_operator_3.py
[2025-04-02T10:06:07.733+0000] {processor.py:925} INFO - DAG(s) 'example_branch_dop_operator_v3' retrieved from /home/airflow/.local/lib/python3.12/site-packages/airflow/example_dags/example_branch_python_dop_operator_3.py
[2025-04-02T10:06:07.775+0000] {logging_mixin.py:190} INFO - [2025-04-02T10:06:07.774+0000] {dag.py:3239} INFO - Sync 1 DAGs
[2025-04-02T10:06:07.839+0000] {logging_mixin.py:190} INFO - [2025-04-02T10:06:07.838+0000] {dag.py:4180} INFO - Setting next_dagrun for example_branch_dop_operator_v3 to 2025-04-02 10:05:00+00:00, run_after=2025-04-02 10:06:00+00:00
[2025-04-02T10:06:07.887+0000] {processor.py:208} INFO - Processing /home/airflow/.local/lib/python3.12/site-packages/airflow/example_dags/example_branch_python_dop_operator_3.py took 0.186 seconds
[2025-04-02T10:06:38.450+0000] {processor.py:186} INFO - Started process (PID=1812) to work on /home/airflow/.local/lib/python3.12/site-packages/airflow/example_dags/example_branch_python_dop_operator_3.py
[2025-04-02T10:06:38.452+0000] {processor.py:914} INFO - Processing file /home/airflow/.local/lib/python3.12/site-packages/airflow/example_dags/example_branch_python_dop_operator_3.py for tasks to queue
[2025-04-02T10:06:38.455+0000] {logging_mixin.py:190} INFO - [2025-04-02T10:06:38.454+0000] {dagbag.py:588} INFO - Filling up the DagBag from /home/airflow/.local/lib/python3.12/site-packages/airflow/example_dags/example_branch_python_dop_operator_3.py
[2025-04-02T10:06:38.469+0000] {processor.py:925} INFO - DAG(s) 'example_branch_dop_operator_v3' retrieved from /home/airflow/.local/lib/python3.12/site-packages/airflow/example_dags/example_branch_python_dop_operator_3.py
[2025-04-02T10:06:38.497+0000] {logging_mixin.py:190} INFO - [2025-04-02T10:06:38.497+0000] {dag.py:3239} INFO - Sync 1 DAGs
[2025-04-02T10:06:38.538+0000] {logging_mixin.py:190} INFO - [2025-04-02T10:06:38.538+0000] {dag.py:4180} INFO - Setting next_dagrun for example_branch_dop_operator_v3 to 2025-04-02 10:05:00+00:00, run_after=2025-04-02 10:06:00+00:00
[2025-04-02T10:06:38.571+0000] {processor.py:208} INFO - Processing /home/airflow/.local/lib/python3.12/site-packages/airflow/example_dags/example_branch_python_dop_operator_3.py took 0.133 seconds
[2025-04-02T10:07:09.038+0000] {processor.py:186} INFO - Started process (PID=1875) to work on /home/airflow/.local/lib/python3.12/site-packages/airflow/example_dags/example_branch_python_dop_operator_3.py
[2025-04-02T10:07:09.040+0000] {processor.py:914} INFO - Processing file /home/airflow/.local/lib/python3.12/site-packages/airflow/example_dags/example_branch_python_dop_operator_3.py for tasks to queue
[2025-04-02T10:07:09.042+0000] {logging_mixin.py:190} INFO - [2025-04-02T10:07:09.042+0000] {dagbag.py:588} INFO - Filling up the DagBag from /home/airflow/.local/lib/python3.12/site-packages/airflow/example_dags/example_branch_python_dop_operator_3.py
[2025-04-02T10:07:09.059+0000] {processor.py:925} INFO - DAG(s) 'example_branch_dop_operator_v3' retrieved from /home/airflow/.local/lib/python3.12/site-packages/airflow/example_dags/example_branch_python_dop_operator_3.py
[2025-04-02T10:07:09.086+0000] {logging_mixin.py:190} INFO - [2025-04-02T10:07:09.085+0000] {dag.py:3239} INFO - Sync 1 DAGs
[2025-04-02T10:07:09.144+0000] {logging_mixin.py:190} INFO - [2025-04-02T10:07:09.144+0000] {dag.py:4180} INFO - Setting next_dagrun for example_branch_dop_operator_v3 to 2025-04-02 10:06:00+00:00, run_after=2025-04-02 10:07:00+00:00
[2025-04-02T10:07:09.177+0000] {processor.py:208} INFO - Processing /home/airflow/.local/lib/python3.12/site-packages/airflow/example_dags/example_branch_python_dop_operator_3.py took 0.149 seconds
[2025-04-02T10:07:39.513+0000] {processor.py:186} INFO - Started process (PID=1938) to work on /home/airflow/.local/lib/python3.12/site-packages/airflow/example_dags/example_branch_python_dop_operator_3.py
[2025-04-02T10:07:39.515+0000] {processor.py:914} INFO - Processing file /home/airflow/.local/lib/python3.12/site-packages/airflow/example_dags/example_branch_python_dop_operator_3.py for tasks to queue
[2025-04-02T10:07:39.517+0000] {logging_mixin.py:190} INFO - [2025-04-02T10:07:39.517+0000] {dagbag.py:588} INFO - Filling up the DagBag from /home/airflow/.local/lib/python3.12/site-packages/airflow/example_dags/example_branch_python_dop_operator_3.py
[2025-04-02T10:07:39.532+0000] {processor.py:925} INFO - DAG(s) 'example_branch_dop_operator_v3' retrieved from /home/airflow/.local/lib/python3.12/site-packages/airflow/example_dags/example_branch_python_dop_operator_3.py
[2025-04-02T10:07:39.561+0000] {logging_mixin.py:190} INFO - [2025-04-02T10:07:39.560+0000] {dag.py:3239} INFO - Sync 1 DAGs
[2025-04-02T10:07:39.601+0000] {logging_mixin.py:190} INFO - [2025-04-02T10:07:39.601+0000] {dag.py:4180} INFO - Setting next_dagrun for example_branch_dop_operator_v3 to 2025-04-02 10:06:00+00:00, run_after=2025-04-02 10:07:00+00:00
[2025-04-02T10:07:39.631+0000] {processor.py:208} INFO - Processing /home/airflow/.local/lib/python3.12/site-packages/airflow/example_dags/example_branch_python_dop_operator_3.py took 0.127 seconds
[2025-04-02T10:08:09.716+0000] {processor.py:186} INFO - Started process (PID=2001) to work on /home/airflow/.local/lib/python3.12/site-packages/airflow/example_dags/example_branch_python_dop_operator_3.py
[2025-04-02T10:08:09.718+0000] {processor.py:914} INFO - Processing file /home/airflow/.local/lib/python3.12/site-packages/airflow/example_dags/example_branch_python_dop_operator_3.py for tasks to queue
[2025-04-02T10:08:09.720+0000] {logging_mixin.py:190} INFO - [2025-04-02T10:08:09.720+0000] {dagbag.py:588} INFO - Filling up the DagBag from /home/airflow/.local/lib/python3.12/site-packages/airflow/example_dags/example_branch_python_dop_operator_3.py
[2025-04-02T10:08:09.736+0000] {processor.py:925} INFO - DAG(s) 'example_branch_dop_operator_v3' retrieved from /home/airflow/.local/lib/python3.12/site-packages/airflow/example_dags/example_branch_python_dop_operator_3.py
[2025-04-02T10:08:09.759+0000] {logging_mixin.py:190} INFO - [2025-04-02T10:08:09.759+0000] {dag.py:3239} INFO - Sync 1 DAGs
[2025-04-02T10:08:09.798+0000] {logging_mixin.py:190} INFO - [2025-04-02T10:08:09.798+0000] {dag.py:4180} INFO - Setting next_dagrun for example_branch_dop_operator_v3 to 2025-04-02 10:07:00+00:00, run_after=2025-04-02 10:08:00+00:00
[2025-04-02T10:08:09.829+0000] {processor.py:208} INFO - Processing /home/airflow/.local/lib/python3.12/site-packages/airflow/example_dags/example_branch_python_dop_operator_3.py took 0.123 seconds
[2025-04-02T10:08:40.051+0000] {processor.py:186} INFO - Started process (PID=2064) to work on /home/airflow/.local/lib/python3.12/site-packages/airflow/example_dags/example_branch_python_dop_operator_3.py
[2025-04-02T10:08:40.053+0000] {processor.py:914} INFO - Processing file /home/airflow/.local/lib/python3.12/site-packages/airflow/example_dags/example_branch_python_dop_operator_3.py for tasks to queue
[2025-04-02T10:08:40.056+0000] {logging_mixin.py:190} INFO - [2025-04-02T10:08:40.055+0000] {dagbag.py:588} INFO - Filling up the DagBag from /home/airflow/.local/lib/python3.12/site-packages/airflow/example_dags/example_branch_python_dop_operator_3.py
[2025-04-02T10:08:40.069+0000] {processor.py:925} INFO - DAG(s) 'example_branch_dop_operator_v3' retrieved from /home/airflow/.local/lib/python3.12/site-packages/airflow/example_dags/example_branch_python_dop_operator_3.py
[2025-04-02T10:08:40.096+0000] {logging_mixin.py:190} INFO - [2025-04-02T10:08:40.095+0000] {dag.py:3239} INFO - Sync 1 DAGs
[2025-04-02T10:08:40.136+0000] {logging_mixin.py:190} INFO - [2025-04-02T10:08:40.136+0000] {dag.py:4180} INFO - Setting next_dagrun for example_branch_dop_operator_v3 to 2025-04-02 10:07:00+00:00, run_after=2025-04-02 10:08:00+00:00
[2025-04-02T10:08:40.164+0000] {processor.py:208} INFO - Processing /home/airflow/.local/lib/python3.12/site-packages/airflow/example_dags/example_branch_python_dop_operator_3.py took 0.120 seconds
[2025-04-02T10:09:10.419+0000] {processor.py:186} INFO - Started process (PID=2127) to work on /home/airflow/.local/lib/python3.12/site-packages/airflow/example_dags/example_branch_python_dop_operator_3.py
[2025-04-02T10:09:10.420+0000] {processor.py:914} INFO - Processing file /home/airflow/.local/lib/python3.12/site-packages/airflow/example_dags/example_branch_python_dop_operator_3.py for tasks to queue
[2025-04-02T10:09:10.423+0000] {logging_mixin.py:190} INFO - [2025-04-02T10:09:10.423+0000] {dagbag.py:588} INFO - Filling up the DagBag from /home/airflow/.local/lib/python3.12/site-packages/airflow/example_dags/example_branch_python_dop_operator_3.py
[2025-04-02T10:09:10.439+0000] {processor.py:925} INFO - DAG(s) 'example_branch_dop_operator_v3' retrieved from /home/airflow/.local/lib/python3.12/site-packages/airflow/example_dags/example_branch_python_dop_operator_3.py
[2025-04-02T10:09:10.467+0000] {logging_mixin.py:190} INFO - [2025-04-02T10:09:10.466+0000] {dag.py:3239} INFO - Sync 1 DAGs
[2025-04-02T10:09:10.506+0000] {logging_mixin.py:190} INFO - [2025-04-02T10:09:10.505+0000] {dag.py:4180} INFO - Setting next_dagrun for example_branch_dop_operator_v3 to 2025-04-02 10:08:00+00:00, run_after=2025-04-02 10:09:00+00:00
[2025-04-02T10:09:10.536+0000] {processor.py:208} INFO - Processing /home/airflow/.local/lib/python3.12/site-packages/airflow/example_dags/example_branch_python_dop_operator_3.py took 0.126 seconds
[2025-04-02T10:09:41.321+0000] {processor.py:186} INFO - Started process (PID=2191) to work on /home/airflow/.local/lib/python3.12/site-packages/airflow/example_dags/example_branch_python_dop_operator_3.py
[2025-04-02T10:09:41.322+0000] {processor.py:914} INFO - Processing file /home/airflow/.local/lib/python3.12/site-packages/airflow/example_dags/example_branch_python_dop_operator_3.py for tasks to queue
[2025-04-02T10:09:41.324+0000] {logging_mixin.py:190} INFO - [2025-04-02T10:09:41.324+0000] {dagbag.py:588} INFO - Filling up the DagBag from /home/airflow/.local/lib/python3.12/site-packages/airflow/example_dags/example_branch_python_dop_operator_3.py
[2025-04-02T10:09:41.340+0000] {processor.py:925} INFO - DAG(s) 'example_branch_dop_operator_v3' retrieved from /home/airflow/.local/lib/python3.12/site-packages/airflow/example_dags/example_branch_python_dop_operator_3.py
[2025-04-02T10:09:41.366+0000] {logging_mixin.py:190} INFO - [2025-04-02T10:09:41.366+0000] {dag.py:3239} INFO - Sync 1 DAGs
[2025-04-02T10:09:41.403+0000] {logging_mixin.py:190} INFO - [2025-04-02T10:09:41.402+0000] {dag.py:4180} INFO - Setting next_dagrun for example_branch_dop_operator_v3 to 2025-04-02 10:08:00+00:00, run_after=2025-04-02 10:09:00+00:00
[2025-04-02T10:09:41.431+0000] {processor.py:208} INFO - Processing /home/airflow/.local/lib/python3.12/site-packages/airflow/example_dags/example_branch_python_dop_operator_3.py took 0.122 seconds
[2025-04-02T10:10:11.689+0000] {processor.py:186} INFO - Started process (PID=2254) to work on /home/airflow/.local/lib/python3.12/site-packages/airflow/example_dags/example_branch_python_dop_operator_3.py
[2025-04-02T10:10:11.691+0000] {processor.py:914} INFO - Processing file /home/airflow/.local/lib/python3.12/site-packages/airflow/example_dags/example_branch_python_dop_operator_3.py for tasks to queue
[2025-04-02T10:10:11.694+0000] {logging_mixin.py:190} INFO - [2025-04-02T10:10:11.694+0000] {dagbag.py:588} INFO - Filling up the DagBag from /home/airflow/.local/lib/python3.12/site-packages/airflow/example_dags/example_branch_python_dop_operator_3.py
[2025-04-02T10:10:11.713+0000] {processor.py:925} INFO - DAG(s) 'example_branch_dop_operator_v3' retrieved from /home/airflow/.local/lib/python3.12/site-packages/airflow/example_dags/example_branch_python_dop_operator_3.py
[2025-04-02T10:10:11.739+0000] {logging_mixin.py:190} INFO - [2025-04-02T10:10:11.739+0000] {dag.py:3239} INFO - Sync 1 DAGs
[2025-04-02T10:10:11.778+0000] {logging_mixin.py:190} INFO - [2025-04-02T10:10:11.777+0000] {dag.py:4180} INFO - Setting next_dagrun for example_branch_dop_operator_v3 to 2025-04-02 10:09:00+00:00, run_after=2025-04-02 10:10:00+00:00
[2025-04-02T10:10:11.808+0000] {processor.py:208} INFO - Processing /home/airflow/.local/lib/python3.12/site-packages/airflow/example_dags/example_branch_python_dop_operator_3.py took 0.129 seconds
[2025-04-02T10:10:42.225+0000] {processor.py:186} INFO - Started process (PID=2317) to work on /home/airflow/.local/lib/python3.12/site-packages/airflow/example_dags/example_branch_python_dop_operator_3.py
[2025-04-02T10:10:42.226+0000] {processor.py:914} INFO - Processing file /home/airflow/.local/lib/python3.12/site-packages/airflow/example_dags/example_branch_python_dop_operator_3.py for tasks to queue
[2025-04-02T10:10:42.229+0000] {logging_mixin.py:190} INFO - [2025-04-02T10:10:42.228+0000] {dagbag.py:588} INFO - Filling up the DagBag from /home/airflow/.local/lib/python3.12/site-packages/airflow/example_dags/example_branch_python_dop_operator_3.py
[2025-04-02T10:10:42.246+0000] {processor.py:925} INFO - DAG(s) 'example_branch_dop_operator_v3' retrieved from /home/airflow/.local/lib/python3.12/site-packages/airflow/example_dags/example_branch_python_dop_operator_3.py
[2025-04-02T10:10:42.281+0000] {logging_mixin.py:190} INFO - [2025-04-02T10:10:42.280+0000] {dag.py:3239} INFO - Sync 1 DAGs
[2025-04-02T10:10:42.323+0000] {logging_mixin.py:190} INFO - [2025-04-02T10:10:42.322+0000] {dag.py:4180} INFO - Setting next_dagrun for example_branch_dop_operator_v3 to 2025-04-02 10:09:00+00:00, run_after=2025-04-02 10:10:00+00:00
[2025-04-02T10:10:42.357+0000] {processor.py:208} INFO - Processing /home/airflow/.local/lib/python3.12/site-packages/airflow/example_dags/example_branch_python_dop_operator_3.py took 0.141 seconds
[2025-04-02T10:11:12.574+0000] {processor.py:186} INFO - Started process (PID=2380) to work on /home/airflow/.local/lib/python3.12/site-packages/airflow/example_dags/example_branch_python_dop_operator_3.py
[2025-04-02T10:11:12.576+0000] {processor.py:914} INFO - Processing file /home/airflow/.local/lib/python3.12/site-packages/airflow/example_dags/example_branch_python_dop_operator_3.py for tasks to queue
[2025-04-02T10:11:12.578+0000] {logging_mixin.py:190} INFO - [2025-04-02T10:11:12.578+0000] {dagbag.py:588} INFO - Filling up the DagBag from /home/airflow/.local/lib/python3.12/site-packages/airflow/example_dags/example_branch_python_dop_operator_3.py
[2025-04-02T10:11:12.592+0000] {processor.py:925} INFO - DAG(s) 'example_branch_dop_operator_v3' retrieved from /home/airflow/.local/lib/python3.12/site-packages/airflow/example_dags/example_branch_python_dop_operator_3.py
[2025-04-02T10:11:12.622+0000] {logging_mixin.py:190} INFO - [2025-04-02T10:11:12.622+0000] {dag.py:3239} INFO - Sync 1 DAGs
[2025-04-02T10:11:12.670+0000] {logging_mixin.py:190} INFO - [2025-04-02T10:11:12.670+0000] {dag.py:4180} INFO - Setting next_dagrun for example_branch_dop_operator_v3 to 2025-04-02 10:10:00+00:00, run_after=2025-04-02 10:11:00+00:00
[2025-04-02T10:11:12.700+0000] {processor.py:208} INFO - Processing /home/airflow/.local/lib/python3.12/site-packages/airflow/example_dags/example_branch_python_dop_operator_3.py took 0.136 seconds
[2025-04-02T10:11:43.019+0000] {processor.py:186} INFO - Started process (PID=2444) to work on /home/airflow/.local/lib/python3.12/site-packages/airflow/example_dags/example_branch_python_dop_operator_3.py
[2025-04-02T10:11:43.021+0000] {processor.py:914} INFO - Processing file /home/airflow/.local/lib/python3.12/site-packages/airflow/example_dags/example_branch_python_dop_operator_3.py for tasks to queue
[2025-04-02T10:11:43.025+0000] {logging_mixin.py:190} INFO - [2025-04-02T10:11:43.024+0000] {dagbag.py:588} INFO - Filling up the DagBag from /home/airflow/.local/lib/python3.12/site-packages/airflow/example_dags/example_branch_python_dop_operator_3.py
[2025-04-02T10:11:43.039+0000] {processor.py:925} INFO - DAG(s) 'example_branch_dop_operator_v3' retrieved from /home/airflow/.local/lib/python3.12/site-packages/airflow/example_dags/example_branch_python_dop_operator_3.py
[2025-04-02T10:11:43.073+0000] {logging_mixin.py:190} INFO - [2025-04-02T10:11:43.073+0000] {dag.py:3239} INFO - Sync 1 DAGs
[2025-04-02T10:11:43.115+0000] {logging_mixin.py:190} INFO - [2025-04-02T10:11:43.115+0000] {dag.py:4180} INFO - Setting next_dagrun for example_branch_dop_operator_v3 to 2025-04-02 10:10:00+00:00, run_after=2025-04-02 10:11:00+00:00
[2025-04-02T10:11:43.143+0000] {processor.py:208} INFO - Processing /home/airflow/.local/lib/python3.12/site-packages/airflow/example_dags/example_branch_python_dop_operator_3.py took 0.132 seconds
[2025-04-02T10:12:13.565+0000] {processor.py:186} INFO - Started process (PID=2508) to work on /home/airflow/.local/lib/python3.12/site-packages/airflow/example_dags/example_branch_python_dop_operator_3.py
[2025-04-02T10:12:13.568+0000] {processor.py:914} INFO - Processing file /home/airflow/.local/lib/python3.12/site-packages/airflow/example_dags/example_branch_python_dop_operator_3.py for tasks to queue
[2025-04-02T10:12:13.571+0000] {logging_mixin.py:190} INFO - [2025-04-02T10:12:13.570+0000] {dagbag.py:588} INFO - Filling up the DagBag from /home/airflow/.local/lib/python3.12/site-packages/airflow/example_dags/example_branch_python_dop_operator_3.py
[2025-04-02T10:12:13.584+0000] {processor.py:925} INFO - DAG(s) 'example_branch_dop_operator_v3' retrieved from /home/airflow/.local/lib/python3.12/site-packages/airflow/example_dags/example_branch_python_dop_operator_3.py
[2025-04-02T10:12:13.612+0000] {logging_mixin.py:190} INFO - [2025-04-02T10:12:13.612+0000] {dag.py:3239} INFO - Sync 1 DAGs
[2025-04-02T10:12:13.651+0000] {logging_mixin.py:190} INFO - [2025-04-02T10:12:13.650+0000] {dag.py:4180} INFO - Setting next_dagrun for example_branch_dop_operator_v3 to 2025-04-02 10:11:00+00:00, run_after=2025-04-02 10:12:00+00:00
[2025-04-02T10:12:13.679+0000] {processor.py:208} INFO - Processing /home/airflow/.local/lib/python3.12/site-packages/airflow/example_dags/example_branch_python_dop_operator_3.py took 0.122 seconds
[2025-04-02T10:12:44.083+0000] {processor.py:186} INFO - Started process (PID=2571) to work on /home/airflow/.local/lib/python3.12/site-packages/airflow/example_dags/example_branch_python_dop_operator_3.py
[2025-04-02T10:12:44.085+0000] {processor.py:914} INFO - Processing file /home/airflow/.local/lib/python3.12/site-packages/airflow/example_dags/example_branch_python_dop_operator_3.py for tasks to queue
[2025-04-02T10:12:44.088+0000] {logging_mixin.py:190} INFO - [2025-04-02T10:12:44.087+0000] {dagbag.py:588} INFO - Filling up the DagBag from /home/airflow/.local/lib/python3.12/site-packages/airflow/example_dags/example_branch_python_dop_operator_3.py
[2025-04-02T10:12:44.108+0000] {processor.py:925} INFO - DAG(s) 'example_branch_dop_operator_v3' retrieved from /home/airflow/.local/lib/python3.12/site-packages/airflow/example_dags/example_branch_python_dop_operator_3.py
[2025-04-02T10:12:44.138+0000] {logging_mixin.py:190} INFO - [2025-04-02T10:12:44.138+0000] {dag.py:3239} INFO - Sync 1 DAGs
[2025-04-02T10:12:44.182+0000] {logging_mixin.py:190} INFO - [2025-04-02T10:12:44.182+0000] {dag.py:4180} INFO - Setting next_dagrun for example_branch_dop_operator_v3 to 2025-04-02 10:11:00+00:00, run_after=2025-04-02 10:12:00+00:00
[2025-04-02T10:12:44.212+0000] {processor.py:208} INFO - Processing /home/airflow/.local/lib/python3.12/site-packages/airflow/example_dags/example_branch_python_dop_operator_3.py took 0.141 seconds
[2025-04-02T10:13:14.657+0000] {processor.py:186} INFO - Started process (PID=2634) to work on /home/airflow/.local/lib/python3.12/site-packages/airflow/example_dags/example_branch_python_dop_operator_3.py
[2025-04-02T10:13:14.660+0000] {processor.py:914} INFO - Processing file /home/airflow/.local/lib/python3.12/site-packages/airflow/example_dags/example_branch_python_dop_operator_3.py for tasks to queue
[2025-04-02T10:13:14.662+0000] {logging_mixin.py:190} INFO - [2025-04-02T10:13:14.662+0000] {dagbag.py:588} INFO - Filling up the DagBag from /home/airflow/.local/lib/python3.12/site-packages/airflow/example_dags/example_branch_python_dop_operator_3.py
[2025-04-02T10:13:14.683+0000] {processor.py:925} INFO - DAG(s) 'example_branch_dop_operator_v3' retrieved from /home/airflow/.local/lib/python3.12/site-packages/airflow/example_dags/example_branch_python_dop_operator_3.py
[2025-04-02T10:13:14.713+0000] {logging_mixin.py:190} INFO - [2025-04-02T10:13:14.713+0000] {dag.py:3239} INFO - Sync 1 DAGs
[2025-04-02T10:13:14.750+0000] {logging_mixin.py:190} INFO - [2025-04-02T10:13:14.750+0000] {dag.py:4180} INFO - Setting next_dagrun for example_branch_dop_operator_v3 to 2025-04-02 10:12:00+00:00, run_after=2025-04-02 10:13:00+00:00
[2025-04-02T10:13:14.782+0000] {processor.py:208} INFO - Processing /home/airflow/.local/lib/python3.12/site-packages/airflow/example_dags/example_branch_python_dop_operator_3.py took 0.142 seconds
[2025-04-02T13:35:40.578+0000] {processor.py:186} INFO - Started process (PID=2723) to work on /home/airflow/.local/lib/python3.12/site-packages/airflow/example_dags/example_branch_python_dop_operator_3.py
[2025-04-02T13:35:40.581+0000] {processor.py:914} INFO - Processing file /home/airflow/.local/lib/python3.12/site-packages/airflow/example_dags/example_branch_python_dop_operator_3.py for tasks to queue
[2025-04-02T13:35:40.587+0000] {logging_mixin.py:190} INFO - [2025-04-02T13:35:40.586+0000] {dagbag.py:588} INFO - Filling up the DagBag from /home/airflow/.local/lib/python3.12/site-packages/airflow/example_dags/example_branch_python_dop_operator_3.py
[2025-04-02T13:35:40.619+0000] {processor.py:925} INFO - DAG(s) 'example_branch_dop_operator_v3' retrieved from /home/airflow/.local/lib/python3.12/site-packages/airflow/example_dags/example_branch_python_dop_operator_3.py
[2025-04-02T13:35:40.696+0000] {logging_mixin.py:190} INFO - [2025-04-02T13:35:40.695+0000] {dag.py:3239} INFO - Sync 1 DAGs
[2025-04-02T13:35:40.799+0000] {logging_mixin.py:190} INFO - [2025-04-02T13:35:40.798+0000] {dag.py:4180} INFO - Setting next_dagrun for example_branch_dop_operator_v3 to 2025-04-02 13:34:00+00:00, run_after=2025-04-02 13:35:00+00:00
[2025-04-02T13:35:40.880+0000] {processor.py:208} INFO - Processing /home/airflow/.local/lib/python3.12/site-packages/airflow/example_dags/example_branch_python_dop_operator_3.py took 0.337 seconds
[2025-04-02T13:36:11.471+0000] {processor.py:186} INFO - Started process (PID=2786) to work on /home/airflow/.local/lib/python3.12/site-packages/airflow/example_dags/example_branch_python_dop_operator_3.py
[2025-04-02T13:36:11.473+0000] {processor.py:914} INFO - Processing file /home/airflow/.local/lib/python3.12/site-packages/airflow/example_dags/example_branch_python_dop_operator_3.py for tasks to queue
[2025-04-02T13:36:11.475+0000] {logging_mixin.py:190} INFO - [2025-04-02T13:36:11.474+0000] {dagbag.py:588} INFO - Filling up the DagBag from /home/airflow/.local/lib/python3.12/site-packages/airflow/example_dags/example_branch_python_dop_operator_3.py
[2025-04-02T13:36:11.490+0000] {processor.py:925} INFO - DAG(s) 'example_branch_dop_operator_v3' retrieved from /home/airflow/.local/lib/python3.12/site-packages/airflow/example_dags/example_branch_python_dop_operator_3.py
[2025-04-02T13:36:11.519+0000] {logging_mixin.py:190} INFO - [2025-04-02T13:36:11.519+0000] {dag.py:3239} INFO - Sync 1 DAGs
[2025-04-02T13:36:11.559+0000] {logging_mixin.py:190} INFO - [2025-04-02T13:36:11.559+0000] {dag.py:4180} INFO - Setting next_dagrun for example_branch_dop_operator_v3 to 2025-04-02 13:35:00+00:00, run_after=2025-04-02 13:36:00+00:00
[2025-04-02T13:36:11.592+0000] {processor.py:208} INFO - Processing /home/airflow/.local/lib/python3.12/site-packages/airflow/example_dags/example_branch_python_dop_operator_3.py took 0.129 seconds
[2025-04-02T13:36:41.665+0000] {processor.py:186} INFO - Started process (PID=2848) to work on /home/airflow/.local/lib/python3.12/site-packages/airflow/example_dags/example_branch_python_dop_operator_3.py
[2025-04-02T13:36:41.666+0000] {processor.py:914} INFO - Processing file /home/airflow/.local/lib/python3.12/site-packages/airflow/example_dags/example_branch_python_dop_operator_3.py for tasks to queue
[2025-04-02T13:36:41.669+0000] {logging_mixin.py:190} INFO - [2025-04-02T13:36:41.668+0000] {dagbag.py:588} INFO - Filling up the DagBag from /home/airflow/.local/lib/python3.12/site-packages/airflow/example_dags/example_branch_python_dop_operator_3.py
[2025-04-02T13:36:41.682+0000] {processor.py:925} INFO - DAG(s) 'example_branch_dop_operator_v3' retrieved from /home/airflow/.local/lib/python3.12/site-packages/airflow/example_dags/example_branch_python_dop_operator_3.py
[2025-04-02T13:36:41.711+0000] {logging_mixin.py:190} INFO - [2025-04-02T13:36:41.711+0000] {dag.py:3239} INFO - Sync 1 DAGs
[2025-04-02T13:36:41.748+0000] {logging_mixin.py:190} INFO - [2025-04-02T13:36:41.747+0000] {dag.py:4180} INFO - Setting next_dagrun for example_branch_dop_operator_v3 to 2025-04-02 13:35:00+00:00, run_after=2025-04-02 13:36:00+00:00
[2025-04-02T13:36:41.783+0000] {processor.py:208} INFO - Processing /home/airflow/.local/lib/python3.12/site-packages/airflow/example_dags/example_branch_python_dop_operator_3.py took 0.125 seconds
[2025-04-02T13:37:12.595+0000] {processor.py:186} INFO - Started process (PID=2911) to work on /home/airflow/.local/lib/python3.12/site-packages/airflow/example_dags/example_branch_python_dop_operator_3.py
[2025-04-02T13:37:12.597+0000] {processor.py:914} INFO - Processing file /home/airflow/.local/lib/python3.12/site-packages/airflow/example_dags/example_branch_python_dop_operator_3.py for tasks to queue
[2025-04-02T13:37:12.599+0000] {logging_mixin.py:190} INFO - [2025-04-02T13:37:12.599+0000] {dagbag.py:588} INFO - Filling up the DagBag from /home/airflow/.local/lib/python3.12/site-packages/airflow/example_dags/example_branch_python_dop_operator_3.py
[2025-04-02T13:37:12.613+0000] {processor.py:925} INFO - DAG(s) 'example_branch_dop_operator_v3' retrieved from /home/airflow/.local/lib/python3.12/site-packages/airflow/example_dags/example_branch_python_dop_operator_3.py
[2025-04-02T13:37:12.640+0000] {logging_mixin.py:190} INFO - [2025-04-02T13:37:12.639+0000] {dag.py:3239} INFO - Sync 1 DAGs
[2025-04-02T13:37:12.679+0000] {logging_mixin.py:190} INFO - [2025-04-02T13:37:12.679+0000] {dag.py:4180} INFO - Setting next_dagrun for example_branch_dop_operator_v3 to 2025-04-02 13:36:00+00:00, run_after=2025-04-02 13:37:00+00:00
[2025-04-02T13:37:12.708+0000] {processor.py:208} INFO - Processing /home/airflow/.local/lib/python3.12/site-packages/airflow/example_dags/example_branch_python_dop_operator_3.py took 0.121 seconds
[2025-04-02T13:37:42.913+0000] {processor.py:186} INFO - Started process (PID=2974) to work on /home/airflow/.local/lib/python3.12/site-packages/airflow/example_dags/example_branch_python_dop_operator_3.py
[2025-04-02T13:37:42.914+0000] {processor.py:914} INFO - Processing file /home/airflow/.local/lib/python3.12/site-packages/airflow/example_dags/example_branch_python_dop_operator_3.py for tasks to queue
[2025-04-02T13:37:42.916+0000] {logging_mixin.py:190} INFO - [2025-04-02T13:37:42.916+0000] {dagbag.py:588} INFO - Filling up the DagBag from /home/airflow/.local/lib/python3.12/site-packages/airflow/example_dags/example_branch_python_dop_operator_3.py
[2025-04-02T13:37:42.930+0000] {processor.py:925} INFO - DAG(s) 'example_branch_dop_operator_v3' retrieved from /home/airflow/.local/lib/python3.12/site-packages/airflow/example_dags/example_branch_python_dop_operator_3.py
[2025-04-02T13:37:42.955+0000] {logging_mixin.py:190} INFO - [2025-04-02T13:37:42.955+0000] {dag.py:3239} INFO - Sync 1 DAGs
[2025-04-02T13:37:42.993+0000] {logging_mixin.py:190} INFO - [2025-04-02T13:37:42.993+0000] {dag.py:4180} INFO - Setting next_dagrun for example_branch_dop_operator_v3 to 2025-04-02 13:36:00+00:00, run_after=2025-04-02 13:37:00+00:00
[2025-04-02T13:37:43.024+0000] {processor.py:208} INFO - Processing /home/airflow/.local/lib/python3.12/site-packages/airflow/example_dags/example_branch_python_dop_operator_3.py took 0.119 seconds
[2025-04-02T13:38:13.342+0000] {processor.py:186} INFO - Started process (PID=3036) to work on /home/airflow/.local/lib/python3.12/site-packages/airflow/example_dags/example_branch_python_dop_operator_3.py
[2025-04-02T13:38:13.344+0000] {processor.py:914} INFO - Processing file /home/airflow/.local/lib/python3.12/site-packages/airflow/example_dags/example_branch_python_dop_operator_3.py for tasks to queue
[2025-04-02T13:38:13.346+0000] {logging_mixin.py:190} INFO - [2025-04-02T13:38:13.346+0000] {dagbag.py:588} INFO - Filling up the DagBag from /home/airflow/.local/lib/python3.12/site-packages/airflow/example_dags/example_branch_python_dop_operator_3.py
[2025-04-02T13:38:13.361+0000] {processor.py:925} INFO - DAG(s) 'example_branch_dop_operator_v3' retrieved from /home/airflow/.local/lib/python3.12/site-packages/airflow/example_dags/example_branch_python_dop_operator_3.py
[2025-04-02T13:38:13.388+0000] {logging_mixin.py:190} INFO - [2025-04-02T13:38:13.388+0000] {dag.py:3239} INFO - Sync 1 DAGs
[2025-04-02T13:38:13.427+0000] {logging_mixin.py:190} INFO - [2025-04-02T13:38:13.427+0000] {dag.py:4180} INFO - Setting next_dagrun for example_branch_dop_operator_v3 to 2025-04-02 13:37:00+00:00, run_after=2025-04-02 13:38:00+00:00
[2025-04-02T13:38:13.461+0000] {processor.py:208} INFO - Processing /home/airflow/.local/lib/python3.12/site-packages/airflow/example_dags/example_branch_python_dop_operator_3.py took 0.126 seconds
[2025-04-02T13:38:43.685+0000] {processor.py:186} INFO - Started process (PID=3099) to work on /home/airflow/.local/lib/python3.12/site-packages/airflow/example_dags/example_branch_python_dop_operator_3.py
[2025-04-02T13:38:43.687+0000] {processor.py:914} INFO - Processing file /home/airflow/.local/lib/python3.12/site-packages/airflow/example_dags/example_branch_python_dop_operator_3.py for tasks to queue
[2025-04-02T13:38:43.691+0000] {logging_mixin.py:190} INFO - [2025-04-02T13:38:43.690+0000] {dagbag.py:588} INFO - Filling up the DagBag from /home/airflow/.local/lib/python3.12/site-packages/airflow/example_dags/example_branch_python_dop_operator_3.py
[2025-04-02T13:38:43.708+0000] {processor.py:925} INFO - DAG(s) 'example_branch_dop_operator_v3' retrieved from /home/airflow/.local/lib/python3.12/site-packages/airflow/example_dags/example_branch_python_dop_operator_3.py
[2025-04-02T13:38:43.734+0000] {logging_mixin.py:190} INFO - [2025-04-02T13:38:43.734+0000] {dag.py:3239} INFO - Sync 1 DAGs
[2025-04-02T13:38:43.766+0000] {logging_mixin.py:190} INFO - [2025-04-02T13:38:43.766+0000] {dag.py:4180} INFO - Setting next_dagrun for example_branch_dop_operator_v3 to 2025-04-02 13:37:00+00:00, run_after=2025-04-02 13:38:00+00:00
[2025-04-02T13:38:43.793+0000] {processor.py:208} INFO - Processing /home/airflow/.local/lib/python3.12/site-packages/airflow/example_dags/example_branch_python_dop_operator_3.py took 0.118 seconds
[2025-04-02T13:39:13.911+0000] {processor.py:186} INFO - Started process (PID=3161) to work on /home/airflow/.local/lib/python3.12/site-packages/airflow/example_dags/example_branch_python_dop_operator_3.py
[2025-04-02T13:39:13.914+0000] {processor.py:914} INFO - Processing file /home/airflow/.local/lib/python3.12/site-packages/airflow/example_dags/example_branch_python_dop_operator_3.py for tasks to queue
[2025-04-02T13:39:13.917+0000] {logging_mixin.py:190} INFO - [2025-04-02T13:39:13.916+0000] {dagbag.py:588} INFO - Filling up the DagBag from /home/airflow/.local/lib/python3.12/site-packages/airflow/example_dags/example_branch_python_dop_operator_3.py
[2025-04-02T13:39:13.932+0000] {processor.py:925} INFO - DAG(s) 'example_branch_dop_operator_v3' retrieved from /home/airflow/.local/lib/python3.12/site-packages/airflow/example_dags/example_branch_python_dop_operator_3.py
[2025-04-02T13:39:13.957+0000] {logging_mixin.py:190} INFO - [2025-04-02T13:39:13.957+0000] {dag.py:3239} INFO - Sync 1 DAGs
[2025-04-02T13:39:14.000+0000] {logging_mixin.py:190} INFO - [2025-04-02T13:39:14.000+0000] {dag.py:4180} INFO - Setting next_dagrun for example_branch_dop_operator_v3 to 2025-04-02 13:38:00+00:00, run_after=2025-04-02 13:39:00+00:00
[2025-04-02T13:39:14.028+0000] {processor.py:208} INFO - Processing /home/airflow/.local/lib/python3.12/site-packages/airflow/example_dags/example_branch_python_dop_operator_3.py took 0.126 seconds
[2025-04-02T13:39:44.639+0000] {processor.py:186} INFO - Started process (PID=3224) to work on /home/airflow/.local/lib/python3.12/site-packages/airflow/example_dags/example_branch_python_dop_operator_3.py
[2025-04-02T13:39:44.641+0000] {processor.py:914} INFO - Processing file /home/airflow/.local/lib/python3.12/site-packages/airflow/example_dags/example_branch_python_dop_operator_3.py for tasks to queue
[2025-04-02T13:39:44.643+0000] {logging_mixin.py:190} INFO - [2025-04-02T13:39:44.642+0000] {dagbag.py:588} INFO - Filling up the DagBag from /home/airflow/.local/lib/python3.12/site-packages/airflow/example_dags/example_branch_python_dop_operator_3.py
[2025-04-02T13:39:44.659+0000] {processor.py:925} INFO - DAG(s) 'example_branch_dop_operator_v3' retrieved from /home/airflow/.local/lib/python3.12/site-packages/airflow/example_dags/example_branch_python_dop_operator_3.py
[2025-04-02T13:39:44.690+0000] {logging_mixin.py:190} INFO - [2025-04-02T13:39:44.690+0000] {dag.py:3239} INFO - Sync 1 DAGs
[2025-04-02T13:39:44.729+0000] {logging_mixin.py:190} INFO - [2025-04-02T13:39:44.729+0000] {dag.py:4180} INFO - Setting next_dagrun for example_branch_dop_operator_v3 to 2025-04-02 13:38:00+00:00, run_after=2025-04-02 13:39:00+00:00
[2025-04-02T13:39:44.758+0000] {processor.py:208} INFO - Processing /home/airflow/.local/lib/python3.12/site-packages/airflow/example_dags/example_branch_python_dop_operator_3.py took 0.126 seconds
[2025-04-02T13:40:15.323+0000] {processor.py:186} INFO - Started process (PID=3287) to work on /home/airflow/.local/lib/python3.12/site-packages/airflow/example_dags/example_branch_python_dop_operator_3.py
[2025-04-02T13:40:15.324+0000] {processor.py:914} INFO - Processing file /home/airflow/.local/lib/python3.12/site-packages/airflow/example_dags/example_branch_python_dop_operator_3.py for tasks to queue
[2025-04-02T13:40:15.326+0000] {logging_mixin.py:190} INFO - [2025-04-02T13:40:15.326+0000] {dagbag.py:588} INFO - Filling up the DagBag from /home/airflow/.local/lib/python3.12/site-packages/airflow/example_dags/example_branch_python_dop_operator_3.py
[2025-04-02T13:40:15.340+0000] {processor.py:925} INFO - DAG(s) 'example_branch_dop_operator_v3' retrieved from /home/airflow/.local/lib/python3.12/site-packages/airflow/example_dags/example_branch_python_dop_operator_3.py
[2025-04-02T13:40:15.367+0000] {logging_mixin.py:190} INFO - [2025-04-02T13:40:15.367+0000] {dag.py:3239} INFO - Sync 1 DAGs
[2025-04-02T13:40:15.412+0000] {logging_mixin.py:190} INFO - [2025-04-02T13:40:15.412+0000] {dag.py:4180} INFO - Setting next_dagrun for example_branch_dop_operator_v3 to 2025-04-02 13:39:00+00:00, run_after=2025-04-02 13:40:00+00:00
[2025-04-02T13:40:15.441+0000] {processor.py:208} INFO - Processing /home/airflow/.local/lib/python3.12/site-packages/airflow/example_dags/example_branch_python_dop_operator_3.py took 0.126 seconds
[2025-04-02T13:40:45.632+0000] {processor.py:186} INFO - Started process (PID=3352) to work on /home/airflow/.local/lib/python3.12/site-packages/airflow/example_dags/example_branch_python_dop_operator_3.py
[2025-04-02T13:40:45.634+0000] {processor.py:914} INFO - Processing file /home/airflow/.local/lib/python3.12/site-packages/airflow/example_dags/example_branch_python_dop_operator_3.py for tasks to queue
[2025-04-02T13:40:45.635+0000] {logging_mixin.py:190} INFO - [2025-04-02T13:40:45.635+0000] {dagbag.py:588} INFO - Filling up the DagBag from /home/airflow/.local/lib/python3.12/site-packages/airflow/example_dags/example_branch_python_dop_operator_3.py
[2025-04-02T13:40:45.651+0000] {processor.py:925} INFO - DAG(s) 'example_branch_dop_operator_v3' retrieved from /home/airflow/.local/lib/python3.12/site-packages/airflow/example_dags/example_branch_python_dop_operator_3.py
[2025-04-02T13:40:45.681+0000] {logging_mixin.py:190} INFO - [2025-04-02T13:40:45.680+0000] {dag.py:3239} INFO - Sync 1 DAGs
[2025-04-02T13:40:45.723+0000] {logging_mixin.py:190} INFO - [2025-04-02T13:40:45.723+0000] {dag.py:4180} INFO - Setting next_dagrun for example_branch_dop_operator_v3 to 2025-04-02 13:39:00+00:00, run_after=2025-04-02 13:40:00+00:00
[2025-04-02T13:40:45.753+0000] {processor.py:208} INFO - Processing /home/airflow/.local/lib/python3.12/site-packages/airflow/example_dags/example_branch_python_dop_operator_3.py took 0.129 seconds
[2025-04-02T13:41:16.195+0000] {processor.py:186} INFO - Started process (PID=3414) to work on /home/airflow/.local/lib/python3.12/site-packages/airflow/example_dags/example_branch_python_dop_operator_3.py
[2025-04-02T13:41:16.197+0000] {processor.py:914} INFO - Processing file /home/airflow/.local/lib/python3.12/site-packages/airflow/example_dags/example_branch_python_dop_operator_3.py for tasks to queue
[2025-04-02T13:41:16.200+0000] {logging_mixin.py:190} INFO - [2025-04-02T13:41:16.200+0000] {dagbag.py:588} INFO - Filling up the DagBag from /home/airflow/.local/lib/python3.12/site-packages/airflow/example_dags/example_branch_python_dop_operator_3.py
[2025-04-02T13:41:16.222+0000] {processor.py:925} INFO - DAG(s) 'example_branch_dop_operator_v3' retrieved from /home/airflow/.local/lib/python3.12/site-packages/airflow/example_dags/example_branch_python_dop_operator_3.py
[2025-04-02T13:41:16.265+0000] {logging_mixin.py:190} INFO - [2025-04-02T13:41:16.264+0000] {dag.py:3239} INFO - Sync 1 DAGs
[2025-04-02T13:41:16.309+0000] {logging_mixin.py:190} INFO - [2025-04-02T13:41:16.308+0000] {dag.py:4180} INFO - Setting next_dagrun for example_branch_dop_operator_v3 to 2025-04-02 13:40:00+00:00, run_after=2025-04-02 13:41:00+00:00
[2025-04-02T13:41:16.342+0000] {processor.py:208} INFO - Processing /home/airflow/.local/lib/python3.12/site-packages/airflow/example_dags/example_branch_python_dop_operator_3.py took 0.159 seconds
