[2025-04-02T09:04:34.886+0000] {processor.py:186} INFO - Started process (PID=88) to work on /home/airflow/.local/lib/python3.12/site-packages/airflow/example_dags/example_latest_only_with_trigger.py
[2025-04-02T09:04:34.888+0000] {processor.py:914} INFO - Processing file /home/airflow/.local/lib/python3.12/site-packages/airflow/example_dags/example_latest_only_with_trigger.py for tasks to queue
[2025-04-02T09:04:34.893+0000] {logging_mixin.py:190} INFO - [2025-04-02T09:04:34.892+0000] {dagbag.py:588} INFO - Filling up the DagBag from /home/airflow/.local/lib/python3.12/site-packages/airflow/example_dags/example_latest_only_with_trigger.py
[2025-04-02T09:04:34.910+0000] {processor.py:925} INFO - DAG(s) 'latest_only_with_trigger' retrieved from /home/airflow/.local/lib/python3.12/site-packages/airflow/example_dags/example_latest_only_with_trigger.py
[2025-04-02T09:04:35.121+0000] {logging_mixin.py:190} INFO - [2025-04-02T09:04:35.120+0000] {override.py:1912} INFO - Created Permission View: can delete on DAG:latest_only_with_trigger
[2025-04-02T09:04:35.141+0000] {logging_mixin.py:190} INFO - [2025-04-02T09:04:35.141+0000] {override.py:1912} INFO - Created Permission View: can edit on DAG:latest_only_with_trigger
[2025-04-02T09:04:35.156+0000] {logging_mixin.py:190} INFO - [2025-04-02T09:04:35.155+0000] {override.py:1912} INFO - Created Permission View: can read on DAG:latest_only_with_trigger
[2025-04-02T09:04:35.170+0000] {logging_mixin.py:190} INFO - [2025-04-02T09:04:35.170+0000] {override.py:1912} INFO - Created Permission View: can delete on DAG Run:latest_only_with_trigger
[2025-04-02T09:04:35.184+0000] {logging_mixin.py:190} INFO - [2025-04-02T09:04:35.184+0000] {override.py:1912} INFO - Created Permission View: menu access on DAG Run:latest_only_with_trigger
[2025-04-02T09:04:35.199+0000] {logging_mixin.py:190} INFO - [2025-04-02T09:04:35.199+0000] {override.py:1912} INFO - Created Permission View: can create on DAG Run:latest_only_with_trigger
[2025-04-02T09:04:35.216+0000] {logging_mixin.py:190} INFO - [2025-04-02T09:04:35.216+0000] {override.py:1912} INFO - Created Permission View: can read on DAG Run:latest_only_with_trigger
[2025-04-02T09:04:35.218+0000] {logging_mixin.py:190} INFO - [2025-04-02T09:04:35.218+0000] {dag.py:3239} INFO - Sync 1 DAGs
[2025-04-02T09:04:35.247+0000] {logging_mixin.py:190} INFO - [2025-04-02T09:04:35.246+0000] {dag.py:3262} INFO - Creating ORM DAG for latest_only_with_trigger
[2025-04-02T09:04:35.270+0000] {logging_mixin.py:190} INFO - [2025-04-02T09:04:35.269+0000] {dag.py:4180} INFO - Setting next_dagrun for latest_only_with_trigger to 2025-04-02 04:00:00+00:00, run_after=2025-04-02 08:00:00+00:00
[2025-04-02T09:04:35.304+0000] {processor.py:208} INFO - Processing /home/airflow/.local/lib/python3.12/site-packages/airflow/example_dags/example_latest_only_with_trigger.py took 0.430 seconds
[2025-04-02T09:05:05.921+0000] {processor.py:186} INFO - Started process (PID=151) to work on /home/airflow/.local/lib/python3.12/site-packages/airflow/example_dags/example_latest_only_with_trigger.py
[2025-04-02T09:05:05.923+0000] {processor.py:914} INFO - Processing file /home/airflow/.local/lib/python3.12/site-packages/airflow/example_dags/example_latest_only_with_trigger.py for tasks to queue
[2025-04-02T09:05:05.926+0000] {logging_mixin.py:190} INFO - [2025-04-02T09:05:05.925+0000] {dagbag.py:588} INFO - Filling up the DagBag from /home/airflow/.local/lib/python3.12/site-packages/airflow/example_dags/example_latest_only_with_trigger.py
[2025-04-02T09:05:05.933+0000] {processor.py:925} INFO - DAG(s) 'latest_only_with_trigger' retrieved from /home/airflow/.local/lib/python3.12/site-packages/airflow/example_dags/example_latest_only_with_trigger.py
[2025-04-02T09:05:05.955+0000] {logging_mixin.py:190} INFO - [2025-04-02T09:05:05.955+0000] {dag.py:3239} INFO - Sync 1 DAGs
[2025-04-02T09:05:05.981+0000] {logging_mixin.py:190} INFO - [2025-04-02T09:05:05.980+0000] {dag.py:4180} INFO - Setting next_dagrun for latest_only_with_trigger to 2025-04-02 04:00:00+00:00, run_after=2025-04-02 08:00:00+00:00
[2025-04-02T09:05:06.002+0000] {processor.py:208} INFO - Processing /home/airflow/.local/lib/python3.12/site-packages/airflow/example_dags/example_latest_only_with_trigger.py took 0.087 seconds
[2025-04-02T09:05:36.148+0000] {processor.py:186} INFO - Started process (PID=214) to work on /home/airflow/.local/lib/python3.12/site-packages/airflow/example_dags/example_latest_only_with_trigger.py
[2025-04-02T09:05:36.149+0000] {processor.py:914} INFO - Processing file /home/airflow/.local/lib/python3.12/site-packages/airflow/example_dags/example_latest_only_with_trigger.py for tasks to queue
[2025-04-02T09:05:36.151+0000] {logging_mixin.py:190} INFO - [2025-04-02T09:05:36.151+0000] {dagbag.py:588} INFO - Filling up the DagBag from /home/airflow/.local/lib/python3.12/site-packages/airflow/example_dags/example_latest_only_with_trigger.py
[2025-04-02T09:05:36.160+0000] {processor.py:925} INFO - DAG(s) 'latest_only_with_trigger' retrieved from /home/airflow/.local/lib/python3.12/site-packages/airflow/example_dags/example_latest_only_with_trigger.py
[2025-04-02T09:05:36.182+0000] {logging_mixin.py:190} INFO - [2025-04-02T09:05:36.181+0000] {dag.py:3239} INFO - Sync 1 DAGs
[2025-04-02T09:05:36.207+0000] {logging_mixin.py:190} INFO - [2025-04-02T09:05:36.207+0000] {dag.py:4180} INFO - Setting next_dagrun for latest_only_with_trigger to 2025-04-02 04:00:00+00:00, run_after=2025-04-02 08:00:00+00:00
[2025-04-02T09:05:36.227+0000] {processor.py:208} INFO - Processing /home/airflow/.local/lib/python3.12/site-packages/airflow/example_dags/example_latest_only_with_trigger.py took 0.085 seconds
[2025-04-02T09:06:06.728+0000] {processor.py:186} INFO - Started process (PID=277) to work on /home/airflow/.local/lib/python3.12/site-packages/airflow/example_dags/example_latest_only_with_trigger.py
[2025-04-02T09:06:06.729+0000] {processor.py:914} INFO - Processing file /home/airflow/.local/lib/python3.12/site-packages/airflow/example_dags/example_latest_only_with_trigger.py for tasks to queue
[2025-04-02T09:06:06.732+0000] {logging_mixin.py:190} INFO - [2025-04-02T09:06:06.732+0000] {dagbag.py:588} INFO - Filling up the DagBag from /home/airflow/.local/lib/python3.12/site-packages/airflow/example_dags/example_latest_only_with_trigger.py
[2025-04-02T09:06:06.740+0000] {processor.py:925} INFO - DAG(s) 'latest_only_with_trigger' retrieved from /home/airflow/.local/lib/python3.12/site-packages/airflow/example_dags/example_latest_only_with_trigger.py
[2025-04-02T09:06:06.761+0000] {logging_mixin.py:190} INFO - [2025-04-02T09:06:06.761+0000] {dag.py:3239} INFO - Sync 1 DAGs
[2025-04-02T09:06:06.786+0000] {logging_mixin.py:190} INFO - [2025-04-02T09:06:06.785+0000] {dag.py:4180} INFO - Setting next_dagrun for latest_only_with_trigger to 2025-04-02 04:00:00+00:00, run_after=2025-04-02 08:00:00+00:00
[2025-04-02T09:06:06.811+0000] {processor.py:208} INFO - Processing /home/airflow/.local/lib/python3.12/site-packages/airflow/example_dags/example_latest_only_with_trigger.py took 0.090 seconds
[2025-04-02T09:06:37.502+0000] {processor.py:186} INFO - Started process (PID=340) to work on /home/airflow/.local/lib/python3.12/site-packages/airflow/example_dags/example_latest_only_with_trigger.py
[2025-04-02T09:06:37.503+0000] {processor.py:914} INFO - Processing file /home/airflow/.local/lib/python3.12/site-packages/airflow/example_dags/example_latest_only_with_trigger.py for tasks to queue
[2025-04-02T09:06:37.506+0000] {logging_mixin.py:190} INFO - [2025-04-02T09:06:37.505+0000] {dagbag.py:588} INFO - Filling up the DagBag from /home/airflow/.local/lib/python3.12/site-packages/airflow/example_dags/example_latest_only_with_trigger.py
[2025-04-02T09:06:37.516+0000] {processor.py:925} INFO - DAG(s) 'latest_only_with_trigger' retrieved from /home/airflow/.local/lib/python3.12/site-packages/airflow/example_dags/example_latest_only_with_trigger.py
[2025-04-02T09:06:37.539+0000] {logging_mixin.py:190} INFO - [2025-04-02T09:06:37.538+0000] {dag.py:3239} INFO - Sync 1 DAGs
[2025-04-02T09:06:37.563+0000] {logging_mixin.py:190} INFO - [2025-04-02T09:06:37.562+0000] {dag.py:4180} INFO - Setting next_dagrun for latest_only_with_trigger to 2025-04-02 04:00:00+00:00, run_after=2025-04-02 08:00:00+00:00
[2025-04-02T09:06:37.581+0000] {processor.py:208} INFO - Processing /home/airflow/.local/lib/python3.12/site-packages/airflow/example_dags/example_latest_only_with_trigger.py took 0.085 seconds
[2025-04-02T09:07:07.729+0000] {processor.py:186} INFO - Started process (PID=403) to work on /home/airflow/.local/lib/python3.12/site-packages/airflow/example_dags/example_latest_only_with_trigger.py
[2025-04-02T09:07:07.730+0000] {processor.py:914} INFO - Processing file /home/airflow/.local/lib/python3.12/site-packages/airflow/example_dags/example_latest_only_with_trigger.py for tasks to queue
[2025-04-02T09:07:07.733+0000] {logging_mixin.py:190} INFO - [2025-04-02T09:07:07.733+0000] {dagbag.py:588} INFO - Filling up the DagBag from /home/airflow/.local/lib/python3.12/site-packages/airflow/example_dags/example_latest_only_with_trigger.py
[2025-04-02T09:07:07.741+0000] {processor.py:925} INFO - DAG(s) 'latest_only_with_trigger' retrieved from /home/airflow/.local/lib/python3.12/site-packages/airflow/example_dags/example_latest_only_with_trigger.py
[2025-04-02T09:07:07.762+0000] {logging_mixin.py:190} INFO - [2025-04-02T09:07:07.762+0000] {dag.py:3239} INFO - Sync 1 DAGs
[2025-04-02T09:07:07.792+0000] {logging_mixin.py:190} INFO - [2025-04-02T09:07:07.792+0000] {dag.py:4180} INFO - Setting next_dagrun for latest_only_with_trigger to 2025-04-02 04:00:00+00:00, run_after=2025-04-02 08:00:00+00:00
[2025-04-02T09:07:07.818+0000] {processor.py:208} INFO - Processing /home/airflow/.local/lib/python3.12/site-packages/airflow/example_dags/example_latest_only_with_trigger.py took 0.095 seconds
[2025-04-02T09:07:38.543+0000] {processor.py:186} INFO - Started process (PID=466) to work on /home/airflow/.local/lib/python3.12/site-packages/airflow/example_dags/example_latest_only_with_trigger.py
[2025-04-02T09:07:38.545+0000] {processor.py:914} INFO - Processing file /home/airflow/.local/lib/python3.12/site-packages/airflow/example_dags/example_latest_only_with_trigger.py for tasks to queue
[2025-04-02T09:07:38.549+0000] {logging_mixin.py:190} INFO - [2025-04-02T09:07:38.548+0000] {dagbag.py:588} INFO - Filling up the DagBag from /home/airflow/.local/lib/python3.12/site-packages/airflow/example_dags/example_latest_only_with_trigger.py
[2025-04-02T09:07:38.563+0000] {processor.py:925} INFO - DAG(s) 'latest_only_with_trigger' retrieved from /home/airflow/.local/lib/python3.12/site-packages/airflow/example_dags/example_latest_only_with_trigger.py
[2025-04-02T09:07:38.597+0000] {logging_mixin.py:190} INFO - [2025-04-02T09:07:38.596+0000] {dag.py:3239} INFO - Sync 1 DAGs
[2025-04-02T09:07:38.637+0000] {logging_mixin.py:190} INFO - [2025-04-02T09:07:38.636+0000] {dag.py:4180} INFO - Setting next_dagrun for latest_only_with_trigger to 2025-04-02 04:00:00+00:00, run_after=2025-04-02 08:00:00+00:00
[2025-04-02T09:07:38.671+0000] {processor.py:208} INFO - Processing /home/airflow/.local/lib/python3.12/site-packages/airflow/example_dags/example_latest_only_with_trigger.py took 0.136 seconds
[2025-04-02T09:08:08.787+0000] {processor.py:186} INFO - Started process (PID=528) to work on /home/airflow/.local/lib/python3.12/site-packages/airflow/example_dags/example_latest_only_with_trigger.py
[2025-04-02T09:08:08.789+0000] {processor.py:914} INFO - Processing file /home/airflow/.local/lib/python3.12/site-packages/airflow/example_dags/example_latest_only_with_trigger.py for tasks to queue
[2025-04-02T09:08:08.793+0000] {logging_mixin.py:190} INFO - [2025-04-02T09:08:08.792+0000] {dagbag.py:588} INFO - Filling up the DagBag from /home/airflow/.local/lib/python3.12/site-packages/airflow/example_dags/example_latest_only_with_trigger.py
[2025-04-02T09:08:08.802+0000] {processor.py:925} INFO - DAG(s) 'latest_only_with_trigger' retrieved from /home/airflow/.local/lib/python3.12/site-packages/airflow/example_dags/example_latest_only_with_trigger.py
[2025-04-02T09:08:08.826+0000] {logging_mixin.py:190} INFO - [2025-04-02T09:08:08.825+0000] {dag.py:3239} INFO - Sync 1 DAGs
[2025-04-02T09:08:08.855+0000] {logging_mixin.py:190} INFO - [2025-04-02T09:08:08.854+0000] {dag.py:4180} INFO - Setting next_dagrun for latest_only_with_trigger to 2025-04-02 04:00:00+00:00, run_after=2025-04-02 08:00:00+00:00
[2025-04-02T09:08:08.881+0000] {processor.py:208} INFO - Processing /home/airflow/.local/lib/python3.12/site-packages/airflow/example_dags/example_latest_only_with_trigger.py took 0.100 seconds
[2025-04-02T09:08:40.004+0000] {processor.py:186} INFO - Started process (PID=590) to work on /home/airflow/.local/lib/python3.12/site-packages/airflow/example_dags/example_latest_only_with_trigger.py
[2025-04-02T09:08:40.005+0000] {processor.py:914} INFO - Processing file /home/airflow/.local/lib/python3.12/site-packages/airflow/example_dags/example_latest_only_with_trigger.py for tasks to queue
[2025-04-02T09:08:40.007+0000] {logging_mixin.py:190} INFO - [2025-04-02T09:08:40.007+0000] {dagbag.py:588} INFO - Filling up the DagBag from /home/airflow/.local/lib/python3.12/site-packages/airflow/example_dags/example_latest_only_with_trigger.py
[2025-04-02T09:08:40.015+0000] {processor.py:925} INFO - DAG(s) 'latest_only_with_trigger' retrieved from /home/airflow/.local/lib/python3.12/site-packages/airflow/example_dags/example_latest_only_with_trigger.py
[2025-04-02T09:08:40.040+0000] {logging_mixin.py:190} INFO - [2025-04-02T09:08:40.039+0000] {dag.py:3239} INFO - Sync 1 DAGs
[2025-04-02T09:08:40.069+0000] {logging_mixin.py:190} INFO - [2025-04-02T09:08:40.069+0000] {dag.py:4180} INFO - Setting next_dagrun for latest_only_with_trigger to 2025-04-02 04:00:00+00:00, run_after=2025-04-02 08:00:00+00:00
[2025-04-02T09:08:40.096+0000] {processor.py:208} INFO - Processing /home/airflow/.local/lib/python3.12/site-packages/airflow/example_dags/example_latest_only_with_trigger.py took 0.099 seconds
[2025-04-02T09:09:11.112+0000] {processor.py:186} INFO - Started process (PID=652) to work on /home/airflow/.local/lib/python3.12/site-packages/airflow/example_dags/example_latest_only_with_trigger.py
[2025-04-02T09:09:11.114+0000] {processor.py:914} INFO - Processing file /home/airflow/.local/lib/python3.12/site-packages/airflow/example_dags/example_latest_only_with_trigger.py for tasks to queue
[2025-04-02T09:09:11.121+0000] {logging_mixin.py:190} INFO - [2025-04-02T09:09:11.120+0000] {dagbag.py:588} INFO - Filling up the DagBag from /home/airflow/.local/lib/python3.12/site-packages/airflow/example_dags/example_latest_only_with_trigger.py
[2025-04-02T09:09:11.134+0000] {processor.py:925} INFO - DAG(s) 'latest_only_with_trigger' retrieved from /home/airflow/.local/lib/python3.12/site-packages/airflow/example_dags/example_latest_only_with_trigger.py
[2025-04-02T09:09:11.162+0000] {logging_mixin.py:190} INFO - [2025-04-02T09:09:11.161+0000] {dag.py:3239} INFO - Sync 1 DAGs
[2025-04-02T09:09:11.193+0000] {logging_mixin.py:190} INFO - [2025-04-02T09:09:11.193+0000] {dag.py:4180} INFO - Setting next_dagrun for latest_only_with_trigger to 2025-04-02 04:00:00+00:00, run_after=2025-04-02 08:00:00+00:00
[2025-04-02T09:09:11.220+0000] {processor.py:208} INFO - Processing /home/airflow/.local/lib/python3.12/site-packages/airflow/example_dags/example_latest_only_with_trigger.py took 0.119 seconds
[2025-04-02T09:09:42.544+0000] {processor.py:186} INFO - Started process (PID=715) to work on /home/airflow/.local/lib/python3.12/site-packages/airflow/example_dags/example_latest_only_with_trigger.py
[2025-04-02T09:09:42.545+0000] {processor.py:914} INFO - Processing file /home/airflow/.local/lib/python3.12/site-packages/airflow/example_dags/example_latest_only_with_trigger.py for tasks to queue
[2025-04-02T09:09:42.548+0000] {logging_mixin.py:190} INFO - [2025-04-02T09:09:42.547+0000] {dagbag.py:588} INFO - Filling up the DagBag from /home/airflow/.local/lib/python3.12/site-packages/airflow/example_dags/example_latest_only_with_trigger.py
[2025-04-02T09:09:42.555+0000] {processor.py:925} INFO - DAG(s) 'latest_only_with_trigger' retrieved from /home/airflow/.local/lib/python3.12/site-packages/airflow/example_dags/example_latest_only_with_trigger.py
[2025-04-02T09:09:42.578+0000] {logging_mixin.py:190} INFO - [2025-04-02T09:09:42.578+0000] {dag.py:3239} INFO - Sync 1 DAGs
[2025-04-02T09:09:42.606+0000] {logging_mixin.py:190} INFO - [2025-04-02T09:09:42.606+0000] {dag.py:4180} INFO - Setting next_dagrun for latest_only_with_trigger to 2025-04-02 04:00:00+00:00, run_after=2025-04-02 08:00:00+00:00
[2025-04-02T09:09:42.631+0000] {processor.py:208} INFO - Processing /home/airflow/.local/lib/python3.12/site-packages/airflow/example_dags/example_latest_only_with_trigger.py took 0.092 seconds
[2025-04-02T09:10:13.458+0000] {processor.py:186} INFO - Started process (PID=785) to work on /home/airflow/.local/lib/python3.12/site-packages/airflow/example_dags/example_latest_only_with_trigger.py
[2025-04-02T09:10:13.459+0000] {processor.py:914} INFO - Processing file /home/airflow/.local/lib/python3.12/site-packages/airflow/example_dags/example_latest_only_with_trigger.py for tasks to queue
[2025-04-02T09:10:13.462+0000] {logging_mixin.py:190} INFO - [2025-04-02T09:10:13.461+0000] {dagbag.py:588} INFO - Filling up the DagBag from /home/airflow/.local/lib/python3.12/site-packages/airflow/example_dags/example_latest_only_with_trigger.py
[2025-04-02T09:10:13.470+0000] {processor.py:925} INFO - DAG(s) 'latest_only_with_trigger' retrieved from /home/airflow/.local/lib/python3.12/site-packages/airflow/example_dags/example_latest_only_with_trigger.py
[2025-04-02T09:10:13.497+0000] {logging_mixin.py:190} INFO - [2025-04-02T09:10:13.496+0000] {dag.py:3239} INFO - Sync 1 DAGs
[2025-04-02T09:10:13.534+0000] {logging_mixin.py:190} INFO - [2025-04-02T09:10:13.534+0000] {dag.py:4180} INFO - Setting next_dagrun for latest_only_with_trigger to 2025-04-02 04:00:00+00:00, run_after=2025-04-02 08:00:00+00:00
[2025-04-02T09:10:13.570+0000] {processor.py:208} INFO - Processing /home/airflow/.local/lib/python3.12/site-packages/airflow/example_dags/example_latest_only_with_trigger.py took 0.118 seconds
[2025-04-02T09:10:44.577+0000] {processor.py:186} INFO - Started process (PID=848) to work on /home/airflow/.local/lib/python3.12/site-packages/airflow/example_dags/example_latest_only_with_trigger.py
[2025-04-02T09:10:44.579+0000] {processor.py:914} INFO - Processing file /home/airflow/.local/lib/python3.12/site-packages/airflow/example_dags/example_latest_only_with_trigger.py for tasks to queue
[2025-04-02T09:10:44.583+0000] {logging_mixin.py:190} INFO - [2025-04-02T09:10:44.582+0000] {dagbag.py:588} INFO - Filling up the DagBag from /home/airflow/.local/lib/python3.12/site-packages/airflow/example_dags/example_latest_only_with_trigger.py
[2025-04-02T09:10:44.592+0000] {processor.py:925} INFO - DAG(s) 'latest_only_with_trigger' retrieved from /home/airflow/.local/lib/python3.12/site-packages/airflow/example_dags/example_latest_only_with_trigger.py
[2025-04-02T09:10:44.615+0000] {logging_mixin.py:190} INFO - [2025-04-02T09:10:44.615+0000] {dag.py:3239} INFO - Sync 1 DAGs
[2025-04-02T09:10:44.642+0000] {logging_mixin.py:190} INFO - [2025-04-02T09:10:44.641+0000] {dag.py:4180} INFO - Setting next_dagrun for latest_only_with_trigger to 2025-04-02 04:00:00+00:00, run_after=2025-04-02 08:00:00+00:00
[2025-04-02T09:10:44.665+0000] {processor.py:208} INFO - Processing /home/airflow/.local/lib/python3.12/site-packages/airflow/example_dags/example_latest_only_with_trigger.py took 0.095 seconds
[2025-04-02T09:12:45.724+0000] {processor.py:186} INFO - Started process (PID=91) to work on /home/airflow/.local/lib/python3.12/site-packages/airflow/example_dags/example_latest_only_with_trigger.py
[2025-04-02T09:12:45.726+0000] {processor.py:914} INFO - Processing file /home/airflow/.local/lib/python3.12/site-packages/airflow/example_dags/example_latest_only_with_trigger.py for tasks to queue
[2025-04-02T09:12:45.732+0000] {logging_mixin.py:190} INFO - [2025-04-02T09:12:45.731+0000] {dagbag.py:588} INFO - Filling up the DagBag from /home/airflow/.local/lib/python3.12/site-packages/airflow/example_dags/example_latest_only_with_trigger.py
[2025-04-02T09:12:45.751+0000] {processor.py:925} INFO - DAG(s) 'latest_only_with_trigger' retrieved from /home/airflow/.local/lib/python3.12/site-packages/airflow/example_dags/example_latest_only_with_trigger.py
[2025-04-02T09:12:45.800+0000] {logging_mixin.py:190} INFO - [2025-04-02T09:12:45.800+0000] {dag.py:3239} INFO - Sync 1 DAGs
[2025-04-02T09:12:45.876+0000] {logging_mixin.py:190} INFO - [2025-04-02T09:12:45.875+0000] {dag.py:4180} INFO - Setting next_dagrun for latest_only_with_trigger to 2025-04-02 04:00:00+00:00, run_after=2025-04-02 08:00:00+00:00
[2025-04-02T09:12:45.906+0000] {processor.py:208} INFO - Processing /home/airflow/.local/lib/python3.12/site-packages/airflow/example_dags/example_latest_only_with_trigger.py took 0.192 seconds
[2025-04-02T09:13:16.602+0000] {processor.py:186} INFO - Started process (PID=155) to work on /home/airflow/.local/lib/python3.12/site-packages/airflow/example_dags/example_latest_only_with_trigger.py
[2025-04-02T09:13:16.603+0000] {processor.py:914} INFO - Processing file /home/airflow/.local/lib/python3.12/site-packages/airflow/example_dags/example_latest_only_with_trigger.py for tasks to queue
[2025-04-02T09:13:16.607+0000] {logging_mixin.py:190} INFO - [2025-04-02T09:13:16.606+0000] {dagbag.py:588} INFO - Filling up the DagBag from /home/airflow/.local/lib/python3.12/site-packages/airflow/example_dags/example_latest_only_with_trigger.py
[2025-04-02T09:13:16.617+0000] {processor.py:925} INFO - DAG(s) 'latest_only_with_trigger' retrieved from /home/airflow/.local/lib/python3.12/site-packages/airflow/example_dags/example_latest_only_with_trigger.py
[2025-04-02T09:13:16.641+0000] {logging_mixin.py:190} INFO - [2025-04-02T09:13:16.641+0000] {dag.py:3239} INFO - Sync 1 DAGs
[2025-04-02T09:13:16.669+0000] {logging_mixin.py:190} INFO - [2025-04-02T09:13:16.668+0000] {dag.py:4180} INFO - Setting next_dagrun for latest_only_with_trigger to 2025-04-02 04:00:00+00:00, run_after=2025-04-02 08:00:00+00:00
[2025-04-02T09:13:16.691+0000] {processor.py:208} INFO - Processing /home/airflow/.local/lib/python3.12/site-packages/airflow/example_dags/example_latest_only_with_trigger.py took 0.099 seconds
[2025-04-02T09:13:47.336+0000] {processor.py:186} INFO - Started process (PID=218) to work on /home/airflow/.local/lib/python3.12/site-packages/airflow/example_dags/example_latest_only_with_trigger.py
[2025-04-02T09:13:47.337+0000] {processor.py:914} INFO - Processing file /home/airflow/.local/lib/python3.12/site-packages/airflow/example_dags/example_latest_only_with_trigger.py for tasks to queue
[2025-04-02T09:13:47.340+0000] {logging_mixin.py:190} INFO - [2025-04-02T09:13:47.340+0000] {dagbag.py:588} INFO - Filling up the DagBag from /home/airflow/.local/lib/python3.12/site-packages/airflow/example_dags/example_latest_only_with_trigger.py
[2025-04-02T09:13:47.349+0000] {processor.py:925} INFO - DAG(s) 'latest_only_with_trigger' retrieved from /home/airflow/.local/lib/python3.12/site-packages/airflow/example_dags/example_latest_only_with_trigger.py
[2025-04-02T09:13:47.373+0000] {logging_mixin.py:190} INFO - [2025-04-02T09:13:47.372+0000] {dag.py:3239} INFO - Sync 1 DAGs
[2025-04-02T09:13:47.400+0000] {logging_mixin.py:190} INFO - [2025-04-02T09:13:47.400+0000] {dag.py:4180} INFO - Setting next_dagrun for latest_only_with_trigger to 2025-04-02 04:00:00+00:00, run_after=2025-04-02 08:00:00+00:00
[2025-04-02T09:13:47.420+0000] {processor.py:208} INFO - Processing /home/airflow/.local/lib/python3.12/site-packages/airflow/example_dags/example_latest_only_with_trigger.py took 0.091 seconds
[2025-04-02T09:14:18.560+0000] {processor.py:186} INFO - Started process (PID=280) to work on /home/airflow/.local/lib/python3.12/site-packages/airflow/example_dags/example_latest_only_with_trigger.py
[2025-04-02T09:14:18.562+0000] {processor.py:914} INFO - Processing file /home/airflow/.local/lib/python3.12/site-packages/airflow/example_dags/example_latest_only_with_trigger.py for tasks to queue
[2025-04-02T09:14:18.566+0000] {logging_mixin.py:190} INFO - [2025-04-02T09:14:18.566+0000] {dagbag.py:588} INFO - Filling up the DagBag from /home/airflow/.local/lib/python3.12/site-packages/airflow/example_dags/example_latest_only_with_trigger.py
[2025-04-02T09:14:18.580+0000] {processor.py:925} INFO - DAG(s) 'latest_only_with_trigger' retrieved from /home/airflow/.local/lib/python3.12/site-packages/airflow/example_dags/example_latest_only_with_trigger.py
[2025-04-02T09:14:18.618+0000] {logging_mixin.py:190} INFO - [2025-04-02T09:14:18.617+0000] {dag.py:3239} INFO - Sync 1 DAGs
[2025-04-02T09:14:18.663+0000] {logging_mixin.py:190} INFO - [2025-04-02T09:14:18.663+0000] {dag.py:4180} INFO - Setting next_dagrun for latest_only_with_trigger to 2025-04-02 04:00:00+00:00, run_after=2025-04-02 08:00:00+00:00
[2025-04-02T09:14:18.700+0000] {processor.py:208} INFO - Processing /home/airflow/.local/lib/python3.12/site-packages/airflow/example_dags/example_latest_only_with_trigger.py took 0.152 seconds
[2025-04-02T09:14:49.311+0000] {processor.py:186} INFO - Started process (PID=343) to work on /home/airflow/.local/lib/python3.12/site-packages/airflow/example_dags/example_latest_only_with_trigger.py
[2025-04-02T09:14:49.312+0000] {processor.py:914} INFO - Processing file /home/airflow/.local/lib/python3.12/site-packages/airflow/example_dags/example_latest_only_with_trigger.py for tasks to queue
[2025-04-02T09:14:49.315+0000] {logging_mixin.py:190} INFO - [2025-04-02T09:14:49.315+0000] {dagbag.py:588} INFO - Filling up the DagBag from /home/airflow/.local/lib/python3.12/site-packages/airflow/example_dags/example_latest_only_with_trigger.py
[2025-04-02T09:14:49.326+0000] {processor.py:925} INFO - DAG(s) 'latest_only_with_trigger' retrieved from /home/airflow/.local/lib/python3.12/site-packages/airflow/example_dags/example_latest_only_with_trigger.py
[2025-04-02T09:14:49.353+0000] {logging_mixin.py:190} INFO - [2025-04-02T09:14:49.352+0000] {dag.py:3239} INFO - Sync 1 DAGs
[2025-04-02T09:14:49.382+0000] {logging_mixin.py:190} INFO - [2025-04-02T09:14:49.382+0000] {dag.py:4180} INFO - Setting next_dagrun for latest_only_with_trigger to 2025-04-02 04:00:00+00:00, run_after=2025-04-02 08:00:00+00:00
[2025-04-02T09:14:49.408+0000] {processor.py:208} INFO - Processing /home/airflow/.local/lib/python3.12/site-packages/airflow/example_dags/example_latest_only_with_trigger.py took 0.104 seconds
[2025-04-02T09:15:19.759+0000] {processor.py:186} INFO - Started process (PID=405) to work on /home/airflow/.local/lib/python3.12/site-packages/airflow/example_dags/example_latest_only_with_trigger.py
[2025-04-02T09:15:19.761+0000] {processor.py:914} INFO - Processing file /home/airflow/.local/lib/python3.12/site-packages/airflow/example_dags/example_latest_only_with_trigger.py for tasks to queue
[2025-04-02T09:15:19.764+0000] {logging_mixin.py:190} INFO - [2025-04-02T09:15:19.764+0000] {dagbag.py:588} INFO - Filling up the DagBag from /home/airflow/.local/lib/python3.12/site-packages/airflow/example_dags/example_latest_only_with_trigger.py
[2025-04-02T09:15:19.775+0000] {processor.py:925} INFO - DAG(s) 'latest_only_with_trigger' retrieved from /home/airflow/.local/lib/python3.12/site-packages/airflow/example_dags/example_latest_only_with_trigger.py
[2025-04-02T09:15:19.802+0000] {logging_mixin.py:190} INFO - [2025-04-02T09:15:19.802+0000] {dag.py:3239} INFO - Sync 1 DAGs
[2025-04-02T09:15:19.839+0000] {logging_mixin.py:190} INFO - [2025-04-02T09:15:19.839+0000] {dag.py:4180} INFO - Setting next_dagrun for latest_only_with_trigger to 2025-04-02 04:00:00+00:00, run_after=2025-04-02 08:00:00+00:00
[2025-04-02T09:15:19.868+0000] {processor.py:208} INFO - Processing /home/airflow/.local/lib/python3.12/site-packages/airflow/example_dags/example_latest_only_with_trigger.py took 0.116 seconds
[2025-04-02T09:15:51.106+0000] {processor.py:186} INFO - Started process (PID=468) to work on /home/airflow/.local/lib/python3.12/site-packages/airflow/example_dags/example_latest_only_with_trigger.py
[2025-04-02T09:15:51.107+0000] {processor.py:914} INFO - Processing file /home/airflow/.local/lib/python3.12/site-packages/airflow/example_dags/example_latest_only_with_trigger.py for tasks to queue
[2025-04-02T09:15:51.110+0000] {logging_mixin.py:190} INFO - [2025-04-02T09:15:51.110+0000] {dagbag.py:588} INFO - Filling up the DagBag from /home/airflow/.local/lib/python3.12/site-packages/airflow/example_dags/example_latest_only_with_trigger.py
[2025-04-02T09:15:51.119+0000] {processor.py:925} INFO - DAG(s) 'latest_only_with_trigger' retrieved from /home/airflow/.local/lib/python3.12/site-packages/airflow/example_dags/example_latest_only_with_trigger.py
[2025-04-02T09:15:51.143+0000] {logging_mixin.py:190} INFO - [2025-04-02T09:15:51.143+0000] {dag.py:3239} INFO - Sync 1 DAGs
[2025-04-02T09:15:51.177+0000] {logging_mixin.py:190} INFO - [2025-04-02T09:15:51.177+0000] {dag.py:4180} INFO - Setting next_dagrun for latest_only_with_trigger to 2025-04-02 04:00:00+00:00, run_after=2025-04-02 08:00:00+00:00
[2025-04-02T09:15:51.212+0000] {processor.py:208} INFO - Processing /home/airflow/.local/lib/python3.12/site-packages/airflow/example_dags/example_latest_only_with_trigger.py took 0.114 seconds
[2025-04-02T09:16:22.707+0000] {processor.py:186} INFO - Started process (PID=531) to work on /home/airflow/.local/lib/python3.12/site-packages/airflow/example_dags/example_latest_only_with_trigger.py
[2025-04-02T09:16:22.709+0000] {processor.py:914} INFO - Processing file /home/airflow/.local/lib/python3.12/site-packages/airflow/example_dags/example_latest_only_with_trigger.py for tasks to queue
[2025-04-02T09:16:22.712+0000] {logging_mixin.py:190} INFO - [2025-04-02T09:16:22.711+0000] {dagbag.py:588} INFO - Filling up the DagBag from /home/airflow/.local/lib/python3.12/site-packages/airflow/example_dags/example_latest_only_with_trigger.py
[2025-04-02T09:16:22.724+0000] {processor.py:925} INFO - DAG(s) 'latest_only_with_trigger' retrieved from /home/airflow/.local/lib/python3.12/site-packages/airflow/example_dags/example_latest_only_with_trigger.py
[2025-04-02T09:16:22.760+0000] {logging_mixin.py:190} INFO - [2025-04-02T09:16:22.759+0000] {dag.py:3239} INFO - Sync 1 DAGs
[2025-04-02T09:16:22.813+0000] {logging_mixin.py:190} INFO - [2025-04-02T09:16:22.812+0000] {dag.py:4180} INFO - Setting next_dagrun for latest_only_with_trigger to 2025-04-02 04:00:00+00:00, run_after=2025-04-02 08:00:00+00:00
[2025-04-02T09:16:22.848+0000] {processor.py:208} INFO - Processing /home/airflow/.local/lib/python3.12/site-packages/airflow/example_dags/example_latest_only_with_trigger.py took 0.150 seconds
[2025-04-02T09:16:55.437+0000] {processor.py:186} INFO - Started process (PID=595) to work on /home/airflow/.local/lib/python3.12/site-packages/airflow/example_dags/example_latest_only_with_trigger.py
[2025-04-02T09:16:55.438+0000] {processor.py:914} INFO - Processing file /home/airflow/.local/lib/python3.12/site-packages/airflow/example_dags/example_latest_only_with_trigger.py for tasks to queue
[2025-04-02T09:16:55.441+0000] {logging_mixin.py:190} INFO - [2025-04-02T09:16:55.441+0000] {dagbag.py:588} INFO - Filling up the DagBag from /home/airflow/.local/lib/python3.12/site-packages/airflow/example_dags/example_latest_only_with_trigger.py
[2025-04-02T09:16:55.456+0000] {processor.py:925} INFO - DAG(s) 'latest_only_with_trigger' retrieved from /home/airflow/.local/lib/python3.12/site-packages/airflow/example_dags/example_latest_only_with_trigger.py
[2025-04-02T09:16:55.487+0000] {logging_mixin.py:190} INFO - [2025-04-02T09:16:55.486+0000] {dag.py:3239} INFO - Sync 1 DAGs
[2025-04-02T09:16:55.532+0000] {logging_mixin.py:190} INFO - [2025-04-02T09:16:55.532+0000] {dag.py:4180} INFO - Setting next_dagrun for latest_only_with_trigger to 2025-04-02 04:00:00+00:00, run_after=2025-04-02 08:00:00+00:00
[2025-04-02T09:16:55.561+0000] {processor.py:208} INFO - Processing /home/airflow/.local/lib/python3.12/site-packages/airflow/example_dags/example_latest_only_with_trigger.py took 0.133 seconds
[2025-04-02T09:17:28.508+0000] {processor.py:186} INFO - Started process (PID=658) to work on /home/airflow/.local/lib/python3.12/site-packages/airflow/example_dags/example_latest_only_with_trigger.py
[2025-04-02T09:17:28.509+0000] {processor.py:914} INFO - Processing file /home/airflow/.local/lib/python3.12/site-packages/airflow/example_dags/example_latest_only_with_trigger.py for tasks to queue
[2025-04-02T09:17:28.513+0000] {logging_mixin.py:190} INFO - [2025-04-02T09:17:28.512+0000] {dagbag.py:588} INFO - Filling up the DagBag from /home/airflow/.local/lib/python3.12/site-packages/airflow/example_dags/example_latest_only_with_trigger.py
[2025-04-02T09:17:28.525+0000] {processor.py:925} INFO - DAG(s) 'latest_only_with_trigger' retrieved from /home/airflow/.local/lib/python3.12/site-packages/airflow/example_dags/example_latest_only_with_trigger.py
[2025-04-02T09:17:28.551+0000] {logging_mixin.py:190} INFO - [2025-04-02T09:17:28.550+0000] {dag.py:3239} INFO - Sync 1 DAGs
[2025-04-02T09:17:28.584+0000] {logging_mixin.py:190} INFO - [2025-04-02T09:17:28.584+0000] {dag.py:4180} INFO - Setting next_dagrun for latest_only_with_trigger to 2025-04-02 04:00:00+00:00, run_after=2025-04-02 08:00:00+00:00
[2025-04-02T09:17:28.609+0000] {processor.py:208} INFO - Processing /home/airflow/.local/lib/python3.12/site-packages/airflow/example_dags/example_latest_only_with_trigger.py took 0.110 seconds
[2025-04-02T09:17:59.299+0000] {processor.py:186} INFO - Started process (PID=720) to work on /home/airflow/.local/lib/python3.12/site-packages/airflow/example_dags/example_latest_only_with_trigger.py
[2025-04-02T09:17:59.301+0000] {processor.py:914} INFO - Processing file /home/airflow/.local/lib/python3.12/site-packages/airflow/example_dags/example_latest_only_with_trigger.py for tasks to queue
[2025-04-02T09:17:59.304+0000] {logging_mixin.py:190} INFO - [2025-04-02T09:17:59.304+0000] {dagbag.py:588} INFO - Filling up the DagBag from /home/airflow/.local/lib/python3.12/site-packages/airflow/example_dags/example_latest_only_with_trigger.py
[2025-04-02T09:17:59.312+0000] {processor.py:925} INFO - DAG(s) 'latest_only_with_trigger' retrieved from /home/airflow/.local/lib/python3.12/site-packages/airflow/example_dags/example_latest_only_with_trigger.py
[2025-04-02T09:17:59.335+0000] {logging_mixin.py:190} INFO - [2025-04-02T09:17:59.335+0000] {dag.py:3239} INFO - Sync 1 DAGs
[2025-04-02T09:17:59.358+0000] {logging_mixin.py:190} INFO - [2025-04-02T09:17:59.358+0000] {dag.py:4180} INFO - Setting next_dagrun for latest_only_with_trigger to 2025-04-02 04:00:00+00:00, run_after=2025-04-02 08:00:00+00:00
[2025-04-02T09:17:59.380+0000] {processor.py:208} INFO - Processing /home/airflow/.local/lib/python3.12/site-packages/airflow/example_dags/example_latest_only_with_trigger.py took 0.087 seconds
[2025-04-02T09:58:24.641+0000] {processor.py:186} INFO - Started process (PID=793) to work on /home/airflow/.local/lib/python3.12/site-packages/airflow/example_dags/example_latest_only_with_trigger.py
[2025-04-02T09:58:24.643+0000] {processor.py:914} INFO - Processing file /home/airflow/.local/lib/python3.12/site-packages/airflow/example_dags/example_latest_only_with_trigger.py for tasks to queue
[2025-04-02T09:58:24.646+0000] {logging_mixin.py:190} INFO - [2025-04-02T09:58:24.645+0000] {dagbag.py:588} INFO - Filling up the DagBag from /home/airflow/.local/lib/python3.12/site-packages/airflow/example_dags/example_latest_only_with_trigger.py
[2025-04-02T09:58:24.664+0000] {processor.py:925} INFO - DAG(s) 'latest_only_with_trigger' retrieved from /home/airflow/.local/lib/python3.12/site-packages/airflow/example_dags/example_latest_only_with_trigger.py
[2025-04-02T09:58:24.703+0000] {logging_mixin.py:190} INFO - [2025-04-02T09:58:24.702+0000] {dag.py:3239} INFO - Sync 1 DAGs
[2025-04-02T09:58:24.750+0000] {logging_mixin.py:190} INFO - [2025-04-02T09:58:24.750+0000] {dag.py:4180} INFO - Setting next_dagrun for latest_only_with_trigger to 2025-04-02 04:00:00+00:00, run_after=2025-04-02 08:00:00+00:00
[2025-04-02T09:58:24.805+0000] {processor.py:208} INFO - Processing /home/airflow/.local/lib/python3.12/site-packages/airflow/example_dags/example_latest_only_with_trigger.py took 0.178 seconds
[2025-04-02T09:58:56.026+0000] {processor.py:186} INFO - Started process (PID=856) to work on /home/airflow/.local/lib/python3.12/site-packages/airflow/example_dags/example_latest_only_with_trigger.py
[2025-04-02T09:58:56.028+0000] {processor.py:914} INFO - Processing file /home/airflow/.local/lib/python3.12/site-packages/airflow/example_dags/example_latest_only_with_trigger.py for tasks to queue
[2025-04-02T09:58:56.031+0000] {logging_mixin.py:190} INFO - [2025-04-02T09:58:56.030+0000] {dagbag.py:588} INFO - Filling up the DagBag from /home/airflow/.local/lib/python3.12/site-packages/airflow/example_dags/example_latest_only_with_trigger.py
[2025-04-02T09:58:56.043+0000] {processor.py:925} INFO - DAG(s) 'latest_only_with_trigger' retrieved from /home/airflow/.local/lib/python3.12/site-packages/airflow/example_dags/example_latest_only_with_trigger.py
[2025-04-02T09:58:56.070+0000] {logging_mixin.py:190} INFO - [2025-04-02T09:58:56.070+0000] {dag.py:3239} INFO - Sync 1 DAGs
[2025-04-02T09:58:56.100+0000] {logging_mixin.py:190} INFO - [2025-04-02T09:58:56.100+0000] {dag.py:4180} INFO - Setting next_dagrun for latest_only_with_trigger to 2025-04-02 04:00:00+00:00, run_after=2025-04-02 08:00:00+00:00
[2025-04-02T09:58:56.131+0000] {processor.py:208} INFO - Processing /home/airflow/.local/lib/python3.12/site-packages/airflow/example_dags/example_latest_only_with_trigger.py took 0.112 seconds
[2025-04-02T09:59:27.299+0000] {processor.py:186} INFO - Started process (PID=919) to work on /home/airflow/.local/lib/python3.12/site-packages/airflow/example_dags/example_latest_only_with_trigger.py
[2025-04-02T09:59:27.301+0000] {processor.py:914} INFO - Processing file /home/airflow/.local/lib/python3.12/site-packages/airflow/example_dags/example_latest_only_with_trigger.py for tasks to queue
[2025-04-02T09:59:27.303+0000] {logging_mixin.py:190} INFO - [2025-04-02T09:59:27.303+0000] {dagbag.py:588} INFO - Filling up the DagBag from /home/airflow/.local/lib/python3.12/site-packages/airflow/example_dags/example_latest_only_with_trigger.py
[2025-04-02T09:59:27.317+0000] {processor.py:925} INFO - DAG(s) 'latest_only_with_trigger' retrieved from /home/airflow/.local/lib/python3.12/site-packages/airflow/example_dags/example_latest_only_with_trigger.py
[2025-04-02T09:59:27.350+0000] {logging_mixin.py:190} INFO - [2025-04-02T09:59:27.349+0000] {dag.py:3239} INFO - Sync 1 DAGs
[2025-04-02T09:59:27.394+0000] {logging_mixin.py:190} INFO - [2025-04-02T09:59:27.394+0000] {dag.py:4180} INFO - Setting next_dagrun for latest_only_with_trigger to 2025-04-02 04:00:00+00:00, run_after=2025-04-02 08:00:00+00:00
[2025-04-02T09:59:27.434+0000] {processor.py:208} INFO - Processing /home/airflow/.local/lib/python3.12/site-packages/airflow/example_dags/example_latest_only_with_trigger.py took 0.146 seconds
[2025-04-02T09:59:57.727+0000] {processor.py:186} INFO - Started process (PID=982) to work on /home/airflow/.local/lib/python3.12/site-packages/airflow/example_dags/example_latest_only_with_trigger.py
[2025-04-02T09:59:57.729+0000] {processor.py:914} INFO - Processing file /home/airflow/.local/lib/python3.12/site-packages/airflow/example_dags/example_latest_only_with_trigger.py for tasks to queue
[2025-04-02T09:59:57.731+0000] {logging_mixin.py:190} INFO - [2025-04-02T09:59:57.731+0000] {dagbag.py:588} INFO - Filling up the DagBag from /home/airflow/.local/lib/python3.12/site-packages/airflow/example_dags/example_latest_only_with_trigger.py
[2025-04-02T09:59:57.742+0000] {processor.py:925} INFO - DAG(s) 'latest_only_with_trigger' retrieved from /home/airflow/.local/lib/python3.12/site-packages/airflow/example_dags/example_latest_only_with_trigger.py
[2025-04-02T09:59:57.768+0000] {logging_mixin.py:190} INFO - [2025-04-02T09:59:57.768+0000] {dag.py:3239} INFO - Sync 1 DAGs
[2025-04-02T09:59:57.800+0000] {logging_mixin.py:190} INFO - [2025-04-02T09:59:57.800+0000] {dag.py:4180} INFO - Setting next_dagrun for latest_only_with_trigger to 2025-04-02 04:00:00+00:00, run_after=2025-04-02 08:00:00+00:00
[2025-04-02T09:59:57.829+0000] {processor.py:208} INFO - Processing /home/airflow/.local/lib/python3.12/site-packages/airflow/example_dags/example_latest_only_with_trigger.py took 0.114 seconds
[2025-04-02T10:00:28.041+0000] {processor.py:186} INFO - Started process (PID=1043) to work on /home/airflow/.local/lib/python3.12/site-packages/airflow/example_dags/example_latest_only_with_trigger.py
[2025-04-02T10:00:28.043+0000] {processor.py:914} INFO - Processing file /home/airflow/.local/lib/python3.12/site-packages/airflow/example_dags/example_latest_only_with_trigger.py for tasks to queue
[2025-04-02T10:00:28.045+0000] {logging_mixin.py:190} INFO - [2025-04-02T10:00:28.044+0000] {dagbag.py:588} INFO - Filling up the DagBag from /home/airflow/.local/lib/python3.12/site-packages/airflow/example_dags/example_latest_only_with_trigger.py
[2025-04-02T10:00:28.057+0000] {processor.py:925} INFO - DAG(s) 'latest_only_with_trigger' retrieved from /home/airflow/.local/lib/python3.12/site-packages/airflow/example_dags/example_latest_only_with_trigger.py
[2025-04-02T10:00:28.087+0000] {logging_mixin.py:190} INFO - [2025-04-02T10:00:28.086+0000] {dag.py:3239} INFO - Sync 1 DAGs
[2025-04-02T10:00:28.116+0000] {logging_mixin.py:190} INFO - [2025-04-02T10:00:28.115+0000] {dag.py:4180} INFO - Setting next_dagrun for latest_only_with_trigger to 2025-04-02 04:00:00+00:00, run_after=2025-04-02 08:00:00+00:00
[2025-04-02T10:00:28.151+0000] {processor.py:208} INFO - Processing /home/airflow/.local/lib/python3.12/site-packages/airflow/example_dags/example_latest_only_with_trigger.py took 0.119 seconds
[2025-04-02T10:00:59.064+0000] {processor.py:186} INFO - Started process (PID=1106) to work on /home/airflow/.local/lib/python3.12/site-packages/airflow/example_dags/example_latest_only_with_trigger.py
[2025-04-02T10:00:59.066+0000] {processor.py:914} INFO - Processing file /home/airflow/.local/lib/python3.12/site-packages/airflow/example_dags/example_latest_only_with_trigger.py for tasks to queue
[2025-04-02T10:00:59.068+0000] {logging_mixin.py:190} INFO - [2025-04-02T10:00:59.067+0000] {dagbag.py:588} INFO - Filling up the DagBag from /home/airflow/.local/lib/python3.12/site-packages/airflow/example_dags/example_latest_only_with_trigger.py
[2025-04-02T10:00:59.082+0000] {processor.py:925} INFO - DAG(s) 'latest_only_with_trigger' retrieved from /home/airflow/.local/lib/python3.12/site-packages/airflow/example_dags/example_latest_only_with_trigger.py
[2025-04-02T10:00:59.111+0000] {logging_mixin.py:190} INFO - [2025-04-02T10:00:59.111+0000] {dag.py:3239} INFO - Sync 1 DAGs
[2025-04-02T10:00:59.141+0000] {logging_mixin.py:190} INFO - [2025-04-02T10:00:59.141+0000] {dag.py:4180} INFO - Setting next_dagrun for latest_only_with_trigger to 2025-04-02 04:00:00+00:00, run_after=2025-04-02 08:00:00+00:00
[2025-04-02T10:00:59.170+0000] {processor.py:208} INFO - Processing /home/airflow/.local/lib/python3.12/site-packages/airflow/example_dags/example_latest_only_with_trigger.py took 0.114 seconds
[2025-04-02T10:01:29.447+0000] {processor.py:186} INFO - Started process (PID=1169) to work on /home/airflow/.local/lib/python3.12/site-packages/airflow/example_dags/example_latest_only_with_trigger.py
[2025-04-02T10:01:29.448+0000] {processor.py:914} INFO - Processing file /home/airflow/.local/lib/python3.12/site-packages/airflow/example_dags/example_latest_only_with_trigger.py for tasks to queue
[2025-04-02T10:01:29.452+0000] {logging_mixin.py:190} INFO - [2025-04-02T10:01:29.451+0000] {dagbag.py:588} INFO - Filling up the DagBag from /home/airflow/.local/lib/python3.12/site-packages/airflow/example_dags/example_latest_only_with_trigger.py
[2025-04-02T10:01:29.465+0000] {processor.py:925} INFO - DAG(s) 'latest_only_with_trigger' retrieved from /home/airflow/.local/lib/python3.12/site-packages/airflow/example_dags/example_latest_only_with_trigger.py
[2025-04-02T10:01:29.497+0000] {logging_mixin.py:190} INFO - [2025-04-02T10:01:29.497+0000] {dag.py:3239} INFO - Sync 1 DAGs
[2025-04-02T10:01:29.530+0000] {logging_mixin.py:190} INFO - [2025-04-02T10:01:29.529+0000] {dag.py:4180} INFO - Setting next_dagrun for latest_only_with_trigger to 2025-04-02 04:00:00+00:00, run_after=2025-04-02 08:00:00+00:00
[2025-04-02T10:01:29.560+0000] {processor.py:208} INFO - Processing /home/airflow/.local/lib/python3.12/site-packages/airflow/example_dags/example_latest_only_with_trigger.py took 0.124 seconds
[2025-04-02T10:02:00.092+0000] {processor.py:186} INFO - Started process (PID=1231) to work on /home/airflow/.local/lib/python3.12/site-packages/airflow/example_dags/example_latest_only_with_trigger.py
[2025-04-02T10:02:00.094+0000] {processor.py:914} INFO - Processing file /home/airflow/.local/lib/python3.12/site-packages/airflow/example_dags/example_latest_only_with_trigger.py for tasks to queue
[2025-04-02T10:02:00.096+0000] {logging_mixin.py:190} INFO - [2025-04-02T10:02:00.095+0000] {dagbag.py:588} INFO - Filling up the DagBag from /home/airflow/.local/lib/python3.12/site-packages/airflow/example_dags/example_latest_only_with_trigger.py
[2025-04-02T10:02:00.108+0000] {processor.py:925} INFO - DAG(s) 'latest_only_with_trigger' retrieved from /home/airflow/.local/lib/python3.12/site-packages/airflow/example_dags/example_latest_only_with_trigger.py
[2025-04-02T10:02:00.134+0000] {logging_mixin.py:190} INFO - [2025-04-02T10:02:00.133+0000] {dag.py:3239} INFO - Sync 1 DAGs
[2025-04-02T10:02:00.164+0000] {logging_mixin.py:190} INFO - [2025-04-02T10:02:00.163+0000] {dag.py:4180} INFO - Setting next_dagrun for latest_only_with_trigger to 2025-04-02 04:00:00+00:00, run_after=2025-04-02 08:00:00+00:00
[2025-04-02T10:02:00.195+0000] {processor.py:208} INFO - Processing /home/airflow/.local/lib/python3.12/site-packages/airflow/example_dags/example_latest_only_with_trigger.py took 0.111 seconds
[2025-04-02T10:02:30.462+0000] {processor.py:186} INFO - Started process (PID=1294) to work on /home/airflow/.local/lib/python3.12/site-packages/airflow/example_dags/example_latest_only_with_trigger.py
[2025-04-02T10:02:30.464+0000] {processor.py:914} INFO - Processing file /home/airflow/.local/lib/python3.12/site-packages/airflow/example_dags/example_latest_only_with_trigger.py for tasks to queue
[2025-04-02T10:02:30.467+0000] {logging_mixin.py:190} INFO - [2025-04-02T10:02:30.466+0000] {dagbag.py:588} INFO - Filling up the DagBag from /home/airflow/.local/lib/python3.12/site-packages/airflow/example_dags/example_latest_only_with_trigger.py
[2025-04-02T10:02:30.488+0000] {processor.py:925} INFO - DAG(s) 'latest_only_with_trigger' retrieved from /home/airflow/.local/lib/python3.12/site-packages/airflow/example_dags/example_latest_only_with_trigger.py
[2025-04-02T10:02:30.535+0000] {logging_mixin.py:190} INFO - [2025-04-02T10:02:30.534+0000] {dag.py:3239} INFO - Sync 1 DAGs
[2025-04-02T10:02:30.582+0000] {logging_mixin.py:190} INFO - [2025-04-02T10:02:30.582+0000] {dag.py:4180} INFO - Setting next_dagrun for latest_only_with_trigger to 2025-04-02 04:00:00+00:00, run_after=2025-04-02 08:00:00+00:00
[2025-04-02T10:02:30.616+0000] {processor.py:208} INFO - Processing /home/airflow/.local/lib/python3.12/site-packages/airflow/example_dags/example_latest_only_with_trigger.py took 0.168 seconds
[2025-04-02T10:03:01.160+0000] {processor.py:186} INFO - Started process (PID=1358) to work on /home/airflow/.local/lib/python3.12/site-packages/airflow/example_dags/example_latest_only_with_trigger.py
[2025-04-02T10:03:01.161+0000] {processor.py:914} INFO - Processing file /home/airflow/.local/lib/python3.12/site-packages/airflow/example_dags/example_latest_only_with_trigger.py for tasks to queue
[2025-04-02T10:03:01.164+0000] {logging_mixin.py:190} INFO - [2025-04-02T10:03:01.163+0000] {dagbag.py:588} INFO - Filling up the DagBag from /home/airflow/.local/lib/python3.12/site-packages/airflow/example_dags/example_latest_only_with_trigger.py
[2025-04-02T10:03:01.176+0000] {processor.py:925} INFO - DAG(s) 'latest_only_with_trigger' retrieved from /home/airflow/.local/lib/python3.12/site-packages/airflow/example_dags/example_latest_only_with_trigger.py
[2025-04-02T10:03:01.206+0000] {logging_mixin.py:190} INFO - [2025-04-02T10:03:01.205+0000] {dag.py:3239} INFO - Sync 1 DAGs
[2025-04-02T10:03:01.239+0000] {logging_mixin.py:190} INFO - [2025-04-02T10:03:01.238+0000] {dag.py:4180} INFO - Setting next_dagrun for latest_only_with_trigger to 2025-04-02 04:00:00+00:00, run_after=2025-04-02 08:00:00+00:00
[2025-04-02T10:03:01.269+0000] {processor.py:208} INFO - Processing /home/airflow/.local/lib/python3.12/site-packages/airflow/example_dags/example_latest_only_with_trigger.py took 0.120 seconds
[2025-04-02T10:03:32.079+0000] {processor.py:186} INFO - Started process (PID=1420) to work on /home/airflow/.local/lib/python3.12/site-packages/airflow/example_dags/example_latest_only_with_trigger.py
[2025-04-02T10:03:32.080+0000] {processor.py:914} INFO - Processing file /home/airflow/.local/lib/python3.12/site-packages/airflow/example_dags/example_latest_only_with_trigger.py for tasks to queue
[2025-04-02T10:03:32.083+0000] {logging_mixin.py:190} INFO - [2025-04-02T10:03:32.082+0000] {dagbag.py:588} INFO - Filling up the DagBag from /home/airflow/.local/lib/python3.12/site-packages/airflow/example_dags/example_latest_only_with_trigger.py
[2025-04-02T10:03:32.092+0000] {processor.py:925} INFO - DAG(s) 'latest_only_with_trigger' retrieved from /home/airflow/.local/lib/python3.12/site-packages/airflow/example_dags/example_latest_only_with_trigger.py
[2025-04-02T10:03:32.119+0000] {logging_mixin.py:190} INFO - [2025-04-02T10:03:32.119+0000] {dag.py:3239} INFO - Sync 1 DAGs
[2025-04-02T10:03:32.150+0000] {logging_mixin.py:190} INFO - [2025-04-02T10:03:32.150+0000] {dag.py:4180} INFO - Setting next_dagrun for latest_only_with_trigger to 2025-04-02 04:00:00+00:00, run_after=2025-04-02 08:00:00+00:00
[2025-04-02T10:03:32.179+0000] {processor.py:208} INFO - Processing /home/airflow/.local/lib/python3.12/site-packages/airflow/example_dags/example_latest_only_with_trigger.py took 0.107 seconds
[2025-04-02T10:04:02.513+0000] {processor.py:186} INFO - Started process (PID=1483) to work on /home/airflow/.local/lib/python3.12/site-packages/airflow/example_dags/example_latest_only_with_trigger.py
[2025-04-02T10:04:02.515+0000] {processor.py:914} INFO - Processing file /home/airflow/.local/lib/python3.12/site-packages/airflow/example_dags/example_latest_only_with_trigger.py for tasks to queue
[2025-04-02T10:04:02.517+0000] {logging_mixin.py:190} INFO - [2025-04-02T10:04:02.517+0000] {dagbag.py:588} INFO - Filling up the DagBag from /home/airflow/.local/lib/python3.12/site-packages/airflow/example_dags/example_latest_only_with_trigger.py
[2025-04-02T10:04:02.530+0000] {processor.py:925} INFO - DAG(s) 'latest_only_with_trigger' retrieved from /home/airflow/.local/lib/python3.12/site-packages/airflow/example_dags/example_latest_only_with_trigger.py
[2025-04-02T10:04:02.557+0000] {logging_mixin.py:190} INFO - [2025-04-02T10:04:02.557+0000] {dag.py:3239} INFO - Sync 1 DAGs
[2025-04-02T10:04:02.591+0000] {logging_mixin.py:190} INFO - [2025-04-02T10:04:02.591+0000] {dag.py:4180} INFO - Setting next_dagrun for latest_only_with_trigger to 2025-04-02 04:00:00+00:00, run_after=2025-04-02 08:00:00+00:00
[2025-04-02T10:04:02.620+0000] {processor.py:208} INFO - Processing /home/airflow/.local/lib/python3.12/site-packages/airflow/example_dags/example_latest_only_with_trigger.py took 0.114 seconds
[2025-04-02T10:04:33.330+0000] {processor.py:186} INFO - Started process (PID=1547) to work on /home/airflow/.local/lib/python3.12/site-packages/airflow/example_dags/example_latest_only_with_trigger.py
[2025-04-02T10:04:33.332+0000] {processor.py:914} INFO - Processing file /home/airflow/.local/lib/python3.12/site-packages/airflow/example_dags/example_latest_only_with_trigger.py for tasks to queue
[2025-04-02T10:04:33.335+0000] {logging_mixin.py:190} INFO - [2025-04-02T10:04:33.334+0000] {dagbag.py:588} INFO - Filling up the DagBag from /home/airflow/.local/lib/python3.12/site-packages/airflow/example_dags/example_latest_only_with_trigger.py
[2025-04-02T10:04:33.346+0000] {processor.py:925} INFO - DAG(s) 'latest_only_with_trigger' retrieved from /home/airflow/.local/lib/python3.12/site-packages/airflow/example_dags/example_latest_only_with_trigger.py
[2025-04-02T10:04:33.377+0000] {logging_mixin.py:190} INFO - [2025-04-02T10:04:33.377+0000] {dag.py:3239} INFO - Sync 1 DAGs
[2025-04-02T10:04:33.411+0000] {logging_mixin.py:190} INFO - [2025-04-02T10:04:33.411+0000] {dag.py:4180} INFO - Setting next_dagrun for latest_only_with_trigger to 2025-04-02 04:00:00+00:00, run_after=2025-04-02 08:00:00+00:00
[2025-04-02T10:04:33.441+0000] {processor.py:208} INFO - Processing /home/airflow/.local/lib/python3.12/site-packages/airflow/example_dags/example_latest_only_with_trigger.py took 0.120 seconds
[2025-04-02T10:05:04.148+0000] {processor.py:186} INFO - Started process (PID=1610) to work on /home/airflow/.local/lib/python3.12/site-packages/airflow/example_dags/example_latest_only_with_trigger.py
[2025-04-02T10:05:04.150+0000] {processor.py:914} INFO - Processing file /home/airflow/.local/lib/python3.12/site-packages/airflow/example_dags/example_latest_only_with_trigger.py for tasks to queue
[2025-04-02T10:05:04.152+0000] {logging_mixin.py:190} INFO - [2025-04-02T10:05:04.152+0000] {dagbag.py:588} INFO - Filling up the DagBag from /home/airflow/.local/lib/python3.12/site-packages/airflow/example_dags/example_latest_only_with_trigger.py
[2025-04-02T10:05:04.164+0000] {processor.py:925} INFO - DAG(s) 'latest_only_with_trigger' retrieved from /home/airflow/.local/lib/python3.12/site-packages/airflow/example_dags/example_latest_only_with_trigger.py
[2025-04-02T10:05:04.190+0000] {logging_mixin.py:190} INFO - [2025-04-02T10:05:04.189+0000] {dag.py:3239} INFO - Sync 1 DAGs
[2025-04-02T10:05:04.223+0000] {logging_mixin.py:190} INFO - [2025-04-02T10:05:04.223+0000] {dag.py:4180} INFO - Setting next_dagrun for latest_only_with_trigger to 2025-04-02 04:00:00+00:00, run_after=2025-04-02 08:00:00+00:00
[2025-04-02T10:05:04.256+0000] {processor.py:208} INFO - Processing /home/airflow/.local/lib/python3.12/site-packages/airflow/example_dags/example_latest_only_with_trigger.py took 0.116 seconds
[2025-04-02T10:05:34.352+0000] {processor.py:186} INFO - Started process (PID=1673) to work on /home/airflow/.local/lib/python3.12/site-packages/airflow/example_dags/example_latest_only_with_trigger.py
[2025-04-02T10:05:34.353+0000] {processor.py:914} INFO - Processing file /home/airflow/.local/lib/python3.12/site-packages/airflow/example_dags/example_latest_only_with_trigger.py for tasks to queue
[2025-04-02T10:05:34.355+0000] {logging_mixin.py:190} INFO - [2025-04-02T10:05:34.355+0000] {dagbag.py:588} INFO - Filling up the DagBag from /home/airflow/.local/lib/python3.12/site-packages/airflow/example_dags/example_latest_only_with_trigger.py
[2025-04-02T10:05:34.370+0000] {processor.py:925} INFO - DAG(s) 'latest_only_with_trigger' retrieved from /home/airflow/.local/lib/python3.12/site-packages/airflow/example_dags/example_latest_only_with_trigger.py
[2025-04-02T10:05:34.402+0000] {logging_mixin.py:190} INFO - [2025-04-02T10:05:34.402+0000] {dag.py:3239} INFO - Sync 1 DAGs
[2025-04-02T10:05:34.436+0000] {logging_mixin.py:190} INFO - [2025-04-02T10:05:34.436+0000] {dag.py:4180} INFO - Setting next_dagrun for latest_only_with_trigger to 2025-04-02 04:00:00+00:00, run_after=2025-04-02 08:00:00+00:00
[2025-04-02T10:05:34.463+0000] {processor.py:208} INFO - Processing /home/airflow/.local/lib/python3.12/site-packages/airflow/example_dags/example_latest_only_with_trigger.py took 0.120 seconds
[2025-04-02T10:06:05.227+0000] {processor.py:186} INFO - Started process (PID=1736) to work on /home/airflow/.local/lib/python3.12/site-packages/airflow/example_dags/example_latest_only_with_trigger.py
[2025-04-02T10:06:05.229+0000] {processor.py:914} INFO - Processing file /home/airflow/.local/lib/python3.12/site-packages/airflow/example_dags/example_latest_only_with_trigger.py for tasks to queue
[2025-04-02T10:06:05.231+0000] {logging_mixin.py:190} INFO - [2025-04-02T10:06:05.231+0000] {dagbag.py:588} INFO - Filling up the DagBag from /home/airflow/.local/lib/python3.12/site-packages/airflow/example_dags/example_latest_only_with_trigger.py
[2025-04-02T10:06:05.245+0000] {processor.py:925} INFO - DAG(s) 'latest_only_with_trigger' retrieved from /home/airflow/.local/lib/python3.12/site-packages/airflow/example_dags/example_latest_only_with_trigger.py
[2025-04-02T10:06:05.279+0000] {logging_mixin.py:190} INFO - [2025-04-02T10:06:05.278+0000] {dag.py:3239} INFO - Sync 1 DAGs
[2025-04-02T10:06:05.318+0000] {logging_mixin.py:190} INFO - [2025-04-02T10:06:05.318+0000] {dag.py:4180} INFO - Setting next_dagrun for latest_only_with_trigger to 2025-04-02 04:00:00+00:00, run_after=2025-04-02 08:00:00+00:00
[2025-04-02T10:06:05.348+0000] {processor.py:208} INFO - Processing /home/airflow/.local/lib/python3.12/site-packages/airflow/example_dags/example_latest_only_with_trigger.py took 0.130 seconds
[2025-04-02T10:06:35.879+0000] {processor.py:186} INFO - Started process (PID=1799) to work on /home/airflow/.local/lib/python3.12/site-packages/airflow/example_dags/example_latest_only_with_trigger.py
[2025-04-02T10:06:35.881+0000] {processor.py:914} INFO - Processing file /home/airflow/.local/lib/python3.12/site-packages/airflow/example_dags/example_latest_only_with_trigger.py for tasks to queue
[2025-04-02T10:06:35.883+0000] {logging_mixin.py:190} INFO - [2025-04-02T10:06:35.883+0000] {dagbag.py:588} INFO - Filling up the DagBag from /home/airflow/.local/lib/python3.12/site-packages/airflow/example_dags/example_latest_only_with_trigger.py
[2025-04-02T10:06:35.899+0000] {processor.py:925} INFO - DAG(s) 'latest_only_with_trigger' retrieved from /home/airflow/.local/lib/python3.12/site-packages/airflow/example_dags/example_latest_only_with_trigger.py
[2025-04-02T10:06:35.931+0000] {logging_mixin.py:190} INFO - [2025-04-02T10:06:35.931+0000] {dag.py:3239} INFO - Sync 1 DAGs
[2025-04-02T10:06:35.977+0000] {logging_mixin.py:190} INFO - [2025-04-02T10:06:35.976+0000] {dag.py:4180} INFO - Setting next_dagrun for latest_only_with_trigger to 2025-04-02 04:00:00+00:00, run_after=2025-04-02 08:00:00+00:00
[2025-04-02T10:06:36.012+0000] {processor.py:208} INFO - Processing /home/airflow/.local/lib/python3.12/site-packages/airflow/example_dags/example_latest_only_with_trigger.py took 0.146 seconds
[2025-04-02T10:07:06.607+0000] {processor.py:186} INFO - Started process (PID=1862) to work on /home/airflow/.local/lib/python3.12/site-packages/airflow/example_dags/example_latest_only_with_trigger.py
[2025-04-02T10:07:06.609+0000] {processor.py:914} INFO - Processing file /home/airflow/.local/lib/python3.12/site-packages/airflow/example_dags/example_latest_only_with_trigger.py for tasks to queue
[2025-04-02T10:07:06.612+0000] {logging_mixin.py:190} INFO - [2025-04-02T10:07:06.611+0000] {dagbag.py:588} INFO - Filling up the DagBag from /home/airflow/.local/lib/python3.12/site-packages/airflow/example_dags/example_latest_only_with_trigger.py
[2025-04-02T10:07:06.625+0000] {processor.py:925} INFO - DAG(s) 'latest_only_with_trigger' retrieved from /home/airflow/.local/lib/python3.12/site-packages/airflow/example_dags/example_latest_only_with_trigger.py
[2025-04-02T10:07:06.649+0000] {logging_mixin.py:190} INFO - [2025-04-02T10:07:06.648+0000] {dag.py:3239} INFO - Sync 1 DAGs
[2025-04-02T10:07:06.676+0000] {logging_mixin.py:190} INFO - [2025-04-02T10:07:06.675+0000] {dag.py:4180} INFO - Setting next_dagrun for latest_only_with_trigger to 2025-04-02 04:00:00+00:00, run_after=2025-04-02 08:00:00+00:00
[2025-04-02T10:07:06.700+0000] {processor.py:208} INFO - Processing /home/airflow/.local/lib/python3.12/site-packages/airflow/example_dags/example_latest_only_with_trigger.py took 0.103 seconds
[2025-04-02T10:07:36.945+0000] {processor.py:186} INFO - Started process (PID=1925) to work on /home/airflow/.local/lib/python3.12/site-packages/airflow/example_dags/example_latest_only_with_trigger.py
[2025-04-02T10:07:36.947+0000] {processor.py:914} INFO - Processing file /home/airflow/.local/lib/python3.12/site-packages/airflow/example_dags/example_latest_only_with_trigger.py for tasks to queue
[2025-04-02T10:07:36.950+0000] {logging_mixin.py:190} INFO - [2025-04-02T10:07:36.949+0000] {dagbag.py:588} INFO - Filling up the DagBag from /home/airflow/.local/lib/python3.12/site-packages/airflow/example_dags/example_latest_only_with_trigger.py
[2025-04-02T10:07:36.965+0000] {processor.py:925} INFO - DAG(s) 'latest_only_with_trigger' retrieved from /home/airflow/.local/lib/python3.12/site-packages/airflow/example_dags/example_latest_only_with_trigger.py
[2025-04-02T10:07:37.001+0000] {logging_mixin.py:190} INFO - [2025-04-02T10:07:37.000+0000] {dag.py:3239} INFO - Sync 1 DAGs
[2025-04-02T10:07:37.043+0000] {logging_mixin.py:190} INFO - [2025-04-02T10:07:37.043+0000] {dag.py:4180} INFO - Setting next_dagrun for latest_only_with_trigger to 2025-04-02 04:00:00+00:00, run_after=2025-04-02 08:00:00+00:00
[2025-04-02T10:07:37.075+0000] {processor.py:208} INFO - Processing /home/airflow/.local/lib/python3.12/site-packages/airflow/example_dags/example_latest_only_with_trigger.py took 0.142 seconds
[2025-04-02T10:08:07.191+0000] {processor.py:186} INFO - Started process (PID=1988) to work on /home/airflow/.local/lib/python3.12/site-packages/airflow/example_dags/example_latest_only_with_trigger.py
[2025-04-02T10:08:07.193+0000] {processor.py:914} INFO - Processing file /home/airflow/.local/lib/python3.12/site-packages/airflow/example_dags/example_latest_only_with_trigger.py for tasks to queue
[2025-04-02T10:08:07.196+0000] {logging_mixin.py:190} INFO - [2025-04-02T10:08:07.195+0000] {dagbag.py:588} INFO - Filling up the DagBag from /home/airflow/.local/lib/python3.12/site-packages/airflow/example_dags/example_latest_only_with_trigger.py
[2025-04-02T10:08:07.206+0000] {processor.py:925} INFO - DAG(s) 'latest_only_with_trigger' retrieved from /home/airflow/.local/lib/python3.12/site-packages/airflow/example_dags/example_latest_only_with_trigger.py
[2025-04-02T10:08:07.232+0000] {logging_mixin.py:190} INFO - [2025-04-02T10:08:07.232+0000] {dag.py:3239} INFO - Sync 1 DAGs
[2025-04-02T10:08:07.263+0000] {logging_mixin.py:190} INFO - [2025-04-02T10:08:07.262+0000] {dag.py:4180} INFO - Setting next_dagrun for latest_only_with_trigger to 2025-04-02 04:00:00+00:00, run_after=2025-04-02 08:00:00+00:00
[2025-04-02T10:08:07.289+0000] {processor.py:208} INFO - Processing /home/airflow/.local/lib/python3.12/site-packages/airflow/example_dags/example_latest_only_with_trigger.py took 0.109 seconds
[2025-04-02T10:08:37.531+0000] {processor.py:186} INFO - Started process (PID=2051) to work on /home/airflow/.local/lib/python3.12/site-packages/airflow/example_dags/example_latest_only_with_trigger.py
[2025-04-02T10:08:37.533+0000] {processor.py:914} INFO - Processing file /home/airflow/.local/lib/python3.12/site-packages/airflow/example_dags/example_latest_only_with_trigger.py for tasks to queue
[2025-04-02T10:08:37.535+0000] {logging_mixin.py:190} INFO - [2025-04-02T10:08:37.535+0000] {dagbag.py:588} INFO - Filling up the DagBag from /home/airflow/.local/lib/python3.12/site-packages/airflow/example_dags/example_latest_only_with_trigger.py
[2025-04-02T10:08:37.549+0000] {processor.py:925} INFO - DAG(s) 'latest_only_with_trigger' retrieved from /home/airflow/.local/lib/python3.12/site-packages/airflow/example_dags/example_latest_only_with_trigger.py
[2025-04-02T10:08:37.584+0000] {logging_mixin.py:190} INFO - [2025-04-02T10:08:37.584+0000] {dag.py:3239} INFO - Sync 1 DAGs
[2025-04-02T10:08:37.628+0000] {logging_mixin.py:190} INFO - [2025-04-02T10:08:37.628+0000] {dag.py:4180} INFO - Setting next_dagrun for latest_only_with_trigger to 2025-04-02 04:00:00+00:00, run_after=2025-04-02 08:00:00+00:00
[2025-04-02T10:08:37.656+0000] {processor.py:208} INFO - Processing /home/airflow/.local/lib/python3.12/site-packages/airflow/example_dags/example_latest_only_with_trigger.py took 0.133 seconds
[2025-04-02T10:09:07.855+0000] {processor.py:186} INFO - Started process (PID=2114) to work on /home/airflow/.local/lib/python3.12/site-packages/airflow/example_dags/example_latest_only_with_trigger.py
[2025-04-02T10:09:07.857+0000] {processor.py:914} INFO - Processing file /home/airflow/.local/lib/python3.12/site-packages/airflow/example_dags/example_latest_only_with_trigger.py for tasks to queue
[2025-04-02T10:09:07.859+0000] {logging_mixin.py:190} INFO - [2025-04-02T10:09:07.858+0000] {dagbag.py:588} INFO - Filling up the DagBag from /home/airflow/.local/lib/python3.12/site-packages/airflow/example_dags/example_latest_only_with_trigger.py
[2025-04-02T10:09:07.871+0000] {processor.py:925} INFO - DAG(s) 'latest_only_with_trigger' retrieved from /home/airflow/.local/lib/python3.12/site-packages/airflow/example_dags/example_latest_only_with_trigger.py
[2025-04-02T10:09:07.903+0000] {logging_mixin.py:190} INFO - [2025-04-02T10:09:07.903+0000] {dag.py:3239} INFO - Sync 1 DAGs
[2025-04-02T10:09:07.939+0000] {logging_mixin.py:190} INFO - [2025-04-02T10:09:07.938+0000] {dag.py:4180} INFO - Setting next_dagrun for latest_only_with_trigger to 2025-04-02 04:00:00+00:00, run_after=2025-04-02 08:00:00+00:00
[2025-04-02T10:09:07.966+0000] {processor.py:208} INFO - Processing /home/airflow/.local/lib/python3.12/site-packages/airflow/example_dags/example_latest_only_with_trigger.py took 0.121 seconds
[2025-04-02T10:09:38.825+0000] {processor.py:186} INFO - Started process (PID=2184) to work on /home/airflow/.local/lib/python3.12/site-packages/airflow/example_dags/example_latest_only_with_trigger.py
[2025-04-02T10:09:38.827+0000] {processor.py:914} INFO - Processing file /home/airflow/.local/lib/python3.12/site-packages/airflow/example_dags/example_latest_only_with_trigger.py for tasks to queue
[2025-04-02T10:09:38.828+0000] {logging_mixin.py:190} INFO - [2025-04-02T10:09:38.828+0000] {dagbag.py:588} INFO - Filling up the DagBag from /home/airflow/.local/lib/python3.12/site-packages/airflow/example_dags/example_latest_only_with_trigger.py
[2025-04-02T10:09:38.839+0000] {processor.py:925} INFO - DAG(s) 'latest_only_with_trigger' retrieved from /home/airflow/.local/lib/python3.12/site-packages/airflow/example_dags/example_latest_only_with_trigger.py
[2025-04-02T10:09:38.866+0000] {logging_mixin.py:190} INFO - [2025-04-02T10:09:38.866+0000] {dag.py:3239} INFO - Sync 1 DAGs
[2025-04-02T10:09:38.900+0000] {logging_mixin.py:190} INFO - [2025-04-02T10:09:38.900+0000] {dag.py:4180} INFO - Setting next_dagrun for latest_only_with_trigger to 2025-04-02 04:00:00+00:00, run_after=2025-04-02 08:00:00+00:00
[2025-04-02T10:09:38.929+0000] {processor.py:208} INFO - Processing /home/airflow/.local/lib/python3.12/site-packages/airflow/example_dags/example_latest_only_with_trigger.py took 0.114 seconds
[2025-04-02T10:10:09.174+0000] {processor.py:186} INFO - Started process (PID=2247) to work on /home/airflow/.local/lib/python3.12/site-packages/airflow/example_dags/example_latest_only_with_trigger.py
[2025-04-02T10:10:09.176+0000] {processor.py:914} INFO - Processing file /home/airflow/.local/lib/python3.12/site-packages/airflow/example_dags/example_latest_only_with_trigger.py for tasks to queue
[2025-04-02T10:10:09.178+0000] {logging_mixin.py:190} INFO - [2025-04-02T10:10:09.178+0000] {dagbag.py:588} INFO - Filling up the DagBag from /home/airflow/.local/lib/python3.12/site-packages/airflow/example_dags/example_latest_only_with_trigger.py
[2025-04-02T10:10:09.191+0000] {processor.py:925} INFO - DAG(s) 'latest_only_with_trigger' retrieved from /home/airflow/.local/lib/python3.12/site-packages/airflow/example_dags/example_latest_only_with_trigger.py
[2025-04-02T10:10:09.220+0000] {logging_mixin.py:190} INFO - [2025-04-02T10:10:09.220+0000] {dag.py:3239} INFO - Sync 1 DAGs
[2025-04-02T10:10:09.261+0000] {logging_mixin.py:190} INFO - [2025-04-02T10:10:09.261+0000] {dag.py:4180} INFO - Setting next_dagrun for latest_only_with_trigger to 2025-04-02 04:00:00+00:00, run_after=2025-04-02 08:00:00+00:00
[2025-04-02T10:10:09.293+0000] {processor.py:208} INFO - Processing /home/airflow/.local/lib/python3.12/site-packages/airflow/example_dags/example_latest_only_with_trigger.py took 0.129 seconds
[2025-04-02T10:10:39.590+0000] {processor.py:186} INFO - Started process (PID=2310) to work on /home/airflow/.local/lib/python3.12/site-packages/airflow/example_dags/example_latest_only_with_trigger.py
[2025-04-02T10:10:39.592+0000] {processor.py:914} INFO - Processing file /home/airflow/.local/lib/python3.12/site-packages/airflow/example_dags/example_latest_only_with_trigger.py for tasks to queue
[2025-04-02T10:10:39.594+0000] {logging_mixin.py:190} INFO - [2025-04-02T10:10:39.593+0000] {dagbag.py:588} INFO - Filling up the DagBag from /home/airflow/.local/lib/python3.12/site-packages/airflow/example_dags/example_latest_only_with_trigger.py
[2025-04-02T10:10:39.606+0000] {processor.py:925} INFO - DAG(s) 'latest_only_with_trigger' retrieved from /home/airflow/.local/lib/python3.12/site-packages/airflow/example_dags/example_latest_only_with_trigger.py
[2025-04-02T10:10:39.636+0000] {logging_mixin.py:190} INFO - [2025-04-02T10:10:39.635+0000] {dag.py:3239} INFO - Sync 1 DAGs
[2025-04-02T10:10:39.671+0000] {logging_mixin.py:190} INFO - [2025-04-02T10:10:39.670+0000] {dag.py:4180} INFO - Setting next_dagrun for latest_only_with_trigger to 2025-04-02 04:00:00+00:00, run_after=2025-04-02 08:00:00+00:00
[2025-04-02T10:10:39.702+0000] {processor.py:208} INFO - Processing /home/airflow/.local/lib/python3.12/site-packages/airflow/example_dags/example_latest_only_with_trigger.py took 0.122 seconds
[2025-04-02T10:11:09.809+0000] {processor.py:186} INFO - Started process (PID=2373) to work on /home/airflow/.local/lib/python3.12/site-packages/airflow/example_dags/example_latest_only_with_trigger.py
[2025-04-02T10:11:09.811+0000] {processor.py:914} INFO - Processing file /home/airflow/.local/lib/python3.12/site-packages/airflow/example_dags/example_latest_only_with_trigger.py for tasks to queue
[2025-04-02T10:11:09.813+0000] {logging_mixin.py:190} INFO - [2025-04-02T10:11:09.813+0000] {dagbag.py:588} INFO - Filling up the DagBag from /home/airflow/.local/lib/python3.12/site-packages/airflow/example_dags/example_latest_only_with_trigger.py
[2025-04-02T10:11:09.827+0000] {processor.py:925} INFO - DAG(s) 'latest_only_with_trigger' retrieved from /home/airflow/.local/lib/python3.12/site-packages/airflow/example_dags/example_latest_only_with_trigger.py
[2025-04-02T10:11:09.856+0000] {logging_mixin.py:190} INFO - [2025-04-02T10:11:09.856+0000] {dag.py:3239} INFO - Sync 1 DAGs
[2025-04-02T10:11:09.890+0000] {logging_mixin.py:190} INFO - [2025-04-02T10:11:09.889+0000] {dag.py:4180} INFO - Setting next_dagrun for latest_only_with_trigger to 2025-04-02 04:00:00+00:00, run_after=2025-04-02 08:00:00+00:00
[2025-04-02T10:11:09.915+0000] {processor.py:208} INFO - Processing /home/airflow/.local/lib/python3.12/site-packages/airflow/example_dags/example_latest_only_with_trigger.py took 0.117 seconds
[2025-04-02T10:11:40.574+0000] {processor.py:186} INFO - Started process (PID=2437) to work on /home/airflow/.local/lib/python3.12/site-packages/airflow/example_dags/example_latest_only_with_trigger.py
[2025-04-02T10:11:40.577+0000] {processor.py:914} INFO - Processing file /home/airflow/.local/lib/python3.12/site-packages/airflow/example_dags/example_latest_only_with_trigger.py for tasks to queue
[2025-04-02T10:11:40.579+0000] {logging_mixin.py:190} INFO - [2025-04-02T10:11:40.578+0000] {dagbag.py:588} INFO - Filling up the DagBag from /home/airflow/.local/lib/python3.12/site-packages/airflow/example_dags/example_latest_only_with_trigger.py
[2025-04-02T10:11:40.592+0000] {processor.py:925} INFO - DAG(s) 'latest_only_with_trigger' retrieved from /home/airflow/.local/lib/python3.12/site-packages/airflow/example_dags/example_latest_only_with_trigger.py
[2025-04-02T10:11:40.623+0000] {logging_mixin.py:190} INFO - [2025-04-02T10:11:40.622+0000] {dag.py:3239} INFO - Sync 1 DAGs
[2025-04-02T10:11:40.658+0000] {logging_mixin.py:190} INFO - [2025-04-02T10:11:40.657+0000] {dag.py:4180} INFO - Setting next_dagrun for latest_only_with_trigger to 2025-04-02 04:00:00+00:00, run_after=2025-04-02 08:00:00+00:00
[2025-04-02T10:11:40.687+0000] {processor.py:208} INFO - Processing /home/airflow/.local/lib/python3.12/site-packages/airflow/example_dags/example_latest_only_with_trigger.py took 0.120 seconds
[2025-04-02T10:12:10.967+0000] {processor.py:186} INFO - Started process (PID=2501) to work on /home/airflow/.local/lib/python3.12/site-packages/airflow/example_dags/example_latest_only_with_trigger.py
[2025-04-02T10:12:10.968+0000] {processor.py:914} INFO - Processing file /home/airflow/.local/lib/python3.12/site-packages/airflow/example_dags/example_latest_only_with_trigger.py for tasks to queue
[2025-04-02T10:12:10.970+0000] {logging_mixin.py:190} INFO - [2025-04-02T10:12:10.970+0000] {dagbag.py:588} INFO - Filling up the DagBag from /home/airflow/.local/lib/python3.12/site-packages/airflow/example_dags/example_latest_only_with_trigger.py
[2025-04-02T10:12:10.982+0000] {processor.py:925} INFO - DAG(s) 'latest_only_with_trigger' retrieved from /home/airflow/.local/lib/python3.12/site-packages/airflow/example_dags/example_latest_only_with_trigger.py
[2025-04-02T10:12:11.012+0000] {logging_mixin.py:190} INFO - [2025-04-02T10:12:11.011+0000] {dag.py:3239} INFO - Sync 1 DAGs
[2025-04-02T10:12:11.046+0000] {logging_mixin.py:190} INFO - [2025-04-02T10:12:11.046+0000] {dag.py:4180} INFO - Setting next_dagrun for latest_only_with_trigger to 2025-04-02 04:00:00+00:00, run_after=2025-04-02 08:00:00+00:00
[2025-04-02T10:12:11.082+0000] {processor.py:208} INFO - Processing /home/airflow/.local/lib/python3.12/site-packages/airflow/example_dags/example_latest_only_with_trigger.py took 0.125 seconds
[2025-04-02T10:12:41.566+0000] {processor.py:186} INFO - Started process (PID=2564) to work on /home/airflow/.local/lib/python3.12/site-packages/airflow/example_dags/example_latest_only_with_trigger.py
[2025-04-02T10:12:41.569+0000] {processor.py:914} INFO - Processing file /home/airflow/.local/lib/python3.12/site-packages/airflow/example_dags/example_latest_only_with_trigger.py for tasks to queue
[2025-04-02T10:12:41.572+0000] {logging_mixin.py:190} INFO - [2025-04-02T10:12:41.571+0000] {dagbag.py:588} INFO - Filling up the DagBag from /home/airflow/.local/lib/python3.12/site-packages/airflow/example_dags/example_latest_only_with_trigger.py
[2025-04-02T10:12:41.583+0000] {processor.py:925} INFO - DAG(s) 'latest_only_with_trigger' retrieved from /home/airflow/.local/lib/python3.12/site-packages/airflow/example_dags/example_latest_only_with_trigger.py
[2025-04-02T10:12:41.612+0000] {logging_mixin.py:190} INFO - [2025-04-02T10:12:41.611+0000] {dag.py:3239} INFO - Sync 1 DAGs
[2025-04-02T10:12:41.643+0000] {logging_mixin.py:190} INFO - [2025-04-02T10:12:41.643+0000] {dag.py:4180} INFO - Setting next_dagrun for latest_only_with_trigger to 2025-04-02 04:00:00+00:00, run_after=2025-04-02 08:00:00+00:00
[2025-04-02T10:12:41.673+0000] {processor.py:208} INFO - Processing /home/airflow/.local/lib/python3.12/site-packages/airflow/example_dags/example_latest_only_with_trigger.py took 0.118 seconds
[2025-04-02T10:13:12.043+0000] {processor.py:186} INFO - Started process (PID=2627) to work on /home/airflow/.local/lib/python3.12/site-packages/airflow/example_dags/example_latest_only_with_trigger.py
[2025-04-02T10:13:12.045+0000] {processor.py:914} INFO - Processing file /home/airflow/.local/lib/python3.12/site-packages/airflow/example_dags/example_latest_only_with_trigger.py for tasks to queue
[2025-04-02T10:13:12.048+0000] {logging_mixin.py:190} INFO - [2025-04-02T10:13:12.047+0000] {dagbag.py:588} INFO - Filling up the DagBag from /home/airflow/.local/lib/python3.12/site-packages/airflow/example_dags/example_latest_only_with_trigger.py
[2025-04-02T10:13:12.061+0000] {processor.py:925} INFO - DAG(s) 'latest_only_with_trigger' retrieved from /home/airflow/.local/lib/python3.12/site-packages/airflow/example_dags/example_latest_only_with_trigger.py
[2025-04-02T10:13:12.097+0000] {logging_mixin.py:190} INFO - [2025-04-02T10:13:12.096+0000] {dag.py:3239} INFO - Sync 1 DAGs
[2025-04-02T10:13:12.141+0000] {logging_mixin.py:190} INFO - [2025-04-02T10:13:12.140+0000] {dag.py:4180} INFO - Setting next_dagrun for latest_only_with_trigger to 2025-04-02 04:00:00+00:00, run_after=2025-04-02 08:00:00+00:00
[2025-04-02T10:13:12.169+0000] {processor.py:208} INFO - Processing /home/airflow/.local/lib/python3.12/site-packages/airflow/example_dags/example_latest_only_with_trigger.py took 0.138 seconds
[2025-04-02T13:35:37.809+0000] {processor.py:186} INFO - Started process (PID=2709) to work on /home/airflow/.local/lib/python3.12/site-packages/airflow/example_dags/example_latest_only_with_trigger.py
[2025-04-02T13:35:37.811+0000] {processor.py:914} INFO - Processing file /home/airflow/.local/lib/python3.12/site-packages/airflow/example_dags/example_latest_only_with_trigger.py for tasks to queue
[2025-04-02T13:35:37.825+0000] {logging_mixin.py:190} INFO - [2025-04-02T13:35:37.824+0000] {dagbag.py:588} INFO - Filling up the DagBag from /home/airflow/.local/lib/python3.12/site-packages/airflow/example_dags/example_latest_only_with_trigger.py
[2025-04-02T13:35:37.875+0000] {processor.py:925} INFO - DAG(s) 'latest_only_with_trigger' retrieved from /home/airflow/.local/lib/python3.12/site-packages/airflow/example_dags/example_latest_only_with_trigger.py
[2025-04-02T13:35:37.986+0000] {logging_mixin.py:190} INFO - [2025-04-02T13:35:37.986+0000] {dag.py:3239} INFO - Sync 1 DAGs
[2025-04-02T13:35:38.078+0000] {logging_mixin.py:190} INFO - [2025-04-02T13:35:38.077+0000] {dag.py:4180} INFO - Setting next_dagrun for latest_only_with_trigger to 2025-04-02 08:00:00+00:00, run_after=2025-04-02 12:00:00+00:00
[2025-04-02T13:35:38.161+0000] {processor.py:208} INFO - Processing /home/airflow/.local/lib/python3.12/site-packages/airflow/example_dags/example_latest_only_with_trigger.py took 0.371 seconds
[2025-04-02T13:36:08.985+0000] {processor.py:186} INFO - Started process (PID=2772) to work on /home/airflow/.local/lib/python3.12/site-packages/airflow/example_dags/example_latest_only_with_trigger.py
[2025-04-02T13:36:08.987+0000] {processor.py:914} INFO - Processing file /home/airflow/.local/lib/python3.12/site-packages/airflow/example_dags/example_latest_only_with_trigger.py for tasks to queue
[2025-04-02T13:36:08.990+0000] {logging_mixin.py:190} INFO - [2025-04-02T13:36:08.990+0000] {dagbag.py:588} INFO - Filling up the DagBag from /home/airflow/.local/lib/python3.12/site-packages/airflow/example_dags/example_latest_only_with_trigger.py
[2025-04-02T13:36:09.002+0000] {processor.py:925} INFO - DAG(s) 'latest_only_with_trigger' retrieved from /home/airflow/.local/lib/python3.12/site-packages/airflow/example_dags/example_latest_only_with_trigger.py
[2025-04-02T13:36:09.033+0000] {logging_mixin.py:190} INFO - [2025-04-02T13:36:09.032+0000] {dag.py:3239} INFO - Sync 1 DAGs
[2025-04-02T13:36:09.072+0000] {logging_mixin.py:190} INFO - [2025-04-02T13:36:09.072+0000] {dag.py:4180} INFO - Setting next_dagrun for latest_only_with_trigger to 2025-04-02 08:00:00+00:00, run_after=2025-04-02 12:00:00+00:00
[2025-04-02T13:36:09.103+0000] {processor.py:208} INFO - Processing /home/airflow/.local/lib/python3.12/site-packages/airflow/example_dags/example_latest_only_with_trigger.py took 0.127 seconds
[2025-04-02T13:36:39.330+0000] {processor.py:186} INFO - Started process (PID=2834) to work on /home/airflow/.local/lib/python3.12/site-packages/airflow/example_dags/example_latest_only_with_trigger.py
[2025-04-02T13:36:39.331+0000] {processor.py:914} INFO - Processing file /home/airflow/.local/lib/python3.12/site-packages/airflow/example_dags/example_latest_only_with_trigger.py for tasks to queue
[2025-04-02T13:36:39.333+0000] {logging_mixin.py:190} INFO - [2025-04-02T13:36:39.333+0000] {dagbag.py:588} INFO - Filling up the DagBag from /home/airflow/.local/lib/python3.12/site-packages/airflow/example_dags/example_latest_only_with_trigger.py
[2025-04-02T13:36:39.345+0000] {processor.py:925} INFO - DAG(s) 'latest_only_with_trigger' retrieved from /home/airflow/.local/lib/python3.12/site-packages/airflow/example_dags/example_latest_only_with_trigger.py
[2025-04-02T13:36:39.375+0000] {logging_mixin.py:190} INFO - [2025-04-02T13:36:39.375+0000] {dag.py:3239} INFO - Sync 1 DAGs
[2025-04-02T13:36:39.409+0000] {logging_mixin.py:190} INFO - [2025-04-02T13:36:39.409+0000] {dag.py:4180} INFO - Setting next_dagrun for latest_only_with_trigger to 2025-04-02 08:00:00+00:00, run_after=2025-04-02 12:00:00+00:00
[2025-04-02T13:36:39.437+0000] {processor.py:208} INFO - Processing /home/airflow/.local/lib/python3.12/site-packages/airflow/example_dags/example_latest_only_with_trigger.py took 0.115 seconds
[2025-04-02T13:37:09.585+0000] {processor.py:186} INFO - Started process (PID=2897) to work on /home/airflow/.local/lib/python3.12/site-packages/airflow/example_dags/example_latest_only_with_trigger.py
[2025-04-02T13:37:09.588+0000] {processor.py:914} INFO - Processing file /home/airflow/.local/lib/python3.12/site-packages/airflow/example_dags/example_latest_only_with_trigger.py for tasks to queue
[2025-04-02T13:37:09.591+0000] {logging_mixin.py:190} INFO - [2025-04-02T13:37:09.591+0000] {dagbag.py:588} INFO - Filling up the DagBag from /home/airflow/.local/lib/python3.12/site-packages/airflow/example_dags/example_latest_only_with_trigger.py
[2025-04-02T13:37:09.608+0000] {processor.py:925} INFO - DAG(s) 'latest_only_with_trigger' retrieved from /home/airflow/.local/lib/python3.12/site-packages/airflow/example_dags/example_latest_only_with_trigger.py
[2025-04-02T13:37:09.640+0000] {logging_mixin.py:190} INFO - [2025-04-02T13:37:09.640+0000] {dag.py:3239} INFO - Sync 1 DAGs
[2025-04-02T13:37:09.674+0000] {logging_mixin.py:190} INFO - [2025-04-02T13:37:09.674+0000] {dag.py:4180} INFO - Setting next_dagrun for latest_only_with_trigger to 2025-04-02 08:00:00+00:00, run_after=2025-04-02 12:00:00+00:00
[2025-04-02T13:37:09.704+0000] {processor.py:208} INFO - Processing /home/airflow/.local/lib/python3.12/site-packages/airflow/example_dags/example_latest_only_with_trigger.py took 0.137 seconds
[2025-04-02T13:37:39.782+0000] {processor.py:186} INFO - Started process (PID=2960) to work on /home/airflow/.local/lib/python3.12/site-packages/airflow/example_dags/example_latest_only_with_trigger.py
[2025-04-02T13:37:39.784+0000] {processor.py:914} INFO - Processing file /home/airflow/.local/lib/python3.12/site-packages/airflow/example_dags/example_latest_only_with_trigger.py for tasks to queue
[2025-04-02T13:37:39.786+0000] {logging_mixin.py:190} INFO - [2025-04-02T13:37:39.785+0000] {dagbag.py:588} INFO - Filling up the DagBag from /home/airflow/.local/lib/python3.12/site-packages/airflow/example_dags/example_latest_only_with_trigger.py
[2025-04-02T13:37:39.796+0000] {processor.py:925} INFO - DAG(s) 'latest_only_with_trigger' retrieved from /home/airflow/.local/lib/python3.12/site-packages/airflow/example_dags/example_latest_only_with_trigger.py
[2025-04-02T13:37:39.822+0000] {logging_mixin.py:190} INFO - [2025-04-02T13:37:39.821+0000] {dag.py:3239} INFO - Sync 1 DAGs
[2025-04-02T13:37:39.852+0000] {logging_mixin.py:190} INFO - [2025-04-02T13:37:39.851+0000] {dag.py:4180} INFO - Setting next_dagrun for latest_only_with_trigger to 2025-04-02 08:00:00+00:00, run_after=2025-04-02 12:00:00+00:00
[2025-04-02T13:37:39.879+0000] {processor.py:208} INFO - Processing /home/airflow/.local/lib/python3.12/site-packages/airflow/example_dags/example_latest_only_with_trigger.py took 0.106 seconds
[2025-04-02T13:38:10.536+0000] {processor.py:186} INFO - Started process (PID=3028) to work on /home/airflow/.local/lib/python3.12/site-packages/airflow/example_dags/example_latest_only_with_trigger.py
[2025-04-02T13:38:10.538+0000] {processor.py:914} INFO - Processing file /home/airflow/.local/lib/python3.12/site-packages/airflow/example_dags/example_latest_only_with_trigger.py for tasks to queue
[2025-04-02T13:38:10.540+0000] {logging_mixin.py:190} INFO - [2025-04-02T13:38:10.539+0000] {dagbag.py:588} INFO - Filling up the DagBag from /home/airflow/.local/lib/python3.12/site-packages/airflow/example_dags/example_latest_only_with_trigger.py
[2025-04-02T13:38:10.554+0000] {processor.py:925} INFO - DAG(s) 'latest_only_with_trigger' retrieved from /home/airflow/.local/lib/python3.12/site-packages/airflow/example_dags/example_latest_only_with_trigger.py
[2025-04-02T13:38:10.581+0000] {logging_mixin.py:190} INFO - [2025-04-02T13:38:10.581+0000] {dag.py:3239} INFO - Sync 1 DAGs
[2025-04-02T13:38:10.612+0000] {logging_mixin.py:190} INFO - [2025-04-02T13:38:10.612+0000] {dag.py:4180} INFO - Setting next_dagrun for latest_only_with_trigger to 2025-04-02 08:00:00+00:00, run_after=2025-04-02 12:00:00+00:00
[2025-04-02T13:38:10.641+0000] {processor.py:208} INFO - Processing /home/airflow/.local/lib/python3.12/site-packages/airflow/example_dags/example_latest_only_with_trigger.py took 0.111 seconds
[2025-04-02T13:38:40.889+0000] {processor.py:186} INFO - Started process (PID=3091) to work on /home/airflow/.local/lib/python3.12/site-packages/airflow/example_dags/example_latest_only_with_trigger.py
[2025-04-02T13:38:40.891+0000] {processor.py:914} INFO - Processing file /home/airflow/.local/lib/python3.12/site-packages/airflow/example_dags/example_latest_only_with_trigger.py for tasks to queue
[2025-04-02T13:38:40.893+0000] {logging_mixin.py:190} INFO - [2025-04-02T13:38:40.893+0000] {dagbag.py:588} INFO - Filling up the DagBag from /home/airflow/.local/lib/python3.12/site-packages/airflow/example_dags/example_latest_only_with_trigger.py
[2025-04-02T13:38:40.905+0000] {processor.py:925} INFO - DAG(s) 'latest_only_with_trigger' retrieved from /home/airflow/.local/lib/python3.12/site-packages/airflow/example_dags/example_latest_only_with_trigger.py
[2025-04-02T13:38:40.936+0000] {logging_mixin.py:190} INFO - [2025-04-02T13:38:40.935+0000] {dag.py:3239} INFO - Sync 1 DAGs
[2025-04-02T13:38:40.971+0000] {logging_mixin.py:190} INFO - [2025-04-02T13:38:40.971+0000] {dag.py:4180} INFO - Setting next_dagrun for latest_only_with_trigger to 2025-04-02 08:00:00+00:00, run_after=2025-04-02 12:00:00+00:00
[2025-04-02T13:38:41.024+0000] {processor.py:208} INFO - Processing /home/airflow/.local/lib/python3.12/site-packages/airflow/example_dags/example_latest_only_with_trigger.py took 0.145 seconds
[2025-04-02T13:39:11.875+0000] {processor.py:186} INFO - Started process (PID=3154) to work on /home/airflow/.local/lib/python3.12/site-packages/airflow/example_dags/example_latest_only_with_trigger.py
[2025-04-02T13:39:11.877+0000] {processor.py:914} INFO - Processing file /home/airflow/.local/lib/python3.12/site-packages/airflow/example_dags/example_latest_only_with_trigger.py for tasks to queue
[2025-04-02T13:39:11.878+0000] {logging_mixin.py:190} INFO - [2025-04-02T13:39:11.878+0000] {dagbag.py:588} INFO - Filling up the DagBag from /home/airflow/.local/lib/python3.12/site-packages/airflow/example_dags/example_latest_only_with_trigger.py
[2025-04-02T13:39:11.892+0000] {processor.py:925} INFO - DAG(s) 'latest_only_with_trigger' retrieved from /home/airflow/.local/lib/python3.12/site-packages/airflow/example_dags/example_latest_only_with_trigger.py
[2025-04-02T13:39:11.923+0000] {logging_mixin.py:190} INFO - [2025-04-02T13:39:11.923+0000] {dag.py:3239} INFO - Sync 1 DAGs
[2025-04-02T13:39:11.958+0000] {logging_mixin.py:190} INFO - [2025-04-02T13:39:11.958+0000] {dag.py:4180} INFO - Setting next_dagrun for latest_only_with_trigger to 2025-04-02 08:00:00+00:00, run_after=2025-04-02 12:00:00+00:00
[2025-04-02T13:39:11.997+0000] {processor.py:208} INFO - Processing /home/airflow/.local/lib/python3.12/site-packages/airflow/example_dags/example_latest_only_with_trigger.py took 0.128 seconds
[2025-04-02T13:39:42.053+0000] {processor.py:186} INFO - Started process (PID=3216) to work on /home/airflow/.local/lib/python3.12/site-packages/airflow/example_dags/example_latest_only_with_trigger.py
[2025-04-02T13:39:42.055+0000] {processor.py:914} INFO - Processing file /home/airflow/.local/lib/python3.12/site-packages/airflow/example_dags/example_latest_only_with_trigger.py for tasks to queue
[2025-04-02T13:39:42.057+0000] {logging_mixin.py:190} INFO - [2025-04-02T13:39:42.057+0000] {dagbag.py:588} INFO - Filling up the DagBag from /home/airflow/.local/lib/python3.12/site-packages/airflow/example_dags/example_latest_only_with_trigger.py
[2025-04-02T13:39:42.068+0000] {processor.py:925} INFO - DAG(s) 'latest_only_with_trigger' retrieved from /home/airflow/.local/lib/python3.12/site-packages/airflow/example_dags/example_latest_only_with_trigger.py
[2025-04-02T13:39:42.095+0000] {logging_mixin.py:190} INFO - [2025-04-02T13:39:42.095+0000] {dag.py:3239} INFO - Sync 1 DAGs
[2025-04-02T13:39:42.126+0000] {logging_mixin.py:190} INFO - [2025-04-02T13:39:42.126+0000] {dag.py:4180} INFO - Setting next_dagrun for latest_only_with_trigger to 2025-04-02 08:00:00+00:00, run_after=2025-04-02 12:00:00+00:00
[2025-04-02T13:39:42.153+0000] {processor.py:208} INFO - Processing /home/airflow/.local/lib/python3.12/site-packages/airflow/example_dags/example_latest_only_with_trigger.py took 0.107 seconds
[2025-04-02T13:40:12.342+0000] {processor.py:186} INFO - Started process (PID=3279) to work on /home/airflow/.local/lib/python3.12/site-packages/airflow/example_dags/example_latest_only_with_trigger.py
[2025-04-02T13:40:12.344+0000] {processor.py:914} INFO - Processing file /home/airflow/.local/lib/python3.12/site-packages/airflow/example_dags/example_latest_only_with_trigger.py for tasks to queue
[2025-04-02T13:40:12.346+0000] {logging_mixin.py:190} INFO - [2025-04-02T13:40:12.345+0000] {dagbag.py:588} INFO - Filling up the DagBag from /home/airflow/.local/lib/python3.12/site-packages/airflow/example_dags/example_latest_only_with_trigger.py
[2025-04-02T13:40:12.356+0000] {processor.py:925} INFO - DAG(s) 'latest_only_with_trigger' retrieved from /home/airflow/.local/lib/python3.12/site-packages/airflow/example_dags/example_latest_only_with_trigger.py
[2025-04-02T13:40:12.383+0000] {logging_mixin.py:190} INFO - [2025-04-02T13:40:12.383+0000] {dag.py:3239} INFO - Sync 1 DAGs
[2025-04-02T13:40:12.416+0000] {logging_mixin.py:190} INFO - [2025-04-02T13:40:12.416+0000] {dag.py:4180} INFO - Setting next_dagrun for latest_only_with_trigger to 2025-04-02 08:00:00+00:00, run_after=2025-04-02 12:00:00+00:00
[2025-04-02T13:40:12.445+0000] {processor.py:208} INFO - Processing /home/airflow/.local/lib/python3.12/site-packages/airflow/example_dags/example_latest_only_with_trigger.py took 0.112 seconds
[2025-04-02T13:40:43.011+0000] {processor.py:186} INFO - Started process (PID=3344) to work on /home/airflow/.local/lib/python3.12/site-packages/airflow/example_dags/example_latest_only_with_trigger.py
[2025-04-02T13:40:43.012+0000] {processor.py:914} INFO - Processing file /home/airflow/.local/lib/python3.12/site-packages/airflow/example_dags/example_latest_only_with_trigger.py for tasks to queue
[2025-04-02T13:40:43.014+0000] {logging_mixin.py:190} INFO - [2025-04-02T13:40:43.014+0000] {dagbag.py:588} INFO - Filling up the DagBag from /home/airflow/.local/lib/python3.12/site-packages/airflow/example_dags/example_latest_only_with_trigger.py
[2025-04-02T13:40:43.025+0000] {processor.py:925} INFO - DAG(s) 'latest_only_with_trigger' retrieved from /home/airflow/.local/lib/python3.12/site-packages/airflow/example_dags/example_latest_only_with_trigger.py
[2025-04-02T13:40:43.053+0000] {logging_mixin.py:190} INFO - [2025-04-02T13:40:43.053+0000] {dag.py:3239} INFO - Sync 1 DAGs
[2025-04-02T13:40:43.085+0000] {logging_mixin.py:190} INFO - [2025-04-02T13:40:43.085+0000] {dag.py:4180} INFO - Setting next_dagrun for latest_only_with_trigger to 2025-04-02 08:00:00+00:00, run_after=2025-04-02 12:00:00+00:00
[2025-04-02T13:40:43.128+0000] {processor.py:208} INFO - Processing /home/airflow/.local/lib/python3.12/site-packages/airflow/example_dags/example_latest_only_with_trigger.py took 0.124 seconds
[2025-04-02T13:41:13.764+0000] {processor.py:186} INFO - Started process (PID=3407) to work on /home/airflow/.local/lib/python3.12/site-packages/airflow/example_dags/example_latest_only_with_trigger.py
[2025-04-02T13:41:13.768+0000] {processor.py:914} INFO - Processing file /home/airflow/.local/lib/python3.12/site-packages/airflow/example_dags/example_latest_only_with_trigger.py for tasks to queue
[2025-04-02T13:41:13.772+0000] {logging_mixin.py:190} INFO - [2025-04-02T13:41:13.771+0000] {dagbag.py:588} INFO - Filling up the DagBag from /home/airflow/.local/lib/python3.12/site-packages/airflow/example_dags/example_latest_only_with_trigger.py
[2025-04-02T13:41:13.792+0000] {processor.py:925} INFO - DAG(s) 'latest_only_with_trigger' retrieved from /home/airflow/.local/lib/python3.12/site-packages/airflow/example_dags/example_latest_only_with_trigger.py
[2025-04-02T13:41:13.850+0000] {logging_mixin.py:190} INFO - [2025-04-02T13:41:13.849+0000] {dag.py:3239} INFO - Sync 1 DAGs
[2025-04-02T13:41:13.916+0000] {logging_mixin.py:190} INFO - [2025-04-02T13:41:13.915+0000] {dag.py:4180} INFO - Setting next_dagrun for latest_only_with_trigger to 2025-04-02 08:00:00+00:00, run_after=2025-04-02 12:00:00+00:00
[2025-04-02T13:41:13.957+0000] {processor.py:208} INFO - Processing /home/airflow/.local/lib/python3.12/site-packages/airflow/example_dags/example_latest_only_with_trigger.py took 0.208 seconds
