[2025-04-02T09:04:31.711+0000] {processor.py:186} INFO - Started process (PID=81) to work on /home/airflow/.local/lib/python3.12/site-packages/airflow/example_dags/example_params_trigger_ui.py
[2025-04-02T09:04:31.716+0000] {processor.py:914} INFO - Processing file /home/airflow/.local/lib/python3.12/site-packages/airflow/example_dags/example_params_trigger_ui.py for tasks to queue
[2025-04-02T09:04:31.737+0000] {logging_mixin.py:190} INFO - [2025-04-02T09:04:31.736+0000] {dagbag.py:588} INFO - Filling up the DagBag from /home/airflow/.local/lib/python3.12/site-packages/airflow/example_dags/example_params_trigger_ui.py
[2025-04-02T09:04:31.777+0000] {processor.py:925} INFO - DAG(s) 'example_params_trigger_ui' retrieved from /home/airflow/.local/lib/python3.12/site-packages/airflow/example_dags/example_params_trigger_ui.py
[2025-04-02T09:04:32.519+0000] {logging_mixin.py:190} INFO - [2025-04-02T09:04:32.518+0000] {override.py:1912} INFO - Created Permission View: can delete on DAG:example_params_trigger_ui
[2025-04-02T09:04:32.545+0000] {logging_mixin.py:190} INFO - [2025-04-02T09:04:32.544+0000] {override.py:1912} INFO - Created Permission View: can edit on DAG:example_params_trigger_ui
[2025-04-02T09:04:32.558+0000] {logging_mixin.py:190} INFO - [2025-04-02T09:04:32.558+0000] {override.py:1912} INFO - Created Permission View: can read on DAG:example_params_trigger_ui
[2025-04-02T09:04:32.574+0000] {logging_mixin.py:190} INFO - [2025-04-02T09:04:32.573+0000] {override.py:1912} INFO - Created Permission View: can delete on DAG Run:example_params_trigger_ui
[2025-04-02T09:04:32.588+0000] {logging_mixin.py:190} INFO - [2025-04-02T09:04:32.587+0000] {override.py:1912} INFO - Created Permission View: menu access on DAG Run:example_params_trigger_ui
[2025-04-02T09:04:32.601+0000] {logging_mixin.py:190} INFO - [2025-04-02T09:04:32.601+0000] {override.py:1912} INFO - Created Permission View: can create on DAG Run:example_params_trigger_ui
[2025-04-02T09:04:32.617+0000] {logging_mixin.py:190} INFO - [2025-04-02T09:04:32.616+0000] {override.py:1912} INFO - Created Permission View: can read on DAG Run:example_params_trigger_ui
[2025-04-02T09:04:32.618+0000] {logging_mixin.py:190} INFO - [2025-04-02T09:04:32.618+0000] {dag.py:3239} INFO - Sync 1 DAGs
[2025-04-02T09:04:32.658+0000] {logging_mixin.py:190} INFO - [2025-04-02T09:04:32.657+0000] {dag.py:3262} INFO - Creating ORM DAG for example_params_trigger_ui
[2025-04-02T09:04:32.660+0000] {logging_mixin.py:190} INFO - [2025-04-02T09:04:32.659+0000] {dag.py:4180} INFO - Setting next_dagrun for example_params_trigger_ui to None, run_after=None
[2025-04-02T09:04:32.692+0000] {processor.py:208} INFO - Processing /home/airflow/.local/lib/python3.12/site-packages/airflow/example_dags/example_params_trigger_ui.py took 1.002 seconds
[2025-04-02T09:05:02.818+0000] {processor.py:186} INFO - Started process (PID=144) to work on /home/airflow/.local/lib/python3.12/site-packages/airflow/example_dags/example_params_trigger_ui.py
[2025-04-02T09:05:02.819+0000] {processor.py:914} INFO - Processing file /home/airflow/.local/lib/python3.12/site-packages/airflow/example_dags/example_params_trigger_ui.py for tasks to queue
[2025-04-02T09:05:02.822+0000] {logging_mixin.py:190} INFO - [2025-04-02T09:05:02.822+0000] {dagbag.py:588} INFO - Filling up the DagBag from /home/airflow/.local/lib/python3.12/site-packages/airflow/example_dags/example_params_trigger_ui.py
[2025-04-02T09:05:02.837+0000] {processor.py:925} INFO - DAG(s) 'example_params_trigger_ui' retrieved from /home/airflow/.local/lib/python3.12/site-packages/airflow/example_dags/example_params_trigger_ui.py
[2025-04-02T09:05:02.897+0000] {logging_mixin.py:190} INFO - [2025-04-02T09:05:02.896+0000] {dag.py:3239} INFO - Sync 1 DAGs
[2025-04-02T09:05:02.919+0000] {logging_mixin.py:190} INFO - [2025-04-02T09:05:02.919+0000] {dag.py:4180} INFO - Setting next_dagrun for example_params_trigger_ui to None, run_after=None
[2025-04-02T09:05:02.947+0000] {processor.py:208} INFO - Processing /home/airflow/.local/lib/python3.12/site-packages/airflow/example_dags/example_params_trigger_ui.py took 0.136 seconds
[2025-04-02T09:05:33.106+0000] {processor.py:186} INFO - Started process (PID=206) to work on /home/airflow/.local/lib/python3.12/site-packages/airflow/example_dags/example_params_trigger_ui.py
[2025-04-02T09:05:33.107+0000] {processor.py:914} INFO - Processing file /home/airflow/.local/lib/python3.12/site-packages/airflow/example_dags/example_params_trigger_ui.py for tasks to queue
[2025-04-02T09:05:33.110+0000] {logging_mixin.py:190} INFO - [2025-04-02T09:05:33.110+0000] {dagbag.py:588} INFO - Filling up the DagBag from /home/airflow/.local/lib/python3.12/site-packages/airflow/example_dags/example_params_trigger_ui.py
[2025-04-02T09:05:33.122+0000] {processor.py:925} INFO - DAG(s) 'example_params_trigger_ui' retrieved from /home/airflow/.local/lib/python3.12/site-packages/airflow/example_dags/example_params_trigger_ui.py
[2025-04-02T09:05:33.173+0000] {logging_mixin.py:190} INFO - [2025-04-02T09:05:33.173+0000] {dag.py:3239} INFO - Sync 1 DAGs
[2025-04-02T09:05:33.190+0000] {logging_mixin.py:190} INFO - [2025-04-02T09:05:33.190+0000] {dag.py:4180} INFO - Setting next_dagrun for example_params_trigger_ui to None, run_after=None
[2025-04-02T09:05:33.216+0000] {processor.py:208} INFO - Processing /home/airflow/.local/lib/python3.12/site-packages/airflow/example_dags/example_params_trigger_ui.py took 0.116 seconds
[2025-04-02T09:06:04.002+0000] {processor.py:186} INFO - Started process (PID=269) to work on /home/airflow/.local/lib/python3.12/site-packages/airflow/example_dags/example_params_trigger_ui.py
[2025-04-02T09:06:04.003+0000] {processor.py:914} INFO - Processing file /home/airflow/.local/lib/python3.12/site-packages/airflow/example_dags/example_params_trigger_ui.py for tasks to queue
[2025-04-02T09:06:04.006+0000] {logging_mixin.py:190} INFO - [2025-04-02T09:06:04.006+0000] {dagbag.py:588} INFO - Filling up the DagBag from /home/airflow/.local/lib/python3.12/site-packages/airflow/example_dags/example_params_trigger_ui.py
[2025-04-02T09:06:04.017+0000] {processor.py:925} INFO - DAG(s) 'example_params_trigger_ui' retrieved from /home/airflow/.local/lib/python3.12/site-packages/airflow/example_dags/example_params_trigger_ui.py
[2025-04-02T09:06:04.065+0000] {logging_mixin.py:190} INFO - [2025-04-02T09:06:04.065+0000] {dag.py:3239} INFO - Sync 1 DAGs
[2025-04-02T09:06:04.081+0000] {logging_mixin.py:190} INFO - [2025-04-02T09:06:04.081+0000] {dag.py:4180} INFO - Setting next_dagrun for example_params_trigger_ui to None, run_after=None
[2025-04-02T09:06:04.104+0000] {processor.py:208} INFO - Processing /home/airflow/.local/lib/python3.12/site-packages/airflow/example_dags/example_params_trigger_ui.py took 0.107 seconds
[2025-04-02T09:06:34.766+0000] {processor.py:186} INFO - Started process (PID=332) to work on /home/airflow/.local/lib/python3.12/site-packages/airflow/example_dags/example_params_trigger_ui.py
[2025-04-02T09:06:34.768+0000] {processor.py:914} INFO - Processing file /home/airflow/.local/lib/python3.12/site-packages/airflow/example_dags/example_params_trigger_ui.py for tasks to queue
[2025-04-02T09:06:34.771+0000] {logging_mixin.py:190} INFO - [2025-04-02T09:06:34.771+0000] {dagbag.py:588} INFO - Filling up the DagBag from /home/airflow/.local/lib/python3.12/site-packages/airflow/example_dags/example_params_trigger_ui.py
[2025-04-02T09:06:34.782+0000] {processor.py:925} INFO - DAG(s) 'example_params_trigger_ui' retrieved from /home/airflow/.local/lib/python3.12/site-packages/airflow/example_dags/example_params_trigger_ui.py
[2025-04-02T09:06:34.832+0000] {logging_mixin.py:190} INFO - [2025-04-02T09:06:34.831+0000] {dag.py:3239} INFO - Sync 1 DAGs
[2025-04-02T09:06:34.849+0000] {logging_mixin.py:190} INFO - [2025-04-02T09:06:34.849+0000] {dag.py:4180} INFO - Setting next_dagrun for example_params_trigger_ui to None, run_after=None
[2025-04-02T09:06:34.873+0000] {processor.py:208} INFO - Processing /home/airflow/.local/lib/python3.12/site-packages/airflow/example_dags/example_params_trigger_ui.py took 0.112 seconds
[2025-04-02T09:07:05.520+0000] {processor.py:186} INFO - Started process (PID=395) to work on /home/airflow/.local/lib/python3.12/site-packages/airflow/example_dags/example_params_trigger_ui.py
[2025-04-02T09:07:05.522+0000] {processor.py:914} INFO - Processing file /home/airflow/.local/lib/python3.12/site-packages/airflow/example_dags/example_params_trigger_ui.py for tasks to queue
[2025-04-02T09:07:05.525+0000] {logging_mixin.py:190} INFO - [2025-04-02T09:07:05.525+0000] {dagbag.py:588} INFO - Filling up the DagBag from /home/airflow/.local/lib/python3.12/site-packages/airflow/example_dags/example_params_trigger_ui.py
[2025-04-02T09:07:05.540+0000] {processor.py:925} INFO - DAG(s) 'example_params_trigger_ui' retrieved from /home/airflow/.local/lib/python3.12/site-packages/airflow/example_dags/example_params_trigger_ui.py
[2025-04-02T09:07:05.596+0000] {logging_mixin.py:190} INFO - [2025-04-02T09:07:05.595+0000] {dag.py:3239} INFO - Sync 1 DAGs
[2025-04-02T09:07:05.615+0000] {logging_mixin.py:190} INFO - [2025-04-02T09:07:05.615+0000] {dag.py:4180} INFO - Setting next_dagrun for example_params_trigger_ui to None, run_after=None
[2025-04-02T09:07:05.639+0000] {processor.py:208} INFO - Processing /home/airflow/.local/lib/python3.12/site-packages/airflow/example_dags/example_params_trigger_ui.py took 0.128 seconds
[2025-04-02T09:07:36.630+0000] {processor.py:186} INFO - Started process (PID=458) to work on /home/airflow/.local/lib/python3.12/site-packages/airflow/example_dags/example_params_trigger_ui.py
[2025-04-02T09:07:36.632+0000] {processor.py:914} INFO - Processing file /home/airflow/.local/lib/python3.12/site-packages/airflow/example_dags/example_params_trigger_ui.py for tasks to queue
[2025-04-02T09:07:36.635+0000] {logging_mixin.py:190} INFO - [2025-04-02T09:07:36.634+0000] {dagbag.py:588} INFO - Filling up the DagBag from /home/airflow/.local/lib/python3.12/site-packages/airflow/example_dags/example_params_trigger_ui.py
[2025-04-02T09:07:36.655+0000] {processor.py:925} INFO - DAG(s) 'example_params_trigger_ui' retrieved from /home/airflow/.local/lib/python3.12/site-packages/airflow/example_dags/example_params_trigger_ui.py
[2025-04-02T09:07:36.722+0000] {logging_mixin.py:190} INFO - [2025-04-02T09:07:36.721+0000] {dag.py:3239} INFO - Sync 1 DAGs
[2025-04-02T09:07:36.756+0000] {logging_mixin.py:190} INFO - [2025-04-02T09:07:36.755+0000] {dag.py:4180} INFO - Setting next_dagrun for example_params_trigger_ui to None, run_after=None
[2025-04-02T09:07:36.784+0000] {processor.py:208} INFO - Processing /home/airflow/.local/lib/python3.12/site-packages/airflow/example_dags/example_params_trigger_ui.py took 0.161 seconds
[2025-04-02T09:08:08.120+0000] {processor.py:186} INFO - Started process (PID=521) to work on /home/airflow/.local/lib/python3.12/site-packages/airflow/example_dags/example_params_trigger_ui.py
[2025-04-02T09:08:08.121+0000] {processor.py:914} INFO - Processing file /home/airflow/.local/lib/python3.12/site-packages/airflow/example_dags/example_params_trigger_ui.py for tasks to queue
[2025-04-02T09:08:08.124+0000] {logging_mixin.py:190} INFO - [2025-04-02T09:08:08.124+0000] {dagbag.py:588} INFO - Filling up the DagBag from /home/airflow/.local/lib/python3.12/site-packages/airflow/example_dags/example_params_trigger_ui.py
[2025-04-02T09:08:08.141+0000] {processor.py:925} INFO - DAG(s) 'example_params_trigger_ui' retrieved from /home/airflow/.local/lib/python3.12/site-packages/airflow/example_dags/example_params_trigger_ui.py
[2025-04-02T09:08:08.213+0000] {logging_mixin.py:190} INFO - [2025-04-02T09:08:08.212+0000] {dag.py:3239} INFO - Sync 1 DAGs
[2025-04-02T09:08:08.237+0000] {logging_mixin.py:190} INFO - [2025-04-02T09:08:08.237+0000] {dag.py:4180} INFO - Setting next_dagrun for example_params_trigger_ui to None, run_after=None
[2025-04-02T09:08:08.268+0000] {processor.py:208} INFO - Processing /home/airflow/.local/lib/python3.12/site-packages/airflow/example_dags/example_params_trigger_ui.py took 0.155 seconds
[2025-04-02T09:08:39.298+0000] {processor.py:186} INFO - Started process (PID=583) to work on /home/airflow/.local/lib/python3.12/site-packages/airflow/example_dags/example_params_trigger_ui.py
[2025-04-02T09:08:39.300+0000] {processor.py:914} INFO - Processing file /home/airflow/.local/lib/python3.12/site-packages/airflow/example_dags/example_params_trigger_ui.py for tasks to queue
[2025-04-02T09:08:39.303+0000] {logging_mixin.py:190} INFO - [2025-04-02T09:08:39.302+0000] {dagbag.py:588} INFO - Filling up the DagBag from /home/airflow/.local/lib/python3.12/site-packages/airflow/example_dags/example_params_trigger_ui.py
[2025-04-02T09:08:39.316+0000] {processor.py:925} INFO - DAG(s) 'example_params_trigger_ui' retrieved from /home/airflow/.local/lib/python3.12/site-packages/airflow/example_dags/example_params_trigger_ui.py
[2025-04-02T09:08:39.377+0000] {logging_mixin.py:190} INFO - [2025-04-02T09:08:39.377+0000] {dag.py:3239} INFO - Sync 1 DAGs
[2025-04-02T09:08:39.409+0000] {logging_mixin.py:190} INFO - [2025-04-02T09:08:39.408+0000] {dag.py:4180} INFO - Setting next_dagrun for example_params_trigger_ui to None, run_after=None
[2025-04-02T09:08:39.443+0000] {processor.py:208} INFO - Processing /home/airflow/.local/lib/python3.12/site-packages/airflow/example_dags/example_params_trigger_ui.py took 0.152 seconds
[2025-04-02T09:09:10.516+0000] {processor.py:186} INFO - Started process (PID=645) to work on /home/airflow/.local/lib/python3.12/site-packages/airflow/example_dags/example_params_trigger_ui.py
[2025-04-02T09:09:10.518+0000] {processor.py:914} INFO - Processing file /home/airflow/.local/lib/python3.12/site-packages/airflow/example_dags/example_params_trigger_ui.py for tasks to queue
[2025-04-02T09:09:10.520+0000] {logging_mixin.py:190} INFO - [2025-04-02T09:09:10.520+0000] {dagbag.py:588} INFO - Filling up the DagBag from /home/airflow/.local/lib/python3.12/site-packages/airflow/example_dags/example_params_trigger_ui.py
[2025-04-02T09:09:10.533+0000] {processor.py:925} INFO - DAG(s) 'example_params_trigger_ui' retrieved from /home/airflow/.local/lib/python3.12/site-packages/airflow/example_dags/example_params_trigger_ui.py
[2025-04-02T09:09:10.586+0000] {logging_mixin.py:190} INFO - [2025-04-02T09:09:10.586+0000] {dag.py:3239} INFO - Sync 1 DAGs
[2025-04-02T09:09:10.604+0000] {logging_mixin.py:190} INFO - [2025-04-02T09:09:10.604+0000] {dag.py:4180} INFO - Setting next_dagrun for example_params_trigger_ui to None, run_after=None
[2025-04-02T09:09:10.627+0000] {processor.py:208} INFO - Processing /home/airflow/.local/lib/python3.12/site-packages/airflow/example_dags/example_params_trigger_ui.py took 0.118 seconds
[2025-04-02T09:09:41.976+0000] {processor.py:186} INFO - Started process (PID=708) to work on /home/airflow/.local/lib/python3.12/site-packages/airflow/example_dags/example_params_trigger_ui.py
[2025-04-02T09:09:41.977+0000] {processor.py:914} INFO - Processing file /home/airflow/.local/lib/python3.12/site-packages/airflow/example_dags/example_params_trigger_ui.py for tasks to queue
[2025-04-02T09:09:41.980+0000] {logging_mixin.py:190} INFO - [2025-04-02T09:09:41.980+0000] {dagbag.py:588} INFO - Filling up the DagBag from /home/airflow/.local/lib/python3.12/site-packages/airflow/example_dags/example_params_trigger_ui.py
[2025-04-02T09:09:41.992+0000] {processor.py:925} INFO - DAG(s) 'example_params_trigger_ui' retrieved from /home/airflow/.local/lib/python3.12/site-packages/airflow/example_dags/example_params_trigger_ui.py
[2025-04-02T09:09:42.046+0000] {logging_mixin.py:190} INFO - [2025-04-02T09:09:42.046+0000] {dag.py:3239} INFO - Sync 1 DAGs
[2025-04-02T09:09:42.067+0000] {logging_mixin.py:190} INFO - [2025-04-02T09:09:42.066+0000] {dag.py:4180} INFO - Setting next_dagrun for example_params_trigger_ui to None, run_after=None
[2025-04-02T09:09:42.091+0000] {processor.py:208} INFO - Processing /home/airflow/.local/lib/python3.12/site-packages/airflow/example_dags/example_params_trigger_ui.py took 0.121 seconds
[2025-04-02T09:10:12.866+0000] {processor.py:186} INFO - Started process (PID=771) to work on /home/airflow/.local/lib/python3.12/site-packages/airflow/example_dags/example_params_trigger_ui.py
[2025-04-02T09:10:12.868+0000] {processor.py:914} INFO - Processing file /home/airflow/.local/lib/python3.12/site-packages/airflow/example_dags/example_params_trigger_ui.py for tasks to queue
[2025-04-02T09:10:12.871+0000] {logging_mixin.py:190} INFO - [2025-04-02T09:10:12.870+0000] {dagbag.py:588} INFO - Filling up the DagBag from /home/airflow/.local/lib/python3.12/site-packages/airflow/example_dags/example_params_trigger_ui.py
[2025-04-02T09:10:12.882+0000] {processor.py:925} INFO - DAG(s) 'example_params_trigger_ui' retrieved from /home/airflow/.local/lib/python3.12/site-packages/airflow/example_dags/example_params_trigger_ui.py
[2025-04-02T09:10:12.931+0000] {logging_mixin.py:190} INFO - [2025-04-02T09:10:12.931+0000] {dag.py:3239} INFO - Sync 1 DAGs
[2025-04-02T09:10:12.950+0000] {logging_mixin.py:190} INFO - [2025-04-02T09:10:12.950+0000] {dag.py:4180} INFO - Setting next_dagrun for example_params_trigger_ui to None, run_after=None
[2025-04-02T09:10:12.975+0000] {processor.py:208} INFO - Processing /home/airflow/.local/lib/python3.12/site-packages/airflow/example_dags/example_params_trigger_ui.py took 0.114 seconds
[2025-04-02T09:10:44.070+0000] {processor.py:186} INFO - Started process (PID=841) to work on /home/airflow/.local/lib/python3.12/site-packages/airflow/example_dags/example_params_trigger_ui.py
[2025-04-02T09:10:44.071+0000] {processor.py:914} INFO - Processing file /home/airflow/.local/lib/python3.12/site-packages/airflow/example_dags/example_params_trigger_ui.py for tasks to queue
[2025-04-02T09:10:44.074+0000] {logging_mixin.py:190} INFO - [2025-04-02T09:10:44.073+0000] {dagbag.py:588} INFO - Filling up the DagBag from /home/airflow/.local/lib/python3.12/site-packages/airflow/example_dags/example_params_trigger_ui.py
[2025-04-02T09:10:44.085+0000] {processor.py:925} INFO - DAG(s) 'example_params_trigger_ui' retrieved from /home/airflow/.local/lib/python3.12/site-packages/airflow/example_dags/example_params_trigger_ui.py
[2025-04-02T09:10:44.135+0000] {logging_mixin.py:190} INFO - [2025-04-02T09:10:44.135+0000] {dag.py:3239} INFO - Sync 1 DAGs
[2025-04-02T09:10:44.153+0000] {logging_mixin.py:190} INFO - [2025-04-02T09:10:44.152+0000] {dag.py:4180} INFO - Setting next_dagrun for example_params_trigger_ui to None, run_after=None
[2025-04-02T09:10:44.175+0000] {processor.py:208} INFO - Processing /home/airflow/.local/lib/python3.12/site-packages/airflow/example_dags/example_params_trigger_ui.py took 0.112 seconds
[2025-04-02T09:12:44.144+0000] {processor.py:186} INFO - Started process (PID=84) to work on /home/airflow/.local/lib/python3.12/site-packages/airflow/example_dags/example_params_trigger_ui.py
[2025-04-02T09:12:44.146+0000] {processor.py:914} INFO - Processing file /home/airflow/.local/lib/python3.12/site-packages/airflow/example_dags/example_params_trigger_ui.py for tasks to queue
[2025-04-02T09:12:44.150+0000] {logging_mixin.py:190} INFO - [2025-04-02T09:12:44.149+0000] {dagbag.py:588} INFO - Filling up the DagBag from /home/airflow/.local/lib/python3.12/site-packages/airflow/example_dags/example_params_trigger_ui.py
[2025-04-02T09:12:44.180+0000] {processor.py:925} INFO - DAG(s) 'example_params_trigger_ui' retrieved from /home/airflow/.local/lib/python3.12/site-packages/airflow/example_dags/example_params_trigger_ui.py
[2025-04-02T09:12:44.337+0000] {logging_mixin.py:190} INFO - [2025-04-02T09:12:44.336+0000] {dag.py:3239} INFO - Sync 1 DAGs
[2025-04-02T09:12:44.430+0000] {logging_mixin.py:190} INFO - [2025-04-02T09:12:44.429+0000] {dag.py:4180} INFO - Setting next_dagrun for example_params_trigger_ui to None, run_after=None
[2025-04-02T09:12:44.479+0000] {processor.py:208} INFO - Processing /home/airflow/.local/lib/python3.12/site-packages/airflow/example_dags/example_params_trigger_ui.py took 0.345 seconds
[2025-04-02T09:13:14.557+0000] {processor.py:186} INFO - Started process (PID=147) to work on /home/airflow/.local/lib/python3.12/site-packages/airflow/example_dags/example_params_trigger_ui.py
[2025-04-02T09:13:14.558+0000] {processor.py:914} INFO - Processing file /home/airflow/.local/lib/python3.12/site-packages/airflow/example_dags/example_params_trigger_ui.py for tasks to queue
[2025-04-02T09:13:14.561+0000] {logging_mixin.py:190} INFO - [2025-04-02T09:13:14.561+0000] {dagbag.py:588} INFO - Filling up the DagBag from /home/airflow/.local/lib/python3.12/site-packages/airflow/example_dags/example_params_trigger_ui.py
[2025-04-02T09:13:14.573+0000] {processor.py:925} INFO - DAG(s) 'example_params_trigger_ui' retrieved from /home/airflow/.local/lib/python3.12/site-packages/airflow/example_dags/example_params_trigger_ui.py
[2025-04-02T09:13:14.638+0000] {logging_mixin.py:190} INFO - [2025-04-02T09:13:14.637+0000] {dag.py:3239} INFO - Sync 1 DAGs
[2025-04-02T09:13:14.663+0000] {logging_mixin.py:190} INFO - [2025-04-02T09:13:14.663+0000] {dag.py:4180} INFO - Setting next_dagrun for example_params_trigger_ui to None, run_after=None
[2025-04-02T09:13:14.698+0000] {processor.py:208} INFO - Processing /home/airflow/.local/lib/python3.12/site-packages/airflow/example_dags/example_params_trigger_ui.py took 0.147 seconds
[2025-04-02T09:13:45.477+0000] {processor.py:186} INFO - Started process (PID=210) to work on /home/airflow/.local/lib/python3.12/site-packages/airflow/example_dags/example_params_trigger_ui.py
[2025-04-02T09:13:45.478+0000] {processor.py:914} INFO - Processing file /home/airflow/.local/lib/python3.12/site-packages/airflow/example_dags/example_params_trigger_ui.py for tasks to queue
[2025-04-02T09:13:45.481+0000] {logging_mixin.py:190} INFO - [2025-04-02T09:13:45.481+0000] {dagbag.py:588} INFO - Filling up the DagBag from /home/airflow/.local/lib/python3.12/site-packages/airflow/example_dags/example_params_trigger_ui.py
[2025-04-02T09:13:45.495+0000] {processor.py:925} INFO - DAG(s) 'example_params_trigger_ui' retrieved from /home/airflow/.local/lib/python3.12/site-packages/airflow/example_dags/example_params_trigger_ui.py
[2025-04-02T09:13:45.560+0000] {logging_mixin.py:190} INFO - [2025-04-02T09:13:45.559+0000] {dag.py:3239} INFO - Sync 1 DAGs
[2025-04-02T09:13:45.582+0000] {logging_mixin.py:190} INFO - [2025-04-02T09:13:45.582+0000] {dag.py:4180} INFO - Setting next_dagrun for example_params_trigger_ui to None, run_after=None
[2025-04-02T09:13:45.606+0000] {processor.py:208} INFO - Processing /home/airflow/.local/lib/python3.12/site-packages/airflow/example_dags/example_params_trigger_ui.py took 0.135 seconds
[2025-04-02T09:14:16.713+0000] {processor.py:186} INFO - Started process (PID=272) to work on /home/airflow/.local/lib/python3.12/site-packages/airflow/example_dags/example_params_trigger_ui.py
[2025-04-02T09:14:16.715+0000] {processor.py:914} INFO - Processing file /home/airflow/.local/lib/python3.12/site-packages/airflow/example_dags/example_params_trigger_ui.py for tasks to queue
[2025-04-02T09:14:16.720+0000] {logging_mixin.py:190} INFO - [2025-04-02T09:14:16.719+0000] {dagbag.py:588} INFO - Filling up the DagBag from /home/airflow/.local/lib/python3.12/site-packages/airflow/example_dags/example_params_trigger_ui.py
[2025-04-02T09:14:16.742+0000] {processor.py:925} INFO - DAG(s) 'example_params_trigger_ui' retrieved from /home/airflow/.local/lib/python3.12/site-packages/airflow/example_dags/example_params_trigger_ui.py
[2025-04-02T09:14:16.844+0000] {logging_mixin.py:190} INFO - [2025-04-02T09:14:16.843+0000] {dag.py:3239} INFO - Sync 1 DAGs
[2025-04-02T09:14:16.872+0000] {logging_mixin.py:190} INFO - [2025-04-02T09:14:16.872+0000] {dag.py:4180} INFO - Setting next_dagrun for example_params_trigger_ui to None, run_after=None
[2025-04-02T09:14:16.909+0000] {processor.py:208} INFO - Processing /home/airflow/.local/lib/python3.12/site-packages/airflow/example_dags/example_params_trigger_ui.py took 0.205 seconds
[2025-04-02T09:14:47.579+0000] {processor.py:186} INFO - Started process (PID=335) to work on /home/airflow/.local/lib/python3.12/site-packages/airflow/example_dags/example_params_trigger_ui.py
[2025-04-02T09:14:47.580+0000] {processor.py:914} INFO - Processing file /home/airflow/.local/lib/python3.12/site-packages/airflow/example_dags/example_params_trigger_ui.py for tasks to queue
[2025-04-02T09:14:47.584+0000] {logging_mixin.py:190} INFO - [2025-04-02T09:14:47.583+0000] {dagbag.py:588} INFO - Filling up the DagBag from /home/airflow/.local/lib/python3.12/site-packages/airflow/example_dags/example_params_trigger_ui.py
[2025-04-02T09:14:47.600+0000] {processor.py:925} INFO - DAG(s) 'example_params_trigger_ui' retrieved from /home/airflow/.local/lib/python3.12/site-packages/airflow/example_dags/example_params_trigger_ui.py
[2025-04-02T09:14:47.653+0000] {logging_mixin.py:190} INFO - [2025-04-02T09:14:47.653+0000] {dag.py:3239} INFO - Sync 1 DAGs
[2025-04-02T09:14:47.671+0000] {logging_mixin.py:190} INFO - [2025-04-02T09:14:47.671+0000] {dag.py:4180} INFO - Setting next_dagrun for example_params_trigger_ui to None, run_after=None
[2025-04-02T09:14:47.693+0000] {processor.py:208} INFO - Processing /home/airflow/.local/lib/python3.12/site-packages/airflow/example_dags/example_params_trigger_ui.py took 0.122 seconds
[2025-04-02T09:15:19.218+0000] {processor.py:186} INFO - Started process (PID=398) to work on /home/airflow/.local/lib/python3.12/site-packages/airflow/example_dags/example_params_trigger_ui.py
[2025-04-02T09:15:19.220+0000] {processor.py:914} INFO - Processing file /home/airflow/.local/lib/python3.12/site-packages/airflow/example_dags/example_params_trigger_ui.py for tasks to queue
[2025-04-02T09:15:19.223+0000] {logging_mixin.py:190} INFO - [2025-04-02T09:15:19.223+0000] {dagbag.py:588} INFO - Filling up the DagBag from /home/airflow/.local/lib/python3.12/site-packages/airflow/example_dags/example_params_trigger_ui.py
[2025-04-02T09:15:19.237+0000] {processor.py:925} INFO - DAG(s) 'example_params_trigger_ui' retrieved from /home/airflow/.local/lib/python3.12/site-packages/airflow/example_dags/example_params_trigger_ui.py
[2025-04-02T09:15:19.301+0000] {logging_mixin.py:190} INFO - [2025-04-02T09:15:19.301+0000] {dag.py:3239} INFO - Sync 1 DAGs
[2025-04-02T09:15:19.320+0000] {logging_mixin.py:190} INFO - [2025-04-02T09:15:19.320+0000] {dag.py:4180} INFO - Setting next_dagrun for example_params_trigger_ui to None, run_after=None
[2025-04-02T09:15:19.346+0000] {processor.py:208} INFO - Processing /home/airflow/.local/lib/python3.12/site-packages/airflow/example_dags/example_params_trigger_ui.py took 0.135 seconds
[2025-04-02T09:15:50.442+0000] {processor.py:186} INFO - Started process (PID=461) to work on /home/airflow/.local/lib/python3.12/site-packages/airflow/example_dags/example_params_trigger_ui.py
[2025-04-02T09:15:50.444+0000] {processor.py:914} INFO - Processing file /home/airflow/.local/lib/python3.12/site-packages/airflow/example_dags/example_params_trigger_ui.py for tasks to queue
[2025-04-02T09:15:50.447+0000] {logging_mixin.py:190} INFO - [2025-04-02T09:15:50.447+0000] {dagbag.py:588} INFO - Filling up the DagBag from /home/airflow/.local/lib/python3.12/site-packages/airflow/example_dags/example_params_trigger_ui.py
[2025-04-02T09:15:50.462+0000] {processor.py:925} INFO - DAG(s) 'example_params_trigger_ui' retrieved from /home/airflow/.local/lib/python3.12/site-packages/airflow/example_dags/example_params_trigger_ui.py
[2025-04-02T09:15:50.522+0000] {logging_mixin.py:190} INFO - [2025-04-02T09:15:50.521+0000] {dag.py:3239} INFO - Sync 1 DAGs
[2025-04-02T09:15:50.544+0000] {logging_mixin.py:190} INFO - [2025-04-02T09:15:50.543+0000] {dag.py:4180} INFO - Setting next_dagrun for example_params_trigger_ui to None, run_after=None
[2025-04-02T09:15:50.570+0000] {processor.py:208} INFO - Processing /home/airflow/.local/lib/python3.12/site-packages/airflow/example_dags/example_params_trigger_ui.py took 0.135 seconds
[2025-04-02T09:16:22.013+0000] {processor.py:186} INFO - Started process (PID=524) to work on /home/airflow/.local/lib/python3.12/site-packages/airflow/example_dags/example_params_trigger_ui.py
[2025-04-02T09:16:22.014+0000] {processor.py:914} INFO - Processing file /home/airflow/.local/lib/python3.12/site-packages/airflow/example_dags/example_params_trigger_ui.py for tasks to queue
[2025-04-02T09:16:22.018+0000] {logging_mixin.py:190} INFO - [2025-04-02T09:16:22.017+0000] {dagbag.py:588} INFO - Filling up the DagBag from /home/airflow/.local/lib/python3.12/site-packages/airflow/example_dags/example_params_trigger_ui.py
[2025-04-02T09:16:22.035+0000] {processor.py:925} INFO - DAG(s) 'example_params_trigger_ui' retrieved from /home/airflow/.local/lib/python3.12/site-packages/airflow/example_dags/example_params_trigger_ui.py
[2025-04-02T09:16:22.128+0000] {logging_mixin.py:190} INFO - [2025-04-02T09:16:22.127+0000] {dag.py:3239} INFO - Sync 1 DAGs
[2025-04-02T09:16:22.155+0000] {logging_mixin.py:190} INFO - [2025-04-02T09:16:22.155+0000] {dag.py:4180} INFO - Setting next_dagrun for example_params_trigger_ui to None, run_after=None
[2025-04-02T09:16:22.192+0000] {processor.py:208} INFO - Processing /home/airflow/.local/lib/python3.12/site-packages/airflow/example_dags/example_params_trigger_ui.py took 0.187 seconds
[2025-04-02T09:16:54.546+0000] {processor.py:186} INFO - Started process (PID=587) to work on /home/airflow/.local/lib/python3.12/site-packages/airflow/example_dags/example_params_trigger_ui.py
[2025-04-02T09:16:54.548+0000] {processor.py:914} INFO - Processing file /home/airflow/.local/lib/python3.12/site-packages/airflow/example_dags/example_params_trigger_ui.py for tasks to queue
[2025-04-02T09:16:54.552+0000] {logging_mixin.py:190} INFO - [2025-04-02T09:16:54.551+0000] {dagbag.py:588} INFO - Filling up the DagBag from /home/airflow/.local/lib/python3.12/site-packages/airflow/example_dags/example_params_trigger_ui.py
[2025-04-02T09:16:54.575+0000] {processor.py:925} INFO - DAG(s) 'example_params_trigger_ui' retrieved from /home/airflow/.local/lib/python3.12/site-packages/airflow/example_dags/example_params_trigger_ui.py
[2025-04-02T09:16:54.654+0000] {logging_mixin.py:190} INFO - [2025-04-02T09:16:54.653+0000] {dag.py:3239} INFO - Sync 1 DAGs
[2025-04-02T09:16:54.678+0000] {logging_mixin.py:190} INFO - [2025-04-02T09:16:54.678+0000] {dag.py:4180} INFO - Setting next_dagrun for example_params_trigger_ui to None, run_after=None
[2025-04-02T09:16:54.711+0000] {processor.py:208} INFO - Processing /home/airflow/.local/lib/python3.12/site-packages/airflow/example_dags/example_params_trigger_ui.py took 0.174 seconds
[2025-04-02T09:17:27.774+0000] {processor.py:186} INFO - Started process (PID=651) to work on /home/airflow/.local/lib/python3.12/site-packages/airflow/example_dags/example_params_trigger_ui.py
[2025-04-02T09:17:27.775+0000] {processor.py:914} INFO - Processing file /home/airflow/.local/lib/python3.12/site-packages/airflow/example_dags/example_params_trigger_ui.py for tasks to queue
[2025-04-02T09:17:27.779+0000] {logging_mixin.py:190} INFO - [2025-04-02T09:17:27.778+0000] {dagbag.py:588} INFO - Filling up the DagBag from /home/airflow/.local/lib/python3.12/site-packages/airflow/example_dags/example_params_trigger_ui.py
[2025-04-02T09:17:27.794+0000] {processor.py:925} INFO - DAG(s) 'example_params_trigger_ui' retrieved from /home/airflow/.local/lib/python3.12/site-packages/airflow/example_dags/example_params_trigger_ui.py
[2025-04-02T09:17:27.850+0000] {logging_mixin.py:190} INFO - [2025-04-02T09:17:27.850+0000] {dag.py:3239} INFO - Sync 1 DAGs
[2025-04-02T09:17:27.868+0000] {logging_mixin.py:190} INFO - [2025-04-02T09:17:27.867+0000] {dag.py:4180} INFO - Setting next_dagrun for example_params_trigger_ui to None, run_after=None
[2025-04-02T09:17:27.894+0000] {processor.py:208} INFO - Processing /home/airflow/.local/lib/python3.12/site-packages/airflow/example_dags/example_params_trigger_ui.py took 0.128 seconds
[2025-04-02T09:17:58.677+0000] {processor.py:186} INFO - Started process (PID=713) to work on /home/airflow/.local/lib/python3.12/site-packages/airflow/example_dags/example_params_trigger_ui.py
[2025-04-02T09:17:58.678+0000] {processor.py:914} INFO - Processing file /home/airflow/.local/lib/python3.12/site-packages/airflow/example_dags/example_params_trigger_ui.py for tasks to queue
[2025-04-02T09:17:58.681+0000] {logging_mixin.py:190} INFO - [2025-04-02T09:17:58.681+0000] {dagbag.py:588} INFO - Filling up the DagBag from /home/airflow/.local/lib/python3.12/site-packages/airflow/example_dags/example_params_trigger_ui.py
[2025-04-02T09:17:58.694+0000] {processor.py:925} INFO - DAG(s) 'example_params_trigger_ui' retrieved from /home/airflow/.local/lib/python3.12/site-packages/airflow/example_dags/example_params_trigger_ui.py
[2025-04-02T09:17:58.744+0000] {logging_mixin.py:190} INFO - [2025-04-02T09:17:58.743+0000] {dag.py:3239} INFO - Sync 1 DAGs
[2025-04-02T09:17:58.763+0000] {logging_mixin.py:190} INFO - [2025-04-02T09:17:58.763+0000] {dag.py:4180} INFO - Setting next_dagrun for example_params_trigger_ui to None, run_after=None
[2025-04-02T09:17:58.788+0000] {processor.py:208} INFO - Processing /home/airflow/.local/lib/python3.12/site-packages/airflow/example_dags/example_params_trigger_ui.py took 0.119 seconds
[2025-04-02T09:58:22.967+0000] {processor.py:186} INFO - Started process (PID=786) to work on /home/airflow/.local/lib/python3.12/site-packages/airflow/example_dags/example_params_trigger_ui.py
[2025-04-02T09:58:22.969+0000] {processor.py:914} INFO - Processing file /home/airflow/.local/lib/python3.12/site-packages/airflow/example_dags/example_params_trigger_ui.py for tasks to queue
[2025-04-02T09:58:22.973+0000] {logging_mixin.py:190} INFO - [2025-04-02T09:58:22.973+0000] {dagbag.py:588} INFO - Filling up the DagBag from /home/airflow/.local/lib/python3.12/site-packages/airflow/example_dags/example_params_trigger_ui.py
[2025-04-02T09:58:23.001+0000] {processor.py:925} INFO - DAG(s) 'example_params_trigger_ui' retrieved from /home/airflow/.local/lib/python3.12/site-packages/airflow/example_dags/example_params_trigger_ui.py
[2025-04-02T09:58:23.121+0000] {logging_mixin.py:190} INFO - [2025-04-02T09:58:23.120+0000] {dag.py:3239} INFO - Sync 1 DAGs
[2025-04-02T09:58:23.157+0000] {logging_mixin.py:190} INFO - [2025-04-02T09:58:23.157+0000] {dag.py:4180} INFO - Setting next_dagrun for example_params_trigger_ui to None, run_after=None
[2025-04-02T09:58:23.206+0000] {processor.py:208} INFO - Processing /home/airflow/.local/lib/python3.12/site-packages/airflow/example_dags/example_params_trigger_ui.py took 0.253 seconds
[2025-04-02T09:58:53.333+0000] {processor.py:186} INFO - Started process (PID=848) to work on /home/airflow/.local/lib/python3.12/site-packages/airflow/example_dags/example_params_trigger_ui.py
[2025-04-02T09:58:53.335+0000] {processor.py:914} INFO - Processing file /home/airflow/.local/lib/python3.12/site-packages/airflow/example_dags/example_params_trigger_ui.py for tasks to queue
[2025-04-02T09:58:53.338+0000] {logging_mixin.py:190} INFO - [2025-04-02T09:58:53.336+0000] {dagbag.py:588} INFO - Filling up the DagBag from /home/airflow/.local/lib/python3.12/site-packages/airflow/example_dags/example_params_trigger_ui.py
[2025-04-02T09:58:53.369+0000] {processor.py:925} INFO - DAG(s) 'example_params_trigger_ui' retrieved from /home/airflow/.local/lib/python3.12/site-packages/airflow/example_dags/example_params_trigger_ui.py
[2025-04-02T09:58:53.460+0000] {logging_mixin.py:190} INFO - [2025-04-02T09:58:53.459+0000] {dag.py:3239} INFO - Sync 1 DAGs
[2025-04-02T09:58:53.487+0000] {logging_mixin.py:190} INFO - [2025-04-02T09:58:53.486+0000] {dag.py:4180} INFO - Setting next_dagrun for example_params_trigger_ui to None, run_after=None
[2025-04-02T09:58:53.546+0000] {processor.py:208} INFO - Processing /home/airflow/.local/lib/python3.12/site-packages/airflow/example_dags/example_params_trigger_ui.py took 0.225 seconds
[2025-04-02T09:59:23.977+0000] {processor.py:186} INFO - Started process (PID=911) to work on /home/airflow/.local/lib/python3.12/site-packages/airflow/example_dags/example_params_trigger_ui.py
[2025-04-02T09:59:23.979+0000] {processor.py:914} INFO - Processing file /home/airflow/.local/lib/python3.12/site-packages/airflow/example_dags/example_params_trigger_ui.py for tasks to queue
[2025-04-02T09:59:23.981+0000] {logging_mixin.py:190} INFO - [2025-04-02T09:59:23.981+0000] {dagbag.py:588} INFO - Filling up the DagBag from /home/airflow/.local/lib/python3.12/site-packages/airflow/example_dags/example_params_trigger_ui.py
[2025-04-02T09:59:23.997+0000] {processor.py:925} INFO - DAG(s) 'example_params_trigger_ui' retrieved from /home/airflow/.local/lib/python3.12/site-packages/airflow/example_dags/example_params_trigger_ui.py
[2025-04-02T09:59:24.062+0000] {logging_mixin.py:190} INFO - [2025-04-02T09:59:24.062+0000] {dag.py:3239} INFO - Sync 1 DAGs
[2025-04-02T09:59:24.085+0000] {logging_mixin.py:190} INFO - [2025-04-02T09:59:24.084+0000] {dag.py:4180} INFO - Setting next_dagrun for example_params_trigger_ui to None, run_after=None
[2025-04-02T09:59:24.120+0000] {processor.py:208} INFO - Processing /home/airflow/.local/lib/python3.12/site-packages/airflow/example_dags/example_params_trigger_ui.py took 0.151 seconds
[2025-04-02T09:59:54.341+0000] {processor.py:186} INFO - Started process (PID=973) to work on /home/airflow/.local/lib/python3.12/site-packages/airflow/example_dags/example_params_trigger_ui.py
[2025-04-02T09:59:54.343+0000] {processor.py:914} INFO - Processing file /home/airflow/.local/lib/python3.12/site-packages/airflow/example_dags/example_params_trigger_ui.py for tasks to queue
[2025-04-02T09:59:54.345+0000] {logging_mixin.py:190} INFO - [2025-04-02T09:59:54.344+0000] {dagbag.py:588} INFO - Filling up the DagBag from /home/airflow/.local/lib/python3.12/site-packages/airflow/example_dags/example_params_trigger_ui.py
[2025-04-02T09:59:54.361+0000] {processor.py:925} INFO - DAG(s) 'example_params_trigger_ui' retrieved from /home/airflow/.local/lib/python3.12/site-packages/airflow/example_dags/example_params_trigger_ui.py
[2025-04-02T09:59:54.416+0000] {logging_mixin.py:190} INFO - [2025-04-02T09:59:54.416+0000] {dag.py:3239} INFO - Sync 1 DAGs
[2025-04-02T09:59:54.435+0000] {logging_mixin.py:190} INFO - [2025-04-02T09:59:54.435+0000] {dag.py:4180} INFO - Setting next_dagrun for example_params_trigger_ui to None, run_after=None
[2025-04-02T09:59:54.465+0000] {processor.py:208} INFO - Processing /home/airflow/.local/lib/python3.12/site-packages/airflow/example_dags/example_params_trigger_ui.py took 0.130 seconds
[2025-04-02T10:00:24.815+0000] {processor.py:186} INFO - Started process (PID=1035) to work on /home/airflow/.local/lib/python3.12/site-packages/airflow/example_dags/example_params_trigger_ui.py
[2025-04-02T10:00:24.817+0000] {processor.py:914} INFO - Processing file /home/airflow/.local/lib/python3.12/site-packages/airflow/example_dags/example_params_trigger_ui.py for tasks to queue
[2025-04-02T10:00:24.820+0000] {logging_mixin.py:190} INFO - [2025-04-02T10:00:24.819+0000] {dagbag.py:588} INFO - Filling up the DagBag from /home/airflow/.local/lib/python3.12/site-packages/airflow/example_dags/example_params_trigger_ui.py
[2025-04-02T10:00:24.837+0000] {processor.py:925} INFO - DAG(s) 'example_params_trigger_ui' retrieved from /home/airflow/.local/lib/python3.12/site-packages/airflow/example_dags/example_params_trigger_ui.py
[2025-04-02T10:00:24.914+0000] {logging_mixin.py:190} INFO - [2025-04-02T10:00:24.913+0000] {dag.py:3239} INFO - Sync 1 DAGs
[2025-04-02T10:00:24.935+0000] {logging_mixin.py:190} INFO - [2025-04-02T10:00:24.935+0000] {dag.py:4180} INFO - Setting next_dagrun for example_params_trigger_ui to None, run_after=None
[2025-04-02T10:00:24.972+0000] {processor.py:208} INFO - Processing /home/airflow/.local/lib/python3.12/site-packages/airflow/example_dags/example_params_trigger_ui.py took 0.166 seconds
[2025-04-02T10:00:55.425+0000] {processor.py:186} INFO - Started process (PID=1097) to work on /home/airflow/.local/lib/python3.12/site-packages/airflow/example_dags/example_params_trigger_ui.py
[2025-04-02T10:00:55.427+0000] {processor.py:914} INFO - Processing file /home/airflow/.local/lib/python3.12/site-packages/airflow/example_dags/example_params_trigger_ui.py for tasks to queue
[2025-04-02T10:00:55.429+0000] {logging_mixin.py:190} INFO - [2025-04-02T10:00:55.428+0000] {dagbag.py:588} INFO - Filling up the DagBag from /home/airflow/.local/lib/python3.12/site-packages/airflow/example_dags/example_params_trigger_ui.py
[2025-04-02T10:00:55.447+0000] {processor.py:925} INFO - DAG(s) 'example_params_trigger_ui' retrieved from /home/airflow/.local/lib/python3.12/site-packages/airflow/example_dags/example_params_trigger_ui.py
[2025-04-02T10:00:55.516+0000] {logging_mixin.py:190} INFO - [2025-04-02T10:00:55.515+0000] {dag.py:3239} INFO - Sync 1 DAGs
[2025-04-02T10:00:55.537+0000] {logging_mixin.py:190} INFO - [2025-04-02T10:00:55.537+0000] {dag.py:4180} INFO - Setting next_dagrun for example_params_trigger_ui to None, run_after=None
[2025-04-02T10:00:55.572+0000] {processor.py:208} INFO - Processing /home/airflow/.local/lib/python3.12/site-packages/airflow/example_dags/example_params_trigger_ui.py took 0.154 seconds
[2025-04-02T10:01:25.889+0000] {processor.py:186} INFO - Started process (PID=1160) to work on /home/airflow/.local/lib/python3.12/site-packages/airflow/example_dags/example_params_trigger_ui.py
[2025-04-02T10:01:25.891+0000] {processor.py:914} INFO - Processing file /home/airflow/.local/lib/python3.12/site-packages/airflow/example_dags/example_params_trigger_ui.py for tasks to queue
[2025-04-02T10:01:25.893+0000] {logging_mixin.py:190} INFO - [2025-04-02T10:01:25.892+0000] {dagbag.py:588} INFO - Filling up the DagBag from /home/airflow/.local/lib/python3.12/site-packages/airflow/example_dags/example_params_trigger_ui.py
[2025-04-02T10:01:25.910+0000] {processor.py:925} INFO - DAG(s) 'example_params_trigger_ui' retrieved from /home/airflow/.local/lib/python3.12/site-packages/airflow/example_dags/example_params_trigger_ui.py
[2025-04-02T10:01:25.975+0000] {logging_mixin.py:190} INFO - [2025-04-02T10:01:25.975+0000] {dag.py:3239} INFO - Sync 1 DAGs
[2025-04-02T10:01:25.994+0000] {logging_mixin.py:190} INFO - [2025-04-02T10:01:25.994+0000] {dag.py:4180} INFO - Setting next_dagrun for example_params_trigger_ui to None, run_after=None
[2025-04-02T10:01:26.021+0000] {processor.py:208} INFO - Processing /home/airflow/.local/lib/python3.12/site-packages/airflow/example_dags/example_params_trigger_ui.py took 0.140 seconds
[2025-04-02T10:01:56.208+0000] {processor.py:186} INFO - Started process (PID=1223) to work on /home/airflow/.local/lib/python3.12/site-packages/airflow/example_dags/example_params_trigger_ui.py
[2025-04-02T10:01:56.210+0000] {processor.py:914} INFO - Processing file /home/airflow/.local/lib/python3.12/site-packages/airflow/example_dags/example_params_trigger_ui.py for tasks to queue
[2025-04-02T10:01:56.212+0000] {logging_mixin.py:190} INFO - [2025-04-02T10:01:56.212+0000] {dagbag.py:588} INFO - Filling up the DagBag from /home/airflow/.local/lib/python3.12/site-packages/airflow/example_dags/example_params_trigger_ui.py
[2025-04-02T10:01:56.231+0000] {processor.py:925} INFO - DAG(s) 'example_params_trigger_ui' retrieved from /home/airflow/.local/lib/python3.12/site-packages/airflow/example_dags/example_params_trigger_ui.py
[2025-04-02T10:01:56.315+0000] {logging_mixin.py:190} INFO - [2025-04-02T10:01:56.314+0000] {dag.py:3239} INFO - Sync 1 DAGs
[2025-04-02T10:01:56.354+0000] {logging_mixin.py:190} INFO - [2025-04-02T10:01:56.353+0000] {dag.py:4180} INFO - Setting next_dagrun for example_params_trigger_ui to None, run_after=None
[2025-04-02T10:01:56.409+0000] {processor.py:208} INFO - Processing /home/airflow/.local/lib/python3.12/site-packages/airflow/example_dags/example_params_trigger_ui.py took 0.212 seconds
[2025-04-02T10:02:26.886+0000] {processor.py:186} INFO - Started process (PID=1286) to work on /home/airflow/.local/lib/python3.12/site-packages/airflow/example_dags/example_params_trigger_ui.py
[2025-04-02T10:02:26.888+0000] {processor.py:914} INFO - Processing file /home/airflow/.local/lib/python3.12/site-packages/airflow/example_dags/example_params_trigger_ui.py for tasks to queue
[2025-04-02T10:02:26.891+0000] {logging_mixin.py:190} INFO - [2025-04-02T10:02:26.890+0000] {dagbag.py:588} INFO - Filling up the DagBag from /home/airflow/.local/lib/python3.12/site-packages/airflow/example_dags/example_params_trigger_ui.py
[2025-04-02T10:02:26.907+0000] {processor.py:925} INFO - DAG(s) 'example_params_trigger_ui' retrieved from /home/airflow/.local/lib/python3.12/site-packages/airflow/example_dags/example_params_trigger_ui.py
[2025-04-02T10:02:26.969+0000] {logging_mixin.py:190} INFO - [2025-04-02T10:02:26.968+0000] {dag.py:3239} INFO - Sync 1 DAGs
[2025-04-02T10:02:26.994+0000] {logging_mixin.py:190} INFO - [2025-04-02T10:02:26.994+0000] {dag.py:4180} INFO - Setting next_dagrun for example_params_trigger_ui to None, run_after=None
[2025-04-02T10:02:27.024+0000] {processor.py:208} INFO - Processing /home/airflow/.local/lib/python3.12/site-packages/airflow/example_dags/example_params_trigger_ui.py took 0.145 seconds
[2025-04-02T10:02:57.586+0000] {processor.py:186} INFO - Started process (PID=1350) to work on /home/airflow/.local/lib/python3.12/site-packages/airflow/example_dags/example_params_trigger_ui.py
[2025-04-02T10:02:57.588+0000] {processor.py:914} INFO - Processing file /home/airflow/.local/lib/python3.12/site-packages/airflow/example_dags/example_params_trigger_ui.py for tasks to queue
[2025-04-02T10:02:57.590+0000] {logging_mixin.py:190} INFO - [2025-04-02T10:02:57.590+0000] {dagbag.py:588} INFO - Filling up the DagBag from /home/airflow/.local/lib/python3.12/site-packages/airflow/example_dags/example_params_trigger_ui.py
[2025-04-02T10:02:57.608+0000] {processor.py:925} INFO - DAG(s) 'example_params_trigger_ui' retrieved from /home/airflow/.local/lib/python3.12/site-packages/airflow/example_dags/example_params_trigger_ui.py
[2025-04-02T10:02:57.670+0000] {logging_mixin.py:190} INFO - [2025-04-02T10:02:57.670+0000] {dag.py:3239} INFO - Sync 1 DAGs
[2025-04-02T10:02:57.691+0000] {logging_mixin.py:190} INFO - [2025-04-02T10:02:57.690+0000] {dag.py:4180} INFO - Setting next_dagrun for example_params_trigger_ui to None, run_after=None
[2025-04-02T10:02:57.720+0000] {processor.py:208} INFO - Processing /home/airflow/.local/lib/python3.12/site-packages/airflow/example_dags/example_params_trigger_ui.py took 0.143 seconds
[2025-04-02T10:03:28.501+0000] {processor.py:186} INFO - Started process (PID=1413) to work on /home/airflow/.local/lib/python3.12/site-packages/airflow/example_dags/example_params_trigger_ui.py
[2025-04-02T10:03:28.503+0000] {processor.py:914} INFO - Processing file /home/airflow/.local/lib/python3.12/site-packages/airflow/example_dags/example_params_trigger_ui.py for tasks to queue
[2025-04-02T10:03:28.505+0000] {logging_mixin.py:190} INFO - [2025-04-02T10:03:28.504+0000] {dagbag.py:588} INFO - Filling up the DagBag from /home/airflow/.local/lib/python3.12/site-packages/airflow/example_dags/example_params_trigger_ui.py
[2025-04-02T10:03:28.523+0000] {processor.py:925} INFO - DAG(s) 'example_params_trigger_ui' retrieved from /home/airflow/.local/lib/python3.12/site-packages/airflow/example_dags/example_params_trigger_ui.py
[2025-04-02T10:03:28.578+0000] {logging_mixin.py:190} INFO - [2025-04-02T10:03:28.577+0000] {dag.py:3239} INFO - Sync 1 DAGs
[2025-04-02T10:03:28.595+0000] {logging_mixin.py:190} INFO - [2025-04-02T10:03:28.595+0000] {dag.py:4180} INFO - Setting next_dagrun for example_params_trigger_ui to None, run_after=None
[2025-04-02T10:03:28.620+0000] {processor.py:208} INFO - Processing /home/airflow/.local/lib/python3.12/site-packages/airflow/example_dags/example_params_trigger_ui.py took 0.127 seconds
[2025-04-02T10:03:58.929+0000] {processor.py:186} INFO - Started process (PID=1476) to work on /home/airflow/.local/lib/python3.12/site-packages/airflow/example_dags/example_params_trigger_ui.py
[2025-04-02T10:03:58.930+0000] {processor.py:914} INFO - Processing file /home/airflow/.local/lib/python3.12/site-packages/airflow/example_dags/example_params_trigger_ui.py for tasks to queue
[2025-04-02T10:03:58.932+0000] {logging_mixin.py:190} INFO - [2025-04-02T10:03:58.932+0000] {dagbag.py:588} INFO - Filling up the DagBag from /home/airflow/.local/lib/python3.12/site-packages/airflow/example_dags/example_params_trigger_ui.py
[2025-04-02T10:03:58.953+0000] {processor.py:925} INFO - DAG(s) 'example_params_trigger_ui' retrieved from /home/airflow/.local/lib/python3.12/site-packages/airflow/example_dags/example_params_trigger_ui.py
[2025-04-02T10:03:59.012+0000] {logging_mixin.py:190} INFO - [2025-04-02T10:03:59.012+0000] {dag.py:3239} INFO - Sync 1 DAGs
[2025-04-02T10:03:59.033+0000] {logging_mixin.py:190} INFO - [2025-04-02T10:03:59.032+0000] {dag.py:4180} INFO - Setting next_dagrun for example_params_trigger_ui to None, run_after=None
[2025-04-02T10:03:59.064+0000] {processor.py:208} INFO - Processing /home/airflow/.local/lib/python3.12/site-packages/airflow/example_dags/example_params_trigger_ui.py took 0.145 seconds
[2025-04-02T10:04:29.626+0000] {processor.py:186} INFO - Started process (PID=1540) to work on /home/airflow/.local/lib/python3.12/site-packages/airflow/example_dags/example_params_trigger_ui.py
[2025-04-02T10:04:29.628+0000] {processor.py:914} INFO - Processing file /home/airflow/.local/lib/python3.12/site-packages/airflow/example_dags/example_params_trigger_ui.py for tasks to queue
[2025-04-02T10:04:29.631+0000] {logging_mixin.py:190} INFO - [2025-04-02T10:04:29.631+0000] {dagbag.py:588} INFO - Filling up the DagBag from /home/airflow/.local/lib/python3.12/site-packages/airflow/example_dags/example_params_trigger_ui.py
[2025-04-02T10:04:29.655+0000] {processor.py:925} INFO - DAG(s) 'example_params_trigger_ui' retrieved from /home/airflow/.local/lib/python3.12/site-packages/airflow/example_dags/example_params_trigger_ui.py
[2025-04-02T10:04:29.728+0000] {logging_mixin.py:190} INFO - [2025-04-02T10:04:29.727+0000] {dag.py:3239} INFO - Sync 1 DAGs
[2025-04-02T10:04:29.749+0000] {logging_mixin.py:190} INFO - [2025-04-02T10:04:29.748+0000] {dag.py:4180} INFO - Setting next_dagrun for example_params_trigger_ui to None, run_after=None
[2025-04-02T10:04:29.795+0000] {processor.py:208} INFO - Processing /home/airflow/.local/lib/python3.12/site-packages/airflow/example_dags/example_params_trigger_ui.py took 0.182 seconds
[2025-04-02T10:05:00.499+0000] {processor.py:186} INFO - Started process (PID=1603) to work on /home/airflow/.local/lib/python3.12/site-packages/airflow/example_dags/example_params_trigger_ui.py
[2025-04-02T10:05:00.502+0000] {processor.py:914} INFO - Processing file /home/airflow/.local/lib/python3.12/site-packages/airflow/example_dags/example_params_trigger_ui.py for tasks to queue
[2025-04-02T10:05:00.504+0000] {logging_mixin.py:190} INFO - [2025-04-02T10:05:00.504+0000] {dagbag.py:588} INFO - Filling up the DagBag from /home/airflow/.local/lib/python3.12/site-packages/airflow/example_dags/example_params_trigger_ui.py
[2025-04-02T10:05:00.528+0000] {processor.py:925} INFO - DAG(s) 'example_params_trigger_ui' retrieved from /home/airflow/.local/lib/python3.12/site-packages/airflow/example_dags/example_params_trigger_ui.py
[2025-04-02T10:05:00.603+0000] {logging_mixin.py:190} INFO - [2025-04-02T10:05:00.603+0000] {dag.py:3239} INFO - Sync 1 DAGs
[2025-04-02T10:05:00.626+0000] {logging_mixin.py:190} INFO - [2025-04-02T10:05:00.625+0000] {dag.py:4180} INFO - Setting next_dagrun for example_params_trigger_ui to None, run_after=None
[2025-04-02T10:05:00.667+0000] {processor.py:208} INFO - Processing /home/airflow/.local/lib/python3.12/site-packages/airflow/example_dags/example_params_trigger_ui.py took 0.178 seconds
[2025-04-02T10:05:30.778+0000] {processor.py:186} INFO - Started process (PID=1666) to work on /home/airflow/.local/lib/python3.12/site-packages/airflow/example_dags/example_params_trigger_ui.py
[2025-04-02T10:05:30.780+0000] {processor.py:914} INFO - Processing file /home/airflow/.local/lib/python3.12/site-packages/airflow/example_dags/example_params_trigger_ui.py for tasks to queue
[2025-04-02T10:05:30.782+0000] {logging_mixin.py:190} INFO - [2025-04-02T10:05:30.781+0000] {dagbag.py:588} INFO - Filling up the DagBag from /home/airflow/.local/lib/python3.12/site-packages/airflow/example_dags/example_params_trigger_ui.py
[2025-04-02T10:05:30.799+0000] {processor.py:925} INFO - DAG(s) 'example_params_trigger_ui' retrieved from /home/airflow/.local/lib/python3.12/site-packages/airflow/example_dags/example_params_trigger_ui.py
[2025-04-02T10:05:30.858+0000] {logging_mixin.py:190} INFO - [2025-04-02T10:05:30.858+0000] {dag.py:3239} INFO - Sync 1 DAGs
[2025-04-02T10:05:30.877+0000] {logging_mixin.py:190} INFO - [2025-04-02T10:05:30.877+0000] {dag.py:4180} INFO - Setting next_dagrun for example_params_trigger_ui to None, run_after=None
[2025-04-02T10:05:30.906+0000] {processor.py:208} INFO - Processing /home/airflow/.local/lib/python3.12/site-packages/airflow/example_dags/example_params_trigger_ui.py took 0.135 seconds
[2025-04-02T10:06:01.578+0000] {processor.py:186} INFO - Started process (PID=1729) to work on /home/airflow/.local/lib/python3.12/site-packages/airflow/example_dags/example_params_trigger_ui.py
[2025-04-02T10:06:01.580+0000] {processor.py:914} INFO - Processing file /home/airflow/.local/lib/python3.12/site-packages/airflow/example_dags/example_params_trigger_ui.py for tasks to queue
[2025-04-02T10:06:01.582+0000] {logging_mixin.py:190} INFO - [2025-04-02T10:06:01.582+0000] {dagbag.py:588} INFO - Filling up the DagBag from /home/airflow/.local/lib/python3.12/site-packages/airflow/example_dags/example_params_trigger_ui.py
[2025-04-02T10:06:01.602+0000] {processor.py:925} INFO - DAG(s) 'example_params_trigger_ui' retrieved from /home/airflow/.local/lib/python3.12/site-packages/airflow/example_dags/example_params_trigger_ui.py
[2025-04-02T10:06:01.699+0000] {logging_mixin.py:190} INFO - [2025-04-02T10:06:01.698+0000] {dag.py:3239} INFO - Sync 1 DAGs
[2025-04-02T10:06:01.723+0000] {logging_mixin.py:190} INFO - [2025-04-02T10:06:01.723+0000] {dag.py:4180} INFO - Setting next_dagrun for example_params_trigger_ui to None, run_after=None
[2025-04-02T10:06:01.755+0000] {processor.py:208} INFO - Processing /home/airflow/.local/lib/python3.12/site-packages/airflow/example_dags/example_params_trigger_ui.py took 0.184 seconds
[2025-04-02T10:06:32.150+0000] {processor.py:186} INFO - Started process (PID=1792) to work on /home/airflow/.local/lib/python3.12/site-packages/airflow/example_dags/example_params_trigger_ui.py
[2025-04-02T10:06:32.152+0000] {processor.py:914} INFO - Processing file /home/airflow/.local/lib/python3.12/site-packages/airflow/example_dags/example_params_trigger_ui.py for tasks to queue
[2025-04-02T10:06:32.156+0000] {logging_mixin.py:190} INFO - [2025-04-02T10:06:32.155+0000] {dagbag.py:588} INFO - Filling up the DagBag from /home/airflow/.local/lib/python3.12/site-packages/airflow/example_dags/example_params_trigger_ui.py
[2025-04-02T10:06:32.190+0000] {processor.py:925} INFO - DAG(s) 'example_params_trigger_ui' retrieved from /home/airflow/.local/lib/python3.12/site-packages/airflow/example_dags/example_params_trigger_ui.py
[2025-04-02T10:06:32.271+0000] {logging_mixin.py:190} INFO - [2025-04-02T10:06:32.271+0000] {dag.py:3239} INFO - Sync 1 DAGs
[2025-04-02T10:06:32.306+0000] {logging_mixin.py:190} INFO - [2025-04-02T10:06:32.306+0000] {dag.py:4180} INFO - Setting next_dagrun for example_params_trigger_ui to None, run_after=None
[2025-04-02T10:06:32.366+0000] {processor.py:208} INFO - Processing /home/airflow/.local/lib/python3.12/site-packages/airflow/example_dags/example_params_trigger_ui.py took 0.236 seconds
[2025-04-02T10:07:03.064+0000] {processor.py:186} INFO - Started process (PID=1855) to work on /home/airflow/.local/lib/python3.12/site-packages/airflow/example_dags/example_params_trigger_ui.py
[2025-04-02T10:07:03.065+0000] {processor.py:914} INFO - Processing file /home/airflow/.local/lib/python3.12/site-packages/airflow/example_dags/example_params_trigger_ui.py for tasks to queue
[2025-04-02T10:07:03.067+0000] {logging_mixin.py:190} INFO - [2025-04-02T10:07:03.067+0000] {dagbag.py:588} INFO - Filling up the DagBag from /home/airflow/.local/lib/python3.12/site-packages/airflow/example_dags/example_params_trigger_ui.py
[2025-04-02T10:07:03.086+0000] {processor.py:925} INFO - DAG(s) 'example_params_trigger_ui' retrieved from /home/airflow/.local/lib/python3.12/site-packages/airflow/example_dags/example_params_trigger_ui.py
[2025-04-02T10:07:03.168+0000] {logging_mixin.py:190} INFO - [2025-04-02T10:07:03.167+0000] {dag.py:3239} INFO - Sync 1 DAGs
[2025-04-02T10:07:03.194+0000] {logging_mixin.py:190} INFO - [2025-04-02T10:07:03.193+0000] {dag.py:4180} INFO - Setting next_dagrun for example_params_trigger_ui to None, run_after=None
[2025-04-02T10:07:03.244+0000] {processor.py:208} INFO - Processing /home/airflow/.local/lib/python3.12/site-packages/airflow/example_dags/example_params_trigger_ui.py took 0.190 seconds
[2025-04-02T10:07:33.351+0000] {processor.py:186} INFO - Started process (PID=1918) to work on /home/airflow/.local/lib/python3.12/site-packages/airflow/example_dags/example_params_trigger_ui.py
[2025-04-02T10:07:33.353+0000] {processor.py:914} INFO - Processing file /home/airflow/.local/lib/python3.12/site-packages/airflow/example_dags/example_params_trigger_ui.py for tasks to queue
[2025-04-02T10:07:33.355+0000] {logging_mixin.py:190} INFO - [2025-04-02T10:07:33.355+0000] {dagbag.py:588} INFO - Filling up the DagBag from /home/airflow/.local/lib/python3.12/site-packages/airflow/example_dags/example_params_trigger_ui.py
[2025-04-02T10:07:33.373+0000] {processor.py:925} INFO - DAG(s) 'example_params_trigger_ui' retrieved from /home/airflow/.local/lib/python3.12/site-packages/airflow/example_dags/example_params_trigger_ui.py
[2025-04-02T10:07:33.447+0000] {logging_mixin.py:190} INFO - [2025-04-02T10:07:33.447+0000] {dag.py:3239} INFO - Sync 1 DAGs
[2025-04-02T10:07:33.466+0000] {logging_mixin.py:190} INFO - [2025-04-02T10:07:33.466+0000] {dag.py:4180} INFO - Setting next_dagrun for example_params_trigger_ui to None, run_after=None
[2025-04-02T10:07:33.506+0000] {processor.py:208} INFO - Processing /home/airflow/.local/lib/python3.12/site-packages/airflow/example_dags/example_params_trigger_ui.py took 0.163 seconds
[2025-04-02T10:08:03.616+0000] {processor.py:186} INFO - Started process (PID=1981) to work on /home/airflow/.local/lib/python3.12/site-packages/airflow/example_dags/example_params_trigger_ui.py
[2025-04-02T10:08:03.618+0000] {processor.py:914} INFO - Processing file /home/airflow/.local/lib/python3.12/site-packages/airflow/example_dags/example_params_trigger_ui.py for tasks to queue
[2025-04-02T10:08:03.619+0000] {logging_mixin.py:190} INFO - [2025-04-02T10:08:03.619+0000] {dagbag.py:588} INFO - Filling up the DagBag from /home/airflow/.local/lib/python3.12/site-packages/airflow/example_dags/example_params_trigger_ui.py
[2025-04-02T10:08:03.635+0000] {processor.py:925} INFO - DAG(s) 'example_params_trigger_ui' retrieved from /home/airflow/.local/lib/python3.12/site-packages/airflow/example_dags/example_params_trigger_ui.py
[2025-04-02T10:08:03.684+0000] {logging_mixin.py:190} INFO - [2025-04-02T10:08:03.684+0000] {dag.py:3239} INFO - Sync 1 DAGs
[2025-04-02T10:08:03.702+0000] {logging_mixin.py:190} INFO - [2025-04-02T10:08:03.702+0000] {dag.py:4180} INFO - Setting next_dagrun for example_params_trigger_ui to None, run_after=None
[2025-04-02T10:08:03.731+0000] {processor.py:208} INFO - Processing /home/airflow/.local/lib/python3.12/site-packages/airflow/example_dags/example_params_trigger_ui.py took 0.121 seconds
[2025-04-02T10:08:33.934+0000] {processor.py:186} INFO - Started process (PID=2044) to work on /home/airflow/.local/lib/python3.12/site-packages/airflow/example_dags/example_params_trigger_ui.py
[2025-04-02T10:08:33.937+0000] {processor.py:914} INFO - Processing file /home/airflow/.local/lib/python3.12/site-packages/airflow/example_dags/example_params_trigger_ui.py for tasks to queue
[2025-04-02T10:08:33.939+0000] {logging_mixin.py:190} INFO - [2025-04-02T10:08:33.939+0000] {dagbag.py:588} INFO - Filling up the DagBag from /home/airflow/.local/lib/python3.12/site-packages/airflow/example_dags/example_params_trigger_ui.py
[2025-04-02T10:08:33.962+0000] {processor.py:925} INFO - DAG(s) 'example_params_trigger_ui' retrieved from /home/airflow/.local/lib/python3.12/site-packages/airflow/example_dags/example_params_trigger_ui.py
[2025-04-02T10:08:34.024+0000] {logging_mixin.py:190} INFO - [2025-04-02T10:08:34.024+0000] {dag.py:3239} INFO - Sync 1 DAGs
[2025-04-02T10:08:34.042+0000] {logging_mixin.py:190} INFO - [2025-04-02T10:08:34.042+0000] {dag.py:4180} INFO - Setting next_dagrun for example_params_trigger_ui to None, run_after=None
[2025-04-02T10:08:34.073+0000] {processor.py:208} INFO - Processing /home/airflow/.local/lib/python3.12/site-packages/airflow/example_dags/example_params_trigger_ui.py took 0.150 seconds
[2025-04-02T10:09:04.279+0000] {processor.py:186} INFO - Started process (PID=2107) to work on /home/airflow/.local/lib/python3.12/site-packages/airflow/example_dags/example_params_trigger_ui.py
[2025-04-02T10:09:04.280+0000] {processor.py:914} INFO - Processing file /home/airflow/.local/lib/python3.12/site-packages/airflow/example_dags/example_params_trigger_ui.py for tasks to queue
[2025-04-02T10:09:04.283+0000] {logging_mixin.py:190} INFO - [2025-04-02T10:09:04.282+0000] {dagbag.py:588} INFO - Filling up the DagBag from /home/airflow/.local/lib/python3.12/site-packages/airflow/example_dags/example_params_trigger_ui.py
[2025-04-02T10:09:04.303+0000] {processor.py:925} INFO - DAG(s) 'example_params_trigger_ui' retrieved from /home/airflow/.local/lib/python3.12/site-packages/airflow/example_dags/example_params_trigger_ui.py
[2025-04-02T10:09:04.356+0000] {logging_mixin.py:190} INFO - [2025-04-02T10:09:04.355+0000] {dag.py:3239} INFO - Sync 1 DAGs
[2025-04-02T10:09:04.372+0000] {logging_mixin.py:190} INFO - [2025-04-02T10:09:04.372+0000] {dag.py:4180} INFO - Setting next_dagrun for example_params_trigger_ui to None, run_after=None
[2025-04-02T10:09:04.397+0000] {processor.py:208} INFO - Processing /home/airflow/.local/lib/python3.12/site-packages/airflow/example_dags/example_params_trigger_ui.py took 0.128 seconds
[2025-04-02T10:09:35.229+0000] {processor.py:186} INFO - Started process (PID=2170) to work on /home/airflow/.local/lib/python3.12/site-packages/airflow/example_dags/example_params_trigger_ui.py
[2025-04-02T10:09:35.231+0000] {processor.py:914} INFO - Processing file /home/airflow/.local/lib/python3.12/site-packages/airflow/example_dags/example_params_trigger_ui.py for tasks to queue
[2025-04-02T10:09:35.233+0000] {logging_mixin.py:190} INFO - [2025-04-02T10:09:35.232+0000] {dagbag.py:588} INFO - Filling up the DagBag from /home/airflow/.local/lib/python3.12/site-packages/airflow/example_dags/example_params_trigger_ui.py
[2025-04-02T10:09:35.250+0000] {processor.py:925} INFO - DAG(s) 'example_params_trigger_ui' retrieved from /home/airflow/.local/lib/python3.12/site-packages/airflow/example_dags/example_params_trigger_ui.py
[2025-04-02T10:09:35.308+0000] {logging_mixin.py:190} INFO - [2025-04-02T10:09:35.307+0000] {dag.py:3239} INFO - Sync 1 DAGs
[2025-04-02T10:09:35.327+0000] {logging_mixin.py:190} INFO - [2025-04-02T10:09:35.326+0000] {dag.py:4180} INFO - Setting next_dagrun for example_params_trigger_ui to None, run_after=None
[2025-04-02T10:09:35.355+0000] {processor.py:208} INFO - Processing /home/airflow/.local/lib/python3.12/site-packages/airflow/example_dags/example_params_trigger_ui.py took 0.134 seconds
[2025-04-02T10:10:05.564+0000] {processor.py:186} INFO - Started process (PID=2234) to work on /home/airflow/.local/lib/python3.12/site-packages/airflow/example_dags/example_params_trigger_ui.py
[2025-04-02T10:10:05.565+0000] {processor.py:914} INFO - Processing file /home/airflow/.local/lib/python3.12/site-packages/airflow/example_dags/example_params_trigger_ui.py for tasks to queue
[2025-04-02T10:10:05.567+0000] {logging_mixin.py:190} INFO - [2025-04-02T10:10:05.567+0000] {dagbag.py:588} INFO - Filling up the DagBag from /home/airflow/.local/lib/python3.12/site-packages/airflow/example_dags/example_params_trigger_ui.py
[2025-04-02T10:10:05.586+0000] {processor.py:925} INFO - DAG(s) 'example_params_trigger_ui' retrieved from /home/airflow/.local/lib/python3.12/site-packages/airflow/example_dags/example_params_trigger_ui.py
[2025-04-02T10:10:05.655+0000] {logging_mixin.py:190} INFO - [2025-04-02T10:10:05.654+0000] {dag.py:3239} INFO - Sync 1 DAGs
[2025-04-02T10:10:05.679+0000] {logging_mixin.py:190} INFO - [2025-04-02T10:10:05.678+0000] {dag.py:4180} INFO - Setting next_dagrun for example_params_trigger_ui to None, run_after=None
[2025-04-02T10:10:05.708+0000] {processor.py:208} INFO - Processing /home/airflow/.local/lib/python3.12/site-packages/airflow/example_dags/example_params_trigger_ui.py took 0.155 seconds
[2025-04-02T10:10:35.919+0000] {processor.py:186} INFO - Started process (PID=2297) to work on /home/airflow/.local/lib/python3.12/site-packages/airflow/example_dags/example_params_trigger_ui.py
[2025-04-02T10:10:35.921+0000] {processor.py:914} INFO - Processing file /home/airflow/.local/lib/python3.12/site-packages/airflow/example_dags/example_params_trigger_ui.py for tasks to queue
[2025-04-02T10:10:35.924+0000] {logging_mixin.py:190} INFO - [2025-04-02T10:10:35.923+0000] {dagbag.py:588} INFO - Filling up the DagBag from /home/airflow/.local/lib/python3.12/site-packages/airflow/example_dags/example_params_trigger_ui.py
[2025-04-02T10:10:35.946+0000] {processor.py:925} INFO - DAG(s) 'example_params_trigger_ui' retrieved from /home/airflow/.local/lib/python3.12/site-packages/airflow/example_dags/example_params_trigger_ui.py
[2025-04-02T10:10:36.021+0000] {logging_mixin.py:190} INFO - [2025-04-02T10:10:36.020+0000] {dag.py:3239} INFO - Sync 1 DAGs
[2025-04-02T10:10:36.064+0000] {logging_mixin.py:190} INFO - [2025-04-02T10:10:36.064+0000] {dag.py:4180} INFO - Setting next_dagrun for example_params_trigger_ui to None, run_after=None
[2025-04-02T10:10:36.128+0000] {processor.py:208} INFO - Processing /home/airflow/.local/lib/python3.12/site-packages/airflow/example_dags/example_params_trigger_ui.py took 0.218 seconds
[2025-04-02T10:11:06.223+0000] {processor.py:186} INFO - Started process (PID=2360) to work on /home/airflow/.local/lib/python3.12/site-packages/airflow/example_dags/example_params_trigger_ui.py
[2025-04-02T10:11:06.225+0000] {processor.py:914} INFO - Processing file /home/airflow/.local/lib/python3.12/site-packages/airflow/example_dags/example_params_trigger_ui.py for tasks to queue
[2025-04-02T10:11:06.226+0000] {logging_mixin.py:190} INFO - [2025-04-02T10:11:06.226+0000] {dagbag.py:588} INFO - Filling up the DagBag from /home/airflow/.local/lib/python3.12/site-packages/airflow/example_dags/example_params_trigger_ui.py
[2025-04-02T10:11:06.242+0000] {processor.py:925} INFO - DAG(s) 'example_params_trigger_ui' retrieved from /home/airflow/.local/lib/python3.12/site-packages/airflow/example_dags/example_params_trigger_ui.py
[2025-04-02T10:11:06.302+0000] {logging_mixin.py:190} INFO - [2025-04-02T10:11:06.301+0000] {dag.py:3239} INFO - Sync 1 DAGs
[2025-04-02T10:11:06.323+0000] {logging_mixin.py:190} INFO - [2025-04-02T10:11:06.322+0000] {dag.py:4180} INFO - Setting next_dagrun for example_params_trigger_ui to None, run_after=None
[2025-04-02T10:11:06.350+0000] {processor.py:208} INFO - Processing /home/airflow/.local/lib/python3.12/site-packages/airflow/example_dags/example_params_trigger_ui.py took 0.137 seconds
[2025-04-02T10:11:36.966+0000] {processor.py:186} INFO - Started process (PID=2423) to work on /home/airflow/.local/lib/python3.12/site-packages/airflow/example_dags/example_params_trigger_ui.py
[2025-04-02T10:11:36.967+0000] {processor.py:914} INFO - Processing file /home/airflow/.local/lib/python3.12/site-packages/airflow/example_dags/example_params_trigger_ui.py for tasks to queue
[2025-04-02T10:11:36.969+0000] {logging_mixin.py:190} INFO - [2025-04-02T10:11:36.969+0000] {dagbag.py:588} INFO - Filling up the DagBag from /home/airflow/.local/lib/python3.12/site-packages/airflow/example_dags/example_params_trigger_ui.py
[2025-04-02T10:11:36.989+0000] {processor.py:925} INFO - DAG(s) 'example_params_trigger_ui' retrieved from /home/airflow/.local/lib/python3.12/site-packages/airflow/example_dags/example_params_trigger_ui.py
[2025-04-02T10:11:37.056+0000] {logging_mixin.py:190} INFO - [2025-04-02T10:11:37.056+0000] {dag.py:3239} INFO - Sync 1 DAGs
[2025-04-02T10:11:37.077+0000] {logging_mixin.py:190} INFO - [2025-04-02T10:11:37.076+0000] {dag.py:4180} INFO - Setting next_dagrun for example_params_trigger_ui to None, run_after=None
[2025-04-02T10:11:37.107+0000] {processor.py:208} INFO - Processing /home/airflow/.local/lib/python3.12/site-packages/airflow/example_dags/example_params_trigger_ui.py took 0.148 seconds
[2025-04-02T10:12:07.274+0000] {processor.py:186} INFO - Started process (PID=2487) to work on /home/airflow/.local/lib/python3.12/site-packages/airflow/example_dags/example_params_trigger_ui.py
[2025-04-02T10:12:07.275+0000] {processor.py:914} INFO - Processing file /home/airflow/.local/lib/python3.12/site-packages/airflow/example_dags/example_params_trigger_ui.py for tasks to queue
[2025-04-02T10:12:07.277+0000] {logging_mixin.py:190} INFO - [2025-04-02T10:12:07.277+0000] {dagbag.py:588} INFO - Filling up the DagBag from /home/airflow/.local/lib/python3.12/site-packages/airflow/example_dags/example_params_trigger_ui.py
[2025-04-02T10:12:07.300+0000] {processor.py:925} INFO - DAG(s) 'example_params_trigger_ui' retrieved from /home/airflow/.local/lib/python3.12/site-packages/airflow/example_dags/example_params_trigger_ui.py
[2025-04-02T10:12:07.371+0000] {logging_mixin.py:190} INFO - [2025-04-02T10:12:07.371+0000] {dag.py:3239} INFO - Sync 1 DAGs
[2025-04-02T10:12:07.397+0000] {logging_mixin.py:190} INFO - [2025-04-02T10:12:07.396+0000] {dag.py:4180} INFO - Setting next_dagrun for example_params_trigger_ui to None, run_after=None
[2025-04-02T10:12:07.425+0000] {processor.py:208} INFO - Processing /home/airflow/.local/lib/python3.12/site-packages/airflow/example_dags/example_params_trigger_ui.py took 0.165 seconds
[2025-04-02T10:12:37.967+0000] {processor.py:186} INFO - Started process (PID=2550) to work on /home/airflow/.local/lib/python3.12/site-packages/airflow/example_dags/example_params_trigger_ui.py
[2025-04-02T10:12:37.968+0000] {processor.py:914} INFO - Processing file /home/airflow/.local/lib/python3.12/site-packages/airflow/example_dags/example_params_trigger_ui.py for tasks to queue
[2025-04-02T10:12:37.970+0000] {logging_mixin.py:190} INFO - [2025-04-02T10:12:37.969+0000] {dagbag.py:588} INFO - Filling up the DagBag from /home/airflow/.local/lib/python3.12/site-packages/airflow/example_dags/example_params_trigger_ui.py
[2025-04-02T10:12:37.989+0000] {processor.py:925} INFO - DAG(s) 'example_params_trigger_ui' retrieved from /home/airflow/.local/lib/python3.12/site-packages/airflow/example_dags/example_params_trigger_ui.py
[2025-04-02T10:12:38.055+0000] {logging_mixin.py:190} INFO - [2025-04-02T10:12:38.054+0000] {dag.py:3239} INFO - Sync 1 DAGs
[2025-04-02T10:12:38.074+0000] {logging_mixin.py:190} INFO - [2025-04-02T10:12:38.074+0000] {dag.py:4180} INFO - Setting next_dagrun for example_params_trigger_ui to None, run_after=None
[2025-04-02T10:12:38.103+0000] {processor.py:208} INFO - Processing /home/airflow/.local/lib/python3.12/site-packages/airflow/example_dags/example_params_trigger_ui.py took 0.145 seconds
[2025-04-02T10:13:08.477+0000] {processor.py:186} INFO - Started process (PID=2613) to work on /home/airflow/.local/lib/python3.12/site-packages/airflow/example_dags/example_params_trigger_ui.py
[2025-04-02T10:13:08.479+0000] {processor.py:914} INFO - Processing file /home/airflow/.local/lib/python3.12/site-packages/airflow/example_dags/example_params_trigger_ui.py for tasks to queue
[2025-04-02T10:13:08.481+0000] {logging_mixin.py:190} INFO - [2025-04-02T10:13:08.481+0000] {dagbag.py:588} INFO - Filling up the DagBag from /home/airflow/.local/lib/python3.12/site-packages/airflow/example_dags/example_params_trigger_ui.py
[2025-04-02T10:13:08.496+0000] {processor.py:925} INFO - DAG(s) 'example_params_trigger_ui' retrieved from /home/airflow/.local/lib/python3.12/site-packages/airflow/example_dags/example_params_trigger_ui.py
[2025-04-02T10:13:08.559+0000] {logging_mixin.py:190} INFO - [2025-04-02T10:13:08.559+0000] {dag.py:3239} INFO - Sync 1 DAGs
[2025-04-02T10:13:08.584+0000] {logging_mixin.py:190} INFO - [2025-04-02T10:13:08.583+0000] {dag.py:4180} INFO - Setting next_dagrun for example_params_trigger_ui to None, run_after=None
[2025-04-02T10:13:08.615+0000] {processor.py:208} INFO - Processing /home/airflow/.local/lib/python3.12/site-packages/airflow/example_dags/example_params_trigger_ui.py took 0.145 seconds
[2025-04-02T10:13:40.335+0000] {processor.py:186} INFO - Started process (PID=2683) to work on /home/airflow/.local/lib/python3.12/site-packages/airflow/example_dags/example_params_trigger_ui.py
[2025-04-02T10:13:40.337+0000] {processor.py:914} INFO - Processing file /home/airflow/.local/lib/python3.12/site-packages/airflow/example_dags/example_params_trigger_ui.py for tasks to queue
[2025-04-02T10:13:40.339+0000] {logging_mixin.py:190} INFO - [2025-04-02T10:13:40.339+0000] {dagbag.py:588} INFO - Filling up the DagBag from /home/airflow/.local/lib/python3.12/site-packages/airflow/example_dags/example_params_trigger_ui.py
[2025-04-02T10:13:40.358+0000] {processor.py:925} INFO - DAG(s) 'example_params_trigger_ui' retrieved from /home/airflow/.local/lib/python3.12/site-packages/airflow/example_dags/example_params_trigger_ui.py
[2025-04-02T10:13:40.413+0000] {logging_mixin.py:190} INFO - [2025-04-02T10:13:40.413+0000] {dag.py:3239} INFO - Sync 1 DAGs
[2025-04-02T10:13:40.432+0000] {logging_mixin.py:190} INFO - [2025-04-02T10:13:40.431+0000] {dag.py:4180} INFO - Setting next_dagrun for example_params_trigger_ui to None, run_after=None
[2025-04-02T10:13:40.456+0000] {processor.py:208} INFO - Processing /home/airflow/.local/lib/python3.12/site-packages/airflow/example_dags/example_params_trigger_ui.py took 0.132 seconds
[2025-04-02T13:35:36.738+0000] {processor.py:186} INFO - Started process (PID=2707) to work on /home/airflow/.local/lib/python3.12/site-packages/airflow/example_dags/example_params_trigger_ui.py
[2025-04-02T13:35:36.740+0000] {processor.py:914} INFO - Processing file /home/airflow/.local/lib/python3.12/site-packages/airflow/example_dags/example_params_trigger_ui.py for tasks to queue
[2025-04-02T13:35:36.744+0000] {logging_mixin.py:190} INFO - [2025-04-02T13:35:36.743+0000] {dagbag.py:588} INFO - Filling up the DagBag from /home/airflow/.local/lib/python3.12/site-packages/airflow/example_dags/example_params_trigger_ui.py
[2025-04-02T13:35:36.791+0000] {processor.py:925} INFO - DAG(s) 'example_params_trigger_ui' retrieved from /home/airflow/.local/lib/python3.12/site-packages/airflow/example_dags/example_params_trigger_ui.py
[2025-04-02T13:35:37.070+0000] {logging_mixin.py:190} INFO - [2025-04-02T13:35:37.070+0000] {dag.py:3239} INFO - Sync 1 DAGs
[2025-04-02T13:35:37.158+0000] {logging_mixin.py:190} INFO - [2025-04-02T13:35:37.157+0000] {dag.py:4180} INFO - Setting next_dagrun for example_params_trigger_ui to None, run_after=None
[2025-04-02T13:35:37.235+0000] {processor.py:208} INFO - Processing /home/airflow/.local/lib/python3.12/site-packages/airflow/example_dags/example_params_trigger_ui.py took 0.518 seconds
[2025-04-02T13:36:07.780+0000] {processor.py:186} INFO - Started process (PID=2769) to work on /home/airflow/.local/lib/python3.12/site-packages/airflow/example_dags/example_params_trigger_ui.py
[2025-04-02T13:36:07.782+0000] {processor.py:914} INFO - Processing file /home/airflow/.local/lib/python3.12/site-packages/airflow/example_dags/example_params_trigger_ui.py for tasks to queue
[2025-04-02T13:36:07.784+0000] {logging_mixin.py:190} INFO - [2025-04-02T13:36:07.784+0000] {dagbag.py:588} INFO - Filling up the DagBag from /home/airflow/.local/lib/python3.12/site-packages/airflow/example_dags/example_params_trigger_ui.py
[2025-04-02T13:36:07.802+0000] {processor.py:925} INFO - DAG(s) 'example_params_trigger_ui' retrieved from /home/airflow/.local/lib/python3.12/site-packages/airflow/example_dags/example_params_trigger_ui.py
[2025-04-02T13:36:07.876+0000] {logging_mixin.py:190} INFO - [2025-04-02T13:36:07.875+0000] {dag.py:3239} INFO - Sync 1 DAGs
[2025-04-02T13:36:07.897+0000] {logging_mixin.py:190} INFO - [2025-04-02T13:36:07.897+0000] {dag.py:4180} INFO - Setting next_dagrun for example_params_trigger_ui to None, run_after=None
[2025-04-02T13:36:07.933+0000] {processor.py:208} INFO - Processing /home/airflow/.local/lib/python3.12/site-packages/airflow/example_dags/example_params_trigger_ui.py took 0.162 seconds
[2025-04-02T13:36:38.105+0000] {processor.py:186} INFO - Started process (PID=2833) to work on /home/airflow/.local/lib/python3.12/site-packages/airflow/example_dags/example_params_trigger_ui.py
[2025-04-02T13:36:38.107+0000] {processor.py:914} INFO - Processing file /home/airflow/.local/lib/python3.12/site-packages/airflow/example_dags/example_params_trigger_ui.py for tasks to queue
[2025-04-02T13:36:38.109+0000] {logging_mixin.py:190} INFO - [2025-04-02T13:36:38.108+0000] {dagbag.py:588} INFO - Filling up the DagBag from /home/airflow/.local/lib/python3.12/site-packages/airflow/example_dags/example_params_trigger_ui.py
[2025-04-02T13:36:38.124+0000] {processor.py:925} INFO - DAG(s) 'example_params_trigger_ui' retrieved from /home/airflow/.local/lib/python3.12/site-packages/airflow/example_dags/example_params_trigger_ui.py
[2025-04-02T13:36:38.198+0000] {logging_mixin.py:190} INFO - [2025-04-02T13:36:38.198+0000] {dag.py:3239} INFO - Sync 1 DAGs
[2025-04-02T13:36:38.222+0000] {logging_mixin.py:190} INFO - [2025-04-02T13:36:38.222+0000] {dag.py:4180} INFO - Setting next_dagrun for example_params_trigger_ui to None, run_after=None
[2025-04-02T13:36:38.251+0000] {processor.py:208} INFO - Processing /home/airflow/.local/lib/python3.12/site-packages/airflow/example_dags/example_params_trigger_ui.py took 0.155 seconds
[2025-04-02T13:37:08.366+0000] {processor.py:186} INFO - Started process (PID=2895) to work on /home/airflow/.local/lib/python3.12/site-packages/airflow/example_dags/example_params_trigger_ui.py
[2025-04-02T13:37:08.367+0000] {processor.py:914} INFO - Processing file /home/airflow/.local/lib/python3.12/site-packages/airflow/example_dags/example_params_trigger_ui.py for tasks to queue
[2025-04-02T13:37:08.371+0000] {logging_mixin.py:190} INFO - [2025-04-02T13:37:08.370+0000] {dagbag.py:588} INFO - Filling up the DagBag from /home/airflow/.local/lib/python3.12/site-packages/airflow/example_dags/example_params_trigger_ui.py
[2025-04-02T13:37:08.390+0000] {processor.py:925} INFO - DAG(s) 'example_params_trigger_ui' retrieved from /home/airflow/.local/lib/python3.12/site-packages/airflow/example_dags/example_params_trigger_ui.py
[2025-04-02T13:37:08.450+0000] {logging_mixin.py:190} INFO - [2025-04-02T13:37:08.450+0000] {dag.py:3239} INFO - Sync 1 DAGs
[2025-04-02T13:37:08.471+0000] {logging_mixin.py:190} INFO - [2025-04-02T13:37:08.471+0000] {dag.py:4180} INFO - Setting next_dagrun for example_params_trigger_ui to None, run_after=None
[2025-04-02T13:37:08.499+0000] {processor.py:208} INFO - Processing /home/airflow/.local/lib/python3.12/site-packages/airflow/example_dags/example_params_trigger_ui.py took 0.142 seconds
[2025-04-02T13:37:38.563+0000] {processor.py:186} INFO - Started process (PID=2957) to work on /home/airflow/.local/lib/python3.12/site-packages/airflow/example_dags/example_params_trigger_ui.py
[2025-04-02T13:37:38.565+0000] {processor.py:914} INFO - Processing file /home/airflow/.local/lib/python3.12/site-packages/airflow/example_dags/example_params_trigger_ui.py for tasks to queue
[2025-04-02T13:37:38.567+0000] {logging_mixin.py:190} INFO - [2025-04-02T13:37:38.567+0000] {dagbag.py:588} INFO - Filling up the DagBag from /home/airflow/.local/lib/python3.12/site-packages/airflow/example_dags/example_params_trigger_ui.py
[2025-04-02T13:37:38.583+0000] {processor.py:925} INFO - DAG(s) 'example_params_trigger_ui' retrieved from /home/airflow/.local/lib/python3.12/site-packages/airflow/example_dags/example_params_trigger_ui.py
[2025-04-02T13:37:38.644+0000] {logging_mixin.py:190} INFO - [2025-04-02T13:37:38.643+0000] {dag.py:3239} INFO - Sync 1 DAGs
[2025-04-02T13:37:38.665+0000] {logging_mixin.py:190} INFO - [2025-04-02T13:37:38.665+0000] {dag.py:4180} INFO - Setting next_dagrun for example_params_trigger_ui to None, run_after=None
[2025-04-02T13:37:38.691+0000] {processor.py:208} INFO - Processing /home/airflow/.local/lib/python3.12/site-packages/airflow/example_dags/example_params_trigger_ui.py took 0.135 seconds
[2025-04-02T13:38:09.334+0000] {processor.py:186} INFO - Started process (PID=3020) to work on /home/airflow/.local/lib/python3.12/site-packages/airflow/example_dags/example_params_trigger_ui.py
[2025-04-02T13:38:09.335+0000] {processor.py:914} INFO - Processing file /home/airflow/.local/lib/python3.12/site-packages/airflow/example_dags/example_params_trigger_ui.py for tasks to queue
[2025-04-02T13:38:09.337+0000] {logging_mixin.py:190} INFO - [2025-04-02T13:38:09.337+0000] {dagbag.py:588} INFO - Filling up the DagBag from /home/airflow/.local/lib/python3.12/site-packages/airflow/example_dags/example_params_trigger_ui.py
[2025-04-02T13:38:09.352+0000] {processor.py:925} INFO - DAG(s) 'example_params_trigger_ui' retrieved from /home/airflow/.local/lib/python3.12/site-packages/airflow/example_dags/example_params_trigger_ui.py
[2025-04-02T13:38:09.415+0000] {logging_mixin.py:190} INFO - [2025-04-02T13:38:09.415+0000] {dag.py:3239} INFO - Sync 1 DAGs
[2025-04-02T13:38:09.440+0000] {logging_mixin.py:190} INFO - [2025-04-02T13:38:09.440+0000] {dag.py:4180} INFO - Setting next_dagrun for example_params_trigger_ui to None, run_after=None
[2025-04-02T13:38:09.469+0000] {processor.py:208} INFO - Processing /home/airflow/.local/lib/python3.12/site-packages/airflow/example_dags/example_params_trigger_ui.py took 0.143 seconds
[2025-04-02T13:38:40.506+0000] {processor.py:186} INFO - Started process (PID=3089) to work on /home/airflow/.local/lib/python3.12/site-packages/airflow/example_dags/example_params_trigger_ui.py
[2025-04-02T13:38:40.508+0000] {processor.py:914} INFO - Processing file /home/airflow/.local/lib/python3.12/site-packages/airflow/example_dags/example_params_trigger_ui.py for tasks to queue
[2025-04-02T13:38:40.511+0000] {logging_mixin.py:190} INFO - [2025-04-02T13:38:40.510+0000] {dagbag.py:588} INFO - Filling up the DagBag from /home/airflow/.local/lib/python3.12/site-packages/airflow/example_dags/example_params_trigger_ui.py
[2025-04-02T13:38:40.531+0000] {processor.py:925} INFO - DAG(s) 'example_params_trigger_ui' retrieved from /home/airflow/.local/lib/python3.12/site-packages/airflow/example_dags/example_params_trigger_ui.py
[2025-04-02T13:38:40.604+0000] {logging_mixin.py:190} INFO - [2025-04-02T13:38:40.603+0000] {dag.py:3239} INFO - Sync 1 DAGs
[2025-04-02T13:38:40.627+0000] {logging_mixin.py:190} INFO - [2025-04-02T13:38:40.627+0000] {dag.py:4180} INFO - Setting next_dagrun for example_params_trigger_ui to None, run_after=None
[2025-04-02T13:38:40.661+0000] {processor.py:208} INFO - Processing /home/airflow/.local/lib/python3.12/site-packages/airflow/example_dags/example_params_trigger_ui.py took 0.164 seconds
[2025-04-02T13:39:11.543+0000] {processor.py:186} INFO - Started process (PID=3152) to work on /home/airflow/.local/lib/python3.12/site-packages/airflow/example_dags/example_params_trigger_ui.py
[2025-04-02T13:39:11.544+0000] {processor.py:914} INFO - Processing file /home/airflow/.local/lib/python3.12/site-packages/airflow/example_dags/example_params_trigger_ui.py for tasks to queue
[2025-04-02T13:39:11.547+0000] {logging_mixin.py:190} INFO - [2025-04-02T13:39:11.546+0000] {dagbag.py:588} INFO - Filling up the DagBag from /home/airflow/.local/lib/python3.12/site-packages/airflow/example_dags/example_params_trigger_ui.py
[2025-04-02T13:39:11.564+0000] {processor.py:925} INFO - DAG(s) 'example_params_trigger_ui' retrieved from /home/airflow/.local/lib/python3.12/site-packages/airflow/example_dags/example_params_trigger_ui.py
[2025-04-02T13:39:11.627+0000] {logging_mixin.py:190} INFO - [2025-04-02T13:39:11.627+0000] {dag.py:3239} INFO - Sync 1 DAGs
[2025-04-02T13:39:11.647+0000] {logging_mixin.py:190} INFO - [2025-04-02T13:39:11.647+0000] {dag.py:4180} INFO - Setting next_dagrun for example_params_trigger_ui to None, run_after=None
[2025-04-02T13:39:11.674+0000] {processor.py:208} INFO - Processing /home/airflow/.local/lib/python3.12/site-packages/airflow/example_dags/example_params_trigger_ui.py took 0.138 seconds
[2025-04-02T13:39:41.868+0000] {processor.py:186} INFO - Started process (PID=3214) to work on /home/airflow/.local/lib/python3.12/site-packages/airflow/example_dags/example_params_trigger_ui.py
[2025-04-02T13:39:41.871+0000] {processor.py:914} INFO - Processing file /home/airflow/.local/lib/python3.12/site-packages/airflow/example_dags/example_params_trigger_ui.py for tasks to queue
[2025-04-02T13:39:41.873+0000] {logging_mixin.py:190} INFO - [2025-04-02T13:39:41.873+0000] {dagbag.py:588} INFO - Filling up the DagBag from /home/airflow/.local/lib/python3.12/site-packages/airflow/example_dags/example_params_trigger_ui.py
[2025-04-02T13:39:41.893+0000] {processor.py:925} INFO - DAG(s) 'example_params_trigger_ui' retrieved from /home/airflow/.local/lib/python3.12/site-packages/airflow/example_dags/example_params_trigger_ui.py
[2025-04-02T13:39:41.950+0000] {logging_mixin.py:190} INFO - [2025-04-02T13:39:41.950+0000] {dag.py:3239} INFO - Sync 1 DAGs
[2025-04-02T13:39:41.968+0000] {logging_mixin.py:190} INFO - [2025-04-02T13:39:41.968+0000] {dag.py:4180} INFO - Setting next_dagrun for example_params_trigger_ui to None, run_after=None
[2025-04-02T13:39:41.995+0000] {processor.py:208} INFO - Processing /home/airflow/.local/lib/python3.12/site-packages/airflow/example_dags/example_params_trigger_ui.py took 0.133 seconds
[2025-04-02T13:40:12.150+0000] {processor.py:186} INFO - Started process (PID=3277) to work on /home/airflow/.local/lib/python3.12/site-packages/airflow/example_dags/example_params_trigger_ui.py
[2025-04-02T13:40:12.151+0000] {processor.py:914} INFO - Processing file /home/airflow/.local/lib/python3.12/site-packages/airflow/example_dags/example_params_trigger_ui.py for tasks to queue
[2025-04-02T13:40:12.154+0000] {logging_mixin.py:190} INFO - [2025-04-02T13:40:12.153+0000] {dagbag.py:588} INFO - Filling up the DagBag from /home/airflow/.local/lib/python3.12/site-packages/airflow/example_dags/example_params_trigger_ui.py
[2025-04-02T13:40:12.170+0000] {processor.py:925} INFO - DAG(s) 'example_params_trigger_ui' retrieved from /home/airflow/.local/lib/python3.12/site-packages/airflow/example_dags/example_params_trigger_ui.py
[2025-04-02T13:40:12.227+0000] {logging_mixin.py:190} INFO - [2025-04-02T13:40:12.227+0000] {dag.py:3239} INFO - Sync 1 DAGs
[2025-04-02T13:40:12.244+0000] {logging_mixin.py:190} INFO - [2025-04-02T13:40:12.244+0000] {dag.py:4180} INFO - Setting next_dagrun for example_params_trigger_ui to None, run_after=None
[2025-04-02T13:40:12.271+0000] {processor.py:208} INFO - Processing /home/airflow/.local/lib/python3.12/site-packages/airflow/example_dags/example_params_trigger_ui.py took 0.129 seconds
[2025-04-02T13:40:42.813+0000] {processor.py:186} INFO - Started process (PID=3342) to work on /home/airflow/.local/lib/python3.12/site-packages/airflow/example_dags/example_params_trigger_ui.py
[2025-04-02T13:40:42.815+0000] {processor.py:914} INFO - Processing file /home/airflow/.local/lib/python3.12/site-packages/airflow/example_dags/example_params_trigger_ui.py for tasks to queue
[2025-04-02T13:40:42.818+0000] {logging_mixin.py:190} INFO - [2025-04-02T13:40:42.818+0000] {dagbag.py:588} INFO - Filling up the DagBag from /home/airflow/.local/lib/python3.12/site-packages/airflow/example_dags/example_params_trigger_ui.py
[2025-04-02T13:40:42.838+0000] {processor.py:925} INFO - DAG(s) 'example_params_trigger_ui' retrieved from /home/airflow/.local/lib/python3.12/site-packages/airflow/example_dags/example_params_trigger_ui.py
[2025-04-02T13:40:42.905+0000] {logging_mixin.py:190} INFO - [2025-04-02T13:40:42.905+0000] {dag.py:3239} INFO - Sync 1 DAGs
[2025-04-02T13:40:42.924+0000] {logging_mixin.py:190} INFO - [2025-04-02T13:40:42.924+0000] {dag.py:4180} INFO - Setting next_dagrun for example_params_trigger_ui to None, run_after=None
[2025-04-02T13:40:42.949+0000] {processor.py:208} INFO - Processing /home/airflow/.local/lib/python3.12/site-packages/airflow/example_dags/example_params_trigger_ui.py took 0.145 seconds
[2025-04-02T13:41:13.548+0000] {processor.py:186} INFO - Started process (PID=3405) to work on /home/airflow/.local/lib/python3.12/site-packages/airflow/example_dags/example_params_trigger_ui.py
[2025-04-02T13:41:13.549+0000] {processor.py:914} INFO - Processing file /home/airflow/.local/lib/python3.12/site-packages/airflow/example_dags/example_params_trigger_ui.py for tasks to queue
[2025-04-02T13:41:13.551+0000] {logging_mixin.py:190} INFO - [2025-04-02T13:41:13.551+0000] {dagbag.py:588} INFO - Filling up the DagBag from /home/airflow/.local/lib/python3.12/site-packages/airflow/example_dags/example_params_trigger_ui.py
[2025-04-02T13:41:13.578+0000] {processor.py:925} INFO - DAG(s) 'example_params_trigger_ui' retrieved from /home/airflow/.local/lib/python3.12/site-packages/airflow/example_dags/example_params_trigger_ui.py
[2025-04-02T13:41:13.639+0000] {logging_mixin.py:190} INFO - [2025-04-02T13:41:13.639+0000] {dag.py:3239} INFO - Sync 1 DAGs
[2025-04-02T13:41:13.659+0000] {logging_mixin.py:190} INFO - [2025-04-02T13:41:13.658+0000] {dag.py:4180} INFO - Setting next_dagrun for example_params_trigger_ui to None, run_after=None
[2025-04-02T13:41:13.691+0000] {processor.py:208} INFO - Processing /home/airflow/.local/lib/python3.12/site-packages/airflow/example_dags/example_params_trigger_ui.py took 0.152 seconds
