[2025-04-02T09:04:42.731+0000] {processor.py:186} INFO - Started process (PID=119) to work on /home/airflow/.local/lib/python3.12/site-packages/airflow/example_dags/example_trigger_target_dag.py
[2025-04-02T09:04:42.753+0000] {processor.py:914} INFO - Processing file /home/airflow/.local/lib/python3.12/site-packages/airflow/example_dags/example_trigger_target_dag.py for tasks to queue
[2025-04-02T09:04:42.758+0000] {logging_mixin.py:190} INFO - [2025-04-02T09:04:42.757+0000] {dagbag.py:588} INFO - Filling up the DagBag from /home/airflow/.local/lib/python3.12/site-packages/airflow/example_dags/example_trigger_target_dag.py
[2025-04-02T09:04:42.795+0000] {processor.py:925} INFO - DAG(s) 'example_trigger_target_dag' retrieved from /home/airflow/.local/lib/python3.12/site-packages/airflow/example_dags/example_trigger_target_dag.py
[2025-04-02T09:04:43.182+0000] {logging_mixin.py:190} INFO - [2025-04-02T09:04:43.181+0000] {override.py:1912} INFO - Created Permission View: can delete on DAG:example_trigger_target_dag
[2025-04-02T09:04:43.227+0000] {logging_mixin.py:190} INFO - [2025-04-02T09:04:43.227+0000] {override.py:1912} INFO - Created Permission View: can edit on DAG:example_trigger_target_dag
[2025-04-02T09:04:43.241+0000] {logging_mixin.py:190} INFO - [2025-04-02T09:04:43.241+0000] {override.py:1912} INFO - Created Permission View: can read on DAG:example_trigger_target_dag
[2025-04-02T09:04:43.279+0000] {logging_mixin.py:190} INFO - [2025-04-02T09:04:43.279+0000] {override.py:1912} INFO - Created Permission View: can delete on DAG Run:example_trigger_target_dag
[2025-04-02T09:04:43.290+0000] {logging_mixin.py:190} INFO - [2025-04-02T09:04:43.290+0000] {override.py:1912} INFO - Created Permission View: menu access on DAG Run:example_trigger_target_dag
[2025-04-02T09:04:43.318+0000] {logging_mixin.py:190} INFO - [2025-04-02T09:04:43.317+0000] {override.py:1912} INFO - Created Permission View: can create on DAG Run:example_trigger_target_dag
[2025-04-02T09:04:43.336+0000] {logging_mixin.py:190} INFO - [2025-04-02T09:04:43.336+0000] {override.py:1912} INFO - Created Permission View: can read on DAG Run:example_trigger_target_dag
[2025-04-02T09:04:43.337+0000] {logging_mixin.py:190} INFO - [2025-04-02T09:04:43.337+0000] {dag.py:3239} INFO - Sync 1 DAGs
[2025-04-02T09:04:43.404+0000] {logging_mixin.py:190} INFO - [2025-04-02T09:04:43.404+0000] {dag.py:3262} INFO - Creating ORM DAG for example_trigger_target_dag
[2025-04-02T09:04:43.406+0000] {logging_mixin.py:190} INFO - [2025-04-02T09:04:43.406+0000] {dag.py:4180} INFO - Setting next_dagrun for example_trigger_target_dag to None, run_after=None
[2025-04-02T09:04:43.473+0000] {processor.py:208} INFO - Processing /home/airflow/.local/lib/python3.12/site-packages/airflow/example_dags/example_trigger_target_dag.py took 0.757 seconds
[2025-04-02T09:05:13.898+0000] {processor.py:186} INFO - Started process (PID=182) to work on /home/airflow/.local/lib/python3.12/site-packages/airflow/example_dags/example_trigger_target_dag.py
[2025-04-02T09:05:13.899+0000] {processor.py:914} INFO - Processing file /home/airflow/.local/lib/python3.12/site-packages/airflow/example_dags/example_trigger_target_dag.py for tasks to queue
[2025-04-02T09:05:13.902+0000] {logging_mixin.py:190} INFO - [2025-04-02T09:05:13.902+0000] {dagbag.py:588} INFO - Filling up the DagBag from /home/airflow/.local/lib/python3.12/site-packages/airflow/example_dags/example_trigger_target_dag.py
[2025-04-02T09:05:13.911+0000] {processor.py:925} INFO - DAG(s) 'example_trigger_target_dag' retrieved from /home/airflow/.local/lib/python3.12/site-packages/airflow/example_dags/example_trigger_target_dag.py
[2025-04-02T09:05:13.933+0000] {logging_mixin.py:190} INFO - [2025-04-02T09:05:13.933+0000] {dag.py:3239} INFO - Sync 1 DAGs
[2025-04-02T09:05:13.950+0000] {logging_mixin.py:190} INFO - [2025-04-02T09:05:13.950+0000] {dag.py:4180} INFO - Setting next_dagrun for example_trigger_target_dag to None, run_after=None
[2025-04-02T09:05:13.975+0000] {processor.py:208} INFO - Processing /home/airflow/.local/lib/python3.12/site-packages/airflow/example_dags/example_trigger_target_dag.py took 0.083 seconds
[2025-04-02T09:05:44.526+0000] {processor.py:186} INFO - Started process (PID=245) to work on /home/airflow/.local/lib/python3.12/site-packages/airflow/example_dags/example_trigger_target_dag.py
[2025-04-02T09:05:44.528+0000] {processor.py:914} INFO - Processing file /home/airflow/.local/lib/python3.12/site-packages/airflow/example_dags/example_trigger_target_dag.py for tasks to queue
[2025-04-02T09:05:44.531+0000] {logging_mixin.py:190} INFO - [2025-04-02T09:05:44.530+0000] {dagbag.py:588} INFO - Filling up the DagBag from /home/airflow/.local/lib/python3.12/site-packages/airflow/example_dags/example_trigger_target_dag.py
[2025-04-02T09:05:44.538+0000] {processor.py:925} INFO - DAG(s) 'example_trigger_target_dag' retrieved from /home/airflow/.local/lib/python3.12/site-packages/airflow/example_dags/example_trigger_target_dag.py
[2025-04-02T09:05:44.561+0000] {logging_mixin.py:190} INFO - [2025-04-02T09:05:44.561+0000] {dag.py:3239} INFO - Sync 1 DAGs
[2025-04-02T09:05:44.577+0000] {logging_mixin.py:190} INFO - [2025-04-02T09:05:44.576+0000] {dag.py:4180} INFO - Setting next_dagrun for example_trigger_target_dag to None, run_after=None
[2025-04-02T09:05:44.599+0000] {processor.py:208} INFO - Processing /home/airflow/.local/lib/python3.12/site-packages/airflow/example_dags/example_trigger_target_dag.py took 0.078 seconds
[2025-04-02T09:06:14.958+0000] {processor.py:186} INFO - Started process (PID=308) to work on /home/airflow/.local/lib/python3.12/site-packages/airflow/example_dags/example_trigger_target_dag.py
[2025-04-02T09:06:14.959+0000] {processor.py:914} INFO - Processing file /home/airflow/.local/lib/python3.12/site-packages/airflow/example_dags/example_trigger_target_dag.py for tasks to queue
[2025-04-02T09:06:14.962+0000] {logging_mixin.py:190} INFO - [2025-04-02T09:06:14.962+0000] {dagbag.py:588} INFO - Filling up the DagBag from /home/airflow/.local/lib/python3.12/site-packages/airflow/example_dags/example_trigger_target_dag.py
[2025-04-02T09:06:14.971+0000] {processor.py:925} INFO - DAG(s) 'example_trigger_target_dag' retrieved from /home/airflow/.local/lib/python3.12/site-packages/airflow/example_dags/example_trigger_target_dag.py
[2025-04-02T09:06:14.996+0000] {logging_mixin.py:190} INFO - [2025-04-02T09:06:14.996+0000] {dag.py:3239} INFO - Sync 1 DAGs
[2025-04-02T09:06:15.011+0000] {logging_mixin.py:190} INFO - [2025-04-02T09:06:15.010+0000] {dag.py:4180} INFO - Setting next_dagrun for example_trigger_target_dag to None, run_after=None
[2025-04-02T09:06:15.034+0000] {processor.py:208} INFO - Processing /home/airflow/.local/lib/python3.12/site-packages/airflow/example_dags/example_trigger_target_dag.py took 0.082 seconds
[2025-04-02T09:06:45.270+0000] {processor.py:186} INFO - Started process (PID=371) to work on /home/airflow/.local/lib/python3.12/site-packages/airflow/example_dags/example_trigger_target_dag.py
[2025-04-02T09:06:45.272+0000] {processor.py:914} INFO - Processing file /home/airflow/.local/lib/python3.12/site-packages/airflow/example_dags/example_trigger_target_dag.py for tasks to queue
[2025-04-02T09:06:45.276+0000] {logging_mixin.py:190} INFO - [2025-04-02T09:06:45.276+0000] {dagbag.py:588} INFO - Filling up the DagBag from /home/airflow/.local/lib/python3.12/site-packages/airflow/example_dags/example_trigger_target_dag.py
[2025-04-02T09:06:45.289+0000] {processor.py:925} INFO - DAG(s) 'example_trigger_target_dag' retrieved from /home/airflow/.local/lib/python3.12/site-packages/airflow/example_dags/example_trigger_target_dag.py
[2025-04-02T09:06:45.315+0000] {logging_mixin.py:190} INFO - [2025-04-02T09:06:45.314+0000] {dag.py:3239} INFO - Sync 1 DAGs
[2025-04-02T09:06:45.334+0000] {logging_mixin.py:190} INFO - [2025-04-02T09:06:45.334+0000] {dag.py:4180} INFO - Setting next_dagrun for example_trigger_target_dag to None, run_after=None
[2025-04-02T09:06:45.363+0000] {processor.py:208} INFO - Processing /home/airflow/.local/lib/python3.12/site-packages/airflow/example_dags/example_trigger_target_dag.py took 0.102 seconds
[2025-04-02T09:07:15.839+0000] {processor.py:186} INFO - Started process (PID=434) to work on /home/airflow/.local/lib/python3.12/site-packages/airflow/example_dags/example_trigger_target_dag.py
[2025-04-02T09:07:15.842+0000] {processor.py:914} INFO - Processing file /home/airflow/.local/lib/python3.12/site-packages/airflow/example_dags/example_trigger_target_dag.py for tasks to queue
[2025-04-02T09:07:15.846+0000] {logging_mixin.py:190} INFO - [2025-04-02T09:07:15.846+0000] {dagbag.py:588} INFO - Filling up the DagBag from /home/airflow/.local/lib/python3.12/site-packages/airflow/example_dags/example_trigger_target_dag.py
[2025-04-02T09:07:15.862+0000] {processor.py:925} INFO - DAG(s) 'example_trigger_target_dag' retrieved from /home/airflow/.local/lib/python3.12/site-packages/airflow/example_dags/example_trigger_target_dag.py
[2025-04-02T09:07:15.893+0000] {logging_mixin.py:190} INFO - [2025-04-02T09:07:15.893+0000] {dag.py:3239} INFO - Sync 1 DAGs
[2025-04-02T09:07:15.918+0000] {logging_mixin.py:190} INFO - [2025-04-02T09:07:15.918+0000] {dag.py:4180} INFO - Setting next_dagrun for example_trigger_target_dag to None, run_after=None
[2025-04-02T09:07:15.957+0000] {processor.py:208} INFO - Processing /home/airflow/.local/lib/python3.12/site-packages/airflow/example_dags/example_trigger_target_dag.py took 0.128 seconds
[2025-04-02T09:07:46.246+0000] {processor.py:186} INFO - Started process (PID=496) to work on /home/airflow/.local/lib/python3.12/site-packages/airflow/example_dags/example_trigger_target_dag.py
[2025-04-02T09:07:46.247+0000] {processor.py:914} INFO - Processing file /home/airflow/.local/lib/python3.12/site-packages/airflow/example_dags/example_trigger_target_dag.py for tasks to queue
[2025-04-02T09:07:46.250+0000] {logging_mixin.py:190} INFO - [2025-04-02T09:07:46.249+0000] {dagbag.py:588} INFO - Filling up the DagBag from /home/airflow/.local/lib/python3.12/site-packages/airflow/example_dags/example_trigger_target_dag.py
[2025-04-02T09:07:46.259+0000] {processor.py:925} INFO - DAG(s) 'example_trigger_target_dag' retrieved from /home/airflow/.local/lib/python3.12/site-packages/airflow/example_dags/example_trigger_target_dag.py
[2025-04-02T09:07:46.285+0000] {logging_mixin.py:190} INFO - [2025-04-02T09:07:46.285+0000] {dag.py:3239} INFO - Sync 1 DAGs
[2025-04-02T09:07:46.307+0000] {logging_mixin.py:190} INFO - [2025-04-02T09:07:46.307+0000] {dag.py:4180} INFO - Setting next_dagrun for example_trigger_target_dag to None, run_after=None
[2025-04-02T09:07:46.334+0000] {processor.py:208} INFO - Processing /home/airflow/.local/lib/python3.12/site-packages/airflow/example_dags/example_trigger_target_dag.py took 0.094 seconds
[2025-04-02T09:08:16.877+0000] {processor.py:186} INFO - Started process (PID=558) to work on /home/airflow/.local/lib/python3.12/site-packages/airflow/example_dags/example_trigger_target_dag.py
[2025-04-02T09:08:16.879+0000] {processor.py:914} INFO - Processing file /home/airflow/.local/lib/python3.12/site-packages/airflow/example_dags/example_trigger_target_dag.py for tasks to queue
[2025-04-02T09:08:16.881+0000] {logging_mixin.py:190} INFO - [2025-04-02T09:08:16.881+0000] {dagbag.py:588} INFO - Filling up the DagBag from /home/airflow/.local/lib/python3.12/site-packages/airflow/example_dags/example_trigger_target_dag.py
[2025-04-02T09:08:16.895+0000] {processor.py:925} INFO - DAG(s) 'example_trigger_target_dag' retrieved from /home/airflow/.local/lib/python3.12/site-packages/airflow/example_dags/example_trigger_target_dag.py
[2025-04-02T09:08:16.919+0000] {logging_mixin.py:190} INFO - [2025-04-02T09:08:16.919+0000] {dag.py:3239} INFO - Sync 1 DAGs
[2025-04-02T09:08:16.938+0000] {logging_mixin.py:190} INFO - [2025-04-02T09:08:16.937+0000] {dag.py:4180} INFO - Setting next_dagrun for example_trigger_target_dag to None, run_after=None
[2025-04-02T09:08:16.965+0000] {processor.py:208} INFO - Processing /home/airflow/.local/lib/python3.12/site-packages/airflow/example_dags/example_trigger_target_dag.py took 0.094 seconds
[2025-04-02T09:08:47.185+0000] {processor.py:186} INFO - Started process (PID=620) to work on /home/airflow/.local/lib/python3.12/site-packages/airflow/example_dags/example_trigger_target_dag.py
[2025-04-02T09:08:47.187+0000] {processor.py:914} INFO - Processing file /home/airflow/.local/lib/python3.12/site-packages/airflow/example_dags/example_trigger_target_dag.py for tasks to queue
[2025-04-02T09:08:47.191+0000] {logging_mixin.py:190} INFO - [2025-04-02T09:08:47.191+0000] {dagbag.py:588} INFO - Filling up the DagBag from /home/airflow/.local/lib/python3.12/site-packages/airflow/example_dags/example_trigger_target_dag.py
[2025-04-02T09:08:47.204+0000] {processor.py:925} INFO - DAG(s) 'example_trigger_target_dag' retrieved from /home/airflow/.local/lib/python3.12/site-packages/airflow/example_dags/example_trigger_target_dag.py
[2025-04-02T09:08:47.241+0000] {logging_mixin.py:190} INFO - [2025-04-02T09:08:47.240+0000] {dag.py:3239} INFO - Sync 1 DAGs
[2025-04-02T09:08:47.262+0000] {logging_mixin.py:190} INFO - [2025-04-02T09:08:47.262+0000] {dag.py:4180} INFO - Setting next_dagrun for example_trigger_target_dag to None, run_after=None
[2025-04-02T09:08:47.290+0000] {processor.py:208} INFO - Processing /home/airflow/.local/lib/python3.12/site-packages/airflow/example_dags/example_trigger_target_dag.py took 0.116 seconds
[2025-04-02T09:09:17.430+0000] {processor.py:186} INFO - Started process (PID=683) to work on /home/airflow/.local/lib/python3.12/site-packages/airflow/example_dags/example_trigger_target_dag.py
[2025-04-02T09:09:17.431+0000] {processor.py:914} INFO - Processing file /home/airflow/.local/lib/python3.12/site-packages/airflow/example_dags/example_trigger_target_dag.py for tasks to queue
[2025-04-02T09:09:17.435+0000] {logging_mixin.py:190} INFO - [2025-04-02T09:09:17.435+0000] {dagbag.py:588} INFO - Filling up the DagBag from /home/airflow/.local/lib/python3.12/site-packages/airflow/example_dags/example_trigger_target_dag.py
[2025-04-02T09:09:17.451+0000] {processor.py:925} INFO - DAG(s) 'example_trigger_target_dag' retrieved from /home/airflow/.local/lib/python3.12/site-packages/airflow/example_dags/example_trigger_target_dag.py
[2025-04-02T09:09:17.480+0000] {logging_mixin.py:190} INFO - [2025-04-02T09:09:17.479+0000] {dag.py:3239} INFO - Sync 1 DAGs
[2025-04-02T09:09:17.525+0000] {logging_mixin.py:190} INFO - [2025-04-02T09:09:17.525+0000] {dag.py:4180} INFO - Setting next_dagrun for example_trigger_target_dag to None, run_after=None
[2025-04-02T09:09:17.557+0000] {processor.py:208} INFO - Processing /home/airflow/.local/lib/python3.12/site-packages/airflow/example_dags/example_trigger_target_dag.py took 0.138 seconds
[2025-04-02T09:09:48.013+0000] {processor.py:186} INFO - Started process (PID=745) to work on /home/airflow/.local/lib/python3.12/site-packages/airflow/example_dags/example_trigger_target_dag.py
[2025-04-02T09:09:48.014+0000] {processor.py:914} INFO - Processing file /home/airflow/.local/lib/python3.12/site-packages/airflow/example_dags/example_trigger_target_dag.py for tasks to queue
[2025-04-02T09:09:48.017+0000] {logging_mixin.py:190} INFO - [2025-04-02T09:09:48.017+0000] {dagbag.py:588} INFO - Filling up the DagBag from /home/airflow/.local/lib/python3.12/site-packages/airflow/example_dags/example_trigger_target_dag.py
[2025-04-02T09:09:48.028+0000] {processor.py:925} INFO - DAG(s) 'example_trigger_target_dag' retrieved from /home/airflow/.local/lib/python3.12/site-packages/airflow/example_dags/example_trigger_target_dag.py
[2025-04-02T09:09:48.051+0000] {logging_mixin.py:190} INFO - [2025-04-02T09:09:48.051+0000] {dag.py:3239} INFO - Sync 1 DAGs
[2025-04-02T09:09:48.070+0000] {logging_mixin.py:190} INFO - [2025-04-02T09:09:48.070+0000] {dag.py:4180} INFO - Setting next_dagrun for example_trigger_target_dag to None, run_after=None
[2025-04-02T09:09:48.094+0000] {processor.py:208} INFO - Processing /home/airflow/.local/lib/python3.12/site-packages/airflow/example_dags/example_trigger_target_dag.py took 0.088 seconds
[2025-04-02T09:10:18.580+0000] {processor.py:186} INFO - Started process (PID=809) to work on /home/airflow/.local/lib/python3.12/site-packages/airflow/example_dags/example_trigger_target_dag.py
[2025-04-02T09:10:18.581+0000] {processor.py:914} INFO - Processing file /home/airflow/.local/lib/python3.12/site-packages/airflow/example_dags/example_trigger_target_dag.py for tasks to queue
[2025-04-02T09:10:18.584+0000] {logging_mixin.py:190} INFO - [2025-04-02T09:10:18.584+0000] {dagbag.py:588} INFO - Filling up the DagBag from /home/airflow/.local/lib/python3.12/site-packages/airflow/example_dags/example_trigger_target_dag.py
[2025-04-02T09:10:18.595+0000] {processor.py:925} INFO - DAG(s) 'example_trigger_target_dag' retrieved from /home/airflow/.local/lib/python3.12/site-packages/airflow/example_dags/example_trigger_target_dag.py
[2025-04-02T09:10:18.622+0000] {logging_mixin.py:190} INFO - [2025-04-02T09:10:18.622+0000] {dag.py:3239} INFO - Sync 1 DAGs
[2025-04-02T09:10:18.641+0000] {logging_mixin.py:190} INFO - [2025-04-02T09:10:18.641+0000] {dag.py:4180} INFO - Setting next_dagrun for example_trigger_target_dag to None, run_after=None
[2025-04-02T09:10:18.663+0000] {processor.py:208} INFO - Processing /home/airflow/.local/lib/python3.12/site-packages/airflow/example_dags/example_trigger_target_dag.py took 0.091 seconds
[2025-04-02T09:10:48.777+0000] {processor.py:186} INFO - Started process (PID=872) to work on /home/airflow/.local/lib/python3.12/site-packages/airflow/example_dags/example_trigger_target_dag.py
[2025-04-02T09:10:48.778+0000] {processor.py:914} INFO - Processing file /home/airflow/.local/lib/python3.12/site-packages/airflow/example_dags/example_trigger_target_dag.py for tasks to queue
[2025-04-02T09:10:48.781+0000] {logging_mixin.py:190} INFO - [2025-04-02T09:10:48.781+0000] {dagbag.py:588} INFO - Filling up the DagBag from /home/airflow/.local/lib/python3.12/site-packages/airflow/example_dags/example_trigger_target_dag.py
[2025-04-02T09:10:48.790+0000] {processor.py:925} INFO - DAG(s) 'example_trigger_target_dag' retrieved from /home/airflow/.local/lib/python3.12/site-packages/airflow/example_dags/example_trigger_target_dag.py
[2025-04-02T09:10:48.813+0000] {logging_mixin.py:190} INFO - [2025-04-02T09:10:48.813+0000] {dag.py:3239} INFO - Sync 1 DAGs
[2025-04-02T09:10:48.830+0000] {logging_mixin.py:190} INFO - [2025-04-02T09:10:48.830+0000] {dag.py:4180} INFO - Setting next_dagrun for example_trigger_target_dag to None, run_after=None
[2025-04-02T09:10:48.851+0000] {processor.py:208} INFO - Processing /home/airflow/.local/lib/python3.12/site-packages/airflow/example_dags/example_trigger_target_dag.py took 0.081 seconds
[2025-04-02T09:12:50.372+0000] {processor.py:186} INFO - Started process (PID=116) to work on /home/airflow/.local/lib/python3.12/site-packages/airflow/example_dags/example_trigger_target_dag.py
[2025-04-02T09:12:50.374+0000] {processor.py:914} INFO - Processing file /home/airflow/.local/lib/python3.12/site-packages/airflow/example_dags/example_trigger_target_dag.py for tasks to queue
[2025-04-02T09:12:50.376+0000] {logging_mixin.py:190} INFO - [2025-04-02T09:12:50.376+0000] {dagbag.py:588} INFO - Filling up the DagBag from /home/airflow/.local/lib/python3.12/site-packages/airflow/example_dags/example_trigger_target_dag.py
[2025-04-02T09:12:50.386+0000] {processor.py:925} INFO - DAG(s) 'example_trigger_target_dag' retrieved from /home/airflow/.local/lib/python3.12/site-packages/airflow/example_dags/example_trigger_target_dag.py
[2025-04-02T09:12:50.409+0000] {logging_mixin.py:190} INFO - [2025-04-02T09:12:50.408+0000] {dag.py:3239} INFO - Sync 1 DAGs
[2025-04-02T09:12:50.428+0000] {logging_mixin.py:190} INFO - [2025-04-02T09:12:50.428+0000] {dag.py:4180} INFO - Setting next_dagrun for example_trigger_target_dag to None, run_after=None
[2025-04-02T09:12:50.456+0000] {processor.py:208} INFO - Processing /home/airflow/.local/lib/python3.12/site-packages/airflow/example_dags/example_trigger_target_dag.py took 0.091 seconds
[2025-04-02T09:13:21.138+0000] {processor.py:186} INFO - Started process (PID=180) to work on /home/airflow/.local/lib/python3.12/site-packages/airflow/example_dags/example_trigger_target_dag.py
[2025-04-02T09:13:21.139+0000] {processor.py:914} INFO - Processing file /home/airflow/.local/lib/python3.12/site-packages/airflow/example_dags/example_trigger_target_dag.py for tasks to queue
[2025-04-02T09:13:21.142+0000] {logging_mixin.py:190} INFO - [2025-04-02T09:13:21.141+0000] {dagbag.py:588} INFO - Filling up the DagBag from /home/airflow/.local/lib/python3.12/site-packages/airflow/example_dags/example_trigger_target_dag.py
[2025-04-02T09:13:21.150+0000] {processor.py:925} INFO - DAG(s) 'example_trigger_target_dag' retrieved from /home/airflow/.local/lib/python3.12/site-packages/airflow/example_dags/example_trigger_target_dag.py
[2025-04-02T09:13:21.171+0000] {logging_mixin.py:190} INFO - [2025-04-02T09:13:21.171+0000] {dag.py:3239} INFO - Sync 1 DAGs
[2025-04-02T09:13:21.188+0000] {logging_mixin.py:190} INFO - [2025-04-02T09:13:21.188+0000] {dag.py:4180} INFO - Setting next_dagrun for example_trigger_target_dag to None, run_after=None
[2025-04-02T09:13:21.212+0000] {processor.py:208} INFO - Processing /home/airflow/.local/lib/python3.12/site-packages/airflow/example_dags/example_trigger_target_dag.py took 0.079 seconds
[2025-04-02T09:13:52.310+0000] {processor.py:186} INFO - Started process (PID=243) to work on /home/airflow/.local/lib/python3.12/site-packages/airflow/example_dags/example_trigger_target_dag.py
[2025-04-02T09:13:52.312+0000] {processor.py:914} INFO - Processing file /home/airflow/.local/lib/python3.12/site-packages/airflow/example_dags/example_trigger_target_dag.py for tasks to queue
[2025-04-02T09:13:52.315+0000] {logging_mixin.py:190} INFO - [2025-04-02T09:13:52.314+0000] {dagbag.py:588} INFO - Filling up the DagBag from /home/airflow/.local/lib/python3.12/site-packages/airflow/example_dags/example_trigger_target_dag.py
[2025-04-02T09:13:52.323+0000] {processor.py:925} INFO - DAG(s) 'example_trigger_target_dag' retrieved from /home/airflow/.local/lib/python3.12/site-packages/airflow/example_dags/example_trigger_target_dag.py
[2025-04-02T09:13:52.344+0000] {logging_mixin.py:190} INFO - [2025-04-02T09:13:52.344+0000] {dag.py:3239} INFO - Sync 1 DAGs
[2025-04-02T09:13:52.361+0000] {logging_mixin.py:190} INFO - [2025-04-02T09:13:52.361+0000] {dag.py:4180} INFO - Setting next_dagrun for example_trigger_target_dag to None, run_after=None
[2025-04-02T09:13:52.388+0000] {processor.py:208} INFO - Processing /home/airflow/.local/lib/python3.12/site-packages/airflow/example_dags/example_trigger_target_dag.py took 0.084 seconds
[2025-04-02T09:14:23.108+0000] {processor.py:186} INFO - Started process (PID=305) to work on /home/airflow/.local/lib/python3.12/site-packages/airflow/example_dags/example_trigger_target_dag.py
[2025-04-02T09:14:23.110+0000] {processor.py:914} INFO - Processing file /home/airflow/.local/lib/python3.12/site-packages/airflow/example_dags/example_trigger_target_dag.py for tasks to queue
[2025-04-02T09:14:23.112+0000] {logging_mixin.py:190} INFO - [2025-04-02T09:14:23.112+0000] {dagbag.py:588} INFO - Filling up the DagBag from /home/airflow/.local/lib/python3.12/site-packages/airflow/example_dags/example_trigger_target_dag.py
[2025-04-02T09:14:23.122+0000] {processor.py:925} INFO - DAG(s) 'example_trigger_target_dag' retrieved from /home/airflow/.local/lib/python3.12/site-packages/airflow/example_dags/example_trigger_target_dag.py
[2025-04-02T09:14:23.146+0000] {logging_mixin.py:190} INFO - [2025-04-02T09:14:23.146+0000] {dag.py:3239} INFO - Sync 1 DAGs
[2025-04-02T09:14:23.164+0000] {logging_mixin.py:190} INFO - [2025-04-02T09:14:23.164+0000] {dag.py:4180} INFO - Setting next_dagrun for example_trigger_target_dag to None, run_after=None
[2025-04-02T09:14:23.191+0000] {processor.py:208} INFO - Processing /home/airflow/.local/lib/python3.12/site-packages/airflow/example_dags/example_trigger_target_dag.py took 0.090 seconds
[2025-04-02T09:14:54.633+0000] {processor.py:186} INFO - Started process (PID=368) to work on /home/airflow/.local/lib/python3.12/site-packages/airflow/example_dags/example_trigger_target_dag.py
[2025-04-02T09:14:54.634+0000] {processor.py:914} INFO - Processing file /home/airflow/.local/lib/python3.12/site-packages/airflow/example_dags/example_trigger_target_dag.py for tasks to queue
[2025-04-02T09:14:54.638+0000] {logging_mixin.py:190} INFO - [2025-04-02T09:14:54.637+0000] {dagbag.py:588} INFO - Filling up the DagBag from /home/airflow/.local/lib/python3.12/site-packages/airflow/example_dags/example_trigger_target_dag.py
[2025-04-02T09:14:54.649+0000] {processor.py:925} INFO - DAG(s) 'example_trigger_target_dag' retrieved from /home/airflow/.local/lib/python3.12/site-packages/airflow/example_dags/example_trigger_target_dag.py
[2025-04-02T09:14:54.677+0000] {logging_mixin.py:190} INFO - [2025-04-02T09:14:54.677+0000] {dag.py:3239} INFO - Sync 1 DAGs
[2025-04-02T09:14:54.700+0000] {logging_mixin.py:190} INFO - [2025-04-02T09:14:54.700+0000] {dag.py:4180} INFO - Setting next_dagrun for example_trigger_target_dag to None, run_after=None
[2025-04-02T09:14:54.727+0000] {processor.py:208} INFO - Processing /home/airflow/.local/lib/python3.12/site-packages/airflow/example_dags/example_trigger_target_dag.py took 0.103 seconds
[2025-04-02T09:15:25.645+0000] {processor.py:186} INFO - Started process (PID=431) to work on /home/airflow/.local/lib/python3.12/site-packages/airflow/example_dags/example_trigger_target_dag.py
[2025-04-02T09:15:25.647+0000] {processor.py:914} INFO - Processing file /home/airflow/.local/lib/python3.12/site-packages/airflow/example_dags/example_trigger_target_dag.py for tasks to queue
[2025-04-02T09:15:25.650+0000] {logging_mixin.py:190} INFO - [2025-04-02T09:15:25.650+0000] {dagbag.py:588} INFO - Filling up the DagBag from /home/airflow/.local/lib/python3.12/site-packages/airflow/example_dags/example_trigger_target_dag.py
[2025-04-02T09:15:25.665+0000] {processor.py:925} INFO - DAG(s) 'example_trigger_target_dag' retrieved from /home/airflow/.local/lib/python3.12/site-packages/airflow/example_dags/example_trigger_target_dag.py
[2025-04-02T09:15:25.701+0000] {logging_mixin.py:190} INFO - [2025-04-02T09:15:25.701+0000] {dag.py:3239} INFO - Sync 1 DAGs
[2025-04-02T09:15:25.728+0000] {logging_mixin.py:190} INFO - [2025-04-02T09:15:25.728+0000] {dag.py:4180} INFO - Setting next_dagrun for example_trigger_target_dag to None, run_after=None
[2025-04-02T09:15:25.761+0000] {processor.py:208} INFO - Processing /home/airflow/.local/lib/python3.12/site-packages/airflow/example_dags/example_trigger_target_dag.py took 0.126 seconds
[2025-04-02T09:15:55.979+0000] {processor.py:186} INFO - Started process (PID=493) to work on /home/airflow/.local/lib/python3.12/site-packages/airflow/example_dags/example_trigger_target_dag.py
[2025-04-02T09:15:55.981+0000] {processor.py:914} INFO - Processing file /home/airflow/.local/lib/python3.12/site-packages/airflow/example_dags/example_trigger_target_dag.py for tasks to queue
[2025-04-02T09:15:55.984+0000] {logging_mixin.py:190} INFO - [2025-04-02T09:15:55.984+0000] {dagbag.py:588} INFO - Filling up the DagBag from /home/airflow/.local/lib/python3.12/site-packages/airflow/example_dags/example_trigger_target_dag.py
[2025-04-02T09:15:55.996+0000] {processor.py:925} INFO - DAG(s) 'example_trigger_target_dag' retrieved from /home/airflow/.local/lib/python3.12/site-packages/airflow/example_dags/example_trigger_target_dag.py
[2025-04-02T09:15:56.018+0000] {logging_mixin.py:190} INFO - [2025-04-02T09:15:56.018+0000] {dag.py:3239} INFO - Sync 1 DAGs
[2025-04-02T09:15:56.033+0000] {logging_mixin.py:190} INFO - [2025-04-02T09:15:56.033+0000] {dag.py:4180} INFO - Setting next_dagrun for example_trigger_target_dag to None, run_after=None
[2025-04-02T09:15:56.060+0000] {processor.py:208} INFO - Processing /home/airflow/.local/lib/python3.12/site-packages/airflow/example_dags/example_trigger_target_dag.py took 0.089 seconds
[2025-04-02T09:16:26.760+0000] {processor.py:186} INFO - Started process (PID=556) to work on /home/airflow/.local/lib/python3.12/site-packages/airflow/example_dags/example_trigger_target_dag.py
[2025-04-02T09:16:26.762+0000] {processor.py:914} INFO - Processing file /home/airflow/.local/lib/python3.12/site-packages/airflow/example_dags/example_trigger_target_dag.py for tasks to queue
[2025-04-02T09:16:26.767+0000] {logging_mixin.py:190} INFO - [2025-04-02T09:16:26.767+0000] {dagbag.py:588} INFO - Filling up the DagBag from /home/airflow/.local/lib/python3.12/site-packages/airflow/example_dags/example_trigger_target_dag.py
[2025-04-02T09:16:26.797+0000] {processor.py:925} INFO - DAG(s) 'example_trigger_target_dag' retrieved from /home/airflow/.local/lib/python3.12/site-packages/airflow/example_dags/example_trigger_target_dag.py
[2025-04-02T09:16:26.849+0000] {logging_mixin.py:190} INFO - [2025-04-02T09:16:26.849+0000] {dag.py:3239} INFO - Sync 1 DAGs
[2025-04-02T09:16:26.885+0000] {logging_mixin.py:190} INFO - [2025-04-02T09:16:26.885+0000] {dag.py:4180} INFO - Setting next_dagrun for example_trigger_target_dag to None, run_after=None
[2025-04-02T09:16:26.956+0000] {processor.py:208} INFO - Processing /home/airflow/.local/lib/python3.12/site-packages/airflow/example_dags/example_trigger_target_dag.py took 0.214 seconds
[2025-04-02T09:16:58.887+0000] {processor.py:186} INFO - Started process (PID=619) to work on /home/airflow/.local/lib/python3.12/site-packages/airflow/example_dags/example_trigger_target_dag.py
[2025-04-02T09:16:58.889+0000] {processor.py:914} INFO - Processing file /home/airflow/.local/lib/python3.12/site-packages/airflow/example_dags/example_trigger_target_dag.py for tasks to queue
[2025-04-02T09:16:58.893+0000] {logging_mixin.py:190} INFO - [2025-04-02T09:16:58.893+0000] {dagbag.py:588} INFO - Filling up the DagBag from /home/airflow/.local/lib/python3.12/site-packages/airflow/example_dags/example_trigger_target_dag.py
[2025-04-02T09:16:58.912+0000] {processor.py:925} INFO - DAG(s) 'example_trigger_target_dag' retrieved from /home/airflow/.local/lib/python3.12/site-packages/airflow/example_dags/example_trigger_target_dag.py
[2025-04-02T09:16:58.944+0000] {logging_mixin.py:190} INFO - [2025-04-02T09:16:58.944+0000] {dag.py:3239} INFO - Sync 1 DAGs
[2025-04-02T09:16:58.970+0000] {logging_mixin.py:190} INFO - [2025-04-02T09:16:58.969+0000] {dag.py:4180} INFO - Setting next_dagrun for example_trigger_target_dag to None, run_after=None
[2025-04-02T09:16:59.006+0000] {processor.py:208} INFO - Processing /home/airflow/.local/lib/python3.12/site-packages/airflow/example_dags/example_trigger_target_dag.py took 0.129 seconds
[2025-04-02T09:17:31.006+0000] {processor.py:186} INFO - Started process (PID=682) to work on /home/airflow/.local/lib/python3.12/site-packages/airflow/example_dags/example_trigger_target_dag.py
[2025-04-02T09:17:31.008+0000] {processor.py:914} INFO - Processing file /home/airflow/.local/lib/python3.12/site-packages/airflow/example_dags/example_trigger_target_dag.py for tasks to queue
[2025-04-02T09:17:31.011+0000] {logging_mixin.py:190} INFO - [2025-04-02T09:17:31.011+0000] {dagbag.py:588} INFO - Filling up the DagBag from /home/airflow/.local/lib/python3.12/site-packages/airflow/example_dags/example_trigger_target_dag.py
[2025-04-02T09:17:31.021+0000] {processor.py:925} INFO - DAG(s) 'example_trigger_target_dag' retrieved from /home/airflow/.local/lib/python3.12/site-packages/airflow/example_dags/example_trigger_target_dag.py
[2025-04-02T09:17:31.046+0000] {logging_mixin.py:190} INFO - [2025-04-02T09:17:31.045+0000] {dag.py:3239} INFO - Sync 1 DAGs
[2025-04-02T09:17:31.066+0000] {logging_mixin.py:190} INFO - [2025-04-02T09:17:31.066+0000] {dag.py:4180} INFO - Setting next_dagrun for example_trigger_target_dag to None, run_after=None
[2025-04-02T09:17:31.095+0000] {processor.py:208} INFO - Processing /home/airflow/.local/lib/python3.12/site-packages/airflow/example_dags/example_trigger_target_dag.py took 0.096 seconds
[2025-04-02T09:18:01.924+0000] {processor.py:186} INFO - Started process (PID=744) to work on /home/airflow/.local/lib/python3.12/site-packages/airflow/example_dags/example_trigger_target_dag.py
[2025-04-02T09:18:01.925+0000] {processor.py:914} INFO - Processing file /home/airflow/.local/lib/python3.12/site-packages/airflow/example_dags/example_trigger_target_dag.py for tasks to queue
[2025-04-02T09:18:01.929+0000] {logging_mixin.py:190} INFO - [2025-04-02T09:18:01.928+0000] {dagbag.py:588} INFO - Filling up the DagBag from /home/airflow/.local/lib/python3.12/site-packages/airflow/example_dags/example_trigger_target_dag.py
[2025-04-02T09:18:01.941+0000] {processor.py:925} INFO - DAG(s) 'example_trigger_target_dag' retrieved from /home/airflow/.local/lib/python3.12/site-packages/airflow/example_dags/example_trigger_target_dag.py
[2025-04-02T09:18:01.966+0000] {logging_mixin.py:190} INFO - [2025-04-02T09:18:01.966+0000] {dag.py:3239} INFO - Sync 1 DAGs
[2025-04-02T09:18:01.985+0000] {logging_mixin.py:190} INFO - [2025-04-02T09:18:01.985+0000] {dag.py:4180} INFO - Setting next_dagrun for example_trigger_target_dag to None, run_after=None
[2025-04-02T09:18:02.009+0000] {processor.py:208} INFO - Processing /home/airflow/.local/lib/python3.12/site-packages/airflow/example_dags/example_trigger_target_dag.py took 0.092 seconds
[2025-04-02T09:58:29.092+0000] {processor.py:186} INFO - Started process (PID=818) to work on /home/airflow/.local/lib/python3.12/site-packages/airflow/example_dags/example_trigger_target_dag.py
[2025-04-02T09:58:29.095+0000] {processor.py:914} INFO - Processing file /home/airflow/.local/lib/python3.12/site-packages/airflow/example_dags/example_trigger_target_dag.py for tasks to queue
[2025-04-02T09:58:29.097+0000] {logging_mixin.py:190} INFO - [2025-04-02T09:58:29.097+0000] {dagbag.py:588} INFO - Filling up the DagBag from /home/airflow/.local/lib/python3.12/site-packages/airflow/example_dags/example_trigger_target_dag.py
[2025-04-02T09:58:29.118+0000] {processor.py:925} INFO - DAG(s) 'example_trigger_target_dag' retrieved from /home/airflow/.local/lib/python3.12/site-packages/airflow/example_dags/example_trigger_target_dag.py
[2025-04-02T09:58:29.149+0000] {logging_mixin.py:190} INFO - [2025-04-02T09:58:29.149+0000] {dag.py:3239} INFO - Sync 1 DAGs
[2025-04-02T09:58:29.173+0000] {logging_mixin.py:190} INFO - [2025-04-02T09:58:29.173+0000] {dag.py:4180} INFO - Setting next_dagrun for example_trigger_target_dag to None, run_after=None
[2025-04-02T09:58:29.216+0000] {processor.py:208} INFO - Processing /home/airflow/.local/lib/python3.12/site-packages/airflow/example_dags/example_trigger_target_dag.py took 0.136 seconds
[2025-04-02T09:59:00.971+0000] {processor.py:186} INFO - Started process (PID=881) to work on /home/airflow/.local/lib/python3.12/site-packages/airflow/example_dags/example_trigger_target_dag.py
[2025-04-02T09:59:00.973+0000] {processor.py:914} INFO - Processing file /home/airflow/.local/lib/python3.12/site-packages/airflow/example_dags/example_trigger_target_dag.py for tasks to queue
[2025-04-02T09:59:00.976+0000] {logging_mixin.py:190} INFO - [2025-04-02T09:59:00.975+0000] {dagbag.py:588} INFO - Filling up the DagBag from /home/airflow/.local/lib/python3.12/site-packages/airflow/example_dags/example_trigger_target_dag.py
[2025-04-02T09:59:01.007+0000] {processor.py:925} INFO - DAG(s) 'example_trigger_target_dag' retrieved from /home/airflow/.local/lib/python3.12/site-packages/airflow/example_dags/example_trigger_target_dag.py
[2025-04-02T09:59:01.060+0000] {logging_mixin.py:190} INFO - [2025-04-02T09:59:01.057+0000] {dag.py:3239} INFO - Sync 1 DAGs
[2025-04-02T09:59:01.100+0000] {logging_mixin.py:190} INFO - [2025-04-02T09:59:01.100+0000] {dag.py:4180} INFO - Setting next_dagrun for example_trigger_target_dag to None, run_after=None
[2025-04-02T09:59:01.146+0000] {processor.py:208} INFO - Processing /home/airflow/.local/lib/python3.12/site-packages/airflow/example_dags/example_trigger_target_dag.py took 0.185 seconds
[2025-04-02T09:59:31.923+0000] {processor.py:186} INFO - Started process (PID=944) to work on /home/airflow/.local/lib/python3.12/site-packages/airflow/example_dags/example_trigger_target_dag.py
[2025-04-02T09:59:31.924+0000] {processor.py:914} INFO - Processing file /home/airflow/.local/lib/python3.12/site-packages/airflow/example_dags/example_trigger_target_dag.py for tasks to queue
[2025-04-02T09:59:31.927+0000] {logging_mixin.py:190} INFO - [2025-04-02T09:59:31.926+0000] {dagbag.py:588} INFO - Filling up the DagBag from /home/airflow/.local/lib/python3.12/site-packages/airflow/example_dags/example_trigger_target_dag.py
[2025-04-02T09:59:31.944+0000] {processor.py:925} INFO - DAG(s) 'example_trigger_target_dag' retrieved from /home/airflow/.local/lib/python3.12/site-packages/airflow/example_dags/example_trigger_target_dag.py
[2025-04-02T09:59:31.976+0000] {logging_mixin.py:190} INFO - [2025-04-02T09:59:31.976+0000] {dag.py:3239} INFO - Sync 1 DAGs
[2025-04-02T09:59:32.006+0000] {logging_mixin.py:190} INFO - [2025-04-02T09:59:32.005+0000] {dag.py:4180} INFO - Setting next_dagrun for example_trigger_target_dag to None, run_after=None
[2025-04-02T09:59:32.042+0000] {processor.py:208} INFO - Processing /home/airflow/.local/lib/python3.12/site-packages/airflow/example_dags/example_trigger_target_dag.py took 0.130 seconds
[2025-04-02T10:00:03.009+0000] {processor.py:186} INFO - Started process (PID=1007) to work on /home/airflow/.local/lib/python3.12/site-packages/airflow/example_dags/example_trigger_target_dag.py
[2025-04-02T10:00:03.011+0000] {processor.py:914} INFO - Processing file /home/airflow/.local/lib/python3.12/site-packages/airflow/example_dags/example_trigger_target_dag.py for tasks to queue
[2025-04-02T10:00:03.013+0000] {logging_mixin.py:190} INFO - [2025-04-02T10:00:03.013+0000] {dagbag.py:588} INFO - Filling up the DagBag from /home/airflow/.local/lib/python3.12/site-packages/airflow/example_dags/example_trigger_target_dag.py
[2025-04-02T10:00:03.022+0000] {processor.py:925} INFO - DAG(s) 'example_trigger_target_dag' retrieved from /home/airflow/.local/lib/python3.12/site-packages/airflow/example_dags/example_trigger_target_dag.py
[2025-04-02T10:00:03.047+0000] {logging_mixin.py:190} INFO - [2025-04-02T10:00:03.047+0000] {dag.py:3239} INFO - Sync 1 DAGs
[2025-04-02T10:00:03.067+0000] {logging_mixin.py:190} INFO - [2025-04-02T10:00:03.066+0000] {dag.py:4180} INFO - Setting next_dagrun for example_trigger_target_dag to None, run_after=None
[2025-04-02T10:00:03.096+0000] {processor.py:208} INFO - Processing /home/airflow/.local/lib/python3.12/site-packages/airflow/example_dags/example_trigger_target_dag.py took 0.095 seconds
[2025-04-02T10:00:33.917+0000] {processor.py:186} INFO - Started process (PID=1068) to work on /home/airflow/.local/lib/python3.12/site-packages/airflow/example_dags/example_trigger_target_dag.py
[2025-04-02T10:00:33.919+0000] {processor.py:914} INFO - Processing file /home/airflow/.local/lib/python3.12/site-packages/airflow/example_dags/example_trigger_target_dag.py for tasks to queue
[2025-04-02T10:00:33.923+0000] {logging_mixin.py:190} INFO - [2025-04-02T10:00:33.922+0000] {dagbag.py:588} INFO - Filling up the DagBag from /home/airflow/.local/lib/python3.12/site-packages/airflow/example_dags/example_trigger_target_dag.py
[2025-04-02T10:00:33.936+0000] {processor.py:925} INFO - DAG(s) 'example_trigger_target_dag' retrieved from /home/airflow/.local/lib/python3.12/site-packages/airflow/example_dags/example_trigger_target_dag.py
[2025-04-02T10:00:33.971+0000] {logging_mixin.py:190} INFO - [2025-04-02T10:00:33.970+0000] {dag.py:3239} INFO - Sync 1 DAGs
[2025-04-02T10:00:34.002+0000] {logging_mixin.py:190} INFO - [2025-04-02T10:00:34.001+0000] {dag.py:4180} INFO - Setting next_dagrun for example_trigger_target_dag to None, run_after=None
[2025-04-02T10:00:34.036+0000] {processor.py:208} INFO - Processing /home/airflow/.local/lib/python3.12/site-packages/airflow/example_dags/example_trigger_target_dag.py took 0.133 seconds
[2025-04-02T10:01:04.254+0000] {processor.py:186} INFO - Started process (PID=1131) to work on /home/airflow/.local/lib/python3.12/site-packages/airflow/example_dags/example_trigger_target_dag.py
[2025-04-02T10:01:04.256+0000] {processor.py:914} INFO - Processing file /home/airflow/.local/lib/python3.12/site-packages/airflow/example_dags/example_trigger_target_dag.py for tasks to queue
[2025-04-02T10:01:04.258+0000] {logging_mixin.py:190} INFO - [2025-04-02T10:01:04.258+0000] {dagbag.py:588} INFO - Filling up the DagBag from /home/airflow/.local/lib/python3.12/site-packages/airflow/example_dags/example_trigger_target_dag.py
[2025-04-02T10:01:04.269+0000] {processor.py:925} INFO - DAG(s) 'example_trigger_target_dag' retrieved from /home/airflow/.local/lib/python3.12/site-packages/airflow/example_dags/example_trigger_target_dag.py
[2025-04-02T10:01:04.297+0000] {logging_mixin.py:190} INFO - [2025-04-02T10:01:04.296+0000] {dag.py:3239} INFO - Sync 1 DAGs
[2025-04-02T10:01:04.320+0000] {logging_mixin.py:190} INFO - [2025-04-02T10:01:04.320+0000] {dag.py:4180} INFO - Setting next_dagrun for example_trigger_target_dag to None, run_after=None
[2025-04-02T10:01:04.355+0000] {processor.py:208} INFO - Processing /home/airflow/.local/lib/python3.12/site-packages/airflow/example_dags/example_trigger_target_dag.py took 0.107 seconds
[2025-04-02T10:01:35.265+0000] {processor.py:186} INFO - Started process (PID=1197) to work on /home/airflow/.local/lib/python3.12/site-packages/airflow/example_dags/example_trigger_target_dag.py
[2025-04-02T10:01:35.266+0000] {processor.py:914} INFO - Processing file /home/airflow/.local/lib/python3.12/site-packages/airflow/example_dags/example_trigger_target_dag.py for tasks to queue
[2025-04-02T10:01:35.268+0000] {logging_mixin.py:190} INFO - [2025-04-02T10:01:35.268+0000] {dagbag.py:588} INFO - Filling up the DagBag from /home/airflow/.local/lib/python3.12/site-packages/airflow/example_dags/example_trigger_target_dag.py
[2025-04-02T10:01:35.281+0000] {processor.py:925} INFO - DAG(s) 'example_trigger_target_dag' retrieved from /home/airflow/.local/lib/python3.12/site-packages/airflow/example_dags/example_trigger_target_dag.py
[2025-04-02T10:01:35.311+0000] {logging_mixin.py:190} INFO - [2025-04-02T10:01:35.310+0000] {dag.py:3239} INFO - Sync 1 DAGs
[2025-04-02T10:01:35.338+0000] {logging_mixin.py:190} INFO - [2025-04-02T10:01:35.337+0000] {dag.py:4180} INFO - Setting next_dagrun for example_trigger_target_dag to None, run_after=None
[2025-04-02T10:01:35.374+0000] {processor.py:208} INFO - Processing /home/airflow/.local/lib/python3.12/site-packages/airflow/example_dags/example_trigger_target_dag.py took 0.119 seconds
[2025-04-02T10:02:06.185+0000] {processor.py:186} INFO - Started process (PID=1260) to work on /home/airflow/.local/lib/python3.12/site-packages/airflow/example_dags/example_trigger_target_dag.py
[2025-04-02T10:02:06.187+0000] {processor.py:914} INFO - Processing file /home/airflow/.local/lib/python3.12/site-packages/airflow/example_dags/example_trigger_target_dag.py for tasks to queue
[2025-04-02T10:02:06.189+0000] {logging_mixin.py:190} INFO - [2025-04-02T10:02:06.188+0000] {dagbag.py:588} INFO - Filling up the DagBag from /home/airflow/.local/lib/python3.12/site-packages/airflow/example_dags/example_trigger_target_dag.py
[2025-04-02T10:02:06.201+0000] {processor.py:925} INFO - DAG(s) 'example_trigger_target_dag' retrieved from /home/airflow/.local/lib/python3.12/site-packages/airflow/example_dags/example_trigger_target_dag.py
[2025-04-02T10:02:06.230+0000] {logging_mixin.py:190} INFO - [2025-04-02T10:02:06.230+0000] {dag.py:3239} INFO - Sync 1 DAGs
[2025-04-02T10:02:06.252+0000] {logging_mixin.py:190} INFO - [2025-04-02T10:02:06.251+0000] {dag.py:4180} INFO - Setting next_dagrun for example_trigger_target_dag to None, run_after=None
[2025-04-02T10:02:06.282+0000] {processor.py:208} INFO - Processing /home/airflow/.local/lib/python3.12/site-packages/airflow/example_dags/example_trigger_target_dag.py took 0.105 seconds
[2025-04-02T10:02:37.708+0000] {processor.py:186} INFO - Started process (PID=1330) to work on /home/airflow/.local/lib/python3.12/site-packages/airflow/example_dags/example_trigger_target_dag.py
[2025-04-02T10:02:37.710+0000] {processor.py:914} INFO - Processing file /home/airflow/.local/lib/python3.12/site-packages/airflow/example_dags/example_trigger_target_dag.py for tasks to queue
[2025-04-02T10:02:37.713+0000] {logging_mixin.py:190} INFO - [2025-04-02T10:02:37.712+0000] {dagbag.py:588} INFO - Filling up the DagBag from /home/airflow/.local/lib/python3.12/site-packages/airflow/example_dags/example_trigger_target_dag.py
[2025-04-02T10:02:37.725+0000] {processor.py:925} INFO - DAG(s) 'example_trigger_target_dag' retrieved from /home/airflow/.local/lib/python3.12/site-packages/airflow/example_dags/example_trigger_target_dag.py
[2025-04-02T10:02:37.760+0000] {logging_mixin.py:190} INFO - [2025-04-02T10:02:37.760+0000] {dag.py:3239} INFO - Sync 1 DAGs
[2025-04-02T10:02:37.785+0000] {logging_mixin.py:190} INFO - [2025-04-02T10:02:37.785+0000] {dag.py:4180} INFO - Setting next_dagrun for example_trigger_target_dag to None, run_after=None
[2025-04-02T10:02:37.819+0000] {processor.py:208} INFO - Processing /home/airflow/.local/lib/python3.12/site-packages/airflow/example_dags/example_trigger_target_dag.py took 0.120 seconds
[2025-04-02T10:03:08.413+0000] {processor.py:186} INFO - Started process (PID=1393) to work on /home/airflow/.local/lib/python3.12/site-packages/airflow/example_dags/example_trigger_target_dag.py
[2025-04-02T10:03:08.415+0000] {processor.py:914} INFO - Processing file /home/airflow/.local/lib/python3.12/site-packages/airflow/example_dags/example_trigger_target_dag.py for tasks to queue
[2025-04-02T10:03:08.417+0000] {logging_mixin.py:190} INFO - [2025-04-02T10:03:08.417+0000] {dagbag.py:588} INFO - Filling up the DagBag from /home/airflow/.local/lib/python3.12/site-packages/airflow/example_dags/example_trigger_target_dag.py
[2025-04-02T10:03:08.430+0000] {processor.py:925} INFO - DAG(s) 'example_trigger_target_dag' retrieved from /home/airflow/.local/lib/python3.12/site-packages/airflow/example_dags/example_trigger_target_dag.py
[2025-04-02T10:03:08.457+0000] {logging_mixin.py:190} INFO - [2025-04-02T10:03:08.457+0000] {dag.py:3239} INFO - Sync 1 DAGs
[2025-04-02T10:03:08.481+0000] {logging_mixin.py:190} INFO - [2025-04-02T10:03:08.481+0000] {dag.py:4180} INFO - Setting next_dagrun for example_trigger_target_dag to None, run_after=None
[2025-04-02T10:03:08.516+0000] {processor.py:208} INFO - Processing /home/airflow/.local/lib/python3.12/site-packages/airflow/example_dags/example_trigger_target_dag.py took 0.112 seconds
[2025-04-02T10:03:39.226+0000] {processor.py:186} INFO - Started process (PID=1455) to work on /home/airflow/.local/lib/python3.12/site-packages/airflow/example_dags/example_trigger_target_dag.py
[2025-04-02T10:03:39.228+0000] {processor.py:914} INFO - Processing file /home/airflow/.local/lib/python3.12/site-packages/airflow/example_dags/example_trigger_target_dag.py for tasks to queue
[2025-04-02T10:03:39.230+0000] {logging_mixin.py:190} INFO - [2025-04-02T10:03:39.230+0000] {dagbag.py:588} INFO - Filling up the DagBag from /home/airflow/.local/lib/python3.12/site-packages/airflow/example_dags/example_trigger_target_dag.py
[2025-04-02T10:03:39.244+0000] {processor.py:925} INFO - DAG(s) 'example_trigger_target_dag' retrieved from /home/airflow/.local/lib/python3.12/site-packages/airflow/example_dags/example_trigger_target_dag.py
[2025-04-02T10:03:39.273+0000] {logging_mixin.py:190} INFO - [2025-04-02T10:03:39.272+0000] {dag.py:3239} INFO - Sync 1 DAGs
[2025-04-02T10:03:39.303+0000] {logging_mixin.py:190} INFO - [2025-04-02T10:03:39.303+0000] {dag.py:4180} INFO - Setting next_dagrun for example_trigger_target_dag to None, run_after=None
[2025-04-02T10:03:39.360+0000] {processor.py:208} INFO - Processing /home/airflow/.local/lib/python3.12/site-packages/airflow/example_dags/example_trigger_target_dag.py took 0.143 seconds
[2025-04-02T10:04:10.124+0000] {processor.py:186} INFO - Started process (PID=1519) to work on /home/airflow/.local/lib/python3.12/site-packages/airflow/example_dags/example_trigger_target_dag.py
[2025-04-02T10:04:10.126+0000] {processor.py:914} INFO - Processing file /home/airflow/.local/lib/python3.12/site-packages/airflow/example_dags/example_trigger_target_dag.py for tasks to queue
[2025-04-02T10:04:10.129+0000] {logging_mixin.py:190} INFO - [2025-04-02T10:04:10.128+0000] {dagbag.py:588} INFO - Filling up the DagBag from /home/airflow/.local/lib/python3.12/site-packages/airflow/example_dags/example_trigger_target_dag.py
[2025-04-02T10:04:10.143+0000] {processor.py:925} INFO - DAG(s) 'example_trigger_target_dag' retrieved from /home/airflow/.local/lib/python3.12/site-packages/airflow/example_dags/example_trigger_target_dag.py
[2025-04-02T10:04:10.181+0000] {logging_mixin.py:190} INFO - [2025-04-02T10:04:10.181+0000] {dag.py:3239} INFO - Sync 1 DAGs
[2025-04-02T10:04:10.214+0000] {logging_mixin.py:190} INFO - [2025-04-02T10:04:10.213+0000] {dag.py:4180} INFO - Setting next_dagrun for example_trigger_target_dag to None, run_after=None
[2025-04-02T10:04:10.272+0000] {processor.py:208} INFO - Processing /home/airflow/.local/lib/python3.12/site-packages/airflow/example_dags/example_trigger_target_dag.py took 0.156 seconds
[2025-04-02T10:04:40.485+0000] {processor.py:186} INFO - Started process (PID=1582) to work on /home/airflow/.local/lib/python3.12/site-packages/airflow/example_dags/example_trigger_target_dag.py
[2025-04-02T10:04:40.488+0000] {processor.py:914} INFO - Processing file /home/airflow/.local/lib/python3.12/site-packages/airflow/example_dags/example_trigger_target_dag.py for tasks to queue
[2025-04-02T10:04:40.490+0000] {logging_mixin.py:190} INFO - [2025-04-02T10:04:40.490+0000] {dagbag.py:588} INFO - Filling up the DagBag from /home/airflow/.local/lib/python3.12/site-packages/airflow/example_dags/example_trigger_target_dag.py
[2025-04-02T10:04:40.505+0000] {processor.py:925} INFO - DAG(s) 'example_trigger_target_dag' retrieved from /home/airflow/.local/lib/python3.12/site-packages/airflow/example_dags/example_trigger_target_dag.py
[2025-04-02T10:04:40.538+0000] {logging_mixin.py:190} INFO - [2025-04-02T10:04:40.537+0000] {dag.py:3239} INFO - Sync 1 DAGs
[2025-04-02T10:04:40.562+0000] {logging_mixin.py:190} INFO - [2025-04-02T10:04:40.562+0000] {dag.py:4180} INFO - Setting next_dagrun for example_trigger_target_dag to None, run_after=None
[2025-04-02T10:04:40.596+0000] {processor.py:208} INFO - Processing /home/airflow/.local/lib/python3.12/site-packages/airflow/example_dags/example_trigger_target_dag.py took 0.122 seconds
[2025-04-02T10:05:11.192+0000] {processor.py:186} INFO - Started process (PID=1644) to work on /home/airflow/.local/lib/python3.12/site-packages/airflow/example_dags/example_trigger_target_dag.py
[2025-04-02T10:05:11.194+0000] {processor.py:914} INFO - Processing file /home/airflow/.local/lib/python3.12/site-packages/airflow/example_dags/example_trigger_target_dag.py for tasks to queue
[2025-04-02T10:05:11.196+0000] {logging_mixin.py:190} INFO - [2025-04-02T10:05:11.196+0000] {dagbag.py:588} INFO - Filling up the DagBag from /home/airflow/.local/lib/python3.12/site-packages/airflow/example_dags/example_trigger_target_dag.py
[2025-04-02T10:05:11.207+0000] {processor.py:925} INFO - DAG(s) 'example_trigger_target_dag' retrieved from /home/airflow/.local/lib/python3.12/site-packages/airflow/example_dags/example_trigger_target_dag.py
[2025-04-02T10:05:11.234+0000] {logging_mixin.py:190} INFO - [2025-04-02T10:05:11.233+0000] {dag.py:3239} INFO - Sync 1 DAGs
[2025-04-02T10:05:11.254+0000] {logging_mixin.py:190} INFO - [2025-04-02T10:05:11.253+0000] {dag.py:4180} INFO - Setting next_dagrun for example_trigger_target_dag to None, run_after=None
[2025-04-02T10:05:11.282+0000] {processor.py:208} INFO - Processing /home/airflow/.local/lib/python3.12/site-packages/airflow/example_dags/example_trigger_target_dag.py took 0.098 seconds
[2025-04-02T10:05:41.893+0000] {processor.py:186} INFO - Started process (PID=1707) to work on /home/airflow/.local/lib/python3.12/site-packages/airflow/example_dags/example_trigger_target_dag.py
[2025-04-02T10:05:41.895+0000] {processor.py:914} INFO - Processing file /home/airflow/.local/lib/python3.12/site-packages/airflow/example_dags/example_trigger_target_dag.py for tasks to queue
[2025-04-02T10:05:41.897+0000] {logging_mixin.py:190} INFO - [2025-04-02T10:05:41.896+0000] {dagbag.py:588} INFO - Filling up the DagBag from /home/airflow/.local/lib/python3.12/site-packages/airflow/example_dags/example_trigger_target_dag.py
[2025-04-02T10:05:41.908+0000] {processor.py:925} INFO - DAG(s) 'example_trigger_target_dag' retrieved from /home/airflow/.local/lib/python3.12/site-packages/airflow/example_dags/example_trigger_target_dag.py
[2025-04-02T10:05:41.932+0000] {logging_mixin.py:190} INFO - [2025-04-02T10:05:41.931+0000] {dag.py:3239} INFO - Sync 1 DAGs
[2025-04-02T10:05:41.953+0000] {logging_mixin.py:190} INFO - [2025-04-02T10:05:41.953+0000] {dag.py:4180} INFO - Setting next_dagrun for example_trigger_target_dag to None, run_after=None
[2025-04-02T10:05:41.979+0000] {processor.py:208} INFO - Processing /home/airflow/.local/lib/python3.12/site-packages/airflow/example_dags/example_trigger_target_dag.py took 0.092 seconds
[2025-04-02T10:06:13.240+0000] {processor.py:186} INFO - Started process (PID=1771) to work on /home/airflow/.local/lib/python3.12/site-packages/airflow/example_dags/example_trigger_target_dag.py
[2025-04-02T10:06:13.242+0000] {processor.py:914} INFO - Processing file /home/airflow/.local/lib/python3.12/site-packages/airflow/example_dags/example_trigger_target_dag.py for tasks to queue
[2025-04-02T10:06:13.244+0000] {logging_mixin.py:190} INFO - [2025-04-02T10:06:13.244+0000] {dagbag.py:588} INFO - Filling up the DagBag from /home/airflow/.local/lib/python3.12/site-packages/airflow/example_dags/example_trigger_target_dag.py
[2025-04-02T10:06:13.255+0000] {processor.py:925} INFO - DAG(s) 'example_trigger_target_dag' retrieved from /home/airflow/.local/lib/python3.12/site-packages/airflow/example_dags/example_trigger_target_dag.py
[2025-04-02T10:06:13.282+0000] {logging_mixin.py:190} INFO - [2025-04-02T10:06:13.282+0000] {dag.py:3239} INFO - Sync 1 DAGs
[2025-04-02T10:06:13.304+0000] {logging_mixin.py:190} INFO - [2025-04-02T10:06:13.304+0000] {dag.py:4180} INFO - Setting next_dagrun for example_trigger_target_dag to None, run_after=None
[2025-04-02T10:06:13.334+0000] {processor.py:208} INFO - Processing /home/airflow/.local/lib/python3.12/site-packages/airflow/example_dags/example_trigger_target_dag.py took 0.101 seconds
[2025-04-02T10:06:43.848+0000] {processor.py:186} INFO - Started process (PID=1833) to work on /home/airflow/.local/lib/python3.12/site-packages/airflow/example_dags/example_trigger_target_dag.py
[2025-04-02T10:06:43.850+0000] {processor.py:914} INFO - Processing file /home/airflow/.local/lib/python3.12/site-packages/airflow/example_dags/example_trigger_target_dag.py for tasks to queue
[2025-04-02T10:06:43.852+0000] {logging_mixin.py:190} INFO - [2025-04-02T10:06:43.851+0000] {dagbag.py:588} INFO - Filling up the DagBag from /home/airflow/.local/lib/python3.12/site-packages/airflow/example_dags/example_trigger_target_dag.py
[2025-04-02T10:06:43.864+0000] {processor.py:925} INFO - DAG(s) 'example_trigger_target_dag' retrieved from /home/airflow/.local/lib/python3.12/site-packages/airflow/example_dags/example_trigger_target_dag.py
[2025-04-02T10:06:43.893+0000] {logging_mixin.py:190} INFO - [2025-04-02T10:06:43.893+0000] {dag.py:3239} INFO - Sync 1 DAGs
[2025-04-02T10:06:43.914+0000] {logging_mixin.py:190} INFO - [2025-04-02T10:06:43.914+0000] {dag.py:4180} INFO - Setting next_dagrun for example_trigger_target_dag to None, run_after=None
[2025-04-02T10:06:43.948+0000] {processor.py:208} INFO - Processing /home/airflow/.local/lib/python3.12/site-packages/airflow/example_dags/example_trigger_target_dag.py took 0.107 seconds
[2025-04-02T10:07:14.477+0000] {processor.py:186} INFO - Started process (PID=1896) to work on /home/airflow/.local/lib/python3.12/site-packages/airflow/example_dags/example_trigger_target_dag.py
[2025-04-02T10:07:14.479+0000] {processor.py:914} INFO - Processing file /home/airflow/.local/lib/python3.12/site-packages/airflow/example_dags/example_trigger_target_dag.py for tasks to queue
[2025-04-02T10:07:14.484+0000] {logging_mixin.py:190} INFO - [2025-04-02T10:07:14.482+0000] {dagbag.py:588} INFO - Filling up the DagBag from /home/airflow/.local/lib/python3.12/site-packages/airflow/example_dags/example_trigger_target_dag.py
[2025-04-02T10:07:14.508+0000] {processor.py:925} INFO - DAG(s) 'example_trigger_target_dag' retrieved from /home/airflow/.local/lib/python3.12/site-packages/airflow/example_dags/example_trigger_target_dag.py
[2025-04-02T10:07:14.567+0000] {logging_mixin.py:190} INFO - [2025-04-02T10:07:14.567+0000] {dag.py:3239} INFO - Sync 1 DAGs
[2025-04-02T10:07:14.623+0000] {logging_mixin.py:190} INFO - [2025-04-02T10:07:14.622+0000] {dag.py:4180} INFO - Setting next_dagrun for example_trigger_target_dag to None, run_after=None
[2025-04-02T10:07:14.663+0000] {processor.py:208} INFO - Processing /home/airflow/.local/lib/python3.12/site-packages/airflow/example_dags/example_trigger_target_dag.py took 0.204 seconds
[2025-04-02T10:07:45.546+0000] {processor.py:186} INFO - Started process (PID=1959) to work on /home/airflow/.local/lib/python3.12/site-packages/airflow/example_dags/example_trigger_target_dag.py
[2025-04-02T10:07:45.548+0000] {processor.py:914} INFO - Processing file /home/airflow/.local/lib/python3.12/site-packages/airflow/example_dags/example_trigger_target_dag.py for tasks to queue
[2025-04-02T10:07:45.550+0000] {logging_mixin.py:190} INFO - [2025-04-02T10:07:45.549+0000] {dagbag.py:588} INFO - Filling up the DagBag from /home/airflow/.local/lib/python3.12/site-packages/airflow/example_dags/example_trigger_target_dag.py
[2025-04-02T10:07:45.568+0000] {processor.py:925} INFO - DAG(s) 'example_trigger_target_dag' retrieved from /home/airflow/.local/lib/python3.12/site-packages/airflow/example_dags/example_trigger_target_dag.py
[2025-04-02T10:07:45.601+0000] {logging_mixin.py:190} INFO - [2025-04-02T10:07:45.601+0000] {dag.py:3239} INFO - Sync 1 DAGs
[2025-04-02T10:07:45.620+0000] {logging_mixin.py:190} INFO - [2025-04-02T10:07:45.619+0000] {dag.py:4180} INFO - Setting next_dagrun for example_trigger_target_dag to None, run_after=None
[2025-04-02T10:07:45.652+0000] {processor.py:208} INFO - Processing /home/airflow/.local/lib/python3.12/site-packages/airflow/example_dags/example_trigger_target_dag.py took 0.117 seconds
[2025-04-02T10:08:15.874+0000] {processor.py:186} INFO - Started process (PID=2021) to work on /home/airflow/.local/lib/python3.12/site-packages/airflow/example_dags/example_trigger_target_dag.py
[2025-04-02T10:08:15.876+0000] {processor.py:914} INFO - Processing file /home/airflow/.local/lib/python3.12/site-packages/airflow/example_dags/example_trigger_target_dag.py for tasks to queue
[2025-04-02T10:08:15.878+0000] {logging_mixin.py:190} INFO - [2025-04-02T10:08:15.878+0000] {dagbag.py:588} INFO - Filling up the DagBag from /home/airflow/.local/lib/python3.12/site-packages/airflow/example_dags/example_trigger_target_dag.py
[2025-04-02T10:08:15.889+0000] {processor.py:925} INFO - DAG(s) 'example_trigger_target_dag' retrieved from /home/airflow/.local/lib/python3.12/site-packages/airflow/example_dags/example_trigger_target_dag.py
[2025-04-02T10:08:15.913+0000] {logging_mixin.py:190} INFO - [2025-04-02T10:08:15.913+0000] {dag.py:3239} INFO - Sync 1 DAGs
[2025-04-02T10:08:15.931+0000] {logging_mixin.py:190} INFO - [2025-04-02T10:08:15.931+0000] {dag.py:4180} INFO - Setting next_dagrun for example_trigger_target_dag to None, run_after=None
[2025-04-02T10:08:15.959+0000] {processor.py:208} INFO - Processing /home/airflow/.local/lib/python3.12/site-packages/airflow/example_dags/example_trigger_target_dag.py took 0.092 seconds
[2025-04-02T10:08:46.536+0000] {processor.py:186} INFO - Started process (PID=2084) to work on /home/airflow/.local/lib/python3.12/site-packages/airflow/example_dags/example_trigger_target_dag.py
[2025-04-02T10:08:46.539+0000] {processor.py:914} INFO - Processing file /home/airflow/.local/lib/python3.12/site-packages/airflow/example_dags/example_trigger_target_dag.py for tasks to queue
[2025-04-02T10:08:46.543+0000] {logging_mixin.py:190} INFO - [2025-04-02T10:08:46.542+0000] {dagbag.py:588} INFO - Filling up the DagBag from /home/airflow/.local/lib/python3.12/site-packages/airflow/example_dags/example_trigger_target_dag.py
[2025-04-02T10:08:46.559+0000] {processor.py:925} INFO - DAG(s) 'example_trigger_target_dag' retrieved from /home/airflow/.local/lib/python3.12/site-packages/airflow/example_dags/example_trigger_target_dag.py
[2025-04-02T10:08:46.597+0000] {logging_mixin.py:190} INFO - [2025-04-02T10:08:46.596+0000] {dag.py:3239} INFO - Sync 1 DAGs
[2025-04-02T10:08:46.624+0000] {logging_mixin.py:190} INFO - [2025-04-02T10:08:46.624+0000] {dag.py:4180} INFO - Setting next_dagrun for example_trigger_target_dag to None, run_after=None
[2025-04-02T10:08:46.666+0000] {processor.py:208} INFO - Processing /home/airflow/.local/lib/python3.12/site-packages/airflow/example_dags/example_trigger_target_dag.py took 0.138 seconds
[2025-04-02T10:09:17.000+0000] {processor.py:186} INFO - Started process (PID=2147) to work on /home/airflow/.local/lib/python3.12/site-packages/airflow/example_dags/example_trigger_target_dag.py
[2025-04-02T10:09:17.002+0000] {processor.py:914} INFO - Processing file /home/airflow/.local/lib/python3.12/site-packages/airflow/example_dags/example_trigger_target_dag.py for tasks to queue
[2025-04-02T10:09:17.004+0000] {logging_mixin.py:190} INFO - [2025-04-02T10:09:17.004+0000] {dagbag.py:588} INFO - Filling up the DagBag from /home/airflow/.local/lib/python3.12/site-packages/airflow/example_dags/example_trigger_target_dag.py
[2025-04-02T10:09:17.017+0000] {processor.py:925} INFO - DAG(s) 'example_trigger_target_dag' retrieved from /home/airflow/.local/lib/python3.12/site-packages/airflow/example_dags/example_trigger_target_dag.py
[2025-04-02T10:09:17.050+0000] {logging_mixin.py:190} INFO - [2025-04-02T10:09:17.049+0000] {dag.py:3239} INFO - Sync 1 DAGs
[2025-04-02T10:09:17.080+0000] {logging_mixin.py:190} INFO - [2025-04-02T10:09:17.079+0000] {dag.py:4180} INFO - Setting next_dagrun for example_trigger_target_dag to None, run_after=None
[2025-04-02T10:09:17.113+0000] {processor.py:208} INFO - Processing /home/airflow/.local/lib/python3.12/site-packages/airflow/example_dags/example_trigger_target_dag.py took 0.123 seconds
[2025-04-02T10:09:47.917+0000] {processor.py:186} INFO - Started process (PID=2211) to work on /home/airflow/.local/lib/python3.12/site-packages/airflow/example_dags/example_trigger_target_dag.py
[2025-04-02T10:09:47.918+0000] {processor.py:914} INFO - Processing file /home/airflow/.local/lib/python3.12/site-packages/airflow/example_dags/example_trigger_target_dag.py for tasks to queue
[2025-04-02T10:09:47.920+0000] {logging_mixin.py:190} INFO - [2025-04-02T10:09:47.920+0000] {dagbag.py:588} INFO - Filling up the DagBag from /home/airflow/.local/lib/python3.12/site-packages/airflow/example_dags/example_trigger_target_dag.py
[2025-04-02T10:09:47.933+0000] {processor.py:925} INFO - DAG(s) 'example_trigger_target_dag' retrieved from /home/airflow/.local/lib/python3.12/site-packages/airflow/example_dags/example_trigger_target_dag.py
[2025-04-02T10:09:47.962+0000] {logging_mixin.py:190} INFO - [2025-04-02T10:09:47.962+0000] {dag.py:3239} INFO - Sync 1 DAGs
[2025-04-02T10:09:47.985+0000] {logging_mixin.py:190} INFO - [2025-04-02T10:09:47.985+0000] {dag.py:4180} INFO - Setting next_dagrun for example_trigger_target_dag to None, run_after=None
[2025-04-02T10:09:48.018+0000] {processor.py:208} INFO - Processing /home/airflow/.local/lib/python3.12/site-packages/airflow/example_dags/example_trigger_target_dag.py took 0.110 seconds
[2025-04-02T10:10:18.783+0000] {processor.py:186} INFO - Started process (PID=2274) to work on /home/airflow/.local/lib/python3.12/site-packages/airflow/example_dags/example_trigger_target_dag.py
[2025-04-02T10:10:18.784+0000] {processor.py:914} INFO - Processing file /home/airflow/.local/lib/python3.12/site-packages/airflow/example_dags/example_trigger_target_dag.py for tasks to queue
[2025-04-02T10:10:18.786+0000] {logging_mixin.py:190} INFO - [2025-04-02T10:10:18.786+0000] {dagbag.py:588} INFO - Filling up the DagBag from /home/airflow/.local/lib/python3.12/site-packages/airflow/example_dags/example_trigger_target_dag.py
[2025-04-02T10:10:18.799+0000] {processor.py:925} INFO - DAG(s) 'example_trigger_target_dag' retrieved from /home/airflow/.local/lib/python3.12/site-packages/airflow/example_dags/example_trigger_target_dag.py
[2025-04-02T10:10:18.826+0000] {logging_mixin.py:190} INFO - [2025-04-02T10:10:18.826+0000] {dag.py:3239} INFO - Sync 1 DAGs
[2025-04-02T10:10:18.846+0000] {logging_mixin.py:190} INFO - [2025-04-02T10:10:18.846+0000] {dag.py:4180} INFO - Setting next_dagrun for example_trigger_target_dag to None, run_after=None
[2025-04-02T10:10:18.878+0000] {processor.py:208} INFO - Processing /home/airflow/.local/lib/python3.12/site-packages/airflow/example_dags/example_trigger_target_dag.py took 0.102 seconds
[2025-04-02T10:10:49.001+0000] {processor.py:186} INFO - Started process (PID=2337) to work on /home/airflow/.local/lib/python3.12/site-packages/airflow/example_dags/example_trigger_target_dag.py
[2025-04-02T10:10:49.003+0000] {processor.py:914} INFO - Processing file /home/airflow/.local/lib/python3.12/site-packages/airflow/example_dags/example_trigger_target_dag.py for tasks to queue
[2025-04-02T10:10:49.005+0000] {logging_mixin.py:190} INFO - [2025-04-02T10:10:49.005+0000] {dagbag.py:588} INFO - Filling up the DagBag from /home/airflow/.local/lib/python3.12/site-packages/airflow/example_dags/example_trigger_target_dag.py
[2025-04-02T10:10:49.015+0000] {processor.py:925} INFO - DAG(s) 'example_trigger_target_dag' retrieved from /home/airflow/.local/lib/python3.12/site-packages/airflow/example_dags/example_trigger_target_dag.py
[2025-04-02T10:10:49.042+0000] {logging_mixin.py:190} INFO - [2025-04-02T10:10:49.041+0000] {dag.py:3239} INFO - Sync 1 DAGs
[2025-04-02T10:10:49.066+0000] {logging_mixin.py:190} INFO - [2025-04-02T10:10:49.066+0000] {dag.py:4180} INFO - Setting next_dagrun for example_trigger_target_dag to None, run_after=None
[2025-04-02T10:10:49.105+0000] {processor.py:208} INFO - Processing /home/airflow/.local/lib/python3.12/site-packages/airflow/example_dags/example_trigger_target_dag.py took 0.112 seconds
[2025-04-02T10:11:19.948+0000] {processor.py:186} INFO - Started process (PID=2400) to work on /home/airflow/.local/lib/python3.12/site-packages/airflow/example_dags/example_trigger_target_dag.py
[2025-04-02T10:11:19.950+0000] {processor.py:914} INFO - Processing file /home/airflow/.local/lib/python3.12/site-packages/airflow/example_dags/example_trigger_target_dag.py for tasks to queue
[2025-04-02T10:11:19.952+0000] {logging_mixin.py:190} INFO - [2025-04-02T10:11:19.952+0000] {dagbag.py:588} INFO - Filling up the DagBag from /home/airflow/.local/lib/python3.12/site-packages/airflow/example_dags/example_trigger_target_dag.py
[2025-04-02T10:11:19.968+0000] {processor.py:925} INFO - DAG(s) 'example_trigger_target_dag' retrieved from /home/airflow/.local/lib/python3.12/site-packages/airflow/example_dags/example_trigger_target_dag.py
[2025-04-02T10:11:19.993+0000] {logging_mixin.py:190} INFO - [2025-04-02T10:11:19.993+0000] {dag.py:3239} INFO - Sync 1 DAGs
[2025-04-02T10:11:20.018+0000] {logging_mixin.py:190} INFO - [2025-04-02T10:11:20.017+0000] {dag.py:4180} INFO - Setting next_dagrun for example_trigger_target_dag to None, run_after=None
[2025-04-02T10:11:20.049+0000] {processor.py:208} INFO - Processing /home/airflow/.local/lib/python3.12/site-packages/airflow/example_dags/example_trigger_target_dag.py took 0.112 seconds
[2025-04-02T10:11:50.826+0000] {processor.py:186} INFO - Started process (PID=2464) to work on /home/airflow/.local/lib/python3.12/site-packages/airflow/example_dags/example_trigger_target_dag.py
[2025-04-02T10:11:50.828+0000] {processor.py:914} INFO - Processing file /home/airflow/.local/lib/python3.12/site-packages/airflow/example_dags/example_trigger_target_dag.py for tasks to queue
[2025-04-02T10:11:50.830+0000] {logging_mixin.py:190} INFO - [2025-04-02T10:11:50.829+0000] {dagbag.py:588} INFO - Filling up the DagBag from /home/airflow/.local/lib/python3.12/site-packages/airflow/example_dags/example_trigger_target_dag.py
[2025-04-02T10:11:50.842+0000] {processor.py:925} INFO - DAG(s) 'example_trigger_target_dag' retrieved from /home/airflow/.local/lib/python3.12/site-packages/airflow/example_dags/example_trigger_target_dag.py
[2025-04-02T10:11:50.872+0000] {logging_mixin.py:190} INFO - [2025-04-02T10:11:50.871+0000] {dag.py:3239} INFO - Sync 1 DAGs
[2025-04-02T10:11:50.899+0000] {logging_mixin.py:190} INFO - [2025-04-02T10:11:50.899+0000] {dag.py:4180} INFO - Setting next_dagrun for example_trigger_target_dag to None, run_after=None
[2025-04-02T10:11:50.931+0000] {processor.py:208} INFO - Processing /home/airflow/.local/lib/python3.12/site-packages/airflow/example_dags/example_trigger_target_dag.py took 0.113 seconds
[2025-04-02T10:12:21.432+0000] {processor.py:186} INFO - Started process (PID=2528) to work on /home/airflow/.local/lib/python3.12/site-packages/airflow/example_dags/example_trigger_target_dag.py
[2025-04-02T10:12:21.434+0000] {processor.py:914} INFO - Processing file /home/airflow/.local/lib/python3.12/site-packages/airflow/example_dags/example_trigger_target_dag.py for tasks to queue
[2025-04-02T10:12:21.435+0000] {logging_mixin.py:190} INFO - [2025-04-02T10:12:21.435+0000] {dagbag.py:588} INFO - Filling up the DagBag from /home/airflow/.local/lib/python3.12/site-packages/airflow/example_dags/example_trigger_target_dag.py
[2025-04-02T10:12:21.445+0000] {processor.py:925} INFO - DAG(s) 'example_trigger_target_dag' retrieved from /home/airflow/.local/lib/python3.12/site-packages/airflow/example_dags/example_trigger_target_dag.py
[2025-04-02T10:12:21.474+0000] {logging_mixin.py:190} INFO - [2025-04-02T10:12:21.473+0000] {dag.py:3239} INFO - Sync 1 DAGs
[2025-04-02T10:12:21.493+0000] {logging_mixin.py:190} INFO - [2025-04-02T10:12:21.492+0000] {dag.py:4180} INFO - Setting next_dagrun for example_trigger_target_dag to None, run_after=None
[2025-04-02T10:12:21.524+0000] {processor.py:208} INFO - Processing /home/airflow/.local/lib/python3.12/site-packages/airflow/example_dags/example_trigger_target_dag.py took 0.100 seconds
[2025-04-02T10:12:52.504+0000] {processor.py:186} INFO - Started process (PID=2591) to work on /home/airflow/.local/lib/python3.12/site-packages/airflow/example_dags/example_trigger_target_dag.py
[2025-04-02T10:12:52.507+0000] {processor.py:914} INFO - Processing file /home/airflow/.local/lib/python3.12/site-packages/airflow/example_dags/example_trigger_target_dag.py for tasks to queue
[2025-04-02T10:12:52.509+0000] {logging_mixin.py:190} INFO - [2025-04-02T10:12:52.509+0000] {dagbag.py:588} INFO - Filling up the DagBag from /home/airflow/.local/lib/python3.12/site-packages/airflow/example_dags/example_trigger_target_dag.py
[2025-04-02T10:12:52.524+0000] {processor.py:925} INFO - DAG(s) 'example_trigger_target_dag' retrieved from /home/airflow/.local/lib/python3.12/site-packages/airflow/example_dags/example_trigger_target_dag.py
[2025-04-02T10:12:52.559+0000] {logging_mixin.py:190} INFO - [2025-04-02T10:12:52.558+0000] {dag.py:3239} INFO - Sync 1 DAGs
[2025-04-02T10:12:52.593+0000] {logging_mixin.py:190} INFO - [2025-04-02T10:12:52.592+0000] {dag.py:4180} INFO - Setting next_dagrun for example_trigger_target_dag to None, run_after=None
[2025-04-02T10:12:52.629+0000] {processor.py:208} INFO - Processing /home/airflow/.local/lib/python3.12/site-packages/airflow/example_dags/example_trigger_target_dag.py took 0.134 seconds
[2025-04-02T10:13:23.065+0000] {processor.py:186} INFO - Started process (PID=2653) to work on /home/airflow/.local/lib/python3.12/site-packages/airflow/example_dags/example_trigger_target_dag.py
[2025-04-02T10:13:23.067+0000] {processor.py:914} INFO - Processing file /home/airflow/.local/lib/python3.12/site-packages/airflow/example_dags/example_trigger_target_dag.py for tasks to queue
[2025-04-02T10:13:23.070+0000] {logging_mixin.py:190} INFO - [2025-04-02T10:13:23.069+0000] {dagbag.py:588} INFO - Filling up the DagBag from /home/airflow/.local/lib/python3.12/site-packages/airflow/example_dags/example_trigger_target_dag.py
[2025-04-02T10:13:23.087+0000] {processor.py:925} INFO - DAG(s) 'example_trigger_target_dag' retrieved from /home/airflow/.local/lib/python3.12/site-packages/airflow/example_dags/example_trigger_target_dag.py
[2025-04-02T10:13:23.128+0000] {logging_mixin.py:190} INFO - [2025-04-02T10:13:23.127+0000] {dag.py:3239} INFO - Sync 1 DAGs
[2025-04-02T10:13:23.160+0000] {logging_mixin.py:190} INFO - [2025-04-02T10:13:23.160+0000] {dag.py:4180} INFO - Setting next_dagrun for example_trigger_target_dag to None, run_after=None
[2025-04-02T10:13:23.201+0000] {processor.py:208} INFO - Processing /home/airflow/.local/lib/python3.12/site-packages/airflow/example_dags/example_trigger_target_dag.py took 0.149 seconds
[2025-04-02T13:35:43.100+0000] {processor.py:186} INFO - Started process (PID=2739) to work on /home/airflow/.local/lib/python3.12/site-packages/airflow/example_dags/example_trigger_target_dag.py
[2025-04-02T13:35:43.102+0000] {processor.py:914} INFO - Processing file /home/airflow/.local/lib/python3.12/site-packages/airflow/example_dags/example_trigger_target_dag.py for tasks to queue
[2025-04-02T13:35:43.115+0000] {logging_mixin.py:190} INFO - [2025-04-02T13:35:43.114+0000] {dagbag.py:588} INFO - Filling up the DagBag from /home/airflow/.local/lib/python3.12/site-packages/airflow/example_dags/example_trigger_target_dag.py
[2025-04-02T13:35:43.142+0000] {processor.py:925} INFO - DAG(s) 'example_trigger_target_dag' retrieved from /home/airflow/.local/lib/python3.12/site-packages/airflow/example_dags/example_trigger_target_dag.py
[2025-04-02T13:35:43.187+0000] {logging_mixin.py:190} INFO - [2025-04-02T13:35:43.187+0000] {dag.py:3239} INFO - Sync 1 DAGs
[2025-04-02T13:35:43.244+0000] {logging_mixin.py:190} INFO - [2025-04-02T13:35:43.241+0000] {dag.py:4180} INFO - Setting next_dagrun for example_trigger_target_dag to None, run_after=None
[2025-04-02T13:35:43.297+0000] {processor.py:208} INFO - Processing /home/airflow/.local/lib/python3.12/site-packages/airflow/example_dags/example_trigger_target_dag.py took 0.220 seconds
[2025-04-02T13:36:13.378+0000] {processor.py:186} INFO - Started process (PID=2802) to work on /home/airflow/.local/lib/python3.12/site-packages/airflow/example_dags/example_trigger_target_dag.py
[2025-04-02T13:36:13.380+0000] {processor.py:914} INFO - Processing file /home/airflow/.local/lib/python3.12/site-packages/airflow/example_dags/example_trigger_target_dag.py for tasks to queue
[2025-04-02T13:36:13.383+0000] {logging_mixin.py:190} INFO - [2025-04-02T13:36:13.382+0000] {dagbag.py:588} INFO - Filling up the DagBag from /home/airflow/.local/lib/python3.12/site-packages/airflow/example_dags/example_trigger_target_dag.py
[2025-04-02T13:36:13.395+0000] {processor.py:925} INFO - DAG(s) 'example_trigger_target_dag' retrieved from /home/airflow/.local/lib/python3.12/site-packages/airflow/example_dags/example_trigger_target_dag.py
[2025-04-02T13:36:13.431+0000] {logging_mixin.py:190} INFO - [2025-04-02T13:36:13.430+0000] {dag.py:3239} INFO - Sync 1 DAGs
[2025-04-02T13:36:13.457+0000] {logging_mixin.py:190} INFO - [2025-04-02T13:36:13.457+0000] {dag.py:4180} INFO - Setting next_dagrun for example_trigger_target_dag to None, run_after=None
[2025-04-02T13:36:13.485+0000] {processor.py:208} INFO - Processing /home/airflow/.local/lib/python3.12/site-packages/airflow/example_dags/example_trigger_target_dag.py took 0.118 seconds
[2025-04-02T13:36:44.479+0000] {processor.py:186} INFO - Started process (PID=2865) to work on /home/airflow/.local/lib/python3.12/site-packages/airflow/example_dags/example_trigger_target_dag.py
[2025-04-02T13:36:44.481+0000] {processor.py:914} INFO - Processing file /home/airflow/.local/lib/python3.12/site-packages/airflow/example_dags/example_trigger_target_dag.py for tasks to queue
[2025-04-02T13:36:44.483+0000] {logging_mixin.py:190} INFO - [2025-04-02T13:36:44.482+0000] {dagbag.py:588} INFO - Filling up the DagBag from /home/airflow/.local/lib/python3.12/site-packages/airflow/example_dags/example_trigger_target_dag.py
[2025-04-02T13:36:44.497+0000] {processor.py:925} INFO - DAG(s) 'example_trigger_target_dag' retrieved from /home/airflow/.local/lib/python3.12/site-packages/airflow/example_dags/example_trigger_target_dag.py
[2025-04-02T13:36:44.534+0000] {logging_mixin.py:190} INFO - [2025-04-02T13:36:44.533+0000] {dag.py:3239} INFO - Sync 1 DAGs
[2025-04-02T13:36:44.564+0000] {logging_mixin.py:190} INFO - [2025-04-02T13:36:44.563+0000] {dag.py:4180} INFO - Setting next_dagrun for example_trigger_target_dag to None, run_after=None
[2025-04-02T13:36:44.610+0000] {processor.py:208} INFO - Processing /home/airflow/.local/lib/python3.12/site-packages/airflow/example_dags/example_trigger_target_dag.py took 0.139 seconds
[2025-04-02T13:37:15.477+0000] {processor.py:186} INFO - Started process (PID=2929) to work on /home/airflow/.local/lib/python3.12/site-packages/airflow/example_dags/example_trigger_target_dag.py
[2025-04-02T13:37:15.479+0000] {processor.py:914} INFO - Processing file /home/airflow/.local/lib/python3.12/site-packages/airflow/example_dags/example_trigger_target_dag.py for tasks to queue
[2025-04-02T13:37:15.482+0000] {logging_mixin.py:190} INFO - [2025-04-02T13:37:15.481+0000] {dagbag.py:588} INFO - Filling up the DagBag from /home/airflow/.local/lib/python3.12/site-packages/airflow/example_dags/example_trigger_target_dag.py
[2025-04-02T13:37:15.495+0000] {processor.py:925} INFO - DAG(s) 'example_trigger_target_dag' retrieved from /home/airflow/.local/lib/python3.12/site-packages/airflow/example_dags/example_trigger_target_dag.py
[2025-04-02T13:37:15.520+0000] {logging_mixin.py:190} INFO - [2025-04-02T13:37:15.520+0000] {dag.py:3239} INFO - Sync 1 DAGs
[2025-04-02T13:37:15.550+0000] {logging_mixin.py:190} INFO - [2025-04-02T13:37:15.549+0000] {dag.py:4180} INFO - Setting next_dagrun for example_trigger_target_dag to None, run_after=None
[2025-04-02T13:37:15.581+0000] {processor.py:208} INFO - Processing /home/airflow/.local/lib/python3.12/site-packages/airflow/example_dags/example_trigger_target_dag.py took 0.111 seconds
[2025-04-02T13:37:46.309+0000] {processor.py:186} INFO - Started process (PID=2993) to work on /home/airflow/.local/lib/python3.12/site-packages/airflow/example_dags/example_trigger_target_dag.py
[2025-04-02T13:37:46.311+0000] {processor.py:914} INFO - Processing file /home/airflow/.local/lib/python3.12/site-packages/airflow/example_dags/example_trigger_target_dag.py for tasks to queue
[2025-04-02T13:37:46.313+0000] {logging_mixin.py:190} INFO - [2025-04-02T13:37:46.312+0000] {dagbag.py:588} INFO - Filling up the DagBag from /home/airflow/.local/lib/python3.12/site-packages/airflow/example_dags/example_trigger_target_dag.py
[2025-04-02T13:37:46.323+0000] {processor.py:925} INFO - DAG(s) 'example_trigger_target_dag' retrieved from /home/airflow/.local/lib/python3.12/site-packages/airflow/example_dags/example_trigger_target_dag.py
[2025-04-02T13:37:46.352+0000] {logging_mixin.py:190} INFO - [2025-04-02T13:37:46.351+0000] {dag.py:3239} INFO - Sync 1 DAGs
[2025-04-02T13:37:46.374+0000] {logging_mixin.py:190} INFO - [2025-04-02T13:37:46.374+0000] {dag.py:4180} INFO - Setting next_dagrun for example_trigger_target_dag to None, run_after=None
[2025-04-02T13:37:46.402+0000] {processor.py:208} INFO - Processing /home/airflow/.local/lib/python3.12/site-packages/airflow/example_dags/example_trigger_target_dag.py took 0.101 seconds
[2025-04-02T13:38:17.151+0000] {processor.py:186} INFO - Started process (PID=3056) to work on /home/airflow/.local/lib/python3.12/site-packages/airflow/example_dags/example_trigger_target_dag.py
[2025-04-02T13:38:17.153+0000] {processor.py:914} INFO - Processing file /home/airflow/.local/lib/python3.12/site-packages/airflow/example_dags/example_trigger_target_dag.py for tasks to queue
[2025-04-02T13:38:17.155+0000] {logging_mixin.py:190} INFO - [2025-04-02T13:38:17.155+0000] {dagbag.py:588} INFO - Filling up the DagBag from /home/airflow/.local/lib/python3.12/site-packages/airflow/example_dags/example_trigger_target_dag.py
[2025-04-02T13:38:17.166+0000] {processor.py:925} INFO - DAG(s) 'example_trigger_target_dag' retrieved from /home/airflow/.local/lib/python3.12/site-packages/airflow/example_dags/example_trigger_target_dag.py
[2025-04-02T13:38:17.190+0000] {logging_mixin.py:190} INFO - [2025-04-02T13:38:17.190+0000] {dag.py:3239} INFO - Sync 1 DAGs
[2025-04-02T13:38:17.207+0000] {logging_mixin.py:190} INFO - [2025-04-02T13:38:17.207+0000] {dag.py:4180} INFO - Setting next_dagrun for example_trigger_target_dag to None, run_after=None
[2025-04-02T13:38:17.232+0000] {processor.py:208} INFO - Processing /home/airflow/.local/lib/python3.12/site-packages/airflow/example_dags/example_trigger_target_dag.py took 0.090 seconds
[2025-04-02T13:38:48.036+0000] {processor.py:186} INFO - Started process (PID=3119) to work on /home/airflow/.local/lib/python3.12/site-packages/airflow/example_dags/example_trigger_target_dag.py
[2025-04-02T13:38:48.038+0000] {processor.py:914} INFO - Processing file /home/airflow/.local/lib/python3.12/site-packages/airflow/example_dags/example_trigger_target_dag.py for tasks to queue
[2025-04-02T13:38:48.040+0000] {logging_mixin.py:190} INFO - [2025-04-02T13:38:48.039+0000] {dagbag.py:588} INFO - Filling up the DagBag from /home/airflow/.local/lib/python3.12/site-packages/airflow/example_dags/example_trigger_target_dag.py
[2025-04-02T13:38:48.050+0000] {processor.py:925} INFO - DAG(s) 'example_trigger_target_dag' retrieved from /home/airflow/.local/lib/python3.12/site-packages/airflow/example_dags/example_trigger_target_dag.py
[2025-04-02T13:38:48.075+0000] {logging_mixin.py:190} INFO - [2025-04-02T13:38:48.074+0000] {dag.py:3239} INFO - Sync 1 DAGs
[2025-04-02T13:38:48.094+0000] {logging_mixin.py:190} INFO - [2025-04-02T13:38:48.094+0000] {dag.py:4180} INFO - Setting next_dagrun for example_trigger_target_dag to None, run_after=None
[2025-04-02T13:38:48.121+0000] {processor.py:208} INFO - Processing /home/airflow/.local/lib/python3.12/site-packages/airflow/example_dags/example_trigger_target_dag.py took 0.092 seconds
[2025-04-02T13:39:18.292+0000] {processor.py:186} INFO - Started process (PID=3181) to work on /home/airflow/.local/lib/python3.12/site-packages/airflow/example_dags/example_trigger_target_dag.py
[2025-04-02T13:39:18.294+0000] {processor.py:914} INFO - Processing file /home/airflow/.local/lib/python3.12/site-packages/airflow/example_dags/example_trigger_target_dag.py for tasks to queue
[2025-04-02T13:39:18.296+0000] {logging_mixin.py:190} INFO - [2025-04-02T13:39:18.296+0000] {dagbag.py:588} INFO - Filling up the DagBag from /home/airflow/.local/lib/python3.12/site-packages/airflow/example_dags/example_trigger_target_dag.py
[2025-04-02T13:39:18.308+0000] {processor.py:925} INFO - DAG(s) 'example_trigger_target_dag' retrieved from /home/airflow/.local/lib/python3.12/site-packages/airflow/example_dags/example_trigger_target_dag.py
[2025-04-02T13:39:18.335+0000] {logging_mixin.py:190} INFO - [2025-04-02T13:39:18.334+0000] {dag.py:3239} INFO - Sync 1 DAGs
[2025-04-02T13:39:18.357+0000] {logging_mixin.py:190} INFO - [2025-04-02T13:39:18.356+0000] {dag.py:4180} INFO - Setting next_dagrun for example_trigger_target_dag to None, run_after=None
[2025-04-02T13:39:18.385+0000] {processor.py:208} INFO - Processing /home/airflow/.local/lib/python3.12/site-packages/airflow/example_dags/example_trigger_target_dag.py took 0.101 seconds
[2025-04-02T13:39:49.666+0000] {processor.py:186} INFO - Started process (PID=3244) to work on /home/airflow/.local/lib/python3.12/site-packages/airflow/example_dags/example_trigger_target_dag.py
[2025-04-02T13:39:49.667+0000] {processor.py:914} INFO - Processing file /home/airflow/.local/lib/python3.12/site-packages/airflow/example_dags/example_trigger_target_dag.py for tasks to queue
[2025-04-02T13:39:49.669+0000] {logging_mixin.py:190} INFO - [2025-04-02T13:39:49.669+0000] {dagbag.py:588} INFO - Filling up the DagBag from /home/airflow/.local/lib/python3.12/site-packages/airflow/example_dags/example_trigger_target_dag.py
[2025-04-02T13:39:49.684+0000] {processor.py:925} INFO - DAG(s) 'example_trigger_target_dag' retrieved from /home/airflow/.local/lib/python3.12/site-packages/airflow/example_dags/example_trigger_target_dag.py
[2025-04-02T13:39:49.713+0000] {logging_mixin.py:190} INFO - [2025-04-02T13:39:49.712+0000] {dag.py:3239} INFO - Sync 1 DAGs
[2025-04-02T13:39:49.737+0000] {logging_mixin.py:190} INFO - [2025-04-02T13:39:49.737+0000] {dag.py:4180} INFO - Setting next_dagrun for example_trigger_target_dag to None, run_after=None
[2025-04-02T13:39:49.769+0000] {processor.py:208} INFO - Processing /home/airflow/.local/lib/python3.12/site-packages/airflow/example_dags/example_trigger_target_dag.py took 0.111 seconds
[2025-04-02T13:40:20.314+0000] {processor.py:186} INFO - Started process (PID=3309) to work on /home/airflow/.local/lib/python3.12/site-packages/airflow/example_dags/example_trigger_target_dag.py
[2025-04-02T13:40:20.316+0000] {processor.py:914} INFO - Processing file /home/airflow/.local/lib/python3.12/site-packages/airflow/example_dags/example_trigger_target_dag.py for tasks to queue
[2025-04-02T13:40:20.319+0000] {logging_mixin.py:190} INFO - [2025-04-02T13:40:20.319+0000] {dagbag.py:588} INFO - Filling up the DagBag from /home/airflow/.local/lib/python3.12/site-packages/airflow/example_dags/example_trigger_target_dag.py
[2025-04-02T13:40:20.331+0000] {processor.py:925} INFO - DAG(s) 'example_trigger_target_dag' retrieved from /home/airflow/.local/lib/python3.12/site-packages/airflow/example_dags/example_trigger_target_dag.py
[2025-04-02T13:40:20.359+0000] {logging_mixin.py:190} INFO - [2025-04-02T13:40:20.358+0000] {dag.py:3239} INFO - Sync 1 DAGs
[2025-04-02T13:40:20.380+0000] {logging_mixin.py:190} INFO - [2025-04-02T13:40:20.379+0000] {dag.py:4180} INFO - Setting next_dagrun for example_trigger_target_dag to None, run_after=None
[2025-04-02T13:40:20.407+0000] {processor.py:208} INFO - Processing /home/airflow/.local/lib/python3.12/site-packages/airflow/example_dags/example_trigger_target_dag.py took 0.098 seconds
[2025-04-02T13:40:51.096+0000] {processor.py:186} INFO - Started process (PID=3375) to work on /home/airflow/.local/lib/python3.12/site-packages/airflow/example_dags/example_trigger_target_dag.py
[2025-04-02T13:40:51.098+0000] {processor.py:914} INFO - Processing file /home/airflow/.local/lib/python3.12/site-packages/airflow/example_dags/example_trigger_target_dag.py for tasks to queue
[2025-04-02T13:40:51.100+0000] {logging_mixin.py:190} INFO - [2025-04-02T13:40:51.100+0000] {dagbag.py:588} INFO - Filling up the DagBag from /home/airflow/.local/lib/python3.12/site-packages/airflow/example_dags/example_trigger_target_dag.py
[2025-04-02T13:40:51.110+0000] {processor.py:925} INFO - DAG(s) 'example_trigger_target_dag' retrieved from /home/airflow/.local/lib/python3.12/site-packages/airflow/example_dags/example_trigger_target_dag.py
[2025-04-02T13:40:51.137+0000] {logging_mixin.py:190} INFO - [2025-04-02T13:40:51.137+0000] {dag.py:3239} INFO - Sync 1 DAGs
[2025-04-02T13:40:51.156+0000] {logging_mixin.py:190} INFO - [2025-04-02T13:40:51.156+0000] {dag.py:4180} INFO - Setting next_dagrun for example_trigger_target_dag to None, run_after=None
[2025-04-02T13:40:51.184+0000] {processor.py:208} INFO - Processing /home/airflow/.local/lib/python3.12/site-packages/airflow/example_dags/example_trigger_target_dag.py took 0.095 seconds
