[2025-04-02T09:04:32.793+0000] {processor.py:186} INFO - Started process (PID=83) to work on /home/airflow/.local/lib/python3.12/site-packages/airflow/example_dags/example_sla_dag.py
[2025-04-02T09:04:32.795+0000] {processor.py:914} INFO - Processing file /home/airflow/.local/lib/python3.12/site-packages/airflow/example_dags/example_sla_dag.py for tasks to queue
[2025-04-02T09:04:32.802+0000] {logging_mixin.py:190} INFO - [2025-04-02T09:04:32.802+0000] {dagbag.py:588} INFO - Filling up the DagBag from /home/airflow/.local/lib/python3.12/site-packages/airflow/example_dags/example_sla_dag.py
[2025-04-02T09:04:32.838+0000] {processor.py:925} INFO - DAG(s) 'example_sla_dag' retrieved from /home/airflow/.local/lib/python3.12/site-packages/airflow/example_dags/example_sla_dag.py
[2025-04-02T09:04:33.217+0000] {logging_mixin.py:190} INFO - [2025-04-02T09:04:33.214+0000] {override.py:1912} INFO - Created Permission View: can delete on DAG:example_sla_dag
[2025-04-02T09:04:33.242+0000] {logging_mixin.py:190} INFO - [2025-04-02T09:04:33.241+0000] {override.py:1912} INFO - Created Permission View: can edit on DAG:example_sla_dag
[2025-04-02T09:04:33.257+0000] {logging_mixin.py:190} INFO - [2025-04-02T09:04:33.256+0000] {override.py:1912} INFO - Created Permission View: can read on DAG:example_sla_dag
[2025-04-02T09:04:33.274+0000] {logging_mixin.py:190} INFO - [2025-04-02T09:04:33.273+0000] {override.py:1912} INFO - Created Permission View: can delete on DAG Run:example_sla_dag
[2025-04-02T09:04:33.291+0000] {logging_mixin.py:190} INFO - [2025-04-02T09:04:33.290+0000] {override.py:1912} INFO - Created Permission View: menu access on DAG Run:example_sla_dag
[2025-04-02T09:04:33.309+0000] {logging_mixin.py:190} INFO - [2025-04-02T09:04:33.308+0000] {override.py:1912} INFO - Created Permission View: can create on DAG Run:example_sla_dag
[2025-04-02T09:04:33.324+0000] {logging_mixin.py:190} INFO - [2025-04-02T09:04:33.324+0000] {override.py:1912} INFO - Created Permission View: can read on DAG Run:example_sla_dag
[2025-04-02T09:04:33.326+0000] {logging_mixin.py:190} INFO - [2025-04-02T09:04:33.325+0000] {dag.py:3239} INFO - Sync 1 DAGs
[2025-04-02T09:04:33.361+0000] {logging_mixin.py:190} INFO - [2025-04-02T09:04:33.361+0000] {dag.py:3262} INFO - Creating ORM DAG for example_sla_dag
[2025-04-02T09:04:33.396+0000] {logging_mixin.py:190} INFO - [2025-04-02T09:04:33.396+0000] {dag.py:4180} INFO - Setting next_dagrun for example_sla_dag to 2025-04-02 09:02:00+00:00, run_after=2025-04-02 09:04:00+00:00
[2025-04-02T09:04:33.431+0000] {processor.py:208} INFO - Processing /home/airflow/.local/lib/python3.12/site-packages/airflow/example_dags/example_sla_dag.py took 0.671 seconds
[2025-04-02T09:05:03.506+0000] {processor.py:186} INFO - Started process (PID=146) to work on /home/airflow/.local/lib/python3.12/site-packages/airflow/example_dags/example_sla_dag.py
[2025-04-02T09:05:03.508+0000] {processor.py:914} INFO - Processing file /home/airflow/.local/lib/python3.12/site-packages/airflow/example_dags/example_sla_dag.py for tasks to queue
[2025-04-02T09:05:03.510+0000] {logging_mixin.py:190} INFO - [2025-04-02T09:05:03.510+0000] {dagbag.py:588} INFO - Filling up the DagBag from /home/airflow/.local/lib/python3.12/site-packages/airflow/example_dags/example_sla_dag.py
[2025-04-02T09:05:03.522+0000] {processor.py:925} INFO - DAG(s) 'example_sla_dag' retrieved from /home/airflow/.local/lib/python3.12/site-packages/airflow/example_dags/example_sla_dag.py
[2025-04-02T09:05:03.546+0000] {logging_mixin.py:190} INFO - [2025-04-02T09:05:03.546+0000] {dag.py:3239} INFO - Sync 1 DAGs
[2025-04-02T09:05:03.590+0000] {logging_mixin.py:190} INFO - [2025-04-02T09:05:03.590+0000] {dag.py:4180} INFO - Setting next_dagrun for example_sla_dag to 2025-04-02 09:02:00+00:00, run_after=2025-04-02 09:04:00+00:00
[2025-04-02T09:05:03.616+0000] {processor.py:208} INFO - Processing /home/airflow/.local/lib/python3.12/site-packages/airflow/example_dags/example_sla_dag.py took 0.115 seconds
[2025-04-02T09:05:34.277+0000] {processor.py:186} INFO - Started process (PID=209) to work on /home/airflow/.local/lib/python3.12/site-packages/airflow/example_dags/example_sla_dag.py
[2025-04-02T09:05:34.279+0000] {processor.py:914} INFO - Processing file /home/airflow/.local/lib/python3.12/site-packages/airflow/example_dags/example_sla_dag.py for tasks to queue
[2025-04-02T09:05:34.281+0000] {logging_mixin.py:190} INFO - [2025-04-02T09:05:34.281+0000] {dagbag.py:588} INFO - Filling up the DagBag from /home/airflow/.local/lib/python3.12/site-packages/airflow/example_dags/example_sla_dag.py
[2025-04-02T09:05:34.293+0000] {processor.py:925} INFO - DAG(s) 'example_sla_dag' retrieved from /home/airflow/.local/lib/python3.12/site-packages/airflow/example_dags/example_sla_dag.py
[2025-04-02T09:05:34.314+0000] {logging_mixin.py:190} INFO - [2025-04-02T09:05:34.314+0000] {dag.py:3239} INFO - Sync 1 DAGs
[2025-04-02T09:05:34.345+0000] {logging_mixin.py:190} INFO - [2025-04-02T09:05:34.344+0000] {dag.py:4180} INFO - Setting next_dagrun for example_sla_dag to 2025-04-02 09:02:00+00:00, run_after=2025-04-02 09:04:00+00:00
[2025-04-02T09:05:34.368+0000] {processor.py:208} INFO - Processing /home/airflow/.local/lib/python3.12/site-packages/airflow/example_dags/example_sla_dag.py took 0.099 seconds
[2025-04-02T09:06:05.180+0000] {processor.py:186} INFO - Started process (PID=272) to work on /home/airflow/.local/lib/python3.12/site-packages/airflow/example_dags/example_sla_dag.py
[2025-04-02T09:06:05.181+0000] {processor.py:914} INFO - Processing file /home/airflow/.local/lib/python3.12/site-packages/airflow/example_dags/example_sla_dag.py for tasks to queue
[2025-04-02T09:06:05.183+0000] {logging_mixin.py:190} INFO - [2025-04-02T09:06:05.183+0000] {dagbag.py:588} INFO - Filling up the DagBag from /home/airflow/.local/lib/python3.12/site-packages/airflow/example_dags/example_sla_dag.py
[2025-04-02T09:06:05.194+0000] {processor.py:925} INFO - DAG(s) 'example_sla_dag' retrieved from /home/airflow/.local/lib/python3.12/site-packages/airflow/example_dags/example_sla_dag.py
[2025-04-02T09:06:05.216+0000] {logging_mixin.py:190} INFO - [2025-04-02T09:06:05.215+0000] {dag.py:3239} INFO - Sync 1 DAGs
[2025-04-02T09:06:05.245+0000] {logging_mixin.py:190} INFO - [2025-04-02T09:06:05.244+0000] {dag.py:4180} INFO - Setting next_dagrun for example_sla_dag to 2025-04-02 09:04:00+00:00, run_after=2025-04-02 09:06:00+00:00
[2025-04-02T09:06:05.268+0000] {processor.py:208} INFO - Processing /home/airflow/.local/lib/python3.12/site-packages/airflow/example_dags/example_sla_dag.py took 0.094 seconds
[2025-04-02T09:06:35.925+0000] {processor.py:186} INFO - Started process (PID=335) to work on /home/airflow/.local/lib/python3.12/site-packages/airflow/example_dags/example_sla_dag.py
[2025-04-02T09:06:35.926+0000] {processor.py:914} INFO - Processing file /home/airflow/.local/lib/python3.12/site-packages/airflow/example_dags/example_sla_dag.py for tasks to queue
[2025-04-02T09:06:35.929+0000] {logging_mixin.py:190} INFO - [2025-04-02T09:06:35.929+0000] {dagbag.py:588} INFO - Filling up the DagBag from /home/airflow/.local/lib/python3.12/site-packages/airflow/example_dags/example_sla_dag.py
[2025-04-02T09:06:35.941+0000] {processor.py:925} INFO - DAG(s) 'example_sla_dag' retrieved from /home/airflow/.local/lib/python3.12/site-packages/airflow/example_dags/example_sla_dag.py
[2025-04-02T09:06:35.963+0000] {logging_mixin.py:190} INFO - [2025-04-02T09:06:35.963+0000] {dag.py:3239} INFO - Sync 1 DAGs
[2025-04-02T09:06:35.991+0000] {logging_mixin.py:190} INFO - [2025-04-02T09:06:35.991+0000] {dag.py:4180} INFO - Setting next_dagrun for example_sla_dag to 2025-04-02 09:04:00+00:00, run_after=2025-04-02 09:06:00+00:00
[2025-04-02T09:06:36.013+0000] {processor.py:208} INFO - Processing /home/airflow/.local/lib/python3.12/site-packages/airflow/example_dags/example_sla_dag.py took 0.095 seconds
[2025-04-02T09:07:06.556+0000] {processor.py:186} INFO - Started process (PID=397) to work on /home/airflow/.local/lib/python3.12/site-packages/airflow/example_dags/example_sla_dag.py
[2025-04-02T09:07:06.557+0000] {processor.py:914} INFO - Processing file /home/airflow/.local/lib/python3.12/site-packages/airflow/example_dags/example_sla_dag.py for tasks to queue
[2025-04-02T09:07:06.560+0000] {logging_mixin.py:190} INFO - [2025-04-02T09:07:06.560+0000] {dagbag.py:588} INFO - Filling up the DagBag from /home/airflow/.local/lib/python3.12/site-packages/airflow/example_dags/example_sla_dag.py
[2025-04-02T09:07:06.577+0000] {processor.py:925} INFO - DAG(s) 'example_sla_dag' retrieved from /home/airflow/.local/lib/python3.12/site-packages/airflow/example_dags/example_sla_dag.py
[2025-04-02T09:07:06.605+0000] {logging_mixin.py:190} INFO - [2025-04-02T09:07:06.605+0000] {dag.py:3239} INFO - Sync 1 DAGs
[2025-04-02T09:07:06.642+0000] {logging_mixin.py:190} INFO - [2025-04-02T09:07:06.642+0000] {dag.py:4180} INFO - Setting next_dagrun for example_sla_dag to 2025-04-02 09:04:00+00:00, run_after=2025-04-02 09:06:00+00:00
[2025-04-02T09:07:06.671+0000] {processor.py:208} INFO - Processing /home/airflow/.local/lib/python3.12/site-packages/airflow/example_dags/example_sla_dag.py took 0.122 seconds
[2025-04-02T09:07:36.849+0000] {processor.py:186} INFO - Started process (PID=460) to work on /home/airflow/.local/lib/python3.12/site-packages/airflow/example_dags/example_sla_dag.py
[2025-04-02T09:07:36.851+0000] {processor.py:914} INFO - Processing file /home/airflow/.local/lib/python3.12/site-packages/airflow/example_dags/example_sla_dag.py for tasks to queue
[2025-04-02T09:07:36.855+0000] {logging_mixin.py:190} INFO - [2025-04-02T09:07:36.854+0000] {dagbag.py:588} INFO - Filling up the DagBag from /home/airflow/.local/lib/python3.12/site-packages/airflow/example_dags/example_sla_dag.py
[2025-04-02T09:07:36.870+0000] {processor.py:925} INFO - DAG(s) 'example_sla_dag' retrieved from /home/airflow/.local/lib/python3.12/site-packages/airflow/example_dags/example_sla_dag.py
[2025-04-02T09:07:36.898+0000] {logging_mixin.py:190} INFO - [2025-04-02T09:07:36.898+0000] {dag.py:3239} INFO - Sync 1 DAGs
[2025-04-02T09:07:36.938+0000] {logging_mixin.py:190} INFO - [2025-04-02T09:07:36.938+0000] {dag.py:4180} INFO - Setting next_dagrun for example_sla_dag to 2025-04-02 09:04:00+00:00, run_after=2025-04-02 09:06:00+00:00
[2025-04-02T09:07:36.966+0000] {processor.py:208} INFO - Processing /home/airflow/.local/lib/python3.12/site-packages/airflow/example_dags/example_sla_dag.py took 0.126 seconds
[2025-04-02T09:08:08.321+0000] {processor.py:186} INFO - Started process (PID=523) to work on /home/airflow/.local/lib/python3.12/site-packages/airflow/example_dags/example_sla_dag.py
[2025-04-02T09:08:08.322+0000] {processor.py:914} INFO - Processing file /home/airflow/.local/lib/python3.12/site-packages/airflow/example_dags/example_sla_dag.py for tasks to queue
[2025-04-02T09:08:08.326+0000] {logging_mixin.py:190} INFO - [2025-04-02T09:08:08.326+0000] {dagbag.py:588} INFO - Filling up the DagBag from /home/airflow/.local/lib/python3.12/site-packages/airflow/example_dags/example_sla_dag.py
[2025-04-02T09:08:08.350+0000] {processor.py:925} INFO - DAG(s) 'example_sla_dag' retrieved from /home/airflow/.local/lib/python3.12/site-packages/airflow/example_dags/example_sla_dag.py
[2025-04-02T09:08:08.383+0000] {logging_mixin.py:190} INFO - [2025-04-02T09:08:08.383+0000] {dag.py:3239} INFO - Sync 1 DAGs
[2025-04-02T09:08:08.429+0000] {logging_mixin.py:190} INFO - [2025-04-02T09:08:08.429+0000] {dag.py:4180} INFO - Setting next_dagrun for example_sla_dag to 2025-04-02 09:06:00+00:00, run_after=2025-04-02 09:08:00+00:00
[2025-04-02T09:08:08.458+0000] {processor.py:208} INFO - Processing /home/airflow/.local/lib/python3.12/site-packages/airflow/example_dags/example_sla_dag.py took 0.146 seconds
[2025-04-02T09:08:39.484+0000] {processor.py:186} INFO - Started process (PID=585) to work on /home/airflow/.local/lib/python3.12/site-packages/airflow/example_dags/example_sla_dag.py
[2025-04-02T09:08:39.486+0000] {processor.py:914} INFO - Processing file /home/airflow/.local/lib/python3.12/site-packages/airflow/example_dags/example_sla_dag.py for tasks to queue
[2025-04-02T09:08:39.489+0000] {logging_mixin.py:190} INFO - [2025-04-02T09:08:39.488+0000] {dagbag.py:588} INFO - Filling up the DagBag from /home/airflow/.local/lib/python3.12/site-packages/airflow/example_dags/example_sla_dag.py
[2025-04-02T09:08:39.500+0000] {processor.py:925} INFO - DAG(s) 'example_sla_dag' retrieved from /home/airflow/.local/lib/python3.12/site-packages/airflow/example_dags/example_sla_dag.py
[2025-04-02T09:08:39.525+0000] {logging_mixin.py:190} INFO - [2025-04-02T09:08:39.525+0000] {dag.py:3239} INFO - Sync 1 DAGs
[2025-04-02T09:08:39.557+0000] {logging_mixin.py:190} INFO - [2025-04-02T09:08:39.557+0000] {dag.py:4180} INFO - Setting next_dagrun for example_sla_dag to 2025-04-02 09:06:00+00:00, run_after=2025-04-02 09:08:00+00:00
[2025-04-02T09:08:39.581+0000] {processor.py:208} INFO - Processing /home/airflow/.local/lib/python3.12/site-packages/airflow/example_dags/example_sla_dag.py took 0.103 seconds
[2025-04-02T09:09:10.665+0000] {processor.py:186} INFO - Started process (PID=647) to work on /home/airflow/.local/lib/python3.12/site-packages/airflow/example_dags/example_sla_dag.py
[2025-04-02T09:09:10.667+0000] {processor.py:914} INFO - Processing file /home/airflow/.local/lib/python3.12/site-packages/airflow/example_dags/example_sla_dag.py for tasks to queue
[2025-04-02T09:09:10.670+0000] {logging_mixin.py:190} INFO - [2025-04-02T09:09:10.669+0000] {dagbag.py:588} INFO - Filling up the DagBag from /home/airflow/.local/lib/python3.12/site-packages/airflow/example_dags/example_sla_dag.py
[2025-04-02T09:09:10.681+0000] {processor.py:925} INFO - DAG(s) 'example_sla_dag' retrieved from /home/airflow/.local/lib/python3.12/site-packages/airflow/example_dags/example_sla_dag.py
[2025-04-02T09:09:10.703+0000] {logging_mixin.py:190} INFO - [2025-04-02T09:09:10.703+0000] {dag.py:3239} INFO - Sync 1 DAGs
[2025-04-02T09:09:10.735+0000] {logging_mixin.py:190} INFO - [2025-04-02T09:09:10.735+0000] {dag.py:4180} INFO - Setting next_dagrun for example_sla_dag to 2025-04-02 09:06:00+00:00, run_after=2025-04-02 09:08:00+00:00
[2025-04-02T09:09:10.759+0000] {processor.py:208} INFO - Processing /home/airflow/.local/lib/python3.12/site-packages/airflow/example_dags/example_sla_dag.py took 0.100 seconds
[2025-04-02T09:09:42.132+0000] {processor.py:186} INFO - Started process (PID=710) to work on /home/airflow/.local/lib/python3.12/site-packages/airflow/example_dags/example_sla_dag.py
[2025-04-02T09:09:42.133+0000] {processor.py:914} INFO - Processing file /home/airflow/.local/lib/python3.12/site-packages/airflow/example_dags/example_sla_dag.py for tasks to queue
[2025-04-02T09:09:42.136+0000] {logging_mixin.py:190} INFO - [2025-04-02T09:09:42.135+0000] {dagbag.py:588} INFO - Filling up the DagBag from /home/airflow/.local/lib/python3.12/site-packages/airflow/example_dags/example_sla_dag.py
[2025-04-02T09:09:42.148+0000] {processor.py:925} INFO - DAG(s) 'example_sla_dag' retrieved from /home/airflow/.local/lib/python3.12/site-packages/airflow/example_dags/example_sla_dag.py
[2025-04-02T09:09:42.169+0000] {logging_mixin.py:190} INFO - [2025-04-02T09:09:42.169+0000] {dag.py:3239} INFO - Sync 1 DAGs
[2025-04-02T09:09:42.202+0000] {logging_mixin.py:190} INFO - [2025-04-02T09:09:42.202+0000] {dag.py:4180} INFO - Setting next_dagrun for example_sla_dag to 2025-04-02 09:06:00+00:00, run_after=2025-04-02 09:08:00+00:00
[2025-04-02T09:09:42.229+0000] {processor.py:208} INFO - Processing /home/airflow/.local/lib/python3.12/site-packages/airflow/example_dags/example_sla_dag.py took 0.104 seconds
[2025-04-02T09:10:13.015+0000] {processor.py:186} INFO - Started process (PID=773) to work on /home/airflow/.local/lib/python3.12/site-packages/airflow/example_dags/example_sla_dag.py
[2025-04-02T09:10:13.016+0000] {processor.py:914} INFO - Processing file /home/airflow/.local/lib/python3.12/site-packages/airflow/example_dags/example_sla_dag.py for tasks to queue
[2025-04-02T09:10:13.019+0000] {logging_mixin.py:190} INFO - [2025-04-02T09:10:13.019+0000] {dagbag.py:588} INFO - Filling up the DagBag from /home/airflow/.local/lib/python3.12/site-packages/airflow/example_dags/example_sla_dag.py
[2025-04-02T09:10:13.031+0000] {processor.py:925} INFO - DAG(s) 'example_sla_dag' retrieved from /home/airflow/.local/lib/python3.12/site-packages/airflow/example_dags/example_sla_dag.py
[2025-04-02T09:10:13.054+0000] {logging_mixin.py:190} INFO - [2025-04-02T09:10:13.054+0000] {dag.py:3239} INFO - Sync 1 DAGs
[2025-04-02T09:10:13.084+0000] {logging_mixin.py:190} INFO - [2025-04-02T09:10:13.084+0000] {dag.py:4180} INFO - Setting next_dagrun for example_sla_dag to 2025-04-02 09:08:00+00:00, run_after=2025-04-02 09:10:00+00:00
[2025-04-02T09:10:13.111+0000] {processor.py:208} INFO - Processing /home/airflow/.local/lib/python3.12/site-packages/airflow/example_dags/example_sla_dag.py took 0.102 seconds
[2025-04-02T09:10:44.210+0000] {processor.py:186} INFO - Started process (PID=843) to work on /home/airflow/.local/lib/python3.12/site-packages/airflow/example_dags/example_sla_dag.py
[2025-04-02T09:10:44.211+0000] {processor.py:914} INFO - Processing file /home/airflow/.local/lib/python3.12/site-packages/airflow/example_dags/example_sla_dag.py for tasks to queue
[2025-04-02T09:10:44.214+0000] {logging_mixin.py:190} INFO - [2025-04-02T09:10:44.213+0000] {dagbag.py:588} INFO - Filling up the DagBag from /home/airflow/.local/lib/python3.12/site-packages/airflow/example_dags/example_sla_dag.py
[2025-04-02T09:10:44.224+0000] {processor.py:925} INFO - DAG(s) 'example_sla_dag' retrieved from /home/airflow/.local/lib/python3.12/site-packages/airflow/example_dags/example_sla_dag.py
[2025-04-02T09:10:44.244+0000] {logging_mixin.py:190} INFO - [2025-04-02T09:10:44.244+0000] {dag.py:3239} INFO - Sync 1 DAGs
[2025-04-02T09:10:44.269+0000] {logging_mixin.py:190} INFO - [2025-04-02T09:10:44.269+0000] {dag.py:4180} INFO - Setting next_dagrun for example_sla_dag to 2025-04-02 09:08:00+00:00, run_after=2025-04-02 09:10:00+00:00
[2025-04-02T09:10:44.290+0000] {processor.py:208} INFO - Processing /home/airflow/.local/lib/python3.12/site-packages/airflow/example_dags/example_sla_dag.py took 0.086 seconds
[2025-04-02T09:12:44.872+0000] {processor.py:186} INFO - Started process (PID=86) to work on /home/airflow/.local/lib/python3.12/site-packages/airflow/example_dags/example_sla_dag.py
[2025-04-02T09:12:44.875+0000] {processor.py:914} INFO - Processing file /home/airflow/.local/lib/python3.12/site-packages/airflow/example_dags/example_sla_dag.py for tasks to queue
[2025-04-02T09:12:44.886+0000] {logging_mixin.py:190} INFO - [2025-04-02T09:12:44.885+0000] {dagbag.py:588} INFO - Filling up the DagBag from /home/airflow/.local/lib/python3.12/site-packages/airflow/example_dags/example_sla_dag.py
[2025-04-02T09:12:44.927+0000] {processor.py:925} INFO - DAG(s) 'example_sla_dag' retrieved from /home/airflow/.local/lib/python3.12/site-packages/airflow/example_dags/example_sla_dag.py
[2025-04-02T09:12:45.015+0000] {logging_mixin.py:190} INFO - [2025-04-02T09:12:45.015+0000] {dag.py:3239} INFO - Sync 1 DAGs
[2025-04-02T09:12:45.088+0000] {logging_mixin.py:190} INFO - [2025-04-02T09:12:45.087+0000] {dag.py:4180} INFO - Setting next_dagrun for example_sla_dag to 2025-04-02 09:10:00+00:00, run_after=2025-04-02 09:12:00+00:00
[2025-04-02T09:12:45.169+0000] {processor.py:208} INFO - Processing /home/airflow/.local/lib/python3.12/site-packages/airflow/example_dags/example_sla_dag.py took 0.311 seconds
[2025-04-02T09:13:15.878+0000] {processor.py:186} INFO - Started process (PID=150) to work on /home/airflow/.local/lib/python3.12/site-packages/airflow/example_dags/example_sla_dag.py
[2025-04-02T09:13:15.882+0000] {processor.py:914} INFO - Processing file /home/airflow/.local/lib/python3.12/site-packages/airflow/example_dags/example_sla_dag.py for tasks to queue
[2025-04-02T09:13:15.887+0000] {logging_mixin.py:190} INFO - [2025-04-02T09:13:15.886+0000] {dagbag.py:588} INFO - Filling up the DagBag from /home/airflow/.local/lib/python3.12/site-packages/airflow/example_dags/example_sla_dag.py
[2025-04-02T09:13:15.911+0000] {processor.py:925} INFO - DAG(s) 'example_sla_dag' retrieved from /home/airflow/.local/lib/python3.12/site-packages/airflow/example_dags/example_sla_dag.py
[2025-04-02T09:13:15.946+0000] {logging_mixin.py:190} INFO - [2025-04-02T09:13:15.945+0000] {dag.py:3239} INFO - Sync 1 DAGs
[2025-04-02T09:13:15.984+0000] {logging_mixin.py:190} INFO - [2025-04-02T09:13:15.983+0000] {dag.py:4180} INFO - Setting next_dagrun for example_sla_dag to 2025-04-02 09:10:00+00:00, run_after=2025-04-02 09:12:00+00:00
[2025-04-02T09:13:16.008+0000] {processor.py:208} INFO - Processing /home/airflow/.local/lib/python3.12/site-packages/airflow/example_dags/example_sla_dag.py took 0.144 seconds
[2025-04-02T09:13:46.764+0000] {processor.py:186} INFO - Started process (PID=213) to work on /home/airflow/.local/lib/python3.12/site-packages/airflow/example_dags/example_sla_dag.py
[2025-04-02T09:13:46.765+0000] {processor.py:914} INFO - Processing file /home/airflow/.local/lib/python3.12/site-packages/airflow/example_dags/example_sla_dag.py for tasks to queue
[2025-04-02T09:13:46.768+0000] {logging_mixin.py:190} INFO - [2025-04-02T09:13:46.767+0000] {dagbag.py:588} INFO - Filling up the DagBag from /home/airflow/.local/lib/python3.12/site-packages/airflow/example_dags/example_sla_dag.py
[2025-04-02T09:13:46.779+0000] {processor.py:925} INFO - DAG(s) 'example_sla_dag' retrieved from /home/airflow/.local/lib/python3.12/site-packages/airflow/example_dags/example_sla_dag.py
[2025-04-02T09:13:46.801+0000] {logging_mixin.py:190} INFO - [2025-04-02T09:13:46.801+0000] {dag.py:3239} INFO - Sync 1 DAGs
[2025-04-02T09:13:46.830+0000] {logging_mixin.py:190} INFO - [2025-04-02T09:13:46.830+0000] {dag.py:4180} INFO - Setting next_dagrun for example_sla_dag to 2025-04-02 09:10:00+00:00, run_after=2025-04-02 09:12:00+00:00
[2025-04-02T09:13:46.850+0000] {processor.py:208} INFO - Processing /home/airflow/.local/lib/python3.12/site-packages/airflow/example_dags/example_sla_dag.py took 0.093 seconds
[2025-04-02T09:14:16.959+0000] {processor.py:186} INFO - Started process (PID=274) to work on /home/airflow/.local/lib/python3.12/site-packages/airflow/example_dags/example_sla_dag.py
[2025-04-02T09:14:16.961+0000] {processor.py:914} INFO - Processing file /home/airflow/.local/lib/python3.12/site-packages/airflow/example_dags/example_sla_dag.py for tasks to queue
[2025-04-02T09:14:16.966+0000] {logging_mixin.py:190} INFO - [2025-04-02T09:14:16.965+0000] {dagbag.py:588} INFO - Filling up the DagBag from /home/airflow/.local/lib/python3.12/site-packages/airflow/example_dags/example_sla_dag.py
[2025-04-02T09:14:16.986+0000] {processor.py:925} INFO - DAG(s) 'example_sla_dag' retrieved from /home/airflow/.local/lib/python3.12/site-packages/airflow/example_dags/example_sla_dag.py
[2025-04-02T09:14:17.017+0000] {logging_mixin.py:190} INFO - [2025-04-02T09:14:17.017+0000] {dag.py:3239} INFO - Sync 1 DAGs
[2025-04-02T09:14:17.062+0000] {logging_mixin.py:190} INFO - [2025-04-02T09:14:17.062+0000] {dag.py:4180} INFO - Setting next_dagrun for example_sla_dag to 2025-04-02 09:12:00+00:00, run_after=2025-04-02 09:14:00+00:00
[2025-04-02T09:14:17.092+0000] {processor.py:208} INFO - Processing /home/airflow/.local/lib/python3.12/site-packages/airflow/example_dags/example_sla_dag.py took 0.143 seconds
[2025-04-02T09:14:47.738+0000] {processor.py:186} INFO - Started process (PID=337) to work on /home/airflow/.local/lib/python3.12/site-packages/airflow/example_dags/example_sla_dag.py
[2025-04-02T09:14:47.740+0000] {processor.py:914} INFO - Processing file /home/airflow/.local/lib/python3.12/site-packages/airflow/example_dags/example_sla_dag.py for tasks to queue
[2025-04-02T09:14:47.743+0000] {logging_mixin.py:190} INFO - [2025-04-02T09:14:47.742+0000] {dagbag.py:588} INFO - Filling up the DagBag from /home/airflow/.local/lib/python3.12/site-packages/airflow/example_dags/example_sla_dag.py
[2025-04-02T09:14:47.756+0000] {processor.py:925} INFO - DAG(s) 'example_sla_dag' retrieved from /home/airflow/.local/lib/python3.12/site-packages/airflow/example_dags/example_sla_dag.py
[2025-04-02T09:14:47.783+0000] {logging_mixin.py:190} INFO - [2025-04-02T09:14:47.783+0000] {dag.py:3239} INFO - Sync 1 DAGs
[2025-04-02T09:14:47.815+0000] {logging_mixin.py:190} INFO - [2025-04-02T09:14:47.815+0000] {dag.py:4180} INFO - Setting next_dagrun for example_sla_dag to 2025-04-02 09:12:00+00:00, run_after=2025-04-02 09:14:00+00:00
[2025-04-02T09:14:47.842+0000] {processor.py:208} INFO - Processing /home/airflow/.local/lib/python3.12/site-packages/airflow/example_dags/example_sla_dag.py took 0.111 seconds
[2025-04-02T09:15:19.391+0000] {processor.py:186} INFO - Started process (PID=400) to work on /home/airflow/.local/lib/python3.12/site-packages/airflow/example_dags/example_sla_dag.py
[2025-04-02T09:15:19.392+0000] {processor.py:914} INFO - Processing file /home/airflow/.local/lib/python3.12/site-packages/airflow/example_dags/example_sla_dag.py for tasks to queue
[2025-04-02T09:15:19.397+0000] {logging_mixin.py:190} INFO - [2025-04-02T09:15:19.396+0000] {dagbag.py:588} INFO - Filling up the DagBag from /home/airflow/.local/lib/python3.12/site-packages/airflow/example_dags/example_sla_dag.py
[2025-04-02T09:15:19.416+0000] {processor.py:925} INFO - DAG(s) 'example_sla_dag' retrieved from /home/airflow/.local/lib/python3.12/site-packages/airflow/example_dags/example_sla_dag.py
[2025-04-02T09:15:19.442+0000] {logging_mixin.py:190} INFO - [2025-04-02T09:15:19.441+0000] {dag.py:3239} INFO - Sync 1 DAGs
[2025-04-02T09:15:19.479+0000] {logging_mixin.py:190} INFO - [2025-04-02T09:15:19.478+0000] {dag.py:4180} INFO - Setting next_dagrun for example_sla_dag to 2025-04-02 09:12:00+00:00, run_after=2025-04-02 09:14:00+00:00
[2025-04-02T09:15:19.504+0000] {processor.py:208} INFO - Processing /home/airflow/.local/lib/python3.12/site-packages/airflow/example_dags/example_sla_dag.py took 0.124 seconds
[2025-04-02T09:15:50.622+0000] {processor.py:186} INFO - Started process (PID=463) to work on /home/airflow/.local/lib/python3.12/site-packages/airflow/example_dags/example_sla_dag.py
[2025-04-02T09:15:50.624+0000] {processor.py:914} INFO - Processing file /home/airflow/.local/lib/python3.12/site-packages/airflow/example_dags/example_sla_dag.py for tasks to queue
[2025-04-02T09:15:50.627+0000] {logging_mixin.py:190} INFO - [2025-04-02T09:15:50.626+0000] {dagbag.py:588} INFO - Filling up the DagBag from /home/airflow/.local/lib/python3.12/site-packages/airflow/example_dags/example_sla_dag.py
[2025-04-02T09:15:50.640+0000] {processor.py:925} INFO - DAG(s) 'example_sla_dag' retrieved from /home/airflow/.local/lib/python3.12/site-packages/airflow/example_dags/example_sla_dag.py
[2025-04-02T09:15:50.665+0000] {logging_mixin.py:190} INFO - [2025-04-02T09:15:50.664+0000] {dag.py:3239} INFO - Sync 1 DAGs
[2025-04-02T09:15:50.701+0000] {logging_mixin.py:190} INFO - [2025-04-02T09:15:50.701+0000] {dag.py:4180} INFO - Setting next_dagrun for example_sla_dag to 2025-04-02 09:12:00+00:00, run_after=2025-04-02 09:14:00+00:00
[2025-04-02T09:15:50.733+0000] {processor.py:208} INFO - Processing /home/airflow/.local/lib/python3.12/site-packages/airflow/example_dags/example_sla_dag.py took 0.119 seconds
[2025-04-02T09:16:22.241+0000] {processor.py:186} INFO - Started process (PID=526) to work on /home/airflow/.local/lib/python3.12/site-packages/airflow/example_dags/example_sla_dag.py
[2025-04-02T09:16:22.243+0000] {processor.py:914} INFO - Processing file /home/airflow/.local/lib/python3.12/site-packages/airflow/example_dags/example_sla_dag.py for tasks to queue
[2025-04-02T09:16:22.247+0000] {logging_mixin.py:190} INFO - [2025-04-02T09:16:22.246+0000] {dagbag.py:588} INFO - Filling up the DagBag from /home/airflow/.local/lib/python3.12/site-packages/airflow/example_dags/example_sla_dag.py
[2025-04-02T09:16:22.267+0000] {processor.py:925} INFO - DAG(s) 'example_sla_dag' retrieved from /home/airflow/.local/lib/python3.12/site-packages/airflow/example_dags/example_sla_dag.py
[2025-04-02T09:16:22.302+0000] {logging_mixin.py:190} INFO - [2025-04-02T09:16:22.302+0000] {dag.py:3239} INFO - Sync 1 DAGs
[2025-04-02T09:16:22.350+0000] {logging_mixin.py:190} INFO - [2025-04-02T09:16:22.350+0000] {dag.py:4180} INFO - Setting next_dagrun for example_sla_dag to 2025-04-02 09:14:00+00:00, run_after=2025-04-02 09:16:00+00:00
[2025-04-02T09:16:22.386+0000] {processor.py:208} INFO - Processing /home/airflow/.local/lib/python3.12/site-packages/airflow/example_dags/example_sla_dag.py took 0.155 seconds
[2025-04-02T09:16:54.774+0000] {processor.py:186} INFO - Started process (PID=589) to work on /home/airflow/.local/lib/python3.12/site-packages/airflow/example_dags/example_sla_dag.py
[2025-04-02T09:16:54.776+0000] {processor.py:914} INFO - Processing file /home/airflow/.local/lib/python3.12/site-packages/airflow/example_dags/example_sla_dag.py for tasks to queue
[2025-04-02T09:16:54.780+0000] {logging_mixin.py:190} INFO - [2025-04-02T09:16:54.779+0000] {dagbag.py:588} INFO - Filling up the DagBag from /home/airflow/.local/lib/python3.12/site-packages/airflow/example_dags/example_sla_dag.py
[2025-04-02T09:16:54.798+0000] {processor.py:925} INFO - DAG(s) 'example_sla_dag' retrieved from /home/airflow/.local/lib/python3.12/site-packages/airflow/example_dags/example_sla_dag.py
[2025-04-02T09:16:54.825+0000] {logging_mixin.py:190} INFO - [2025-04-02T09:16:54.824+0000] {dag.py:3239} INFO - Sync 1 DAGs
[2025-04-02T09:16:54.859+0000] {logging_mixin.py:190} INFO - [2025-04-02T09:16:54.859+0000] {dag.py:4180} INFO - Setting next_dagrun for example_sla_dag to 2025-04-02 09:14:00+00:00, run_after=2025-04-02 09:16:00+00:00
[2025-04-02T09:16:54.881+0000] {processor.py:208} INFO - Processing /home/airflow/.local/lib/python3.12/site-packages/airflow/example_dags/example_sla_dag.py took 0.117 seconds
[2025-04-02T09:17:28.069+0000] {processor.py:186} INFO - Started process (PID=653) to work on /home/airflow/.local/lib/python3.12/site-packages/airflow/example_dags/example_sla_dag.py
[2025-04-02T09:17:28.071+0000] {processor.py:914} INFO - Processing file /home/airflow/.local/lib/python3.12/site-packages/airflow/example_dags/example_sla_dag.py for tasks to queue
[2025-04-02T09:17:28.074+0000] {logging_mixin.py:190} INFO - [2025-04-02T09:17:28.074+0000] {dagbag.py:588} INFO - Filling up the DagBag from /home/airflow/.local/lib/python3.12/site-packages/airflow/example_dags/example_sla_dag.py
[2025-04-02T09:17:28.089+0000] {processor.py:925} INFO - DAG(s) 'example_sla_dag' retrieved from /home/airflow/.local/lib/python3.12/site-packages/airflow/example_dags/example_sla_dag.py
[2025-04-02T09:17:28.114+0000] {logging_mixin.py:190} INFO - [2025-04-02T09:17:28.114+0000] {dag.py:3239} INFO - Sync 1 DAGs
[2025-04-02T09:17:28.145+0000] {logging_mixin.py:190} INFO - [2025-04-02T09:17:28.145+0000] {dag.py:4180} INFO - Setting next_dagrun for example_sla_dag to 2025-04-02 09:14:00+00:00, run_after=2025-04-02 09:16:00+00:00
[2025-04-02T09:17:28.170+0000] {processor.py:208} INFO - Processing /home/airflow/.local/lib/python3.12/site-packages/airflow/example_dags/example_sla_dag.py took 0.108 seconds
[2025-04-02T09:17:58.944+0000] {processor.py:186} INFO - Started process (PID=715) to work on /home/airflow/.local/lib/python3.12/site-packages/airflow/example_dags/example_sla_dag.py
[2025-04-02T09:17:58.945+0000] {processor.py:914} INFO - Processing file /home/airflow/.local/lib/python3.12/site-packages/airflow/example_dags/example_sla_dag.py for tasks to queue
[2025-04-02T09:17:58.948+0000] {logging_mixin.py:190} INFO - [2025-04-02T09:17:58.947+0000] {dagbag.py:588} INFO - Filling up the DagBag from /home/airflow/.local/lib/python3.12/site-packages/airflow/example_dags/example_sla_dag.py
[2025-04-02T09:17:58.959+0000] {processor.py:925} INFO - DAG(s) 'example_sla_dag' retrieved from /home/airflow/.local/lib/python3.12/site-packages/airflow/example_dags/example_sla_dag.py
[2025-04-02T09:17:58.979+0000] {logging_mixin.py:190} INFO - [2025-04-02T09:17:58.979+0000] {dag.py:3239} INFO - Sync 1 DAGs
[2025-04-02T09:17:59.009+0000] {logging_mixin.py:190} INFO - [2025-04-02T09:17:59.009+0000] {dag.py:4180} INFO - Setting next_dagrun for example_sla_dag to 2025-04-02 09:14:00+00:00, run_after=2025-04-02 09:16:00+00:00
[2025-04-02T09:17:59.032+0000] {processor.py:208} INFO - Processing /home/airflow/.local/lib/python3.12/site-packages/airflow/example_dags/example_sla_dag.py took 0.094 seconds
[2025-04-02T09:58:23.770+0000] {processor.py:186} INFO - Started process (PID=788) to work on /home/airflow/.local/lib/python3.12/site-packages/airflow/example_dags/example_sla_dag.py
[2025-04-02T09:58:23.773+0000] {processor.py:914} INFO - Processing file /home/airflow/.local/lib/python3.12/site-packages/airflow/example_dags/example_sla_dag.py for tasks to queue
[2025-04-02T09:58:23.776+0000] {logging_mixin.py:190} INFO - [2025-04-02T09:58:23.775+0000] {dagbag.py:588} INFO - Filling up the DagBag from /home/airflow/.local/lib/python3.12/site-packages/airflow/example_dags/example_sla_dag.py
[2025-04-02T09:58:23.801+0000] {processor.py:925} INFO - DAG(s) 'example_sla_dag' retrieved from /home/airflow/.local/lib/python3.12/site-packages/airflow/example_dags/example_sla_dag.py
[2025-04-02T09:58:23.861+0000] {logging_mixin.py:190} INFO - [2025-04-02T09:58:23.861+0000] {dag.py:3239} INFO - Sync 1 DAGs
[2025-04-02T09:58:23.939+0000] {logging_mixin.py:190} INFO - [2025-04-02T09:58:23.939+0000] {dag.py:4180} INFO - Setting next_dagrun for example_sla_dag to 2025-04-02 09:56:00+00:00, run_after=2025-04-02 09:58:00+00:00
[2025-04-02T09:58:24.017+0000] {processor.py:208} INFO - Processing /home/airflow/.local/lib/python3.12/site-packages/airflow/example_dags/example_sla_dag.py took 0.264 seconds
[2025-04-02T09:58:55.438+0000] {processor.py:186} INFO - Started process (PID=851) to work on /home/airflow/.local/lib/python3.12/site-packages/airflow/example_dags/example_sla_dag.py
[2025-04-02T09:58:55.440+0000] {processor.py:914} INFO - Processing file /home/airflow/.local/lib/python3.12/site-packages/airflow/example_dags/example_sla_dag.py for tasks to queue
[2025-04-02T09:58:55.442+0000] {logging_mixin.py:190} INFO - [2025-04-02T09:58:55.441+0000] {dagbag.py:588} INFO - Filling up the DagBag from /home/airflow/.local/lib/python3.12/site-packages/airflow/example_dags/example_sla_dag.py
[2025-04-02T09:58:55.458+0000] {processor.py:925} INFO - DAG(s) 'example_sla_dag' retrieved from /home/airflow/.local/lib/python3.12/site-packages/airflow/example_dags/example_sla_dag.py
[2025-04-02T09:58:55.483+0000] {logging_mixin.py:190} INFO - [2025-04-02T09:58:55.483+0000] {dag.py:3239} INFO - Sync 1 DAGs
[2025-04-02T09:58:55.519+0000] {logging_mixin.py:190} INFO - [2025-04-02T09:58:55.519+0000] {dag.py:4180} INFO - Setting next_dagrun for example_sla_dag to 2025-04-02 09:56:00+00:00, run_after=2025-04-02 09:58:00+00:00
[2025-04-02T09:58:55.575+0000] {processor.py:208} INFO - Processing /home/airflow/.local/lib/python3.12/site-packages/airflow/example_dags/example_sla_dag.py took 0.145 seconds
[2025-04-02T09:59:26.229+0000] {processor.py:186} INFO - Started process (PID=914) to work on /home/airflow/.local/lib/python3.12/site-packages/airflow/example_dags/example_sla_dag.py
[2025-04-02T09:59:26.232+0000] {processor.py:914} INFO - Processing file /home/airflow/.local/lib/python3.12/site-packages/airflow/example_dags/example_sla_dag.py for tasks to queue
[2025-04-02T09:59:26.234+0000] {logging_mixin.py:190} INFO - [2025-04-02T09:59:26.234+0000] {dagbag.py:588} INFO - Filling up the DagBag from /home/airflow/.local/lib/python3.12/site-packages/airflow/example_dags/example_sla_dag.py
[2025-04-02T09:59:26.262+0000] {processor.py:925} INFO - DAG(s) 'example_sla_dag' retrieved from /home/airflow/.local/lib/python3.12/site-packages/airflow/example_dags/example_sla_dag.py
[2025-04-02T09:59:26.305+0000] {logging_mixin.py:190} INFO - [2025-04-02T09:59:26.305+0000] {dag.py:3239} INFO - Sync 1 DAGs
[2025-04-02T09:59:26.376+0000] {logging_mixin.py:190} INFO - [2025-04-02T09:59:26.375+0000] {dag.py:4180} INFO - Setting next_dagrun for example_sla_dag to 2025-04-02 09:56:00+00:00, run_after=2025-04-02 09:58:00+00:00
[2025-04-02T09:59:26.454+0000] {processor.py:208} INFO - Processing /home/airflow/.local/lib/python3.12/site-packages/airflow/example_dags/example_sla_dag.py took 0.233 seconds
[2025-04-02T09:59:56.708+0000] {processor.py:186} INFO - Started process (PID=976) to work on /home/airflow/.local/lib/python3.12/site-packages/airflow/example_dags/example_sla_dag.py
[2025-04-02T09:59:56.710+0000] {processor.py:914} INFO - Processing file /home/airflow/.local/lib/python3.12/site-packages/airflow/example_dags/example_sla_dag.py for tasks to queue
[2025-04-02T09:59:56.713+0000] {logging_mixin.py:190} INFO - [2025-04-02T09:59:56.713+0000] {dagbag.py:588} INFO - Filling up the DagBag from /home/airflow/.local/lib/python3.12/site-packages/airflow/example_dags/example_sla_dag.py
[2025-04-02T09:59:56.731+0000] {processor.py:925} INFO - DAG(s) 'example_sla_dag' retrieved from /home/airflow/.local/lib/python3.12/site-packages/airflow/example_dags/example_sla_dag.py
[2025-04-02T09:59:56.763+0000] {logging_mixin.py:190} INFO - [2025-04-02T09:59:56.762+0000] {dag.py:3239} INFO - Sync 1 DAGs
[2025-04-02T09:59:56.802+0000] {logging_mixin.py:190} INFO - [2025-04-02T09:59:56.801+0000] {dag.py:4180} INFO - Setting next_dagrun for example_sla_dag to 2025-04-02 09:56:00+00:00, run_after=2025-04-02 09:58:00+00:00
[2025-04-02T09:59:56.828+0000] {processor.py:208} INFO - Processing /home/airflow/.local/lib/python3.12/site-packages/airflow/example_dags/example_sla_dag.py took 0.131 seconds
[2025-04-02T10:00:27.074+0000] {processor.py:186} INFO - Started process (PID=1038) to work on /home/airflow/.local/lib/python3.12/site-packages/airflow/example_dags/example_sla_dag.py
[2025-04-02T10:00:27.076+0000] {processor.py:914} INFO - Processing file /home/airflow/.local/lib/python3.12/site-packages/airflow/example_dags/example_sla_dag.py for tasks to queue
[2025-04-02T10:00:27.078+0000] {logging_mixin.py:190} INFO - [2025-04-02T10:00:27.077+0000] {dagbag.py:588} INFO - Filling up the DagBag from /home/airflow/.local/lib/python3.12/site-packages/airflow/example_dags/example_sla_dag.py
[2025-04-02T10:00:27.095+0000] {processor.py:925} INFO - DAG(s) 'example_sla_dag' retrieved from /home/airflow/.local/lib/python3.12/site-packages/airflow/example_dags/example_sla_dag.py
[2025-04-02T10:00:27.121+0000] {logging_mixin.py:190} INFO - [2025-04-02T10:00:27.121+0000] {dag.py:3239} INFO - Sync 1 DAGs
[2025-04-02T10:00:27.158+0000] {logging_mixin.py:190} INFO - [2025-04-02T10:00:27.158+0000] {dag.py:4180} INFO - Setting next_dagrun for example_sla_dag to 2025-04-02 09:58:00+00:00, run_after=2025-04-02 10:00:00+00:00
[2025-04-02T10:00:27.188+0000] {processor.py:208} INFO - Processing /home/airflow/.local/lib/python3.12/site-packages/airflow/example_dags/example_sla_dag.py took 0.121 seconds
[2025-04-02T10:00:57.689+0000] {processor.py:186} INFO - Started process (PID=1100) to work on /home/airflow/.local/lib/python3.12/site-packages/airflow/example_dags/example_sla_dag.py
[2025-04-02T10:00:57.691+0000] {processor.py:914} INFO - Processing file /home/airflow/.local/lib/python3.12/site-packages/airflow/example_dags/example_sla_dag.py for tasks to queue
[2025-04-02T10:00:57.694+0000] {logging_mixin.py:190} INFO - [2025-04-02T10:00:57.693+0000] {dagbag.py:588} INFO - Filling up the DagBag from /home/airflow/.local/lib/python3.12/site-packages/airflow/example_dags/example_sla_dag.py
[2025-04-02T10:00:57.706+0000] {processor.py:925} INFO - DAG(s) 'example_sla_dag' retrieved from /home/airflow/.local/lib/python3.12/site-packages/airflow/example_dags/example_sla_dag.py
[2025-04-02T10:00:57.734+0000] {logging_mixin.py:190} INFO - [2025-04-02T10:00:57.734+0000] {dag.py:3239} INFO - Sync 1 DAGs
[2025-04-02T10:00:57.773+0000] {logging_mixin.py:190} INFO - [2025-04-02T10:00:57.773+0000] {dag.py:4180} INFO - Setting next_dagrun for example_sla_dag to 2025-04-02 09:58:00+00:00, run_after=2025-04-02 10:00:00+00:00
[2025-04-02T10:00:57.800+0000] {processor.py:208} INFO - Processing /home/airflow/.local/lib/python3.12/site-packages/airflow/example_dags/example_sla_dag.py took 0.120 seconds
[2025-04-02T10:01:28.074+0000] {processor.py:186} INFO - Started process (PID=1163) to work on /home/airflow/.local/lib/python3.12/site-packages/airflow/example_dags/example_sla_dag.py
[2025-04-02T10:01:28.075+0000] {processor.py:914} INFO - Processing file /home/airflow/.local/lib/python3.12/site-packages/airflow/example_dags/example_sla_dag.py for tasks to queue
[2025-04-02T10:01:28.077+0000] {logging_mixin.py:190} INFO - [2025-04-02T10:01:28.077+0000] {dagbag.py:588} INFO - Filling up the DagBag from /home/airflow/.local/lib/python3.12/site-packages/airflow/example_dags/example_sla_dag.py
[2025-04-02T10:01:28.092+0000] {processor.py:925} INFO - DAG(s) 'example_sla_dag' retrieved from /home/airflow/.local/lib/python3.12/site-packages/airflow/example_dags/example_sla_dag.py
[2025-04-02T10:01:28.120+0000] {logging_mixin.py:190} INFO - [2025-04-02T10:01:28.120+0000] {dag.py:3239} INFO - Sync 1 DAGs
[2025-04-02T10:01:28.158+0000] {logging_mixin.py:190} INFO - [2025-04-02T10:01:28.158+0000] {dag.py:4180} INFO - Setting next_dagrun for example_sla_dag to 2025-04-02 09:58:00+00:00, run_after=2025-04-02 10:00:00+00:00
[2025-04-02T10:01:28.187+0000] {processor.py:208} INFO - Processing /home/airflow/.local/lib/python3.12/site-packages/airflow/example_dags/example_sla_dag.py took 0.122 seconds
[2025-04-02T10:01:58.283+0000] {processor.py:186} INFO - Started process (PID=1226) to work on /home/airflow/.local/lib/python3.12/site-packages/airflow/example_dags/example_sla_dag.py
[2025-04-02T10:01:58.285+0000] {processor.py:914} INFO - Processing file /home/airflow/.local/lib/python3.12/site-packages/airflow/example_dags/example_sla_dag.py for tasks to queue
[2025-04-02T10:01:58.287+0000] {logging_mixin.py:190} INFO - [2025-04-02T10:01:58.287+0000] {dagbag.py:588} INFO - Filling up the DagBag from /home/airflow/.local/lib/python3.12/site-packages/airflow/example_dags/example_sla_dag.py
[2025-04-02T10:01:58.300+0000] {processor.py:925} INFO - DAG(s) 'example_sla_dag' retrieved from /home/airflow/.local/lib/python3.12/site-packages/airflow/example_dags/example_sla_dag.py
[2025-04-02T10:01:58.330+0000] {logging_mixin.py:190} INFO - [2025-04-02T10:01:58.330+0000] {dag.py:3239} INFO - Sync 1 DAGs
[2025-04-02T10:01:58.369+0000] {logging_mixin.py:190} INFO - [2025-04-02T10:01:58.369+0000] {dag.py:4180} INFO - Setting next_dagrun for example_sla_dag to 2025-04-02 09:58:00+00:00, run_after=2025-04-02 10:00:00+00:00
[2025-04-02T10:01:58.398+0000] {processor.py:208} INFO - Processing /home/airflow/.local/lib/python3.12/site-packages/airflow/example_dags/example_sla_dag.py took 0.121 seconds
[2025-04-02T10:02:29.108+0000] {processor.py:186} INFO - Started process (PID=1288) to work on /home/airflow/.local/lib/python3.12/site-packages/airflow/example_dags/example_sla_dag.py
[2025-04-02T10:02:29.110+0000] {processor.py:914} INFO - Processing file /home/airflow/.local/lib/python3.12/site-packages/airflow/example_dags/example_sla_dag.py for tasks to queue
[2025-04-02T10:02:29.112+0000] {logging_mixin.py:190} INFO - [2025-04-02T10:02:29.111+0000] {dagbag.py:588} INFO - Filling up the DagBag from /home/airflow/.local/lib/python3.12/site-packages/airflow/example_dags/example_sla_dag.py
[2025-04-02T10:02:29.125+0000] {processor.py:925} INFO - DAG(s) 'example_sla_dag' retrieved from /home/airflow/.local/lib/python3.12/site-packages/airflow/example_dags/example_sla_dag.py
[2025-04-02T10:02:29.157+0000] {logging_mixin.py:190} INFO - [2025-04-02T10:02:29.156+0000] {dag.py:3239} INFO - Sync 1 DAGs
[2025-04-02T10:02:29.202+0000] {logging_mixin.py:190} INFO - [2025-04-02T10:02:29.202+0000] {dag.py:4180} INFO - Setting next_dagrun for example_sla_dag to 2025-04-02 10:00:00+00:00, run_after=2025-04-02 10:02:00+00:00
[2025-04-02T10:02:29.230+0000] {processor.py:208} INFO - Processing /home/airflow/.local/lib/python3.12/site-packages/airflow/example_dags/example_sla_dag.py took 0.132 seconds
[2025-04-02T10:02:59.788+0000] {processor.py:186} INFO - Started process (PID=1352) to work on /home/airflow/.local/lib/python3.12/site-packages/airflow/example_dags/example_sla_dag.py
[2025-04-02T10:02:59.790+0000] {processor.py:914} INFO - Processing file /home/airflow/.local/lib/python3.12/site-packages/airflow/example_dags/example_sla_dag.py for tasks to queue
[2025-04-02T10:02:59.791+0000] {logging_mixin.py:190} INFO - [2025-04-02T10:02:59.791+0000] {dagbag.py:588} INFO - Filling up the DagBag from /home/airflow/.local/lib/python3.12/site-packages/airflow/example_dags/example_sla_dag.py
[2025-04-02T10:02:59.805+0000] {processor.py:925} INFO - DAG(s) 'example_sla_dag' retrieved from /home/airflow/.local/lib/python3.12/site-packages/airflow/example_dags/example_sla_dag.py
[2025-04-02T10:02:59.833+0000] {logging_mixin.py:190} INFO - [2025-04-02T10:02:59.833+0000] {dag.py:3239} INFO - Sync 1 DAGs
[2025-04-02T10:02:59.873+0000] {logging_mixin.py:190} INFO - [2025-04-02T10:02:59.873+0000] {dag.py:4180} INFO - Setting next_dagrun for example_sla_dag to 2025-04-02 10:00:00+00:00, run_after=2025-04-02 10:02:00+00:00
[2025-04-02T10:02:59.902+0000] {processor.py:208} INFO - Processing /home/airflow/.local/lib/python3.12/site-packages/airflow/example_dags/example_sla_dag.py took 0.123 seconds
[2025-04-02T10:03:30.696+0000] {processor.py:186} INFO - Started process (PID=1415) to work on /home/airflow/.local/lib/python3.12/site-packages/airflow/example_dags/example_sla_dag.py
[2025-04-02T10:03:30.698+0000] {processor.py:914} INFO - Processing file /home/airflow/.local/lib/python3.12/site-packages/airflow/example_dags/example_sla_dag.py for tasks to queue
[2025-04-02T10:03:30.700+0000] {logging_mixin.py:190} INFO - [2025-04-02T10:03:30.699+0000] {dagbag.py:588} INFO - Filling up the DagBag from /home/airflow/.local/lib/python3.12/site-packages/airflow/example_dags/example_sla_dag.py
[2025-04-02T10:03:30.717+0000] {processor.py:925} INFO - DAG(s) 'example_sla_dag' retrieved from /home/airflow/.local/lib/python3.12/site-packages/airflow/example_dags/example_sla_dag.py
[2025-04-02T10:03:30.744+0000] {logging_mixin.py:190} INFO - [2025-04-02T10:03:30.744+0000] {dag.py:3239} INFO - Sync 1 DAGs
[2025-04-02T10:03:30.781+0000] {logging_mixin.py:190} INFO - [2025-04-02T10:03:30.780+0000] {dag.py:4180} INFO - Setting next_dagrun for example_sla_dag to 2025-04-02 10:00:00+00:00, run_after=2025-04-02 10:02:00+00:00
[2025-04-02T10:03:30.806+0000] {processor.py:208} INFO - Processing /home/airflow/.local/lib/python3.12/site-packages/airflow/example_dags/example_sla_dag.py took 0.121 seconds
[2025-04-02T10:04:01.144+0000] {processor.py:186} INFO - Started process (PID=1478) to work on /home/airflow/.local/lib/python3.12/site-packages/airflow/example_dags/example_sla_dag.py
[2025-04-02T10:04:01.146+0000] {processor.py:914} INFO - Processing file /home/airflow/.local/lib/python3.12/site-packages/airflow/example_dags/example_sla_dag.py for tasks to queue
[2025-04-02T10:04:01.148+0000] {logging_mixin.py:190} INFO - [2025-04-02T10:04:01.148+0000] {dagbag.py:588} INFO - Filling up the DagBag from /home/airflow/.local/lib/python3.12/site-packages/airflow/example_dags/example_sla_dag.py
[2025-04-02T10:04:01.163+0000] {processor.py:925} INFO - DAG(s) 'example_sla_dag' retrieved from /home/airflow/.local/lib/python3.12/site-packages/airflow/example_dags/example_sla_dag.py
[2025-04-02T10:04:01.191+0000] {logging_mixin.py:190} INFO - [2025-04-02T10:04:01.191+0000] {dag.py:3239} INFO - Sync 1 DAGs
[2025-04-02T10:04:01.229+0000] {logging_mixin.py:190} INFO - [2025-04-02T10:04:01.228+0000] {dag.py:4180} INFO - Setting next_dagrun for example_sla_dag to 2025-04-02 10:02:00+00:00, run_after=2025-04-02 10:04:00+00:00
[2025-04-02T10:04:01.256+0000] {processor.py:208} INFO - Processing /home/airflow/.local/lib/python3.12/site-packages/airflow/example_dags/example_sla_dag.py took 0.121 seconds
[2025-04-02T10:04:31.900+0000] {processor.py:186} INFO - Started process (PID=1542) to work on /home/airflow/.local/lib/python3.12/site-packages/airflow/example_dags/example_sla_dag.py
[2025-04-02T10:04:31.902+0000] {processor.py:914} INFO - Processing file /home/airflow/.local/lib/python3.12/site-packages/airflow/example_dags/example_sla_dag.py for tasks to queue
[2025-04-02T10:04:31.904+0000] {logging_mixin.py:190} INFO - [2025-04-02T10:04:31.904+0000] {dagbag.py:588} INFO - Filling up the DagBag from /home/airflow/.local/lib/python3.12/site-packages/airflow/example_dags/example_sla_dag.py
[2025-04-02T10:04:31.919+0000] {processor.py:925} INFO - DAG(s) 'example_sla_dag' retrieved from /home/airflow/.local/lib/python3.12/site-packages/airflow/example_dags/example_sla_dag.py
[2025-04-02T10:04:31.947+0000] {logging_mixin.py:190} INFO - [2025-04-02T10:04:31.946+0000] {dag.py:3239} INFO - Sync 1 DAGs
[2025-04-02T10:04:31.995+0000] {logging_mixin.py:190} INFO - [2025-04-02T10:04:31.994+0000] {dag.py:4180} INFO - Setting next_dagrun for example_sla_dag to 2025-04-02 10:02:00+00:00, run_after=2025-04-02 10:04:00+00:00
[2025-04-02T10:04:32.028+0000] {processor.py:208} INFO - Processing /home/airflow/.local/lib/python3.12/site-packages/airflow/example_dags/example_sla_dag.py took 0.136 seconds
[2025-04-02T10:05:02.751+0000] {processor.py:186} INFO - Started process (PID=1605) to work on /home/airflow/.local/lib/python3.12/site-packages/airflow/example_dags/example_sla_dag.py
[2025-04-02T10:05:02.752+0000] {processor.py:914} INFO - Processing file /home/airflow/.local/lib/python3.12/site-packages/airflow/example_dags/example_sla_dag.py for tasks to queue
[2025-04-02T10:05:02.755+0000] {logging_mixin.py:190} INFO - [2025-04-02T10:05:02.754+0000] {dagbag.py:588} INFO - Filling up the DagBag from /home/airflow/.local/lib/python3.12/site-packages/airflow/example_dags/example_sla_dag.py
[2025-04-02T10:05:02.770+0000] {processor.py:925} INFO - DAG(s) 'example_sla_dag' retrieved from /home/airflow/.local/lib/python3.12/site-packages/airflow/example_dags/example_sla_dag.py
[2025-04-02T10:05:02.801+0000] {logging_mixin.py:190} INFO - [2025-04-02T10:05:02.801+0000] {dag.py:3239} INFO - Sync 1 DAGs
[2025-04-02T10:05:02.840+0000] {logging_mixin.py:190} INFO - [2025-04-02T10:05:02.839+0000] {dag.py:4180} INFO - Setting next_dagrun for example_sla_dag to 2025-04-02 10:02:00+00:00, run_after=2025-04-02 10:04:00+00:00
[2025-04-02T10:05:02.871+0000] {processor.py:208} INFO - Processing /home/airflow/.local/lib/python3.12/site-packages/airflow/example_dags/example_sla_dag.py took 0.129 seconds
[2025-04-02T10:05:32.985+0000] {processor.py:186} INFO - Started process (PID=1668) to work on /home/airflow/.local/lib/python3.12/site-packages/airflow/example_dags/example_sla_dag.py
[2025-04-02T10:05:32.987+0000] {processor.py:914} INFO - Processing file /home/airflow/.local/lib/python3.12/site-packages/airflow/example_dags/example_sla_dag.py for tasks to queue
[2025-04-02T10:05:32.989+0000] {logging_mixin.py:190} INFO - [2025-04-02T10:05:32.989+0000] {dagbag.py:588} INFO - Filling up the DagBag from /home/airflow/.local/lib/python3.12/site-packages/airflow/example_dags/example_sla_dag.py
[2025-04-02T10:05:33.006+0000] {processor.py:925} INFO - DAG(s) 'example_sla_dag' retrieved from /home/airflow/.local/lib/python3.12/site-packages/airflow/example_dags/example_sla_dag.py
[2025-04-02T10:05:33.043+0000] {logging_mixin.py:190} INFO - [2025-04-02T10:05:33.042+0000] {dag.py:3239} INFO - Sync 1 DAGs
[2025-04-02T10:05:33.085+0000] {logging_mixin.py:190} INFO - [2025-04-02T10:05:33.084+0000] {dag.py:4180} INFO - Setting next_dagrun for example_sla_dag to 2025-04-02 10:02:00+00:00, run_after=2025-04-02 10:04:00+00:00
[2025-04-02T10:05:33.110+0000] {processor.py:208} INFO - Processing /home/airflow/.local/lib/python3.12/site-packages/airflow/example_dags/example_sla_dag.py took 0.135 seconds
[2025-04-02T10:06:03.841+0000] {processor.py:186} INFO - Started process (PID=1731) to work on /home/airflow/.local/lib/python3.12/site-packages/airflow/example_dags/example_sla_dag.py
[2025-04-02T10:06:03.844+0000] {processor.py:914} INFO - Processing file /home/airflow/.local/lib/python3.12/site-packages/airflow/example_dags/example_sla_dag.py for tasks to queue
[2025-04-02T10:06:03.846+0000] {logging_mixin.py:190} INFO - [2025-04-02T10:06:03.846+0000] {dagbag.py:588} INFO - Filling up the DagBag from /home/airflow/.local/lib/python3.12/site-packages/airflow/example_dags/example_sla_dag.py
[2025-04-02T10:06:03.860+0000] {processor.py:925} INFO - DAG(s) 'example_sla_dag' retrieved from /home/airflow/.local/lib/python3.12/site-packages/airflow/example_dags/example_sla_dag.py
[2025-04-02T10:06:03.887+0000] {logging_mixin.py:190} INFO - [2025-04-02T10:06:03.887+0000] {dag.py:3239} INFO - Sync 1 DAGs
[2025-04-02T10:06:03.921+0000] {logging_mixin.py:190} INFO - [2025-04-02T10:06:03.921+0000] {dag.py:4180} INFO - Setting next_dagrun for example_sla_dag to 2025-04-02 10:04:00+00:00, run_after=2025-04-02 10:06:00+00:00
[2025-04-02T10:06:03.950+0000] {processor.py:208} INFO - Processing /home/airflow/.local/lib/python3.12/site-packages/airflow/example_dags/example_sla_dag.py took 0.118 seconds
[2025-04-02T10:06:34.272+0000] {processor.py:186} INFO - Started process (PID=1794) to work on /home/airflow/.local/lib/python3.12/site-packages/airflow/example_dags/example_sla_dag.py
[2025-04-02T10:06:34.274+0000] {processor.py:914} INFO - Processing file /home/airflow/.local/lib/python3.12/site-packages/airflow/example_dags/example_sla_dag.py for tasks to queue
[2025-04-02T10:06:34.278+0000] {logging_mixin.py:190} INFO - [2025-04-02T10:06:34.277+0000] {dagbag.py:588} INFO - Filling up the DagBag from /home/airflow/.local/lib/python3.12/site-packages/airflow/example_dags/example_sla_dag.py
[2025-04-02T10:06:34.294+0000] {processor.py:925} INFO - DAG(s) 'example_sla_dag' retrieved from /home/airflow/.local/lib/python3.12/site-packages/airflow/example_dags/example_sla_dag.py
[2025-04-02T10:06:34.325+0000] {logging_mixin.py:190} INFO - [2025-04-02T10:06:34.324+0000] {dag.py:3239} INFO - Sync 1 DAGs
[2025-04-02T10:06:34.371+0000] {logging_mixin.py:190} INFO - [2025-04-02T10:06:34.371+0000] {dag.py:4180} INFO - Setting next_dagrun for example_sla_dag to 2025-04-02 10:04:00+00:00, run_after=2025-04-02 10:06:00+00:00
[2025-04-02T10:06:34.402+0000] {processor.py:208} INFO - Processing /home/airflow/.local/lib/python3.12/site-packages/airflow/example_dags/example_sla_dag.py took 0.139 seconds
[2025-04-02T10:07:05.204+0000] {processor.py:186} INFO - Started process (PID=1857) to work on /home/airflow/.local/lib/python3.12/site-packages/airflow/example_dags/example_sla_dag.py
[2025-04-02T10:07:05.205+0000] {processor.py:914} INFO - Processing file /home/airflow/.local/lib/python3.12/site-packages/airflow/example_dags/example_sla_dag.py for tasks to queue
[2025-04-02T10:07:05.208+0000] {logging_mixin.py:190} INFO - [2025-04-02T10:07:05.207+0000] {dagbag.py:588} INFO - Filling up the DagBag from /home/airflow/.local/lib/python3.12/site-packages/airflow/example_dags/example_sla_dag.py
[2025-04-02T10:07:05.222+0000] {processor.py:925} INFO - DAG(s) 'example_sla_dag' retrieved from /home/airflow/.local/lib/python3.12/site-packages/airflow/example_dags/example_sla_dag.py
[2025-04-02T10:07:05.249+0000] {logging_mixin.py:190} INFO - [2025-04-02T10:07:05.249+0000] {dag.py:3239} INFO - Sync 1 DAGs
[2025-04-02T10:07:05.289+0000] {logging_mixin.py:190} INFO - [2025-04-02T10:07:05.289+0000] {dag.py:4180} INFO - Setting next_dagrun for example_sla_dag to 2025-04-02 10:04:00+00:00, run_after=2025-04-02 10:06:00+00:00
[2025-04-02T10:07:05.315+0000] {processor.py:208} INFO - Processing /home/airflow/.local/lib/python3.12/site-packages/airflow/example_dags/example_sla_dag.py took 0.121 seconds
[2025-04-02T10:07:35.369+0000] {processor.py:186} INFO - Started process (PID=1920) to work on /home/airflow/.local/lib/python3.12/site-packages/airflow/example_dags/example_sla_dag.py
[2025-04-02T10:07:35.371+0000] {processor.py:914} INFO - Processing file /home/airflow/.local/lib/python3.12/site-packages/airflow/example_dags/example_sla_dag.py for tasks to queue
[2025-04-02T10:07:35.372+0000] {logging_mixin.py:190} INFO - [2025-04-02T10:07:35.372+0000] {dagbag.py:588} INFO - Filling up the DagBag from /home/airflow/.local/lib/python3.12/site-packages/airflow/example_dags/example_sla_dag.py
[2025-04-02T10:07:35.386+0000] {processor.py:925} INFO - DAG(s) 'example_sla_dag' retrieved from /home/airflow/.local/lib/python3.12/site-packages/airflow/example_dags/example_sla_dag.py
[2025-04-02T10:07:35.412+0000] {logging_mixin.py:190} INFO - [2025-04-02T10:07:35.411+0000] {dag.py:3239} INFO - Sync 1 DAGs
[2025-04-02T10:07:35.454+0000] {logging_mixin.py:190} INFO - [2025-04-02T10:07:35.454+0000] {dag.py:4180} INFO - Setting next_dagrun for example_sla_dag to 2025-04-02 10:04:00+00:00, run_after=2025-04-02 10:06:00+00:00
[2025-04-02T10:07:35.483+0000] {processor.py:208} INFO - Processing /home/airflow/.local/lib/python3.12/site-packages/airflow/example_dags/example_sla_dag.py took 0.122 seconds
[2025-04-02T10:08:05.836+0000] {processor.py:186} INFO - Started process (PID=1983) to work on /home/airflow/.local/lib/python3.12/site-packages/airflow/example_dags/example_sla_dag.py
[2025-04-02T10:08:05.838+0000] {processor.py:914} INFO - Processing file /home/airflow/.local/lib/python3.12/site-packages/airflow/example_dags/example_sla_dag.py for tasks to queue
[2025-04-02T10:08:05.840+0000] {logging_mixin.py:190} INFO - [2025-04-02T10:08:05.839+0000] {dagbag.py:588} INFO - Filling up the DagBag from /home/airflow/.local/lib/python3.12/site-packages/airflow/example_dags/example_sla_dag.py
[2025-04-02T10:08:05.861+0000] {processor.py:925} INFO - DAG(s) 'example_sla_dag' retrieved from /home/airflow/.local/lib/python3.12/site-packages/airflow/example_dags/example_sla_dag.py
[2025-04-02T10:08:05.887+0000] {logging_mixin.py:190} INFO - [2025-04-02T10:08:05.887+0000] {dag.py:3239} INFO - Sync 1 DAGs
[2025-04-02T10:08:05.920+0000] {logging_mixin.py:190} INFO - [2025-04-02T10:08:05.920+0000] {dag.py:4180} INFO - Setting next_dagrun for example_sla_dag to 2025-04-02 10:06:00+00:00, run_after=2025-04-02 10:08:00+00:00
[2025-04-02T10:08:05.947+0000] {processor.py:208} INFO - Processing /home/airflow/.local/lib/python3.12/site-packages/airflow/example_dags/example_sla_dag.py took 0.120 seconds
[2025-04-02T10:08:36.155+0000] {processor.py:186} INFO - Started process (PID=2046) to work on /home/airflow/.local/lib/python3.12/site-packages/airflow/example_dags/example_sla_dag.py
[2025-04-02T10:08:36.158+0000] {processor.py:914} INFO - Processing file /home/airflow/.local/lib/python3.12/site-packages/airflow/example_dags/example_sla_dag.py for tasks to queue
[2025-04-02T10:08:36.161+0000] {logging_mixin.py:190} INFO - [2025-04-02T10:08:36.160+0000] {dagbag.py:588} INFO - Filling up the DagBag from /home/airflow/.local/lib/python3.12/site-packages/airflow/example_dags/example_sla_dag.py
[2025-04-02T10:08:36.177+0000] {processor.py:925} INFO - DAG(s) 'example_sla_dag' retrieved from /home/airflow/.local/lib/python3.12/site-packages/airflow/example_dags/example_sla_dag.py
[2025-04-02T10:08:36.205+0000] {logging_mixin.py:190} INFO - [2025-04-02T10:08:36.205+0000] {dag.py:3239} INFO - Sync 1 DAGs
[2025-04-02T10:08:36.246+0000] {logging_mixin.py:190} INFO - [2025-04-02T10:08:36.246+0000] {dag.py:4180} INFO - Setting next_dagrun for example_sla_dag to 2025-04-02 10:06:00+00:00, run_after=2025-04-02 10:08:00+00:00
[2025-04-02T10:08:36.274+0000] {processor.py:208} INFO - Processing /home/airflow/.local/lib/python3.12/site-packages/airflow/example_dags/example_sla_dag.py took 0.129 seconds
[2025-04-02T10:09:06.484+0000] {processor.py:186} INFO - Started process (PID=2109) to work on /home/airflow/.local/lib/python3.12/site-packages/airflow/example_dags/example_sla_dag.py
[2025-04-02T10:09:06.486+0000] {processor.py:914} INFO - Processing file /home/airflow/.local/lib/python3.12/site-packages/airflow/example_dags/example_sla_dag.py for tasks to queue
[2025-04-02T10:09:06.488+0000] {logging_mixin.py:190} INFO - [2025-04-02T10:09:06.488+0000] {dagbag.py:588} INFO - Filling up the DagBag from /home/airflow/.local/lib/python3.12/site-packages/airflow/example_dags/example_sla_dag.py
[2025-04-02T10:09:06.503+0000] {processor.py:925} INFO - DAG(s) 'example_sla_dag' retrieved from /home/airflow/.local/lib/python3.12/site-packages/airflow/example_dags/example_sla_dag.py
[2025-04-02T10:09:06.534+0000] {logging_mixin.py:190} INFO - [2025-04-02T10:09:06.534+0000] {dag.py:3239} INFO - Sync 1 DAGs
[2025-04-02T10:09:06.573+0000] {logging_mixin.py:190} INFO - [2025-04-02T10:09:06.573+0000] {dag.py:4180} INFO - Setting next_dagrun for example_sla_dag to 2025-04-02 10:06:00+00:00, run_after=2025-04-02 10:08:00+00:00
[2025-04-02T10:09:06.608+0000] {processor.py:208} INFO - Processing /home/airflow/.local/lib/python3.12/site-packages/airflow/example_dags/example_sla_dag.py took 0.133 seconds
[2025-04-02T10:09:37.444+0000] {processor.py:186} INFO - Started process (PID=2172) to work on /home/airflow/.local/lib/python3.12/site-packages/airflow/example_dags/example_sla_dag.py
[2025-04-02T10:09:37.446+0000] {processor.py:914} INFO - Processing file /home/airflow/.local/lib/python3.12/site-packages/airflow/example_dags/example_sla_dag.py for tasks to queue
[2025-04-02T10:09:37.448+0000] {logging_mixin.py:190} INFO - [2025-04-02T10:09:37.447+0000] {dagbag.py:588} INFO - Filling up the DagBag from /home/airflow/.local/lib/python3.12/site-packages/airflow/example_dags/example_sla_dag.py
[2025-04-02T10:09:37.466+0000] {processor.py:925} INFO - DAG(s) 'example_sla_dag' retrieved from /home/airflow/.local/lib/python3.12/site-packages/airflow/example_dags/example_sla_dag.py
[2025-04-02T10:09:37.494+0000] {logging_mixin.py:190} INFO - [2025-04-02T10:09:37.493+0000] {dag.py:3239} INFO - Sync 1 DAGs
[2025-04-02T10:09:37.530+0000] {logging_mixin.py:190} INFO - [2025-04-02T10:09:37.530+0000] {dag.py:4180} INFO - Setting next_dagrun for example_sla_dag to 2025-04-02 10:06:00+00:00, run_after=2025-04-02 10:08:00+00:00
[2025-04-02T10:09:37.556+0000] {processor.py:208} INFO - Processing /home/airflow/.local/lib/python3.12/site-packages/airflow/example_dags/example_sla_dag.py took 0.122 seconds
[2025-04-02T10:10:07.799+0000] {processor.py:186} INFO - Started process (PID=2236) to work on /home/airflow/.local/lib/python3.12/site-packages/airflow/example_dags/example_sla_dag.py
[2025-04-02T10:10:07.800+0000] {processor.py:914} INFO - Processing file /home/airflow/.local/lib/python3.12/site-packages/airflow/example_dags/example_sla_dag.py for tasks to queue
[2025-04-02T10:10:07.802+0000] {logging_mixin.py:190} INFO - [2025-04-02T10:10:07.802+0000] {dagbag.py:588} INFO - Filling up the DagBag from /home/airflow/.local/lib/python3.12/site-packages/airflow/example_dags/example_sla_dag.py
[2025-04-02T10:10:07.816+0000] {processor.py:925} INFO - DAG(s) 'example_sla_dag' retrieved from /home/airflow/.local/lib/python3.12/site-packages/airflow/example_dags/example_sla_dag.py
[2025-04-02T10:10:07.847+0000] {logging_mixin.py:190} INFO - [2025-04-02T10:10:07.847+0000] {dag.py:3239} INFO - Sync 1 DAGs
[2025-04-02T10:10:07.882+0000] {logging_mixin.py:190} INFO - [2025-04-02T10:10:07.882+0000] {dag.py:4180} INFO - Setting next_dagrun for example_sla_dag to 2025-04-02 10:08:00+00:00, run_after=2025-04-02 10:10:00+00:00
[2025-04-02T10:10:07.913+0000] {processor.py:208} INFO - Processing /home/airflow/.local/lib/python3.12/site-packages/airflow/example_dags/example_sla_dag.py took 0.124 seconds
[2025-04-02T10:10:38.224+0000] {processor.py:186} INFO - Started process (PID=2299) to work on /home/airflow/.local/lib/python3.12/site-packages/airflow/example_dags/example_sla_dag.py
[2025-04-02T10:10:38.225+0000] {processor.py:914} INFO - Processing file /home/airflow/.local/lib/python3.12/site-packages/airflow/example_dags/example_sla_dag.py for tasks to queue
[2025-04-02T10:10:38.227+0000] {logging_mixin.py:190} INFO - [2025-04-02T10:10:38.227+0000] {dagbag.py:588} INFO - Filling up the DagBag from /home/airflow/.local/lib/python3.12/site-packages/airflow/example_dags/example_sla_dag.py
[2025-04-02T10:10:38.243+0000] {processor.py:925} INFO - DAG(s) 'example_sla_dag' retrieved from /home/airflow/.local/lib/python3.12/site-packages/airflow/example_dags/example_sla_dag.py
[2025-04-02T10:10:38.269+0000] {logging_mixin.py:190} INFO - [2025-04-02T10:10:38.268+0000] {dag.py:3239} INFO - Sync 1 DAGs
[2025-04-02T10:10:38.306+0000] {logging_mixin.py:190} INFO - [2025-04-02T10:10:38.306+0000] {dag.py:4180} INFO - Setting next_dagrun for example_sla_dag to 2025-04-02 10:08:00+00:00, run_after=2025-04-02 10:10:00+00:00
[2025-04-02T10:10:38.334+0000] {processor.py:208} INFO - Processing /home/airflow/.local/lib/python3.12/site-packages/airflow/example_dags/example_sla_dag.py took 0.118 seconds
[2025-04-02T10:11:08.440+0000] {processor.py:186} INFO - Started process (PID=2362) to work on /home/airflow/.local/lib/python3.12/site-packages/airflow/example_dags/example_sla_dag.py
[2025-04-02T10:11:08.442+0000] {processor.py:914} INFO - Processing file /home/airflow/.local/lib/python3.12/site-packages/airflow/example_dags/example_sla_dag.py for tasks to queue
[2025-04-02T10:11:08.444+0000] {logging_mixin.py:190} INFO - [2025-04-02T10:11:08.443+0000] {dagbag.py:588} INFO - Filling up the DagBag from /home/airflow/.local/lib/python3.12/site-packages/airflow/example_dags/example_sla_dag.py
[2025-04-02T10:11:08.461+0000] {processor.py:925} INFO - DAG(s) 'example_sla_dag' retrieved from /home/airflow/.local/lib/python3.12/site-packages/airflow/example_dags/example_sla_dag.py
[2025-04-02T10:11:08.490+0000] {logging_mixin.py:190} INFO - [2025-04-02T10:11:08.489+0000] {dag.py:3239} INFO - Sync 1 DAGs
[2025-04-02T10:11:08.528+0000] {logging_mixin.py:190} INFO - [2025-04-02T10:11:08.528+0000] {dag.py:4180} INFO - Setting next_dagrun for example_sla_dag to 2025-04-02 10:08:00+00:00, run_after=2025-04-02 10:10:00+00:00
[2025-04-02T10:11:08.557+0000] {processor.py:208} INFO - Processing /home/airflow/.local/lib/python3.12/site-packages/airflow/example_dags/example_sla_dag.py took 0.129 seconds
[2025-04-02T10:11:39.207+0000] {processor.py:186} INFO - Started process (PID=2432) to work on /home/airflow/.local/lib/python3.12/site-packages/airflow/example_dags/example_sla_dag.py
[2025-04-02T10:11:39.209+0000] {processor.py:914} INFO - Processing file /home/airflow/.local/lib/python3.12/site-packages/airflow/example_dags/example_sla_dag.py for tasks to queue
[2025-04-02T10:11:39.211+0000] {logging_mixin.py:190} INFO - [2025-04-02T10:11:39.211+0000] {dagbag.py:588} INFO - Filling up the DagBag from /home/airflow/.local/lib/python3.12/site-packages/airflow/example_dags/example_sla_dag.py
[2025-04-02T10:11:39.225+0000] {processor.py:925} INFO - DAG(s) 'example_sla_dag' retrieved from /home/airflow/.local/lib/python3.12/site-packages/airflow/example_dags/example_sla_dag.py
[2025-04-02T10:11:39.251+0000] {logging_mixin.py:190} INFO - [2025-04-02T10:11:39.251+0000] {dag.py:3239} INFO - Sync 1 DAGs
[2025-04-02T10:11:39.291+0000] {logging_mixin.py:190} INFO - [2025-04-02T10:11:39.290+0000] {dag.py:4180} INFO - Setting next_dagrun for example_sla_dag to 2025-04-02 10:08:00+00:00, run_after=2025-04-02 10:10:00+00:00
[2025-04-02T10:11:39.325+0000] {processor.py:208} INFO - Processing /home/airflow/.local/lib/python3.12/site-packages/airflow/example_dags/example_sla_dag.py took 0.129 seconds
[2025-04-02T10:12:09.520+0000] {processor.py:186} INFO - Started process (PID=2496) to work on /home/airflow/.local/lib/python3.12/site-packages/airflow/example_dags/example_sla_dag.py
[2025-04-02T10:12:09.522+0000] {processor.py:914} INFO - Processing file /home/airflow/.local/lib/python3.12/site-packages/airflow/example_dags/example_sla_dag.py for tasks to queue
[2025-04-02T10:12:09.523+0000] {logging_mixin.py:190} INFO - [2025-04-02T10:12:09.523+0000] {dagbag.py:588} INFO - Filling up the DagBag from /home/airflow/.local/lib/python3.12/site-packages/airflow/example_dags/example_sla_dag.py
[2025-04-02T10:12:09.541+0000] {processor.py:925} INFO - DAG(s) 'example_sla_dag' retrieved from /home/airflow/.local/lib/python3.12/site-packages/airflow/example_dags/example_sla_dag.py
[2025-04-02T10:12:09.576+0000] {logging_mixin.py:190} INFO - [2025-04-02T10:12:09.576+0000] {dag.py:3239} INFO - Sync 1 DAGs
[2025-04-02T10:12:09.624+0000] {logging_mixin.py:190} INFO - [2025-04-02T10:12:09.624+0000] {dag.py:4180} INFO - Setting next_dagrun for example_sla_dag to 2025-04-02 10:10:00+00:00, run_after=2025-04-02 10:12:00+00:00
[2025-04-02T10:12:09.671+0000] {processor.py:208} INFO - Processing /home/airflow/.local/lib/python3.12/site-packages/airflow/example_dags/example_sla_dag.py took 0.161 seconds
[2025-04-02T10:12:40.187+0000] {processor.py:186} INFO - Started process (PID=2559) to work on /home/airflow/.local/lib/python3.12/site-packages/airflow/example_dags/example_sla_dag.py
[2025-04-02T10:12:40.191+0000] {processor.py:914} INFO - Processing file /home/airflow/.local/lib/python3.12/site-packages/airflow/example_dags/example_sla_dag.py for tasks to queue
[2025-04-02T10:12:40.195+0000] {logging_mixin.py:190} INFO - [2025-04-02T10:12:40.194+0000] {dagbag.py:588} INFO - Filling up the DagBag from /home/airflow/.local/lib/python3.12/site-packages/airflow/example_dags/example_sla_dag.py
[2025-04-02T10:12:40.212+0000] {processor.py:925} INFO - DAG(s) 'example_sla_dag' retrieved from /home/airflow/.local/lib/python3.12/site-packages/airflow/example_dags/example_sla_dag.py
[2025-04-02T10:12:40.243+0000] {logging_mixin.py:190} INFO - [2025-04-02T10:12:40.242+0000] {dag.py:3239} INFO - Sync 1 DAGs
[2025-04-02T10:12:40.279+0000] {logging_mixin.py:190} INFO - [2025-04-02T10:12:40.279+0000] {dag.py:4180} INFO - Setting next_dagrun for example_sla_dag to 2025-04-02 10:10:00+00:00, run_after=2025-04-02 10:12:00+00:00
[2025-04-02T10:12:40.310+0000] {processor.py:208} INFO - Processing /home/airflow/.local/lib/python3.12/site-packages/airflow/example_dags/example_sla_dag.py took 0.132 seconds
[2025-04-02T10:13:10.700+0000] {processor.py:186} INFO - Started process (PID=2622) to work on /home/airflow/.local/lib/python3.12/site-packages/airflow/example_dags/example_sla_dag.py
[2025-04-02T10:13:10.701+0000] {processor.py:914} INFO - Processing file /home/airflow/.local/lib/python3.12/site-packages/airflow/example_dags/example_sla_dag.py for tasks to queue
[2025-04-02T10:13:10.703+0000] {logging_mixin.py:190} INFO - [2025-04-02T10:13:10.703+0000] {dagbag.py:588} INFO - Filling up the DagBag from /home/airflow/.local/lib/python3.12/site-packages/airflow/example_dags/example_sla_dag.py
[2025-04-02T10:13:10.716+0000] {processor.py:925} INFO - DAG(s) 'example_sla_dag' retrieved from /home/airflow/.local/lib/python3.12/site-packages/airflow/example_dags/example_sla_dag.py
[2025-04-02T10:13:10.743+0000] {logging_mixin.py:190} INFO - [2025-04-02T10:13:10.742+0000] {dag.py:3239} INFO - Sync 1 DAGs
[2025-04-02T10:13:10.778+0000] {logging_mixin.py:190} INFO - [2025-04-02T10:13:10.777+0000] {dag.py:4180} INFO - Setting next_dagrun for example_sla_dag to 2025-04-02 10:10:00+00:00, run_after=2025-04-02 10:12:00+00:00
[2025-04-02T10:13:10.808+0000] {processor.py:208} INFO - Processing /home/airflow/.local/lib/python3.12/site-packages/airflow/example_dags/example_sla_dag.py took 0.117 seconds
[2025-04-02T10:59:56.056+0000] {processor.py:186} INFO - Started process (PID=2685) to work on /home/airflow/.local/lib/python3.12/site-packages/airflow/example_dags/example_sla_dag.py
[2025-04-02T10:59:56.058+0000] {processor.py:914} INFO - Processing file /home/airflow/.local/lib/python3.12/site-packages/airflow/example_dags/example_sla_dag.py for tasks to queue
[2025-04-02T10:59:56.070+0000] {logging_mixin.py:190} INFO - [2025-04-02T10:59:56.069+0000] {dagbag.py:588} INFO - Filling up the DagBag from /home/airflow/.local/lib/python3.12/site-packages/airflow/example_dags/example_sla_dag.py
[2025-04-02T10:59:56.177+0000] {processor.py:925} INFO - DAG(s) 'example_sla_dag' retrieved from /home/airflow/.local/lib/python3.12/site-packages/airflow/example_dags/example_sla_dag.py
[2025-04-02T10:59:56.347+0000] {logging_mixin.py:190} INFO - [2025-04-02T10:59:56.346+0000] {dag.py:3239} INFO - Sync 1 DAGs
[2025-04-02T10:59:56.727+0000] {logging_mixin.py:190} INFO - [2025-04-02T10:59:56.726+0000] {dag.py:4180} INFO - Setting next_dagrun for example_sla_dag to 2025-04-02 10:56:00+00:00, run_after=2025-04-02 10:58:00+00:00
[2025-04-02T10:59:56.924+0000] {processor.py:208} INFO - Processing /home/airflow/.local/lib/python3.12/site-packages/airflow/example_dags/example_sla_dag.py took 0.889 seconds
[2025-04-02T13:35:44.041+0000] {processor.py:186} INFO - Started process (PID=2749) to work on /home/airflow/.local/lib/python3.12/site-packages/airflow/example_dags/example_sla_dag.py
[2025-04-02T13:35:44.042+0000] {processor.py:914} INFO - Processing file /home/airflow/.local/lib/python3.12/site-packages/airflow/example_dags/example_sla_dag.py for tasks to queue
[2025-04-02T13:35:44.045+0000] {logging_mixin.py:190} INFO - [2025-04-02T13:35:44.045+0000] {dagbag.py:588} INFO - Filling up the DagBag from /home/airflow/.local/lib/python3.12/site-packages/airflow/example_dags/example_sla_dag.py
[2025-04-02T13:35:44.064+0000] {processor.py:925} INFO - DAG(s) 'example_sla_dag' retrieved from /home/airflow/.local/lib/python3.12/site-packages/airflow/example_dags/example_sla_dag.py
[2025-04-02T13:35:44.097+0000] {logging_mixin.py:190} INFO - [2025-04-02T13:35:44.097+0000] {dag.py:3239} INFO - Sync 1 DAGs
[2025-04-02T13:35:44.154+0000] {logging_mixin.py:190} INFO - [2025-04-02T13:35:44.153+0000] {dag.py:4180} INFO - Setting next_dagrun for example_sla_dag to 2025-04-02 13:32:00+00:00, run_after=2025-04-02 13:34:00+00:00
[2025-04-02T13:35:44.191+0000] {processor.py:208} INFO - Processing /home/airflow/.local/lib/python3.12/site-packages/airflow/example_dags/example_sla_dag.py took 0.159 seconds
[2025-04-02T13:36:14.512+0000] {processor.py:186} INFO - Started process (PID=2804) to work on /home/airflow/.local/lib/python3.12/site-packages/airflow/example_dags/example_sla_dag.py
[2025-04-02T13:36:14.514+0000] {processor.py:914} INFO - Processing file /home/airflow/.local/lib/python3.12/site-packages/airflow/example_dags/example_sla_dag.py for tasks to queue
[2025-04-02T13:36:14.516+0000] {logging_mixin.py:190} INFO - [2025-04-02T13:36:14.516+0000] {dagbag.py:588} INFO - Filling up the DagBag from /home/airflow/.local/lib/python3.12/site-packages/airflow/example_dags/example_sla_dag.py
[2025-04-02T13:36:14.530+0000] {processor.py:925} INFO - DAG(s) 'example_sla_dag' retrieved from /home/airflow/.local/lib/python3.12/site-packages/airflow/example_dags/example_sla_dag.py
[2025-04-02T13:36:14.554+0000] {logging_mixin.py:190} INFO - [2025-04-02T13:36:14.554+0000] {dag.py:3239} INFO - Sync 1 DAGs
[2025-04-02T13:36:14.590+0000] {logging_mixin.py:190} INFO - [2025-04-02T13:36:14.590+0000] {dag.py:4180} INFO - Setting next_dagrun for example_sla_dag to 2025-04-02 13:34:00+00:00, run_after=2025-04-02 13:36:00+00:00
[2025-04-02T13:36:14.616+0000] {processor.py:208} INFO - Processing /home/airflow/.local/lib/python3.12/site-packages/airflow/example_dags/example_sla_dag.py took 0.114 seconds
[2025-04-02T13:36:44.946+0000] {processor.py:186} INFO - Started process (PID=2867) to work on /home/airflow/.local/lib/python3.12/site-packages/airflow/example_dags/example_sla_dag.py
[2025-04-02T13:36:44.951+0000] {processor.py:914} INFO - Processing file /home/airflow/.local/lib/python3.12/site-packages/airflow/example_dags/example_sla_dag.py for tasks to queue
[2025-04-02T13:36:44.954+0000] {logging_mixin.py:190} INFO - [2025-04-02T13:36:44.953+0000] {dagbag.py:588} INFO - Filling up the DagBag from /home/airflow/.local/lib/python3.12/site-packages/airflow/example_dags/example_sla_dag.py
[2025-04-02T13:36:44.983+0000] {processor.py:925} INFO - DAG(s) 'example_sla_dag' retrieved from /home/airflow/.local/lib/python3.12/site-packages/airflow/example_dags/example_sla_dag.py
[2025-04-02T13:36:45.034+0000] {logging_mixin.py:190} INFO - [2025-04-02T13:36:45.034+0000] {dag.py:3239} INFO - Sync 1 DAGs
[2025-04-02T13:36:45.107+0000] {logging_mixin.py:190} INFO - [2025-04-02T13:36:45.106+0000] {dag.py:4180} INFO - Setting next_dagrun for example_sla_dag to 2025-04-02 13:34:00+00:00, run_after=2025-04-02 13:36:00+00:00
[2025-04-02T13:36:45.147+0000] {processor.py:208} INFO - Processing /home/airflow/.local/lib/python3.12/site-packages/airflow/example_dags/example_sla_dag.py took 0.216 seconds
[2025-04-02T13:37:15.565+0000] {processor.py:186} INFO - Started process (PID=2930) to work on /home/airflow/.local/lib/python3.12/site-packages/airflow/example_dags/example_sla_dag.py
[2025-04-02T13:37:15.566+0000] {processor.py:914} INFO - Processing file /home/airflow/.local/lib/python3.12/site-packages/airflow/example_dags/example_sla_dag.py for tasks to queue
[2025-04-02T13:37:15.568+0000] {logging_mixin.py:190} INFO - [2025-04-02T13:37:15.568+0000] {dagbag.py:588} INFO - Filling up the DagBag from /home/airflow/.local/lib/python3.12/site-packages/airflow/example_dags/example_sla_dag.py
[2025-04-02T13:37:15.581+0000] {processor.py:925} INFO - DAG(s) 'example_sla_dag' retrieved from /home/airflow/.local/lib/python3.12/site-packages/airflow/example_dags/example_sla_dag.py
[2025-04-02T13:37:15.608+0000] {logging_mixin.py:190} INFO - [2025-04-02T13:37:15.608+0000] {dag.py:3239} INFO - Sync 1 DAGs
[2025-04-02T13:37:15.645+0000] {logging_mixin.py:190} INFO - [2025-04-02T13:37:15.645+0000] {dag.py:4180} INFO - Setting next_dagrun for example_sla_dag to 2025-04-02 13:34:00+00:00, run_after=2025-04-02 13:36:00+00:00
[2025-04-02T13:37:15.685+0000] {processor.py:208} INFO - Processing /home/airflow/.local/lib/python3.12/site-packages/airflow/example_dags/example_sla_dag.py took 0.129 seconds
[2025-04-02T13:37:46.216+0000] {processor.py:186} INFO - Started process (PID=2992) to work on /home/airflow/.local/lib/python3.12/site-packages/airflow/example_dags/example_sla_dag.py
[2025-04-02T13:37:46.217+0000] {processor.py:914} INFO - Processing file /home/airflow/.local/lib/python3.12/site-packages/airflow/example_dags/example_sla_dag.py for tasks to queue
[2025-04-02T13:37:46.219+0000] {logging_mixin.py:190} INFO - [2025-04-02T13:37:46.219+0000] {dagbag.py:588} INFO - Filling up the DagBag from /home/airflow/.local/lib/python3.12/site-packages/airflow/example_dags/example_sla_dag.py
[2025-04-02T13:37:46.234+0000] {processor.py:925} INFO - DAG(s) 'example_sla_dag' retrieved from /home/airflow/.local/lib/python3.12/site-packages/airflow/example_dags/example_sla_dag.py
[2025-04-02T13:37:46.264+0000] {logging_mixin.py:190} INFO - [2025-04-02T13:37:46.264+0000] {dag.py:3239} INFO - Sync 1 DAGs
[2025-04-02T13:37:46.306+0000] {logging_mixin.py:190} INFO - [2025-04-02T13:37:46.306+0000] {dag.py:4180} INFO - Setting next_dagrun for example_sla_dag to 2025-04-02 13:34:00+00:00, run_after=2025-04-02 13:36:00+00:00
[2025-04-02T13:37:46.331+0000] {processor.py:208} INFO - Processing /home/airflow/.local/lib/python3.12/site-packages/airflow/example_dags/example_sla_dag.py took 0.121 seconds
[2025-04-02T13:38:16.717+0000] {processor.py:186} INFO - Started process (PID=3052) to work on /home/airflow/.local/lib/python3.12/site-packages/airflow/example_dags/example_sla_dag.py
[2025-04-02T13:38:16.719+0000] {processor.py:914} INFO - Processing file /home/airflow/.local/lib/python3.12/site-packages/airflow/example_dags/example_sla_dag.py for tasks to queue
[2025-04-02T13:38:16.721+0000] {logging_mixin.py:190} INFO - [2025-04-02T13:38:16.720+0000] {dagbag.py:588} INFO - Filling up the DagBag from /home/airflow/.local/lib/python3.12/site-packages/airflow/example_dags/example_sla_dag.py
[2025-04-02T13:38:16.735+0000] {processor.py:925} INFO - DAG(s) 'example_sla_dag' retrieved from /home/airflow/.local/lib/python3.12/site-packages/airflow/example_dags/example_sla_dag.py
[2025-04-02T13:38:16.761+0000] {logging_mixin.py:190} INFO - [2025-04-02T13:38:16.760+0000] {dag.py:3239} INFO - Sync 1 DAGs
[2025-04-02T13:38:16.797+0000] {logging_mixin.py:190} INFO - [2025-04-02T13:38:16.797+0000] {dag.py:4180} INFO - Setting next_dagrun for example_sla_dag to 2025-04-02 13:36:00+00:00, run_after=2025-04-02 13:38:00+00:00
[2025-04-02T13:38:16.826+0000] {processor.py:208} INFO - Processing /home/airflow/.local/lib/python3.12/site-packages/airflow/example_dags/example_sla_dag.py took 0.117 seconds
[2025-04-02T13:38:47.417+0000] {processor.py:186} INFO - Started process (PID=3114) to work on /home/airflow/.local/lib/python3.12/site-packages/airflow/example_dags/example_sla_dag.py
[2025-04-02T13:38:47.418+0000] {processor.py:914} INFO - Processing file /home/airflow/.local/lib/python3.12/site-packages/airflow/example_dags/example_sla_dag.py for tasks to queue
[2025-04-02T13:38:47.420+0000] {logging_mixin.py:190} INFO - [2025-04-02T13:38:47.419+0000] {dagbag.py:588} INFO - Filling up the DagBag from /home/airflow/.local/lib/python3.12/site-packages/airflow/example_dags/example_sla_dag.py
[2025-04-02T13:38:47.433+0000] {processor.py:925} INFO - DAG(s) 'example_sla_dag' retrieved from /home/airflow/.local/lib/python3.12/site-packages/airflow/example_dags/example_sla_dag.py
[2025-04-02T13:38:47.458+0000] {logging_mixin.py:190} INFO - [2025-04-02T13:38:47.458+0000] {dag.py:3239} INFO - Sync 1 DAGs
[2025-04-02T13:38:47.498+0000] {logging_mixin.py:190} INFO - [2025-04-02T13:38:47.497+0000] {dag.py:4180} INFO - Setting next_dagrun for example_sla_dag to 2025-04-02 13:36:00+00:00, run_after=2025-04-02 13:38:00+00:00
[2025-04-02T13:38:47.528+0000] {processor.py:208} INFO - Processing /home/airflow/.local/lib/python3.12/site-packages/airflow/example_dags/example_sla_dag.py took 0.119 seconds
[2025-04-02T13:39:17.621+0000] {processor.py:186} INFO - Started process (PID=3177) to work on /home/airflow/.local/lib/python3.12/site-packages/airflow/example_dags/example_sla_dag.py
[2025-04-02T13:39:17.623+0000] {processor.py:914} INFO - Processing file /home/airflow/.local/lib/python3.12/site-packages/airflow/example_dags/example_sla_dag.py for tasks to queue
[2025-04-02T13:39:17.625+0000] {logging_mixin.py:190} INFO - [2025-04-02T13:39:17.624+0000] {dagbag.py:588} INFO - Filling up the DagBag from /home/airflow/.local/lib/python3.12/site-packages/airflow/example_dags/example_sla_dag.py
[2025-04-02T13:39:17.639+0000] {processor.py:925} INFO - DAG(s) 'example_sla_dag' retrieved from /home/airflow/.local/lib/python3.12/site-packages/airflow/example_dags/example_sla_dag.py
[2025-04-02T13:39:17.665+0000] {logging_mixin.py:190} INFO - [2025-04-02T13:39:17.664+0000] {dag.py:3239} INFO - Sync 1 DAGs
[2025-04-02T13:39:17.704+0000] {logging_mixin.py:190} INFO - [2025-04-02T13:39:17.704+0000] {dag.py:4180} INFO - Setting next_dagrun for example_sla_dag to 2025-04-02 13:36:00+00:00, run_after=2025-04-02 13:38:00+00:00
[2025-04-02T13:39:17.734+0000] {processor.py:208} INFO - Processing /home/airflow/.local/lib/python3.12/site-packages/airflow/example_dags/example_sla_dag.py took 0.122 seconds
[2025-04-02T13:39:48.081+0000] {processor.py:186} INFO - Started process (PID=3238) to work on /home/airflow/.local/lib/python3.12/site-packages/airflow/example_dags/example_sla_dag.py
[2025-04-02T13:39:48.082+0000] {processor.py:914} INFO - Processing file /home/airflow/.local/lib/python3.12/site-packages/airflow/example_dags/example_sla_dag.py for tasks to queue
[2025-04-02T13:39:48.084+0000] {logging_mixin.py:190} INFO - [2025-04-02T13:39:48.084+0000] {dagbag.py:588} INFO - Filling up the DagBag from /home/airflow/.local/lib/python3.12/site-packages/airflow/example_dags/example_sla_dag.py
[2025-04-02T13:39:48.096+0000] {processor.py:925} INFO - DAG(s) 'example_sla_dag' retrieved from /home/airflow/.local/lib/python3.12/site-packages/airflow/example_dags/example_sla_dag.py
[2025-04-02T13:39:48.139+0000] {logging_mixin.py:190} INFO - [2025-04-02T13:39:48.139+0000] {dag.py:3239} INFO - Sync 1 DAGs
[2025-04-02T13:39:48.191+0000] {logging_mixin.py:190} INFO - [2025-04-02T13:39:48.190+0000] {dag.py:4180} INFO - Setting next_dagrun for example_sla_dag to 2025-04-02 13:36:00+00:00, run_after=2025-04-02 13:38:00+00:00
[2025-04-02T13:39:48.225+0000] {processor.py:208} INFO - Processing /home/airflow/.local/lib/python3.12/site-packages/airflow/example_dags/example_sla_dag.py took 0.151 seconds
[2025-04-02T13:40:18.875+0000] {processor.py:186} INFO - Started process (PID=3300) to work on /home/airflow/.local/lib/python3.12/site-packages/airflow/example_dags/example_sla_dag.py
[2025-04-02T13:40:18.877+0000] {processor.py:914} INFO - Processing file /home/airflow/.local/lib/python3.12/site-packages/airflow/example_dags/example_sla_dag.py for tasks to queue
[2025-04-02T13:40:18.878+0000] {logging_mixin.py:190} INFO - [2025-04-02T13:40:18.878+0000] {dagbag.py:588} INFO - Filling up the DagBag from /home/airflow/.local/lib/python3.12/site-packages/airflow/example_dags/example_sla_dag.py
[2025-04-02T13:40:18.895+0000] {processor.py:925} INFO - DAG(s) 'example_sla_dag' retrieved from /home/airflow/.local/lib/python3.12/site-packages/airflow/example_dags/example_sla_dag.py
[2025-04-02T13:40:18.925+0000] {logging_mixin.py:190} INFO - [2025-04-02T13:40:18.923+0000] {dag.py:3239} INFO - Sync 1 DAGs
[2025-04-02T13:40:18.961+0000] {logging_mixin.py:190} INFO - [2025-04-02T13:40:18.961+0000] {dag.py:4180} INFO - Setting next_dagrun for example_sla_dag to 2025-04-02 13:38:00+00:00, run_after=2025-04-02 13:40:00+00:00
[2025-04-02T13:40:18.990+0000] {processor.py:208} INFO - Processing /home/airflow/.local/lib/python3.12/site-packages/airflow/example_dags/example_sla_dag.py took 0.125 seconds
[2025-04-02T13:40:49.523+0000] {processor.py:186} INFO - Started process (PID=3364) to work on /home/airflow/.local/lib/python3.12/site-packages/airflow/example_dags/example_sla_dag.py
[2025-04-02T13:40:49.525+0000] {processor.py:914} INFO - Processing file /home/airflow/.local/lib/python3.12/site-packages/airflow/example_dags/example_sla_dag.py for tasks to queue
[2025-04-02T13:40:49.527+0000] {logging_mixin.py:190} INFO - [2025-04-02T13:40:49.527+0000] {dagbag.py:588} INFO - Filling up the DagBag from /home/airflow/.local/lib/python3.12/site-packages/airflow/example_dags/example_sla_dag.py
[2025-04-02T13:40:49.541+0000] {processor.py:925} INFO - DAG(s) 'example_sla_dag' retrieved from /home/airflow/.local/lib/python3.12/site-packages/airflow/example_dags/example_sla_dag.py
[2025-04-02T13:40:49.570+0000] {logging_mixin.py:190} INFO - [2025-04-02T13:40:49.569+0000] {dag.py:3239} INFO - Sync 1 DAGs
[2025-04-02T13:40:49.609+0000] {logging_mixin.py:190} INFO - [2025-04-02T13:40:49.609+0000] {dag.py:4180} INFO - Setting next_dagrun for example_sla_dag to 2025-04-02 13:38:00+00:00, run_after=2025-04-02 13:40:00+00:00
[2025-04-02T13:40:49.637+0000] {processor.py:208} INFO - Processing /home/airflow/.local/lib/python3.12/site-packages/airflow/example_dags/example_sla_dag.py took 0.123 seconds
