[2025-04-02T09:04:23.092+0000] {processor.py:186} INFO - Started process (PID=65) to work on /home/airflow/.local/lib/python3.12/site-packages/airflow/example_dags/tutorial.py
[2025-04-02T09:04:23.094+0000] {processor.py:914} INFO - Processing file /home/airflow/.local/lib/python3.12/site-packages/airflow/example_dags/tutorial.py for tasks to queue
[2025-04-02T09:04:23.099+0000] {logging_mixin.py:190} INFO - [2025-04-02T09:04:23.098+0000] {dagbag.py:588} INFO - Filling up the DagBag from /home/airflow/.local/lib/python3.12/site-packages/airflow/example_dags/tutorial.py
[2025-04-02T09:04:23.126+0000] {processor.py:925} INFO - DAG(s) 'tutorial' retrieved from /home/airflow/.local/lib/python3.12/site-packages/airflow/example_dags/tutorial.py
[2025-04-02T09:04:23.646+0000] {logging_mixin.py:190} INFO - [2025-04-02T09:04:23.645+0000] {override.py:1912} INFO - Created Permission View: can delete on DAG:tutorial
[2025-04-02T09:04:23.668+0000] {logging_mixin.py:190} INFO - [2025-04-02T09:04:23.667+0000] {override.py:1912} INFO - Created Permission View: can edit on DAG:tutorial
[2025-04-02T09:04:23.679+0000] {logging_mixin.py:190} INFO - [2025-04-02T09:04:23.679+0000] {override.py:1912} INFO - Created Permission View: can read on DAG:tutorial
[2025-04-02T09:04:23.693+0000] {logging_mixin.py:190} INFO - [2025-04-02T09:04:23.693+0000] {override.py:1912} INFO - Created Permission View: can delete on DAG Run:tutorial
[2025-04-02T09:04:23.706+0000] {logging_mixin.py:190} INFO - [2025-04-02T09:04:23.706+0000] {override.py:1912} INFO - Created Permission View: menu access on DAG Run:tutorial
[2025-04-02T09:04:23.716+0000] {logging_mixin.py:190} INFO - [2025-04-02T09:04:23.716+0000] {override.py:1912} INFO - Created Permission View: can create on DAG Run:tutorial
[2025-04-02T09:04:23.729+0000] {logging_mixin.py:190} INFO - [2025-04-02T09:04:23.729+0000] {override.py:1912} INFO - Created Permission View: can read on DAG Run:tutorial
[2025-04-02T09:04:23.731+0000] {logging_mixin.py:190} INFO - [2025-04-02T09:04:23.731+0000] {dag.py:3239} INFO - Sync 1 DAGs
[2025-04-02T09:04:23.759+0000] {logging_mixin.py:190} INFO - [2025-04-02T09:04:23.759+0000] {dag.py:3262} INFO - Creating ORM DAG for tutorial
[2025-04-02T09:04:23.783+0000] {logging_mixin.py:190} INFO - [2025-04-02T09:04:23.782+0000] {dag.py:4180} INFO - Setting next_dagrun for tutorial to 2025-04-01 00:00:00+00:00, run_after=2025-04-02 00:00:00+00:00
[2025-04-02T09:04:23.817+0000] {processor.py:208} INFO - Processing /home/airflow/.local/lib/python3.12/site-packages/airflow/example_dags/tutorial.py took 0.736 seconds
[2025-04-02T09:04:53.894+0000] {processor.py:186} INFO - Started process (PID=128) to work on /home/airflow/.local/lib/python3.12/site-packages/airflow/example_dags/tutorial.py
[2025-04-02T09:04:53.896+0000] {processor.py:914} INFO - Processing file /home/airflow/.local/lib/python3.12/site-packages/airflow/example_dags/tutorial.py for tasks to queue
[2025-04-02T09:04:53.899+0000] {logging_mixin.py:190} INFO - [2025-04-02T09:04:53.898+0000] {dagbag.py:588} INFO - Filling up the DagBag from /home/airflow/.local/lib/python3.12/site-packages/airflow/example_dags/tutorial.py
[2025-04-02T09:04:53.908+0000] {processor.py:925} INFO - DAG(s) 'tutorial' retrieved from /home/airflow/.local/lib/python3.12/site-packages/airflow/example_dags/tutorial.py
[2025-04-02T09:04:53.934+0000] {logging_mixin.py:190} INFO - [2025-04-02T09:04:53.934+0000] {dag.py:3239} INFO - Sync 1 DAGs
[2025-04-02T09:04:53.963+0000] {logging_mixin.py:190} INFO - [2025-04-02T09:04:53.962+0000] {dag.py:4180} INFO - Setting next_dagrun for tutorial to 2025-04-01 00:00:00+00:00, run_after=2025-04-02 00:00:00+00:00
[2025-04-02T09:04:53.987+0000] {processor.py:208} INFO - Processing /home/airflow/.local/lib/python3.12/site-packages/airflow/example_dags/tutorial.py took 0.098 seconds
[2025-04-02T09:05:24.406+0000] {processor.py:186} INFO - Started process (PID=191) to work on /home/airflow/.local/lib/python3.12/site-packages/airflow/example_dags/tutorial.py
[2025-04-02T09:05:24.407+0000] {processor.py:914} INFO - Processing file /home/airflow/.local/lib/python3.12/site-packages/airflow/example_dags/tutorial.py for tasks to queue
[2025-04-02T09:05:24.410+0000] {logging_mixin.py:190} INFO - [2025-04-02T09:05:24.410+0000] {dagbag.py:588} INFO - Filling up the DagBag from /home/airflow/.local/lib/python3.12/site-packages/airflow/example_dags/tutorial.py
[2025-04-02T09:05:24.419+0000] {processor.py:925} INFO - DAG(s) 'tutorial' retrieved from /home/airflow/.local/lib/python3.12/site-packages/airflow/example_dags/tutorial.py
[2025-04-02T09:05:24.445+0000] {logging_mixin.py:190} INFO - [2025-04-02T09:05:24.445+0000] {dag.py:3239} INFO - Sync 1 DAGs
[2025-04-02T09:05:24.472+0000] {logging_mixin.py:190} INFO - [2025-04-02T09:05:24.472+0000] {dag.py:4180} INFO - Setting next_dagrun for tutorial to 2025-04-01 00:00:00+00:00, run_after=2025-04-02 00:00:00+00:00
[2025-04-02T09:05:24.494+0000] {processor.py:208} INFO - Processing /home/airflow/.local/lib/python3.12/site-packages/airflow/example_dags/tutorial.py took 0.094 seconds
[2025-04-02T09:05:55.026+0000] {processor.py:186} INFO - Started process (PID=254) to work on /home/airflow/.local/lib/python3.12/site-packages/airflow/example_dags/tutorial.py
[2025-04-02T09:05:55.027+0000] {processor.py:914} INFO - Processing file /home/airflow/.local/lib/python3.12/site-packages/airflow/example_dags/tutorial.py for tasks to queue
[2025-04-02T09:05:55.031+0000] {logging_mixin.py:190} INFO - [2025-04-02T09:05:55.030+0000] {dagbag.py:588} INFO - Filling up the DagBag from /home/airflow/.local/lib/python3.12/site-packages/airflow/example_dags/tutorial.py
[2025-04-02T09:05:55.052+0000] {processor.py:925} INFO - DAG(s) 'tutorial' retrieved from /home/airflow/.local/lib/python3.12/site-packages/airflow/example_dags/tutorial.py
[2025-04-02T09:05:55.087+0000] {logging_mixin.py:190} INFO - [2025-04-02T09:05:55.086+0000] {dag.py:3239} INFO - Sync 1 DAGs
[2025-04-02T09:05:55.132+0000] {logging_mixin.py:190} INFO - [2025-04-02T09:05:55.132+0000] {dag.py:4180} INFO - Setting next_dagrun for tutorial to 2025-04-01 00:00:00+00:00, run_after=2025-04-02 00:00:00+00:00
[2025-04-02T09:05:55.160+0000] {processor.py:208} INFO - Processing /home/airflow/.local/lib/python3.12/site-packages/airflow/example_dags/tutorial.py took 0.142 seconds
[2025-04-02T09:06:25.571+0000] {processor.py:186} INFO - Started process (PID=317) to work on /home/airflow/.local/lib/python3.12/site-packages/airflow/example_dags/tutorial.py
[2025-04-02T09:06:25.572+0000] {processor.py:914} INFO - Processing file /home/airflow/.local/lib/python3.12/site-packages/airflow/example_dags/tutorial.py for tasks to queue
[2025-04-02T09:06:25.575+0000] {logging_mixin.py:190} INFO - [2025-04-02T09:06:25.575+0000] {dagbag.py:588} INFO - Filling up the DagBag from /home/airflow/.local/lib/python3.12/site-packages/airflow/example_dags/tutorial.py
[2025-04-02T09:06:25.583+0000] {processor.py:925} INFO - DAG(s) 'tutorial' retrieved from /home/airflow/.local/lib/python3.12/site-packages/airflow/example_dags/tutorial.py
[2025-04-02T09:06:25.609+0000] {logging_mixin.py:190} INFO - [2025-04-02T09:06:25.608+0000] {dag.py:3239} INFO - Sync 1 DAGs
[2025-04-02T09:06:25.638+0000] {logging_mixin.py:190} INFO - [2025-04-02T09:06:25.637+0000] {dag.py:4180} INFO - Setting next_dagrun for tutorial to 2025-04-01 00:00:00+00:00, run_after=2025-04-02 00:00:00+00:00
[2025-04-02T09:06:25.661+0000] {processor.py:208} INFO - Processing /home/airflow/.local/lib/python3.12/site-packages/airflow/example_dags/tutorial.py took 0.096 seconds
[2025-04-02T09:06:55.794+0000] {processor.py:186} INFO - Started process (PID=380) to work on /home/airflow/.local/lib/python3.12/site-packages/airflow/example_dags/tutorial.py
[2025-04-02T09:06:55.796+0000] {processor.py:914} INFO - Processing file /home/airflow/.local/lib/python3.12/site-packages/airflow/example_dags/tutorial.py for tasks to queue
[2025-04-02T09:06:55.799+0000] {logging_mixin.py:190} INFO - [2025-04-02T09:06:55.798+0000] {dagbag.py:588} INFO - Filling up the DagBag from /home/airflow/.local/lib/python3.12/site-packages/airflow/example_dags/tutorial.py
[2025-04-02T09:06:55.807+0000] {processor.py:925} INFO - DAG(s) 'tutorial' retrieved from /home/airflow/.local/lib/python3.12/site-packages/airflow/example_dags/tutorial.py
[2025-04-02T09:06:55.833+0000] {logging_mixin.py:190} INFO - [2025-04-02T09:06:55.832+0000] {dag.py:3239} INFO - Sync 1 DAGs
[2025-04-02T09:06:55.858+0000] {logging_mixin.py:190} INFO - [2025-04-02T09:06:55.858+0000] {dag.py:4180} INFO - Setting next_dagrun for tutorial to 2025-04-01 00:00:00+00:00, run_after=2025-04-02 00:00:00+00:00
[2025-04-02T09:06:55.884+0000] {processor.py:208} INFO - Processing /home/airflow/.local/lib/python3.12/site-packages/airflow/example_dags/tutorial.py took 0.095 seconds
[2025-04-02T09:07:26.711+0000] {processor.py:186} INFO - Started process (PID=443) to work on /home/airflow/.local/lib/python3.12/site-packages/airflow/example_dags/tutorial.py
[2025-04-02T09:07:26.712+0000] {processor.py:914} INFO - Processing file /home/airflow/.local/lib/python3.12/site-packages/airflow/example_dags/tutorial.py for tasks to queue
[2025-04-02T09:07:26.715+0000] {logging_mixin.py:190} INFO - [2025-04-02T09:07:26.715+0000] {dagbag.py:588} INFO - Filling up the DagBag from /home/airflow/.local/lib/python3.12/site-packages/airflow/example_dags/tutorial.py
[2025-04-02T09:07:26.724+0000] {processor.py:925} INFO - DAG(s) 'tutorial' retrieved from /home/airflow/.local/lib/python3.12/site-packages/airflow/example_dags/tutorial.py
[2025-04-02T09:07:26.752+0000] {logging_mixin.py:190} INFO - [2025-04-02T09:07:26.752+0000] {dag.py:3239} INFO - Sync 1 DAGs
[2025-04-02T09:07:26.780+0000] {logging_mixin.py:190} INFO - [2025-04-02T09:07:26.780+0000] {dag.py:4180} INFO - Setting next_dagrun for tutorial to 2025-04-01 00:00:00+00:00, run_after=2025-04-02 00:00:00+00:00
[2025-04-02T09:07:26.823+0000] {processor.py:208} INFO - Processing /home/airflow/.local/lib/python3.12/site-packages/airflow/example_dags/tutorial.py took 0.117 seconds
[2025-04-02T09:07:57.145+0000] {processor.py:186} INFO - Started process (PID=506) to work on /home/airflow/.local/lib/python3.12/site-packages/airflow/example_dags/tutorial.py
[2025-04-02T09:07:57.146+0000] {processor.py:914} INFO - Processing file /home/airflow/.local/lib/python3.12/site-packages/airflow/example_dags/tutorial.py for tasks to queue
[2025-04-02T09:07:57.149+0000] {logging_mixin.py:190} INFO - [2025-04-02T09:07:57.149+0000] {dagbag.py:588} INFO - Filling up the DagBag from /home/airflow/.local/lib/python3.12/site-packages/airflow/example_dags/tutorial.py
[2025-04-02T09:07:57.158+0000] {processor.py:925} INFO - DAG(s) 'tutorial' retrieved from /home/airflow/.local/lib/python3.12/site-packages/airflow/example_dags/tutorial.py
[2025-04-02T09:07:57.180+0000] {logging_mixin.py:190} INFO - [2025-04-02T09:07:57.179+0000] {dag.py:3239} INFO - Sync 1 DAGs
[2025-04-02T09:07:57.208+0000] {logging_mixin.py:190} INFO - [2025-04-02T09:07:57.208+0000] {dag.py:4180} INFO - Setting next_dagrun for tutorial to 2025-04-01 00:00:00+00:00, run_after=2025-04-02 00:00:00+00:00
[2025-04-02T09:07:57.234+0000] {processor.py:208} INFO - Processing /home/airflow/.local/lib/python3.12/site-packages/airflow/example_dags/tutorial.py took 0.095 seconds
[2025-04-02T09:08:27.485+0000] {processor.py:186} INFO - Started process (PID=568) to work on /home/airflow/.local/lib/python3.12/site-packages/airflow/example_dags/tutorial.py
[2025-04-02T09:08:27.487+0000] {processor.py:914} INFO - Processing file /home/airflow/.local/lib/python3.12/site-packages/airflow/example_dags/tutorial.py for tasks to queue
[2025-04-02T09:08:27.490+0000] {logging_mixin.py:190} INFO - [2025-04-02T09:08:27.489+0000] {dagbag.py:588} INFO - Filling up the DagBag from /home/airflow/.local/lib/python3.12/site-packages/airflow/example_dags/tutorial.py
[2025-04-02T09:08:27.499+0000] {processor.py:925} INFO - DAG(s) 'tutorial' retrieved from /home/airflow/.local/lib/python3.12/site-packages/airflow/example_dags/tutorial.py
[2025-04-02T09:08:27.525+0000] {logging_mixin.py:190} INFO - [2025-04-02T09:08:27.524+0000] {dag.py:3239} INFO - Sync 1 DAGs
[2025-04-02T09:08:27.562+0000] {logging_mixin.py:190} INFO - [2025-04-02T09:08:27.561+0000] {dag.py:4180} INFO - Setting next_dagrun for tutorial to 2025-04-01 00:00:00+00:00, run_after=2025-04-02 00:00:00+00:00
[2025-04-02T09:08:27.598+0000] {processor.py:208} INFO - Processing /home/airflow/.local/lib/python3.12/site-packages/airflow/example_dags/tutorial.py took 0.119 seconds
[2025-04-02T09:08:57.787+0000] {processor.py:186} INFO - Started process (PID=630) to work on /home/airflow/.local/lib/python3.12/site-packages/airflow/example_dags/tutorial.py
[2025-04-02T09:08:57.788+0000] {processor.py:914} INFO - Processing file /home/airflow/.local/lib/python3.12/site-packages/airflow/example_dags/tutorial.py for tasks to queue
[2025-04-02T09:08:57.791+0000] {logging_mixin.py:190} INFO - [2025-04-02T09:08:57.791+0000] {dagbag.py:588} INFO - Filling up the DagBag from /home/airflow/.local/lib/python3.12/site-packages/airflow/example_dags/tutorial.py
[2025-04-02T09:08:57.800+0000] {processor.py:925} INFO - DAG(s) 'tutorial' retrieved from /home/airflow/.local/lib/python3.12/site-packages/airflow/example_dags/tutorial.py
[2025-04-02T09:08:57.827+0000] {logging_mixin.py:190} INFO - [2025-04-02T09:08:57.827+0000] {dag.py:3239} INFO - Sync 1 DAGs
[2025-04-02T09:08:57.856+0000] {logging_mixin.py:190} INFO - [2025-04-02T09:08:57.856+0000] {dag.py:4180} INFO - Setting next_dagrun for tutorial to 2025-04-01 00:00:00+00:00, run_after=2025-04-02 00:00:00+00:00
[2025-04-02T09:08:57.882+0000] {processor.py:208} INFO - Processing /home/airflow/.local/lib/python3.12/site-packages/airflow/example_dags/tutorial.py took 0.101 seconds
[2025-04-02T09:09:28.115+0000] {processor.py:186} INFO - Started process (PID=693) to work on /home/airflow/.local/lib/python3.12/site-packages/airflow/example_dags/tutorial.py
[2025-04-02T09:09:28.116+0000] {processor.py:914} INFO - Processing file /home/airflow/.local/lib/python3.12/site-packages/airflow/example_dags/tutorial.py for tasks to queue
[2025-04-02T09:09:28.120+0000] {logging_mixin.py:190} INFO - [2025-04-02T09:09:28.119+0000] {dagbag.py:588} INFO - Filling up the DagBag from /home/airflow/.local/lib/python3.12/site-packages/airflow/example_dags/tutorial.py
[2025-04-02T09:09:28.128+0000] {processor.py:925} INFO - DAG(s) 'tutorial' retrieved from /home/airflow/.local/lib/python3.12/site-packages/airflow/example_dags/tutorial.py
[2025-04-02T09:09:28.153+0000] {logging_mixin.py:190} INFO - [2025-04-02T09:09:28.153+0000] {dag.py:3239} INFO - Sync 1 DAGs
[2025-04-02T09:09:28.180+0000] {logging_mixin.py:190} INFO - [2025-04-02T09:09:28.179+0000] {dag.py:4180} INFO - Setting next_dagrun for tutorial to 2025-04-01 00:00:00+00:00, run_after=2025-04-02 00:00:00+00:00
[2025-04-02T09:09:28.203+0000] {processor.py:208} INFO - Processing /home/airflow/.local/lib/python3.12/site-packages/airflow/example_dags/tutorial.py took 0.094 seconds
[2025-04-02T09:09:58.900+0000] {processor.py:186} INFO - Started process (PID=756) to work on /home/airflow/.local/lib/python3.12/site-packages/airflow/example_dags/tutorial.py
[2025-04-02T09:09:58.901+0000] {processor.py:914} INFO - Processing file /home/airflow/.local/lib/python3.12/site-packages/airflow/example_dags/tutorial.py for tasks to queue
[2025-04-02T09:09:58.904+0000] {logging_mixin.py:190} INFO - [2025-04-02T09:09:58.904+0000] {dagbag.py:588} INFO - Filling up the DagBag from /home/airflow/.local/lib/python3.12/site-packages/airflow/example_dags/tutorial.py
[2025-04-02T09:09:58.913+0000] {processor.py:925} INFO - DAG(s) 'tutorial' retrieved from /home/airflow/.local/lib/python3.12/site-packages/airflow/example_dags/tutorial.py
[2025-04-02T09:09:58.937+0000] {logging_mixin.py:190} INFO - [2025-04-02T09:09:58.937+0000] {dag.py:3239} INFO - Sync 1 DAGs
[2025-04-02T09:09:58.967+0000] {logging_mixin.py:190} INFO - [2025-04-02T09:09:58.967+0000] {dag.py:4180} INFO - Setting next_dagrun for tutorial to 2025-04-01 00:00:00+00:00, run_after=2025-04-02 00:00:00+00:00
[2025-04-02T09:09:58.996+0000] {processor.py:208} INFO - Processing /home/airflow/.local/lib/python3.12/site-packages/airflow/example_dags/tutorial.py took 0.102 seconds
[2025-04-02T09:10:29.330+0000] {processor.py:186} INFO - Started process (PID=820) to work on /home/airflow/.local/lib/python3.12/site-packages/airflow/example_dags/tutorial.py
[2025-04-02T09:10:29.332+0000] {processor.py:914} INFO - Processing file /home/airflow/.local/lib/python3.12/site-packages/airflow/example_dags/tutorial.py for tasks to queue
[2025-04-02T09:10:29.336+0000] {logging_mixin.py:190} INFO - [2025-04-02T09:10:29.336+0000] {dagbag.py:588} INFO - Filling up the DagBag from /home/airflow/.local/lib/python3.12/site-packages/airflow/example_dags/tutorial.py
[2025-04-02T09:10:29.347+0000] {processor.py:925} INFO - DAG(s) 'tutorial' retrieved from /home/airflow/.local/lib/python3.12/site-packages/airflow/example_dags/tutorial.py
[2025-04-02T09:10:29.373+0000] {logging_mixin.py:190} INFO - [2025-04-02T09:10:29.373+0000] {dag.py:3239} INFO - Sync 1 DAGs
[2025-04-02T09:10:29.406+0000] {logging_mixin.py:190} INFO - [2025-04-02T09:10:29.406+0000] {dag.py:4180} INFO - Setting next_dagrun for tutorial to 2025-04-01 00:00:00+00:00, run_after=2025-04-02 00:00:00+00:00
[2025-04-02T09:10:29.434+0000] {processor.py:208} INFO - Processing /home/airflow/.local/lib/python3.12/site-packages/airflow/example_dags/tutorial.py took 0.111 seconds
[2025-04-02T09:10:59.821+0000] {processor.py:186} INFO - Started process (PID=883) to work on /home/airflow/.local/lib/python3.12/site-packages/airflow/example_dags/tutorial.py
[2025-04-02T09:10:59.822+0000] {processor.py:914} INFO - Processing file /home/airflow/.local/lib/python3.12/site-packages/airflow/example_dags/tutorial.py for tasks to queue
[2025-04-02T09:10:59.825+0000] {logging_mixin.py:190} INFO - [2025-04-02T09:10:59.825+0000] {dagbag.py:588} INFO - Filling up the DagBag from /home/airflow/.local/lib/python3.12/site-packages/airflow/example_dags/tutorial.py
[2025-04-02T09:10:59.834+0000] {processor.py:925} INFO - DAG(s) 'tutorial' retrieved from /home/airflow/.local/lib/python3.12/site-packages/airflow/example_dags/tutorial.py
[2025-04-02T09:10:59.857+0000] {logging_mixin.py:190} INFO - [2025-04-02T09:10:59.857+0000] {dag.py:3239} INFO - Sync 1 DAGs
[2025-04-02T09:10:59.883+0000] {logging_mixin.py:190} INFO - [2025-04-02T09:10:59.883+0000] {dag.py:4180} INFO - Setting next_dagrun for tutorial to 2025-04-01 00:00:00+00:00, run_after=2025-04-02 00:00:00+00:00
[2025-04-02T09:10:59.907+0000] {processor.py:208} INFO - Processing /home/airflow/.local/lib/python3.12/site-packages/airflow/example_dags/tutorial.py took 0.092 seconds
[2025-04-02T09:12:38.855+0000] {processor.py:186} INFO - Started process (PID=62) to work on /home/airflow/.local/lib/python3.12/site-packages/airflow/example_dags/tutorial.py
[2025-04-02T09:12:38.857+0000] {processor.py:914} INFO - Processing file /home/airflow/.local/lib/python3.12/site-packages/airflow/example_dags/tutorial.py for tasks to queue
[2025-04-02T09:12:38.863+0000] {logging_mixin.py:190} INFO - [2025-04-02T09:12:38.862+0000] {dagbag.py:588} INFO - Filling up the DagBag from /home/airflow/.local/lib/python3.12/site-packages/airflow/example_dags/tutorial.py
[2025-04-02T09:12:38.903+0000] {processor.py:925} INFO - DAG(s) 'tutorial' retrieved from /home/airflow/.local/lib/python3.12/site-packages/airflow/example_dags/tutorial.py
[2025-04-02T09:12:39.035+0000] {logging_mixin.py:190} INFO - [2025-04-02T09:12:39.035+0000] {dag.py:3239} INFO - Sync 1 DAGs
[2025-04-02T09:12:39.083+0000] {logging_mixin.py:190} INFO - [2025-04-02T09:12:39.082+0000] {dag.py:4180} INFO - Setting next_dagrun for tutorial to 2025-04-01 00:00:00+00:00, run_after=2025-04-02 00:00:00+00:00
[2025-04-02T09:12:39.128+0000] {processor.py:208} INFO - Processing /home/airflow/.local/lib/python3.12/site-packages/airflow/example_dags/tutorial.py took 0.309 seconds
[2025-04-02T09:13:09.311+0000] {processor.py:186} INFO - Started process (PID=125) to work on /home/airflow/.local/lib/python3.12/site-packages/airflow/example_dags/tutorial.py
[2025-04-02T09:13:09.312+0000] {processor.py:914} INFO - Processing file /home/airflow/.local/lib/python3.12/site-packages/airflow/example_dags/tutorial.py for tasks to queue
[2025-04-02T09:13:09.320+0000] {logging_mixin.py:190} INFO - [2025-04-02T09:13:09.320+0000] {dagbag.py:588} INFO - Filling up the DagBag from /home/airflow/.local/lib/python3.12/site-packages/airflow/example_dags/tutorial.py
[2025-04-02T09:13:09.331+0000] {processor.py:925} INFO - DAG(s) 'tutorial' retrieved from /home/airflow/.local/lib/python3.12/site-packages/airflow/example_dags/tutorial.py
[2025-04-02T09:13:09.361+0000] {logging_mixin.py:190} INFO - [2025-04-02T09:13:09.361+0000] {dag.py:3239} INFO - Sync 1 DAGs
[2025-04-02T09:13:09.404+0000] {logging_mixin.py:190} INFO - [2025-04-02T09:13:09.404+0000] {dag.py:4180} INFO - Setting next_dagrun for tutorial to 2025-04-01 00:00:00+00:00, run_after=2025-04-02 00:00:00+00:00
[2025-04-02T09:13:09.445+0000] {processor.py:208} INFO - Processing /home/airflow/.local/lib/python3.12/site-packages/airflow/example_dags/tutorial.py took 0.143 seconds
[2025-04-02T09:13:39.760+0000] {processor.py:186} INFO - Started process (PID=195) to work on /home/airflow/.local/lib/python3.12/site-packages/airflow/example_dags/tutorial.py
[2025-04-02T09:13:39.762+0000] {processor.py:914} INFO - Processing file /home/airflow/.local/lib/python3.12/site-packages/airflow/example_dags/tutorial.py for tasks to queue
[2025-04-02T09:13:39.765+0000] {logging_mixin.py:190} INFO - [2025-04-02T09:13:39.765+0000] {dagbag.py:588} INFO - Filling up the DagBag from /home/airflow/.local/lib/python3.12/site-packages/airflow/example_dags/tutorial.py
[2025-04-02T09:13:39.774+0000] {processor.py:925} INFO - DAG(s) 'tutorial' retrieved from /home/airflow/.local/lib/python3.12/site-packages/airflow/example_dags/tutorial.py
[2025-04-02T09:13:39.798+0000] {logging_mixin.py:190} INFO - [2025-04-02T09:13:39.797+0000] {dag.py:3239} INFO - Sync 1 DAGs
[2025-04-02T09:13:39.823+0000] {logging_mixin.py:190} INFO - [2025-04-02T09:13:39.823+0000] {dag.py:4180} INFO - Setting next_dagrun for tutorial to 2025-04-01 00:00:00+00:00, run_after=2025-04-02 00:00:00+00:00
[2025-04-02T09:13:39.851+0000] {processor.py:208} INFO - Processing /home/airflow/.local/lib/python3.12/site-packages/airflow/example_dags/tutorial.py took 0.096 seconds
[2025-04-02T09:14:10.108+0000] {processor.py:186} INFO - Started process (PID=252) to work on /home/airflow/.local/lib/python3.12/site-packages/airflow/example_dags/tutorial.py
[2025-04-02T09:14:10.110+0000] {processor.py:914} INFO - Processing file /home/airflow/.local/lib/python3.12/site-packages/airflow/example_dags/tutorial.py for tasks to queue
[2025-04-02T09:14:10.113+0000] {logging_mixin.py:190} INFO - [2025-04-02T09:14:10.112+0000] {dagbag.py:588} INFO - Filling up the DagBag from /home/airflow/.local/lib/python3.12/site-packages/airflow/example_dags/tutorial.py
[2025-04-02T09:14:10.123+0000] {processor.py:925} INFO - DAG(s) 'tutorial' retrieved from /home/airflow/.local/lib/python3.12/site-packages/airflow/example_dags/tutorial.py
[2025-04-02T09:14:10.155+0000] {logging_mixin.py:190} INFO - [2025-04-02T09:14:10.155+0000] {dag.py:3239} INFO - Sync 1 DAGs
[2025-04-02T09:14:10.190+0000] {logging_mixin.py:190} INFO - [2025-04-02T09:14:10.190+0000] {dag.py:4180} INFO - Setting next_dagrun for tutorial to 2025-04-01 00:00:00+00:00, run_after=2025-04-02 00:00:00+00:00
[2025-04-02T09:14:10.219+0000] {processor.py:208} INFO - Processing /home/airflow/.local/lib/python3.12/site-packages/airflow/example_dags/tutorial.py took 0.117 seconds
[2025-04-02T09:14:40.830+0000] {processor.py:186} INFO - Started process (PID=314) to work on /home/airflow/.local/lib/python3.12/site-packages/airflow/example_dags/tutorial.py
[2025-04-02T09:14:40.832+0000] {processor.py:914} INFO - Processing file /home/airflow/.local/lib/python3.12/site-packages/airflow/example_dags/tutorial.py for tasks to queue
[2025-04-02T09:14:40.835+0000] {logging_mixin.py:190} INFO - [2025-04-02T09:14:40.834+0000] {dagbag.py:588} INFO - Filling up the DagBag from /home/airflow/.local/lib/python3.12/site-packages/airflow/example_dags/tutorial.py
[2025-04-02T09:14:40.844+0000] {processor.py:925} INFO - DAG(s) 'tutorial' retrieved from /home/airflow/.local/lib/python3.12/site-packages/airflow/example_dags/tutorial.py
[2025-04-02T09:14:40.867+0000] {logging_mixin.py:190} INFO - [2025-04-02T09:14:40.866+0000] {dag.py:3239} INFO - Sync 1 DAGs
[2025-04-02T09:14:40.892+0000] {logging_mixin.py:190} INFO - [2025-04-02T09:14:40.892+0000] {dag.py:4180} INFO - Setting next_dagrun for tutorial to 2025-04-01 00:00:00+00:00, run_after=2025-04-02 00:00:00+00:00
[2025-04-02T09:14:40.915+0000] {processor.py:208} INFO - Processing /home/airflow/.local/lib/python3.12/site-packages/airflow/example_dags/tutorial.py took 0.091 seconds
[2025-04-02T09:15:11.440+0000] {processor.py:186} INFO - Started process (PID=383) to work on /home/airflow/.local/lib/python3.12/site-packages/airflow/example_dags/tutorial.py
[2025-04-02T09:15:11.441+0000] {processor.py:914} INFO - Processing file /home/airflow/.local/lib/python3.12/site-packages/airflow/example_dags/tutorial.py for tasks to queue
[2025-04-02T09:15:11.443+0000] {logging_mixin.py:190} INFO - [2025-04-02T09:15:11.443+0000] {dagbag.py:588} INFO - Filling up the DagBag from /home/airflow/.local/lib/python3.12/site-packages/airflow/example_dags/tutorial.py
[2025-04-02T09:15:11.452+0000] {processor.py:925} INFO - DAG(s) 'tutorial' retrieved from /home/airflow/.local/lib/python3.12/site-packages/airflow/example_dags/tutorial.py
[2025-04-02T09:15:11.475+0000] {logging_mixin.py:190} INFO - [2025-04-02T09:15:11.474+0000] {dag.py:3239} INFO - Sync 1 DAGs
[2025-04-02T09:15:11.500+0000] {logging_mixin.py:190} INFO - [2025-04-02T09:15:11.500+0000] {dag.py:4180} INFO - Setting next_dagrun for tutorial to 2025-04-01 00:00:00+00:00, run_after=2025-04-02 00:00:00+00:00
[2025-04-02T09:15:11.522+0000] {processor.py:208} INFO - Processing /home/airflow/.local/lib/python3.12/site-packages/airflow/example_dags/tutorial.py took 0.089 seconds
[2025-04-02T09:15:42.301+0000] {processor.py:186} INFO - Started process (PID=446) to work on /home/airflow/.local/lib/python3.12/site-packages/airflow/example_dags/tutorial.py
[2025-04-02T09:15:42.303+0000] {processor.py:914} INFO - Processing file /home/airflow/.local/lib/python3.12/site-packages/airflow/example_dags/tutorial.py for tasks to queue
[2025-04-02T09:15:42.306+0000] {logging_mixin.py:190} INFO - [2025-04-02T09:15:42.305+0000] {dagbag.py:588} INFO - Filling up the DagBag from /home/airflow/.local/lib/python3.12/site-packages/airflow/example_dags/tutorial.py
[2025-04-02T09:15:42.322+0000] {processor.py:925} INFO - DAG(s) 'tutorial' retrieved from /home/airflow/.local/lib/python3.12/site-packages/airflow/example_dags/tutorial.py
[2025-04-02T09:15:42.356+0000] {logging_mixin.py:190} INFO - [2025-04-02T09:15:42.355+0000] {dag.py:3239} INFO - Sync 1 DAGs
[2025-04-02T09:15:42.391+0000] {logging_mixin.py:190} INFO - [2025-04-02T09:15:42.391+0000] {dag.py:4180} INFO - Setting next_dagrun for tutorial to 2025-04-01 00:00:00+00:00, run_after=2025-04-02 00:00:00+00:00
[2025-04-02T09:15:42.420+0000] {processor.py:208} INFO - Processing /home/airflow/.local/lib/python3.12/site-packages/airflow/example_dags/tutorial.py took 0.129 seconds
[2025-04-02T09:16:13.021+0000] {processor.py:186} INFO - Started process (PID=509) to work on /home/airflow/.local/lib/python3.12/site-packages/airflow/example_dags/tutorial.py
[2025-04-02T09:16:13.023+0000] {processor.py:914} INFO - Processing file /home/airflow/.local/lib/python3.12/site-packages/airflow/example_dags/tutorial.py for tasks to queue
[2025-04-02T09:16:13.025+0000] {logging_mixin.py:190} INFO - [2025-04-02T09:16:13.025+0000] {dagbag.py:588} INFO - Filling up the DagBag from /home/airflow/.local/lib/python3.12/site-packages/airflow/example_dags/tutorial.py
[2025-04-02T09:16:13.034+0000] {processor.py:925} INFO - DAG(s) 'tutorial' retrieved from /home/airflow/.local/lib/python3.12/site-packages/airflow/example_dags/tutorial.py
[2025-04-02T09:16:13.065+0000] {logging_mixin.py:190} INFO - [2025-04-02T09:16:13.064+0000] {dag.py:3239} INFO - Sync 1 DAGs
[2025-04-02T09:16:13.099+0000] {logging_mixin.py:190} INFO - [2025-04-02T09:16:13.098+0000] {dag.py:4180} INFO - Setting next_dagrun for tutorial to 2025-04-01 00:00:00+00:00, run_after=2025-04-02 00:00:00+00:00
[2025-04-02T09:16:13.125+0000] {processor.py:208} INFO - Processing /home/airflow/.local/lib/python3.12/site-packages/airflow/example_dags/tutorial.py took 0.113 seconds
[2025-04-02T09:16:43.958+0000] {processor.py:186} INFO - Started process (PID=572) to work on /home/airflow/.local/lib/python3.12/site-packages/airflow/example_dags/tutorial.py
[2025-04-02T09:16:43.960+0000] {processor.py:914} INFO - Processing file /home/airflow/.local/lib/python3.12/site-packages/airflow/example_dags/tutorial.py for tasks to queue
[2025-04-02T09:16:43.962+0000] {logging_mixin.py:190} INFO - [2025-04-02T09:16:43.962+0000] {dagbag.py:588} INFO - Filling up the DagBag from /home/airflow/.local/lib/python3.12/site-packages/airflow/example_dags/tutorial.py
[2025-04-02T09:16:43.971+0000] {processor.py:925} INFO - DAG(s) 'tutorial' retrieved from /home/airflow/.local/lib/python3.12/site-packages/airflow/example_dags/tutorial.py
[2025-04-02T09:16:44.000+0000] {logging_mixin.py:190} INFO - [2025-04-02T09:16:43.999+0000] {dag.py:3239} INFO - Sync 1 DAGs
[2025-04-02T09:16:44.032+0000] {logging_mixin.py:190} INFO - [2025-04-02T09:16:44.032+0000] {dag.py:4180} INFO - Setting next_dagrun for tutorial to 2025-04-01 00:00:00+00:00, run_after=2025-04-02 00:00:00+00:00
[2025-04-02T09:16:44.056+0000] {processor.py:208} INFO - Processing /home/airflow/.local/lib/python3.12/site-packages/airflow/example_dags/tutorial.py took 0.104 seconds
[2025-04-02T09:17:14.633+0000] {processor.py:186} INFO - Started process (PID=635) to work on /home/airflow/.local/lib/python3.12/site-packages/airflow/example_dags/tutorial.py
[2025-04-02T09:17:14.635+0000] {processor.py:914} INFO - Processing file /home/airflow/.local/lib/python3.12/site-packages/airflow/example_dags/tutorial.py for tasks to queue
[2025-04-02T09:17:14.642+0000] {logging_mixin.py:190} INFO - [2025-04-02T09:17:14.641+0000] {dagbag.py:588} INFO - Filling up the DagBag from /home/airflow/.local/lib/python3.12/site-packages/airflow/example_dags/tutorial.py
[2025-04-02T09:17:14.662+0000] {processor.py:925} INFO - DAG(s) 'tutorial' retrieved from /home/airflow/.local/lib/python3.12/site-packages/airflow/example_dags/tutorial.py
[2025-04-02T09:17:14.711+0000] {logging_mixin.py:190} INFO - [2025-04-02T09:17:14.710+0000] {dag.py:3239} INFO - Sync 1 DAGs
[2025-04-02T09:17:14.759+0000] {logging_mixin.py:190} INFO - [2025-04-02T09:17:14.758+0000] {dag.py:4180} INFO - Setting next_dagrun for tutorial to 2025-04-01 00:00:00+00:00, run_after=2025-04-02 00:00:00+00:00
[2025-04-02T09:17:14.811+0000] {processor.py:208} INFO - Processing /home/airflow/.local/lib/python3.12/site-packages/airflow/example_dags/tutorial.py took 0.193 seconds
[2025-04-02T09:17:45.656+0000] {processor.py:186} INFO - Started process (PID=697) to work on /home/airflow/.local/lib/python3.12/site-packages/airflow/example_dags/tutorial.py
[2025-04-02T09:17:45.658+0000] {processor.py:914} INFO - Processing file /home/airflow/.local/lib/python3.12/site-packages/airflow/example_dags/tutorial.py for tasks to queue
[2025-04-02T09:17:45.662+0000] {logging_mixin.py:190} INFO - [2025-04-02T09:17:45.661+0000] {dagbag.py:588} INFO - Filling up the DagBag from /home/airflow/.local/lib/python3.12/site-packages/airflow/example_dags/tutorial.py
[2025-04-02T09:17:45.670+0000] {processor.py:925} INFO - DAG(s) 'tutorial' retrieved from /home/airflow/.local/lib/python3.12/site-packages/airflow/example_dags/tutorial.py
[2025-04-02T09:17:45.697+0000] {logging_mixin.py:190} INFO - [2025-04-02T09:17:45.696+0000] {dag.py:3239} INFO - Sync 1 DAGs
[2025-04-02T09:17:45.723+0000] {logging_mixin.py:190} INFO - [2025-04-02T09:17:45.723+0000] {dag.py:4180} INFO - Setting next_dagrun for tutorial to 2025-04-01 00:00:00+00:00, run_after=2025-04-02 00:00:00+00:00
[2025-04-02T09:17:45.744+0000] {processor.py:208} INFO - Processing /home/airflow/.local/lib/python3.12/site-packages/airflow/example_dags/tutorial.py took 0.094 seconds
[2025-04-02T09:18:16.877+0000] {processor.py:186} INFO - Started process (PID=760) to work on /home/airflow/.local/lib/python3.12/site-packages/airflow/example_dags/tutorial.py
[2025-04-02T09:18:16.895+0000] {processor.py:914} INFO - Processing file /home/airflow/.local/lib/python3.12/site-packages/airflow/example_dags/tutorial.py for tasks to queue
[2025-04-02T09:18:16.913+0000] {logging_mixin.py:190} INFO - [2025-04-02T09:18:16.911+0000] {dagbag.py:588} INFO - Filling up the DagBag from /home/airflow/.local/lib/python3.12/site-packages/airflow/example_dags/tutorial.py
[2025-04-02T09:18:16.971+0000] {processor.py:925} INFO - DAG(s) 'tutorial' retrieved from /home/airflow/.local/lib/python3.12/site-packages/airflow/example_dags/tutorial.py
[2025-04-02T09:18:17.190+0000] {logging_mixin.py:190} INFO - [2025-04-02T09:18:17.189+0000] {dag.py:3239} INFO - Sync 1 DAGs
[2025-04-02T09:18:17.522+0000] {logging_mixin.py:190} INFO - [2025-04-02T09:18:17.521+0000] {dag.py:4180} INFO - Setting next_dagrun for tutorial to 2025-04-01 00:00:00+00:00, run_after=2025-04-02 00:00:00+00:00
[2025-04-02T09:18:17.634+0000] {processor.py:208} INFO - Processing /home/airflow/.local/lib/python3.12/site-packages/airflow/example_dags/tutorial.py took 0.796 seconds
[2025-04-02T09:26:34.796+0000] {processor.py:186} INFO - Started process (PID=770) to work on /home/airflow/.local/lib/python3.12/site-packages/airflow/example_dags/tutorial.py
[2025-04-02T09:26:34.875+0000] {processor.py:914} INFO - Processing file /home/airflow/.local/lib/python3.12/site-packages/airflow/example_dags/tutorial.py for tasks to queue
[2025-04-02T09:26:34.970+0000] {logging_mixin.py:190} INFO - [2025-04-02T09:26:34.969+0000] {dagbag.py:588} INFO - Filling up the DagBag from /home/airflow/.local/lib/python3.12/site-packages/airflow/example_dags/tutorial.py
[2025-04-02T09:26:35.094+0000] {processor.py:925} INFO - DAG(s) 'tutorial' retrieved from /home/airflow/.local/lib/python3.12/site-packages/airflow/example_dags/tutorial.py
[2025-04-02T09:26:35.224+0000] {logging_mixin.py:190} INFO - [2025-04-02T09:26:35.213+0000] {dag.py:3239} INFO - Sync 1 DAGs
[2025-04-02T09:26:35.330+0000] {logging_mixin.py:190} INFO - [2025-04-02T09:26:35.329+0000] {dag.py:4180} INFO - Setting next_dagrun for tutorial to 2025-04-01 00:00:00+00:00, run_after=2025-04-02 00:00:00+00:00
[2025-04-02T09:26:35.417+0000] {processor.py:208} INFO - Processing /home/airflow/.local/lib/python3.12/site-packages/airflow/example_dags/tutorial.py took 0.770 seconds
[2025-04-02T09:58:29.959+0000] {processor.py:186} INFO - Started process (PID=827) to work on /home/airflow/.local/lib/python3.12/site-packages/airflow/example_dags/tutorial.py
[2025-04-02T09:58:29.960+0000] {processor.py:914} INFO - Processing file /home/airflow/.local/lib/python3.12/site-packages/airflow/example_dags/tutorial.py for tasks to queue
[2025-04-02T09:58:29.962+0000] {logging_mixin.py:190} INFO - [2025-04-02T09:58:29.961+0000] {dagbag.py:588} INFO - Filling up the DagBag from /home/airflow/.local/lib/python3.12/site-packages/airflow/example_dags/tutorial.py
[2025-04-02T09:58:29.973+0000] {processor.py:925} INFO - DAG(s) 'tutorial' retrieved from /home/airflow/.local/lib/python3.12/site-packages/airflow/example_dags/tutorial.py
[2025-04-02T09:58:30.000+0000] {logging_mixin.py:190} INFO - [2025-04-02T09:58:30.000+0000] {dag.py:3239} INFO - Sync 1 DAGs
[2025-04-02T09:58:30.031+0000] {logging_mixin.py:190} INFO - [2025-04-02T09:58:30.031+0000] {dag.py:4180} INFO - Setting next_dagrun for tutorial to 2025-04-01 00:00:00+00:00, run_after=2025-04-02 00:00:00+00:00
[2025-04-02T09:58:30.061+0000] {processor.py:208} INFO - Processing /home/airflow/.local/lib/python3.12/site-packages/airflow/example_dags/tutorial.py took 0.111 seconds
[2025-04-02T09:59:01.699+0000] {processor.py:186} INFO - Started process (PID=888) to work on /home/airflow/.local/lib/python3.12/site-packages/airflow/example_dags/tutorial.py
[2025-04-02T09:59:01.701+0000] {processor.py:914} INFO - Processing file /home/airflow/.local/lib/python3.12/site-packages/airflow/example_dags/tutorial.py for tasks to queue
[2025-04-02T09:59:01.703+0000] {logging_mixin.py:190} INFO - [2025-04-02T09:59:01.703+0000] {dagbag.py:588} INFO - Filling up the DagBag from /home/airflow/.local/lib/python3.12/site-packages/airflow/example_dags/tutorial.py
[2025-04-02T09:59:01.717+0000] {processor.py:925} INFO - DAG(s) 'tutorial' retrieved from /home/airflow/.local/lib/python3.12/site-packages/airflow/example_dags/tutorial.py
[2025-04-02T09:59:01.750+0000] {logging_mixin.py:190} INFO - [2025-04-02T09:59:01.749+0000] {dag.py:3239} INFO - Sync 1 DAGs
[2025-04-02T09:59:01.789+0000] {logging_mixin.py:190} INFO - [2025-04-02T09:59:01.789+0000] {dag.py:4180} INFO - Setting next_dagrun for tutorial to 2025-04-01 00:00:00+00:00, run_after=2025-04-02 00:00:00+00:00
[2025-04-02T09:59:01.821+0000] {processor.py:208} INFO - Processing /home/airflow/.local/lib/python3.12/site-packages/airflow/example_dags/tutorial.py took 0.134 seconds
[2025-04-02T09:59:32.553+0000] {processor.py:186} INFO - Started process (PID=950) to work on /home/airflow/.local/lib/python3.12/site-packages/airflow/example_dags/tutorial.py
[2025-04-02T09:59:32.555+0000] {processor.py:914} INFO - Processing file /home/airflow/.local/lib/python3.12/site-packages/airflow/example_dags/tutorial.py for tasks to queue
[2025-04-02T09:59:32.557+0000] {logging_mixin.py:190} INFO - [2025-04-02T09:59:32.557+0000] {dagbag.py:588} INFO - Filling up the DagBag from /home/airflow/.local/lib/python3.12/site-packages/airflow/example_dags/tutorial.py
[2025-04-02T09:59:32.572+0000] {processor.py:925} INFO - DAG(s) 'tutorial' retrieved from /home/airflow/.local/lib/python3.12/site-packages/airflow/example_dags/tutorial.py
[2025-04-02T09:59:32.604+0000] {logging_mixin.py:190} INFO - [2025-04-02T09:59:32.604+0000] {dag.py:3239} INFO - Sync 1 DAGs
[2025-04-02T09:59:32.645+0000] {logging_mixin.py:190} INFO - [2025-04-02T09:59:32.644+0000] {dag.py:4180} INFO - Setting next_dagrun for tutorial to 2025-04-01 00:00:00+00:00, run_after=2025-04-02 00:00:00+00:00
[2025-04-02T09:59:32.679+0000] {processor.py:208} INFO - Processing /home/airflow/.local/lib/python3.12/site-packages/airflow/example_dags/tutorial.py took 0.133 seconds
[2025-04-02T10:00:03.690+0000] {processor.py:186} INFO - Started process (PID=1012) to work on /home/airflow/.local/lib/python3.12/site-packages/airflow/example_dags/tutorial.py
[2025-04-02T10:00:03.692+0000] {processor.py:914} INFO - Processing file /home/airflow/.local/lib/python3.12/site-packages/airflow/example_dags/tutorial.py for tasks to queue
[2025-04-02T10:00:03.695+0000] {logging_mixin.py:190} INFO - [2025-04-02T10:00:03.694+0000] {dagbag.py:588} INFO - Filling up the DagBag from /home/airflow/.local/lib/python3.12/site-packages/airflow/example_dags/tutorial.py
[2025-04-02T10:00:03.710+0000] {processor.py:925} INFO - DAG(s) 'tutorial' retrieved from /home/airflow/.local/lib/python3.12/site-packages/airflow/example_dags/tutorial.py
[2025-04-02T10:00:03.751+0000] {logging_mixin.py:190} INFO - [2025-04-02T10:00:03.750+0000] {dag.py:3239} INFO - Sync 1 DAGs
[2025-04-02T10:00:03.803+0000] {logging_mixin.py:190} INFO - [2025-04-02T10:00:03.803+0000] {dag.py:4180} INFO - Setting next_dagrun for tutorial to 2025-04-01 00:00:00+00:00, run_after=2025-04-02 00:00:00+00:00
[2025-04-02T10:00:03.849+0000] {processor.py:208} INFO - Processing /home/airflow/.local/lib/python3.12/site-packages/airflow/example_dags/tutorial.py took 0.167 seconds
[2025-04-02T10:00:34.115+0000] {processor.py:186} INFO - Started process (PID=1071) to work on /home/airflow/.local/lib/python3.12/site-packages/airflow/example_dags/tutorial.py
[2025-04-02T10:00:34.116+0000] {processor.py:914} INFO - Processing file /home/airflow/.local/lib/python3.12/site-packages/airflow/example_dags/tutorial.py for tasks to queue
[2025-04-02T10:00:34.118+0000] {logging_mixin.py:190} INFO - [2025-04-02T10:00:34.118+0000] {dagbag.py:588} INFO - Filling up the DagBag from /home/airflow/.local/lib/python3.12/site-packages/airflow/example_dags/tutorial.py
[2025-04-02T10:00:34.132+0000] {processor.py:925} INFO - DAG(s) 'tutorial' retrieved from /home/airflow/.local/lib/python3.12/site-packages/airflow/example_dags/tutorial.py
[2025-04-02T10:00:34.170+0000] {logging_mixin.py:190} INFO - [2025-04-02T10:00:34.169+0000] {dag.py:3239} INFO - Sync 1 DAGs
[2025-04-02T10:00:34.235+0000] {logging_mixin.py:190} INFO - [2025-04-02T10:00:34.234+0000] {dag.py:4180} INFO - Setting next_dagrun for tutorial to 2025-04-01 00:00:00+00:00, run_after=2025-04-02 00:00:00+00:00
[2025-04-02T10:00:34.285+0000] {processor.py:208} INFO - Processing /home/airflow/.local/lib/python3.12/site-packages/airflow/example_dags/tutorial.py took 0.177 seconds
[2025-04-02T10:01:04.405+0000] {processor.py:186} INFO - Started process (PID=1133) to work on /home/airflow/.local/lib/python3.12/site-packages/airflow/example_dags/tutorial.py
[2025-04-02T10:01:04.406+0000] {processor.py:914} INFO - Processing file /home/airflow/.local/lib/python3.12/site-packages/airflow/example_dags/tutorial.py for tasks to queue
[2025-04-02T10:01:04.409+0000] {logging_mixin.py:190} INFO - [2025-04-02T10:01:04.408+0000] {dagbag.py:588} INFO - Filling up the DagBag from /home/airflow/.local/lib/python3.12/site-packages/airflow/example_dags/tutorial.py
[2025-04-02T10:01:04.423+0000] {processor.py:925} INFO - DAG(s) 'tutorial' retrieved from /home/airflow/.local/lib/python3.12/site-packages/airflow/example_dags/tutorial.py
[2025-04-02T10:01:04.449+0000] {logging_mixin.py:190} INFO - [2025-04-02T10:01:04.449+0000] {dag.py:3239} INFO - Sync 1 DAGs
[2025-04-02T10:01:04.485+0000] {logging_mixin.py:190} INFO - [2025-04-02T10:01:04.484+0000] {dag.py:4180} INFO - Setting next_dagrun for tutorial to 2025-04-01 00:00:00+00:00, run_after=2025-04-02 00:00:00+00:00
[2025-04-02T10:01:04.517+0000] {processor.py:208} INFO - Processing /home/airflow/.local/lib/python3.12/site-packages/airflow/example_dags/tutorial.py took 0.120 seconds
[2025-04-02T10:01:34.954+0000] {processor.py:186} INFO - Started process (PID=1193) to work on /home/airflow/.local/lib/python3.12/site-packages/airflow/example_dags/tutorial.py
[2025-04-02T10:01:34.955+0000] {processor.py:914} INFO - Processing file /home/airflow/.local/lib/python3.12/site-packages/airflow/example_dags/tutorial.py for tasks to queue
[2025-04-02T10:01:34.958+0000] {logging_mixin.py:190} INFO - [2025-04-02T10:01:34.957+0000] {dagbag.py:588} INFO - Filling up the DagBag from /home/airflow/.local/lib/python3.12/site-packages/airflow/example_dags/tutorial.py
[2025-04-02T10:01:34.972+0000] {processor.py:925} INFO - DAG(s) 'tutorial' retrieved from /home/airflow/.local/lib/python3.12/site-packages/airflow/example_dags/tutorial.py
[2025-04-02T10:01:35.003+0000] {logging_mixin.py:190} INFO - [2025-04-02T10:01:35.002+0000] {dag.py:3239} INFO - Sync 1 DAGs
[2025-04-02T10:01:35.036+0000] {logging_mixin.py:190} INFO - [2025-04-02T10:01:35.036+0000] {dag.py:4180} INFO - Setting next_dagrun for tutorial to 2025-04-01 00:00:00+00:00, run_after=2025-04-02 00:00:00+00:00
[2025-04-02T10:01:35.064+0000] {processor.py:208} INFO - Processing /home/airflow/.local/lib/python3.12/site-packages/airflow/example_dags/tutorial.py took 0.120 seconds
[2025-04-02T10:02:05.550+0000] {processor.py:186} INFO - Started process (PID=1256) to work on /home/airflow/.local/lib/python3.12/site-packages/airflow/example_dags/tutorial.py
[2025-04-02T10:02:05.553+0000] {processor.py:914} INFO - Processing file /home/airflow/.local/lib/python3.12/site-packages/airflow/example_dags/tutorial.py for tasks to queue
[2025-04-02T10:02:05.555+0000] {logging_mixin.py:190} INFO - [2025-04-02T10:02:05.554+0000] {dagbag.py:588} INFO - Filling up the DagBag from /home/airflow/.local/lib/python3.12/site-packages/airflow/example_dags/tutorial.py
[2025-04-02T10:02:05.571+0000] {processor.py:925} INFO - DAG(s) 'tutorial' retrieved from /home/airflow/.local/lib/python3.12/site-packages/airflow/example_dags/tutorial.py
[2025-04-02T10:02:05.601+0000] {logging_mixin.py:190} INFO - [2025-04-02T10:02:05.601+0000] {dag.py:3239} INFO - Sync 1 DAGs
[2025-04-02T10:02:05.632+0000] {logging_mixin.py:190} INFO - [2025-04-02T10:02:05.632+0000] {dag.py:4180} INFO - Setting next_dagrun for tutorial to 2025-04-01 00:00:00+00:00, run_after=2025-04-02 00:00:00+00:00
[2025-04-02T10:02:05.664+0000] {processor.py:208} INFO - Processing /home/airflow/.local/lib/python3.12/site-packages/airflow/example_dags/tutorial.py took 0.125 seconds
[2025-04-02T10:02:36.068+0000] {processor.py:186} INFO - Started process (PID=1313) to work on /home/airflow/.local/lib/python3.12/site-packages/airflow/example_dags/tutorial.py
[2025-04-02T10:02:36.070+0000] {processor.py:914} INFO - Processing file /home/airflow/.local/lib/python3.12/site-packages/airflow/example_dags/tutorial.py for tasks to queue
[2025-04-02T10:02:36.072+0000] {logging_mixin.py:190} INFO - [2025-04-02T10:02:36.072+0000] {dagbag.py:588} INFO - Filling up the DagBag from /home/airflow/.local/lib/python3.12/site-packages/airflow/example_dags/tutorial.py
[2025-04-02T10:02:36.085+0000] {processor.py:925} INFO - DAG(s) 'tutorial' retrieved from /home/airflow/.local/lib/python3.12/site-packages/airflow/example_dags/tutorial.py
[2025-04-02T10:02:36.116+0000] {logging_mixin.py:190} INFO - [2025-04-02T10:02:36.115+0000] {dag.py:3239} INFO - Sync 1 DAGs
[2025-04-02T10:02:36.149+0000] {logging_mixin.py:190} INFO - [2025-04-02T10:02:36.148+0000] {dag.py:4180} INFO - Setting next_dagrun for tutorial to 2025-04-01 00:00:00+00:00, run_after=2025-04-02 00:00:00+00:00
[2025-04-02T10:02:36.173+0000] {processor.py:208} INFO - Processing /home/airflow/.local/lib/python3.12/site-packages/airflow/example_dags/tutorial.py took 0.115 seconds
[2025-04-02T10:03:06.382+0000] {processor.py:186} INFO - Started process (PID=1375) to work on /home/airflow/.local/lib/python3.12/site-packages/airflow/example_dags/tutorial.py
[2025-04-02T10:03:06.384+0000] {processor.py:914} INFO - Processing file /home/airflow/.local/lib/python3.12/site-packages/airflow/example_dags/tutorial.py for tasks to queue
[2025-04-02T10:03:06.386+0000] {logging_mixin.py:190} INFO - [2025-04-02T10:03:06.386+0000] {dagbag.py:588} INFO - Filling up the DagBag from /home/airflow/.local/lib/python3.12/site-packages/airflow/example_dags/tutorial.py
[2025-04-02T10:03:06.401+0000] {processor.py:925} INFO - DAG(s) 'tutorial' retrieved from /home/airflow/.local/lib/python3.12/site-packages/airflow/example_dags/tutorial.py
[2025-04-02T10:03:06.432+0000] {logging_mixin.py:190} INFO - [2025-04-02T10:03:06.431+0000] {dag.py:3239} INFO - Sync 1 DAGs
[2025-04-02T10:03:06.475+0000] {logging_mixin.py:190} INFO - [2025-04-02T10:03:06.475+0000] {dag.py:4180} INFO - Setting next_dagrun for tutorial to 2025-04-01 00:00:00+00:00, run_after=2025-04-02 00:00:00+00:00
[2025-04-02T10:03:06.510+0000] {processor.py:208} INFO - Processing /home/airflow/.local/lib/python3.12/site-packages/airflow/example_dags/tutorial.py took 0.137 seconds
[2025-04-02T10:03:36.940+0000] {processor.py:186} INFO - Started process (PID=1437) to work on /home/airflow/.local/lib/python3.12/site-packages/airflow/example_dags/tutorial.py
[2025-04-02T10:03:36.942+0000] {processor.py:914} INFO - Processing file /home/airflow/.local/lib/python3.12/site-packages/airflow/example_dags/tutorial.py for tasks to queue
[2025-04-02T10:03:36.946+0000] {logging_mixin.py:190} INFO - [2025-04-02T10:03:36.945+0000] {dagbag.py:588} INFO - Filling up the DagBag from /home/airflow/.local/lib/python3.12/site-packages/airflow/example_dags/tutorial.py
[2025-04-02T10:03:36.964+0000] {processor.py:925} INFO - DAG(s) 'tutorial' retrieved from /home/airflow/.local/lib/python3.12/site-packages/airflow/example_dags/tutorial.py
[2025-04-02T10:03:37.001+0000] {logging_mixin.py:190} INFO - [2025-04-02T10:03:37.000+0000] {dag.py:3239} INFO - Sync 1 DAGs
[2025-04-02T10:03:37.060+0000] {logging_mixin.py:190} INFO - [2025-04-02T10:03:37.059+0000] {dag.py:4180} INFO - Setting next_dagrun for tutorial to 2025-04-01 00:00:00+00:00, run_after=2025-04-02 00:00:00+00:00
[2025-04-02T10:03:37.115+0000] {processor.py:208} INFO - Processing /home/airflow/.local/lib/python3.12/site-packages/airflow/example_dags/tutorial.py took 0.186 seconds
[2025-04-02T10:04:07.549+0000] {processor.py:186} INFO - Started process (PID=1500) to work on /home/airflow/.local/lib/python3.12/site-packages/airflow/example_dags/tutorial.py
[2025-04-02T10:04:07.551+0000] {processor.py:914} INFO - Processing file /home/airflow/.local/lib/python3.12/site-packages/airflow/example_dags/tutorial.py for tasks to queue
[2025-04-02T10:04:07.553+0000] {logging_mixin.py:190} INFO - [2025-04-02T10:04:07.553+0000] {dagbag.py:588} INFO - Filling up the DagBag from /home/airflow/.local/lib/python3.12/site-packages/airflow/example_dags/tutorial.py
[2025-04-02T10:04:07.567+0000] {processor.py:925} INFO - DAG(s) 'tutorial' retrieved from /home/airflow/.local/lib/python3.12/site-packages/airflow/example_dags/tutorial.py
[2025-04-02T10:04:07.598+0000] {logging_mixin.py:190} INFO - [2025-04-02T10:04:07.598+0000] {dag.py:3239} INFO - Sync 1 DAGs
[2025-04-02T10:04:07.645+0000] {logging_mixin.py:190} INFO - [2025-04-02T10:04:07.645+0000] {dag.py:4180} INFO - Setting next_dagrun for tutorial to 2025-04-01 00:00:00+00:00, run_after=2025-04-02 00:00:00+00:00
[2025-04-02T10:04:07.674+0000] {processor.py:208} INFO - Processing /home/airflow/.local/lib/python3.12/site-packages/airflow/example_dags/tutorial.py took 0.134 seconds
[2025-04-02T10:04:38.185+0000] {processor.py:186} INFO - Started process (PID=1567) to work on /home/airflow/.local/lib/python3.12/site-packages/airflow/example_dags/tutorial.py
[2025-04-02T10:04:38.189+0000] {processor.py:914} INFO - Processing file /home/airflow/.local/lib/python3.12/site-packages/airflow/example_dags/tutorial.py for tasks to queue
[2025-04-02T10:04:38.191+0000] {logging_mixin.py:190} INFO - [2025-04-02T10:04:38.190+0000] {dagbag.py:588} INFO - Filling up the DagBag from /home/airflow/.local/lib/python3.12/site-packages/airflow/example_dags/tutorial.py
[2025-04-02T10:04:38.201+0000] {processor.py:925} INFO - DAG(s) 'tutorial' retrieved from /home/airflow/.local/lib/python3.12/site-packages/airflow/example_dags/tutorial.py
[2025-04-02T10:04:38.242+0000] {logging_mixin.py:190} INFO - [2025-04-02T10:04:38.241+0000] {dag.py:3239} INFO - Sync 1 DAGs
[2025-04-02T10:04:38.285+0000] {logging_mixin.py:190} INFO - [2025-04-02T10:04:38.285+0000] {dag.py:4180} INFO - Setting next_dagrun for tutorial to 2025-04-01 00:00:00+00:00, run_after=2025-04-02 00:00:00+00:00
[2025-04-02T10:04:38.314+0000] {processor.py:208} INFO - Processing /home/airflow/.local/lib/python3.12/site-packages/airflow/example_dags/tutorial.py took 0.139 seconds
[2025-04-02T10:05:08.977+0000] {processor.py:186} INFO - Started process (PID=1630) to work on /home/airflow/.local/lib/python3.12/site-packages/airflow/example_dags/tutorial.py
[2025-04-02T10:05:08.979+0000] {processor.py:914} INFO - Processing file /home/airflow/.local/lib/python3.12/site-packages/airflow/example_dags/tutorial.py for tasks to queue
[2025-04-02T10:05:08.982+0000] {logging_mixin.py:190} INFO - [2025-04-02T10:05:08.980+0000] {dagbag.py:588} INFO - Filling up the DagBag from /home/airflow/.local/lib/python3.12/site-packages/airflow/example_dags/tutorial.py
[2025-04-02T10:05:08.997+0000] {processor.py:925} INFO - DAG(s) 'tutorial' retrieved from /home/airflow/.local/lib/python3.12/site-packages/airflow/example_dags/tutorial.py
[2025-04-02T10:05:09.031+0000] {logging_mixin.py:190} INFO - [2025-04-02T10:05:09.030+0000] {dag.py:3239} INFO - Sync 1 DAGs
[2025-04-02T10:05:09.077+0000] {logging_mixin.py:190} INFO - [2025-04-02T10:05:09.077+0000] {dag.py:4180} INFO - Setting next_dagrun for tutorial to 2025-04-01 00:00:00+00:00, run_after=2025-04-02 00:00:00+00:00
[2025-04-02T10:05:09.112+0000] {processor.py:208} INFO - Processing /home/airflow/.local/lib/python3.12/site-packages/airflow/example_dags/tutorial.py took 0.145 seconds
[2025-04-02T10:05:39.381+0000] {processor.py:186} INFO - Started process (PID=1692) to work on /home/airflow/.local/lib/python3.12/site-packages/airflow/example_dags/tutorial.py
[2025-04-02T10:05:39.382+0000] {processor.py:914} INFO - Processing file /home/airflow/.local/lib/python3.12/site-packages/airflow/example_dags/tutorial.py for tasks to queue
[2025-04-02T10:05:39.385+0000] {logging_mixin.py:190} INFO - [2025-04-02T10:05:39.384+0000] {dagbag.py:588} INFO - Filling up the DagBag from /home/airflow/.local/lib/python3.12/site-packages/airflow/example_dags/tutorial.py
[2025-04-02T10:05:39.400+0000] {processor.py:925} INFO - DAG(s) 'tutorial' retrieved from /home/airflow/.local/lib/python3.12/site-packages/airflow/example_dags/tutorial.py
[2025-04-02T10:05:39.431+0000] {logging_mixin.py:190} INFO - [2025-04-02T10:05:39.431+0000] {dag.py:3239} INFO - Sync 1 DAGs
[2025-04-02T10:05:39.466+0000] {logging_mixin.py:190} INFO - [2025-04-02T10:05:39.466+0000] {dag.py:4180} INFO - Setting next_dagrun for tutorial to 2025-04-01 00:00:00+00:00, run_after=2025-04-02 00:00:00+00:00
[2025-04-02T10:05:39.492+0000] {processor.py:208} INFO - Processing /home/airflow/.local/lib/python3.12/site-packages/airflow/example_dags/tutorial.py took 0.121 seconds
[2025-04-02T10:06:10.304+0000] {processor.py:186} INFO - Started process (PID=1755) to work on /home/airflow/.local/lib/python3.12/site-packages/airflow/example_dags/tutorial.py
[2025-04-02T10:06:10.306+0000] {processor.py:914} INFO - Processing file /home/airflow/.local/lib/python3.12/site-packages/airflow/example_dags/tutorial.py for tasks to queue
[2025-04-02T10:06:10.309+0000] {logging_mixin.py:190} INFO - [2025-04-02T10:06:10.309+0000] {dagbag.py:588} INFO - Filling up the DagBag from /home/airflow/.local/lib/python3.12/site-packages/airflow/example_dags/tutorial.py
[2025-04-02T10:06:10.325+0000] {processor.py:925} INFO - DAG(s) 'tutorial' retrieved from /home/airflow/.local/lib/python3.12/site-packages/airflow/example_dags/tutorial.py
[2025-04-02T10:06:10.355+0000] {logging_mixin.py:190} INFO - [2025-04-02T10:06:10.355+0000] {dag.py:3239} INFO - Sync 1 DAGs
[2025-04-02T10:06:10.388+0000] {logging_mixin.py:190} INFO - [2025-04-02T10:06:10.388+0000] {dag.py:4180} INFO - Setting next_dagrun for tutorial to 2025-04-01 00:00:00+00:00, run_after=2025-04-02 00:00:00+00:00
[2025-04-02T10:06:10.419+0000] {processor.py:208} INFO - Processing /home/airflow/.local/lib/python3.12/site-packages/airflow/example_dags/tutorial.py took 0.126 seconds
[2025-04-02T10:06:40.873+0000] {processor.py:186} INFO - Started process (PID=1818) to work on /home/airflow/.local/lib/python3.12/site-packages/airflow/example_dags/tutorial.py
[2025-04-02T10:06:40.874+0000] {processor.py:914} INFO - Processing file /home/airflow/.local/lib/python3.12/site-packages/airflow/example_dags/tutorial.py for tasks to queue
[2025-04-02T10:06:40.876+0000] {logging_mixin.py:190} INFO - [2025-04-02T10:06:40.876+0000] {dagbag.py:588} INFO - Filling up the DagBag from /home/airflow/.local/lib/python3.12/site-packages/airflow/example_dags/tutorial.py
[2025-04-02T10:06:40.889+0000] {processor.py:925} INFO - DAG(s) 'tutorial' retrieved from /home/airflow/.local/lib/python3.12/site-packages/airflow/example_dags/tutorial.py
[2025-04-02T10:06:40.917+0000] {logging_mixin.py:190} INFO - [2025-04-02T10:06:40.916+0000] {dag.py:3239} INFO - Sync 1 DAGs
[2025-04-02T10:06:40.950+0000] {logging_mixin.py:190} INFO - [2025-04-02T10:06:40.950+0000] {dag.py:4180} INFO - Setting next_dagrun for tutorial to 2025-04-01 00:00:00+00:00, run_after=2025-04-02 00:00:00+00:00
[2025-04-02T10:06:40.980+0000] {processor.py:208} INFO - Processing /home/airflow/.local/lib/python3.12/site-packages/airflow/example_dags/tutorial.py took 0.113 seconds
[2025-04-02T10:07:11.460+0000] {processor.py:186} INFO - Started process (PID=1881) to work on /home/airflow/.local/lib/python3.12/site-packages/airflow/example_dags/tutorial.py
[2025-04-02T10:07:11.464+0000] {processor.py:914} INFO - Processing file /home/airflow/.local/lib/python3.12/site-packages/airflow/example_dags/tutorial.py for tasks to queue
[2025-04-02T10:07:11.469+0000] {logging_mixin.py:190} INFO - [2025-04-02T10:07:11.468+0000] {dagbag.py:588} INFO - Filling up the DagBag from /home/airflow/.local/lib/python3.12/site-packages/airflow/example_dags/tutorial.py
[2025-04-02T10:07:11.500+0000] {processor.py:925} INFO - DAG(s) 'tutorial' retrieved from /home/airflow/.local/lib/python3.12/site-packages/airflow/example_dags/tutorial.py
[2025-04-02T10:07:11.543+0000] {logging_mixin.py:190} INFO - [2025-04-02T10:07:11.542+0000] {dag.py:3239} INFO - Sync 1 DAGs
[2025-04-02T10:07:11.582+0000] {logging_mixin.py:190} INFO - [2025-04-02T10:07:11.582+0000] {dag.py:4180} INFO - Setting next_dagrun for tutorial to 2025-04-01 00:00:00+00:00, run_after=2025-04-02 00:00:00+00:00
[2025-04-02T10:07:11.621+0000] {processor.py:208} INFO - Processing /home/airflow/.local/lib/python3.12/site-packages/airflow/example_dags/tutorial.py took 0.177 seconds
[2025-04-02T10:07:42.086+0000] {processor.py:186} INFO - Started process (PID=1944) to work on /home/airflow/.local/lib/python3.12/site-packages/airflow/example_dags/tutorial.py
[2025-04-02T10:07:42.097+0000] {processor.py:914} INFO - Processing file /home/airflow/.local/lib/python3.12/site-packages/airflow/example_dags/tutorial.py for tasks to queue
[2025-04-02T10:07:42.105+0000] {logging_mixin.py:190} INFO - [2025-04-02T10:07:42.104+0000] {dagbag.py:588} INFO - Filling up the DagBag from /home/airflow/.local/lib/python3.12/site-packages/airflow/example_dags/tutorial.py
[2025-04-02T10:07:42.133+0000] {processor.py:925} INFO - DAG(s) 'tutorial' retrieved from /home/airflow/.local/lib/python3.12/site-packages/airflow/example_dags/tutorial.py
[2025-04-02T10:07:42.174+0000] {logging_mixin.py:190} INFO - [2025-04-02T10:07:42.174+0000] {dag.py:3239} INFO - Sync 1 DAGs
[2025-04-02T10:07:42.213+0000] {logging_mixin.py:190} INFO - [2025-04-02T10:07:42.213+0000] {dag.py:4180} INFO - Setting next_dagrun for tutorial to 2025-04-01 00:00:00+00:00, run_after=2025-04-02 00:00:00+00:00
[2025-04-02T10:07:42.245+0000] {processor.py:208} INFO - Processing /home/airflow/.local/lib/python3.12/site-packages/airflow/example_dags/tutorial.py took 0.180 seconds
[2025-04-02T10:08:13.235+0000] {processor.py:186} INFO - Started process (PID=2007) to work on /home/airflow/.local/lib/python3.12/site-packages/airflow/example_dags/tutorial.py
[2025-04-02T10:08:13.238+0000] {processor.py:914} INFO - Processing file /home/airflow/.local/lib/python3.12/site-packages/airflow/example_dags/tutorial.py for tasks to queue
[2025-04-02T10:08:13.240+0000] {logging_mixin.py:190} INFO - [2025-04-02T10:08:13.239+0000] {dagbag.py:588} INFO - Filling up the DagBag from /home/airflow/.local/lib/python3.12/site-packages/airflow/example_dags/tutorial.py
[2025-04-02T10:08:13.250+0000] {processor.py:925} INFO - DAG(s) 'tutorial' retrieved from /home/airflow/.local/lib/python3.12/site-packages/airflow/example_dags/tutorial.py
[2025-04-02T10:08:13.275+0000] {logging_mixin.py:190} INFO - [2025-04-02T10:08:13.274+0000] {dag.py:3239} INFO - Sync 1 DAGs
[2025-04-02T10:08:13.304+0000] {logging_mixin.py:190} INFO - [2025-04-02T10:08:13.304+0000] {dag.py:4180} INFO - Setting next_dagrun for tutorial to 2025-04-01 00:00:00+00:00, run_after=2025-04-02 00:00:00+00:00
[2025-04-02T10:08:13.329+0000] {processor.py:208} INFO - Processing /home/airflow/.local/lib/python3.12/site-packages/airflow/example_dags/tutorial.py took 0.102 seconds
[2025-04-02T10:08:43.425+0000] {processor.py:186} INFO - Started process (PID=2070) to work on /home/airflow/.local/lib/python3.12/site-packages/airflow/example_dags/tutorial.py
[2025-04-02T10:08:43.426+0000] {processor.py:914} INFO - Processing file /home/airflow/.local/lib/python3.12/site-packages/airflow/example_dags/tutorial.py for tasks to queue
[2025-04-02T10:08:43.430+0000] {logging_mixin.py:190} INFO - [2025-04-02T10:08:43.429+0000] {dagbag.py:588} INFO - Filling up the DagBag from /home/airflow/.local/lib/python3.12/site-packages/airflow/example_dags/tutorial.py
[2025-04-02T10:08:43.443+0000] {processor.py:925} INFO - DAG(s) 'tutorial' retrieved from /home/airflow/.local/lib/python3.12/site-packages/airflow/example_dags/tutorial.py
[2025-04-02T10:08:43.473+0000] {logging_mixin.py:190} INFO - [2025-04-02T10:08:43.472+0000] {dag.py:3239} INFO - Sync 1 DAGs
[2025-04-02T10:08:43.511+0000] {logging_mixin.py:190} INFO - [2025-04-02T10:08:43.511+0000] {dag.py:4180} INFO - Setting next_dagrun for tutorial to 2025-04-01 00:00:00+00:00, run_after=2025-04-02 00:00:00+00:00
[2025-04-02T10:08:43.545+0000] {processor.py:208} INFO - Processing /home/airflow/.local/lib/python3.12/site-packages/airflow/example_dags/tutorial.py took 0.130 seconds
[2025-04-02T10:09:13.803+0000] {processor.py:186} INFO - Started process (PID=2133) to work on /home/airflow/.local/lib/python3.12/site-packages/airflow/example_dags/tutorial.py
[2025-04-02T10:09:13.805+0000] {processor.py:914} INFO - Processing file /home/airflow/.local/lib/python3.12/site-packages/airflow/example_dags/tutorial.py for tasks to queue
[2025-04-02T10:09:13.809+0000] {logging_mixin.py:190} INFO - [2025-04-02T10:09:13.808+0000] {dagbag.py:588} INFO - Filling up the DagBag from /home/airflow/.local/lib/python3.12/site-packages/airflow/example_dags/tutorial.py
[2025-04-02T10:09:13.820+0000] {processor.py:925} INFO - DAG(s) 'tutorial' retrieved from /home/airflow/.local/lib/python3.12/site-packages/airflow/example_dags/tutorial.py
[2025-04-02T10:09:13.848+0000] {logging_mixin.py:190} INFO - [2025-04-02T10:09:13.848+0000] {dag.py:3239} INFO - Sync 1 DAGs
[2025-04-02T10:09:13.880+0000] {logging_mixin.py:190} INFO - [2025-04-02T10:09:13.880+0000] {dag.py:4180} INFO - Setting next_dagrun for tutorial to 2025-04-01 00:00:00+00:00, run_after=2025-04-02 00:00:00+00:00
[2025-04-02T10:09:13.912+0000] {processor.py:208} INFO - Processing /home/airflow/.local/lib/python3.12/site-packages/airflow/example_dags/tutorial.py took 0.118 seconds
[2025-04-02T10:09:44.846+0000] {processor.py:186} INFO - Started process (PID=2197) to work on /home/airflow/.local/lib/python3.12/site-packages/airflow/example_dags/tutorial.py
[2025-04-02T10:09:44.848+0000] {processor.py:914} INFO - Processing file /home/airflow/.local/lib/python3.12/site-packages/airflow/example_dags/tutorial.py for tasks to queue
[2025-04-02T10:09:44.851+0000] {logging_mixin.py:190} INFO - [2025-04-02T10:09:44.851+0000] {dagbag.py:588} INFO - Filling up the DagBag from /home/airflow/.local/lib/python3.12/site-packages/airflow/example_dags/tutorial.py
[2025-04-02T10:09:44.863+0000] {processor.py:925} INFO - DAG(s) 'tutorial' retrieved from /home/airflow/.local/lib/python3.12/site-packages/airflow/example_dags/tutorial.py
[2025-04-02T10:09:44.892+0000] {logging_mixin.py:190} INFO - [2025-04-02T10:09:44.892+0000] {dag.py:3239} INFO - Sync 1 DAGs
[2025-04-02T10:09:44.927+0000] {logging_mixin.py:190} INFO - [2025-04-02T10:09:44.927+0000] {dag.py:4180} INFO - Setting next_dagrun for tutorial to 2025-04-01 00:00:00+00:00, run_after=2025-04-02 00:00:00+00:00
[2025-04-02T10:09:44.958+0000] {processor.py:208} INFO - Processing /home/airflow/.local/lib/python3.12/site-packages/airflow/example_dags/tutorial.py took 0.121 seconds
[2025-04-02T10:10:15.191+0000] {processor.py:186} INFO - Started process (PID=2260) to work on /home/airflow/.local/lib/python3.12/site-packages/airflow/example_dags/tutorial.py
[2025-04-02T10:10:15.193+0000] {processor.py:914} INFO - Processing file /home/airflow/.local/lib/python3.12/site-packages/airflow/example_dags/tutorial.py for tasks to queue
[2025-04-02T10:10:15.196+0000] {logging_mixin.py:190} INFO - [2025-04-02T10:10:15.196+0000] {dagbag.py:588} INFO - Filling up the DagBag from /home/airflow/.local/lib/python3.12/site-packages/airflow/example_dags/tutorial.py
[2025-04-02T10:10:15.208+0000] {processor.py:925} INFO - DAG(s) 'tutorial' retrieved from /home/airflow/.local/lib/python3.12/site-packages/airflow/example_dags/tutorial.py
[2025-04-02T10:10:15.238+0000] {logging_mixin.py:190} INFO - [2025-04-02T10:10:15.238+0000] {dag.py:3239} INFO - Sync 1 DAGs
[2025-04-02T10:10:15.273+0000] {logging_mixin.py:190} INFO - [2025-04-02T10:10:15.273+0000] {dag.py:4180} INFO - Setting next_dagrun for tutorial to 2025-04-01 00:00:00+00:00, run_after=2025-04-02 00:00:00+00:00
[2025-04-02T10:10:15.300+0000] {processor.py:208} INFO - Processing /home/airflow/.local/lib/python3.12/site-packages/airflow/example_dags/tutorial.py took 0.118 seconds
[2025-04-02T10:10:45.651+0000] {processor.py:186} INFO - Started process (PID=2323) to work on /home/airflow/.local/lib/python3.12/site-packages/airflow/example_dags/tutorial.py
[2025-04-02T10:10:45.653+0000] {processor.py:914} INFO - Processing file /home/airflow/.local/lib/python3.12/site-packages/airflow/example_dags/tutorial.py for tasks to queue
[2025-04-02T10:10:45.656+0000] {logging_mixin.py:190} INFO - [2025-04-02T10:10:45.655+0000] {dagbag.py:588} INFO - Filling up the DagBag from /home/airflow/.local/lib/python3.12/site-packages/airflow/example_dags/tutorial.py
[2025-04-02T10:10:45.668+0000] {processor.py:925} INFO - DAG(s) 'tutorial' retrieved from /home/airflow/.local/lib/python3.12/site-packages/airflow/example_dags/tutorial.py
[2025-04-02T10:10:45.703+0000] {logging_mixin.py:190} INFO - [2025-04-02T10:10:45.703+0000] {dag.py:3239} INFO - Sync 1 DAGs
[2025-04-02T10:10:45.743+0000] {logging_mixin.py:190} INFO - [2025-04-02T10:10:45.743+0000] {dag.py:4180} INFO - Setting next_dagrun for tutorial to 2025-04-01 00:00:00+00:00, run_after=2025-04-02 00:00:00+00:00
[2025-04-02T10:10:45.782+0000] {processor.py:208} INFO - Processing /home/airflow/.local/lib/python3.12/site-packages/airflow/example_dags/tutorial.py took 0.139 seconds
[2025-04-02T10:11:16.127+0000] {processor.py:186} INFO - Started process (PID=2386) to work on /home/airflow/.local/lib/python3.12/site-packages/airflow/example_dags/tutorial.py
[2025-04-02T10:11:16.132+0000] {processor.py:914} INFO - Processing file /home/airflow/.local/lib/python3.12/site-packages/airflow/example_dags/tutorial.py for tasks to queue
[2025-04-02T10:11:16.137+0000] {logging_mixin.py:190} INFO - [2025-04-02T10:11:16.135+0000] {dagbag.py:588} INFO - Filling up the DagBag from /home/airflow/.local/lib/python3.12/site-packages/airflow/example_dags/tutorial.py
[2025-04-02T10:11:16.177+0000] {processor.py:925} INFO - DAG(s) 'tutorial' retrieved from /home/airflow/.local/lib/python3.12/site-packages/airflow/example_dags/tutorial.py
[2025-04-02T10:11:16.208+0000] {logging_mixin.py:190} INFO - [2025-04-02T10:11:16.208+0000] {dag.py:3239} INFO - Sync 1 DAGs
[2025-04-02T10:11:16.246+0000] {logging_mixin.py:190} INFO - [2025-04-02T10:11:16.246+0000] {dag.py:4180} INFO - Setting next_dagrun for tutorial to 2025-04-01 00:00:00+00:00, run_after=2025-04-02 00:00:00+00:00
[2025-04-02T10:11:16.279+0000] {processor.py:208} INFO - Processing /home/airflow/.local/lib/python3.12/site-packages/airflow/example_dags/tutorial.py took 0.163 seconds
[2025-04-02T10:11:46.493+0000] {processor.py:186} INFO - Started process (PID=2450) to work on /home/airflow/.local/lib/python3.12/site-packages/airflow/example_dags/tutorial.py
[2025-04-02T10:11:46.495+0000] {processor.py:914} INFO - Processing file /home/airflow/.local/lib/python3.12/site-packages/airflow/example_dags/tutorial.py for tasks to queue
[2025-04-02T10:11:46.497+0000] {logging_mixin.py:190} INFO - [2025-04-02T10:11:46.497+0000] {dagbag.py:588} INFO - Filling up the DagBag from /home/airflow/.local/lib/python3.12/site-packages/airflow/example_dags/tutorial.py
[2025-04-02T10:11:46.513+0000] {processor.py:925} INFO - DAG(s) 'tutorial' retrieved from /home/airflow/.local/lib/python3.12/site-packages/airflow/example_dags/tutorial.py
[2025-04-02T10:11:46.544+0000] {logging_mixin.py:190} INFO - [2025-04-02T10:11:46.544+0000] {dag.py:3239} INFO - Sync 1 DAGs
[2025-04-02T10:11:46.581+0000] {logging_mixin.py:190} INFO - [2025-04-02T10:11:46.581+0000] {dag.py:4180} INFO - Setting next_dagrun for tutorial to 2025-04-01 00:00:00+00:00, run_after=2025-04-02 00:00:00+00:00
[2025-04-02T10:11:46.609+0000] {processor.py:208} INFO - Processing /home/airflow/.local/lib/python3.12/site-packages/airflow/example_dags/tutorial.py took 0.125 seconds
[2025-04-02T10:12:17.085+0000] {processor.py:186} INFO - Started process (PID=2514) to work on /home/airflow/.local/lib/python3.12/site-packages/airflow/example_dags/tutorial.py
[2025-04-02T10:12:17.087+0000] {processor.py:914} INFO - Processing file /home/airflow/.local/lib/python3.12/site-packages/airflow/example_dags/tutorial.py for tasks to queue
[2025-04-02T10:12:17.089+0000] {logging_mixin.py:190} INFO - [2025-04-02T10:12:17.089+0000] {dagbag.py:588} INFO - Filling up the DagBag from /home/airflow/.local/lib/python3.12/site-packages/airflow/example_dags/tutorial.py
[2025-04-02T10:12:17.101+0000] {processor.py:925} INFO - DAG(s) 'tutorial' retrieved from /home/airflow/.local/lib/python3.12/site-packages/airflow/example_dags/tutorial.py
[2025-04-02T10:12:17.129+0000] {logging_mixin.py:190} INFO - [2025-04-02T10:12:17.129+0000] {dag.py:3239} INFO - Sync 1 DAGs
[2025-04-02T10:12:17.159+0000] {logging_mixin.py:190} INFO - [2025-04-02T10:12:17.159+0000] {dag.py:4180} INFO - Setting next_dagrun for tutorial to 2025-04-01 00:00:00+00:00, run_after=2025-04-02 00:00:00+00:00
[2025-04-02T10:12:17.190+0000] {processor.py:208} INFO - Processing /home/airflow/.local/lib/python3.12/site-packages/airflow/example_dags/tutorial.py took 0.114 seconds
[2025-04-02T10:12:47.633+0000] {processor.py:186} INFO - Started process (PID=2577) to work on /home/airflow/.local/lib/python3.12/site-packages/airflow/example_dags/tutorial.py
[2025-04-02T10:12:47.635+0000] {processor.py:914} INFO - Processing file /home/airflow/.local/lib/python3.12/site-packages/airflow/example_dags/tutorial.py for tasks to queue
[2025-04-02T10:12:47.639+0000] {logging_mixin.py:190} INFO - [2025-04-02T10:12:47.638+0000] {dagbag.py:588} INFO - Filling up the DagBag from /home/airflow/.local/lib/python3.12/site-packages/airflow/example_dags/tutorial.py
[2025-04-02T10:12:47.659+0000] {processor.py:925} INFO - DAG(s) 'tutorial' retrieved from /home/airflow/.local/lib/python3.12/site-packages/airflow/example_dags/tutorial.py
[2025-04-02T10:12:47.696+0000] {logging_mixin.py:190} INFO - [2025-04-02T10:12:47.696+0000] {dag.py:3239} INFO - Sync 1 DAGs
[2025-04-02T10:12:47.745+0000] {logging_mixin.py:190} INFO - [2025-04-02T10:12:47.745+0000] {dag.py:4180} INFO - Setting next_dagrun for tutorial to 2025-04-01 00:00:00+00:00, run_after=2025-04-02 00:00:00+00:00
[2025-04-02T10:12:47.788+0000] {processor.py:208} INFO - Processing /home/airflow/.local/lib/python3.12/site-packages/airflow/example_dags/tutorial.py took 0.170 seconds
[2025-04-02T10:13:18.285+0000] {processor.py:186} INFO - Started process (PID=2640) to work on /home/airflow/.local/lib/python3.12/site-packages/airflow/example_dags/tutorial.py
[2025-04-02T10:13:18.286+0000] {processor.py:914} INFO - Processing file /home/airflow/.local/lib/python3.12/site-packages/airflow/example_dags/tutorial.py for tasks to queue
[2025-04-02T10:13:18.289+0000] {logging_mixin.py:190} INFO - [2025-04-02T10:13:18.288+0000] {dagbag.py:588} INFO - Filling up the DagBag from /home/airflow/.local/lib/python3.12/site-packages/airflow/example_dags/tutorial.py
[2025-04-02T10:13:18.302+0000] {processor.py:925} INFO - DAG(s) 'tutorial' retrieved from /home/airflow/.local/lib/python3.12/site-packages/airflow/example_dags/tutorial.py
[2025-04-02T10:13:18.330+0000] {logging_mixin.py:190} INFO - [2025-04-02T10:13:18.330+0000] {dag.py:3239} INFO - Sync 1 DAGs
[2025-04-02T10:13:18.361+0000] {logging_mixin.py:190} INFO - [2025-04-02T10:13:18.361+0000] {dag.py:4180} INFO - Setting next_dagrun for tutorial to 2025-04-01 00:00:00+00:00, run_after=2025-04-02 00:00:00+00:00
[2025-04-02T10:13:18.393+0000] {processor.py:208} INFO - Processing /home/airflow/.local/lib/python3.12/site-packages/airflow/example_dags/tutorial.py took 0.115 seconds
[2025-04-02T10:59:58.855+0000] {processor.py:186} INFO - Started process (PID=2691) to work on /home/airflow/.local/lib/python3.12/site-packages/airflow/example_dags/tutorial.py
[2025-04-02T10:59:58.869+0000] {processor.py:914} INFO - Processing file /home/airflow/.local/lib/python3.12/site-packages/airflow/example_dags/tutorial.py for tasks to queue
[2025-04-02T10:59:58.883+0000] {logging_mixin.py:190} INFO - [2025-04-02T10:59:58.882+0000] {dagbag.py:588} INFO - Filling up the DagBag from /home/airflow/.local/lib/python3.12/site-packages/airflow/example_dags/tutorial.py
[2025-04-02T11:00:00.110+0000] {processor.py:925} INFO - DAG(s) 'tutorial' retrieved from /home/airflow/.local/lib/python3.12/site-packages/airflow/example_dags/tutorial.py
[2025-04-02T11:00:03.367+0000] {logging_mixin.py:190} INFO - [2025-04-02T11:00:03.365+0000] {dag.py:3239} INFO - Sync 1 DAGs
[2025-04-02T11:00:03.860+0000] {logging_mixin.py:190} INFO - [2025-04-02T11:00:03.860+0000] {dag.py:4180} INFO - Setting next_dagrun for tutorial to 2025-04-01 00:00:00+00:00, run_after=2025-04-02 00:00:00+00:00
[2025-04-02T11:00:04.430+0000] {processor.py:208} INFO - Processing /home/airflow/.local/lib/python3.12/site-packages/airflow/example_dags/tutorial.py took 5.627 seconds
[2025-04-02T13:35:43.976+0000] {processor.py:186} INFO - Started process (PID=2748) to work on /home/airflow/.local/lib/python3.12/site-packages/airflow/example_dags/tutorial.py
[2025-04-02T13:35:43.978+0000] {processor.py:914} INFO - Processing file /home/airflow/.local/lib/python3.12/site-packages/airflow/example_dags/tutorial.py for tasks to queue
[2025-04-02T13:35:43.981+0000] {logging_mixin.py:190} INFO - [2025-04-02T13:35:43.980+0000] {dagbag.py:588} INFO - Filling up the DagBag from /home/airflow/.local/lib/python3.12/site-packages/airflow/example_dags/tutorial.py
[2025-04-02T13:35:43.999+0000] {processor.py:925} INFO - DAG(s) 'tutorial' retrieved from /home/airflow/.local/lib/python3.12/site-packages/airflow/example_dags/tutorial.py
[2025-04-02T13:35:44.034+0000] {logging_mixin.py:190} INFO - [2025-04-02T13:35:44.034+0000] {dag.py:3239} INFO - Sync 1 DAGs
[2025-04-02T13:35:44.073+0000] {logging_mixin.py:190} INFO - [2025-04-02T13:35:44.073+0000] {dag.py:4180} INFO - Setting next_dagrun for tutorial to 2025-04-01 00:00:00+00:00, run_after=2025-04-02 00:00:00+00:00
[2025-04-02T13:35:44.112+0000] {processor.py:208} INFO - Processing /home/airflow/.local/lib/python3.12/site-packages/airflow/example_dags/tutorial.py took 0.146 seconds
[2025-04-02T13:36:14.513+0000] {processor.py:186} INFO - Started process (PID=2803) to work on /home/airflow/.local/lib/python3.12/site-packages/airflow/example_dags/tutorial.py
[2025-04-02T13:36:14.514+0000] {processor.py:914} INFO - Processing file /home/airflow/.local/lib/python3.12/site-packages/airflow/example_dags/tutorial.py for tasks to queue
[2025-04-02T13:36:14.516+0000] {logging_mixin.py:190} INFO - [2025-04-02T13:36:14.516+0000] {dagbag.py:588} INFO - Filling up the DagBag from /home/airflow/.local/lib/python3.12/site-packages/airflow/example_dags/tutorial.py
[2025-04-02T13:36:14.528+0000] {processor.py:925} INFO - DAG(s) 'tutorial' retrieved from /home/airflow/.local/lib/python3.12/site-packages/airflow/example_dags/tutorial.py
[2025-04-02T13:36:14.554+0000] {logging_mixin.py:190} INFO - [2025-04-02T13:36:14.554+0000] {dag.py:3239} INFO - Sync 1 DAGs
[2025-04-02T13:36:14.586+0000] {logging_mixin.py:190} INFO - [2025-04-02T13:36:14.586+0000] {dag.py:4180} INFO - Setting next_dagrun for tutorial to 2025-04-01 00:00:00+00:00, run_after=2025-04-02 00:00:00+00:00
[2025-04-02T13:36:14.614+0000] {processor.py:208} INFO - Processing /home/airflow/.local/lib/python3.12/site-packages/airflow/example_dags/tutorial.py took 0.112 seconds
[2025-04-02T13:36:44.681+0000] {processor.py:186} INFO - Started process (PID=2866) to work on /home/airflow/.local/lib/python3.12/site-packages/airflow/example_dags/tutorial.py
[2025-04-02T13:36:44.683+0000] {processor.py:914} INFO - Processing file /home/airflow/.local/lib/python3.12/site-packages/airflow/example_dags/tutorial.py for tasks to queue
[2025-04-02T13:36:44.685+0000] {logging_mixin.py:190} INFO - [2025-04-02T13:36:44.685+0000] {dagbag.py:588} INFO - Filling up the DagBag from /home/airflow/.local/lib/python3.12/site-packages/airflow/example_dags/tutorial.py
[2025-04-02T13:36:44.703+0000] {processor.py:925} INFO - DAG(s) 'tutorial' retrieved from /home/airflow/.local/lib/python3.12/site-packages/airflow/example_dags/tutorial.py
[2025-04-02T13:36:44.753+0000] {logging_mixin.py:190} INFO - [2025-04-02T13:36:44.753+0000] {dag.py:3239} INFO - Sync 1 DAGs
[2025-04-02T13:36:44.796+0000] {logging_mixin.py:190} INFO - [2025-04-02T13:36:44.796+0000] {dag.py:4180} INFO - Setting next_dagrun for tutorial to 2025-04-01 00:00:00+00:00, run_after=2025-04-02 00:00:00+00:00
[2025-04-02T13:36:44.838+0000] {processor.py:208} INFO - Processing /home/airflow/.local/lib/python3.12/site-packages/airflow/example_dags/tutorial.py took 0.167 seconds
[2025-04-02T13:37:15.033+0000] {processor.py:186} INFO - Started process (PID=2923) to work on /home/airflow/.local/lib/python3.12/site-packages/airflow/example_dags/tutorial.py
[2025-04-02T13:37:15.035+0000] {processor.py:914} INFO - Processing file /home/airflow/.local/lib/python3.12/site-packages/airflow/example_dags/tutorial.py for tasks to queue
[2025-04-02T13:37:15.037+0000] {logging_mixin.py:190} INFO - [2025-04-02T13:37:15.037+0000] {dagbag.py:588} INFO - Filling up the DagBag from /home/airflow/.local/lib/python3.12/site-packages/airflow/example_dags/tutorial.py
[2025-04-02T13:37:15.052+0000] {processor.py:925} INFO - DAG(s) 'tutorial' retrieved from /home/airflow/.local/lib/python3.12/site-packages/airflow/example_dags/tutorial.py
[2025-04-02T13:37:15.083+0000] {logging_mixin.py:190} INFO - [2025-04-02T13:37:15.083+0000] {dag.py:3239} INFO - Sync 1 DAGs
[2025-04-02T13:37:15.118+0000] {logging_mixin.py:190} INFO - [2025-04-02T13:37:15.118+0000] {dag.py:4180} INFO - Setting next_dagrun for tutorial to 2025-04-01 00:00:00+00:00, run_after=2025-04-02 00:00:00+00:00
[2025-04-02T13:37:15.143+0000] {processor.py:208} INFO - Processing /home/airflow/.local/lib/python3.12/site-packages/airflow/example_dags/tutorial.py took 0.118 seconds
[2025-04-02T13:37:45.573+0000] {processor.py:186} INFO - Started process (PID=2986) to work on /home/airflow/.local/lib/python3.12/site-packages/airflow/example_dags/tutorial.py
[2025-04-02T13:37:45.574+0000] {processor.py:914} INFO - Processing file /home/airflow/.local/lib/python3.12/site-packages/airflow/example_dags/tutorial.py for tasks to queue
[2025-04-02T13:37:45.576+0000] {logging_mixin.py:190} INFO - [2025-04-02T13:37:45.576+0000] {dagbag.py:588} INFO - Filling up the DagBag from /home/airflow/.local/lib/python3.12/site-packages/airflow/example_dags/tutorial.py
[2025-04-02T13:37:45.589+0000] {processor.py:925} INFO - DAG(s) 'tutorial' retrieved from /home/airflow/.local/lib/python3.12/site-packages/airflow/example_dags/tutorial.py
[2025-04-02T13:37:45.616+0000] {logging_mixin.py:190} INFO - [2025-04-02T13:37:45.616+0000] {dag.py:3239} INFO - Sync 1 DAGs
[2025-04-02T13:37:45.648+0000] {logging_mixin.py:190} INFO - [2025-04-02T13:37:45.648+0000] {dag.py:4180} INFO - Setting next_dagrun for tutorial to 2025-04-01 00:00:00+00:00, run_after=2025-04-02 00:00:00+00:00
[2025-04-02T13:37:45.674+0000] {processor.py:208} INFO - Processing /home/airflow/.local/lib/python3.12/site-packages/airflow/example_dags/tutorial.py took 0.109 seconds
[2025-04-02T13:38:16.100+0000] {processor.py:186} INFO - Started process (PID=3047) to work on /home/airflow/.local/lib/python3.12/site-packages/airflow/example_dags/tutorial.py
[2025-04-02T13:38:16.102+0000] {processor.py:914} INFO - Processing file /home/airflow/.local/lib/python3.12/site-packages/airflow/example_dags/tutorial.py for tasks to queue
[2025-04-02T13:38:16.105+0000] {logging_mixin.py:190} INFO - [2025-04-02T13:38:16.104+0000] {dagbag.py:588} INFO - Filling up the DagBag from /home/airflow/.local/lib/python3.12/site-packages/airflow/example_dags/tutorial.py
[2025-04-02T13:38:16.115+0000] {processor.py:925} INFO - DAG(s) 'tutorial' retrieved from /home/airflow/.local/lib/python3.12/site-packages/airflow/example_dags/tutorial.py
[2025-04-02T13:38:16.146+0000] {logging_mixin.py:190} INFO - [2025-04-02T13:38:16.145+0000] {dag.py:3239} INFO - Sync 1 DAGs
[2025-04-02T13:38:16.178+0000] {logging_mixin.py:190} INFO - [2025-04-02T13:38:16.178+0000] {dag.py:4180} INFO - Setting next_dagrun for tutorial to 2025-04-01 00:00:00+00:00, run_after=2025-04-02 00:00:00+00:00
[2025-04-02T13:38:16.204+0000] {processor.py:208} INFO - Processing /home/airflow/.local/lib/python3.12/site-packages/airflow/example_dags/tutorial.py took 0.113 seconds
[2025-04-02T13:38:46.814+0000] {processor.py:186} INFO - Started process (PID=3109) to work on /home/airflow/.local/lib/python3.12/site-packages/airflow/example_dags/tutorial.py
[2025-04-02T13:38:46.816+0000] {processor.py:914} INFO - Processing file /home/airflow/.local/lib/python3.12/site-packages/airflow/example_dags/tutorial.py for tasks to queue
[2025-04-02T13:38:46.819+0000] {logging_mixin.py:190} INFO - [2025-04-02T13:38:46.819+0000] {dagbag.py:588} INFO - Filling up the DagBag from /home/airflow/.local/lib/python3.12/site-packages/airflow/example_dags/tutorial.py
[2025-04-02T13:38:46.836+0000] {processor.py:925} INFO - DAG(s) 'tutorial' retrieved from /home/airflow/.local/lib/python3.12/site-packages/airflow/example_dags/tutorial.py
[2025-04-02T13:38:46.869+0000] {logging_mixin.py:190} INFO - [2025-04-02T13:38:46.868+0000] {dag.py:3239} INFO - Sync 1 DAGs
[2025-04-02T13:38:46.899+0000] {logging_mixin.py:190} INFO - [2025-04-02T13:38:46.898+0000] {dag.py:4180} INFO - Setting next_dagrun for tutorial to 2025-04-01 00:00:00+00:00, run_after=2025-04-02 00:00:00+00:00
[2025-04-02T13:38:46.924+0000] {processor.py:208} INFO - Processing /home/airflow/.local/lib/python3.12/site-packages/airflow/example_dags/tutorial.py took 0.119 seconds
[2025-04-02T13:39:17.122+0000] {processor.py:186} INFO - Started process (PID=3172) to work on /home/airflow/.local/lib/python3.12/site-packages/airflow/example_dags/tutorial.py
[2025-04-02T13:39:17.124+0000] {processor.py:914} INFO - Processing file /home/airflow/.local/lib/python3.12/site-packages/airflow/example_dags/tutorial.py for tasks to queue
[2025-04-02T13:39:17.126+0000] {logging_mixin.py:190} INFO - [2025-04-02T13:39:17.126+0000] {dagbag.py:588} INFO - Filling up the DagBag from /home/airflow/.local/lib/python3.12/site-packages/airflow/example_dags/tutorial.py
[2025-04-02T13:39:17.140+0000] {processor.py:925} INFO - DAG(s) 'tutorial' retrieved from /home/airflow/.local/lib/python3.12/site-packages/airflow/example_dags/tutorial.py
[2025-04-02T13:39:17.169+0000] {logging_mixin.py:190} INFO - [2025-04-02T13:39:17.168+0000] {dag.py:3239} INFO - Sync 1 DAGs
[2025-04-02T13:39:17.200+0000] {logging_mixin.py:190} INFO - [2025-04-02T13:39:17.199+0000] {dag.py:4180} INFO - Setting next_dagrun for tutorial to 2025-04-01 00:00:00+00:00, run_after=2025-04-02 00:00:00+00:00
[2025-04-02T13:39:17.228+0000] {processor.py:208} INFO - Processing /home/airflow/.local/lib/python3.12/site-packages/airflow/example_dags/tutorial.py took 0.114 seconds
[2025-04-02T13:39:47.513+0000] {processor.py:186} INFO - Started process (PID=3234) to work on /home/airflow/.local/lib/python3.12/site-packages/airflow/example_dags/tutorial.py
[2025-04-02T13:39:47.514+0000] {processor.py:914} INFO - Processing file /home/airflow/.local/lib/python3.12/site-packages/airflow/example_dags/tutorial.py for tasks to queue
[2025-04-02T13:39:47.516+0000] {logging_mixin.py:190} INFO - [2025-04-02T13:39:47.516+0000] {dagbag.py:588} INFO - Filling up the DagBag from /home/airflow/.local/lib/python3.12/site-packages/airflow/example_dags/tutorial.py
[2025-04-02T13:39:47.532+0000] {processor.py:925} INFO - DAG(s) 'tutorial' retrieved from /home/airflow/.local/lib/python3.12/site-packages/airflow/example_dags/tutorial.py
[2025-04-02T13:39:47.559+0000] {logging_mixin.py:190} INFO - [2025-04-02T13:39:47.559+0000] {dag.py:3239} INFO - Sync 1 DAGs
[2025-04-02T13:39:47.587+0000] {logging_mixin.py:190} INFO - [2025-04-02T13:39:47.587+0000] {dag.py:4180} INFO - Setting next_dagrun for tutorial to 2025-04-01 00:00:00+00:00, run_after=2025-04-02 00:00:00+00:00
[2025-04-02T13:39:47.618+0000] {processor.py:208} INFO - Processing /home/airflow/.local/lib/python3.12/site-packages/airflow/example_dags/tutorial.py took 0.116 seconds
[2025-04-02T13:40:17.830+0000] {processor.py:186} INFO - Started process (PID=3297) to work on /home/airflow/.local/lib/python3.12/site-packages/airflow/example_dags/tutorial.py
[2025-04-02T13:40:17.832+0000] {processor.py:914} INFO - Processing file /home/airflow/.local/lib/python3.12/site-packages/airflow/example_dags/tutorial.py for tasks to queue
[2025-04-02T13:40:17.835+0000] {logging_mixin.py:190} INFO - [2025-04-02T13:40:17.834+0000] {dagbag.py:588} INFO - Filling up the DagBag from /home/airflow/.local/lib/python3.12/site-packages/airflow/example_dags/tutorial.py
[2025-04-02T13:40:17.848+0000] {processor.py:925} INFO - DAG(s) 'tutorial' retrieved from /home/airflow/.local/lib/python3.12/site-packages/airflow/example_dags/tutorial.py
[2025-04-02T13:40:17.878+0000] {logging_mixin.py:190} INFO - [2025-04-02T13:40:17.878+0000] {dag.py:3239} INFO - Sync 1 DAGs
[2025-04-02T13:40:17.910+0000] {logging_mixin.py:190} INFO - [2025-04-02T13:40:17.909+0000] {dag.py:4180} INFO - Setting next_dagrun for tutorial to 2025-04-01 00:00:00+00:00, run_after=2025-04-02 00:00:00+00:00
[2025-04-02T13:40:17.937+0000] {processor.py:208} INFO - Processing /home/airflow/.local/lib/python3.12/site-packages/airflow/example_dags/tutorial.py took 0.114 seconds
[2025-04-02T13:40:48.559+0000] {processor.py:186} INFO - Started process (PID=3361) to work on /home/airflow/.local/lib/python3.12/site-packages/airflow/example_dags/tutorial.py
[2025-04-02T13:40:48.560+0000] {processor.py:914} INFO - Processing file /home/airflow/.local/lib/python3.12/site-packages/airflow/example_dags/tutorial.py for tasks to queue
[2025-04-02T13:40:48.562+0000] {logging_mixin.py:190} INFO - [2025-04-02T13:40:48.562+0000] {dagbag.py:588} INFO - Filling up the DagBag from /home/airflow/.local/lib/python3.12/site-packages/airflow/example_dags/tutorial.py
[2025-04-02T13:40:48.574+0000] {processor.py:925} INFO - DAG(s) 'tutorial' retrieved from /home/airflow/.local/lib/python3.12/site-packages/airflow/example_dags/tutorial.py
[2025-04-02T13:40:48.602+0000] {logging_mixin.py:190} INFO - [2025-04-02T13:40:48.601+0000] {dag.py:3239} INFO - Sync 1 DAGs
[2025-04-02T13:40:48.632+0000] {logging_mixin.py:190} INFO - [2025-04-02T13:40:48.632+0000] {dag.py:4180} INFO - Setting next_dagrun for tutorial to 2025-04-01 00:00:00+00:00, run_after=2025-04-02 00:00:00+00:00
[2025-04-02T13:40:48.660+0000] {processor.py:208} INFO - Processing /home/airflow/.local/lib/python3.12/site-packages/airflow/example_dags/tutorial.py took 0.109 seconds
