[2025-04-02T14:50:30.510+0000] {local_task_job_runner.py:123} INFO - ::group::Pre task execution logs
[2025-04-02T14:50:30.557+0000] {taskinstance.py:2614} INFO - Dependencies all met for dep_context=non-requeueable deps ti=<TaskInstance: LocalIngestionDag.ingest_dataset scheduled__2025-03-02T06:00:00+00:00 [queued]>
[2025-04-02T14:50:30.579+0000] {taskinstance.py:2614} INFO - Dependencies all met for dep_context=requeueable deps ti=<TaskInstance: LocalIngestionDag.ingest_dataset scheduled__2025-03-02T06:00:00+00:00 [queued]>
[2025-04-02T14:50:30.580+0000] {taskinstance.py:2867} INFO - Starting attempt 1 of 1
[2025-04-02T14:50:30.620+0000] {taskinstance.py:2890} INFO - Executing <Task(BashOperator): ingest_dataset> on 2025-03-02 06:00:00+00:00
[2025-04-02T14:50:30.631+0000] {warnings.py:112} WARNING - /home/***/.local/lib/python3.12/site-packages/***/task/task_runner/standard_task_runner.py:70: DeprecationWarning: This process (pid=906) is multi-threaded, use of fork() may lead to deadlocks in the child.
  pid = os.fork()

[2025-04-02T14:50:30.645+0000] {standard_task_runner.py:72} INFO - Started process 910 to run task
[2025-04-02T14:50:30.634+0000] {standard_task_runner.py:104} INFO - Running: ['***', 'tasks', 'run', 'LocalIngestionDag', 'ingest_dataset', 'scheduled__2025-03-02T06:00:00+00:00', '--job-id', '11', '--raw', '--subdir', 'DAGS_FOLDER/data_ingestion_local.py', '--cfg-path', '/tmp/tmp0lfpn33w']
[2025-04-02T14:50:30.647+0000] {standard_task_runner.py:105} INFO - Job 11: Subtask ingest_dataset
[2025-04-02T14:50:30.740+0000] {task_command.py:467} INFO - Running <TaskInstance: LocalIngestionDag.ingest_dataset scheduled__2025-03-02T06:00:00+00:00 [running]> on host 6baa03efc864
[2025-04-02T14:50:30.892+0000] {taskinstance.py:3134} INFO - Exporting env vars: AIRFLOW_CTX_DAG_OWNER='***' AIRFLOW_CTX_DAG_ID='LocalIngestionDag' AIRFLOW_CTX_TASK_ID='ingest_dataset' AIRFLOW_CTX_EXECUTION_DATE='2025-03-02T06:00:00+00:00' AIRFLOW_CTX_TRY_NUMBER='1' AIRFLOW_CTX_DAG_RUN_ID='scheduled__2025-03-02T06:00:00+00:00'
[2025-04-02T14:50:30.896+0000] {taskinstance.py:732} INFO - ::endgroup::
[2025-04-02T14:50:30.924+0000] {subprocess.py:78} INFO - Tmp dir root location: /tmp
[2025-04-02T14:50:30.928+0000] {subprocess.py:88} INFO - Running command: ['/usr/bin/bash', '-c', 'echo "Hekko, world"']
[2025-04-02T14:50:30.959+0000] {subprocess.py:99} INFO - Output:
[2025-04-02T14:50:30.961+0000] {subprocess.py:106} INFO - Hekko, world
[2025-04-02T14:50:30.964+0000] {subprocess.py:110} INFO - Command exited with return code 0
[2025-04-02T14:50:31.042+0000] {taskinstance.py:341} INFO - ::group::Post task execution logs
[2025-04-02T14:50:31.043+0000] {taskinstance.py:353} INFO - Marking task as SUCCESS. dag_id=LocalIngestionDag, task_id=ingest_dataset, run_id=scheduled__2025-03-02T06:00:00+00:00, execution_date=20250302T060000, start_date=20250402T145030, end_date=20250402T145031
[2025-04-02T14:50:31.109+0000] {local_task_job_runner.py:266} INFO - Task exited with return code 0
[2025-04-02T14:50:31.143+0000] {taskinstance.py:3901} INFO - 0 downstream tasks scheduled from follow-on schedule check
[2025-04-02T14:50:31.146+0000] {local_task_job_runner.py:245} INFO - ::endgroup::
