[2025-04-02T16:33:32.808+0000] {local_task_job_runner.py:123} INFO - ::group::Pre task execution logs
[2025-04-02T16:33:32.848+0000] {taskinstance.py:2614} INFO - Dependencies all met for dep_context=non-requeueable deps ti=<TaskInstance: LocalIngestionDag.ingest_dataset scheduled__2025-03-02T06:00:00+00:00 [queued]>
[2025-04-02T16:33:32.866+0000] {taskinstance.py:2614} INFO - Dependencies all met for dep_context=requeueable deps ti=<TaskInstance: LocalIngestionDag.ingest_dataset scheduled__2025-03-02T06:00:00+00:00 [queued]>
[2025-04-02T16:33:32.867+0000] {taskinstance.py:2867} INFO - Starting attempt 3 of 3
[2025-04-02T16:33:32.892+0000] {taskinstance.py:2890} INFO - Executing <Task(BashOperator): ingest_dataset> on 2025-03-02 06:00:00+00:00
[2025-04-02T16:33:32.901+0000] {warnings.py:112} WARNING - /home/***/.local/lib/python3.12/site-packages/***/task/task_runner/standard_task_runner.py:70: DeprecationWarning: This process (pid=1921) is multi-threaded, use of fork() may lead to deadlocks in the child.
  pid = os.fork()

[2025-04-02T16:33:32.904+0000] {standard_task_runner.py:72} INFO - Started process 1922 to run task
[2025-04-02T16:33:32.904+0000] {standard_task_runner.py:104} INFO - Running: ['***', 'tasks', 'run', 'LocalIngestionDag', 'ingest_dataset', 'scheduled__2025-03-02T06:00:00+00:00', '--job-id', '28', '--raw', '--subdir', 'DAGS_FOLDER/data_ingestion_local.py', '--cfg-path', '/tmp/tmp5j30w9cs']
[2025-04-02T16:33:32.906+0000] {standard_task_runner.py:105} INFO - Job 28: Subtask ingest_dataset
[2025-04-02T16:33:33.000+0000] {task_command.py:467} INFO - Running <TaskInstance: LocalIngestionDag.ingest_dataset scheduled__2025-03-02T06:00:00+00:00 [running]> on host 6baa03efc864
[2025-04-02T16:33:33.165+0000] {taskinstance.py:3134} INFO - Exporting env vars: AIRFLOW_CTX_DAG_OWNER='***' AIRFLOW_CTX_DAG_ID='LocalIngestionDag' AIRFLOW_CTX_TASK_ID='ingest_dataset' AIRFLOW_CTX_EXECUTION_DATE='2025-03-02T06:00:00+00:00' AIRFLOW_CTX_TRY_NUMBER='3' AIRFLOW_CTX_DAG_RUN_ID='scheduled__2025-03-02T06:00:00+00:00'
[2025-04-02T16:33:33.166+0000] {taskinstance.py:732} INFO - ::endgroup::
[2025-04-02T16:33:33.193+0000] {subprocess.py:78} INFO - Tmp dir root location: /tmp
[2025-04-02T16:33:33.195+0000] {subprocess.py:88} INFO - Running command: ['/usr/bin/bash', '-c', 'ls /opt/***']
[2025-04-02T16:33:33.210+0000] {subprocess.py:99} INFO - Output:
[2025-04-02T16:33:33.215+0000] {subprocess.py:106} INFO - ***.cfg
[2025-04-02T16:33:33.216+0000] {subprocess.py:106} INFO - config
[2025-04-02T16:33:33.217+0000] {subprocess.py:106} INFO - dags
[2025-04-02T16:33:33.217+0000] {subprocess.py:106} INFO - logs
[2025-04-02T16:33:33.218+0000] {subprocess.py:106} INFO - plugins
[2025-04-02T16:33:33.219+0000] {subprocess.py:106} INFO - webserver_config.py
[2025-04-02T16:33:33.220+0000] {subprocess.py:106} INFO - yellow_tripdata_2024-01.parquet
[2025-04-02T16:33:33.221+0000] {subprocess.py:106} INFO - yellow_tripdata_2025-01.parquet
[2025-04-02T16:33:33.222+0000] {subprocess.py:106} INFO - yellow_tripdata_2025-02.parquet
[2025-04-02T16:33:33.222+0000] {subprocess.py:106} INFO - yellow_tripdata_2025-03.parquet
[2025-04-02T16:33:33.223+0000] {subprocess.py:110} INFO - Command exited with return code 0
[2025-04-02T16:33:33.265+0000] {taskinstance.py:341} INFO - ::group::Post task execution logs
[2025-04-02T16:33:33.266+0000] {taskinstance.py:353} INFO - Marking task as SUCCESS. dag_id=LocalIngestionDag, task_id=ingest_dataset, run_id=scheduled__2025-03-02T06:00:00+00:00, execution_date=20250302T060000, start_date=20250402T163332, end_date=20250402T163333
[2025-04-02T16:33:33.328+0000] {local_task_job_runner.py:266} INFO - Task exited with return code 0
[2025-04-02T16:33:33.365+0000] {taskinstance.py:3901} INFO - 0 downstream tasks scheduled from follow-on schedule check
[2025-04-02T16:33:33.368+0000] {local_task_job_runner.py:245} INFO - ::endgroup::
