[2025-07-29T15:03:36.471+0000] {local_task_job_runner.py:123} INFO - ::group::Pre task execution logs
[2025-07-29T15:03:36.506+0000] {taskinstance.py:2614} INFO - Dependencies all met for dep_context=non-requeueable deps ti=<TaskInstance: turnstile_ml_pipeline.run_inference scheduled__2025-07-28T00:00:00+00:00 [queued]>
[2025-07-29T15:03:36.526+0000] {taskinstance.py:2614} INFO - Dependencies all met for dep_context=requeueable deps ti=<TaskInstance: turnstile_ml_pipeline.run_inference scheduled__2025-07-28T00:00:00+00:00 [queued]>
[2025-07-29T15:03:36.527+0000] {taskinstance.py:2867} INFO - Starting attempt 1 of 1
[2025-07-29T15:03:36.547+0000] {taskinstance.py:2890} INFO - Executing <Task(BashOperator): run_inference> on 2025-07-28 00:00:00+00:00
[2025-07-29T15:03:36.560+0000] {logging_mixin.py:190} WARNING - /home/***/.local/lib/python3.12/site-packages/***/task/task_runner/standard_task_runner.py:70 DeprecationWarning: This process (pid=1115) is multi-threaded, use of fork() may lead to deadlocks in the child.
[2025-07-29T15:03:36.562+0000] {standard_task_runner.py:72} INFO - Started process 1121 to run task
[2025-07-29T15:03:36.562+0000] {standard_task_runner.py:104} INFO - Running: ['***', 'tasks', 'run', 'turnstile_ml_pipeline', 'run_inference', 'scheduled__2025-07-28T00:00:00+00:00', '--job-id', '135', '--raw', '--subdir', 'DAGS_FOLDER/pipeline_dag.py', '--cfg-path', '/tmp/tmp231rg08c']
[2025-07-29T15:03:36.566+0000] {standard_task_runner.py:105} INFO - Job 135: Subtask run_inference
[2025-07-29T15:03:36.592+0000] {logging_mixin.py:190} WARNING - /home/***/.local/lib/python3.12/site-packages/***/settings.py:209 DeprecationWarning: The sql_alchemy_conn option in [core] has been moved to the sql_alchemy_conn option in [database] - the old setting has been used, but please update your config.
[2025-07-29T15:03:36.640+0000] {task_command.py:467} INFO - Running <TaskInstance: turnstile_ml_pipeline.run_inference scheduled__2025-07-28T00:00:00+00:00 [running]> on host c9afdf80b5d8
[2025-07-29T15:03:36.643+0000] {logging_mixin.py:190} WARNING - /home/***/.local/lib/python3.12/site-packages/***/settings.py:470 DeprecationWarning: The sql_alchemy_conn option in [core] has been moved to the sql_alchemy_conn option in [database] - the old setting has been used, but please update your config.
[2025-07-29T15:03:36.756+0000] {taskinstance.py:3134} INFO - Exporting env vars: AIRFLOW_CTX_DAG_OWNER='***' AIRFLOW_CTX_DAG_ID='turnstile_ml_pipeline' AIRFLOW_CTX_TASK_ID='run_inference' AIRFLOW_CTX_EXECUTION_DATE='2025-07-28T00:00:00+00:00' AIRFLOW_CTX_TRY_NUMBER='1' AIRFLOW_CTX_DAG_RUN_ID='scheduled__2025-07-28T00:00:00+00:00'
[2025-07-29T15:03:36.757+0000] {taskinstance.py:732} INFO - ::endgroup::
[2025-07-29T15:03:36.781+0000] {subprocess.py:78} INFO - Tmp dir root location: /tmp
[2025-07-29T15:03:36.783+0000] {subprocess.py:88} INFO - Running command: ['/usr/bin/bash', '-c', '\n            python /opt/***/pipeline/inference.py                 --user ***                 --password ***                 --host postgres                 --port 5432                 --db_name ny_sub_turnstiles                 --inference_table inference_features                 --predictions_table predictions\n        ']
[2025-07-29T15:03:36.802+0000] {subprocess.py:99} INFO - Output:
[2025-07-29T15:03:41.913+0000] {subprocess.py:106} INFO -    group_key            datetime  ...  hour  day_of_week
[2025-07-29T15:03:41.914+0000] {subprocess.py:106} INFO - 0  A002_R051 2022-07-29 00:00:00  ...     0            4
[2025-07-29T15:03:41.914+0000] {subprocess.py:106} INFO - 1  A002_R051 2022-07-29 01:00:00  ...     1            4
[2025-07-29T15:03:41.915+0000] {subprocess.py:106} INFO - 
[2025-07-29T15:03:41.916+0000] {subprocess.py:106} INFO - [2 rows x 8 columns]
[2025-07-29T15:03:41.917+0000] {subprocess.py:106} INFO - [OK] Saved 450 predictions to 'predictions'
[2025-07-29T15:03:42.344+0000] {subprocess.py:110} INFO - Command exited with return code 0
[2025-07-29T15:03:42.381+0000] {taskinstance.py:341} INFO - ::group::Post task execution logs
[2025-07-29T15:03:42.382+0000] {taskinstance.py:353} INFO - Marking task as SUCCESS. dag_id=turnstile_ml_pipeline, task_id=run_inference, run_id=scheduled__2025-07-28T00:00:00+00:00, execution_date=20250728T000000, start_date=20250729T150336, end_date=20250729T150342
[2025-07-29T15:03:42.441+0000] {local_task_job_runner.py:266} INFO - Task exited with return code 0
[2025-07-29T15:03:42.472+0000] {taskinstance.py:3901} INFO - 1 downstream tasks scheduled from follow-on schedule check
[2025-07-29T15:03:42.476+0000] {local_task_job_runner.py:245} INFO - ::endgroup::
