[2025-08-04T21:06:47.891+0000] {local_task_job_runner.py:123} INFO - ::group::Pre task execution logs
[2025-08-04T21:06:47.918+0000] {taskinstance.py:2614} INFO - Dependencies all met for dep_context=non-requeueable deps ti=<TaskInstance: turnstile_ml_pipeline.preprocess_train manual__2025-08-04T21:06:18.145419+00:00 [queued]>
[2025-08-04T21:06:47.932+0000] {taskinstance.py:2614} INFO - Dependencies all met for dep_context=requeueable deps ti=<TaskInstance: turnstile_ml_pipeline.preprocess_train manual__2025-08-04T21:06:18.145419+00:00 [queued]>
[2025-08-04T21:06:47.933+0000] {taskinstance.py:2867} INFO - Starting attempt 1 of 1
[2025-08-04T21:06:47.951+0000] {taskinstance.py:2890} INFO - Executing <Task(BashOperator): preprocess_train> on 2025-08-04 21:06:18.145419+00:00
[2025-08-04T21:06:47.956+0000] {standard_task_runner.py:72} INFO - Started process 76 to run task
[2025-08-04T21:06:47.960+0000] {standard_task_runner.py:104} INFO - Running: ['***', 'tasks', 'run', 'turnstile_ml_pipeline', 'preprocess_train', 'manual__2025-08-04T21:06:18.145419+00:00', '--job-id', '90', '--raw', '--subdir', 'DAGS_FOLDER/turnstile_ml_pipeline.py', '--cfg-path', '/tmp/tmprzhv7mci']
[2025-08-04T21:06:47.965+0000] {standard_task_runner.py:105} INFO - Job 90: Subtask preprocess_train
[2025-08-04T21:06:47.990+0000] {logging_mixin.py:190} WARNING - /home/***/.local/lib/python3.12/site-packages/***/settings.py:209 DeprecationWarning: The sql_alchemy_conn option in [core] has been moved to the sql_alchemy_conn option in [database] - the old setting has been used, but please update your config.
[2025-08-04T21:06:48.051+0000] {task_command.py:467} INFO - Running <TaskInstance: turnstile_ml_pipeline.preprocess_train manual__2025-08-04T21:06:18.145419+00:00 [running]> on host c3acc3669c6c
[2025-08-04T21:06:48.192+0000] {taskinstance.py:3134} INFO - Exporting env vars: AIRFLOW_CTX_DAG_OWNER='***' AIRFLOW_CTX_DAG_ID='turnstile_ml_pipeline' AIRFLOW_CTX_TASK_ID='preprocess_train' AIRFLOW_CTX_EXECUTION_DATE='2025-08-04T21:06:18.145419+00:00' AIRFLOW_CTX_TRY_NUMBER='1' AIRFLOW_CTX_DAG_RUN_ID='manual__2025-08-04T21:06:18.145419+00:00'
[2025-08-04T21:06:48.193+0000] {taskinstance.py:732} INFO - ::endgroup::
[2025-08-04T21:06:48.226+0000] {subprocess.py:78} INFO - Tmp dir root location: /tmp
[2025-08-04T21:06:48.229+0000] {subprocess.py:88} INFO - Running command: ['/usr/bin/bash', '-c', '\n            python /opt/***/pipeline/preprocess.py                 --user ***                 --password ***                 --host postgres                 --port 5432                 --db_name ny_sub_turnstiles                 --raw_table raw_turnstile_data                 --features_table turnstile_features                 --mode train\n        ']
[2025-08-04T21:06:48.241+0000] {subprocess.py:99} INFO - Output:
[2025-08-04T21:06:50.788+0000] {subprocess.py:106} INFO - Loaded (14000, 10)
[2025-08-04T21:06:50.789+0000] {subprocess.py:106} INFO - Aggregated df (1997, 3)
[2025-08-04T21:06:50.790+0000] {subprocess.py:106} INFO - [OK] Saved 1997 rows to 'turnstile_features'
[2025-08-04T21:06:50.942+0000] {subprocess.py:110} INFO - Command exited with return code 0
[2025-08-04T21:06:50.992+0000] {taskinstance.py:341} INFO - ::group::Post task execution logs
[2025-08-04T21:06:50.993+0000] {taskinstance.py:353} INFO - Marking task as SUCCESS. dag_id=turnstile_ml_pipeline, task_id=preprocess_train, run_id=manual__2025-08-04T21:06:18.145419+00:00, execution_date=20250804T210618, start_date=20250804T210647, end_date=20250804T210650
[2025-08-04T21:06:51.069+0000] {local_task_job_runner.py:266} INFO - Task exited with return code 0
[2025-08-04T21:06:51.125+0000] {taskinstance.py:3901} INFO - 1 downstream tasks scheduled from follow-on schedule check
[2025-08-04T21:06:51.130+0000] {local_task_job_runner.py:245} INFO - ::endgroup::
