[2025-07-13T19:32:03.903+0000] {local_task_job_runner.py:123} INFO - ::group::Pre task execution logs
[2025-07-13T19:32:03.936+0000] {taskinstance.py:2614} INFO - Dependencies all met for dep_context=non-requeueable deps ti=<TaskInstance: turnstile_ml_pipeline.train_model manual__2025-07-13T17:16:28+00:00 [queued]>
[2025-07-13T19:32:03.954+0000] {taskinstance.py:2614} INFO - Dependencies all met for dep_context=requeueable deps ti=<TaskInstance: turnstile_ml_pipeline.train_model manual__2025-07-13T17:16:28+00:00 [queued]>
[2025-07-13T19:32:03.956+0000] {taskinstance.py:2867} INFO - Starting attempt 5 of 5
[2025-07-13T19:32:03.979+0000] {taskinstance.py:2890} INFO - Executing <Task(BashOperator): train_model> on 2025-07-13 17:16:28+00:00
[2025-07-13T19:32:03.996+0000] {logging_mixin.py:190} WARNING - /home/***/.local/lib/python3.12/site-packages/***/task/task_runner/standard_task_runner.py:70 DeprecationWarning: This process (pid=544) is multi-threaded, use of fork() may lead to deadlocks in the child.
[2025-07-13T19:32:03.998+0000] {standard_task_runner.py:72} INFO - Started process 550 to run task
[2025-07-13T19:32:03.996+0000] {standard_task_runner.py:104} INFO - Running: ['***', 'tasks', 'run', 'turnstile_ml_pipeline', 'train_model', 'manual__2025-07-13T17:16:28+00:00', '--job-id', '13', '--raw', '--subdir', 'DAGS_FOLDER/pipeline_dag.py', '--cfg-path', '/tmp/tmp63qa5msb']
[2025-07-13T19:32:03.999+0000] {standard_task_runner.py:105} INFO - Job 13: Subtask train_model
[2025-07-13T19:32:04.020+0000] {logging_mixin.py:190} WARNING - /home/***/.local/lib/python3.12/site-packages/***/settings.py:209 DeprecationWarning: The sql_alchemy_conn option in [core] has been moved to the sql_alchemy_conn option in [database] - the old setting has been used, but please update your config.
[2025-07-13T19:32:04.081+0000] {task_command.py:467} INFO - Running <TaskInstance: turnstile_ml_pipeline.train_model manual__2025-07-13T17:16:28+00:00 [running]> on host d84888688479
[2025-07-13T19:32:04.207+0000] {taskinstance.py:3134} INFO - Exporting env vars: AIRFLOW_CTX_DAG_OWNER='***' AIRFLOW_CTX_DAG_ID='turnstile_ml_pipeline' AIRFLOW_CTX_TASK_ID='train_model' AIRFLOW_CTX_EXECUTION_DATE='2025-07-13T17:16:28+00:00' AIRFLOW_CTX_TRY_NUMBER='5' AIRFLOW_CTX_DAG_RUN_ID='manual__2025-07-13T17:16:28+00:00'
[2025-07-13T19:32:04.209+0000] {taskinstance.py:732} INFO - ::endgroup::
[2025-07-13T19:32:04.229+0000] {subprocess.py:78} INFO - Tmp dir root location: /tmp
[2025-07-13T19:32:04.231+0000] {subprocess.py:88} INFO - Running command: ['/usr/bin/bash', '-c', '\n            python /opt/***/pipeline/train_register.py                             --user ***                 --password ***                 --host postgres                 --port 5432                 --db_name ny_sub_turnstiles                 --features_table turnstile_features         ']
[2025-07-13T19:32:04.247+0000] {subprocess.py:99} INFO - Output:
[2025-07-13T19:32:11.344+0000] {subprocess.py:106} INFO - Downloading artifacts:   0%|          | 0/1 [00:00<?, ?it/s]Downloading artifacts:   0%|          | 0/1 [00:00<?, ?it/s]
[2025-07-13T19:32:11.416+0000] {subprocess.py:106} INFO - Traceback (most recent call last):
[2025-07-13T19:32:11.417+0000] {subprocess.py:106} INFO -   File "/opt/***/pipeline/train_register.py", line 27, in <module>
[2025-07-13T19:32:11.419+0000] {subprocess.py:106} INFO -     params_path = client.download_artifacts(
[2025-07-13T19:32:11.420+0000] {subprocess.py:106} INFO -                   ^^^^^^^^^^^^^^^^^^^^^^^^^^
[2025-07-13T19:32:11.420+0000] {subprocess.py:106} INFO -   File "/home/***/.local/lib/python3.12/site-packages/mlflow/tracking/client.py", line 3380, in download_artifacts
[2025-07-13T19:32:11.422+0000] {subprocess.py:106} INFO -     return self._tracking_client.download_artifacts(run_id, path, dst_path)
[2025-07-13T19:32:11.423+0000] {subprocess.py:106} INFO -            ^^^^^^^^^^^^^^^^^^^^^^^^^^^^^^^^^^^^^^^^^^^^^^^^^^^^^^^^^^^^^^^^
[2025-07-13T19:32:11.424+0000] {subprocess.py:106} INFO -   File "/home/***/.local/lib/python3.12/site-packages/mlflow/tracking/_tracking_service/client.py", line 715, in download_artifacts
[2025-07-13T19:32:11.425+0000] {subprocess.py:106} INFO -     return download_artifacts(
[2025-07-13T19:32:11.426+0000] {subprocess.py:106} INFO -            ^^^^^^^^^^^^^^^^^^^
[2025-07-13T19:32:11.427+0000] {subprocess.py:106} INFO -   File "/home/***/.local/lib/python3.12/site-packages/mlflow/artifacts/__init__.py", line 86, in download_artifacts
[2025-07-13T19:32:11.429+0000] {subprocess.py:106} INFO -     return _download_artifact_from_uri(
[2025-07-13T19:32:11.430+0000] {subprocess.py:106} INFO -            ^^^^^^^^^^^^^^^^^^^^^^^^^^^^
[2025-07-13T19:32:11.432+0000] {subprocess.py:106} INFO -   File "/home/***/.local/lib/python3.12/site-packages/mlflow/tracking/artifact_utils.py", line 117, in _download_artifact_from_uri
[2025-07-13T19:32:11.433+0000] {subprocess.py:106} INFO -     return repo.download_artifacts(artifact_path=artifact_path, dst_path=output_path)
[2025-07-13T19:32:11.434+0000] {subprocess.py:106} INFO -            ^^^^^^^^^^^^^^^^^^^^^^^^^^^^^^^^^^^^^^^^^^^^^^^^^^^^^^^^^^^^^^^^^^^^^^^^^^
[2025-07-13T19:32:11.435+0000] {subprocess.py:106} INFO -   File "/home/***/.local/lib/python3.12/site-packages/mlflow/store/artifact/runs_artifact_repo.py", line 210, in download_artifacts
[2025-07-13T19:32:11.435+0000] {subprocess.py:106} INFO -     model_out_path = self._download_model_artifacts(artifact_path, dst_path=dst_path)
[2025-07-13T19:32:11.436+0000] {subprocess.py:106} INFO -                      ^^^^^^^^^^^^^^^^^^^^^^^^^^^^^^^^^^^^^^^^^^^^^^^^^^^^^^^^^^^^^^^^
[2025-07-13T19:32:11.436+0000] {subprocess.py:106} INFO -   File "/home/***/.local/lib/python3.12/site-packages/mlflow/store/artifact/runs_artifact_repo.py", line 231, in _download_model_artifacts
[2025-07-13T19:32:11.437+0000] {subprocess.py:106} INFO -     if repo := self._get_logged_model_artifact_repo(run_id=run_id, name=model_name):
[2025-07-13T19:32:11.437+0000] {subprocess.py:106} INFO -                ^^^^^^^^^^^^^^^^^^^^^^^^^^^^^^^^^^^^^^^^^^^^^^^^^^^^^^^^^^^^^^^^^^^^
[2025-07-13T19:32:11.439+0000] {subprocess.py:106} INFO -   File "/home/***/.local/lib/python3.12/site-packages/mlflow/store/artifact/runs_artifact_repo.py", line 154, in _get_logged_model_artifact_repo
[2025-07-13T19:32:11.440+0000] {subprocess.py:106} INFO -     if matched := next((m for m in iter_models() if m.source_run_id == run_id), None):
[2025-07-13T19:32:11.441+0000] {subprocess.py:106} INFO -                   ^^^^^^^^^^^^^^^^^^^^^^^^^^^^^^^^^^^^^^^^^^^^^^^^^^^^^^^^^^^^^^^^^^^
[2025-07-13T19:32:11.442+0000] {subprocess.py:106} INFO -   File "/home/***/.local/lib/python3.12/site-packages/mlflow/store/artifact/runs_artifact_repo.py", line 154, in <genexpr>
[2025-07-13T19:32:11.443+0000] {subprocess.py:106} INFO -     if matched := next((m for m in iter_models() if m.source_run_id == run_id), None):
[2025-07-13T19:32:11.449+0000] {subprocess.py:106} INFO -                                    ^^^^^^^^^^^^^
[2025-07-13T19:32:11.453+0000] {subprocess.py:106} INFO -   File "/home/***/.local/lib/python3.12/site-packages/mlflow/store/artifact/runs_artifact_repo.py", line 143, in iter_models
[2025-07-13T19:32:11.456+0000] {subprocess.py:106} INFO -     page = client.search_logged_models(
[2025-07-13T19:32:11.457+0000] {subprocess.py:106} INFO -            ^^^^^^^^^^^^^^^^^^^^^^^^^^^^
[2025-07-13T19:32:11.459+0000] {subprocess.py:106} INFO -   File "/home/***/.local/lib/python3.12/site-packages/mlflow/tracking/client.py", line 5584, in search_logged_models
[2025-07-13T19:32:11.460+0000] {subprocess.py:106} INFO -     return self._tracking_client.search_logged_models(
[2025-07-13T19:32:11.462+0000] {subprocess.py:106} INFO -            ^^^^^^^^^^^^^^^^^^^^^^^^^^^^^^^^^^^^^^^^^^^
[2025-07-13T19:32:11.464+0000] {subprocess.py:106} INFO -   File "/home/***/.local/lib/python3.12/site-packages/mlflow/tracking/_tracking_service/client.py", line 881, in search_logged_models
[2025-07-13T19:32:11.465+0000] {subprocess.py:106} INFO -     return self.store.search_logged_models(
[2025-07-13T19:32:11.465+0000] {subprocess.py:106} INFO -            ^^^^^^^^^^^^^^^^^^^^^^^^^^^^^^^^
[2025-07-13T19:32:11.466+0000] {subprocess.py:106} INFO -   File "/home/***/.local/lib/python3.12/site-packages/mlflow/store/tracking/rest_store.py", line 1057, in search_logged_models
[2025-07-13T19:32:11.467+0000] {subprocess.py:106} INFO -     response_proto = self._call_endpoint(SearchLoggedModels, req_body)
[2025-07-13T19:32:11.468+0000] {subprocess.py:106} INFO -                      ^^^^^^^^^^^^^^^^^^^^^^^^^^^^^^^^^^^^^^^^^^^^^^^^^
[2025-07-13T19:32:11.469+0000] {subprocess.py:106} INFO -   File "/home/***/.local/lib/python3.12/site-packages/mlflow/store/tracking/rest_store.py", line 135, in _call_endpoint
[2025-07-13T19:32:11.470+0000] {subprocess.py:106} INFO -     return call_endpoint(
[2025-07-13T19:32:11.471+0000] {subprocess.py:106} INFO -            ^^^^^^^^^^^^^^
[2025-07-13T19:32:11.475+0000] {subprocess.py:106} INFO -   File "/home/***/.local/lib/python3.12/site-packages/mlflow/utils/rest_utils.py", line 590, in call_endpoint
[2025-07-13T19:32:11.479+0000] {subprocess.py:106} INFO -     response = verify_rest_response(response, endpoint)
[2025-07-13T19:32:11.481+0000] {subprocess.py:106} INFO -                ^^^^^^^^^^^^^^^^^^^^^^^^^^^^^^^^^^^^^^^^
[2025-07-13T19:32:11.483+0000] {subprocess.py:106} INFO -   File "/home/***/.local/lib/python3.12/site-packages/mlflow/utils/rest_utils.py", line 310, in verify_rest_response
[2025-07-13T19:32:11.484+0000] {subprocess.py:106} INFO -     raise MlflowException(
[2025-07-13T19:32:11.486+0000] {subprocess.py:106} INFO - mlflow.exceptions.MlflowException: API request to endpoint /api/2.0/mlflow/logged-models/search failed with error code 404 != 200. Response body: '<!doctype html>
[2025-07-13T19:32:11.487+0000] {subprocess.py:106} INFO - <html lang=en>
[2025-07-13T19:32:11.491+0000] {subprocess.py:106} INFO - <title>404 Not Found</title>
[2025-07-13T19:32:11.493+0000] {subprocess.py:106} INFO - <h1>Not Found</h1>
[2025-07-13T19:32:11.494+0000] {subprocess.py:106} INFO - <p>The requested URL was not found on the server. If you entered the URL manually please check your spelling and try again.</p>
[2025-07-13T19:32:11.496+0000] {subprocess.py:106} INFO - '
[2025-07-13T19:32:11.997+0000] {subprocess.py:110} INFO - Command exited with return code 1
[2025-07-13T19:32:12.013+0000] {taskinstance.py:3313} ERROR - Task failed with exception
Traceback (most recent call last):
  File "/home/airflow/.local/lib/python3.12/site-packages/airflow/models/taskinstance.py", line 768, in _execute_task
    result = _execute_callable(context=context, **execute_callable_kwargs)
             ^^^^^^^^^^^^^^^^^^^^^^^^^^^^^^^^^^^^^^^^^^^^^^^^^^^^^^^^^^^^^
  File "/home/airflow/.local/lib/python3.12/site-packages/airflow/models/taskinstance.py", line 734, in _execute_callable
    return ExecutionCallableRunner(
           ^^^^^^^^^^^^^^^^^^^^^^^^
  File "/home/airflow/.local/lib/python3.12/site-packages/airflow/utils/operator_helpers.py", line 252, in run
    return self.func(*args, **kwargs)
           ^^^^^^^^^^^^^^^^^^^^^^^^^^
  File "/home/airflow/.local/lib/python3.12/site-packages/airflow/models/baseoperator.py", line 424, in wrapper
    return func(self, *args, **kwargs)
           ^^^^^^^^^^^^^^^^^^^^^^^^^^^
  File "/home/airflow/.local/lib/python3.12/site-packages/airflow/operators/bash.py", line 276, in execute
    raise AirflowException(
airflow.exceptions.AirflowException: Bash command failed. The command returned a non-zero exit code 1.
[2025-07-13T19:32:12.021+0000] {taskinstance.py:1226} INFO - Marking task as FAILED. dag_id=turnstile_ml_pipeline, task_id=train_model, run_id=manual__2025-07-13T17:16:28+00:00, execution_date=20250713T171628, start_date=20250713T193203, end_date=20250713T193212
[2025-07-13T19:32:12.072+0000] {taskinstance.py:341} INFO - ::group::Post task execution logs
[2025-07-13T19:32:12.073+0000] {standard_task_runner.py:124} ERROR - Failed to execute job 13 for task train_model (Bash command failed. The command returned a non-zero exit code 1.; 550)
Traceback (most recent call last):
  File "/home/airflow/.local/lib/python3.12/site-packages/airflow/task/task_runner/standard_task_runner.py", line 117, in _start_by_fork
    ret = args.func(args, dag=self.dag)
          ^^^^^^^^^^^^^^^^^^^^^^^^^^^^^
  File "/home/airflow/.local/lib/python3.12/site-packages/airflow/cli/cli_config.py", line 49, in command
    return func(*args, **kwargs)
           ^^^^^^^^^^^^^^^^^^^^^
  File "/home/airflow/.local/lib/python3.12/site-packages/airflow/utils/cli.py", line 116, in wrapper
    return f(*args, **kwargs)
           ^^^^^^^^^^^^^^^^^^
  File "/home/airflow/.local/lib/python3.12/site-packages/airflow/cli/commands/task_command.py", line 483, in task_run
    task_return_code = _run_task_by_selected_method(args, _dag, ti)
                       ^^^^^^^^^^^^^^^^^^^^^^^^^^^^^^^^^^^^^^^^^^^^
  File "/home/airflow/.local/lib/python3.12/site-packages/airflow/cli/commands/task_command.py", line 256, in _run_task_by_selected_method
    return _run_raw_task(args, ti)
           ^^^^^^^^^^^^^^^^^^^^^^^
  File "/home/airflow/.local/lib/python3.12/site-packages/airflow/cli/commands/task_command.py", line 341, in _run_raw_task
    return ti._run_raw_task(
           ^^^^^^^^^^^^^^^^^
  File "/home/airflow/.local/lib/python3.12/site-packages/airflow/utils/session.py", line 97, in wrapper
    return func(*args, session=session, **kwargs)
           ^^^^^^^^^^^^^^^^^^^^^^^^^^^^^^^^^^^^^^
  File "/home/airflow/.local/lib/python3.12/site-packages/airflow/models/taskinstance.py", line 3006, in _run_raw_task
    return _run_raw_task(
           ^^^^^^^^^^^^^^
  File "/home/airflow/.local/lib/python3.12/site-packages/airflow/models/taskinstance.py", line 274, in _run_raw_task
    TaskInstance._execute_task_with_callbacks(
  File "/home/airflow/.local/lib/python3.12/site-packages/airflow/models/taskinstance.py", line 3161, in _execute_task_with_callbacks
    result = self._execute_task(context, task_orig)
             ^^^^^^^^^^^^^^^^^^^^^^^^^^^^^^^^^^^^^^
  File "/home/airflow/.local/lib/python3.12/site-packages/airflow/models/taskinstance.py", line 3185, in _execute_task
    return _execute_task(self, context, task_orig)
           ^^^^^^^^^^^^^^^^^^^^^^^^^^^^^^^^^^^^^^^
  File "/home/airflow/.local/lib/python3.12/site-packages/airflow/models/taskinstance.py", line 768, in _execute_task
    result = _execute_callable(context=context, **execute_callable_kwargs)
             ^^^^^^^^^^^^^^^^^^^^^^^^^^^^^^^^^^^^^^^^^^^^^^^^^^^^^^^^^^^^^
  File "/home/airflow/.local/lib/python3.12/site-packages/airflow/models/taskinstance.py", line 734, in _execute_callable
    return ExecutionCallableRunner(
           ^^^^^^^^^^^^^^^^^^^^^^^^
  File "/home/airflow/.local/lib/python3.12/site-packages/airflow/utils/operator_helpers.py", line 252, in run
    return self.func(*args, **kwargs)
           ^^^^^^^^^^^^^^^^^^^^^^^^^^
  File "/home/airflow/.local/lib/python3.12/site-packages/airflow/models/baseoperator.py", line 424, in wrapper
    return func(self, *args, **kwargs)
           ^^^^^^^^^^^^^^^^^^^^^^^^^^^
  File "/home/airflow/.local/lib/python3.12/site-packages/airflow/operators/bash.py", line 276, in execute
    raise AirflowException(
airflow.exceptions.AirflowException: Bash command failed. The command returned a non-zero exit code 1.
[2025-07-13T19:32:12.113+0000] {local_task_job_runner.py:266} INFO - Task exited with return code 1
[2025-07-13T19:32:12.153+0000] {taskinstance.py:3901} INFO - 0 downstream tasks scheduled from follow-on schedule check
[2025-07-13T19:32:12.164+0000] {local_task_job_runner.py:245} INFO - ::endgroup::
