[2025-08-02T18:11:57.491+0000] {local_task_job_runner.py:123} INFO - ::group::Pre task execution logs
[2025-08-02T18:11:57.530+0000] {taskinstance.py:2614} INFO - Dependencies all met for dep_context=non-requeueable deps ti=<TaskInstance: turnstile_ml_pipeline.run_monitoring manual__2025-08-02T18:10:17.396797+00:00 [queued]>
[2025-08-02T18:11:57.548+0000] {taskinstance.py:2614} INFO - Dependencies all met for dep_context=requeueable deps ti=<TaskInstance: turnstile_ml_pipeline.run_monitoring manual__2025-08-02T18:10:17.396797+00:00 [queued]>
[2025-08-02T18:11:57.549+0000] {taskinstance.py:2867} INFO - Starting attempt 1 of 1
[2025-08-02T18:11:57.573+0000] {taskinstance.py:2890} INFO - Executing <Task(BashOperator): run_monitoring> on 2025-08-02 18:10:17.396797+00:00
[2025-08-02T18:11:57.585+0000] {logging_mixin.py:190} WARNING - /home/***/.local/lib/python3.12/site-packages/***/task/task_runner/standard_task_runner.py:70 DeprecationWarning: This process (pid=141) is multi-threaded, use of fork() may lead to deadlocks in the child.
[2025-08-02T18:11:57.588+0000] {standard_task_runner.py:72} INFO - Started process 147 to run task
[2025-08-02T18:11:57.585+0000] {standard_task_runner.py:104} INFO - Running: ['***', 'tasks', 'run', 'turnstile_ml_pipeline', 'run_monitoring', 'manual__2025-08-02T18:10:17.396797+00:00', '--job-id', '16', '--raw', '--subdir', 'DAGS_FOLDER/turnstile_ml_pipeline.py', '--cfg-path', '/tmp/tmpmkovtokg']
[2025-08-02T18:11:57.589+0000] {standard_task_runner.py:105} INFO - Job 16: Subtask run_monitoring
[2025-08-02T18:11:57.612+0000] {logging_mixin.py:190} WARNING - /home/***/.local/lib/python3.12/site-packages/***/settings.py:209 DeprecationWarning: The sql_alchemy_conn option in [core] has been moved to the sql_alchemy_conn option in [database] - the old setting has been used, but please update your config.
[2025-08-02T18:11:57.686+0000] {task_command.py:467} INFO - Running <TaskInstance: turnstile_ml_pipeline.run_monitoring manual__2025-08-02T18:10:17.396797+00:00 [running]> on host dd604637fe9d
[2025-08-02T18:11:57.821+0000] {taskinstance.py:3134} INFO - Exporting env vars: AIRFLOW_CTX_DAG_OWNER='***' AIRFLOW_CTX_DAG_ID='turnstile_ml_pipeline' AIRFLOW_CTX_TASK_ID='run_monitoring' AIRFLOW_CTX_EXECUTION_DATE='2025-08-02T18:10:17.396797+00:00' AIRFLOW_CTX_TRY_NUMBER='1' AIRFLOW_CTX_DAG_RUN_ID='manual__2025-08-02T18:10:17.396797+00:00'
[2025-08-02T18:11:57.824+0000] {taskinstance.py:732} INFO - ::endgroup::
[2025-08-02T18:11:57.853+0000] {subprocess.py:78} INFO - Tmp dir root location: /tmp
[2025-08-02T18:11:57.855+0000] {subprocess.py:88} INFO - Running command: ['/usr/bin/bash', '-c', '\n            python /opt/***/pipeline/monitor.py                 --user ***                 --password ***                 --host postgres                 --port 5432                 --db_name ny_sub_turnstiles                 --predictions_table predictions                 --monitoring_table monitoring                 --reference_date 2022-08-02\n        ']
[2025-08-02T18:11:57.870+0000] {subprocess.py:99} INFO - Output:
[2025-08-02T18:12:02.271+0000] {subprocess.py:106} INFO - [Monitoring] For date: 2022-08-02
[2025-08-02T18:12:02.272+0000] {subprocess.py:106} INFO - 2022-08-02
[2025-08-02T18:12:02.273+0000] {subprocess.py:106} INFO -   monitoring_date  n_obs          mae         rmse  mean_ridership
[2025-08-02T18:12:02.274+0000] {subprocess.py:106} INFO - 0      2022-08-02    120  1794.713904  2388.146628     1810.783333
[2025-08-02T18:12:02.275+0000] {subprocess.py:106} INFO -    group_key monitoring_date  n_obs  ...         rmse  ridership_mean  load_class
[2025-08-02T18:12:02.275+0000] {subprocess.py:106} INFO - 0  A002_R051      2022-08-02      5  ...  1586.693300          1791.6    mid-high
[2025-08-02T18:12:02.276+0000] {subprocess.py:106} INFO - 1  A006_R079      2022-08-02      5  ...  1836.314123          1947.0    mid-high
[2025-08-02T18:12:02.277+0000] {subprocess.py:106} INFO - 2  A007_R079      2022-08-02      5  ...   709.674891           758.6         low
[2025-08-02T18:12:02.278+0000] {subprocess.py:106} INFO - 3  A010_R080      2022-08-02      5  ...  1997.503729          2026.0        high
[2025-08-02T18:12:02.279+0000] {subprocess.py:106} INFO - 4  A011_R080      2022-08-02      5  ...  3037.179860          2684.2        high
[2025-08-02T18:12:02.280+0000] {subprocess.py:106} INFO - 
[2025-08-02T18:12:02.281+0000] {subprocess.py:106} INFO - [5 rows x 7 columns]
[2025-08-02T18:12:02.282+0000] {subprocess.py:106} INFO - [OK] Saved 24 rows to 'monitoring'
[2025-08-02T18:12:02.404+0000] {subprocess.py:110} INFO - Command exited with return code 0
[2025-08-02T18:12:02.431+0000] {taskinstance.py:341} INFO - ::group::Post task execution logs
[2025-08-02T18:12:02.432+0000] {taskinstance.py:353} INFO - Marking task as SUCCESS. dag_id=turnstile_ml_pipeline, task_id=run_monitoring, run_id=manual__2025-08-02T18:10:17.396797+00:00, execution_date=20250802T181017, start_date=20250802T181157, end_date=20250802T181202
[2025-08-02T18:12:02.470+0000] {local_task_job_runner.py:266} INFO - Task exited with return code 0
[2025-08-02T18:12:02.488+0000] {taskinstance.py:3901} INFO - 0 downstream tasks scheduled from follow-on schedule check
[2025-08-02T18:12:02.491+0000] {local_task_job_runner.py:245} INFO - ::endgroup::
