[2025-08-03T14:02:46.881+0000] {local_task_job_runner.py:123} INFO - ::group::Pre task execution logs
[2025-08-03T14:02:46.902+0000] {taskinstance.py:2614} INFO - Dependencies all met for dep_context=non-requeueable deps ti=<TaskInstance: turnstile_ml_pipeline.run_monitoring scheduled__2025-08-02T00:00:00+00:00 [queued]>
[2025-08-03T14:02:46.912+0000] {taskinstance.py:2614} INFO - Dependencies all met for dep_context=requeueable deps ti=<TaskInstance: turnstile_ml_pipeline.run_monitoring scheduled__2025-08-02T00:00:00+00:00 [queued]>
[2025-08-03T14:02:46.913+0000] {taskinstance.py:2867} INFO - Starting attempt 1 of 1
[2025-08-03T14:02:46.926+0000] {taskinstance.py:2890} INFO - Executing <Task(BashOperator): run_monitoring> on 2025-08-02 00:00:00+00:00
[2025-08-03T14:02:46.936+0000] {logging_mixin.py:190} WARNING - /home/***/.local/lib/python3.12/site-packages/***/task/task_runner/standard_task_runner.py:70 DeprecationWarning: This process (pid=890) is multi-threaded, use of fork() may lead to deadlocks in the child.
[2025-08-03T14:02:46.938+0000] {standard_task_runner.py:72} INFO - Started process 896 to run task
[2025-08-03T14:02:46.936+0000] {standard_task_runner.py:104} INFO - Running: ['***', 'tasks', 'run', 'turnstile_ml_pipeline', 'run_monitoring', 'scheduled__2025-08-02T00:00:00+00:00', '--job-id', '23', '--raw', '--subdir', 'DAGS_FOLDER/turnstile_ml_pipeline.py', '--cfg-path', '/tmp/tmp7fy2bzz8']
[2025-08-03T14:02:46.940+0000] {standard_task_runner.py:105} INFO - Job 23: Subtask run_monitoring
[2025-08-03T14:02:46.959+0000] {logging_mixin.py:190} WARNING - /home/***/.local/lib/python3.12/site-packages/***/settings.py:209 DeprecationWarning: The sql_alchemy_conn option in [core] has been moved to the sql_alchemy_conn option in [database] - the old setting has been used, but please update your config.
[2025-08-03T14:02:47.001+0000] {task_command.py:467} INFO - Running <TaskInstance: turnstile_ml_pipeline.run_monitoring scheduled__2025-08-02T00:00:00+00:00 [running]> on host dd604637fe9d
[2025-08-03T14:02:47.003+0000] {logging_mixin.py:190} WARNING - /home/***/.local/lib/python3.12/site-packages/***/settings.py:470 DeprecationWarning: The sql_alchemy_conn option in [core] has been moved to the sql_alchemy_conn option in [database] - the old setting has been used, but please update your config.
[2025-08-03T14:02:47.084+0000] {taskinstance.py:3134} INFO - Exporting env vars: AIRFLOW_CTX_DAG_OWNER='***' AIRFLOW_CTX_DAG_ID='turnstile_ml_pipeline' AIRFLOW_CTX_TASK_ID='run_monitoring' AIRFLOW_CTX_EXECUTION_DATE='2025-08-02T00:00:00+00:00' AIRFLOW_CTX_TRY_NUMBER='1' AIRFLOW_CTX_DAG_RUN_ID='scheduled__2025-08-02T00:00:00+00:00'
[2025-08-03T14:02:47.086+0000] {taskinstance.py:732} INFO - ::endgroup::
[2025-08-03T14:02:47.100+0000] {subprocess.py:78} INFO - Tmp dir root location: /tmp
[2025-08-03T14:02:47.102+0000] {subprocess.py:88} INFO - Running command: ['/usr/bin/bash', '-c', '\n            python /opt/***/pipeline/monitor.py                 --user ***                 --password ***                 --host postgres                 --port 5432                 --db_name ny_sub_turnstiles                 --predictions_table predictions                 --monitoring_table monitoring                 --reference_date 2022-08-03\n        ']
[2025-08-03T14:02:47.119+0000] {subprocess.py:99} INFO - Output:
[2025-08-03T14:02:50.027+0000] {subprocess.py:106} INFO - [Monitoring] For date: 2022-08-03
[2025-08-03T14:02:50.028+0000] {subprocess.py:106} INFO - 2022-08-03
[2025-08-03T14:02:50.029+0000] {subprocess.py:106} INFO -   monitoring_date  n_obs          mae         rmse  mean_ridership
[2025-08-03T14:02:50.030+0000] {subprocess.py:106} INFO - 0      2022-08-03    120  2048.430917  2603.552661     1870.383333
[2025-08-03T14:02:50.030+0000] {subprocess.py:106} INFO -    group_key monitoring_date  n_obs  ...         rmse  ridership_mean  load_class
[2025-08-03T14:02:50.031+0000] {subprocess.py:106} INFO - 0  A002_R051      2022-08-03      5  ...  2078.025262          1800.6    mid-high
[2025-08-03T14:02:50.032+0000] {subprocess.py:106} INFO - 1  A006_R079      2022-08-03      5  ...  2123.922296          1953.0    mid-high
[2025-08-03T14:02:50.032+0000] {subprocess.py:106} INFO - 2  A007_R079      2022-08-03      5  ...   827.469006           754.0         low
[2025-08-03T14:02:50.033+0000] {subprocess.py:106} INFO - 3  A010_R080      2022-08-03      5  ...  2443.199389          2124.6        high
[2025-08-03T14:02:50.034+0000] {subprocess.py:106} INFO - 4  A011_R080      2022-08-03      5  ...  3439.915037          2766.6        high
[2025-08-03T14:02:50.035+0000] {subprocess.py:106} INFO - 
[2025-08-03T14:02:50.035+0000] {subprocess.py:106} INFO - [5 rows x 7 columns]
[2025-08-03T14:02:50.036+0000] {subprocess.py:106} INFO - [OK] Saved 24 rows to 'monitoring'
[2025-08-03T14:02:50.165+0000] {subprocess.py:110} INFO - Command exited with return code 0
[2025-08-03T14:02:50.194+0000] {taskinstance.py:341} INFO - ::group::Post task execution logs
[2025-08-03T14:02:50.196+0000] {taskinstance.py:353} INFO - Marking task as SUCCESS. dag_id=turnstile_ml_pipeline, task_id=run_monitoring, run_id=scheduled__2025-08-02T00:00:00+00:00, execution_date=20250802T000000, start_date=20250803T140246, end_date=20250803T140250
[2025-08-03T14:02:50.255+0000] {local_task_job_runner.py:266} INFO - Task exited with return code 0
[2025-08-03T14:02:50.276+0000] {taskinstance.py:3901} INFO - 0 downstream tasks scheduled from follow-on schedule check
[2025-08-03T14:02:50.279+0000] {local_task_job_runner.py:245} INFO - ::endgroup::
