[2025-08-06T12:47:18.001+0000] {local_task_job_runner.py:123} INFO - ::group::Pre task execution logs
[2025-08-06T12:47:18.027+0000] {taskinstance.py:2614} INFO - Dependencies all met for dep_context=non-requeueable deps ti=<TaskInstance: turnstile_ml_pipeline.run_monitoring manual__2025-08-06T12:43:38.793230+00:00 [queued]>
[2025-08-06T12:47:18.042+0000] {taskinstance.py:2614} INFO - Dependencies all met for dep_context=requeueable deps ti=<TaskInstance: turnstile_ml_pipeline.run_monitoring manual__2025-08-06T12:43:38.793230+00:00 [queued]>
[2025-08-06T12:47:18.043+0000] {taskinstance.py:2867} INFO - Starting attempt 1 of 1
[2025-08-06T12:47:18.062+0000] {taskinstance.py:2890} INFO - Executing <Task(BashOperator): run_monitoring> on 2025-08-06 12:43:38.793230+00:00
[2025-08-06T12:47:18.069+0000] {standard_task_runner.py:72} INFO - Started process 246 to run task
[2025-08-06T12:47:18.074+0000] {standard_task_runner.py:104} INFO - Running: ['***', 'tasks', 'run', 'turnstile_ml_pipeline', 'run_monitoring', 'manual__2025-08-06T12:43:38.793230+00:00', '--job-id', '121', '--raw', '--subdir', 'DAGS_FOLDER/turnstile_ml_pipeline.py', '--cfg-path', '/tmp/tmp5bi6bytj']
[2025-08-06T12:47:18.077+0000] {standard_task_runner.py:105} INFO - Job 121: Subtask run_monitoring
[2025-08-06T12:47:18.097+0000] {logging_mixin.py:190} WARNING - /home/***/.local/lib/python3.12/site-packages/***/settings.py:209 DeprecationWarning: The sql_alchemy_conn option in [core] has been moved to the sql_alchemy_conn option in [database] - the old setting has been used, but please update your config.
[2025-08-06T12:47:18.139+0000] {task_command.py:467} INFO - Running <TaskInstance: turnstile_ml_pipeline.run_monitoring manual__2025-08-06T12:43:38.793230+00:00 [running]> on host affc5e3caa20
[2025-08-06T12:47:18.249+0000] {taskinstance.py:3134} INFO - Exporting env vars: AIRFLOW_CTX_DAG_OWNER='***' AIRFLOW_CTX_DAG_ID='turnstile_ml_pipeline' AIRFLOW_CTX_TASK_ID='run_monitoring' AIRFLOW_CTX_EXECUTION_DATE='2025-08-06T12:43:38.793230+00:00' AIRFLOW_CTX_TRY_NUMBER='1' AIRFLOW_CTX_DAG_RUN_ID='manual__2025-08-06T12:43:38.793230+00:00'
[2025-08-06T12:47:18.250+0000] {taskinstance.py:732} INFO - ::endgroup::
[2025-08-06T12:47:18.271+0000] {subprocess.py:78} INFO - Tmp dir root location: /tmp
[2025-08-06T12:47:18.273+0000] {subprocess.py:88} INFO - Running command: ['/usr/bin/bash', '-c', '\n            python /opt/***/pipeline/monitor.py                 --user ***                 --password ***                 --host postgres                 --port 5432                 --db_name ny_sub_turnstiles                 --predictions_table predictions                 --monitoring_table monitoring                 --reference_date 2022-08-06\n        ']
[2025-08-06T12:47:18.285+0000] {subprocess.py:99} INFO - Output:
[2025-08-06T12:47:21.473+0000] {subprocess.py:106} INFO - [Monitoring] For date: 2022-08-06
[2025-08-06T12:47:21.474+0000] {subprocess.py:106} INFO - 2022-08-06
[2025-08-06T12:47:21.475+0000] {subprocess.py:106} INFO -   monitoring_date  n_obs         mae         rmse  mean_ridership
[2025-08-06T12:47:21.476+0000] {subprocess.py:106} INFO - 0      2022-08-06    238  769.775035  1185.269765     1285.529412
[2025-08-06T12:47:21.476+0000] {subprocess.py:106} INFO -    group_key monitoring_date  n_obs  ...         rmse  ridership_mean  load_class
[2025-08-06T12:47:21.477+0000] {subprocess.py:106} INFO - 0  A002_R051      2022-08-06     10  ...   406.143134           960.8     mid-low
[2025-08-06T12:47:21.477+0000] {subprocess.py:106} INFO - 1  A006_R079      2022-08-06     10  ...   730.220250          1231.6    mid-high
[2025-08-06T12:47:21.478+0000] {subprocess.py:106} INFO - 2  A007_R079      2022-08-06     10  ...   376.024108           686.2         low
[2025-08-06T12:47:21.479+0000] {subprocess.py:106} INFO - 3  A010_R080      2022-08-06     10  ...   837.161327          1321.0    mid-high
[2025-08-06T12:47:21.480+0000] {subprocess.py:106} INFO - 4  A011_R080      2022-08-06     10  ...  1337.963004          2048.0        high
[2025-08-06T12:47:21.480+0000] {subprocess.py:106} INFO - 
[2025-08-06T12:47:21.481+0000] {subprocess.py:106} INFO - [5 rows x 7 columns]
[2025-08-06T12:47:21.482+0000] {subprocess.py:106} INFO - [OK] Saved 25 rows to 'monitoring'
[2025-08-06T12:47:21.620+0000] {subprocess.py:110} INFO - Command exited with return code 0
[2025-08-06T12:47:21.650+0000] {taskinstance.py:341} INFO - ::group::Post task execution logs
[2025-08-06T12:47:21.652+0000] {taskinstance.py:353} INFO - Marking task as SUCCESS. dag_id=turnstile_ml_pipeline, task_id=run_monitoring, run_id=manual__2025-08-06T12:43:38.793230+00:00, execution_date=20250806T124338, start_date=20250806T124718, end_date=20250806T124721
[2025-08-06T12:47:21.721+0000] {local_task_job_runner.py:266} INFO - Task exited with return code 0
[2025-08-06T12:47:21.743+0000] {taskinstance.py:3901} INFO - 0 downstream tasks scheduled from follow-on schedule check
[2025-08-06T12:47:21.746+0000] {local_task_job_runner.py:245} INFO - ::endgroup::
