[2025-07-08T01:26:10.180+0000] {processor.py:157} INFO - Started process (PID=225) to work on /opt/airflow/dags/pipeline_dag.py
[2025-07-08T01:26:10.209+0000] {processor.py:829} INFO - Processing file /opt/airflow/dags/pipeline_dag.py for tasks to queue
[2025-07-08T01:26:10.227+0000] {logging_mixin.py:154} INFO - [2025-07-08T01:26:10.227+0000] {dagbag.py:536} INFO - Filling up the DagBag from /opt/airflow/dags/pipeline_dag.py
[2025-07-08T01:26:16.639+0000] {processor.py:839} INFO - DAG(s) dict_keys(['turnstile_ml_pipeline']) retrieved from /opt/airflow/dags/pipeline_dag.py
[2025-07-08T01:26:17.792+0000] {logging_mixin.py:154} INFO - [2025-07-08T01:26:17.792+0000] {dag.py:2941} INFO - Sync 1 DAGs
[2025-07-08T01:26:17.938+0000] {logging_mixin.py:154} INFO - [2025-07-08T01:26:17.937+0000] {dag.py:3722} INFO - Setting next_dagrun for turnstile_ml_pipeline to 2025-07-08T00:00:00+00:00, run_after=2025-07-09T00:00:00+00:00
[2025-07-08T01:26:18.064+0000] {processor.py:179} INFO - Processing /opt/airflow/dags/pipeline_dag.py took 7.951 seconds
[2025-07-08T06:18:24.099+0000] {processor.py:157} INFO - Started process (PID=237) to work on /opt/airflow/dags/pipeline_dag.py
[2025-07-08T06:18:24.104+0000] {processor.py:829} INFO - Processing file /opt/airflow/dags/pipeline_dag.py for tasks to queue
[2025-07-08T06:18:24.138+0000] {logging_mixin.py:154} INFO - [2025-07-08T06:18:24.137+0000] {dagbag.py:536} INFO - Filling up the DagBag from /opt/airflow/dags/pipeline_dag.py
[2025-07-08T06:18:28.207+0000] {processor.py:839} INFO - DAG(s) dict_keys(['turnstile_ml_pipeline']) retrieved from /opt/airflow/dags/pipeline_dag.py
[2025-07-08T06:18:29.259+0000] {logging_mixin.py:154} INFO - [2025-07-08T06:18:29.259+0000] {dag.py:2941} INFO - Sync 1 DAGs
[2025-07-08T06:18:29.621+0000] {logging_mixin.py:154} INFO - [2025-07-08T06:18:29.621+0000] {dag.py:3722} INFO - Setting next_dagrun for turnstile_ml_pipeline to 2025-07-08T00:00:00+00:00, run_after=2025-07-09T00:00:00+00:00
[2025-07-08T06:18:29.807+0000] {processor.py:179} INFO - Processing /opt/airflow/dags/pipeline_dag.py took 5.671 seconds
[2025-07-08T19:08:53.688+0000] {processor.py:157} INFO - Started process (PID=245) to work on /opt/airflow/dags/pipeline_dag.py
[2025-07-08T19:08:53.744+0000] {processor.py:829} INFO - Processing file /opt/airflow/dags/pipeline_dag.py for tasks to queue
[2025-07-08T19:08:53.878+0000] {logging_mixin.py:154} INFO - [2025-07-08T19:08:53.877+0000] {dagbag.py:536} INFO - Filling up the DagBag from /opt/airflow/dags/pipeline_dag.py
[2025-07-08T19:09:10.827+0000] {processor.py:839} INFO - DAG(s) dict_keys(['turnstile_ml_pipeline']) retrieved from /opt/airflow/dags/pipeline_dag.py
[2025-07-08T19:09:12.080+0000] {logging_mixin.py:154} INFO - [2025-07-08T19:09:12.078+0000] {dag.py:2941} INFO - Sync 1 DAGs
[2025-07-08T19:09:12.563+0000] {logging_mixin.py:154} INFO - [2025-07-08T19:09:12.563+0000] {dag.py:3722} INFO - Setting next_dagrun for turnstile_ml_pipeline to 2025-07-08T00:00:00+00:00, run_after=2025-07-09T00:00:00+00:00
[2025-07-08T19:09:13.074+0000] {processor.py:179} INFO - Processing /opt/airflow/dags/pipeline_dag.py took 19.500 seconds
[2025-07-08T19:09:43.946+0000] {processor.py:157} INFO - Started process (PID=252) to work on /opt/airflow/dags/pipeline_dag.py
[2025-07-08T19:09:43.959+0000] {processor.py:829} INFO - Processing file /opt/airflow/dags/pipeline_dag.py for tasks to queue
[2025-07-08T19:09:43.963+0000] {logging_mixin.py:154} INFO - [2025-07-08T19:09:43.962+0000] {dagbag.py:536} INFO - Filling up the DagBag from /opt/airflow/dags/pipeline_dag.py
[2025-07-08T19:09:45.740+0000] {processor.py:839} INFO - DAG(s) dict_keys(['turnstile_ml_pipeline']) retrieved from /opt/airflow/dags/pipeline_dag.py
[2025-07-08T19:09:46.020+0000] {logging_mixin.py:154} INFO - [2025-07-08T19:09:46.020+0000] {dag.py:2941} INFO - Sync 1 DAGs
[2025-07-08T19:09:46.119+0000] {logging_mixin.py:154} INFO - [2025-07-08T19:09:46.118+0000] {dag.py:3722} INFO - Setting next_dagrun for turnstile_ml_pipeline to 2025-07-08T00:00:00+00:00, run_after=2025-07-09T00:00:00+00:00
[2025-07-08T19:09:46.184+0000] {processor.py:179} INFO - Processing /opt/airflow/dags/pipeline_dag.py took 2.255 seconds
[2025-07-08T19:10:16.449+0000] {processor.py:157} INFO - Started process (PID=254) to work on /opt/airflow/dags/pipeline_dag.py
[2025-07-08T19:10:16.450+0000] {processor.py:829} INFO - Processing file /opt/airflow/dags/pipeline_dag.py for tasks to queue
[2025-07-08T19:10:16.452+0000] {logging_mixin.py:154} INFO - [2025-07-08T19:10:16.452+0000] {dagbag.py:536} INFO - Filling up the DagBag from /opt/airflow/dags/pipeline_dag.py
[2025-07-08T19:10:17.193+0000] {processor.py:839} INFO - DAG(s) dict_keys(['turnstile_ml_pipeline']) retrieved from /opt/airflow/dags/pipeline_dag.py
[2025-07-08T19:10:17.314+0000] {logging_mixin.py:154} INFO - [2025-07-08T19:10:17.314+0000] {dag.py:2941} INFO - Sync 1 DAGs
[2025-07-08T19:10:17.366+0000] {logging_mixin.py:154} INFO - [2025-07-08T19:10:17.365+0000] {dag.py:3722} INFO - Setting next_dagrun for turnstile_ml_pipeline to 2025-07-08T00:00:00+00:00, run_after=2025-07-09T00:00:00+00:00
[2025-07-08T19:10:17.407+0000] {processor.py:179} INFO - Processing /opt/airflow/dags/pipeline_dag.py took 0.962 seconds
[2025-07-08T19:10:48.880+0000] {processor.py:157} INFO - Started process (PID=256) to work on /opt/airflow/dags/pipeline_dag.py
[2025-07-08T19:10:48.893+0000] {processor.py:829} INFO - Processing file /opt/airflow/dags/pipeline_dag.py for tasks to queue
[2025-07-08T19:10:48.901+0000] {logging_mixin.py:154} INFO - [2025-07-08T19:10:48.899+0000] {dagbag.py:536} INFO - Filling up the DagBag from /opt/airflow/dags/pipeline_dag.py
[2025-07-08T19:10:52.084+0000] {processor.py:839} INFO - DAG(s) dict_keys(['turnstile_ml_pipeline']) retrieved from /opt/airflow/dags/pipeline_dag.py
[2025-07-08T19:10:52.362+0000] {logging_mixin.py:154} INFO - [2025-07-08T19:10:52.361+0000] {dag.py:2941} INFO - Sync 1 DAGs
[2025-07-08T19:10:52.496+0000] {logging_mixin.py:154} INFO - [2025-07-08T19:10:52.496+0000] {dag.py:3722} INFO - Setting next_dagrun for turnstile_ml_pipeline to 2025-07-08T00:00:00+00:00, run_after=2025-07-09T00:00:00+00:00
[2025-07-08T19:10:52.604+0000] {processor.py:179} INFO - Processing /opt/airflow/dags/pipeline_dag.py took 4.029 seconds
[2025-07-08T19:11:23.388+0000] {processor.py:157} INFO - Started process (PID=258) to work on /opt/airflow/dags/pipeline_dag.py
[2025-07-08T19:11:23.394+0000] {processor.py:829} INFO - Processing file /opt/airflow/dags/pipeline_dag.py for tasks to queue
[2025-07-08T19:11:23.397+0000] {logging_mixin.py:154} INFO - [2025-07-08T19:11:23.396+0000] {dagbag.py:536} INFO - Filling up the DagBag from /opt/airflow/dags/pipeline_dag.py
[2025-07-08T19:11:25.065+0000] {processor.py:839} INFO - DAG(s) dict_keys(['turnstile_ml_pipeline']) retrieved from /opt/airflow/dags/pipeline_dag.py
[2025-07-08T19:11:25.278+0000] {logging_mixin.py:154} INFO - [2025-07-08T19:11:25.278+0000] {dag.py:2941} INFO - Sync 1 DAGs
[2025-07-08T19:11:25.361+0000] {logging_mixin.py:154} INFO - [2025-07-08T19:11:25.361+0000] {dag.py:3722} INFO - Setting next_dagrun for turnstile_ml_pipeline to 2025-07-08T00:00:00+00:00, run_after=2025-07-09T00:00:00+00:00
[2025-07-08T19:11:25.475+0000] {processor.py:179} INFO - Processing /opt/airflow/dags/pipeline_dag.py took 2.107 seconds
[2025-07-08T19:11:55.676+0000] {processor.py:157} INFO - Started process (PID=260) to work on /opt/airflow/dags/pipeline_dag.py
[2025-07-08T19:11:55.678+0000] {processor.py:829} INFO - Processing file /opt/airflow/dags/pipeline_dag.py for tasks to queue
[2025-07-08T19:11:55.679+0000] {logging_mixin.py:154} INFO - [2025-07-08T19:11:55.679+0000] {dagbag.py:536} INFO - Filling up the DagBag from /opt/airflow/dags/pipeline_dag.py
[2025-07-08T19:11:56.516+0000] {processor.py:839} INFO - DAG(s) dict_keys(['turnstile_ml_pipeline']) retrieved from /opt/airflow/dags/pipeline_dag.py
[2025-07-08T19:11:56.640+0000] {logging_mixin.py:154} INFO - [2025-07-08T19:11:56.640+0000] {dag.py:2941} INFO - Sync 1 DAGs
[2025-07-08T19:11:56.682+0000] {logging_mixin.py:154} INFO - [2025-07-08T19:11:56.682+0000] {dag.py:3722} INFO - Setting next_dagrun for turnstile_ml_pipeline to 2025-07-08T00:00:00+00:00, run_after=2025-07-09T00:00:00+00:00
[2025-07-08T19:11:56.719+0000] {processor.py:179} INFO - Processing /opt/airflow/dags/pipeline_dag.py took 1.049 seconds
[2025-07-08T19:12:27.217+0000] {processor.py:157} INFO - Started process (PID=262) to work on /opt/airflow/dags/pipeline_dag.py
[2025-07-08T19:12:27.220+0000] {processor.py:829} INFO - Processing file /opt/airflow/dags/pipeline_dag.py for tasks to queue
[2025-07-08T19:12:27.222+0000] {logging_mixin.py:154} INFO - [2025-07-08T19:12:27.221+0000] {dagbag.py:536} INFO - Filling up the DagBag from /opt/airflow/dags/pipeline_dag.py
[2025-07-08T19:12:27.943+0000] {processor.py:839} INFO - DAG(s) dict_keys(['turnstile_ml_pipeline']) retrieved from /opt/airflow/dags/pipeline_dag.py
[2025-07-08T19:12:28.025+0000] {logging_mixin.py:154} INFO - [2025-07-08T19:12:28.025+0000] {dag.py:2941} INFO - Sync 1 DAGs
[2025-07-08T19:12:28.060+0000] {logging_mixin.py:154} INFO - [2025-07-08T19:12:28.060+0000] {dag.py:3722} INFO - Setting next_dagrun for turnstile_ml_pipeline to 2025-07-08T00:00:00+00:00, run_after=2025-07-09T00:00:00+00:00
[2025-07-08T19:12:28.089+0000] {processor.py:179} INFO - Processing /opt/airflow/dags/pipeline_dag.py took 0.878 seconds
[2025-07-08T19:12:58.654+0000] {processor.py:157} INFO - Started process (PID=264) to work on /opt/airflow/dags/pipeline_dag.py
[2025-07-08T19:12:58.656+0000] {processor.py:829} INFO - Processing file /opt/airflow/dags/pipeline_dag.py for tasks to queue
[2025-07-08T19:12:58.657+0000] {logging_mixin.py:154} INFO - [2025-07-08T19:12:58.657+0000] {dagbag.py:536} INFO - Filling up the DagBag from /opt/airflow/dags/pipeline_dag.py
[2025-07-08T19:12:59.563+0000] {processor.py:839} INFO - DAG(s) dict_keys(['turnstile_ml_pipeline']) retrieved from /opt/airflow/dags/pipeline_dag.py
[2025-07-08T19:12:59.712+0000] {logging_mixin.py:154} INFO - [2025-07-08T19:12:59.711+0000] {dag.py:2941} INFO - Sync 1 DAGs
[2025-07-08T19:12:59.792+0000] {logging_mixin.py:154} INFO - [2025-07-08T19:12:59.791+0000] {dag.py:3722} INFO - Setting next_dagrun for turnstile_ml_pipeline to 2025-07-08T00:00:00+00:00, run_after=2025-07-09T00:00:00+00:00
[2025-07-08T19:12:59.840+0000] {processor.py:179} INFO - Processing /opt/airflow/dags/pipeline_dag.py took 1.192 seconds
[2025-07-08T19:13:30.078+0000] {processor.py:157} INFO - Started process (PID=266) to work on /opt/airflow/dags/pipeline_dag.py
[2025-07-08T19:13:30.080+0000] {processor.py:829} INFO - Processing file /opt/airflow/dags/pipeline_dag.py for tasks to queue
[2025-07-08T19:13:30.082+0000] {logging_mixin.py:154} INFO - [2025-07-08T19:13:30.081+0000] {dagbag.py:536} INFO - Filling up the DagBag from /opt/airflow/dags/pipeline_dag.py
[2025-07-08T19:13:30.654+0000] {processor.py:839} INFO - DAG(s) dict_keys(['turnstile_ml_pipeline']) retrieved from /opt/airflow/dags/pipeline_dag.py
[2025-07-08T19:13:30.730+0000] {logging_mixin.py:154} INFO - [2025-07-08T19:13:30.729+0000] {dag.py:2941} INFO - Sync 1 DAGs
[2025-07-08T19:13:30.763+0000] {logging_mixin.py:154} INFO - [2025-07-08T19:13:30.763+0000] {dag.py:3722} INFO - Setting next_dagrun for turnstile_ml_pipeline to 2025-07-08T00:00:00+00:00, run_after=2025-07-09T00:00:00+00:00
[2025-07-08T19:13:30.794+0000] {processor.py:179} INFO - Processing /opt/airflow/dags/pipeline_dag.py took 0.722 seconds
[2025-07-08T19:14:01.562+0000] {processor.py:157} INFO - Started process (PID=268) to work on /opt/airflow/dags/pipeline_dag.py
[2025-07-08T19:14:01.563+0000] {processor.py:829} INFO - Processing file /opt/airflow/dags/pipeline_dag.py for tasks to queue
[2025-07-08T19:14:01.565+0000] {logging_mixin.py:154} INFO - [2025-07-08T19:14:01.564+0000] {dagbag.py:536} INFO - Filling up the DagBag from /opt/airflow/dags/pipeline_dag.py
[2025-07-08T19:14:02.072+0000] {processor.py:839} INFO - DAG(s) dict_keys(['turnstile_ml_pipeline']) retrieved from /opt/airflow/dags/pipeline_dag.py
[2025-07-08T19:14:02.146+0000] {logging_mixin.py:154} INFO - [2025-07-08T19:14:02.146+0000] {dag.py:2941} INFO - Sync 1 DAGs
[2025-07-08T19:14:02.178+0000] {logging_mixin.py:154} INFO - [2025-07-08T19:14:02.177+0000] {dag.py:3722} INFO - Setting next_dagrun for turnstile_ml_pipeline to 2025-07-08T00:00:00+00:00, run_after=2025-07-09T00:00:00+00:00
[2025-07-08T19:14:02.203+0000] {processor.py:179} INFO - Processing /opt/airflow/dags/pipeline_dag.py took 0.646 seconds
[2025-07-08T19:14:32.481+0000] {processor.py:157} INFO - Started process (PID=270) to work on /opt/airflow/dags/pipeline_dag.py
[2025-07-08T19:14:32.483+0000] {processor.py:829} INFO - Processing file /opt/airflow/dags/pipeline_dag.py for tasks to queue
[2025-07-08T19:14:32.486+0000] {logging_mixin.py:154} INFO - [2025-07-08T19:14:32.485+0000] {dagbag.py:536} INFO - Filling up the DagBag from /opt/airflow/dags/pipeline_dag.py
[2025-07-08T19:14:33.268+0000] {processor.py:839} INFO - DAG(s) dict_keys(['turnstile_ml_pipeline']) retrieved from /opt/airflow/dags/pipeline_dag.py
[2025-07-08T19:14:33.415+0000] {logging_mixin.py:154} INFO - [2025-07-08T19:14:33.415+0000] {dag.py:2941} INFO - Sync 1 DAGs
[2025-07-08T19:14:33.481+0000] {logging_mixin.py:154} INFO - [2025-07-08T19:14:33.480+0000] {dag.py:3722} INFO - Setting next_dagrun for turnstile_ml_pipeline to 2025-07-08T00:00:00+00:00, run_after=2025-07-09T00:00:00+00:00
[2025-07-08T19:14:33.539+0000] {processor.py:179} INFO - Processing /opt/airflow/dags/pipeline_dag.py took 1.065 seconds
[2025-07-08T19:15:04.031+0000] {processor.py:157} INFO - Started process (PID=272) to work on /opt/airflow/dags/pipeline_dag.py
[2025-07-08T19:15:04.032+0000] {processor.py:829} INFO - Processing file /opt/airflow/dags/pipeline_dag.py for tasks to queue
[2025-07-08T19:15:04.034+0000] {logging_mixin.py:154} INFO - [2025-07-08T19:15:04.034+0000] {dagbag.py:536} INFO - Filling up the DagBag from /opt/airflow/dags/pipeline_dag.py
[2025-07-08T19:15:04.634+0000] {processor.py:839} INFO - DAG(s) dict_keys(['turnstile_ml_pipeline']) retrieved from /opt/airflow/dags/pipeline_dag.py
[2025-07-08T19:15:04.717+0000] {logging_mixin.py:154} INFO - [2025-07-08T19:15:04.717+0000] {dag.py:2941} INFO - Sync 1 DAGs
[2025-07-08T19:15:04.749+0000] {logging_mixin.py:154} INFO - [2025-07-08T19:15:04.749+0000] {dag.py:3722} INFO - Setting next_dagrun for turnstile_ml_pipeline to 2025-07-08T00:00:00+00:00, run_after=2025-07-09T00:00:00+00:00
[2025-07-08T19:15:04.775+0000] {processor.py:179} INFO - Processing /opt/airflow/dags/pipeline_dag.py took 0.749 seconds
[2025-07-08T19:15:35.323+0000] {processor.py:157} INFO - Started process (PID=274) to work on /opt/airflow/dags/pipeline_dag.py
[2025-07-08T19:15:35.325+0000] {processor.py:829} INFO - Processing file /opt/airflow/dags/pipeline_dag.py for tasks to queue
[2025-07-08T19:15:35.326+0000] {logging_mixin.py:154} INFO - [2025-07-08T19:15:35.326+0000] {dagbag.py:536} INFO - Filling up the DagBag from /opt/airflow/dags/pipeline_dag.py
[2025-07-08T19:15:35.810+0000] {processor.py:839} INFO - DAG(s) dict_keys(['turnstile_ml_pipeline']) retrieved from /opt/airflow/dags/pipeline_dag.py
[2025-07-08T19:15:35.869+0000] {logging_mixin.py:154} INFO - [2025-07-08T19:15:35.868+0000] {dag.py:2941} INFO - Sync 1 DAGs
[2025-07-08T19:15:35.892+0000] {logging_mixin.py:154} INFO - [2025-07-08T19:15:35.892+0000] {dag.py:3722} INFO - Setting next_dagrun for turnstile_ml_pipeline to 2025-07-08T00:00:00+00:00, run_after=2025-07-09T00:00:00+00:00
[2025-07-08T19:15:35.920+0000] {processor.py:179} INFO - Processing /opt/airflow/dags/pipeline_dag.py took 0.600 seconds
[2025-07-08T19:16:05.996+0000] {processor.py:157} INFO - Started process (PID=276) to work on /opt/airflow/dags/pipeline_dag.py
[2025-07-08T19:16:05.998+0000] {processor.py:829} INFO - Processing file /opt/airflow/dags/pipeline_dag.py for tasks to queue
[2025-07-08T19:16:06.000+0000] {logging_mixin.py:154} INFO - [2025-07-08T19:16:06.000+0000] {dagbag.py:536} INFO - Filling up the DagBag from /opt/airflow/dags/pipeline_dag.py
[2025-07-08T19:16:06.610+0000] {processor.py:839} INFO - DAG(s) dict_keys(['turnstile_ml_pipeline']) retrieved from /opt/airflow/dags/pipeline_dag.py
[2025-07-08T19:16:06.691+0000] {logging_mixin.py:154} INFO - [2025-07-08T19:16:06.691+0000] {dag.py:2941} INFO - Sync 1 DAGs
[2025-07-08T19:16:06.723+0000] {logging_mixin.py:154} INFO - [2025-07-08T19:16:06.723+0000] {dag.py:3722} INFO - Setting next_dagrun for turnstile_ml_pipeline to 2025-07-08T00:00:00+00:00, run_after=2025-07-09T00:00:00+00:00
[2025-07-08T19:16:06.749+0000] {processor.py:179} INFO - Processing /opt/airflow/dags/pipeline_dag.py took 0.758 seconds
[2025-07-08T19:16:36.922+0000] {processor.py:157} INFO - Started process (PID=278) to work on /opt/airflow/dags/pipeline_dag.py
[2025-07-08T19:16:36.924+0000] {processor.py:829} INFO - Processing file /opt/airflow/dags/pipeline_dag.py for tasks to queue
[2025-07-08T19:16:36.926+0000] {logging_mixin.py:154} INFO - [2025-07-08T19:16:36.925+0000] {dagbag.py:536} INFO - Filling up the DagBag from /opt/airflow/dags/pipeline_dag.py
[2025-07-08T19:16:37.636+0000] {processor.py:839} INFO - DAG(s) dict_keys(['turnstile_ml_pipeline']) retrieved from /opt/airflow/dags/pipeline_dag.py
[2025-07-08T19:16:37.723+0000] {logging_mixin.py:154} INFO - [2025-07-08T19:16:37.723+0000] {dag.py:2941} INFO - Sync 1 DAGs
[2025-07-08T19:16:37.759+0000] {logging_mixin.py:154} INFO - [2025-07-08T19:16:37.758+0000] {dag.py:3722} INFO - Setting next_dagrun for turnstile_ml_pipeline to 2025-07-08T00:00:00+00:00, run_after=2025-07-09T00:00:00+00:00
[2025-07-08T19:16:37.794+0000] {processor.py:179} INFO - Processing /opt/airflow/dags/pipeline_dag.py took 0.877 seconds
[2025-07-08T19:17:08.270+0000] {processor.py:157} INFO - Started process (PID=280) to work on /opt/airflow/dags/pipeline_dag.py
[2025-07-08T19:17:08.272+0000] {processor.py:829} INFO - Processing file /opt/airflow/dags/pipeline_dag.py for tasks to queue
[2025-07-08T19:17:08.274+0000] {logging_mixin.py:154} INFO - [2025-07-08T19:17:08.273+0000] {dagbag.py:536} INFO - Filling up the DagBag from /opt/airflow/dags/pipeline_dag.py
[2025-07-08T19:17:09.024+0000] {processor.py:839} INFO - DAG(s) dict_keys(['turnstile_ml_pipeline']) retrieved from /opt/airflow/dags/pipeline_dag.py
[2025-07-08T19:17:09.137+0000] {logging_mixin.py:154} INFO - [2025-07-08T19:17:09.136+0000] {dag.py:2941} INFO - Sync 1 DAGs
[2025-07-08T19:17:09.174+0000] {logging_mixin.py:154} INFO - [2025-07-08T19:17:09.174+0000] {dag.py:3722} INFO - Setting next_dagrun for turnstile_ml_pipeline to 2025-07-08T00:00:00+00:00, run_after=2025-07-09T00:00:00+00:00
[2025-07-08T19:17:09.209+0000] {processor.py:179} INFO - Processing /opt/airflow/dags/pipeline_dag.py took 0.944 seconds
[2025-07-08T19:17:39.732+0000] {processor.py:157} INFO - Started process (PID=282) to work on /opt/airflow/dags/pipeline_dag.py
[2025-07-08T19:17:39.735+0000] {processor.py:829} INFO - Processing file /opt/airflow/dags/pipeline_dag.py for tasks to queue
[2025-07-08T19:17:39.739+0000] {logging_mixin.py:154} INFO - [2025-07-08T19:17:39.738+0000] {dagbag.py:536} INFO - Filling up the DagBag from /opt/airflow/dags/pipeline_dag.py
[2025-07-08T19:17:40.798+0000] {processor.py:839} INFO - DAG(s) dict_keys(['turnstile_ml_pipeline']) retrieved from /opt/airflow/dags/pipeline_dag.py
[2025-07-08T19:17:40.915+0000] {logging_mixin.py:154} INFO - [2025-07-08T19:17:40.914+0000] {dag.py:2941} INFO - Sync 1 DAGs
[2025-07-08T19:17:40.959+0000] {logging_mixin.py:154} INFO - [2025-07-08T19:17:40.959+0000] {dag.py:3722} INFO - Setting next_dagrun for turnstile_ml_pipeline to 2025-07-08T00:00:00+00:00, run_after=2025-07-09T00:00:00+00:00
[2025-07-08T19:17:40.996+0000] {processor.py:179} INFO - Processing /opt/airflow/dags/pipeline_dag.py took 1.276 seconds
[2025-07-08T19:18:11.203+0000] {processor.py:157} INFO - Started process (PID=284) to work on /opt/airflow/dags/pipeline_dag.py
[2025-07-08T19:18:11.205+0000] {processor.py:829} INFO - Processing file /opt/airflow/dags/pipeline_dag.py for tasks to queue
[2025-07-08T19:18:11.207+0000] {logging_mixin.py:154} INFO - [2025-07-08T19:18:11.207+0000] {dagbag.py:536} INFO - Filling up the DagBag from /opt/airflow/dags/pipeline_dag.py
[2025-07-08T19:18:11.846+0000] {processor.py:839} INFO - DAG(s) dict_keys(['turnstile_ml_pipeline']) retrieved from /opt/airflow/dags/pipeline_dag.py
[2025-07-08T19:18:11.935+0000] {logging_mixin.py:154} INFO - [2025-07-08T19:18:11.934+0000] {dag.py:2941} INFO - Sync 1 DAGs
[2025-07-08T19:18:11.976+0000] {logging_mixin.py:154} INFO - [2025-07-08T19:18:11.976+0000] {dag.py:3722} INFO - Setting next_dagrun for turnstile_ml_pipeline to 2025-07-08T00:00:00+00:00, run_after=2025-07-09T00:00:00+00:00
[2025-07-08T19:18:12.015+0000] {processor.py:179} INFO - Processing /opt/airflow/dags/pipeline_dag.py took 0.817 seconds
[2025-07-08T19:18:42.638+0000] {processor.py:157} INFO - Started process (PID=286) to work on /opt/airflow/dags/pipeline_dag.py
[2025-07-08T19:18:42.640+0000] {processor.py:829} INFO - Processing file /opt/airflow/dags/pipeline_dag.py for tasks to queue
[2025-07-08T19:18:42.641+0000] {logging_mixin.py:154} INFO - [2025-07-08T19:18:42.641+0000] {dagbag.py:536} INFO - Filling up the DagBag from /opt/airflow/dags/pipeline_dag.py
[2025-07-08T19:18:43.269+0000] {processor.py:839} INFO - DAG(s) dict_keys(['turnstile_ml_pipeline']) retrieved from /opt/airflow/dags/pipeline_dag.py
[2025-07-08T19:18:43.344+0000] {logging_mixin.py:154} INFO - [2025-07-08T19:18:43.343+0000] {dag.py:2941} INFO - Sync 1 DAGs
[2025-07-08T19:18:43.372+0000] {logging_mixin.py:154} INFO - [2025-07-08T19:18:43.372+0000] {dag.py:3722} INFO - Setting next_dagrun for turnstile_ml_pipeline to 2025-07-08T00:00:00+00:00, run_after=2025-07-09T00:00:00+00:00
[2025-07-08T19:18:43.399+0000] {processor.py:179} INFO - Processing /opt/airflow/dags/pipeline_dag.py took 0.766 seconds
[2025-07-08T19:19:13.901+0000] {processor.py:157} INFO - Started process (PID=288) to work on /opt/airflow/dags/pipeline_dag.py
[2025-07-08T19:19:13.903+0000] {processor.py:829} INFO - Processing file /opt/airflow/dags/pipeline_dag.py for tasks to queue
[2025-07-08T19:19:13.904+0000] {logging_mixin.py:154} INFO - [2025-07-08T19:19:13.904+0000] {dagbag.py:536} INFO - Filling up the DagBag from /opt/airflow/dags/pipeline_dag.py
[2025-07-08T19:19:14.707+0000] {processor.py:839} INFO - DAG(s) dict_keys(['turnstile_ml_pipeline']) retrieved from /opt/airflow/dags/pipeline_dag.py
[2025-07-08T19:19:14.810+0000] {logging_mixin.py:154} INFO - [2025-07-08T19:19:14.810+0000] {dag.py:2941} INFO - Sync 1 DAGs
[2025-07-08T19:19:14.866+0000] {logging_mixin.py:154} INFO - [2025-07-08T19:19:14.866+0000] {dag.py:3722} INFO - Setting next_dagrun for turnstile_ml_pipeline to 2025-07-08T00:00:00+00:00, run_after=2025-07-09T00:00:00+00:00
[2025-07-08T19:19:14.910+0000] {processor.py:179} INFO - Processing /opt/airflow/dags/pipeline_dag.py took 1.014 seconds
[2025-07-08T19:19:45.285+0000] {processor.py:157} INFO - Started process (PID=290) to work on /opt/airflow/dags/pipeline_dag.py
[2025-07-08T19:19:45.287+0000] {processor.py:829} INFO - Processing file /opt/airflow/dags/pipeline_dag.py for tasks to queue
[2025-07-08T19:19:45.288+0000] {logging_mixin.py:154} INFO - [2025-07-08T19:19:45.288+0000] {dagbag.py:536} INFO - Filling up the DagBag from /opt/airflow/dags/pipeline_dag.py
[2025-07-08T19:19:45.903+0000] {processor.py:839} INFO - DAG(s) dict_keys(['turnstile_ml_pipeline']) retrieved from /opt/airflow/dags/pipeline_dag.py
[2025-07-08T19:19:45.989+0000] {logging_mixin.py:154} INFO - [2025-07-08T19:19:45.989+0000] {dag.py:2941} INFO - Sync 1 DAGs
[2025-07-08T19:19:46.045+0000] {logging_mixin.py:154} INFO - [2025-07-08T19:19:46.045+0000] {dag.py:3722} INFO - Setting next_dagrun for turnstile_ml_pipeline to 2025-07-08T00:00:00+00:00, run_after=2025-07-09T00:00:00+00:00
[2025-07-08T19:19:46.074+0000] {processor.py:179} INFO - Processing /opt/airflow/dags/pipeline_dag.py took 0.793 seconds
[2025-07-08T19:20:16.578+0000] {processor.py:157} INFO - Started process (PID=292) to work on /opt/airflow/dags/pipeline_dag.py
[2025-07-08T19:20:16.579+0000] {processor.py:829} INFO - Processing file /opt/airflow/dags/pipeline_dag.py for tasks to queue
[2025-07-08T19:20:16.580+0000] {logging_mixin.py:154} INFO - [2025-07-08T19:20:16.580+0000] {dagbag.py:536} INFO - Filling up the DagBag from /opt/airflow/dags/pipeline_dag.py
[2025-07-08T19:20:17.110+0000] {processor.py:839} INFO - DAG(s) dict_keys(['turnstile_ml_pipeline']) retrieved from /opt/airflow/dags/pipeline_dag.py
[2025-07-08T19:20:17.176+0000] {logging_mixin.py:154} INFO - [2025-07-08T19:20:17.176+0000] {dag.py:2941} INFO - Sync 1 DAGs
[2025-07-08T19:20:17.206+0000] {logging_mixin.py:154} INFO - [2025-07-08T19:20:17.206+0000] {dag.py:3722} INFO - Setting next_dagrun for turnstile_ml_pipeline to 2025-07-08T00:00:00+00:00, run_after=2025-07-09T00:00:00+00:00
[2025-07-08T19:20:17.233+0000] {processor.py:179} INFO - Processing /opt/airflow/dags/pipeline_dag.py took 0.659 seconds
[2025-07-08T19:20:47.703+0000] {processor.py:157} INFO - Started process (PID=294) to work on /opt/airflow/dags/pipeline_dag.py
[2025-07-08T19:20:47.705+0000] {processor.py:829} INFO - Processing file /opt/airflow/dags/pipeline_dag.py for tasks to queue
[2025-07-08T19:20:47.708+0000] {logging_mixin.py:154} INFO - [2025-07-08T19:20:47.707+0000] {dagbag.py:536} INFO - Filling up the DagBag from /opt/airflow/dags/pipeline_dag.py
[2025-07-08T19:20:48.302+0000] {processor.py:839} INFO - DAG(s) dict_keys(['turnstile_ml_pipeline']) retrieved from /opt/airflow/dags/pipeline_dag.py
[2025-07-08T19:20:48.375+0000] {logging_mixin.py:154} INFO - [2025-07-08T19:20:48.374+0000] {dag.py:2941} INFO - Sync 1 DAGs
[2025-07-08T19:20:48.419+0000] {logging_mixin.py:154} INFO - [2025-07-08T19:20:48.418+0000] {dag.py:3722} INFO - Setting next_dagrun for turnstile_ml_pipeline to 2025-07-08T00:00:00+00:00, run_after=2025-07-09T00:00:00+00:00
[2025-07-08T19:20:48.449+0000] {processor.py:179} INFO - Processing /opt/airflow/dags/pipeline_dag.py took 0.751 seconds
[2025-07-08T19:21:18.981+0000] {processor.py:157} INFO - Started process (PID=296) to work on /opt/airflow/dags/pipeline_dag.py
[2025-07-08T19:21:18.987+0000] {processor.py:829} INFO - Processing file /opt/airflow/dags/pipeline_dag.py for tasks to queue
[2025-07-08T19:21:18.991+0000] {logging_mixin.py:154} INFO - [2025-07-08T19:21:18.990+0000] {dagbag.py:536} INFO - Filling up the DagBag from /opt/airflow/dags/pipeline_dag.py
[2025-07-08T19:21:20.905+0000] {processor.py:839} INFO - DAG(s) dict_keys(['turnstile_ml_pipeline']) retrieved from /opt/airflow/dags/pipeline_dag.py
[2025-07-08T19:21:20.375+0000] {logging_mixin.py:154} INFO - [2025-07-08T19:21:20.374+0000] {dag.py:2941} INFO - Sync 1 DAGs
[2025-07-08T19:21:20.508+0000] {logging_mixin.py:154} INFO - [2025-07-08T19:21:20.506+0000] {dag.py:3722} INFO - Setting next_dagrun for turnstile_ml_pipeline to 2025-07-08T00:00:00+00:00, run_after=2025-07-09T00:00:00+00:00
[2025-07-08T19:21:20.605+0000] {processor.py:179} INFO - Processing /opt/airflow/dags/pipeline_dag.py took 2.476 seconds
[2025-07-08T19:21:51.529+0000] {processor.py:157} INFO - Started process (PID=298) to work on /opt/airflow/dags/pipeline_dag.py
[2025-07-08T19:21:51.531+0000] {processor.py:829} INFO - Processing file /opt/airflow/dags/pipeline_dag.py for tasks to queue
[2025-07-08T19:21:51.534+0000] {logging_mixin.py:154} INFO - [2025-07-08T19:21:51.533+0000] {dagbag.py:536} INFO - Filling up the DagBag from /opt/airflow/dags/pipeline_dag.py
[2025-07-08T19:21:52.222+0000] {processor.py:839} INFO - DAG(s) dict_keys(['turnstile_ml_pipeline']) retrieved from /opt/airflow/dags/pipeline_dag.py
[2025-07-08T19:21:52.326+0000] {logging_mixin.py:154} INFO - [2025-07-08T19:21:52.326+0000] {dag.py:2941} INFO - Sync 1 DAGs
[2025-07-08T19:21:52.363+0000] {logging_mixin.py:154} INFO - [2025-07-08T19:21:52.363+0000] {dag.py:3722} INFO - Setting next_dagrun for turnstile_ml_pipeline to 2025-07-08T00:00:00+00:00, run_after=2025-07-09T00:00:00+00:00
[2025-07-08T19:21:52.396+0000] {processor.py:179} INFO - Processing /opt/airflow/dags/pipeline_dag.py took 0.873 seconds
[2025-07-08T19:22:22.861+0000] {processor.py:157} INFO - Started process (PID=300) to work on /opt/airflow/dags/pipeline_dag.py
[2025-07-08T19:22:22.862+0000] {processor.py:829} INFO - Processing file /opt/airflow/dags/pipeline_dag.py for tasks to queue
[2025-07-08T19:22:22.863+0000] {logging_mixin.py:154} INFO - [2025-07-08T19:22:22.863+0000] {dagbag.py:536} INFO - Filling up the DagBag from /opt/airflow/dags/pipeline_dag.py
[2025-07-08T19:22:23.472+0000] {processor.py:839} INFO - DAG(s) dict_keys(['turnstile_ml_pipeline']) retrieved from /opt/airflow/dags/pipeline_dag.py
[2025-07-08T19:22:23.561+0000] {logging_mixin.py:154} INFO - [2025-07-08T19:22:23.561+0000] {dag.py:2941} INFO - Sync 1 DAGs
[2025-07-08T19:22:23.594+0000] {logging_mixin.py:154} INFO - [2025-07-08T19:22:23.593+0000] {dag.py:3722} INFO - Setting next_dagrun for turnstile_ml_pipeline to 2025-07-08T00:00:00+00:00, run_after=2025-07-09T00:00:00+00:00
[2025-07-08T19:22:23.623+0000] {processor.py:179} INFO - Processing /opt/airflow/dags/pipeline_dag.py took 0.766 seconds
[2025-07-08T19:22:53.962+0000] {processor.py:157} INFO - Started process (PID=302) to work on /opt/airflow/dags/pipeline_dag.py
[2025-07-08T19:22:53.964+0000] {processor.py:829} INFO - Processing file /opt/airflow/dags/pipeline_dag.py for tasks to queue
[2025-07-08T19:22:53.965+0000] {logging_mixin.py:154} INFO - [2025-07-08T19:22:53.965+0000] {dagbag.py:536} INFO - Filling up the DagBag from /opt/airflow/dags/pipeline_dag.py
[2025-07-08T19:22:54.584+0000] {processor.py:839} INFO - DAG(s) dict_keys(['turnstile_ml_pipeline']) retrieved from /opt/airflow/dags/pipeline_dag.py
[2025-07-08T19:22:54.664+0000] {logging_mixin.py:154} INFO - [2025-07-08T19:22:54.664+0000] {dag.py:2941} INFO - Sync 1 DAGs
[2025-07-08T19:22:54.700+0000] {logging_mixin.py:154} INFO - [2025-07-08T19:22:54.700+0000] {dag.py:3722} INFO - Setting next_dagrun for turnstile_ml_pipeline to 2025-07-08T00:00:00+00:00, run_after=2025-07-09T00:00:00+00:00
[2025-07-08T19:22:54.734+0000] {processor.py:179} INFO - Processing /opt/airflow/dags/pipeline_dag.py took 0.776 seconds
[2025-07-08T19:23:25.113+0000] {processor.py:157} INFO - Started process (PID=304) to work on /opt/airflow/dags/pipeline_dag.py
[2025-07-08T19:23:25.114+0000] {processor.py:829} INFO - Processing file /opt/airflow/dags/pipeline_dag.py for tasks to queue
[2025-07-08T19:23:25.116+0000] {logging_mixin.py:154} INFO - [2025-07-08T19:23:25.116+0000] {dagbag.py:536} INFO - Filling up the DagBag from /opt/airflow/dags/pipeline_dag.py
[2025-07-08T19:23:25.643+0000] {processor.py:839} INFO - DAG(s) dict_keys(['turnstile_ml_pipeline']) retrieved from /opt/airflow/dags/pipeline_dag.py
[2025-07-08T19:23:25.715+0000] {logging_mixin.py:154} INFO - [2025-07-08T19:23:25.715+0000] {dag.py:2941} INFO - Sync 1 DAGs
[2025-07-08T19:23:25.745+0000] {logging_mixin.py:154} INFO - [2025-07-08T19:23:25.745+0000] {dag.py:3722} INFO - Setting next_dagrun for turnstile_ml_pipeline to 2025-07-08T00:00:00+00:00, run_after=2025-07-09T00:00:00+00:00
[2025-07-08T19:23:25.771+0000] {processor.py:179} INFO - Processing /opt/airflow/dags/pipeline_dag.py took 0.663 seconds
[2025-07-08T19:23:56.153+0000] {processor.py:157} INFO - Started process (PID=306) to work on /opt/airflow/dags/pipeline_dag.py
[2025-07-08T19:23:56.159+0000] {processor.py:829} INFO - Processing file /opt/airflow/dags/pipeline_dag.py for tasks to queue
[2025-07-08T19:23:56.162+0000] {logging_mixin.py:154} INFO - [2025-07-08T19:23:56.161+0000] {dagbag.py:536} INFO - Filling up the DagBag from /opt/airflow/dags/pipeline_dag.py
[2025-07-08T19:23:57.084+0000] {processor.py:839} INFO - DAG(s) dict_keys(['turnstile_ml_pipeline']) retrieved from /opt/airflow/dags/pipeline_dag.py
[2025-07-08T19:23:57.241+0000] {logging_mixin.py:154} INFO - [2025-07-08T19:23:57.240+0000] {dag.py:2941} INFO - Sync 1 DAGs
[2025-07-08T19:23:57.338+0000] {logging_mixin.py:154} INFO - [2025-07-08T19:23:57.337+0000] {dag.py:3722} INFO - Setting next_dagrun for turnstile_ml_pipeline to 2025-07-08T00:00:00+00:00, run_after=2025-07-09T00:00:00+00:00
[2025-07-08T19:23:57.430+0000] {processor.py:179} INFO - Processing /opt/airflow/dags/pipeline_dag.py took 1.288 seconds
[2025-07-08T19:24:27.779+0000] {processor.py:157} INFO - Started process (PID=308) to work on /opt/airflow/dags/pipeline_dag.py
[2025-07-08T19:24:27.781+0000] {processor.py:829} INFO - Processing file /opt/airflow/dags/pipeline_dag.py for tasks to queue
[2025-07-08T19:24:27.783+0000] {logging_mixin.py:154} INFO - [2025-07-08T19:24:27.783+0000] {dagbag.py:536} INFO - Filling up the DagBag from /opt/airflow/dags/pipeline_dag.py
[2025-07-08T19:24:28.455+0000] {processor.py:839} INFO - DAG(s) dict_keys(['turnstile_ml_pipeline']) retrieved from /opt/airflow/dags/pipeline_dag.py
[2025-07-08T19:24:28.538+0000] {logging_mixin.py:154} INFO - [2025-07-08T19:24:28.538+0000] {dag.py:2941} INFO - Sync 1 DAGs
[2025-07-08T19:24:28.573+0000] {logging_mixin.py:154} INFO - [2025-07-08T19:24:28.572+0000] {dag.py:3722} INFO - Setting next_dagrun for turnstile_ml_pipeline to 2025-07-08T00:00:00+00:00, run_after=2025-07-09T00:00:00+00:00
[2025-07-08T19:24:28.605+0000] {processor.py:179} INFO - Processing /opt/airflow/dags/pipeline_dag.py took 0.831 seconds
[2025-07-08T19:24:58.996+0000] {processor.py:157} INFO - Started process (PID=310) to work on /opt/airflow/dags/pipeline_dag.py
[2025-07-08T19:24:58.997+0000] {processor.py:829} INFO - Processing file /opt/airflow/dags/pipeline_dag.py for tasks to queue
[2025-07-08T19:24:58.999+0000] {logging_mixin.py:154} INFO - [2025-07-08T19:24:58.999+0000] {dagbag.py:536} INFO - Filling up the DagBag from /opt/airflow/dags/pipeline_dag.py
[2025-07-08T19:24:59.732+0000] {processor.py:839} INFO - DAG(s) dict_keys(['turnstile_ml_pipeline']) retrieved from /opt/airflow/dags/pipeline_dag.py
[2025-07-08T19:24:59.848+0000] {logging_mixin.py:154} INFO - [2025-07-08T19:24:59.848+0000] {dag.py:2941} INFO - Sync 1 DAGs
[2025-07-08T19:24:59.908+0000] {logging_mixin.py:154} INFO - [2025-07-08T19:24:59.908+0000] {dag.py:3722} INFO - Setting next_dagrun for turnstile_ml_pipeline to 2025-07-08T00:00:00+00:00, run_after=2025-07-09T00:00:00+00:00
[2025-07-08T19:24:59.955+0000] {processor.py:179} INFO - Processing /opt/airflow/dags/pipeline_dag.py took 0.964 seconds
[2025-07-08T19:25:30.641+0000] {processor.py:157} INFO - Started process (PID=312) to work on /opt/airflow/dags/pipeline_dag.py
[2025-07-08T19:25:30.643+0000] {processor.py:829} INFO - Processing file /opt/airflow/dags/pipeline_dag.py for tasks to queue
[2025-07-08T19:25:30.647+0000] {logging_mixin.py:154} INFO - [2025-07-08T19:25:30.646+0000] {dagbag.py:536} INFO - Filling up the DagBag from /opt/airflow/dags/pipeline_dag.py
[2025-07-08T19:25:31.772+0000] {processor.py:839} INFO - DAG(s) dict_keys(['turnstile_ml_pipeline']) retrieved from /opt/airflow/dags/pipeline_dag.py
[2025-07-08T19:25:31.857+0000] {logging_mixin.py:154} INFO - [2025-07-08T19:25:31.857+0000] {dag.py:2941} INFO - Sync 1 DAGs
[2025-07-08T19:25:31.892+0000] {logging_mixin.py:154} INFO - [2025-07-08T19:25:31.891+0000] {dag.py:3722} INFO - Setting next_dagrun for turnstile_ml_pipeline to 2025-07-08T00:00:00+00:00, run_after=2025-07-09T00:00:00+00:00
[2025-07-08T19:25:31.922+0000] {processor.py:179} INFO - Processing /opt/airflow/dags/pipeline_dag.py took 1.289 seconds
[2025-07-08T19:26:02.243+0000] {processor.py:157} INFO - Started process (PID=314) to work on /opt/airflow/dags/pipeline_dag.py
[2025-07-08T19:26:02.246+0000] {processor.py:829} INFO - Processing file /opt/airflow/dags/pipeline_dag.py for tasks to queue
[2025-07-08T19:26:02.248+0000] {logging_mixin.py:154} INFO - [2025-07-08T19:26:02.247+0000] {dagbag.py:536} INFO - Filling up the DagBag from /opt/airflow/dags/pipeline_dag.py
[2025-07-08T19:26:03.135+0000] {processor.py:839} INFO - DAG(s) dict_keys(['turnstile_ml_pipeline']) retrieved from /opt/airflow/dags/pipeline_dag.py
[2025-07-08T19:26:03.255+0000] {logging_mixin.py:154} INFO - [2025-07-08T19:26:03.255+0000] {dag.py:2941} INFO - Sync 1 DAGs
[2025-07-08T19:26:03.312+0000] {logging_mixin.py:154} INFO - [2025-07-08T19:26:03.312+0000] {dag.py:3722} INFO - Setting next_dagrun for turnstile_ml_pipeline to 2025-07-08T00:00:00+00:00, run_after=2025-07-09T00:00:00+00:00
[2025-07-08T19:26:03.353+0000] {processor.py:179} INFO - Processing /opt/airflow/dags/pipeline_dag.py took 1.118 seconds
[2025-07-08T19:26:34.272+0000] {processor.py:157} INFO - Started process (PID=316) to work on /opt/airflow/dags/pipeline_dag.py
[2025-07-08T19:26:34.274+0000] {processor.py:829} INFO - Processing file /opt/airflow/dags/pipeline_dag.py for tasks to queue
[2025-07-08T19:26:34.278+0000] {logging_mixin.py:154} INFO - [2025-07-08T19:26:34.277+0000] {dagbag.py:536} INFO - Filling up the DagBag from /opt/airflow/dags/pipeline_dag.py
[2025-07-08T19:26:35.441+0000] {processor.py:839} INFO - DAG(s) dict_keys(['turnstile_ml_pipeline']) retrieved from /opt/airflow/dags/pipeline_dag.py
[2025-07-08T19:26:35.594+0000] {logging_mixin.py:154} INFO - [2025-07-08T19:26:35.594+0000] {dag.py:2941} INFO - Sync 1 DAGs
[2025-07-08T19:26:35.651+0000] {logging_mixin.py:154} INFO - [2025-07-08T19:26:35.651+0000] {dag.py:3722} INFO - Setting next_dagrun for turnstile_ml_pipeline to 2025-07-08T00:00:00+00:00, run_after=2025-07-09T00:00:00+00:00
[2025-07-08T19:26:35.694+0000] {processor.py:179} INFO - Processing /opt/airflow/dags/pipeline_dag.py took 1.431 seconds
[2025-07-08T19:27:05.836+0000] {processor.py:157} INFO - Started process (PID=318) to work on /opt/airflow/dags/pipeline_dag.py
[2025-07-08T19:27:05.842+0000] {processor.py:829} INFO - Processing file /opt/airflow/dags/pipeline_dag.py for tasks to queue
[2025-07-08T19:27:05.845+0000] {logging_mixin.py:154} INFO - [2025-07-08T19:27:05.844+0000] {dagbag.py:536} INFO - Filling up the DagBag from /opt/airflow/dags/pipeline_dag.py
[2025-07-08T19:27:07.664+0000] {processor.py:839} INFO - DAG(s) dict_keys(['turnstile_ml_pipeline']) retrieved from /opt/airflow/dags/pipeline_dag.py
[2025-07-08T19:27:07.875+0000] {logging_mixin.py:154} INFO - [2025-07-08T19:27:07.875+0000] {dag.py:2941} INFO - Sync 1 DAGs
[2025-07-08T19:27:07.953+0000] {logging_mixin.py:154} INFO - [2025-07-08T19:27:07.953+0000] {dag.py:3722} INFO - Setting next_dagrun for turnstile_ml_pipeline to 2025-07-08T00:00:00+00:00, run_after=2025-07-09T00:00:00+00:00
[2025-07-08T19:27:08.018+0000] {processor.py:179} INFO - Processing /opt/airflow/dags/pipeline_dag.py took 2.193 seconds
[2025-07-08T19:27:38.346+0000] {processor.py:157} INFO - Started process (PID=320) to work on /opt/airflow/dags/pipeline_dag.py
[2025-07-08T19:27:38.349+0000] {processor.py:829} INFO - Processing file /opt/airflow/dags/pipeline_dag.py for tasks to queue
[2025-07-08T19:27:38.352+0000] {logging_mixin.py:154} INFO - [2025-07-08T19:27:38.352+0000] {dagbag.py:536} INFO - Filling up the DagBag from /opt/airflow/dags/pipeline_dag.py
[2025-07-08T19:27:39.069+0000] {processor.py:839} INFO - DAG(s) dict_keys(['turnstile_ml_pipeline']) retrieved from /opt/airflow/dags/pipeline_dag.py
[2025-07-08T19:27:39.342+0000] {logging_mixin.py:154} INFO - [2025-07-08T19:27:39.342+0000] {dag.py:2941} INFO - Sync 1 DAGs
[2025-07-08T19:27:39.514+0000] {logging_mixin.py:154} INFO - [2025-07-08T19:27:39.507+0000] {dag.py:3722} INFO - Setting next_dagrun for turnstile_ml_pipeline to 2025-07-08T00:00:00+00:00, run_after=2025-07-09T00:00:00+00:00
[2025-07-08T19:27:39.615+0000] {processor.py:179} INFO - Processing /opt/airflow/dags/pipeline_dag.py took 2.191 seconds
[2025-07-08T19:28:09.914+0000] {processor.py:157} INFO - Started process (PID=322) to work on /opt/airflow/dags/pipeline_dag.py
[2025-07-08T19:28:09.917+0000] {processor.py:829} INFO - Processing file /opt/airflow/dags/pipeline_dag.py for tasks to queue
[2025-07-08T19:28:09.919+0000] {logging_mixin.py:154} INFO - [2025-07-08T19:28:09.919+0000] {dagbag.py:536} INFO - Filling up the DagBag from /opt/airflow/dags/pipeline_dag.py
[2025-07-08T19:28:10.886+0000] {processor.py:839} INFO - DAG(s) dict_keys(['turnstile_ml_pipeline']) retrieved from /opt/airflow/dags/pipeline_dag.py
[2025-07-08T19:28:11.019+0000] {logging_mixin.py:154} INFO - [2025-07-08T19:28:11.019+0000] {dag.py:2941} INFO - Sync 1 DAGs
[2025-07-08T19:28:11.083+0000] {logging_mixin.py:154} INFO - [2025-07-08T19:28:11.083+0000] {dag.py:3722} INFO - Setting next_dagrun for turnstile_ml_pipeline to 2025-07-08T00:00:00+00:00, run_after=2025-07-09T00:00:00+00:00
[2025-07-08T19:28:11.123+0000] {processor.py:179} INFO - Processing /opt/airflow/dags/pipeline_dag.py took 1.217 seconds
[2025-07-08T19:28:41.383+0000] {processor.py:157} INFO - Started process (PID=324) to work on /opt/airflow/dags/pipeline_dag.py
[2025-07-08T19:28:41.386+0000] {processor.py:829} INFO - Processing file /opt/airflow/dags/pipeline_dag.py for tasks to queue
[2025-07-08T19:28:41.389+0000] {logging_mixin.py:154} INFO - [2025-07-08T19:28:41.388+0000] {dagbag.py:536} INFO - Filling up the DagBag from /opt/airflow/dags/pipeline_dag.py
[2025-07-08T19:28:43.037+0000] {processor.py:839} INFO - DAG(s) dict_keys(['turnstile_ml_pipeline']) retrieved from /opt/airflow/dags/pipeline_dag.py
[2025-07-08T19:28:43.225+0000] {logging_mixin.py:154} INFO - [2025-07-08T19:28:43.224+0000] {dag.py:2941} INFO - Sync 1 DAGs
[2025-07-08T19:28:43.296+0000] {logging_mixin.py:154} INFO - [2025-07-08T19:28:43.295+0000] {dag.py:3722} INFO - Setting next_dagrun for turnstile_ml_pipeline to 2025-07-08T00:00:00+00:00, run_after=2025-07-09T00:00:00+00:00
[2025-07-08T19:28:43.357+0000] {processor.py:179} INFO - Processing /opt/airflow/dags/pipeline_dag.py took 1.988 seconds
[2025-07-08T19:29:13.559+0000] {processor.py:157} INFO - Started process (PID=326) to work on /opt/airflow/dags/pipeline_dag.py
[2025-07-08T19:29:13.561+0000] {processor.py:829} INFO - Processing file /opt/airflow/dags/pipeline_dag.py for tasks to queue
[2025-07-08T19:29:13.565+0000] {logging_mixin.py:154} INFO - [2025-07-08T19:29:13.564+0000] {dagbag.py:536} INFO - Filling up the DagBag from /opt/airflow/dags/pipeline_dag.py
[2025-07-08T19:29:14.666+0000] {processor.py:839} INFO - DAG(s) dict_keys(['turnstile_ml_pipeline']) retrieved from /opt/airflow/dags/pipeline_dag.py
[2025-07-08T19:29:14.890+0000] {logging_mixin.py:154} INFO - [2025-07-08T19:29:14.890+0000] {dag.py:2941} INFO - Sync 1 DAGs
[2025-07-08T19:29:14.956+0000] {logging_mixin.py:154} INFO - [2025-07-08T19:29:14.956+0000] {dag.py:3722} INFO - Setting next_dagrun for turnstile_ml_pipeline to 2025-07-08T00:00:00+00:00, run_after=2025-07-09T00:00:00+00:00
[2025-07-08T19:29:15.041+0000] {processor.py:179} INFO - Processing /opt/airflow/dags/pipeline_dag.py took 1.491 seconds
[2025-07-08T19:29:45.176+0000] {processor.py:157} INFO - Started process (PID=328) to work on /opt/airflow/dags/pipeline_dag.py
[2025-07-08T19:29:45.178+0000] {processor.py:829} INFO - Processing file /opt/airflow/dags/pipeline_dag.py for tasks to queue
[2025-07-08T19:29:45.180+0000] {logging_mixin.py:154} INFO - [2025-07-08T19:29:45.180+0000] {dagbag.py:536} INFO - Filling up the DagBag from /opt/airflow/dags/pipeline_dag.py
[2025-07-08T19:29:46.345+0000] {processor.py:839} INFO - DAG(s) dict_keys(['turnstile_ml_pipeline']) retrieved from /opt/airflow/dags/pipeline_dag.py
[2025-07-08T19:29:46.469+0000] {logging_mixin.py:154} INFO - [2025-07-08T19:29:46.469+0000] {dag.py:2941} INFO - Sync 1 DAGs
[2025-07-08T19:29:46.519+0000] {logging_mixin.py:154} INFO - [2025-07-08T19:29:46.518+0000] {dag.py:3722} INFO - Setting next_dagrun for turnstile_ml_pipeline to 2025-07-08T00:00:00+00:00, run_after=2025-07-09T00:00:00+00:00
[2025-07-08T19:29:46.559+0000] {processor.py:179} INFO - Processing /opt/airflow/dags/pipeline_dag.py took 1.392 seconds
[2025-07-08T19:30:16.972+0000] {processor.py:157} INFO - Started process (PID=330) to work on /opt/airflow/dags/pipeline_dag.py
[2025-07-08T19:30:16.974+0000] {processor.py:829} INFO - Processing file /opt/airflow/dags/pipeline_dag.py for tasks to queue
[2025-07-08T19:30:16.976+0000] {logging_mixin.py:154} INFO - [2025-07-08T19:30:16.975+0000] {dagbag.py:536} INFO - Filling up the DagBag from /opt/airflow/dags/pipeline_dag.py
[2025-07-08T19:30:17.844+0000] {processor.py:839} INFO - DAG(s) dict_keys(['turnstile_ml_pipeline']) retrieved from /opt/airflow/dags/pipeline_dag.py
[2025-07-08T19:30:18.004+0000] {logging_mixin.py:154} INFO - [2025-07-08T19:30:18.004+0000] {dag.py:2941} INFO - Sync 1 DAGs
[2025-07-08T19:30:18.127+0000] {logging_mixin.py:154} INFO - [2025-07-08T19:30:18.125+0000] {dag.py:3722} INFO - Setting next_dagrun for turnstile_ml_pipeline to 2025-07-08T00:00:00+00:00, run_after=2025-07-09T00:00:00+00:00
[2025-07-08T19:30:18.196+0000] {processor.py:179} INFO - Processing /opt/airflow/dags/pipeline_dag.py took 1.230 seconds
[2025-07-08T19:30:48.491+0000] {processor.py:157} INFO - Started process (PID=332) to work on /opt/airflow/dags/pipeline_dag.py
[2025-07-08T19:30:48.494+0000] {processor.py:829} INFO - Processing file /opt/airflow/dags/pipeline_dag.py for tasks to queue
[2025-07-08T19:30:48.505+0000] {logging_mixin.py:154} INFO - [2025-07-08T19:30:48.503+0000] {dagbag.py:536} INFO - Filling up the DagBag from /opt/airflow/dags/pipeline_dag.py
[2025-07-08T19:30:49.839+0000] {processor.py:839} INFO - DAG(s) dict_keys(['turnstile_ml_pipeline']) retrieved from /opt/airflow/dags/pipeline_dag.py
[2025-07-08T19:30:50.030+0000] {logging_mixin.py:154} INFO - [2025-07-08T19:30:50.029+0000] {dag.py:2941} INFO - Sync 1 DAGs
[2025-07-08T19:30:50.110+0000] {logging_mixin.py:154} INFO - [2025-07-08T19:30:50.109+0000] {dag.py:3722} INFO - Setting next_dagrun for turnstile_ml_pipeline to 2025-07-08T00:00:00+00:00, run_after=2025-07-09T00:00:00+00:00
[2025-07-08T19:30:50.163+0000] {processor.py:179} INFO - Processing /opt/airflow/dags/pipeline_dag.py took 1.695 seconds
[2025-07-08T19:31:20.665+0000] {processor.py:157} INFO - Started process (PID=334) to work on /opt/airflow/dags/pipeline_dag.py
[2025-07-08T19:31:20.686+0000] {processor.py:829} INFO - Processing file /opt/airflow/dags/pipeline_dag.py for tasks to queue
[2025-07-08T19:31:20.693+0000] {logging_mixin.py:154} INFO - [2025-07-08T19:31:20.692+0000] {dagbag.py:536} INFO - Filling up the DagBag from /opt/airflow/dags/pipeline_dag.py
[2025-07-08T19:31:22.510+0000] {processor.py:839} INFO - DAG(s) dict_keys(['turnstile_ml_pipeline']) retrieved from /opt/airflow/dags/pipeline_dag.py
[2025-07-08T19:31:22.721+0000] {logging_mixin.py:154} INFO - [2025-07-08T19:31:22.720+0000] {dag.py:2941} INFO - Sync 1 DAGs
[2025-07-08T19:31:22.811+0000] {logging_mixin.py:154} INFO - [2025-07-08T19:31:22.811+0000] {dag.py:3722} INFO - Setting next_dagrun for turnstile_ml_pipeline to 2025-07-08T00:00:00+00:00, run_after=2025-07-09T00:00:00+00:00
[2025-07-08T19:31:22.870+0000] {processor.py:179} INFO - Processing /opt/airflow/dags/pipeline_dag.py took 2.228 seconds
[2025-07-08T19:31:53.007+0000] {processor.py:157} INFO - Started process (PID=336) to work on /opt/airflow/dags/pipeline_dag.py
[2025-07-08T19:31:53.010+0000] {processor.py:829} INFO - Processing file /opt/airflow/dags/pipeline_dag.py for tasks to queue
[2025-07-08T19:31:53.012+0000] {logging_mixin.py:154} INFO - [2025-07-08T19:31:53.012+0000] {dagbag.py:536} INFO - Filling up the DagBag from /opt/airflow/dags/pipeline_dag.py
[2025-07-08T19:31:54.011+0000] {processor.py:839} INFO - DAG(s) dict_keys(['turnstile_ml_pipeline']) retrieved from /opt/airflow/dags/pipeline_dag.py
[2025-07-08T19:31:54.189+0000] {logging_mixin.py:154} INFO - [2025-07-08T19:31:54.188+0000] {dag.py:2941} INFO - Sync 1 DAGs
[2025-07-08T19:31:54.254+0000] {logging_mixin.py:154} INFO - [2025-07-08T19:31:54.253+0000] {dag.py:3722} INFO - Setting next_dagrun for turnstile_ml_pipeline to 2025-07-08T00:00:00+00:00, run_after=2025-07-09T00:00:00+00:00
[2025-07-08T19:31:54.305+0000] {processor.py:179} INFO - Processing /opt/airflow/dags/pipeline_dag.py took 1.304 seconds
[2025-07-08T19:32:24.724+0000] {processor.py:157} INFO - Started process (PID=338) to work on /opt/airflow/dags/pipeline_dag.py
[2025-07-08T19:32:24.727+0000] {processor.py:829} INFO - Processing file /opt/airflow/dags/pipeline_dag.py for tasks to queue
[2025-07-08T19:32:24.732+0000] {logging_mixin.py:154} INFO - [2025-07-08T19:32:24.730+0000] {dagbag.py:536} INFO - Filling up the DagBag from /opt/airflow/dags/pipeline_dag.py
[2025-07-08T19:32:25.614+0000] {processor.py:839} INFO - DAG(s) dict_keys(['turnstile_ml_pipeline']) retrieved from /opt/airflow/dags/pipeline_dag.py
[2025-07-08T19:32:25.756+0000] {logging_mixin.py:154} INFO - [2025-07-08T19:32:25.756+0000] {dag.py:2941} INFO - Sync 1 DAGs
[2025-07-08T19:32:25.805+0000] {logging_mixin.py:154} INFO - [2025-07-08T19:32:25.804+0000] {dag.py:3722} INFO - Setting next_dagrun for turnstile_ml_pipeline to 2025-07-08T00:00:00+00:00, run_after=2025-07-09T00:00:00+00:00
[2025-07-08T19:32:25.840+0000] {processor.py:179} INFO - Processing /opt/airflow/dags/pipeline_dag.py took 1.126 seconds
[2025-07-08T19:32:56.144+0000] {processor.py:157} INFO - Started process (PID=340) to work on /opt/airflow/dags/pipeline_dag.py
[2025-07-08T19:32:56.146+0000] {processor.py:829} INFO - Processing file /opt/airflow/dags/pipeline_dag.py for tasks to queue
[2025-07-08T19:32:56.148+0000] {logging_mixin.py:154} INFO - [2025-07-08T19:32:56.147+0000] {dagbag.py:536} INFO - Filling up the DagBag from /opt/airflow/dags/pipeline_dag.py
[2025-07-08T19:32:56.897+0000] {processor.py:839} INFO - DAG(s) dict_keys(['turnstile_ml_pipeline']) retrieved from /opt/airflow/dags/pipeline_dag.py
[2025-07-08T19:32:56.994+0000] {logging_mixin.py:154} INFO - [2025-07-08T19:32:56.994+0000] {dag.py:2941} INFO - Sync 1 DAGs
[2025-07-08T19:32:57.036+0000] {logging_mixin.py:154} INFO - [2025-07-08T19:32:57.036+0000] {dag.py:3722} INFO - Setting next_dagrun for turnstile_ml_pipeline to 2025-07-08T00:00:00+00:00, run_after=2025-07-09T00:00:00+00:00
[2025-07-08T19:32:57.079+0000] {processor.py:179} INFO - Processing /opt/airflow/dags/pipeline_dag.py took 0.943 seconds
[2025-07-08T19:33:27.487+0000] {processor.py:157} INFO - Started process (PID=342) to work on /opt/airflow/dags/pipeline_dag.py
[2025-07-08T19:33:27.489+0000] {processor.py:829} INFO - Processing file /opt/airflow/dags/pipeline_dag.py for tasks to queue
[2025-07-08T19:33:27.491+0000] {logging_mixin.py:154} INFO - [2025-07-08T19:33:27.490+0000] {dagbag.py:536} INFO - Filling up the DagBag from /opt/airflow/dags/pipeline_dag.py
[2025-07-08T19:33:28.244+0000] {processor.py:839} INFO - DAG(s) dict_keys(['turnstile_ml_pipeline']) retrieved from /opt/airflow/dags/pipeline_dag.py
[2025-07-08T19:33:28.362+0000] {logging_mixin.py:154} INFO - [2025-07-08T19:33:28.361+0000] {dag.py:2941} INFO - Sync 1 DAGs
[2025-07-08T19:33:28.411+0000] {logging_mixin.py:154} INFO - [2025-07-08T19:33:28.411+0000] {dag.py:3722} INFO - Setting next_dagrun for turnstile_ml_pipeline to 2025-07-08T00:00:00+00:00, run_after=2025-07-09T00:00:00+00:00
[2025-07-08T19:33:27.978+0000] {processor.py:179} INFO - Processing /opt/airflow/dags/pipeline_dag.py took 0.962 seconds
[2025-07-08T19:33:59.011+0000] {processor.py:157} INFO - Started process (PID=344) to work on /opt/airflow/dags/pipeline_dag.py
[2025-07-08T19:33:59.013+0000] {processor.py:829} INFO - Processing file /opt/airflow/dags/pipeline_dag.py for tasks to queue
[2025-07-08T19:33:59.016+0000] {logging_mixin.py:154} INFO - [2025-07-08T19:33:59.015+0000] {dagbag.py:536} INFO - Filling up the DagBag from /opt/airflow/dags/pipeline_dag.py
[2025-07-08T19:34:00.609+0000] {processor.py:839} INFO - DAG(s) dict_keys(['turnstile_ml_pipeline']) retrieved from /opt/airflow/dags/pipeline_dag.py
[2025-07-08T19:34:00.845+0000] {logging_mixin.py:154} INFO - [2025-07-08T19:34:00.844+0000] {dag.py:2941} INFO - Sync 1 DAGs
[2025-07-08T19:34:00.926+0000] {logging_mixin.py:154} INFO - [2025-07-08T19:34:00.926+0000] {dag.py:3722} INFO - Setting next_dagrun for turnstile_ml_pipeline to 2025-07-08T00:00:00+00:00, run_after=2025-07-09T00:00:00+00:00
[2025-07-08T19:34:00.975+0000] {processor.py:179} INFO - Processing /opt/airflow/dags/pipeline_dag.py took 1.973 seconds
[2025-07-08T19:34:31.507+0000] {processor.py:157} INFO - Started process (PID=346) to work on /opt/airflow/dags/pipeline_dag.py
[2025-07-08T19:34:31.509+0000] {processor.py:829} INFO - Processing file /opt/airflow/dags/pipeline_dag.py for tasks to queue
[2025-07-08T19:34:31.511+0000] {logging_mixin.py:154} INFO - [2025-07-08T19:34:31.511+0000] {dagbag.py:536} INFO - Filling up the DagBag from /opt/airflow/dags/pipeline_dag.py
[2025-07-08T19:34:32.211+0000] {processor.py:839} INFO - DAG(s) dict_keys(['turnstile_ml_pipeline']) retrieved from /opt/airflow/dags/pipeline_dag.py
[2025-07-08T19:34:32.316+0000] {logging_mixin.py:154} INFO - [2025-07-08T19:34:32.316+0000] {dag.py:2941} INFO - Sync 1 DAGs
[2025-07-08T19:34:32.418+0000] {logging_mixin.py:154} INFO - [2025-07-08T19:34:32.417+0000] {dag.py:3722} INFO - Setting next_dagrun for turnstile_ml_pipeline to 2025-07-08T00:00:00+00:00, run_after=2025-07-09T00:00:00+00:00
[2025-07-08T19:34:32.481+0000] {processor.py:179} INFO - Processing /opt/airflow/dags/pipeline_dag.py took 0.978 seconds
[2025-07-08T19:35:02.904+0000] {processor.py:157} INFO - Started process (PID=348) to work on /opt/airflow/dags/pipeline_dag.py
[2025-07-08T19:35:02.906+0000] {processor.py:829} INFO - Processing file /opt/airflow/dags/pipeline_dag.py for tasks to queue
[2025-07-08T19:35:02.908+0000] {logging_mixin.py:154} INFO - [2025-07-08T19:35:02.908+0000] {dagbag.py:536} INFO - Filling up the DagBag from /opt/airflow/dags/pipeline_dag.py
[2025-07-08T19:35:03.598+0000] {processor.py:839} INFO - DAG(s) dict_keys(['turnstile_ml_pipeline']) retrieved from /opt/airflow/dags/pipeline_dag.py
[2025-07-08T19:35:03.681+0000] {logging_mixin.py:154} INFO - [2025-07-08T19:35:03.680+0000] {dag.py:2941} INFO - Sync 1 DAGs
[2025-07-08T19:35:03.738+0000] {logging_mixin.py:154} INFO - [2025-07-08T19:35:03.738+0000] {dag.py:3722} INFO - Setting next_dagrun for turnstile_ml_pipeline to 2025-07-08T00:00:00+00:00, run_after=2025-07-09T00:00:00+00:00
[2025-07-08T19:35:03.774+0000] {processor.py:179} INFO - Processing /opt/airflow/dags/pipeline_dag.py took 0.876 seconds
[2025-07-08T22:34:28.893+0000] {processor.py:157} INFO - Started process (PID=352) to work on /opt/airflow/dags/pipeline_dag.py
[2025-07-08T22:34:28.899+0000] {processor.py:829} INFO - Processing file /opt/airflow/dags/pipeline_dag.py for tasks to queue
[2025-07-08T22:34:28.927+0000] {logging_mixin.py:154} INFO - [2025-07-08T22:34:28.926+0000] {dagbag.py:536} INFO - Filling up the DagBag from /opt/airflow/dags/pipeline_dag.py
[2025-07-08T22:34:32.735+0000] {processor.py:839} INFO - DAG(s) dict_keys(['turnstile_ml_pipeline']) retrieved from /opt/airflow/dags/pipeline_dag.py
[2025-07-08T22:34:33.173+0000] {logging_mixin.py:154} INFO - [2025-07-08T22:34:33.172+0000] {dag.py:2941} INFO - Sync 1 DAGs
[2025-07-08T22:34:33.328+0000] {logging_mixin.py:154} INFO - [2025-07-08T22:34:33.328+0000] {dag.py:3722} INFO - Setting next_dagrun for turnstile_ml_pipeline to 2025-07-08T00:00:00+00:00, run_after=2025-07-09T00:00:00+00:00
[2025-07-08T22:34:33.497+0000] {processor.py:179} INFO - Processing /opt/airflow/dags/pipeline_dag.py took 4.682 seconds
