[2025-07-18T07:18:14.935+0000] {local_task_job_runner.py:123} INFO - ::group::Pre task execution logs
[2025-07-18T07:18:15.097+0000] {taskinstance.py:2614} INFO - Dependencies all met for dep_context=non-requeueable deps ti=<TaskInstance: turnstile_ml_pipeline.download_and_ingest scheduled__2025-07-16T00:00:00+00:00 [queued]>
[2025-07-18T07:18:15.200+0000] {taskinstance.py:2614} INFO - Dependencies all met for dep_context=requeueable deps ti=<TaskInstance: turnstile_ml_pipeline.download_and_ingest scheduled__2025-07-16T00:00:00+00:00 [queued]>
[2025-07-18T07:18:15.214+0000] {taskinstance.py:2867} INFO - Starting attempt 1 of 1
[2025-07-18T07:18:15.381+0000] {taskinstance.py:2890} INFO - Executing <Task(BashOperator): download_and_ingest> on 2025-07-16 00:00:00+00:00
[2025-07-18T07:18:15.444+0000] {standard_task_runner.py:104} INFO - Running: ['***', 'tasks', 'run', 'turnstile_ml_pipeline', 'download_and_ingest', 'scheduled__2025-07-16T00:00:00+00:00', '--job-id', '21', '--raw', '--subdir', 'DAGS_FOLDER/pipeline_dag.py', '--cfg-path', '/tmp/tmp05fxxogt']
[2025-07-18T07:18:15.477+0000] {standard_task_runner.py:105} INFO - Job 21: Subtask download_and_ingest
[2025-07-18T07:18:15.447+0000] {logging_mixin.py:190} WARNING - /home/***/.local/lib/python3.12/site-packages/***/task/task_runner/standard_task_runner.py:70 DeprecationWarning: This process (pid=713) is multi-threaded, use of fork() may lead to deadlocks in the child.
[2025-07-18T07:18:15.516+0000] {standard_task_runner.py:72} INFO - Started process 721 to run task
[2025-07-18T07:18:15.689+0000] {logging_mixin.py:190} WARNING - /home/***/.local/lib/python3.12/site-packages/***/settings.py:209 DeprecationWarning: The sql_alchemy_conn option in [core] has been moved to the sql_alchemy_conn option in [database] - the old setting has been used, but please update your config.
[2025-07-18T07:18:16.902+0000] {task_command.py:467} INFO - Running <TaskInstance: turnstile_ml_pipeline.download_and_ingest scheduled__2025-07-16T00:00:00+00:00 [running]> on host e42e59698f90
[2025-07-18T07:18:16.913+0000] {logging_mixin.py:190} WARNING - /home/***/.local/lib/python3.12/site-packages/***/settings.py:470 DeprecationWarning: The sql_alchemy_conn option in [core] has been moved to the sql_alchemy_conn option in [database] - the old setting has been used, but please update your config.
[2025-07-18T07:18:20.309+0000] {taskinstance.py:3134} INFO - Exporting env vars: AIRFLOW_CTX_DAG_OWNER='***' AIRFLOW_CTX_DAG_ID='turnstile_ml_pipeline' AIRFLOW_CTX_TASK_ID='download_and_ingest' AIRFLOW_CTX_EXECUTION_DATE='2025-07-16T00:00:00+00:00' AIRFLOW_CTX_TRY_NUMBER='1' AIRFLOW_CTX_DAG_RUN_ID='scheduled__2025-07-16T00:00:00+00:00'
[2025-07-18T07:18:20.312+0000] {taskinstance.py:732} INFO - ::endgroup::
[2025-07-18T07:18:20.646+0000] {subprocess.py:78} INFO - Tmp dir root location: /tmp
[2025-07-18T07:18:20.722+0000] {subprocess.py:88} INFO - Running command: ['/usr/bin/bash', '-c', '\n            python /opt/***/pipeline/download_ingest.py                 --year 2022                 --month 7                 --start_day 3                 --end_day 4                 --user ***                 --password ***                 --host postgres                 --port 5432                 --db_name ny_sub_turnstiles                 --table_name raw_turnstile_data\n        ']
[2025-07-18T07:18:21.158+0000] {subprocess.py:99} INFO - Output:
[2025-07-18T07:18:45.124+0000] {subprocess.py:106} INFO - [INFO] Fetching data for dates: ['2022-07-03', '2022-07-04']
[2025-07-18T07:18:45.127+0000] {subprocess.py:106} INFO - [OK] Ingested 2000 rows into table 'raw_turnstile_data'
[2025-07-18T07:18:46.319+0000] {subprocess.py:110} INFO - Command exited with return code 0
[2025-07-18T07:18:46.518+0000] {taskinstance.py:341} INFO - ::group::Post task execution logs
[2025-07-18T07:18:46.536+0000] {taskinstance.py:353} INFO - Marking task as SUCCESS. dag_id=turnstile_ml_pipeline, task_id=download_and_ingest, run_id=scheduled__2025-07-16T00:00:00+00:00, execution_date=20250716T000000, start_date=20250718T071815, end_date=20250718T071846
[2025-07-18T07:18:47.120+0000] {local_task_job_runner.py:266} INFO - Task exited with return code 0
[2025-07-18T07:18:47.554+0000] {taskinstance.py:3901} INFO - 1 downstream tasks scheduled from follow-on schedule check
[2025-07-18T07:18:47.596+0000] {local_task_job_runner.py:245} INFO - ::endgroup::
