[2025-07-13T14:27:25.337+0000] {local_task_job_runner.py:123} INFO - ::group::Pre task execution logs
[2025-07-13T14:27:25.374+0000] {taskinstance.py:2614} INFO - Dependencies all met for dep_context=non-requeueable deps ti=<TaskInstance: turnstile_ml_pipeline.preprocess_train manual__2025-07-13T14:27:00+00:00 [queued]>
[2025-07-13T14:27:25.392+0000] {taskinstance.py:2614} INFO - Dependencies all met for dep_context=requeueable deps ti=<TaskInstance: turnstile_ml_pipeline.preprocess_train manual__2025-07-13T14:27:00+00:00 [queued]>
[2025-07-13T14:27:25.393+0000] {taskinstance.py:2867} INFO - Starting attempt 1 of 1
[2025-07-13T14:27:25.418+0000] {taskinstance.py:2890} INFO - Executing <Task(BashOperator): preprocess_train> on 2025-07-13 14:27:00+00:00
[2025-07-13T14:27:25.432+0000] {logging_mixin.py:190} WARNING - /home/***/.local/lib/python3.12/site-packages/***/task/task_runner/standard_task_runner.py:70 DeprecationWarning: This process (pid=253) is multi-threaded, use of fork() may lead to deadlocks in the child.
[2025-07-13T14:27:25.432+0000] {standard_task_runner.py:104} INFO - Running: ['***', 'tasks', 'run', 'turnstile_ml_pipeline', 'preprocess_train', 'manual__2025-07-13T14:27:00+00:00', '--job-id', '12', '--raw', '--subdir', 'DAGS_FOLDER/pipeline_dag.py', '--cfg-path', '/tmp/tmpkv94oj74']
[2025-07-13T14:27:25.434+0000] {standard_task_runner.py:72} INFO - Started process 261 to run task
[2025-07-13T14:27:25.435+0000] {standard_task_runner.py:105} INFO - Job 12: Subtask preprocess_train
[2025-07-13T14:27:25.458+0000] {logging_mixin.py:190} WARNING - /home/***/.local/lib/python3.12/site-packages/***/settings.py:209 DeprecationWarning: The sql_alchemy_conn option in [core] has been moved to the sql_alchemy_conn option in [database] - the old setting has been used, but please update your config.
[2025-07-13T14:27:25.547+0000] {task_command.py:467} INFO - Running <TaskInstance: turnstile_ml_pipeline.preprocess_train manual__2025-07-13T14:27:00+00:00 [running]> on host 7bf41c76e92f
[2025-07-13T14:27:25.669+0000] {taskinstance.py:3134} INFO - Exporting env vars: AIRFLOW_CTX_DAG_OWNER='***' AIRFLOW_CTX_DAG_ID='turnstile_ml_pipeline' AIRFLOW_CTX_TASK_ID='preprocess_train' AIRFLOW_CTX_EXECUTION_DATE='2025-07-13T14:27:00+00:00' AIRFLOW_CTX_TRY_NUMBER='1' AIRFLOW_CTX_DAG_RUN_ID='manual__2025-07-13T14:27:00+00:00'
[2025-07-13T14:27:25.671+0000] {taskinstance.py:732} INFO - ::endgroup::
[2025-07-13T14:27:25.699+0000] {subprocess.py:78} INFO - Tmp dir root location: /tmp
[2025-07-13T14:27:25.700+0000] {subprocess.py:88} INFO - Running command: ['/usr/bin/bash', '-c', '\n            python /opt/***/pipeline/preprocess.py                 --user ***                 --password ***                 --host postgres                 --port 5432                 --db_name ny_sub_turnstiles                 --raw_table raw_turnstile_data                 --features_table turnstile_features                 --mode train\n        ']
[2025-07-13T14:27:25.718+0000] {subprocess.py:99} INFO - Output:
[2025-07-13T14:27:28.436+0000] {subprocess.py:106} INFO - [OK] Saved 0 rows to 'turnstile_features'
[2025-07-13T14:27:28.626+0000] {subprocess.py:110} INFO - Command exited with return code 0
[2025-07-13T14:27:28.662+0000] {taskinstance.py:341} INFO - ::group::Post task execution logs
[2025-07-13T14:27:28.663+0000] {taskinstance.py:353} INFO - Marking task as SUCCESS. dag_id=turnstile_ml_pipeline, task_id=preprocess_train, run_id=manual__2025-07-13T14:27:00+00:00, execution_date=20250713T142700, start_date=20250713T142725, end_date=20250713T142728
[2025-07-13T14:27:28.732+0000] {local_task_job_runner.py:266} INFO - Task exited with return code 0
[2025-07-13T14:27:28.780+0000] {taskinstance.py:3901} INFO - 1 downstream tasks scheduled from follow-on schedule check
[2025-07-13T14:27:28.785+0000] {local_task_job_runner.py:245} INFO - ::endgroup::
