[2025-07-13T16:58:56.560+0000] {local_task_job_runner.py:123} INFO - ::group::Pre task execution logs
[2025-07-13T16:58:56.595+0000] {taskinstance.py:2614} INFO - Dependencies all met for dep_context=non-requeueable deps ti=<TaskInstance: turnstile_ml_pipeline.preprocess_train manual__2025-07-13T16:36:30+00:00 [queued]>
[2025-07-13T16:58:56.613+0000] {taskinstance.py:2614} INFO - Dependencies all met for dep_context=requeueable deps ti=<TaskInstance: turnstile_ml_pipeline.preprocess_train manual__2025-07-13T16:36:30+00:00 [queued]>
[2025-07-13T16:58:56.614+0000] {taskinstance.py:2867} INFO - Starting attempt 3 of 3
[2025-07-13T16:58:56.635+0000] {taskinstance.py:2890} INFO - Executing <Task(BashOperator): preprocess_train> on 2025-07-13 16:36:30+00:00
[2025-07-13T16:58:56.647+0000] {logging_mixin.py:190} WARNING - /home/***/.local/lib/python3.12/site-packages/***/task/task_runner/standard_task_runner.py:70 DeprecationWarning: This process (pid=479) is multi-threaded, use of fork() may lead to deadlocks in the child.
[2025-07-13T16:58:56.648+0000] {standard_task_runner.py:104} INFO - Running: ['***', 'tasks', 'run', 'turnstile_ml_pipeline', 'preprocess_train', 'manual__2025-07-13T16:36:30+00:00', '--job-id', '16', '--raw', '--subdir', 'DAGS_FOLDER/pipeline_dag.py', '--cfg-path', '/tmp/tmp58ydyjeu']
[2025-07-13T16:58:56.653+0000] {standard_task_runner.py:105} INFO - Job 16: Subtask preprocess_train
[2025-07-13T16:58:56.652+0000] {standard_task_runner.py:72} INFO - Started process 487 to run task
[2025-07-13T16:58:56.674+0000] {logging_mixin.py:190} WARNING - /home/***/.local/lib/python3.12/site-packages/***/settings.py:209 DeprecationWarning: The sql_alchemy_conn option in [core] has been moved to the sql_alchemy_conn option in [database] - the old setting has been used, but please update your config.
[2025-07-13T16:58:56.740+0000] {task_command.py:467} INFO - Running <TaskInstance: turnstile_ml_pipeline.preprocess_train manual__2025-07-13T16:36:30+00:00 [running]> on host 6011aa489c7f
[2025-07-13T16:58:56.884+0000] {taskinstance.py:3134} INFO - Exporting env vars: AIRFLOW_CTX_DAG_OWNER='***' AIRFLOW_CTX_DAG_ID='turnstile_ml_pipeline' AIRFLOW_CTX_TASK_ID='preprocess_train' AIRFLOW_CTX_EXECUTION_DATE='2025-07-13T16:36:30+00:00' AIRFLOW_CTX_TRY_NUMBER='3' AIRFLOW_CTX_DAG_RUN_ID='manual__2025-07-13T16:36:30+00:00'
[2025-07-13T16:58:56.887+0000] {taskinstance.py:732} INFO - ::endgroup::
[2025-07-13T16:58:56.914+0000] {subprocess.py:78} INFO - Tmp dir root location: /tmp
[2025-07-13T16:58:56.917+0000] {subprocess.py:88} INFO - Running command: ['/usr/bin/bash', '-c', '\n            python /opt/***/pipeline/preprocess.py                 --user ***                 --password ***                 --host postgres                 --port 5432                 --db_name ny_sub_turnstiles                 --raw_table raw_turnstile_data                 --features_table turnstile_features                 --mode train\n        ']
[2025-07-13T16:58:56.937+0000] {subprocess.py:99} INFO - Output:
[2025-07-13T16:58:59.883+0000] {subprocess.py:106} INFO - Loaded (2000, 10)
[2025-07-13T16:58:59.884+0000] {subprocess.py:106} INFO - [OK] Saved 0 rows to 'turnstile_features'
[2025-07-13T16:59:00.128+0000] {subprocess.py:110} INFO - Command exited with return code 0
[2025-07-13T16:59:00.182+0000] {taskinstance.py:341} INFO - ::group::Post task execution logs
[2025-07-13T16:59:00.184+0000] {taskinstance.py:353} INFO - Marking task as SUCCESS. dag_id=turnstile_ml_pipeline, task_id=preprocess_train, run_id=manual__2025-07-13T16:36:30+00:00, execution_date=20250713T163630, start_date=20250713T165856, end_date=20250713T165900
[2025-07-13T16:59:00.266+0000] {local_task_job_runner.py:266} INFO - Task exited with return code 0
[2025-07-13T16:59:00.311+0000] {taskinstance.py:3901} INFO - 1 downstream tasks scheduled from follow-on schedule check
[2025-07-13T16:59:00.316+0000] {local_task_job_runner.py:245} INFO - ::endgroup::
