[2025-07-13T17:03:36.232+0000] {local_task_job_runner.py:123} INFO - ::group::Pre task execution logs
[2025-07-13T17:03:36.270+0000] {taskinstance.py:2614} INFO - Dependencies all met for dep_context=non-requeueable deps ti=<TaskInstance: turnstile_ml_pipeline.preprocess_train manual__2025-07-13T16:36:30+00:00 [queued]>
[2025-07-13T17:03:36.287+0000] {taskinstance.py:2614} INFO - Dependencies all met for dep_context=requeueable deps ti=<TaskInstance: turnstile_ml_pipeline.preprocess_train manual__2025-07-13T16:36:30+00:00 [queued]>
[2025-07-13T17:03:36.288+0000] {taskinstance.py:2867} INFO - Starting attempt 6 of 6
[2025-07-13T17:03:36.315+0000] {taskinstance.py:2890} INFO - Executing <Task(BashOperator): preprocess_train> on 2025-07-13 16:36:30+00:00
[2025-07-13T17:03:36.334+0000] {logging_mixin.py:190} WARNING - /home/***/.local/lib/python3.12/site-packages/***/task/task_runner/standard_task_runner.py:70 DeprecationWarning: This process (pid=602) is multi-threaded, use of fork() may lead to deadlocks in the child.
[2025-07-13T17:03:36.333+0000] {standard_task_runner.py:104} INFO - Running: ['***', 'tasks', 'run', 'turnstile_ml_pipeline', 'preprocess_train', 'manual__2025-07-13T16:36:30+00:00', '--job-id', '22', '--raw', '--subdir', 'DAGS_FOLDER/pipeline_dag.py', '--cfg-path', '/tmp/tmpl29qnn_j']
[2025-07-13T17:03:36.337+0000] {standard_task_runner.py:72} INFO - Started process 608 to run task
[2025-07-13T17:03:36.337+0000] {standard_task_runner.py:105} INFO - Job 22: Subtask preprocess_train
[2025-07-13T17:03:36.366+0000] {logging_mixin.py:190} WARNING - /home/***/.local/lib/python3.12/site-packages/***/settings.py:209 DeprecationWarning: The sql_alchemy_conn option in [core] has been moved to the sql_alchemy_conn option in [database] - the old setting has been used, but please update your config.
[2025-07-13T17:03:36.438+0000] {task_command.py:467} INFO - Running <TaskInstance: turnstile_ml_pipeline.preprocess_train manual__2025-07-13T16:36:30+00:00 [running]> on host 6011aa489c7f
[2025-07-13T17:03:36.571+0000] {taskinstance.py:3134} INFO - Exporting env vars: AIRFLOW_CTX_DAG_OWNER='***' AIRFLOW_CTX_DAG_ID='turnstile_ml_pipeline' AIRFLOW_CTX_TASK_ID='preprocess_train' AIRFLOW_CTX_EXECUTION_DATE='2025-07-13T16:36:30+00:00' AIRFLOW_CTX_TRY_NUMBER='6' AIRFLOW_CTX_DAG_RUN_ID='manual__2025-07-13T16:36:30+00:00'
[2025-07-13T17:03:36.572+0000] {taskinstance.py:732} INFO - ::endgroup::
[2025-07-13T17:03:36.602+0000] {subprocess.py:78} INFO - Tmp dir root location: /tmp
[2025-07-13T17:03:36.604+0000] {subprocess.py:88} INFO - Running command: ['/usr/bin/bash', '-c', '\n            python /opt/***/pipeline/preprocess.py                 --user ***                 --password ***                 --host postgres                 --port 5432                 --db_name ny_sub_turnstiles                 --raw_table raw_turnstile_data                 --features_table turnstile_features                 --mode train\n        ']
[2025-07-13T17:03:36.623+0000] {subprocess.py:99} INFO - Output:
[2025-07-13T17:03:38.960+0000] {subprocess.py:106} INFO - Loaded (2000, 10)
[2025-07-13T17:03:38.962+0000] {subprocess.py:106} INFO - Aggregated df (260, 3)
[2025-07-13T17:03:38.963+0000] {subprocess.py:106} INFO - Features df    group_key            datetime  ...  hour  day_of_week
[2025-07-13T17:03:38.964+0000] {subprocess.py:106} INFO - 0  A002_R051 2022-06-28 04:00:00  ...     4            1
[2025-07-13T17:03:38.965+0000] {subprocess.py:106} INFO - 1  A002_R051 2022-06-28 08:00:00  ...     8            1
[2025-07-13T17:03:38.966+0000] {subprocess.py:106} INFO - 2  A002_R051 2022-06-28 12:00:00  ...    12            1
[2025-07-13T17:03:38.967+0000] {subprocess.py:106} INFO - 3  A002_R051 2022-06-28 16:00:00  ...    16            1
[2025-07-13T17:03:38.968+0000] {subprocess.py:106} INFO - 4  A002_R051 2022-06-28 20:00:00  ...    20            1
[2025-07-13T17:03:38.969+0000] {subprocess.py:106} INFO - 5  A002_R051 2022-06-29 00:00:00  ...     0            2
[2025-07-13T17:03:38.971+0000] {subprocess.py:106} INFO - 6  A002_R051 2022-06-29 04:00:00  ...     4            2
[2025-07-13T17:03:38.972+0000] {subprocess.py:106} INFO - 7  A002_R051 2022-06-29 08:00:00  ...     8            2
[2025-07-13T17:03:38.973+0000] {subprocess.py:106} INFO - 8  A002_R051 2022-06-29 12:00:00  ...    12            2
[2025-07-13T17:03:38.975+0000] {subprocess.py:106} INFO - 9  A002_R051 2022-06-29 16:00:00  ...    16            2
[2025-07-13T17:03:38.976+0000] {subprocess.py:106} INFO - 
[2025-07-13T17:03:38.977+0000] {subprocess.py:106} INFO - [10 rows x 8 columns]
[2025-07-13T17:03:38.978+0000] {subprocess.py:106} INFO - [OK] Saved 260 rows to 'turnstile_features'
[2025-07-13T17:03:39.129+0000] {subprocess.py:110} INFO - Command exited with return code 0
[2025-07-13T17:03:39.170+0000] {taskinstance.py:341} INFO - ::group::Post task execution logs
[2025-07-13T17:03:39.172+0000] {taskinstance.py:353} INFO - Marking task as SUCCESS. dag_id=turnstile_ml_pipeline, task_id=preprocess_train, run_id=manual__2025-07-13T16:36:30+00:00, execution_date=20250713T163630, start_date=20250713T170336, end_date=20250713T170339
[2025-07-13T17:03:39.228+0000] {local_task_job_runner.py:266} INFO - Task exited with return code 0
[2025-07-13T17:03:39.269+0000] {taskinstance.py:3901} INFO - 1 downstream tasks scheduled from follow-on schedule check
[2025-07-13T17:03:39.273+0000] {local_task_job_runner.py:245} INFO - ::endgroup::
