[2025-07-16T14:48:10.659+0000] {local_task_job_runner.py:123} INFO - ::group::Pre task execution logs
[2025-07-16T14:48:10.685+0000] {taskinstance.py:2614} INFO - Dependencies all met for dep_context=non-requeueable deps ti=<TaskInstance: turnstile_ml_pipeline.preprocess_inference scheduled__2025-07-15T00:00:00+00:00 [queued]>
[2025-07-16T14:48:10.700+0000] {taskinstance.py:2614} INFO - Dependencies all met for dep_context=requeueable deps ti=<TaskInstance: turnstile_ml_pipeline.preprocess_inference scheduled__2025-07-15T00:00:00+00:00 [queued]>
[2025-07-16T14:48:10.701+0000] {taskinstance.py:2867} INFO - Starting attempt 1 of 1
[2025-07-16T14:48:10.722+0000] {taskinstance.py:2890} INFO - Executing <Task(BashOperator): preprocess_inference> on 2025-07-15 00:00:00+00:00
[2025-07-16T14:48:10.735+0000] {logging_mixin.py:190} WARNING - /home/***/.local/lib/python3.12/site-packages/***/task/task_runner/standard_task_runner.py:70 DeprecationWarning: This process (pid=3163) is multi-threaded, use of fork() may lead to deadlocks in the child.
[2025-07-16T14:48:10.737+0000] {standard_task_runner.py:72} INFO - Started process 3169 to run task
[2025-07-16T14:48:10.735+0000] {standard_task_runner.py:104} INFO - Running: ['***', 'tasks', 'run', 'turnstile_ml_pipeline', 'preprocess_inference', 'scheduled__2025-07-15T00:00:00+00:00', '--job-id', '45', '--raw', '--subdir', 'DAGS_FOLDER/pipeline_dag.py', '--cfg-path', '/tmp/tmpan0vsnsw']
[2025-07-16T14:48:10.740+0000] {standard_task_runner.py:105} INFO - Job 45: Subtask preprocess_inference
[2025-07-16T14:48:10.761+0000] {logging_mixin.py:190} WARNING - /home/***/.local/lib/python3.12/site-packages/***/settings.py:209 DeprecationWarning: The sql_alchemy_conn option in [core] has been moved to the sql_alchemy_conn option in [database] - the old setting has been used, but please update your config.
[2025-07-16T14:48:10.822+0000] {task_command.py:467} INFO - Running <TaskInstance: turnstile_ml_pipeline.preprocess_inference scheduled__2025-07-15T00:00:00+00:00 [running]> on host d84888688479
[2025-07-16T14:48:10.824+0000] {logging_mixin.py:190} WARNING - /home/***/.local/lib/python3.12/site-packages/***/settings.py:470 DeprecationWarning: The sql_alchemy_conn option in [core] has been moved to the sql_alchemy_conn option in [database] - the old setting has been used, but please update your config.
[2025-07-16T14:48:10.934+0000] {taskinstance.py:3134} INFO - Exporting env vars: AIRFLOW_CTX_DAG_OWNER='***' AIRFLOW_CTX_DAG_ID='turnstile_ml_pipeline' AIRFLOW_CTX_TASK_ID='preprocess_inference' AIRFLOW_CTX_EXECUTION_DATE='2025-07-15T00:00:00+00:00' AIRFLOW_CTX_TRY_NUMBER='1' AIRFLOW_CTX_DAG_RUN_ID='scheduled__2025-07-15T00:00:00+00:00'
[2025-07-16T14:48:10.935+0000] {taskinstance.py:732} INFO - ::endgroup::
[2025-07-16T14:48:10.957+0000] {subprocess.py:78} INFO - Tmp dir root location: /tmp
[2025-07-16T14:48:10.958+0000] {subprocess.py:88} INFO - Running command: ['/usr/bin/bash', '-c', '\n            python /opt/***/pipeline/preprocess.py                 --user ***                 --password ***                 --host postgres                 --port 5432                 --db_name ny_sub_turnstiles                 --raw_table raw_turnstile_data                 --features_table turnstile_features                 --inference_table inference_features                 --mode inference\n        ']
[2025-07-16T14:48:10.975+0000] {subprocess.py:99} INFO - Output:
[2025-07-16T14:48:12.842+0000] {subprocess.py:106} INFO - Loaded (2000, 10)
[2025-07-16T14:48:12.844+0000] {subprocess.py:106} INFO - Aggregated df (265, 3)
[2025-07-16T14:48:12.845+0000] {subprocess.py:106} INFO - [OK] Saved 432 rows to 'inference_features'
[2025-07-16T14:48:13.004+0000] {subprocess.py:110} INFO - Command exited with return code 0
[2025-07-16T14:48:13.039+0000] {taskinstance.py:341} INFO - ::group::Post task execution logs
[2025-07-16T14:48:13.040+0000] {taskinstance.py:353} INFO - Marking task as SUCCESS. dag_id=turnstile_ml_pipeline, task_id=preprocess_inference, run_id=scheduled__2025-07-15T00:00:00+00:00, execution_date=20250715T000000, start_date=20250716T144810, end_date=20250716T144813
[2025-07-16T14:48:13.084+0000] {local_task_job_runner.py:266} INFO - Task exited with return code 0
[2025-07-16T14:48:13.119+0000] {taskinstance.py:3901} INFO - 1 downstream tasks scheduled from follow-on schedule check
[2025-07-16T14:48:13.122+0000] {local_task_job_runner.py:245} INFO - ::endgroup::
[2025-07-16T18:49:12.063+0000] {local_task_job_runner.py:123} INFO - ::group::Pre task execution logs
[2025-07-16T18:49:12.122+0000] {taskinstance.py:2614} INFO - Dependencies all met for dep_context=non-requeueable deps ti=<TaskInstance: turnstile_ml_pipeline.preprocess_inference scheduled__2025-07-15T00:00:00+00:00 [queued]>
[2025-07-16T18:49:12.151+0000] {taskinstance.py:2614} INFO - Dependencies all met for dep_context=requeueable deps ti=<TaskInstance: turnstile_ml_pipeline.preprocess_inference scheduled__2025-07-15T00:00:00+00:00 [queued]>
[2025-07-16T18:49:12.152+0000] {taskinstance.py:2867} INFO - Starting attempt 1 of 1
[2025-07-16T18:49:12.194+0000] {taskinstance.py:2890} INFO - Executing <Task(BashOperator): preprocess_inference> on 2025-07-15 00:00:00+00:00
[2025-07-16T18:49:12.214+0000] {standard_task_runner.py:104} INFO - Running: ['***', 'tasks', 'run', 'turnstile_ml_pipeline', 'preprocess_inference', 'scheduled__2025-07-15T00:00:00+00:00', '--job-id', '10', '--raw', '--subdir', 'DAGS_FOLDER/pipeline_dag.py', '--cfg-path', '/tmp/tmpmglw_4m5']
[2025-07-16T18:49:12.213+0000] {logging_mixin.py:190} WARNING - /home/***/.local/lib/python3.12/site-packages/***/task/task_runner/standard_task_runner.py:70 DeprecationWarning: This process (pid=418) is multi-threaded, use of fork() may lead to deadlocks in the child.
[2025-07-16T18:49:12.234+0000] {standard_task_runner.py:105} INFO - Job 10: Subtask preprocess_inference
[2025-07-16T18:49:12.234+0000] {standard_task_runner.py:72} INFO - Started process 426 to run task
[2025-07-16T18:49:12.298+0000] {logging_mixin.py:190} WARNING - /home/***/.local/lib/python3.12/site-packages/***/settings.py:209 DeprecationWarning: The sql_alchemy_conn option in [core] has been moved to the sql_alchemy_conn option in [database] - the old setting has been used, but please update your config.
[2025-07-16T18:49:12.427+0000] {task_command.py:467} INFO - Running <TaskInstance: turnstile_ml_pipeline.preprocess_inference scheduled__2025-07-15T00:00:00+00:00 [running]> on host 36b6cbfeb7c6
[2025-07-16T18:49:12.431+0000] {logging_mixin.py:190} WARNING - /home/***/.local/lib/python3.12/site-packages/***/settings.py:470 DeprecationWarning: The sql_alchemy_conn option in [core] has been moved to the sql_alchemy_conn option in [database] - the old setting has been used, but please update your config.
[2025-07-16T18:49:12.813+0000] {taskinstance.py:3134} INFO - Exporting env vars: AIRFLOW_CTX_DAG_OWNER='***' AIRFLOW_CTX_DAG_ID='turnstile_ml_pipeline' AIRFLOW_CTX_TASK_ID='preprocess_inference' AIRFLOW_CTX_EXECUTION_DATE='2025-07-15T00:00:00+00:00' AIRFLOW_CTX_TRY_NUMBER='1' AIRFLOW_CTX_DAG_RUN_ID='scheduled__2025-07-15T00:00:00+00:00'
[2025-07-16T18:49:12.818+0000] {taskinstance.py:732} INFO - ::endgroup::
[2025-07-16T18:49:12.851+0000] {subprocess.py:78} INFO - Tmp dir root location: /tmp
[2025-07-16T18:49:12.865+0000] {subprocess.py:88} INFO - Running command: ['/usr/bin/bash', '-c', '\n            python /opt/***/pipeline/preprocess.py                 --user ***                 --password ***                 --host postgres                 --port 5432                 --db_name ny_sub_turnstiles                 --raw_table raw_turnstile_data                 --features_table turnstile_features                 --inference_table inference_features                 --mode inference\n        ']
[2025-07-16T18:49:12.904+0000] {subprocess.py:99} INFO - Output:
[2025-07-16T18:49:16.238+0000] {subprocess.py:106} INFO - Loaded (2000, 10)
[2025-07-16T18:49:16.239+0000] {subprocess.py:106} INFO - Aggregated df (265, 3)
[2025-07-16T18:49:16.240+0000] {subprocess.py:106} INFO - [OK] Saved 432 rows to 'inference_features'
[2025-07-16T18:49:16.409+0000] {subprocess.py:110} INFO - Command exited with return code 0
[2025-07-16T18:49:16.465+0000] {taskinstance.py:341} INFO - ::group::Post task execution logs
[2025-07-16T18:49:16.466+0000] {taskinstance.py:353} INFO - Marking task as SUCCESS. dag_id=turnstile_ml_pipeline, task_id=preprocess_inference, run_id=scheduled__2025-07-15T00:00:00+00:00, execution_date=20250715T000000, start_date=20250716T184912, end_date=20250716T184916
[2025-07-16T18:49:16.555+0000] {local_task_job_runner.py:266} INFO - Task exited with return code 0
[2025-07-16T18:49:16.622+0000] {taskinstance.py:3901} INFO - 1 downstream tasks scheduled from follow-on schedule check
[2025-07-16T18:49:16.631+0000] {local_task_job_runner.py:245} INFO - ::endgroup::
[2025-07-16T19:16:18.412+0000] {local_task_job_runner.py:123} INFO - ::group::Pre task execution logs
[2025-07-16T19:16:18.471+0000] {taskinstance.py:2614} INFO - Dependencies all met for dep_context=non-requeueable deps ti=<TaskInstance: turnstile_ml_pipeline.preprocess_inference scheduled__2025-07-15T00:00:00+00:00 [queued]>
[2025-07-16T19:16:18.503+0000] {taskinstance.py:2614} INFO - Dependencies all met for dep_context=requeueable deps ti=<TaskInstance: turnstile_ml_pipeline.preprocess_inference scheduled__2025-07-15T00:00:00+00:00 [queued]>
[2025-07-16T19:16:18.504+0000] {taskinstance.py:2867} INFO - Starting attempt 1 of 1
[2025-07-16T19:16:18.538+0000] {taskinstance.py:2890} INFO - Executing <Task(BashOperator): preprocess_inference> on 2025-07-15 00:00:00+00:00
[2025-07-16T19:16:18.559+0000] {logging_mixin.py:190} WARNING - /home/***/.local/lib/python3.12/site-packages/***/task/task_runner/standard_task_runner.py:70 DeprecationWarning: This process (pid=213) is multi-threaded, use of fork() may lead to deadlocks in the child.
[2025-07-16T19:16:18.563+0000] {standard_task_runner.py:72} INFO - Started process 221 to run task
[2025-07-16T19:16:18.562+0000] {standard_task_runner.py:104} INFO - Running: ['***', 'tasks', 'run', 'turnstile_ml_pipeline', 'preprocess_inference', 'scheduled__2025-07-15T00:00:00+00:00', '--job-id', '10', '--raw', '--subdir', 'DAGS_FOLDER/pipeline_dag.py', '--cfg-path', '/tmp/tmpa92reo78']
[2025-07-16T19:16:18.579+0000] {standard_task_runner.py:105} INFO - Job 10: Subtask preprocess_inference
[2025-07-16T19:16:18.613+0000] {logging_mixin.py:190} WARNING - /home/***/.local/lib/python3.12/site-packages/***/settings.py:209 DeprecationWarning: The sql_alchemy_conn option in [core] has been moved to the sql_alchemy_conn option in [database] - the old setting has been used, but please update your config.
[2025-07-16T19:16:18.718+0000] {task_command.py:467} INFO - Running <TaskInstance: turnstile_ml_pipeline.preprocess_inference scheduled__2025-07-15T00:00:00+00:00 [running]> on host e42e59698f90
[2025-07-16T19:16:18.722+0000] {logging_mixin.py:190} WARNING - /home/***/.local/lib/python3.12/site-packages/***/settings.py:470 DeprecationWarning: The sql_alchemy_conn option in [core] has been moved to the sql_alchemy_conn option in [database] - the old setting has been used, but please update your config.
[2025-07-16T19:16:18.942+0000] {taskinstance.py:3134} INFO - Exporting env vars: AIRFLOW_CTX_DAG_OWNER='***' AIRFLOW_CTX_DAG_ID='turnstile_ml_pipeline' AIRFLOW_CTX_TASK_ID='preprocess_inference' AIRFLOW_CTX_EXECUTION_DATE='2025-07-15T00:00:00+00:00' AIRFLOW_CTX_TRY_NUMBER='1' AIRFLOW_CTX_DAG_RUN_ID='scheduled__2025-07-15T00:00:00+00:00'
[2025-07-16T19:16:18.945+0000] {taskinstance.py:732} INFO - ::endgroup::
[2025-07-16T19:16:18.987+0000] {subprocess.py:78} INFO - Tmp dir root location: /tmp
[2025-07-16T19:16:18.990+0000] {subprocess.py:88} INFO - Running command: ['/usr/bin/bash', '-c', '\n            python /opt/***/pipeline/preprocess.py                 --user ***                 --password ***                 --host postgres                 --port 5432                 --db_name ny_sub_turnstiles                 --raw_table raw_turnstile_data                 --features_table turnstile_features                 --inference_table inference_features                 --mode inference\n        ']
[2025-07-16T19:16:19.019+0000] {subprocess.py:99} INFO - Output:
[2025-07-16T19:16:23.022+0000] {subprocess.py:106} INFO - Loaded (2000, 10)
[2025-07-16T19:16:23.024+0000] {subprocess.py:106} INFO - Aggregated df (265, 3)
[2025-07-16T19:16:23.025+0000] {subprocess.py:106} INFO - [OK] Saved 432 rows to 'inference_features'
[2025-07-16T19:16:23.238+0000] {subprocess.py:110} INFO - Command exited with return code 0
[2025-07-16T19:16:23.276+0000] {taskinstance.py:341} INFO - ::group::Post task execution logs
[2025-07-16T19:16:23.278+0000] {taskinstance.py:353} INFO - Marking task as SUCCESS. dag_id=turnstile_ml_pipeline, task_id=preprocess_inference, run_id=scheduled__2025-07-15T00:00:00+00:00, execution_date=20250715T000000, start_date=20250716T191618, end_date=20250716T191623
[2025-07-16T19:16:23.338+0000] {local_task_job_runner.py:266} INFO - Task exited with return code 0
[2025-07-16T19:16:23.390+0000] {taskinstance.py:3901} INFO - 1 downstream tasks scheduled from follow-on schedule check
[2025-07-16T19:16:23.394+0000] {local_task_job_runner.py:245} INFO - ::endgroup::
