[2025-07-18T07:19:55.831+0000] {local_task_job_runner.py:123} INFO - ::group::Pre task execution logs
[2025-07-18T07:19:55.923+0000] {taskinstance.py:2614} INFO - Dependencies all met for dep_context=non-requeueable deps ti=<TaskInstance: turnstile_ml_pipeline.preprocess_train scheduled__2025-07-17T00:00:00+00:00 [queued]>
[2025-07-18T07:19:55.968+0000] {taskinstance.py:2614} INFO - Dependencies all met for dep_context=requeueable deps ti=<TaskInstance: turnstile_ml_pipeline.preprocess_train scheduled__2025-07-17T00:00:00+00:00 [queued]>
[2025-07-18T07:19:55.972+0000] {taskinstance.py:2867} INFO - Starting attempt 1 of 1
[2025-07-18T07:19:56.032+0000] {taskinstance.py:2890} INFO - Executing <Task(BashOperator): preprocess_train> on 2025-07-17 00:00:00+00:00
[2025-07-18T07:19:56.064+0000] {logging_mixin.py:190} WARNING - /home/***/.local/lib/python3.12/site-packages/***/task/task_runner/standard_task_runner.py:70 DeprecationWarning: This process (pid=761) is multi-threaded, use of fork() may lead to deadlocks in the child.
[2025-07-18T07:19:56.067+0000] {standard_task_runner.py:72} INFO - Started process 769 to run task
[2025-07-18T07:19:56.071+0000] {standard_task_runner.py:104} INFO - Running: ['***', 'tasks', 'run', 'turnstile_ml_pipeline', 'preprocess_train', 'scheduled__2025-07-17T00:00:00+00:00', '--job-id', '24', '--raw', '--subdir', 'DAGS_FOLDER/pipeline_dag.py', '--cfg-path', '/tmp/tmpuwr2fewk']
[2025-07-18T07:19:56.076+0000] {standard_task_runner.py:105} INFO - Job 24: Subtask preprocess_train
[2025-07-18T07:19:56.115+0000] {logging_mixin.py:190} WARNING - /home/***/.local/lib/python3.12/site-packages/***/settings.py:209 DeprecationWarning: The sql_alchemy_conn option in [core] has been moved to the sql_alchemy_conn option in [database] - the old setting has been used, but please update your config.
[2025-07-18T07:19:56.234+0000] {task_command.py:467} INFO - Running <TaskInstance: turnstile_ml_pipeline.preprocess_train scheduled__2025-07-17T00:00:00+00:00 [running]> on host e42e59698f90
[2025-07-18T07:19:56.239+0000] {logging_mixin.py:190} WARNING - /home/***/.local/lib/python3.12/site-packages/***/settings.py:470 DeprecationWarning: The sql_alchemy_conn option in [core] has been moved to the sql_alchemy_conn option in [database] - the old setting has been used, but please update your config.
[2025-07-18T07:19:56.505+0000] {taskinstance.py:3134} INFO - Exporting env vars: AIRFLOW_CTX_DAG_OWNER='***' AIRFLOW_CTX_DAG_ID='turnstile_ml_pipeline' AIRFLOW_CTX_TASK_ID='preprocess_train' AIRFLOW_CTX_EXECUTION_DATE='2025-07-17T00:00:00+00:00' AIRFLOW_CTX_TRY_NUMBER='1' AIRFLOW_CTX_DAG_RUN_ID='scheduled__2025-07-17T00:00:00+00:00'
[2025-07-18T07:19:56.507+0000] {taskinstance.py:732} INFO - ::endgroup::
[2025-07-18T07:19:56.580+0000] {subprocess.py:78} INFO - Tmp dir root location: /tmp
[2025-07-18T07:19:56.638+0000] {subprocess.py:88} INFO - Running command: ['/usr/bin/bash', '-c', '\n            python /opt/***/pipeline/preprocess.py                 --user ***                 --password ***                 --host postgres                 --port 5432                 --db_name ny_sub_turnstiles                 --raw_table raw_turnstile_data                 --features_table turnstile_features                 --mode train\n        ']
[2025-07-18T07:19:56.694+0000] {subprocess.py:99} INFO - Output:
[2025-07-18T07:20:01.928+0000] {subprocess.py:106} INFO - Loaded (2000, 10)
[2025-07-18T07:20:01.948+0000] {subprocess.py:106} INFO - Aggregated df (266, 3)
[2025-07-18T07:20:01.968+0000] {subprocess.py:106} INFO - [OK] Saved 266 rows to 'turnstile_features'
[2025-07-18T07:20:02.439+0000] {subprocess.py:110} INFO - Command exited with return code 0
[2025-07-18T07:20:02.501+0000] {taskinstance.py:341} INFO - ::group::Post task execution logs
[2025-07-18T07:20:02.502+0000] {taskinstance.py:353} INFO - Marking task as SUCCESS. dag_id=turnstile_ml_pipeline, task_id=preprocess_train, run_id=scheduled__2025-07-17T00:00:00+00:00, execution_date=20250717T000000, start_date=20250718T071955, end_date=20250718T072002
[2025-07-18T07:20:02.629+0000] {local_task_job_runner.py:266} INFO - Task exited with return code 0
[2025-07-18T07:20:02.710+0000] {taskinstance.py:3901} INFO - 1 downstream tasks scheduled from follow-on schedule check
[2025-07-18T07:20:02.713+0000] {local_task_job_runner.py:245} INFO - ::endgroup::
