[2025-04-02T16:13:58.367+0000] {local_task_job_runner.py:123} INFO - ::group::Pre task execution logs
[2025-04-02T16:13:58.391+0000] {taskinstance.py:2614} INFO - Dependencies all met for dep_context=non-requeueable deps ti=<TaskInstance: LocalIngestionDag.ingest_dataset manual__2025-04-02T16:13:49.332183+00:00 [queued]>
[2025-04-02T16:13:58.404+0000] {taskinstance.py:2614} INFO - Dependencies all met for dep_context=requeueable deps ti=<TaskInstance: LocalIngestionDag.ingest_dataset manual__2025-04-02T16:13:49.332183+00:00 [queued]>
[2025-04-02T16:13:58.405+0000] {taskinstance.py:2867} INFO - Starting attempt 1 of 1
[2025-04-02T16:13:58.423+0000] {taskinstance.py:2890} INFO - Executing <Task(BashOperator): ingest_dataset> on 2025-04-02 16:13:49.332183+00:00
[2025-04-02T16:13:58.432+0000] {warnings.py:112} WARNING - /home/***/.local/lib/python3.12/site-packages/***/task/task_runner/standard_task_runner.py:70: DeprecationWarning: This process (pid=1618) is multi-threaded, use of fork() may lead to deadlocks in the child.
  pid = os.fork()

[2025-04-02T16:13:58.434+0000] {standard_task_runner.py:72} INFO - Started process 1619 to run task
[2025-04-02T16:13:58.433+0000] {standard_task_runner.py:104} INFO - Running: ['***', 'tasks', 'run', 'LocalIngestionDag', 'ingest_dataset', 'manual__2025-04-02T16:13:49.332183+00:00', '--job-id', '16', '--raw', '--subdir', 'DAGS_FOLDER/data_ingestion_local.py', '--cfg-path', '/tmp/tmpbawvw4v9']
[2025-04-02T16:13:58.435+0000] {standard_task_runner.py:105} INFO - Job 16: Subtask ingest_dataset
[2025-04-02T16:13:58.493+0000] {task_command.py:467} INFO - Running <TaskInstance: LocalIngestionDag.ingest_dataset manual__2025-04-02T16:13:49.332183+00:00 [running]> on host 6baa03efc864
[2025-04-02T16:13:58.591+0000] {taskinstance.py:3134} INFO - Exporting env vars: AIRFLOW_CTX_DAG_OWNER='***' AIRFLOW_CTX_DAG_ID='LocalIngestionDag' AIRFLOW_CTX_TASK_ID='ingest_dataset' AIRFLOW_CTX_EXECUTION_DATE='2025-04-02T16:13:49.332183+00:00' AIRFLOW_CTX_TRY_NUMBER='1' AIRFLOW_CTX_DAG_RUN_ID='manual__2025-04-02T16:13:49.332183+00:00'
[2025-04-02T16:13:58.593+0000] {taskinstance.py:732} INFO - ::endgroup::
[2025-04-02T16:13:58.618+0000] {subprocess.py:78} INFO - Tmp dir root location: /tmp
[2025-04-02T16:13:58.621+0000] {subprocess.py:88} INFO - Running command: ['/usr/bin/bash', '-c', 'ls /opt/***']
[2025-04-02T16:13:58.634+0000] {subprocess.py:99} INFO - Output:
[2025-04-02T16:13:58.646+0000] {subprocess.py:106} INFO - ***.cfg
[2025-04-02T16:13:58.647+0000] {subprocess.py:106} INFO - config
[2025-04-02T16:13:58.648+0000] {subprocess.py:106} INFO - dags
[2025-04-02T16:13:58.649+0000] {subprocess.py:106} INFO - logs
[2025-04-02T16:13:58.649+0000] {subprocess.py:106} INFO - plugins
[2025-04-02T16:13:58.650+0000] {subprocess.py:106} INFO - webserver_config.py
[2025-04-02T16:13:58.650+0000] {subprocess.py:106} INFO - yellow_tripdata_2024-01.parquet
[2025-04-02T16:13:58.651+0000] {subprocess.py:110} INFO - Command exited with return code 0
[2025-04-02T16:13:58.682+0000] {taskinstance.py:341} INFO - ::group::Post task execution logs
[2025-04-02T16:13:58.683+0000] {taskinstance.py:353} INFO - Marking task as SUCCESS. dag_id=LocalIngestionDag, task_id=ingest_dataset, run_id=manual__2025-04-02T16:13:49.332183+00:00, execution_date=20250402T161349, start_date=20250402T161358, end_date=20250402T161358
[2025-04-02T16:13:58.735+0000] {local_task_job_runner.py:266} INFO - Task exited with return code 0
[2025-04-02T16:13:58.756+0000] {taskinstance.py:3901} INFO - 0 downstream tasks scheduled from follow-on schedule check
[2025-04-02T16:13:58.758+0000] {local_task_job_runner.py:245} INFO - ::endgroup::
