[2025-04-02T16:33:33.986+0000] {local_task_job_runner.py:123} INFO - ::group::Pre task execution logs
[2025-04-02T16:33:34.009+0000] {taskinstance.py:2614} INFO - Dependencies all met for dep_context=non-requeueable deps ti=<TaskInstance: LocalIngestionDag.download_dataset manual__2025-04-02T14:50:23.057568+00:00 [queued]>
[2025-04-02T16:33:34.022+0000] {taskinstance.py:2614} INFO - Dependencies all met for dep_context=requeueable deps ti=<TaskInstance: LocalIngestionDag.download_dataset manual__2025-04-02T14:50:23.057568+00:00 [queued]>
[2025-04-02T16:33:34.023+0000] {taskinstance.py:2867} INFO - Starting attempt 2 of 2
[2025-04-02T16:33:34.043+0000] {taskinstance.py:2890} INFO - Executing <Task(BashOperator): download_dataset> on 2025-04-02 14:50:23.057568+00:00
[2025-04-02T16:33:34.053+0000] {warnings.py:112} WARNING - /home/***/.local/lib/python3.12/site-packages/***/task/task_runner/standard_task_runner.py:70: DeprecationWarning: This process (pid=1924) is multi-threaded, use of fork() may lead to deadlocks in the child.
  pid = os.fork()

[2025-04-02T16:33:34.055+0000] {standard_task_runner.py:72} INFO - Started process 1926 to run task
[2025-04-02T16:33:34.056+0000] {standard_task_runner.py:104} INFO - Running: ['***', 'tasks', 'run', 'LocalIngestionDag', 'download_dataset', 'manual__2025-04-02T14:50:23.057568+00:00', '--job-id', '29', '--raw', '--subdir', 'DAGS_FOLDER/data_ingestion_local.py', '--cfg-path', '/tmp/tmp9rfj79oh']
[2025-04-02T16:33:34.058+0000] {standard_task_runner.py:105} INFO - Job 29: Subtask download_dataset
[2025-04-02T16:33:34.124+0000] {task_command.py:467} INFO - Running <TaskInstance: LocalIngestionDag.download_dataset manual__2025-04-02T14:50:23.057568+00:00 [running]> on host 6baa03efc864
[2025-04-02T16:33:34.259+0000] {taskinstance.py:3134} INFO - Exporting env vars: AIRFLOW_CTX_DAG_OWNER='***' AIRFLOW_CTX_DAG_ID='LocalIngestionDag' AIRFLOW_CTX_TASK_ID='download_dataset' AIRFLOW_CTX_EXECUTION_DATE='2025-04-02T14:50:23.057568+00:00' AIRFLOW_CTX_TRY_NUMBER='2' AIRFLOW_CTX_DAG_RUN_ID='manual__2025-04-02T14:50:23.057568+00:00'
[2025-04-02T16:33:34.260+0000] {taskinstance.py:732} INFO - ::endgroup::
[2025-04-02T16:33:34.285+0000] {subprocess.py:78} INFO - Tmp dir root location: /tmp
[2025-04-02T16:33:34.287+0000] {subprocess.py:88} INFO - Running command: ['/usr/bin/bash', '-c', 'curl -o /opt/***/yellow_tripdata_2025-04.parquet "https://d37ci6vzurychx.cloudfront.net/trip-data/yellow_tripdata_2025-04.parquet"']
[2025-04-02T16:33:34.302+0000] {subprocess.py:99} INFO - Output:
[2025-04-02T16:33:34.312+0000] {subprocess.py:106} INFO -   % Total    % Received % Xferd  Average Speed   Time    Time     Time  Current
[2025-04-02T16:33:34.313+0000] {subprocess.py:106} INFO -                                  Dload  Upload   Total   Spent    Left  Speed
[2025-04-02T16:33:34.794+0000] {subprocess.py:106} INFO -   0     0    0     0    0     0      0      0 --:--:-- --:--:-- --:--:--     0100   111    0   111    0     0    230      0 --:--:-- --:--:-- --:--:--   229100   111    0   111    0     0    230      0 --:--:-- --:--:-- --:--:--   229
[2025-04-02T16:33:34.799+0000] {subprocess.py:110} INFO - Command exited with return code 0
[2025-04-02T16:33:34.848+0000] {taskinstance.py:341} INFO - ::group::Post task execution logs
[2025-04-02T16:33:34.855+0000] {taskinstance.py:353} INFO - Marking task as SUCCESS. dag_id=LocalIngestionDag, task_id=download_dataset, run_id=manual__2025-04-02T14:50:23.057568+00:00, execution_date=20250402T145023, start_date=20250402T163334, end_date=20250402T163334
[2025-04-02T16:33:34.961+0000] {local_task_job_runner.py:266} INFO - Task exited with return code 0
[2025-04-02T16:33:35.025+0000] {taskinstance.py:3901} INFO - 1 downstream tasks scheduled from follow-on schedule check
[2025-04-02T16:33:35.032+0000] {local_task_job_runner.py:245} INFO - ::endgroup::
