[2025-07-22T08:41:21.199+0000] {local_task_job_runner.py:123} INFO - ::group::Pre task execution logs
[2025-07-22T08:41:21.224+0000] {taskinstance.py:2614} INFO - Dependencies all met for dep_context=non-requeueable deps ti=<TaskInstance: turnstile_ml_pipeline.run_inference scheduled__2025-07-21T00:00:00+00:00 [queued]>
[2025-07-22T08:41:21.241+0000] {taskinstance.py:2614} INFO - Dependencies all met for dep_context=requeueable deps ti=<TaskInstance: turnstile_ml_pipeline.run_inference scheduled__2025-07-21T00:00:00+00:00 [queued]>
[2025-07-22T08:41:21.243+0000] {taskinstance.py:2867} INFO - Starting attempt 1 of 1
[2025-07-22T08:41:21.265+0000] {taskinstance.py:2890} INFO - Executing <Task(BashOperator): run_inference> on 2025-07-21 00:00:00+00:00
[2025-07-22T08:41:21.278+0000] {logging_mixin.py:190} WARNING - /home/***/.local/lib/python3.12/site-packages/***/task/task_runner/standard_task_runner.py:70 DeprecationWarning: This process (pid=6021) is multi-threaded, use of fork() may lead to deadlocks in the child.
[2025-07-22T08:41:21.282+0000] {standard_task_runner.py:72} INFO - Started process 6027 to run task
[2025-07-22T08:41:21.279+0000] {standard_task_runner.py:104} INFO - Running: ['***', 'tasks', 'run', 'turnstile_ml_pipeline', 'run_inference', 'scheduled__2025-07-21T00:00:00+00:00', '--job-id', '92', '--raw', '--subdir', 'DAGS_FOLDER/pipeline_dag.py', '--cfg-path', '/tmp/tmpm82zyydz']
[2025-07-22T08:41:21.283+0000] {standard_task_runner.py:105} INFO - Job 92: Subtask run_inference
[2025-07-22T08:41:21.310+0000] {logging_mixin.py:190} WARNING - /home/***/.local/lib/python3.12/site-packages/***/settings.py:209 DeprecationWarning: The sql_alchemy_conn option in [core] has been moved to the sql_alchemy_conn option in [database] - the old setting has been used, but please update your config.
[2025-07-22T08:41:21.375+0000] {task_command.py:467} INFO - Running <TaskInstance: turnstile_ml_pipeline.run_inference scheduled__2025-07-21T00:00:00+00:00 [running]> on host e42e59698f90
[2025-07-22T08:41:21.378+0000] {logging_mixin.py:190} WARNING - /home/***/.local/lib/python3.12/site-packages/***/settings.py:470 DeprecationWarning: The sql_alchemy_conn option in [core] has been moved to the sql_alchemy_conn option in [database] - the old setting has been used, but please update your config.
[2025-07-22T08:41:21.543+0000] {taskinstance.py:3134} INFO - Exporting env vars: AIRFLOW_CTX_DAG_OWNER='***' AIRFLOW_CTX_DAG_ID='turnstile_ml_pipeline' AIRFLOW_CTX_TASK_ID='run_inference' AIRFLOW_CTX_EXECUTION_DATE='2025-07-21T00:00:00+00:00' AIRFLOW_CTX_TRY_NUMBER='1' AIRFLOW_CTX_DAG_RUN_ID='scheduled__2025-07-21T00:00:00+00:00'
[2025-07-22T08:41:21.545+0000] {taskinstance.py:732} INFO - ::endgroup::
[2025-07-22T08:41:21.574+0000] {subprocess.py:78} INFO - Tmp dir root location: /tmp
[2025-07-22T08:41:21.576+0000] {subprocess.py:88} INFO - Running command: ['/usr/bin/bash', '-c', '\n            python /opt/***/pipeline/inference.py                 --user ***                 --password ***                 --host postgres                 --port 5432                 --db_name ny_sub_turnstiles                 --inference_table inference_features                 --predictions_table predictions\n        ']
[2025-07-22T08:41:21.601+0000] {subprocess.py:99} INFO - Output:
[2025-07-22T08:41:27.436+0000] {subprocess.py:106} INFO -    group_key            datetime  ...  hour  day_of_week
[2025-07-22T08:41:27.437+0000] {subprocess.py:106} INFO - 0  A002_R051 2022-07-22 00:00:00  ...     0            4
[2025-07-22T08:41:27.438+0000] {subprocess.py:106} INFO - 1  A002_R051 2022-07-22 01:00:00  ...     1            4
[2025-07-22T08:41:27.440+0000] {subprocess.py:106} INFO - 
[2025-07-22T08:41:27.441+0000] {subprocess.py:106} INFO - [2 rows x 8 columns]
[2025-07-22T08:41:27.443+0000] {subprocess.py:106} INFO - [OK] Saved 475 predictions to 'predictions'
[2025-07-22T08:41:27.903+0000] {subprocess.py:110} INFO - Command exited with return code 0
[2025-07-22T08:41:27.948+0000] {taskinstance.py:341} INFO - ::group::Post task execution logs
[2025-07-22T08:41:27.950+0000] {taskinstance.py:353} INFO - Marking task as SUCCESS. dag_id=turnstile_ml_pipeline, task_id=run_inference, run_id=scheduled__2025-07-21T00:00:00+00:00, execution_date=20250721T000000, start_date=20250722T084121, end_date=20250722T084127
[2025-07-22T08:41:28.015+0000] {local_task_job_runner.py:266} INFO - Task exited with return code 0
[2025-07-22T08:41:28.063+0000] {taskinstance.py:3901} INFO - 1 downstream tasks scheduled from follow-on schedule check
[2025-07-22T08:41:28.067+0000] {local_task_job_runner.py:245} INFO - ::endgroup::
