[2025-04-02T16:32:39.209+0000] {local_task_job_runner.py:123} INFO - ::group::Pre task execution logs
[2025-04-02T16:32:39.239+0000] {taskinstance.py:2614} INFO - Dependencies all met for dep_context=non-requeueable deps ti=<TaskInstance: LocalIngestionDag.download_dataset scheduled__2025-01-02T06:00:00+00:00 [queued]>
[2025-04-02T16:32:39.254+0000] {taskinstance.py:2614} INFO - Dependencies all met for dep_context=requeueable deps ti=<TaskInstance: LocalIngestionDag.download_dataset scheduled__2025-01-02T06:00:00+00:00 [queued]>
[2025-04-02T16:32:39.255+0000] {taskinstance.py:2867} INFO - Starting attempt 2 of 2
[2025-04-02T16:32:39.275+0000] {taskinstance.py:2890} INFO - Executing <Task(BashOperator): download_dataset> on 2025-01-02 06:00:00+00:00
[2025-04-02T16:32:39.284+0000] {warnings.py:112} WARNING - /home/***/.local/lib/python3.12/site-packages/***/task/task_runner/standard_task_runner.py:70: DeprecationWarning: This process (pid=1857) is multi-threaded, use of fork() may lead to deadlocks in the child.
  pid = os.fork()

[2025-04-02T16:32:39.287+0000] {standard_task_runner.py:72} INFO - Started process 1858 to run task
[2025-04-02T16:32:39.287+0000] {standard_task_runner.py:104} INFO - Running: ['***', 'tasks', 'run', 'LocalIngestionDag', 'download_dataset', 'scheduled__2025-01-02T06:00:00+00:00', '--job-id', '17', '--raw', '--subdir', 'DAGS_FOLDER/data_ingestion_local.py', '--cfg-path', '/tmp/tmpqsszekjo']
[2025-04-02T16:32:39.288+0000] {standard_task_runner.py:105} INFO - Job 17: Subtask download_dataset
[2025-04-02T16:32:39.357+0000] {task_command.py:467} INFO - Running <TaskInstance: LocalIngestionDag.download_dataset scheduled__2025-01-02T06:00:00+00:00 [running]> on host 6baa03efc864
[2025-04-02T16:32:39.495+0000] {taskinstance.py:3134} INFO - Exporting env vars: AIRFLOW_CTX_DAG_OWNER='***' AIRFLOW_CTX_DAG_ID='LocalIngestionDag' AIRFLOW_CTX_TASK_ID='download_dataset' AIRFLOW_CTX_EXECUTION_DATE='2025-01-02T06:00:00+00:00' AIRFLOW_CTX_TRY_NUMBER='2' AIRFLOW_CTX_DAG_RUN_ID='scheduled__2025-01-02T06:00:00+00:00'
[2025-04-02T16:32:39.497+0000] {taskinstance.py:732} INFO - ::endgroup::
[2025-04-02T16:32:39.519+0000] {subprocess.py:78} INFO - Tmp dir root location: /tmp
[2025-04-02T16:32:39.521+0000] {subprocess.py:88} INFO - Running command: ['/usr/bin/bash', '-c', 'curl -o /opt/***/yellow_tripdata_2025-01.parquet "https://d37ci6vzurychx.cloudfront.net/trip-data/yellow_tripdata_2025-01.parquet"']
[2025-04-02T16:32:39.536+0000] {subprocess.py:99} INFO - Output:
[2025-04-02T16:32:39.545+0000] {subprocess.py:106} INFO -   % Total    % Received % Xferd  Average Speed   Time    Time     Time  Current
[2025-04-02T16:32:39.548+0000] {subprocess.py:106} INFO -                                  Dload  Upload   Total   Spent    Left  Speed
[2025-04-02T16:32:45.702+0000] {subprocess.py:106} INFO -   0     0    0     0    0     0      0      0 --:--:-- --:--:-- --:--:--     0  0     0    0     0    0     0      0      0 --:--:-- --:--:-- --:--:--     0  1 56.0M    1  764k    0     0   698k      0  0:01:22  0:00:01  0:01:21  698k 19 56.0M   19 11.1M    0     0  5440k      0  0:00:10  0:00:02  0:00:08 5439k 40 56.0M   40 22.7M    0     0  7540k      0  0:00:07  0:00:03  0:00:04 7539k 60 56.0M   60 34.0M    0     0  8518k      0  0:00:06  0:00:04  0:00:02 8518k 79 56.0M   79 44.3M    0     0  8925k      0  0:00:06  0:00:05  0:00:01 9184k 98 56.0M   98 55.3M    0     0  9283k      0  0:00:06  0:00:06 --:--:-- 10.9M100 56.0M  100 56.0M    0     0  9320k      0  0:00:06  0:00:06 --:--:-- 11.0M
[2025-04-02T16:32:45.706+0000] {subprocess.py:110} INFO - Command exited with return code 0
[2025-04-02T16:32:45.743+0000] {taskinstance.py:341} INFO - ::group::Post task execution logs
[2025-04-02T16:32:45.744+0000] {taskinstance.py:353} INFO - Marking task as SUCCESS. dag_id=LocalIngestionDag, task_id=download_dataset, run_id=scheduled__2025-01-02T06:00:00+00:00, execution_date=20250102T060000, start_date=20250402T163239, end_date=20250402T163245
[2025-04-02T16:32:45.820+0000] {local_task_job_runner.py:266} INFO - Task exited with return code 0
[2025-04-02T16:32:45.862+0000] {taskinstance.py:3901} INFO - 1 downstream tasks scheduled from follow-on schedule check
[2025-04-02T16:32:45.867+0000] {local_task_job_runner.py:245} INFO - ::endgroup::
