[2025-04-03T11:37:56.535+0000] {local_task_job_runner.py:123} INFO - ::group::Pre task execution logs
[2025-04-03T11:37:56.555+0000] {taskinstance.py:2614} INFO - Dependencies all met for dep_context=non-requeueable deps ti=<TaskInstance: LocalIngestionDag.download_dataset scheduled__2025-01-02T06:00:00+00:00 [queued]>
[2025-04-03T11:37:56.567+0000] {taskinstance.py:2614} INFO - Dependencies all met for dep_context=requeueable deps ti=<TaskInstance: LocalIngestionDag.download_dataset scheduled__2025-01-02T06:00:00+00:00 [queued]>
[2025-04-03T11:37:56.568+0000] {taskinstance.py:2867} INFO - Starting attempt 5 of 5
[2025-04-03T11:37:56.583+0000] {taskinstance.py:2890} INFO - Executing <Task(BashOperator): download_dataset> on 2025-01-02 06:00:00+00:00
[2025-04-03T11:37:56.591+0000] {warnings.py:112} WARNING - /home/***/.local/lib/python3.12/site-packages/***/task/task_runner/standard_task_runner.py:70: DeprecationWarning: This process (pid=548) is multi-threaded, use of fork() may lead to deadlocks in the child.
  pid = os.fork()

[2025-04-03T11:37:56.593+0000] {standard_task_runner.py:72} INFO - Started process 550 to run task
[2025-04-03T11:37:56.593+0000] {standard_task_runner.py:104} INFO - Running: ['***', 'tasks', 'run', 'LocalIngestionDag', 'download_dataset', 'scheduled__2025-01-02T06:00:00+00:00', '--job-id', '37', '--raw', '--subdir', 'DAGS_FOLDER/data_ingestion_local.py', '--cfg-path', '/tmp/tmpxi_2_ks9']
[2025-04-03T11:37:56.597+0000] {standard_task_runner.py:105} INFO - Job 37: Subtask download_dataset
[2025-04-03T11:37:56.652+0000] {task_command.py:467} INFO - Running <TaskInstance: LocalIngestionDag.download_dataset scheduled__2025-01-02T06:00:00+00:00 [running]> on host ddeb5aa80aea
[2025-04-03T11:37:56.945+0000] {taskinstance.py:3134} INFO - Exporting env vars: AIRFLOW_CTX_DAG_OWNER='***' AIRFLOW_CTX_DAG_ID='LocalIngestionDag' AIRFLOW_CTX_TASK_ID='download_dataset' AIRFLOW_CTX_EXECUTION_DATE='2025-01-02T06:00:00+00:00' AIRFLOW_CTX_TRY_NUMBER='5' AIRFLOW_CTX_DAG_RUN_ID='scheduled__2025-01-02T06:00:00+00:00'
[2025-04-03T11:37:56.947+0000] {taskinstance.py:732} INFO - ::endgroup::
[2025-04-03T11:37:56.961+0000] {subprocess.py:78} INFO - Tmp dir root location: /tmp
[2025-04-03T11:37:56.963+0000] {subprocess.py:88} INFO - Running command: ['/usr/bin/bash', '-c', 'curl -o /opt/***/yellow_tripdata_2025-01.parquet "https://d37ci6vzurychx.cloudfront.net/trip-data/yellow_tripdata_2025-01.parquet"']
[2025-04-03T11:37:56.977+0000] {subprocess.py:99} INFO - Output:
[2025-04-03T11:37:56.986+0000] {subprocess.py:106} INFO -   % Total    % Received % Xferd  Average Speed   Time    Time     Time  Current
[2025-04-03T11:37:56.987+0000] {subprocess.py:106} INFO -                                  Dload  Upload   Total   Spent    Left  Speed
[2025-04-03T11:38:02.707+0000] {subprocess.py:106} INFO -   0     0    0     0    0     0      0      0 --:--:-- --:--:-- --:--:--     0 13 56.0M   13 7790k    0     0  8485k      0  0:00:06 --:--:--  0:00:06 8486k 31 56.0M   31 17.6M    0     0  9408k      0  0:00:06  0:00:01  0:00:05 9408k 49 56.0M   49 27.9M    0     0  9795k      0  0:00:05  0:00:02  0:00:03 9793k 68 56.0M   68 38.2M    0     0   9.7M      0  0:00:05  0:00:03  0:00:02 9999k 86 56.0M   86 48.3M    0     0   9.8M      0  0:00:05  0:00:04  0:00:01  9.8M100 56.0M  100 56.0M    0     0   9.7M      0  0:00:05  0:00:05 --:--:-- 10.0M
[2025-04-03T11:38:02.725+0000] {subprocess.py:110} INFO - Command exited with return code 0
[2025-04-03T11:38:02.766+0000] {taskinstance.py:341} INFO - ::group::Post task execution logs
[2025-04-03T11:38:02.767+0000] {taskinstance.py:353} INFO - Marking task as SUCCESS. dag_id=LocalIngestionDag, task_id=download_dataset, run_id=scheduled__2025-01-02T06:00:00+00:00, execution_date=20250102T060000, start_date=20250403T113756, end_date=20250403T113802
[2025-04-03T11:38:02.845+0000] {local_task_job_runner.py:266} INFO - Task exited with return code 0
[2025-04-03T11:38:02.881+0000] {taskinstance.py:3901} INFO - 1 downstream tasks scheduled from follow-on schedule check
[2025-04-03T11:38:02.886+0000] {local_task_job_runner.py:245} INFO - ::endgroup::
