[2025-04-03T11:42:04.056+0000] {local_task_job_runner.py:123} INFO - ::group::Pre task execution logs
[2025-04-03T11:42:04.128+0000] {taskinstance.py:2614} INFO - Dependencies all met for dep_context=non-requeueable deps ti=<TaskInstance: LocalIngestionDag.download_dataset scheduled__2025-01-02T06:00:00+00:00 [queued]>
[2025-04-03T11:42:04.186+0000] {taskinstance.py:2614} INFO - Dependencies all met for dep_context=requeueable deps ti=<TaskInstance: LocalIngestionDag.download_dataset scheduled__2025-01-02T06:00:00+00:00 [queued]>
[2025-04-03T11:42:04.188+0000] {taskinstance.py:2867} INFO - Starting attempt 6 of 6
[2025-04-03T11:42:04.249+0000] {taskinstance.py:2890} INFO - Executing <Task(BashOperator): download_dataset> on 2025-01-02 06:00:00+00:00
[2025-04-03T11:42:04.269+0000] {warnings.py:112} WARNING - /home/***/.local/lib/python3.12/site-packages/***/task/task_runner/standard_task_runner.py:70: DeprecationWarning: This process (pid=650) is multi-threaded, use of fork() may lead to deadlocks in the child.
  pid = os.fork()

[2025-04-03T11:42:04.272+0000] {standard_task_runner.py:72} INFO - Started process 652 to run task
[2025-04-03T11:42:04.273+0000] {standard_task_runner.py:104} INFO - Running: ['***', 'tasks', 'run', 'LocalIngestionDag', 'download_dataset', 'scheduled__2025-01-02T06:00:00+00:00', '--job-id', '47', '--raw', '--subdir', 'DAGS_FOLDER/data_ingestion_local.py', '--cfg-path', '/tmp/tmp3hxb3y2n']
[2025-04-03T11:42:04.279+0000] {standard_task_runner.py:105} INFO - Job 47: Subtask download_dataset
[2025-04-03T11:42:04.377+0000] {task_command.py:467} INFO - Running <TaskInstance: LocalIngestionDag.download_dataset scheduled__2025-01-02T06:00:00+00:00 [running]> on host ddeb5aa80aea
[2025-04-03T11:42:04.858+0000] {taskinstance.py:3134} INFO - Exporting env vars: AIRFLOW_CTX_DAG_OWNER='***' AIRFLOW_CTX_DAG_ID='LocalIngestionDag' AIRFLOW_CTX_TASK_ID='download_dataset' AIRFLOW_CTX_EXECUTION_DATE='2025-01-02T06:00:00+00:00' AIRFLOW_CTX_TRY_NUMBER='6' AIRFLOW_CTX_DAG_RUN_ID='scheduled__2025-01-02T06:00:00+00:00'
[2025-04-03T11:42:04.860+0000] {taskinstance.py:732} INFO - ::endgroup::
[2025-04-03T11:42:04.881+0000] {subprocess.py:78} INFO - Tmp dir root location: /tmp
[2025-04-03T11:42:04.883+0000] {subprocess.py:88} INFO - Running command: ['/usr/bin/bash', '-c', 'curl -o /opt/***/yellow_tripdata_2025-01.parquet "https://d37ci6vzurychx.cloudfront.net/trip-data/yellow_tripdata_2025-01.parquet"']
[2025-04-03T11:42:04.907+0000] {subprocess.py:99} INFO - Output:
[2025-04-03T11:42:04.919+0000] {subprocess.py:106} INFO -   % Total    % Received % Xferd  Average Speed   Time    Time     Time  Current
[2025-04-03T11:42:04.921+0000] {subprocess.py:106} INFO -                                  Dload  Upload   Total   Spent    Left  Speed
[2025-04-03T11:42:10.662+0000] {subprocess.py:106} INFO -   0     0    0     0    0     0      0      0 --:--:-- --:--:-- --:--:--     0 10 56.0M   10 5885k    0     0  7395k      0  0:00:07 --:--:--  0:00:07 7393k 29 56.0M   29 16.7M    0     0  9575k      0  0:00:05  0:00:01  0:00:04 9576k 46 56.0M   46 26.2M    0     0  9563k      0  0:00:05  0:00:02  0:00:03 9562k 64 56.0M   64 35.9M    0     0  9697k      0  0:00:05  0:00:03  0:00:02 9696k 82 56.0M   82 46.3M    0     0  9902k      0  0:00:05  0:00:04  0:00:01 9900k100 56.0M  100 56.0M    0     0  9996k      0  0:00:05  0:00:05 --:--:-- 10.1M
[2025-04-03T11:42:10.663+0000] {subprocess.py:110} INFO - Command exited with return code 0
[2025-04-03T11:42:10.702+0000] {taskinstance.py:341} INFO - ::group::Post task execution logs
[2025-04-03T11:42:10.703+0000] {taskinstance.py:353} INFO - Marking task as SUCCESS. dag_id=LocalIngestionDag, task_id=download_dataset, run_id=scheduled__2025-01-02T06:00:00+00:00, execution_date=20250102T060000, start_date=20250403T114204, end_date=20250403T114210
[2025-04-03T11:42:10.763+0000] {local_task_job_runner.py:266} INFO - Task exited with return code 0
[2025-04-03T11:42:11.010+0000] {taskinstance.py:3901} INFO - 0 downstream tasks scheduled from follow-on schedule check
[2025-04-03T11:42:11.012+0000] {local_task_job_runner.py:245} INFO - ::endgroup::
