[2025-04-03T11:46:46.827+0000] {local_task_job_runner.py:123} INFO - ::group::Pre task execution logs
[2025-04-03T11:46:46.848+0000] {taskinstance.py:2614} INFO - Dependencies all met for dep_context=non-requeueable deps ti=<TaskInstance: LocalIngestionDag.download_dataset scheduled__2025-01-02T06:00:00+00:00 [queued]>
[2025-04-03T11:46:46.858+0000] {taskinstance.py:2614} INFO - Dependencies all met for dep_context=requeueable deps ti=<TaskInstance: LocalIngestionDag.download_dataset scheduled__2025-01-02T06:00:00+00:00 [queued]>
[2025-04-03T11:46:46.859+0000] {taskinstance.py:2867} INFO - Starting attempt 7 of 7
[2025-04-03T11:46:46.874+0000] {taskinstance.py:2890} INFO - Executing <Task(BashOperator): download_dataset> on 2025-01-02 06:00:00+00:00
[2025-04-03T11:46:46.889+0000] {warnings.py:112} WARNING - /home/***/.local/lib/python3.12/site-packages/***/task/task_runner/standard_task_runner.py:70: DeprecationWarning: This process (pid=723) is multi-threaded, use of fork() may lead to deadlocks in the child.
  pid = os.fork()

[2025-04-03T11:46:46.891+0000] {standard_task_runner.py:72} INFO - Started process 725 to run task
[2025-04-03T11:46:46.893+0000] {standard_task_runner.py:104} INFO - Running: ['***', 'tasks', 'run', 'LocalIngestionDag', 'download_dataset', 'scheduled__2025-01-02T06:00:00+00:00', '--job-id', '50', '--raw', '--subdir', 'DAGS_FOLDER/data_ingestion_local.py', '--cfg-path', '/tmp/tmpiw44og8s']
[2025-04-03T11:46:46.897+0000] {standard_task_runner.py:105} INFO - Job 50: Subtask download_dataset
[2025-04-03T11:46:46.968+0000] {task_command.py:467} INFO - Running <TaskInstance: LocalIngestionDag.download_dataset scheduled__2025-01-02T06:00:00+00:00 [running]> on host ddeb5aa80aea
[2025-04-03T11:46:47.420+0000] {taskinstance.py:3134} INFO - Exporting env vars: AIRFLOW_CTX_DAG_OWNER='***' AIRFLOW_CTX_DAG_ID='LocalIngestionDag' AIRFLOW_CTX_TASK_ID='download_dataset' AIRFLOW_CTX_EXECUTION_DATE='2025-01-02T06:00:00+00:00' AIRFLOW_CTX_TRY_NUMBER='7' AIRFLOW_CTX_DAG_RUN_ID='scheduled__2025-01-02T06:00:00+00:00'
[2025-04-03T11:46:47.421+0000] {taskinstance.py:732} INFO - ::endgroup::
[2025-04-03T11:46:47.439+0000] {subprocess.py:78} INFO - Tmp dir root location: /tmp
[2025-04-03T11:46:47.441+0000] {subprocess.py:88} INFO - Running command: ['/usr/bin/bash', '-c', 'curl -o /opt/***/2025-01.parquet "https://d37ci6vzurychx.cloudfront.net/trip-data/yellow_tripdata_2025-01.parquet"']
[2025-04-03T11:46:47.460+0000] {subprocess.py:99} INFO - Output:
[2025-04-03T11:46:47.470+0000] {subprocess.py:106} INFO -   % Total    % Received % Xferd  Average Speed   Time    Time     Time  Current
[2025-04-03T11:46:47.471+0000] {subprocess.py:106} INFO -                                  Dload  Upload   Total   Spent    Left  Speed
[2025-04-03T11:46:53.857+0000] {subprocess.py:106} INFO -   0     0    0     0    0     0      0      0 --:--:-- --:--:-- --:--:--     0  0 56.0M    0 32383    0     0   195k      0  0:04:53 --:--:--  0:04:53  195k 16 56.0M   16 9529k    0     0  8288k      0  0:00:06  0:00:01  0:00:05 8286k 33 56.0M   33 18.6M    0     0  8873k      0  0:00:06  0:00:02  0:00:04 8873k 47 56.0M   47 26.3M    0     0  8565k      0  0:00:06  0:00:03  0:00:03 8566k 64 56.0M   64 36.1M    0     0  8927k      0  0:00:06  0:00:04  0:00:02 8926k 81 56.0M   81 45.7M    0     0  9099k      0  0:00:06  0:00:05  0:00:01 9385k 95 56.0M   95 53.6M    0     0  8929k      0  0:00:06  0:00:06 --:--:-- 9078k100 56.0M  100 56.0M    0     0  8982k      0  0:00:06  0:00:06 --:--:-- 9037k
[2025-04-03T11:46:53.860+0000] {subprocess.py:110} INFO - Command exited with return code 0
[2025-04-03T11:46:53.902+0000] {taskinstance.py:341} INFO - ::group::Post task execution logs
[2025-04-03T11:46:53.903+0000] {taskinstance.py:353} INFO - Marking task as SUCCESS. dag_id=LocalIngestionDag, task_id=download_dataset, run_id=scheduled__2025-01-02T06:00:00+00:00, execution_date=20250102T060000, start_date=20250403T114646, end_date=20250403T114653
[2025-04-03T11:46:53.986+0000] {local_task_job_runner.py:266} INFO - Task exited with return code 0
[2025-04-03T11:46:54.030+0000] {taskinstance.py:3901} INFO - 1 downstream tasks scheduled from follow-on schedule check
[2025-04-03T11:46:54.039+0000] {local_task_job_runner.py:245} INFO - ::endgroup::
