[2025-07-21T08:27:28.866+0000] {local_task_job_runner.py:123} INFO - ::group::Pre task execution logs
[2025-07-21T08:27:28.905+0000] {taskinstance.py:2614} INFO - Dependencies all met for dep_context=non-requeueable deps ti=<TaskInstance: turnstile_ml_pipeline.run_monitoring scheduled__2025-07-20T00:00:00+00:00 [queued]>
[2025-07-21T08:27:28.929+0000] {taskinstance.py:2614} INFO - Dependencies all met for dep_context=requeueable deps ti=<TaskInstance: turnstile_ml_pipeline.run_monitoring scheduled__2025-07-20T00:00:00+00:00 [queued]>
[2025-07-21T08:27:28.930+0000] {taskinstance.py:2867} INFO - Starting attempt 1 of 1
[2025-07-21T08:27:28.956+0000] {taskinstance.py:2890} INFO - Executing <Task(BashOperator): run_monitoring> on 2025-07-20 00:00:00+00:00
[2025-07-21T08:27:28.973+0000] {logging_mixin.py:190} WARNING - /home/***/.local/lib/python3.12/site-packages/***/task/task_runner/standard_task_runner.py:70 DeprecationWarning: This process (pid=3946) is multi-threaded, use of fork() may lead to deadlocks in the child.
[2025-07-21T08:27:28.975+0000] {standard_task_runner.py:72} INFO - Started process 3952 to run task
[2025-07-21T08:27:28.983+0000] {standard_task_runner.py:104} INFO - Running: ['***', 'tasks', 'run', 'turnstile_ml_pipeline', 'run_monitoring', 'scheduled__2025-07-20T00:00:00+00:00', '--job-id', '86', '--raw', '--subdir', 'DAGS_FOLDER/pipeline_dag.py', '--cfg-path', '/tmp/tmp5vs5jk43']
[2025-07-21T08:27:28.990+0000] {standard_task_runner.py:105} INFO - Job 86: Subtask run_monitoring
[2025-07-21T08:27:29.019+0000] {logging_mixin.py:190} WARNING - /home/***/.local/lib/python3.12/site-packages/***/settings.py:209 DeprecationWarning: The sql_alchemy_conn option in [core] has been moved to the sql_alchemy_conn option in [database] - the old setting has been used, but please update your config.
[2025-07-21T08:27:29.115+0000] {task_command.py:467} INFO - Running <TaskInstance: turnstile_ml_pipeline.run_monitoring scheduled__2025-07-20T00:00:00+00:00 [running]> on host e42e59698f90
[2025-07-21T08:27:29.118+0000] {logging_mixin.py:190} WARNING - /home/***/.local/lib/python3.12/site-packages/***/settings.py:470 DeprecationWarning: The sql_alchemy_conn option in [core] has been moved to the sql_alchemy_conn option in [database] - the old setting has been used, but please update your config.
[2025-07-21T08:27:29.274+0000] {taskinstance.py:3134} INFO - Exporting env vars: AIRFLOW_CTX_DAG_OWNER='***' AIRFLOW_CTX_DAG_ID='turnstile_ml_pipeline' AIRFLOW_CTX_TASK_ID='run_monitoring' AIRFLOW_CTX_EXECUTION_DATE='2025-07-20T00:00:00+00:00' AIRFLOW_CTX_TRY_NUMBER='1' AIRFLOW_CTX_DAG_RUN_ID='scheduled__2025-07-20T00:00:00+00:00'
[2025-07-21T08:27:29.277+0000] {taskinstance.py:732} INFO - ::endgroup::
[2025-07-21T08:27:29.305+0000] {subprocess.py:78} INFO - Tmp dir root location: /tmp
[2025-07-21T08:27:29.307+0000] {subprocess.py:88} INFO - Running command: ['/usr/bin/bash', '-c', '\n            python /opt/***/pipeline/monitor.py                 --user ***                 --password ***                 --host postgres                 --port 5432                 --db_name ny_sub_turnstiles                 --predictions_table predictions                 --monitoring_table monitoring                 --reference_date 2022-07-21\n        ']
[2025-07-21T08:27:29.325+0000] {subprocess.py:99} INFO - Output:
[2025-07-21T08:27:33.198+0000] {subprocess.py:106} INFO - [Monitoring] For date: 2022-07-21
[2025-07-21T08:27:33.199+0000] {subprocess.py:106} INFO - 2022-07-21
[2025-07-21T08:27:33.200+0000] {subprocess.py:106} INFO -   monitoring_date  n_obs          mae         rmse  mean_ridership
[2025-07-21T08:27:33.200+0000] {subprocess.py:106} INFO - 0      2022-07-21    120  1949.024098  2483.724598        1820.125
[2025-07-21T08:27:33.201+0000] {subprocess.py:106} INFO -    group_key monitoring_date  n_obs  ...         rmse  ridership_mean  load_class
[2025-07-21T08:27:33.201+0000] {subprocess.py:106} INFO - 0  A002_R051      2022-07-21      5  ...  1901.420590          1716.6    mid-high
[2025-07-21T08:27:33.202+0000] {subprocess.py:106} INFO - 1  A006_R079      2022-07-21      5  ...  2013.601324          1913.6    mid-high
[2025-07-21T08:27:33.202+0000] {subprocess.py:106} INFO - 2  A007_R079      2022-07-21      5  ...   703.693326           758.0         low
[2025-07-21T08:27:33.203+0000] {subprocess.py:106} INFO - 3  A010_R080      2022-07-21      5  ...  2539.913754          2091.0        high
[2025-07-21T08:27:33.203+0000] {subprocess.py:106} INFO - 4  A011_R080      2022-07-21      5  ...  3236.937329          2704.8        high
[2025-07-21T08:27:33.204+0000] {subprocess.py:106} INFO - 
[2025-07-21T08:27:33.204+0000] {subprocess.py:106} INFO - [5 rows x 7 columns]
[2025-07-21T08:27:33.205+0000] {subprocess.py:106} INFO - [OK] Saved 24 rows to 'monitoring'
[2025-07-21T08:27:33.495+0000] {subprocess.py:110} INFO - Command exited with return code 0
[2025-07-21T08:27:33.569+0000] {taskinstance.py:341} INFO - ::group::Post task execution logs
[2025-07-21T08:27:33.570+0000] {taskinstance.py:353} INFO - Marking task as SUCCESS. dag_id=turnstile_ml_pipeline, task_id=run_monitoring, run_id=scheduled__2025-07-20T00:00:00+00:00, execution_date=20250720T000000, start_date=20250721T082728, end_date=20250721T082733
[2025-07-21T08:27:33.724+0000] {local_task_job_runner.py:266} INFO - Task exited with return code 0
[2025-07-21T08:27:33.774+0000] {taskinstance.py:3901} INFO - 0 downstream tasks scheduled from follow-on schedule check
[2025-07-21T08:27:33.784+0000] {local_task_job_runner.py:245} INFO - ::endgroup::
