[2025-07-10T01:17:56.316+0000] {logging_mixin.py:154} INFO - Changing /opt/***/logs/dag_id=turnstile_ml_pipeline/run_id=scheduled__2025-07-09T00:00:00+00:00/task_id=preprocess_train permission to 509
[2025-07-10T01:17:56.317+0000] {logging_mixin.py:154} INFO - Failed to change /opt/***/logs/dag_id=turnstile_ml_pipeline/run_id=scheduled__2025-07-09T00:00:00+00:00/task_id=preprocess_train permission to 509: [Errno 1] Operation not permitted: '/opt/***/logs/dag_id=turnstile_ml_pipeline/run_id=scheduled__2025-07-09T00:00:00+00:00/task_id=preprocess_train'
[2025-07-10T01:17:56.368+0000] {logging_mixin.py:154} INFO - Changing /opt/***/logs/dag_id=turnstile_ml_pipeline/run_id=scheduled__2025-07-09T00:00:00+00:00/task_id=preprocess_train permission to 509
[2025-07-10T01:17:56.369+0000] {logging_mixin.py:154} INFO - Failed to change /opt/***/logs/dag_id=turnstile_ml_pipeline/run_id=scheduled__2025-07-09T00:00:00+00:00/task_id=preprocess_train permission to 509: [Errno 1] Operation not permitted: '/opt/***/logs/dag_id=turnstile_ml_pipeline/run_id=scheduled__2025-07-09T00:00:00+00:00/task_id=preprocess_train'
[2025-07-10T01:17:56.427+0000] {taskinstance.py:1159} INFO - Dependencies all met for dep_context=non-requeueable deps ti=<TaskInstance: turnstile_ml_pipeline.preprocess_train scheduled__2025-07-09T00:00:00+00:00 [queued]>
[2025-07-10T01:17:56.442+0000] {taskinstance.py:1159} INFO - Dependencies all met for dep_context=requeueable deps ti=<TaskInstance: turnstile_ml_pipeline.preprocess_train scheduled__2025-07-09T00:00:00+00:00 [queued]>
[2025-07-10T01:17:56.443+0000] {taskinstance.py:1361} INFO - Starting attempt 1 of 1
[2025-07-10T01:17:56.466+0000] {taskinstance.py:1382} INFO - Executing <Task(BashOperator): preprocess_train> on 2025-07-09 00:00:00+00:00
[2025-07-10T01:17:56.473+0000] {standard_task_runner.py:57} INFO - Started process 690 to run task
[2025-07-10T01:17:56.486+0000] {standard_task_runner.py:84} INFO - Running: ['***', 'tasks', 'run', 'turnstile_ml_pipeline', 'preprocess_train', 'scheduled__2025-07-09T00:00:00+00:00', '--job-id', '14', '--raw', '--subdir', 'DAGS_FOLDER/pipeline_dag.py', '--cfg-path', '/tmp/tmpc9tvquxk']
[2025-07-10T01:17:56.488+0000] {standard_task_runner.py:85} INFO - Job 14: Subtask preprocess_train
[2025-07-10T01:17:56.513+0000] {logging_mixin.py:154} WARNING - /home/***/.local/lib/python3.8/site-packages/***/settings.py:195 DeprecationWarning: The sql_alchemy_conn option in [core] has been moved to the sql_alchemy_conn option in [database] - the old setting has been used, but please update your config.
[2025-07-10T01:17:56.574+0000] {logging_mixin.py:154} INFO - Changing /opt/***/logs/dag_id=turnstile_ml_pipeline/run_id=scheduled__2025-07-09T00:00:00+00:00/task_id=preprocess_train permission to 509
[2025-07-10T01:17:56.575+0000] {logging_mixin.py:154} INFO - Failed to change /opt/***/logs/dag_id=turnstile_ml_pipeline/run_id=scheduled__2025-07-09T00:00:00+00:00/task_id=preprocess_train permission to 509: [Errno 1] Operation not permitted: '/opt/***/logs/dag_id=turnstile_ml_pipeline/run_id=scheduled__2025-07-09T00:00:00+00:00/task_id=preprocess_train'
[2025-07-10T01:17:56.578+0000] {task_command.py:416} INFO - Running <TaskInstance: turnstile_ml_pipeline.preprocess_train scheduled__2025-07-09T00:00:00+00:00 [running]> on host 961842f4d5ed
[2025-07-10T01:17:56.705+0000] {taskinstance.py:1662} INFO - Exporting env vars: AIRFLOW_CTX_DAG_OWNER='***' AIRFLOW_CTX_DAG_ID='turnstile_ml_pipeline' AIRFLOW_CTX_TASK_ID='preprocess_train' AIRFLOW_CTX_EXECUTION_DATE='2025-07-09T00:00:00+00:00' AIRFLOW_CTX_TRY_NUMBER='1' AIRFLOW_CTX_DAG_RUN_ID='scheduled__2025-07-09T00:00:00+00:00'
[2025-07-10T01:17:56.707+0000] {subprocess.py:63} INFO - Tmp dir root location: /tmp
[2025-07-10T01:17:56.710+0000] {subprocess.py:75} INFO - Running command: ['/bin/bash', '-c', '\n            python /opt/***/pipeline/preprocess.py                 --user ***                 --password ***                 --host postgres                 --port 5432                 --db_name ny_sub_turnstiles                 --raw_table raw_turnstile_data                 --features_table turnstile_features                 --mode train\n        ']
[2025-07-10T01:17:56.724+0000] {subprocess.py:86} INFO - Output:
[2025-07-10T01:17:59.405+0000] {subprocess.py:93} INFO - [OK] Saved 0 rows to 'turnstile_features'
[2025-07-10T01:17:59.614+0000] {subprocess.py:97} INFO - Command exited with return code 0
[2025-07-10T01:17:59.664+0000] {taskinstance.py:1400} INFO - Marking task as SUCCESS. dag_id=turnstile_ml_pipeline, task_id=preprocess_train, execution_date=20250709T000000, start_date=20250710T011756, end_date=20250710T011759
[2025-07-10T01:17:59.720+0000] {local_task_job_runner.py:228} INFO - Task exited with return code 0
[2025-07-10T01:17:59.777+0000] {taskinstance.py:2778} INFO - 1 downstream tasks scheduled from follow-on schedule check
