[2025-04-02T16:33:29.977+0000] {local_task_job_runner.py:123} INFO - ::group::Pre task execution logs
[2025-04-02T16:33:30.000+0000] {taskinstance.py:2614} INFO - Dependencies all met for dep_context=non-requeueable deps ti=<TaskInstance: LocalIngestionDag.download_dataset scheduled__2025-03-02T06:00:00+00:00 [queued]>
[2025-04-02T16:33:30.015+0000] {taskinstance.py:2614} INFO - Dependencies all met for dep_context=requeueable deps ti=<TaskInstance: LocalIngestionDag.download_dataset scheduled__2025-03-02T06:00:00+00:00 [queued]>
[2025-04-02T16:33:30.016+0000] {taskinstance.py:2867} INFO - Starting attempt 3 of 3
[2025-04-02T16:33:30.045+0000] {taskinstance.py:2890} INFO - Executing <Task(BashOperator): download_dataset> on 2025-03-02 06:00:00+00:00
[2025-04-02T16:33:30.055+0000] {standard_task_runner.py:104} INFO - Running: ['***', 'tasks', 'run', 'LocalIngestionDag', 'download_dataset', 'scheduled__2025-03-02T06:00:00+00:00', '--job-id', '27', '--raw', '--subdir', 'DAGS_FOLDER/data_ingestion_local.py', '--cfg-path', '/tmp/tmp249emt5u']
[2025-04-02T16:33:30.058+0000] {standard_task_runner.py:105} INFO - Job 27: Subtask download_dataset
[2025-04-02T16:33:30.054+0000] {warnings.py:112} WARNING - /home/***/.local/lib/python3.12/site-packages/***/task/task_runner/standard_task_runner.py:70: DeprecationWarning: This process (pid=1916) is multi-threaded, use of fork() may lead to deadlocks in the child.
  pid = os.fork()

[2025-04-02T16:33:30.067+0000] {standard_task_runner.py:72} INFO - Started process 1917 to run task
[2025-04-02T16:33:30.217+0000] {task_command.py:467} INFO - Running <TaskInstance: LocalIngestionDag.download_dataset scheduled__2025-03-02T06:00:00+00:00 [running]> on host 6baa03efc864
[2025-04-02T16:33:30.397+0000] {taskinstance.py:3134} INFO - Exporting env vars: AIRFLOW_CTX_DAG_OWNER='***' AIRFLOW_CTX_DAG_ID='LocalIngestionDag' AIRFLOW_CTX_TASK_ID='download_dataset' AIRFLOW_CTX_EXECUTION_DATE='2025-03-02T06:00:00+00:00' AIRFLOW_CTX_TRY_NUMBER='3' AIRFLOW_CTX_DAG_RUN_ID='scheduled__2025-03-02T06:00:00+00:00'
[2025-04-02T16:33:30.399+0000] {taskinstance.py:732} INFO - ::endgroup::
[2025-04-02T16:33:30.433+0000] {subprocess.py:78} INFO - Tmp dir root location: /tmp
[2025-04-02T16:33:30.435+0000] {subprocess.py:88} INFO - Running command: ['/usr/bin/bash', '-c', 'curl -o /opt/***/yellow_tripdata_2025-03.parquet "https://d37ci6vzurychx.cloudfront.net/trip-data/yellow_tripdata_2025-03.parquet"']
[2025-04-02T16:33:30.452+0000] {subprocess.py:99} INFO - Output:
[2025-04-02T16:33:30.470+0000] {subprocess.py:106} INFO -   % Total    % Received % Xferd  Average Speed   Time    Time     Time  Current
[2025-04-02T16:33:30.472+0000] {subprocess.py:106} INFO -                                  Dload  Upload   Total   Spent    Left  Speed
[2025-04-02T16:33:30.958+0000] {subprocess.py:106} INFO -   0     0    0     0    0     0      0      0 --:--:-- --:--:-- --:--:--     0  0     0    0     0    0     0      0      0 --:--:-- --:--:-- --:--:--     0100   111    0   111    0     0    226      0 --:--:-- --:--:-- --:--:--   226
[2025-04-02T16:33:30.962+0000] {subprocess.py:110} INFO - Command exited with return code 0
[2025-04-02T16:33:31.015+0000] {taskinstance.py:341} INFO - ::group::Post task execution logs
[2025-04-02T16:33:31.016+0000] {taskinstance.py:353} INFO - Marking task as SUCCESS. dag_id=LocalIngestionDag, task_id=download_dataset, run_id=scheduled__2025-03-02T06:00:00+00:00, execution_date=20250302T060000, start_date=20250402T163330, end_date=20250402T163331
[2025-04-02T16:33:31.079+0000] {local_task_job_runner.py:266} INFO - Task exited with return code 0
[2025-04-02T16:33:31.118+0000] {taskinstance.py:3901} INFO - 1 downstream tasks scheduled from follow-on schedule check
[2025-04-02T16:33:31.121+0000] {local_task_job_runner.py:245} INFO - ::endgroup::
