[2025-07-31T06:36:56.953+0000] {local_task_job_runner.py:123} INFO - ::group::Pre task execution logs
[2025-07-31T06:36:57.051+0000] {taskinstance.py:2614} INFO - Dependencies all met for dep_context=non-requeueable deps ti=<TaskInstance: turnstile_ml_pipeline.download_and_ingest scheduled__2025-07-30T00:00:00+00:00 [queued]>
[2025-07-31T06:36:57.095+0000] {taskinstance.py:2614} INFO - Dependencies all met for dep_context=requeueable deps ti=<TaskInstance: turnstile_ml_pipeline.download_and_ingest scheduled__2025-07-30T00:00:00+00:00 [queued]>
[2025-07-31T06:36:57.107+0000] {taskinstance.py:2867} INFO - Starting attempt 1 of 1
[2025-07-31T06:36:57.189+0000] {taskinstance.py:2890} INFO - Executing <Task(BashOperator): download_and_ingest> on 2025-07-30 00:00:00+00:00
[2025-07-31T06:36:57.245+0000] {logging_mixin.py:190} WARNING - /home/***/.local/lib/python3.12/site-packages/***/task/task_runner/standard_task_runner.py:70 DeprecationWarning: This process (pid=2120) is multi-threaded, use of fork() may lead to deadlocks in the child.
[2025-07-31T06:36:57.260+0000] {standard_task_runner.py:72} INFO - Started process 2128 to run task
[2025-07-31T06:36:57.237+0000] {standard_task_runner.py:104} INFO - Running: ['***', 'tasks', 'run', 'turnstile_ml_pipeline', 'download_and_ingest', 'scheduled__2025-07-30T00:00:00+00:00', '--job-id', '144', '--raw', '--subdir', 'DAGS_FOLDER/pipeline_dag.py', '--cfg-path', '/tmp/tmpxv_nkp_9']
[2025-07-31T06:36:57.268+0000] {standard_task_runner.py:105} INFO - Job 144: Subtask download_and_ingest
[2025-07-31T06:36:57.357+0000] {logging_mixin.py:190} WARNING - /home/***/.local/lib/python3.12/site-packages/***/settings.py:209 DeprecationWarning: The sql_alchemy_conn option in [core] has been moved to the sql_alchemy_conn option in [database] - the old setting has been used, but please update your config.
[2025-07-31T06:36:57.856+0000] {task_command.py:467} INFO - Running <TaskInstance: turnstile_ml_pipeline.download_and_ingest scheduled__2025-07-30T00:00:00+00:00 [running]> on host c9afdf80b5d8
[2025-07-31T06:36:57.867+0000] {logging_mixin.py:190} WARNING - /home/***/.local/lib/python3.12/site-packages/***/settings.py:470 DeprecationWarning: The sql_alchemy_conn option in [core] has been moved to the sql_alchemy_conn option in [database] - the old setting has been used, but please update your config.
[2025-07-31T06:36:59.167+0000] {taskinstance.py:3134} INFO - Exporting env vars: AIRFLOW_CTX_DAG_OWNER='***' AIRFLOW_CTX_DAG_ID='turnstile_ml_pipeline' AIRFLOW_CTX_TASK_ID='download_and_ingest' AIRFLOW_CTX_EXECUTION_DATE='2025-07-30T00:00:00+00:00' AIRFLOW_CTX_TRY_NUMBER='1' AIRFLOW_CTX_DAG_RUN_ID='scheduled__2025-07-30T00:00:00+00:00'
[2025-07-31T06:36:59.178+0000] {taskinstance.py:732} INFO - ::endgroup::
[2025-07-31T06:36:59.347+0000] {subprocess.py:78} INFO - Tmp dir root location: /tmp
[2025-07-31T06:36:59.364+0000] {subprocess.py:88} INFO - Running command: ['/usr/bin/bash', '-c', '\n            python /opt/***/pipeline/download_ingest.py                 --user ***                 --password ***                 --host postgres                 --port 5432                 --db_name ny_sub_turnstiles                 --table_name raw_turnstile_data\n        ']
[2025-07-31T06:36:59.476+0000] {subprocess.py:99} INFO - Output:
[2025-07-31T06:37:31.036+0000] {subprocess.py:106} INFO - 2025-07-31 06:37:08.413386+00:00
[2025-07-31T06:37:31.038+0000] {subprocess.py:106} INFO - [INFO] Fetching data for dates: ['2022-07-17', '2022-07-18', '2022-07-19', '2022-07-20', '2022-07-21', '2022-07-22', '2022-07-23', '2022-07-24', '2022-07-25', '2022-07-26', '2022-07-27', '2022-07-28', '2022-07-29', '2022-07-30']
[2025-07-31T06:37:31.047+0000] {subprocess.py:106} INFO - [OK] Ingested 14000 rows into table 'raw_turnstile_data'
[2025-07-31T06:37:32.422+0000] {subprocess.py:110} INFO - Command exited with return code 0
[2025-07-31T06:37:32.572+0000] {taskinstance.py:341} INFO - ::group::Post task execution logs
[2025-07-31T06:37:32.574+0000] {taskinstance.py:353} INFO - Marking task as SUCCESS. dag_id=turnstile_ml_pipeline, task_id=download_and_ingest, run_id=scheduled__2025-07-30T00:00:00+00:00, execution_date=20250730T000000, start_date=20250731T063657, end_date=20250731T063732
[2025-07-31T06:37:32.858+0000] {local_task_job_runner.py:266} INFO - Task exited with return code 0
[2025-07-31T06:37:33.052+0000] {taskinstance.py:3901} INFO - 1 downstream tasks scheduled from follow-on schedule check
[2025-07-31T06:37:33.131+0000] {local_task_job_runner.py:245} INFO - ::endgroup::
