[2025-07-16T19:12:18.138+0000] {local_task_job_runner.py:123} INFO - ::group::Pre task execution logs
[2025-07-16T19:12:18.174+0000] {taskinstance.py:2614} INFO - Dependencies all met for dep_context=non-requeueable deps ti=<TaskInstance: turnstile_ml_pipeline.preprocess_train manual__2025-07-16T19:07:19+00:00 [queued]>
[2025-07-16T19:12:18.196+0000] {taskinstance.py:2614} INFO - Dependencies all met for dep_context=requeueable deps ti=<TaskInstance: turnstile_ml_pipeline.preprocess_train manual__2025-07-16T19:07:19+00:00 [queued]>
[2025-07-16T19:12:18.197+0000] {taskinstance.py:2867} INFO - Starting attempt 1 of 1
[2025-07-16T19:12:18.225+0000] {taskinstance.py:2890} INFO - Executing <Task(BashOperator): preprocess_train> on 2025-07-16 19:07:19+00:00
[2025-07-16T19:12:18.241+0000] {logging_mixin.py:190} WARNING - /home/***/.local/lib/python3.12/site-packages/***/task/task_runner/standard_task_runner.py:70 DeprecationWarning: This process (pid=103) is multi-threaded, use of fork() may lead to deadlocks in the child.
[2025-07-16T19:12:18.244+0000] {standard_task_runner.py:72} INFO - Started process 109 to run task
[2025-07-16T19:12:18.241+0000] {standard_task_runner.py:104} INFO - Running: ['***', 'tasks', 'run', 'turnstile_ml_pipeline', 'preprocess_train', 'manual__2025-07-16T19:07:19+00:00', '--job-id', '5', '--raw', '--subdir', 'DAGS_FOLDER/pipeline_dag.py', '--cfg-path', '/tmp/tmpeqoyty6y']
[2025-07-16T19:12:18.245+0000] {standard_task_runner.py:105} INFO - Job 5: Subtask preprocess_train
[2025-07-16T19:12:18.274+0000] {logging_mixin.py:190} WARNING - /home/***/.local/lib/python3.12/site-packages/***/settings.py:209 DeprecationWarning: The sql_alchemy_conn option in [core] has been moved to the sql_alchemy_conn option in [database] - the old setting has been used, but please update your config.
[2025-07-16T19:12:18.357+0000] {task_command.py:467} INFO - Running <TaskInstance: turnstile_ml_pipeline.preprocess_train manual__2025-07-16T19:07:19+00:00 [running]> on host e42e59698f90
[2025-07-16T19:12:18.522+0000] {taskinstance.py:3134} INFO - Exporting env vars: AIRFLOW_CTX_DAG_OWNER='***' AIRFLOW_CTX_DAG_ID='turnstile_ml_pipeline' AIRFLOW_CTX_TASK_ID='preprocess_train' AIRFLOW_CTX_EXECUTION_DATE='2025-07-16T19:07:19+00:00' AIRFLOW_CTX_TRY_NUMBER='1' AIRFLOW_CTX_DAG_RUN_ID='manual__2025-07-16T19:07:19+00:00'
[2025-07-16T19:12:18.525+0000] {taskinstance.py:732} INFO - ::endgroup::
[2025-07-16T19:12:18.566+0000] {subprocess.py:78} INFO - Tmp dir root location: /tmp
[2025-07-16T19:12:18.569+0000] {subprocess.py:88} INFO - Running command: ['/usr/bin/bash', '-c', '\n            python /opt/***/pipeline/preprocess.py                 --user ***                 --password ***                 --host postgres                 --port 5432                 --db_name ny_sub_turnstiles                 --raw_table raw_turnstile_data                 --features_table turnstile_features                 --mode train\n        ']
[2025-07-16T19:12:18.591+0000] {subprocess.py:99} INFO - Output:
[2025-07-16T19:12:22.399+0000] {subprocess.py:106} INFO - Loaded (2000, 10)
[2025-07-16T19:12:22.400+0000] {subprocess.py:106} INFO - Aggregated df (265, 3)
[2025-07-16T19:12:22.402+0000] {subprocess.py:106} INFO - [OK] Saved 265 rows to 'turnstile_features'
[2025-07-16T19:12:22.619+0000] {subprocess.py:110} INFO - Command exited with return code 0
[2025-07-16T19:12:22.673+0000] {taskinstance.py:341} INFO - ::group::Post task execution logs
[2025-07-16T19:12:22.674+0000] {taskinstance.py:353} INFO - Marking task as SUCCESS. dag_id=turnstile_ml_pipeline, task_id=preprocess_train, run_id=manual__2025-07-16T19:07:19+00:00, execution_date=20250716T190719, start_date=20250716T191218, end_date=20250716T191222
[2025-07-16T19:12:22.803+0000] {local_task_job_runner.py:266} INFO - Task exited with return code 0
[2025-07-16T19:12:22.923+0000] {taskinstance.py:3901} INFO - 1 downstream tasks scheduled from follow-on schedule check
[2025-07-16T19:12:22.960+0000] {local_task_job_runner.py:245} INFO - ::endgroup::
