[2025-07-28T08:44:53.902+0000] {local_task_job_runner.py:123} INFO - ::group::Pre task execution logs
[2025-07-28T08:44:53.975+0000] {taskinstance.py:2614} INFO - Dependencies all met for dep_context=non-requeueable deps ti=<TaskInstance: turnstile_ml_pipeline.run_inference scheduled__2025-07-25T00:00:00+00:00 [queued]>
[2025-07-28T08:44:54.006+0000] {taskinstance.py:2614} INFO - Dependencies all met for dep_context=requeueable deps ti=<TaskInstance: turnstile_ml_pipeline.run_inference scheduled__2025-07-25T00:00:00+00:00 [queued]>
[2025-07-28T08:44:54.007+0000] {taskinstance.py:2867} INFO - Starting attempt 1 of 1
[2025-07-28T08:44:54.048+0000] {taskinstance.py:2890} INFO - Executing <Task(BashOperator): run_inference> on 2025-07-25 00:00:00+00:00
[2025-07-28T08:44:54.073+0000] {logging_mixin.py:190} WARNING - /home/***/.local/lib/python3.12/site-packages/***/task/task_runner/standard_task_runner.py:70 DeprecationWarning: This process (pid=10477) is multi-threaded, use of fork() may lead to deadlocks in the child.
[2025-07-28T08:44:54.082+0000] {standard_task_runner.py:72} INFO - Started process 10485 to run task
[2025-07-28T08:44:54.075+0000] {standard_task_runner.py:104} INFO - Running: ['***', 'tasks', 'run', 'turnstile_ml_pipeline', 'run_inference', 'scheduled__2025-07-25T00:00:00+00:00', '--job-id', '125', '--raw', '--subdir', 'DAGS_FOLDER/pipeline_dag.py', '--cfg-path', '/tmp/tmpsheesvj_']
[2025-07-28T08:44:54.094+0000] {standard_task_runner.py:105} INFO - Job 125: Subtask run_inference
[2025-07-28T08:44:54.155+0000] {logging_mixin.py:190} WARNING - /home/***/.local/lib/python3.12/site-packages/***/settings.py:209 DeprecationWarning: The sql_alchemy_conn option in [core] has been moved to the sql_alchemy_conn option in [database] - the old setting has been used, but please update your config.
[2025-07-28T08:44:54.277+0000] {task_command.py:467} INFO - Running <TaskInstance: turnstile_ml_pipeline.run_inference scheduled__2025-07-25T00:00:00+00:00 [running]> on host e42e59698f90
[2025-07-28T08:44:54.283+0000] {logging_mixin.py:190} WARNING - /home/***/.local/lib/python3.12/site-packages/***/settings.py:470 DeprecationWarning: The sql_alchemy_conn option in [core] has been moved to the sql_alchemy_conn option in [database] - the old setting has been used, but please update your config.
[2025-07-28T08:44:54.663+0000] {taskinstance.py:3134} INFO - Exporting env vars: AIRFLOW_CTX_DAG_OWNER='***' AIRFLOW_CTX_DAG_ID='turnstile_ml_pipeline' AIRFLOW_CTX_TASK_ID='run_inference' AIRFLOW_CTX_EXECUTION_DATE='2025-07-25T00:00:00+00:00' AIRFLOW_CTX_TRY_NUMBER='1' AIRFLOW_CTX_DAG_RUN_ID='scheduled__2025-07-25T00:00:00+00:00'
[2025-07-28T08:44:54.665+0000] {taskinstance.py:732} INFO - ::endgroup::
[2025-07-28T08:44:54.714+0000] {subprocess.py:78} INFO - Tmp dir root location: /tmp
[2025-07-28T08:44:54.718+0000] {subprocess.py:88} INFO - Running command: ['/usr/bin/bash', '-c', '\n            python /opt/***/pipeline/inference.py                 --user ***                 --password ***                 --host postgres                 --port 5432                 --db_name ny_sub_turnstiles                 --inference_table inference_features                 --predictions_table predictions\n        ']
[2025-07-28T08:44:54.759+0000] {subprocess.py:99} INFO - Output:
[2025-07-28T08:45:04.533+0000] {subprocess.py:106} INFO -    group_key            datetime  ...  hour  day_of_week
[2025-07-28T08:45:04.535+0000] {subprocess.py:106} INFO - 0  A002_R051 2022-07-28 00:00:00  ...     0            3
[2025-07-28T08:45:04.537+0000] {subprocess.py:106} INFO - 1  A002_R051 2022-07-28 01:00:00  ...     1            3
[2025-07-28T08:45:04.539+0000] {subprocess.py:106} INFO - 
[2025-07-28T08:45:04.541+0000] {subprocess.py:106} INFO - [2 rows x 8 columns]
[2025-07-28T08:45:04.542+0000] {subprocess.py:106} INFO - [OK] Saved 450 predictions to 'predictions'
[2025-07-28T08:45:04.281+0000] {subprocess.py:110} INFO - Command exited with return code 0
[2025-07-28T08:45:04.362+0000] {taskinstance.py:341} INFO - ::group::Post task execution logs
[2025-07-28T08:45:04.364+0000] {taskinstance.py:353} INFO - Marking task as SUCCESS. dag_id=turnstile_ml_pipeline, task_id=run_inference, run_id=scheduled__2025-07-25T00:00:00+00:00, execution_date=20250725T000000, start_date=20250728T084453, end_date=20250728T084504
[2025-07-28T08:45:04.502+0000] {local_task_job_runner.py:266} INFO - Task exited with return code 0
[2025-07-28T08:45:04.585+0000] {taskinstance.py:3901} INFO - 1 downstream tasks scheduled from follow-on schedule check
[2025-07-28T08:45:04.597+0000] {local_task_job_runner.py:245} INFO - ::endgroup::
