[2025-07-20T16:07:35.802+0000] {local_task_job_runner.py:123} INFO - ::group::Pre task execution logs
[2025-07-20T16:07:35.865+0000] {taskinstance.py:2614} INFO - Dependencies all met for dep_context=non-requeueable deps ti=<TaskInstance: turnstile_ml_pipeline.train_model manual__2025-07-20T15:50:12.719100+00:00 [queued]>
[2025-07-20T16:07:35.913+0000] {taskinstance.py:2614} INFO - Dependencies all met for dep_context=requeueable deps ti=<TaskInstance: turnstile_ml_pipeline.train_model manual__2025-07-20T15:50:12.719100+00:00 [queued]>
[2025-07-20T16:07:35.914+0000] {taskinstance.py:2867} INFO - Starting attempt 1 of 1
[2025-07-20T16:07:35.954+0000] {taskinstance.py:2890} INFO - Executing <Task(BashOperator): train_model> on 2025-07-20 15:50:12.719100+00:00
[2025-07-20T16:07:35.979+0000] {logging_mixin.py:190} WARNING - /home/***/.local/lib/python3.12/site-packages/***/task/task_runner/standard_task_runner.py:70 DeprecationWarning: This process (pid=3197) is multi-threaded, use of fork() may lead to deadlocks in the child.
[2025-07-20T16:07:35.988+0000] {standard_task_runner.py:72} INFO - Started process 3205 to run task
[2025-07-20T16:07:35.973+0000] {standard_task_runner.py:104} INFO - Running: ['***', 'tasks', 'run', 'turnstile_ml_pipeline', 'train_model', 'manual__2025-07-20T15:50:12.719100+00:00', '--job-id', '61', '--raw', '--subdir', 'DAGS_FOLDER/pipeline_dag.py', '--cfg-path', '/tmp/tmpe3mdrwe9']
[2025-07-20T16:07:35.999+0000] {standard_task_runner.py:105} INFO - Job 61: Subtask train_model
[2025-07-20T16:07:36.067+0000] {logging_mixin.py:190} WARNING - /home/***/.local/lib/python3.12/site-packages/***/settings.py:209 DeprecationWarning: The sql_alchemy_conn option in [core] has been moved to the sql_alchemy_conn option in [database] - the old setting has been used, but please update your config.
[2025-07-20T16:07:36.192+0000] {task_command.py:467} INFO - Running <TaskInstance: turnstile_ml_pipeline.train_model manual__2025-07-20T15:50:12.719100+00:00 [running]> on host e42e59698f90
[2025-07-20T16:07:36.403+0000] {taskinstance.py:3134} INFO - Exporting env vars: AIRFLOW_CTX_DAG_OWNER='***' AIRFLOW_CTX_DAG_ID='turnstile_ml_pipeline' AIRFLOW_CTX_TASK_ID='train_model' AIRFLOW_CTX_EXECUTION_DATE='2025-07-20T15:50:12.719100+00:00' AIRFLOW_CTX_TRY_NUMBER='1' AIRFLOW_CTX_DAG_RUN_ID='manual__2025-07-20T15:50:12.719100+00:00'
[2025-07-20T16:07:36.405+0000] {taskinstance.py:732} INFO - ::endgroup::
[2025-07-20T16:07:36.440+0000] {subprocess.py:78} INFO - Tmp dir root location: /tmp
[2025-07-20T16:07:36.441+0000] {subprocess.py:88} INFO - Running command: ['/usr/bin/bash', '-c', '\n            python /opt/***/pipeline/train_register.py                             --user ***                 --password ***                 --host postgres                 --port 5432                 --db_name ny_sub_turnstiles                 --features_table turnstile_features         ']
[2025-07-20T16:07:36.466+0000] {subprocess.py:99} INFO - Output:
[2025-07-20T16:07:43.111+0000] {subprocess.py:106} INFO - 2025/07/20 16:07:43 WARNING mlflow.utils.git_utils: Failed to import Git (the Git executable is probably not on your PATH), so Git SHA is not available. Error: Failed to initialize: Bad git executable.
[2025-07-20T16:07:43.113+0000] {subprocess.py:106} INFO - The git executable must be specified in one of the following ways:
[2025-07-20T16:07:43.114+0000] {subprocess.py:106} INFO -     - be included in your $PATH
[2025-07-20T16:07:43.115+0000] {subprocess.py:106} INFO -     - be set via $GIT_PYTHON_GIT_EXECUTABLE
[2025-07-20T16:07:43.115+0000] {subprocess.py:106} INFO -     - explicitly set via git.refresh(<full-path-to-git-executable>)
[2025-07-20T16:07:43.116+0000] {subprocess.py:106} INFO - 
[2025-07-20T16:07:43.117+0000] {subprocess.py:106} INFO - All git commands will error until this is rectified.
[2025-07-20T16:07:43.117+0000] {subprocess.py:106} INFO - 
[2025-07-20T16:07:43.118+0000] {subprocess.py:106} INFO - This initial message can be silenced or aggravated in the future by setting the
[2025-07-20T16:07:43.119+0000] {subprocess.py:106} INFO - $GIT_PYTHON_REFRESH environment variable. Use one of the following values:
[2025-07-20T16:07:43.121+0000] {subprocess.py:106} INFO -     - quiet|q|silence|s|silent|none|n|0: for no message or exception
[2025-07-20T16:07:43.123+0000] {subprocess.py:106} INFO -     - warn|w|warning|log|l|1: for a warning message (logging level CRITICAL, displayed by default)
[2025-07-20T16:07:43.124+0000] {subprocess.py:106} INFO -     - error|e|exception|raise|r|2: for a raised exception
[2025-07-20T16:07:43.125+0000] {subprocess.py:106} INFO - 
[2025-07-20T16:07:43.126+0000] {subprocess.py:106} INFO - Example:
[2025-07-20T16:07:43.127+0000] {subprocess.py:106} INFO -     export GIT_PYTHON_REFRESH=quiet
[2025-07-20T16:07:43.128+0000] {subprocess.py:106} INFO - 
[2025-07-20T16:07:45.693+0000] {subprocess.py:106} INFO - 🏃 View run selective-mule-507 at: http://mlflow:5000/#/experiments/2/runs/e961b82d724c47a9bd1c37ade50d9d22
[2025-07-20T16:07:45.694+0000] {subprocess.py:106} INFO - 🧪 View experiment at: http://mlflow:5000/#/experiments/2
[2025-07-20T16:07:46.226+0000] {subprocess.py:110} INFO - Command exited with return code 0
[2025-07-20T16:07:46.266+0000] {taskinstance.py:341} INFO - ::group::Post task execution logs
[2025-07-20T16:07:46.268+0000] {taskinstance.py:353} INFO - Marking task as SUCCESS. dag_id=turnstile_ml_pipeline, task_id=train_model, run_id=manual__2025-07-20T15:50:12.719100+00:00, execution_date=20250720T155012, start_date=20250720T160735, end_date=20250720T160746
[2025-07-20T16:07:46.353+0000] {local_task_job_runner.py:266} INFO - Task exited with return code 0
[2025-07-20T16:07:46.422+0000] {taskinstance.py:3901} INFO - 1 downstream tasks scheduled from follow-on schedule check
[2025-07-20T16:07:46.430+0000] {local_task_job_runner.py:245} INFO - ::endgroup::
