[2025-07-25T07:33:06.101+0000] {local_task_job_runner.py:123} INFO - ::group::Pre task execution logs
[2025-07-25T07:33:06.134+0000] {taskinstance.py:2614} INFO - Dependencies all met for dep_context=non-requeueable deps ti=<TaskInstance: turnstile_ml_pipeline.run_monitoring scheduled__2025-07-24T00:00:00+00:00 [queued]>
[2025-07-25T07:33:06.154+0000] {taskinstance.py:2614} INFO - Dependencies all met for dep_context=requeueable deps ti=<TaskInstance: turnstile_ml_pipeline.run_monitoring scheduled__2025-07-24T00:00:00+00:00 [queued]>
[2025-07-25T07:33:06.155+0000] {taskinstance.py:2867} INFO - Starting attempt 1 of 1
[2025-07-25T07:33:06.178+0000] {taskinstance.py:2890} INFO - Executing <Task(BashOperator): run_monitoring> on 2025-07-24 00:00:00+00:00
[2025-07-25T07:33:06.192+0000] {logging_mixin.py:190} WARNING - /home/***/.local/lib/python3.12/site-packages/***/task/task_runner/standard_task_runner.py:70 DeprecationWarning: This process (pid=8361) is multi-threaded, use of fork() may lead to deadlocks in the child.
[2025-07-25T07:33:06.191+0000] {standard_task_runner.py:104} INFO - Running: ['***', 'tasks', 'run', 'turnstile_ml_pipeline', 'run_monitoring', 'scheduled__2025-07-24T00:00:00+00:00', '--job-id', '114', '--raw', '--subdir', 'DAGS_FOLDER/pipeline_dag.py', '--cfg-path', '/tmp/tmpk42mdcgg']
[2025-07-25T07:33:06.194+0000] {standard_task_runner.py:72} INFO - Started process 8369 to run task
[2025-07-25T07:33:06.194+0000] {standard_task_runner.py:105} INFO - Job 114: Subtask run_monitoring
[2025-07-25T07:33:06.217+0000] {logging_mixin.py:190} WARNING - /home/***/.local/lib/python3.12/site-packages/***/settings.py:209 DeprecationWarning: The sql_alchemy_conn option in [core] has been moved to the sql_alchemy_conn option in [database] - the old setting has been used, but please update your config.
[2025-07-25T07:33:06.276+0000] {task_command.py:467} INFO - Running <TaskInstance: turnstile_ml_pipeline.run_monitoring scheduled__2025-07-24T00:00:00+00:00 [running]> on host e42e59698f90
[2025-07-25T07:33:06.280+0000] {logging_mixin.py:190} WARNING - /home/***/.local/lib/python3.12/site-packages/***/settings.py:470 DeprecationWarning: The sql_alchemy_conn option in [core] has been moved to the sql_alchemy_conn option in [database] - the old setting has been used, but please update your config.
[2025-07-25T07:33:06.417+0000] {taskinstance.py:3134} INFO - Exporting env vars: AIRFLOW_CTX_DAG_OWNER='***' AIRFLOW_CTX_DAG_ID='turnstile_ml_pipeline' AIRFLOW_CTX_TASK_ID='run_monitoring' AIRFLOW_CTX_EXECUTION_DATE='2025-07-24T00:00:00+00:00' AIRFLOW_CTX_TRY_NUMBER='1' AIRFLOW_CTX_DAG_RUN_ID='scheduled__2025-07-24T00:00:00+00:00'
[2025-07-25T07:33:06.419+0000] {taskinstance.py:732} INFO - ::endgroup::
[2025-07-25T07:33:06.450+0000] {subprocess.py:78} INFO - Tmp dir root location: /tmp
[2025-07-25T07:33:06.452+0000] {subprocess.py:88} INFO - Running command: ['/usr/bin/bash', '-c', '\n            python /opt/***/pipeline/monitor.py                 --user ***                 --password ***                 --host postgres                 --port 5432                 --db_name ny_sub_turnstiles                 --predictions_table predictions                 --monitoring_table monitoring                 --reference_date 2022-07-25\n        ']
[2025-07-25T07:33:06.473+0000] {subprocess.py:99} INFO - Output:
[2025-07-25T07:33:10.217+0000] {subprocess.py:106} INFO - [Monitoring] For date: 2022-07-25
[2025-07-25T07:33:10.218+0000] {subprocess.py:106} INFO - 2022-07-25
[2025-07-25T07:33:10.219+0000] {subprocess.py:106} INFO -   monitoring_date  n_obs          mae        rmse  mean_ridership
[2025-07-25T07:33:10.219+0000] {subprocess.py:106} INFO - 0      2022-07-25    120  1492.838908  1942.68894     1568.291667
[2025-07-25T07:33:10.220+0000] {subprocess.py:106} INFO -    group_key monitoring_date  n_obs  ...         rmse  ridership_mean  load_class
[2025-07-25T07:33:10.221+0000] {subprocess.py:106} INFO - 0  A002_R051      2022-07-25      5  ...  1579.183993          1624.2    mid-high
[2025-07-25T07:33:10.222+0000] {subprocess.py:106} INFO - 1  A006_R079      2022-07-25      5  ...  1476.123354          1714.2    mid-high
[2025-07-25T07:33:10.223+0000] {subprocess.py:106} INFO - 2  A007_R079      2022-07-25      5  ...   534.207314           649.8         low
[2025-07-25T07:33:10.224+0000] {subprocess.py:106} INFO - 3  A010_R080      2022-07-25      5  ...  1818.852553          1857.8        high
[2025-07-25T07:33:10.225+0000] {subprocess.py:106} INFO - 4  A011_R080      2022-07-25      5  ...  2518.560621          2343.4        high
[2025-07-25T07:33:10.226+0000] {subprocess.py:106} INFO - 
[2025-07-25T07:33:10.227+0000] {subprocess.py:106} INFO - [5 rows x 7 columns]
[2025-07-25T07:33:10.228+0000] {subprocess.py:106} INFO - [OK] Saved 24 rows to 'monitoring'
[2025-07-25T07:33:10.431+0000] {subprocess.py:110} INFO - Command exited with return code 0
[2025-07-25T07:33:10.471+0000] {taskinstance.py:341} INFO - ::group::Post task execution logs
[2025-07-25T07:33:10.472+0000] {taskinstance.py:353} INFO - Marking task as SUCCESS. dag_id=turnstile_ml_pipeline, task_id=run_monitoring, run_id=scheduled__2025-07-24T00:00:00+00:00, execution_date=20250724T000000, start_date=20250725T073306, end_date=20250725T073310
[2025-07-25T07:33:10.522+0000] {local_task_job_runner.py:266} INFO - Task exited with return code 0
[2025-07-25T07:33:10.549+0000] {taskinstance.py:3901} INFO - 0 downstream tasks scheduled from follow-on schedule check
[2025-07-25T07:33:10.552+0000] {local_task_job_runner.py:245} INFO - ::endgroup::
