[2025-07-07T17:56:18.352+0000] {logging_mixin.py:154} INFO - Changing /opt/***/logs/dag_id=turnstile_ml_pipeline/run_id=manual__2025-07-07T17:55:58+00:00/task_id=preprocess_train permission to 509
[2025-07-07T17:56:18.354+0000] {logging_mixin.py:154} INFO - Failed to change /opt/***/logs/dag_id=turnstile_ml_pipeline/run_id=manual__2025-07-07T17:55:58+00:00/task_id=preprocess_train permission to 509: [Errno 1] Operation not permitted: '/opt/***/logs/dag_id=turnstile_ml_pipeline/run_id=manual__2025-07-07T17:55:58+00:00/task_id=preprocess_train'
[2025-07-07T17:56:18.451+0000] {logging_mixin.py:154} INFO - Changing /opt/***/logs/dag_id=turnstile_ml_pipeline/run_id=manual__2025-07-07T17:55:58+00:00/task_id=preprocess_train permission to 509
[2025-07-07T17:56:18.453+0000] {logging_mixin.py:154} INFO - Failed to change /opt/***/logs/dag_id=turnstile_ml_pipeline/run_id=manual__2025-07-07T17:55:58+00:00/task_id=preprocess_train permission to 509: [Errno 1] Operation not permitted: '/opt/***/logs/dag_id=turnstile_ml_pipeline/run_id=manual__2025-07-07T17:55:58+00:00/task_id=preprocess_train'
[2025-07-07T17:56:18.546+0000] {taskinstance.py:1159} INFO - Dependencies all met for dep_context=non-requeueable deps ti=<TaskInstance: turnstile_ml_pipeline.preprocess_train manual__2025-07-07T17:55:58+00:00 [queued]>
[2025-07-07T17:56:18.571+0000] {taskinstance.py:1159} INFO - Dependencies all met for dep_context=requeueable deps ti=<TaskInstance: turnstile_ml_pipeline.preprocess_train manual__2025-07-07T17:55:58+00:00 [queued]>
[2025-07-07T17:56:18.572+0000] {taskinstance.py:1361} INFO - Starting attempt 1 of 1
[2025-07-07T17:56:18.624+0000] {taskinstance.py:1382} INFO - Executing <Task(BashOperator): preprocess_train> on 2025-07-07 17:55:58+00:00
[2025-07-07T17:56:18.635+0000] {standard_task_runner.py:57} INFO - Started process 117 to run task
[2025-07-07T17:56:18.644+0000] {standard_task_runner.py:84} INFO - Running: ['***', 'tasks', 'run', 'turnstile_ml_pipeline', 'preprocess_train', 'manual__2025-07-07T17:55:58+00:00', '--job-id', '7', '--raw', '--subdir', 'DAGS_FOLDER/pipeline_dag.py', '--cfg-path', '/tmp/tmp_jqxmwjx']
[2025-07-07T17:56:18.647+0000] {standard_task_runner.py:85} INFO - Job 7: Subtask preprocess_train
[2025-07-07T17:56:18.697+0000] {logging_mixin.py:154} WARNING - /home/***/.local/lib/python3.8/site-packages/***/settings.py:195 DeprecationWarning: The sql_alchemy_conn option in [core] has been moved to the sql_alchemy_conn option in [database] - the old setting has been used, but please update your config.
[2025-07-07T17:56:18.809+0000] {logging_mixin.py:154} INFO - Changing /opt/***/logs/dag_id=turnstile_ml_pipeline/run_id=manual__2025-07-07T17:55:58+00:00/task_id=preprocess_train permission to 509
[2025-07-07T17:56:18.810+0000] {logging_mixin.py:154} INFO - Failed to change /opt/***/logs/dag_id=turnstile_ml_pipeline/run_id=manual__2025-07-07T17:55:58+00:00/task_id=preprocess_train permission to 509: [Errno 1] Operation not permitted: '/opt/***/logs/dag_id=turnstile_ml_pipeline/run_id=manual__2025-07-07T17:55:58+00:00/task_id=preprocess_train'
[2025-07-07T17:56:18.815+0000] {task_command.py:416} INFO - Running <TaskInstance: turnstile_ml_pipeline.preprocess_train manual__2025-07-07T17:55:58+00:00 [running]> on host 961842f4d5ed
[2025-07-07T17:56:19.036+0000] {taskinstance.py:1662} INFO - Exporting env vars: AIRFLOW_CTX_DAG_OWNER='***' AIRFLOW_CTX_DAG_ID='turnstile_ml_pipeline' AIRFLOW_CTX_TASK_ID='preprocess_train' AIRFLOW_CTX_EXECUTION_DATE='2025-07-07T17:55:58+00:00' AIRFLOW_CTX_TRY_NUMBER='1' AIRFLOW_CTX_DAG_RUN_ID='manual__2025-07-07T17:55:58+00:00'
[2025-07-07T17:56:19.040+0000] {subprocess.py:63} INFO - Tmp dir root location: /tmp
[2025-07-07T17:56:19.043+0000] {subprocess.py:75} INFO - Running command: ['/bin/bash', '-c', '\n            python /opt/***/pipeline/preprocess.py                 --user ***                 --password ***                 --host postgres                 --port 5432                 --db_name ny_sub_turnstiles                 --raw_table raw_turnstile_data                 --features_table turnstile_features                 --mode train\n        ']
[2025-07-07T17:56:19.061+0000] {subprocess.py:86} INFO - Output:
[2025-07-07T17:56:21.907+0000] {subprocess.py:93} INFO - [OK] Saved 0 rows to 'turnstile_features'
[2025-07-07T17:56:22.093+0000] {subprocess.py:97} INFO - Command exited with return code 0
[2025-07-07T17:56:22.153+0000] {taskinstance.py:1400} INFO - Marking task as SUCCESS. dag_id=turnstile_ml_pipeline, task_id=preprocess_train, execution_date=20250707T175558, start_date=20250707T175618, end_date=20250707T175622
[2025-07-07T17:56:22.214+0000] {local_task_job_runner.py:228} INFO - Task exited with return code 0
[2025-07-07T17:56:22.284+0000] {taskinstance.py:2778} INFO - 1 downstream tasks scheduled from follow-on schedule check
