[2025-07-07T17:54:39.281+0000] {logging_mixin.py:154} INFO - Changing /opt/***/logs/dag_id=turnstile_ml_pipeline/run_id=manual__2025-07-07T17:54:04+00:00/task_id=preprocess_train permission to 509
[2025-07-07T17:54:39.282+0000] {logging_mixin.py:154} INFO - Failed to change /opt/***/logs/dag_id=turnstile_ml_pipeline/run_id=manual__2025-07-07T17:54:04+00:00/task_id=preprocess_train permission to 509: [Errno 1] Operation not permitted: '/opt/***/logs/dag_id=turnstile_ml_pipeline/run_id=manual__2025-07-07T17:54:04+00:00/task_id=preprocess_train'
[2025-07-07T17:54:39.332+0000] {logging_mixin.py:154} INFO - Changing /opt/***/logs/dag_id=turnstile_ml_pipeline/run_id=manual__2025-07-07T17:54:04+00:00/task_id=preprocess_train permission to 509
[2025-07-07T17:54:39.334+0000] {logging_mixin.py:154} INFO - Failed to change /opt/***/logs/dag_id=turnstile_ml_pipeline/run_id=manual__2025-07-07T17:54:04+00:00/task_id=preprocess_train permission to 509: [Errno 1] Operation not permitted: '/opt/***/logs/dag_id=turnstile_ml_pipeline/run_id=manual__2025-07-07T17:54:04+00:00/task_id=preprocess_train'
[2025-07-07T17:54:39.405+0000] {taskinstance.py:1159} INFO - Dependencies all met for dep_context=non-requeueable deps ti=<TaskInstance: turnstile_ml_pipeline.preprocess_train manual__2025-07-07T17:54:04+00:00 [queued]>
[2025-07-07T17:54:39.419+0000] {taskinstance.py:1159} INFO - Dependencies all met for dep_context=requeueable deps ti=<TaskInstance: turnstile_ml_pipeline.preprocess_train manual__2025-07-07T17:54:04+00:00 [queued]>
[2025-07-07T17:54:39.420+0000] {taskinstance.py:1361} INFO - Starting attempt 1 of 1
[2025-07-07T17:54:39.445+0000] {taskinstance.py:1382} INFO - Executing <Task(BashOperator): preprocess_train> on 2025-07-07 17:54:04+00:00
[2025-07-07T17:54:39.452+0000] {standard_task_runner.py:57} INFO - Started process 88 to run task
[2025-07-07T17:54:39.458+0000] {standard_task_runner.py:84} INFO - Running: ['***', 'tasks', 'run', 'turnstile_ml_pipeline', 'preprocess_train', 'manual__2025-07-07T17:54:04+00:00', '--job-id', '5', '--raw', '--subdir', 'DAGS_FOLDER/pipeline_dag.py', '--cfg-path', '/tmp/tmpe404v0tr']
[2025-07-07T17:54:39.460+0000] {standard_task_runner.py:85} INFO - Job 5: Subtask preprocess_train
[2025-07-07T17:54:39.496+0000] {logging_mixin.py:154} WARNING - /home/***/.local/lib/python3.8/site-packages/***/settings.py:195 DeprecationWarning: The sql_alchemy_conn option in [core] has been moved to the sql_alchemy_conn option in [database] - the old setting has been used, but please update your config.
[2025-07-07T17:54:39.582+0000] {logging_mixin.py:154} INFO - Changing /opt/***/logs/dag_id=turnstile_ml_pipeline/run_id=manual__2025-07-07T17:54:04+00:00/task_id=preprocess_train permission to 509
[2025-07-07T17:54:39.583+0000] {logging_mixin.py:154} INFO - Failed to change /opt/***/logs/dag_id=turnstile_ml_pipeline/run_id=manual__2025-07-07T17:54:04+00:00/task_id=preprocess_train permission to 509: [Errno 1] Operation not permitted: '/opt/***/logs/dag_id=turnstile_ml_pipeline/run_id=manual__2025-07-07T17:54:04+00:00/task_id=preprocess_train'
[2025-07-07T17:54:39.586+0000] {task_command.py:416} INFO - Running <TaskInstance: turnstile_ml_pipeline.preprocess_train manual__2025-07-07T17:54:04+00:00 [running]> on host 961842f4d5ed
[2025-07-07T17:54:39.718+0000] {taskinstance.py:1662} INFO - Exporting env vars: AIRFLOW_CTX_DAG_OWNER='***' AIRFLOW_CTX_DAG_ID='turnstile_ml_pipeline' AIRFLOW_CTX_TASK_ID='preprocess_train' AIRFLOW_CTX_EXECUTION_DATE='2025-07-07T17:54:04+00:00' AIRFLOW_CTX_TRY_NUMBER='1' AIRFLOW_CTX_DAG_RUN_ID='manual__2025-07-07T17:54:04+00:00'
[2025-07-07T17:54:39.720+0000] {subprocess.py:63} INFO - Tmp dir root location: /tmp
[2025-07-07T17:54:39.722+0000] {subprocess.py:75} INFO - Running command: ['/bin/bash', '-c', '\n            python /opt/***/pipeline/preprocess_turnstile.py                 --user ***                 --password ***                 --host postgres                 --port 5432                 --db_name ny_sub_turnstiles                 --raw_table raw_turnstile_data                 --features_table turnstile_features                 --mode train\n        ']
[2025-07-07T17:54:39.734+0000] {subprocess.py:86} INFO - Output:
[2025-07-07T17:54:39.892+0000] {subprocess.py:93} INFO - python: can't open file '/opt/***/pipeline/preprocess_turnstile.py': [Errno 2] No such file or directory
[2025-07-07T17:54:39.896+0000] {subprocess.py:97} INFO - Command exited with return code 2
[2025-07-07T17:54:39.910+0000] {taskinstance.py:1937} ERROR - Task failed with exception
Traceback (most recent call last):
  File "/home/airflow/.local/lib/python3.8/site-packages/airflow/operators/bash.py", line 210, in execute
    raise AirflowException(
airflow.exceptions.AirflowException: Bash command failed. The command returned a non-zero exit code 2.
[2025-07-07T17:54:39.914+0000] {taskinstance.py:1400} INFO - Marking task as FAILED. dag_id=turnstile_ml_pipeline, task_id=preprocess_train, execution_date=20250707T175404, start_date=20250707T175439, end_date=20250707T175439
[2025-07-07T17:54:39.930+0000] {standard_task_runner.py:104} ERROR - Failed to execute job 5 for task preprocess_train (Bash command failed. The command returned a non-zero exit code 2.; 88)
[2025-07-07T17:54:39.953+0000] {local_task_job_runner.py:228} INFO - Task exited with return code 1
[2025-07-07T17:54:39.984+0000] {taskinstance.py:2778} INFO - 0 downstream tasks scheduled from follow-on schedule check
