[2025-07-20T15:44:49.256+0000] {local_task_job_runner.py:123} INFO - ::group::Pre task execution logs
[2025-07-20T15:44:49.300+0000] {taskinstance.py:2614} INFO - Dependencies all met for dep_context=non-requeueable deps ti=<TaskInstance: turnstile_ml_pipeline.run_inference manual__2025-07-16T19:07:19+00:00 [queued]>
[2025-07-20T15:44:49.326+0000] {taskinstance.py:2614} INFO - Dependencies all met for dep_context=requeueable deps ti=<TaskInstance: turnstile_ml_pipeline.run_inference manual__2025-07-16T19:07:19+00:00 [queued]>
[2025-07-20T15:44:49.327+0000] {taskinstance.py:2867} INFO - Starting attempt 3 of 3
[2025-07-20T15:44:49.355+0000] {taskinstance.py:2890} INFO - Executing <Task(BashOperator): run_inference> on 2025-07-16 19:07:19+00:00
[2025-07-20T15:44:49.372+0000] {logging_mixin.py:190} WARNING - /home/***/.local/lib/python3.12/site-packages/***/task/task_runner/standard_task_runner.py:70 DeprecationWarning: This process (pid=3000) is multi-threaded, use of fork() may lead to deadlocks in the child.
[2025-07-20T15:44:49.374+0000] {standard_task_runner.py:72} INFO - Started process 3006 to run task
[2025-07-20T15:44:49.371+0000] {standard_task_runner.py:104} INFO - Running: ['***', 'tasks', 'run', 'turnstile_ml_pipeline', 'run_inference', 'manual__2025-07-16T19:07:19+00:00', '--job-id', '54', '--raw', '--subdir', 'DAGS_FOLDER/pipeline_dag.py', '--cfg-path', '/tmp/tmpf20o6fvc']
[2025-07-20T15:44:49.376+0000] {standard_task_runner.py:105} INFO - Job 54: Subtask run_inference
[2025-07-20T15:44:49.411+0000] {logging_mixin.py:190} WARNING - /home/***/.local/lib/python3.12/site-packages/***/settings.py:209 DeprecationWarning: The sql_alchemy_conn option in [core] has been moved to the sql_alchemy_conn option in [database] - the old setting has been used, but please update your config.
[2025-07-20T15:44:49.511+0000] {task_command.py:467} INFO - Running <TaskInstance: turnstile_ml_pipeline.run_inference manual__2025-07-16T19:07:19+00:00 [running]> on host e42e59698f90
[2025-07-20T15:44:49.678+0000] {taskinstance.py:3134} INFO - Exporting env vars: AIRFLOW_CTX_DAG_OWNER='***' AIRFLOW_CTX_DAG_ID='turnstile_ml_pipeline' AIRFLOW_CTX_TASK_ID='run_inference' AIRFLOW_CTX_EXECUTION_DATE='2025-07-16T19:07:19+00:00' AIRFLOW_CTX_TRY_NUMBER='3' AIRFLOW_CTX_DAG_RUN_ID='manual__2025-07-16T19:07:19+00:00'
[2025-07-20T15:44:49.681+0000] {taskinstance.py:732} INFO - ::endgroup::
[2025-07-20T15:44:49.712+0000] {subprocess.py:78} INFO - Tmp dir root location: /tmp
[2025-07-20T15:44:49.714+0000] {subprocess.py:88} INFO - Running command: ['/usr/bin/bash', '-c', '\n            python /opt/***/pipeline/inference.py                 --user ***                 --password ***                 --host postgres                 --port 5432                 --db_name ny_sub_turnstiles                 --inference_table inference_features                 --predictions_table predictions\n        ']
[2025-07-20T15:44:49.734+0000] {subprocess.py:99} INFO - Output:
[2025-07-20T15:44:57.390+0000] {subprocess.py:106} INFO -    group_key            datetime  ...  hour day_of_week
[2025-07-20T15:44:57.391+0000] {subprocess.py:106} INFO - 0  A002_R051 2022-07-03 00:00:00  ...     0           6
[2025-07-20T15:44:57.393+0000] {subprocess.py:106} INFO - 1  A002_R051 2022-07-03 01:00:00  ...     1           6
[2025-07-20T15:44:57.394+0000] {subprocess.py:106} INFO - 
[2025-07-20T15:44:57.396+0000] {subprocess.py:106} INFO - [2 rows x 8 columns]
[2025-07-20T15:44:57.399+0000] {subprocess.py:106} INFO - [OK] Saved 432 predictions to 'predictions'
[2025-07-20T15:44:58.207+0000] {subprocess.py:110} INFO - Command exited with return code 0
[2025-07-20T15:44:58.337+0000] {taskinstance.py:341} INFO - ::group::Post task execution logs
[2025-07-20T15:44:58.339+0000] {taskinstance.py:353} INFO - Marking task as SUCCESS. dag_id=turnstile_ml_pipeline, task_id=run_inference, run_id=manual__2025-07-16T19:07:19+00:00, execution_date=20250716T190719, start_date=20250720T154449, end_date=20250720T154458
[2025-07-20T15:44:58.455+0000] {local_task_job_runner.py:266} INFO - Task exited with return code 0
[2025-07-20T15:44:58.498+0000] {taskinstance.py:3901} INFO - 1 downstream tasks scheduled from follow-on schedule check
[2025-07-20T15:44:58.506+0000] {local_task_job_runner.py:245} INFO - ::endgroup::
