[2025-04-02T16:32:51.278+0000] {local_task_job_runner.py:123} INFO - ::group::Pre task execution logs
[2025-04-02T16:32:51.310+0000] {taskinstance.py:2614} INFO - Dependencies all met for dep_context=non-requeueable deps ti=<TaskInstance: LocalIngestionDag.ingest_dataset scheduled__2025-02-02T06:00:00+00:00 [queued]>
[2025-04-02T16:32:51.328+0000] {taskinstance.py:2614} INFO - Dependencies all met for dep_context=requeueable deps ti=<TaskInstance: LocalIngestionDag.ingest_dataset scheduled__2025-02-02T06:00:00+00:00 [queued]>
[2025-04-02T16:32:51.329+0000] {taskinstance.py:2867} INFO - Starting attempt 2 of 2
[2025-04-02T16:32:51.350+0000] {taskinstance.py:2890} INFO - Executing <Task(BashOperator): ingest_dataset> on 2025-02-02 06:00:00+00:00
[2025-04-02T16:32:51.359+0000] {warnings.py:112} WARNING - /home/***/.local/lib/python3.12/site-packages/***/task/task_runner/standard_task_runner.py:70: DeprecationWarning: This process (pid=1871) is multi-threaded, use of fork() may lead to deadlocks in the child.
  pid = os.fork()

[2025-04-02T16:32:51.361+0000] {standard_task_runner.py:72} INFO - Started process 1872 to run task
[2025-04-02T16:32:51.363+0000] {standard_task_runner.py:104} INFO - Running: ['***', 'tasks', 'run', 'LocalIngestionDag', 'ingest_dataset', 'scheduled__2025-02-02T06:00:00+00:00', '--job-id', '20', '--raw', '--subdir', 'DAGS_FOLDER/data_ingestion_local.py', '--cfg-path', '/tmp/tmpe82bdhbq']
[2025-04-02T16:32:51.365+0000] {standard_task_runner.py:105} INFO - Job 20: Subtask ingest_dataset
[2025-04-02T16:32:51.447+0000] {task_command.py:467} INFO - Running <TaskInstance: LocalIngestionDag.ingest_dataset scheduled__2025-02-02T06:00:00+00:00 [running]> on host 6baa03efc864
[2025-04-02T16:32:51.590+0000] {taskinstance.py:3134} INFO - Exporting env vars: AIRFLOW_CTX_DAG_OWNER='***' AIRFLOW_CTX_DAG_ID='LocalIngestionDag' AIRFLOW_CTX_TASK_ID='ingest_dataset' AIRFLOW_CTX_EXECUTION_DATE='2025-02-02T06:00:00+00:00' AIRFLOW_CTX_TRY_NUMBER='2' AIRFLOW_CTX_DAG_RUN_ID='scheduled__2025-02-02T06:00:00+00:00'
[2025-04-02T16:32:51.592+0000] {taskinstance.py:732} INFO - ::endgroup::
[2025-04-02T16:32:51.613+0000] {subprocess.py:78} INFO - Tmp dir root location: /tmp
[2025-04-02T16:32:51.615+0000] {subprocess.py:88} INFO - Running command: ['/usr/bin/bash', '-c', 'ls /opt/***']
[2025-04-02T16:32:51.631+0000] {subprocess.py:99} INFO - Output:
[2025-04-02T16:32:51.635+0000] {subprocess.py:106} INFO - ***.cfg
[2025-04-02T16:32:51.636+0000] {subprocess.py:106} INFO - config
[2025-04-02T16:32:51.637+0000] {subprocess.py:106} INFO - dags
[2025-04-02T16:32:51.638+0000] {subprocess.py:106} INFO - logs
[2025-04-02T16:32:51.639+0000] {subprocess.py:106} INFO - plugins
[2025-04-02T16:32:51.640+0000] {subprocess.py:106} INFO - webserver_config.py
[2025-04-02T16:32:51.641+0000] {subprocess.py:106} INFO - yellow_tripdata_2024-01.parquet
[2025-04-02T16:32:51.642+0000] {subprocess.py:106} INFO - yellow_tripdata_2025-01.parquet
[2025-04-02T16:32:51.643+0000] {subprocess.py:106} INFO - yellow_tripdata_2025-02.parquet
[2025-04-02T16:32:51.644+0000] {subprocess.py:110} INFO - Command exited with return code 0
[2025-04-02T16:32:51.681+0000] {taskinstance.py:341} INFO - ::group::Post task execution logs
[2025-04-02T16:32:51.682+0000] {taskinstance.py:353} INFO - Marking task as SUCCESS. dag_id=LocalIngestionDag, task_id=ingest_dataset, run_id=scheduled__2025-02-02T06:00:00+00:00, execution_date=20250202T060000, start_date=20250402T163251, end_date=20250402T163251
[2025-04-02T16:32:51.740+0000] {local_task_job_runner.py:266} INFO - Task exited with return code 0
[2025-04-02T16:32:51.761+0000] {taskinstance.py:3901} INFO - 0 downstream tasks scheduled from follow-on schedule check
[2025-04-02T16:32:51.763+0000] {local_task_job_runner.py:245} INFO - ::endgroup::
