[2025-07-20T11:59:32.710+0000] {local_task_job_runner.py:123} INFO - ::group::Pre task execution logs
[2025-07-20T11:59:32.752+0000] {taskinstance.py:2614} INFO - Dependencies all met for dep_context=non-requeueable deps ti=<TaskInstance: turnstile_ml_pipeline.preprocess_inference scheduled__2025-07-19T00:00:00+00:00 [queued]>
[2025-07-20T11:59:32.771+0000] {taskinstance.py:2614} INFO - Dependencies all met for dep_context=requeueable deps ti=<TaskInstance: turnstile_ml_pipeline.preprocess_inference scheduled__2025-07-19T00:00:00+00:00 [queued]>
[2025-07-20T11:59:32.772+0000] {taskinstance.py:2867} INFO - Starting attempt 1 of 1
[2025-07-20T11:59:32.801+0000] {taskinstance.py:2890} INFO - Executing <Task(BashOperator): preprocess_inference> on 2025-07-19 00:00:00+00:00
[2025-07-20T11:59:32.818+0000] {logging_mixin.py:190} WARNING - /home/***/.local/lib/python3.12/site-packages/***/task/task_runner/standard_task_runner.py:70 DeprecationWarning: This process (pid=2563) is multi-threaded, use of fork() may lead to deadlocks in the child.
[2025-07-20T11:59:32.821+0000] {standard_task_runner.py:72} INFO - Started process 2569 to run task
[2025-07-20T11:59:32.820+0000] {standard_task_runner.py:104} INFO - Running: ['***', 'tasks', 'run', 'turnstile_ml_pipeline', 'preprocess_inference', 'scheduled__2025-07-19T00:00:00+00:00', '--job-id', '46', '--raw', '--subdir', 'DAGS_FOLDER/pipeline_dag.py', '--cfg-path', '/tmp/tmpqm05kje7']
[2025-07-20T11:59:32.824+0000] {standard_task_runner.py:105} INFO - Job 46: Subtask preprocess_inference
[2025-07-20T11:59:32.844+0000] {logging_mixin.py:190} WARNING - /home/***/.local/lib/python3.12/site-packages/***/settings.py:209 DeprecationWarning: The sql_alchemy_conn option in [core] has been moved to the sql_alchemy_conn option in [database] - the old setting has been used, but please update your config.
[2025-07-20T11:59:32.913+0000] {task_command.py:467} INFO - Running <TaskInstance: turnstile_ml_pipeline.preprocess_inference scheduled__2025-07-19T00:00:00+00:00 [running]> on host e42e59698f90
[2025-07-20T11:59:32.916+0000] {logging_mixin.py:190} WARNING - /home/***/.local/lib/python3.12/site-packages/***/settings.py:470 DeprecationWarning: The sql_alchemy_conn option in [core] has been moved to the sql_alchemy_conn option in [database] - the old setting has been used, but please update your config.
[2025-07-20T11:59:33.048+0000] {taskinstance.py:3134} INFO - Exporting env vars: AIRFLOW_CTX_DAG_OWNER='***' AIRFLOW_CTX_DAG_ID='turnstile_ml_pipeline' AIRFLOW_CTX_TASK_ID='preprocess_inference' AIRFLOW_CTX_EXECUTION_DATE='2025-07-19T00:00:00+00:00' AIRFLOW_CTX_TRY_NUMBER='1' AIRFLOW_CTX_DAG_RUN_ID='scheduled__2025-07-19T00:00:00+00:00'
[2025-07-20T11:59:33.049+0000] {taskinstance.py:732} INFO - ::endgroup::
[2025-07-20T11:59:33.077+0000] {subprocess.py:78} INFO - Tmp dir root location: /tmp
[2025-07-20T11:59:33.079+0000] {subprocess.py:88} INFO - Running command: ['/usr/bin/bash', '-c', '\n            python /opt/***/pipeline/preprocess.py                 --user ***                 --password ***                 --host postgres                 --port 5432                 --db_name ny_sub_turnstiles                 --raw_table raw_turnstile_data                 --features_table turnstile_features                 --inference_table inference_features                 --mode inference\n        ']
[2025-07-20T11:59:33.098+0000] {subprocess.py:99} INFO - Output:
[2025-07-20T11:59:38.452+0000] {subprocess.py:106} INFO - Loaded (2000, 10)
[2025-07-20T11:59:38.453+0000] {subprocess.py:106} INFO - Aggregated df (264, 3)
[2025-07-20T11:59:38.457+0000] {subprocess.py:106} INFO - [OK] Saved 432 rows to 'inference_features'
[2025-07-20T11:59:38.853+0000] {subprocess.py:110} INFO - Command exited with return code 0
[2025-07-20T11:59:38.947+0000] {taskinstance.py:341} INFO - ::group::Post task execution logs
[2025-07-20T11:59:38.952+0000] {taskinstance.py:353} INFO - Marking task as SUCCESS. dag_id=turnstile_ml_pipeline, task_id=preprocess_inference, run_id=scheduled__2025-07-19T00:00:00+00:00, execution_date=20250719T000000, start_date=20250720T115932, end_date=20250720T115938
[2025-07-20T11:59:39.102+0000] {local_task_job_runner.py:266} INFO - Task exited with return code 0
[2025-07-20T11:59:39.198+0000] {taskinstance.py:3901} INFO - 1 downstream tasks scheduled from follow-on schedule check
[2025-07-20T11:59:39.222+0000] {local_task_job_runner.py:245} INFO - ::endgroup::
