[2025-04-02T16:32:47.525+0000] {local_task_job_runner.py:123} INFO - ::group::Pre task execution logs
[2025-04-02T16:32:47.560+0000] {taskinstance.py:2614} INFO - Dependencies all met for dep_context=non-requeueable deps ti=<TaskInstance: LocalIngestionDag.ingest_dataset scheduled__2025-01-02T06:00:00+00:00 [queued]>
[2025-04-02T16:32:47.578+0000] {taskinstance.py:2614} INFO - Dependencies all met for dep_context=requeueable deps ti=<TaskInstance: LocalIngestionDag.ingest_dataset scheduled__2025-01-02T06:00:00+00:00 [queued]>
[2025-04-02T16:32:47.580+0000] {taskinstance.py:2867} INFO - Starting attempt 2 of 2
[2025-04-02T16:32:47.600+0000] {taskinstance.py:2890} INFO - Executing <Task(BashOperator): ingest_dataset> on 2025-01-02 06:00:00+00:00
[2025-04-02T16:32:47.608+0000] {warnings.py:112} WARNING - /home/***/.local/lib/python3.12/site-packages/***/task/task_runner/standard_task_runner.py:70: DeprecationWarning: This process (pid=1862) is multi-threaded, use of fork() may lead to deadlocks in the child.
  pid = os.fork()

[2025-04-02T16:32:47.611+0000] {standard_task_runner.py:72} INFO - Started process 1863 to run task
[2025-04-02T16:32:47.612+0000] {standard_task_runner.py:104} INFO - Running: ['***', 'tasks', 'run', 'LocalIngestionDag', 'ingest_dataset', 'scheduled__2025-01-02T06:00:00+00:00', '--job-id', '18', '--raw', '--subdir', 'DAGS_FOLDER/data_ingestion_local.py', '--cfg-path', '/tmp/tmpq1h2fvig']
[2025-04-02T16:32:47.613+0000] {standard_task_runner.py:105} INFO - Job 18: Subtask ingest_dataset
[2025-04-02T16:32:47.680+0000] {task_command.py:467} INFO - Running <TaskInstance: LocalIngestionDag.ingest_dataset scheduled__2025-01-02T06:00:00+00:00 [running]> on host 6baa03efc864
[2025-04-02T16:32:47.807+0000] {taskinstance.py:3134} INFO - Exporting env vars: AIRFLOW_CTX_DAG_OWNER='***' AIRFLOW_CTX_DAG_ID='LocalIngestionDag' AIRFLOW_CTX_TASK_ID='ingest_dataset' AIRFLOW_CTX_EXECUTION_DATE='2025-01-02T06:00:00+00:00' AIRFLOW_CTX_TRY_NUMBER='2' AIRFLOW_CTX_DAG_RUN_ID='scheduled__2025-01-02T06:00:00+00:00'
[2025-04-02T16:32:47.809+0000] {taskinstance.py:732} INFO - ::endgroup::
[2025-04-02T16:32:47.829+0000] {subprocess.py:78} INFO - Tmp dir root location: /tmp
[2025-04-02T16:32:47.831+0000] {subprocess.py:88} INFO - Running command: ['/usr/bin/bash', '-c', 'ls /opt/***']
[2025-04-02T16:32:47.846+0000] {subprocess.py:99} INFO - Output:
[2025-04-02T16:32:47.849+0000] {subprocess.py:106} INFO - ***.cfg
[2025-04-02T16:32:47.851+0000] {subprocess.py:106} INFO - config
[2025-04-02T16:32:47.853+0000] {subprocess.py:106} INFO - dags
[2025-04-02T16:32:47.854+0000] {subprocess.py:106} INFO - logs
[2025-04-02T16:32:47.855+0000] {subprocess.py:106} INFO - plugins
[2025-04-02T16:32:47.856+0000] {subprocess.py:106} INFO - webserver_config.py
[2025-04-02T16:32:47.857+0000] {subprocess.py:106} INFO - yellow_tripdata_2024-01.parquet
[2025-04-02T16:32:47.858+0000] {subprocess.py:106} INFO - yellow_tripdata_2025-01.parquet
[2025-04-02T16:32:47.860+0000] {subprocess.py:110} INFO - Command exited with return code 0
[2025-04-02T16:32:47.898+0000] {taskinstance.py:341} INFO - ::group::Post task execution logs
[2025-04-02T16:32:47.899+0000] {taskinstance.py:353} INFO - Marking task as SUCCESS. dag_id=LocalIngestionDag, task_id=ingest_dataset, run_id=scheduled__2025-01-02T06:00:00+00:00, execution_date=20250102T060000, start_date=20250402T163247, end_date=20250402T163247
[2025-04-02T16:32:47.949+0000] {local_task_job_runner.py:266} INFO - Task exited with return code 0
[2025-04-02T16:32:47.975+0000] {taskinstance.py:3901} INFO - 0 downstream tasks scheduled from follow-on schedule check
[2025-04-02T16:32:47.978+0000] {local_task_job_runner.py:245} INFO - ::endgroup::
