[2025-08-06T08:01:17.296+0000] {local_task_job_runner.py:123} INFO - ::group::Pre task execution logs
[2025-08-06T08:01:17.324+0000] {taskinstance.py:2614} INFO - Dependencies all met for dep_context=non-requeueable deps ti=<TaskInstance: turnstile_ml_pipeline.train_model scheduled__2025-08-05T00:00:00+00:00 [queued]>
[2025-08-06T08:01:17.341+0000] {taskinstance.py:2614} INFO - Dependencies all met for dep_context=requeueable deps ti=<TaskInstance: turnstile_ml_pipeline.train_model scheduled__2025-08-05T00:00:00+00:00 [queued]>
[2025-08-06T08:01:17.342+0000] {taskinstance.py:2867} INFO - Starting attempt 1 of 1
[2025-08-06T08:01:17.361+0000] {taskinstance.py:2890} INFO - Executing <Task(BashOperator): train_model> on 2025-08-05 00:00:00+00:00
[2025-08-06T08:01:17.369+0000] {standard_task_runner.py:72} INFO - Started process 416 to run task
[2025-08-06T08:01:17.373+0000] {standard_task_runner.py:104} INFO - Running: ['***', 'tasks', 'run', 'turnstile_ml_pipeline', 'train_model', 'scheduled__2025-08-05T00:00:00+00:00', '--job-id', '104', '--raw', '--subdir', 'DAGS_FOLDER/turnstile_ml_pipeline.py', '--cfg-path', '/tmp/tmpvz7dyavi']
[2025-08-06T08:01:17.377+0000] {standard_task_runner.py:105} INFO - Job 104: Subtask train_model
[2025-08-06T08:01:17.397+0000] {logging_mixin.py:190} WARNING - /home/***/.local/lib/python3.12/site-packages/***/settings.py:209 DeprecationWarning: The sql_alchemy_conn option in [core] has been moved to the sql_alchemy_conn option in [database] - the old setting has been used, but please update your config.
[2025-08-06T08:01:17.449+0000] {task_command.py:467} INFO - Running <TaskInstance: turnstile_ml_pipeline.train_model scheduled__2025-08-05T00:00:00+00:00 [running]> on host c3acc3669c6c
[2025-08-06T08:01:17.453+0000] {logging_mixin.py:190} WARNING - /home/***/.local/lib/python3.12/site-packages/***/settings.py:470 DeprecationWarning: The sql_alchemy_conn option in [core] has been moved to the sql_alchemy_conn option in [database] - the old setting has been used, but please update your config.
[2025-08-06T08:01:17.579+0000] {taskinstance.py:3134} INFO - Exporting env vars: AIRFLOW_CTX_DAG_OWNER='***' AIRFLOW_CTX_DAG_ID='turnstile_ml_pipeline' AIRFLOW_CTX_TASK_ID='train_model' AIRFLOW_CTX_EXECUTION_DATE='2025-08-05T00:00:00+00:00' AIRFLOW_CTX_TRY_NUMBER='1' AIRFLOW_CTX_DAG_RUN_ID='scheduled__2025-08-05T00:00:00+00:00'
[2025-08-06T08:01:17.580+0000] {taskinstance.py:732} INFO - ::endgroup::
[2025-08-06T08:01:17.606+0000] {subprocess.py:78} INFO - Tmp dir root location: /tmp
[2025-08-06T08:01:17.608+0000] {subprocess.py:88} INFO - Running command: ['/usr/bin/bash', '-c', '\n            python /opt/***/pipeline/train_register.py                             --user ***                 --password ***                 --host postgres                 --port 5432                 --db_name ny_sub_turnstiles                 --features_table turnstile_features         ']
[2025-08-06T08:01:17.624+0000] {subprocess.py:99} INFO - Output:
[2025-08-06T08:17:54.797+0000] {job.py:229} INFO - Heartbeat recovered after 997.59 seconds
[2025-08-06T09:23:39.589+0000] {job.py:229} INFO - Heartbeat recovered after 3945.01 seconds
[2025-08-06T09:23:40.962+0000] {subprocess.py:106} INFO - 2025/08/06 09:23:40 WARNING mlflow.utils.git_utils: Failed to import Git (the Git executable is probably not on your PATH), so Git SHA is not available. Error: Failed to initialize: Bad git executable.
[2025-08-06T09:23:40.963+0000] {subprocess.py:106} INFO - The git executable must be specified in one of the following ways:
[2025-08-06T09:23:40.965+0000] {subprocess.py:106} INFO -     - be included in your $PATH
[2025-08-06T09:23:40.977+0000] {subprocess.py:106} INFO -     - be set via $GIT_PYTHON_GIT_EXECUTABLE
[2025-08-06T09:23:40.979+0000] {subprocess.py:106} INFO -     - explicitly set via git.refresh(<full-path-to-git-executable>)
[2025-08-06T09:23:41.009+0000] {subprocess.py:106} INFO - 
[2025-08-06T09:23:41.015+0000] {subprocess.py:106} INFO - All git commands will error until this is rectified.
[2025-08-06T09:23:41.016+0000] {subprocess.py:106} INFO - 
[2025-08-06T09:23:41.017+0000] {subprocess.py:106} INFO - This initial message can be silenced or aggravated in the future by setting the
[2025-08-06T09:23:41.020+0000] {subprocess.py:106} INFO - $GIT_PYTHON_REFRESH environment variable. Use one of the following values:
[2025-08-06T09:23:41.029+0000] {subprocess.py:106} INFO -     - quiet|q|silence|s|silent|none|n|0: for no message or exception
[2025-08-06T09:23:41.048+0000] {subprocess.py:106} INFO -     - warn|w|warning|log|l|1: for a warning message (logging level CRITICAL, displayed by default)
[2025-08-06T09:23:41.060+0000] {subprocess.py:106} INFO -     - error|e|exception|raise|r|2: for a raised exception
[2025-08-06T09:23:41.073+0000] {subprocess.py:106} INFO - 
[2025-08-06T09:23:41.090+0000] {subprocess.py:106} INFO - Example:
[2025-08-06T09:23:41.106+0000] {subprocess.py:106} INFO -     export GIT_PYTHON_REFRESH=quiet
[2025-08-06T09:23:41.113+0000] {subprocess.py:106} INFO - 
[2025-08-06T09:23:48.532+0000] {subprocess.py:106} INFO - 🏃 View run bedecked-vole-310 at: http://mlflow:5000/#/experiments/2/runs/ba68e02218e4445d9c0480437488f7c5
[2025-08-06T09:23:48.547+0000] {subprocess.py:106} INFO - 🧪 View experiment at: http://mlflow:5000/#/experiments/2
[2025-08-06T09:23:49.747+0000] {subprocess.py:110} INFO - Command exited with return code 0
[2025-08-06T09:23:49.884+0000] {taskinstance.py:341} INFO - ::group::Post task execution logs
[2025-08-06T09:23:49.887+0000] {taskinstance.py:353} INFO - Marking task as SUCCESS. dag_id=turnstile_ml_pipeline, task_id=train_model, run_id=scheduled__2025-08-05T00:00:00+00:00, execution_date=20250805T000000, start_date=20250806T080117, end_date=20250806T092349
[2025-08-06T09:23:49.998+0000] {local_task_job_runner.py:266} INFO - Task exited with return code 0
[2025-08-06T09:23:50.106+0000] {taskinstance.py:3901} INFO - 1 downstream tasks scheduled from follow-on schedule check
[2025-08-06T09:23:50.110+0000] {local_task_job_runner.py:245} INFO - ::endgroup::
