[2025-07-20T16:17:45.534+0000] {local_task_job_runner.py:123} INFO - ::group::Pre task execution logs
[2025-07-20T16:17:45.581+0000] {taskinstance.py:2614} INFO - Dependencies all met for dep_context=non-requeueable deps ti=<TaskInstance: turnstile_ml_pipeline.run_monitoring manual__2025-07-20T16:14:12.306294+00:00 [queued]>
[2025-07-20T16:17:45.607+0000] {taskinstance.py:2614} INFO - Dependencies all met for dep_context=requeueable deps ti=<TaskInstance: turnstile_ml_pipeline.run_monitoring manual__2025-07-20T16:14:12.306294+00:00 [queued]>
[2025-07-20T16:17:45.608+0000] {taskinstance.py:2867} INFO - Starting attempt 1 of 1
[2025-07-20T16:17:45.636+0000] {taskinstance.py:2890} INFO - Executing <Task(BashOperator): run_monitoring> on 2025-07-20 16:14:12.306294+00:00
[2025-07-20T16:17:45.653+0000] {logging_mixin.py:190} WARNING - /home/***/.local/lib/python3.12/site-packages/***/task/task_runner/standard_task_runner.py:70 DeprecationWarning: This process (pid=3523) is multi-threaded, use of fork() may lead to deadlocks in the child.
[2025-07-20T16:17:45.667+0000] {standard_task_runner.py:72} INFO - Started process 3531 to run task
[2025-07-20T16:17:45.663+0000] {standard_task_runner.py:104} INFO - Running: ['***', 'tasks', 'run', 'turnstile_ml_pipeline', 'run_monitoring', 'manual__2025-07-20T16:14:12.306294+00:00', '--job-id', '78', '--raw', '--subdir', 'DAGS_FOLDER/pipeline_dag.py', '--cfg-path', '/tmp/tmpnjy27nzr']
[2025-07-20T16:17:45.679+0000] {standard_task_runner.py:105} INFO - Job 78: Subtask run_monitoring
[2025-07-20T16:17:45.728+0000] {logging_mixin.py:190} WARNING - /home/***/.local/lib/python3.12/site-packages/***/settings.py:209 DeprecationWarning: The sql_alchemy_conn option in [core] has been moved to the sql_alchemy_conn option in [database] - the old setting has been used, but please update your config.
[2025-07-20T16:17:45.848+0000] {task_command.py:467} INFO - Running <TaskInstance: turnstile_ml_pipeline.run_monitoring manual__2025-07-20T16:14:12.306294+00:00 [running]> on host e42e59698f90
[2025-07-20T16:17:46.017+0000] {taskinstance.py:3134} INFO - Exporting env vars: AIRFLOW_CTX_DAG_OWNER='***' AIRFLOW_CTX_DAG_ID='turnstile_ml_pipeline' AIRFLOW_CTX_TASK_ID='run_monitoring' AIRFLOW_CTX_EXECUTION_DATE='2025-07-20T16:14:12.306294+00:00' AIRFLOW_CTX_TRY_NUMBER='1' AIRFLOW_CTX_DAG_RUN_ID='manual__2025-07-20T16:14:12.306294+00:00'
[2025-07-20T16:17:46.019+0000] {taskinstance.py:732} INFO - ::endgroup::
[2025-07-20T16:17:46.056+0000] {subprocess.py:78} INFO - Tmp dir root location: /tmp
[2025-07-20T16:17:46.071+0000] {subprocess.py:88} INFO - Running command: ['/usr/bin/bash', '-c', '\n            python /opt/***/pipeline/monitor.py                 --user ***                 --password ***                 --host postgres                 --port 5432                 --db_name ny_sub_turnstiles                 --predictions_table predictions                 --monitoring_table monitoring                 --reference_date 2022-07-20\n        ']
[2025-07-20T16:17:46.097+0000] {subprocess.py:99} INFO - Output:
[2025-07-20T16:17:51.410+0000] {subprocess.py:106} INFO - [Monitoring] For date: 2022-07-20
[2025-07-20T16:17:51.411+0000] {subprocess.py:106} INFO - 2022-07-20
[2025-07-20T16:17:51.412+0000] {subprocess.py:106} INFO - [OK] Saved 25 rows to 'monitoring'
[2025-07-20T16:17:51.722+0000] {subprocess.py:110} INFO - Command exited with return code 0
[2025-07-20T16:17:51.842+0000] {taskinstance.py:341} INFO - ::group::Post task execution logs
[2025-07-20T16:17:51.858+0000] {taskinstance.py:353} INFO - Marking task as SUCCESS. dag_id=turnstile_ml_pipeline, task_id=run_monitoring, run_id=manual__2025-07-20T16:14:12.306294+00:00, execution_date=20250720T161412, start_date=20250720T161745, end_date=20250720T161751
[2025-07-20T16:17:52.035+0000] {local_task_job_runner.py:266} INFO - Task exited with return code 0
[2025-07-20T16:17:52.091+0000] {taskinstance.py:3901} INFO - 0 downstream tasks scheduled from follow-on schedule check
[2025-07-20T16:17:52.107+0000] {local_task_job_runner.py:245} INFO - ::endgroup::
