[2025-08-05T09:28:58.203+0000] {local_task_job_runner.py:123} INFO - ::group::Pre task execution logs
[2025-08-05T09:28:58.235+0000] {taskinstance.py:2614} INFO - Dependencies all met for dep_context=non-requeueable deps ti=<TaskInstance: turnstile_ml_pipeline.download_and_ingest scheduled__2025-08-04T00:00:00+00:00 [queued]>
[2025-08-05T09:28:58.264+0000] {taskinstance.py:2614} INFO - Dependencies all met for dep_context=requeueable deps ti=<TaskInstance: turnstile_ml_pipeline.download_and_ingest scheduled__2025-08-04T00:00:00+00:00 [queued]>
[2025-08-05T09:28:58.265+0000] {taskinstance.py:2867} INFO - Starting attempt 1 of 1
[2025-08-05T09:28:58.321+0000] {taskinstance.py:2890} INFO - Executing <Task(BashOperator): download_and_ingest> on 2025-08-04 00:00:00+00:00
[2025-08-05T09:28:58.337+0000] {standard_task_runner.py:72} INFO - Started process 205 to run task
[2025-08-05T09:28:58.343+0000] {standard_task_runner.py:104} INFO - Running: ['***', 'tasks', 'run', 'turnstile_ml_pipeline', 'download_and_ingest', 'scheduled__2025-08-04T00:00:00+00:00', '--job-id', '95', '--raw', '--subdir', 'DAGS_FOLDER/turnstile_ml_pipeline.py', '--cfg-path', '/tmp/tmpiqcxpirk']
[2025-08-05T09:28:58.357+0000] {standard_task_runner.py:105} INFO - Job 95: Subtask download_and_ingest
[2025-08-05T09:28:58.410+0000] {logging_mixin.py:190} WARNING - /home/***/.local/lib/python3.12/site-packages/***/settings.py:209 DeprecationWarning: The sql_alchemy_conn option in [core] has been moved to the sql_alchemy_conn option in [database] - the old setting has been used, but please update your config.
[2025-08-05T09:28:58.500+0000] {task_command.py:467} INFO - Running <TaskInstance: turnstile_ml_pipeline.download_and_ingest scheduled__2025-08-04T00:00:00+00:00 [running]> on host c3acc3669c6c
[2025-08-05T09:28:58.504+0000] {logging_mixin.py:190} WARNING - /home/***/.local/lib/python3.12/site-packages/***/settings.py:470 DeprecationWarning: The sql_alchemy_conn option in [core] has been moved to the sql_alchemy_conn option in [database] - the old setting has been used, but please update your config.
[2025-08-05T09:28:58.657+0000] {taskinstance.py:3134} INFO - Exporting env vars: AIRFLOW_CTX_DAG_OWNER='***' AIRFLOW_CTX_DAG_ID='turnstile_ml_pipeline' AIRFLOW_CTX_TASK_ID='download_and_ingest' AIRFLOW_CTX_EXECUTION_DATE='2025-08-04T00:00:00+00:00' AIRFLOW_CTX_TRY_NUMBER='1' AIRFLOW_CTX_DAG_RUN_ID='scheduled__2025-08-04T00:00:00+00:00'
[2025-08-05T09:28:58.659+0000] {taskinstance.py:732} INFO - ::endgroup::
[2025-08-05T09:28:58.704+0000] {subprocess.py:78} INFO - Tmp dir root location: /tmp
[2025-08-05T09:28:58.710+0000] {subprocess.py:88} INFO - Running command: ['/usr/bin/bash', '-c', '\n            python /opt/***/pipeline/download_ingest.py                 --user ***                 --password ***                 --host postgres                 --port 5432                 --db_name ny_sub_turnstiles                 --table_name raw_turnstile_data\n        ']
[2025-08-05T09:28:58.725+0000] {subprocess.py:99} INFO - Output:
[2025-08-05T14:42:53.983+0000] {job.py:229} INFO - Heartbeat recovered after 18835.90 seconds
[2025-08-05T14:43:30.386+0000] {subprocess.py:106} INFO - 2025-08-05 14:43:13.017325+00:00
[2025-08-05T14:43:30.398+0000] {subprocess.py:106} INFO - [INFO] Fetching data for dates: ['2022-07-22', '2022-07-23', '2022-07-24', '2022-07-25', '2022-07-26', '2022-07-27', '2022-07-28', '2022-07-29', '2022-07-30', '2022-07-31', '2022-08-01', '2022-08-02', '2022-08-03', '2022-08-04']
[2025-08-05T14:43:30.401+0000] {subprocess.py:106} INFO - [OK] Ingested 14000 rows into table 'raw_turnstile_data'
[2025-08-05T14:43:30.829+0000] {subprocess.py:110} INFO - Command exited with return code 0
[2025-08-05T14:43:30.915+0000] {taskinstance.py:341} INFO - ::group::Post task execution logs
[2025-08-05T14:43:30.917+0000] {taskinstance.py:353} INFO - Marking task as SUCCESS. dag_id=turnstile_ml_pipeline, task_id=download_and_ingest, run_id=scheduled__2025-08-04T00:00:00+00:00, execution_date=20250804T000000, start_date=20250805T092858, end_date=20250805T144330
[2025-08-05T14:43:31.016+0000] {local_task_job_runner.py:266} INFO - Task exited with return code 0
[2025-08-05T14:43:31.097+0000] {taskinstance.py:3901} INFO - 1 downstream tasks scheduled from follow-on schedule check
[2025-08-05T14:43:31.099+0000] {local_task_job_runner.py:245} INFO - ::endgroup::
