[2025-07-06T14:59:42.387+0000] {logging_mixin.py:154} INFO - Changing /opt/***/logs/dag_id=turnstile_ml_pipeline/run_id=manual__2025-07-06T14:59:33.912097+00:00/task_id=download_and_ingest permission to 509
[2025-07-06T14:59:42.388+0000] {logging_mixin.py:154} INFO - Failed to change /opt/***/logs/dag_id=turnstile_ml_pipeline/run_id=manual__2025-07-06T14:59:33.912097+00:00/task_id=download_and_ingest permission to 509: [Errno 1] Operation not permitted: '/opt/***/logs/dag_id=turnstile_ml_pipeline/run_id=manual__2025-07-06T14:59:33.912097+00:00/task_id=download_and_ingest'
[2025-07-06T14:59:42.451+0000] {logging_mixin.py:154} INFO - Changing /opt/***/logs/dag_id=turnstile_ml_pipeline/run_id=manual__2025-07-06T14:59:33.912097+00:00/task_id=download_and_ingest permission to 509
[2025-07-06T14:59:42.453+0000] {logging_mixin.py:154} INFO - Failed to change /opt/***/logs/dag_id=turnstile_ml_pipeline/run_id=manual__2025-07-06T14:59:33.912097+00:00/task_id=download_and_ingest permission to 509: [Errno 1] Operation not permitted: '/opt/***/logs/dag_id=turnstile_ml_pipeline/run_id=manual__2025-07-06T14:59:33.912097+00:00/task_id=download_and_ingest'
[2025-07-06T14:59:42.524+0000] {taskinstance.py:1159} INFO - Dependencies all met for dep_context=non-requeueable deps ti=<TaskInstance: turnstile_ml_pipeline.download_and_ingest manual__2025-07-06T14:59:33.912097+00:00 [queued]>
[2025-07-06T14:59:42.541+0000] {taskinstance.py:1159} INFO - Dependencies all met for dep_context=requeueable deps ti=<TaskInstance: turnstile_ml_pipeline.download_and_ingest manual__2025-07-06T14:59:33.912097+00:00 [queued]>
[2025-07-06T14:59:42.543+0000] {taskinstance.py:1361} INFO - Starting attempt 1 of 1
[2025-07-06T14:59:42.570+0000] {taskinstance.py:1382} INFO - Executing <Task(BashOperator): download_and_ingest> on 2025-07-06 14:59:33.912097+00:00
[2025-07-06T14:59:42.578+0000] {standard_task_runner.py:57} INFO - Started process 838 to run task
[2025-07-06T14:59:42.587+0000] {standard_task_runner.py:84} INFO - Running: ['***', 'tasks', 'run', 'turnstile_ml_pipeline', 'download_and_ingest', 'manual__2025-07-06T14:59:33.912097+00:00', '--job-id', '6', '--raw', '--subdir', 'DAGS_FOLDER/pipeline_dag.py', '--cfg-path', '/tmp/tmpdz1se4hy']
[2025-07-06T14:59:42.594+0000] {standard_task_runner.py:85} INFO - Job 6: Subtask download_and_ingest
[2025-07-06T14:59:42.645+0000] {logging_mixin.py:154} WARNING - /home/***/.local/lib/python3.8/site-packages/***/settings.py:195 DeprecationWarning: The sql_alchemy_conn option in [core] has been moved to the sql_alchemy_conn option in [database] - the old setting has been used, but please update your config.
[2025-07-06T14:59:42.758+0000] {logging_mixin.py:154} INFO - Changing /opt/***/logs/dag_id=turnstile_ml_pipeline/run_id=manual__2025-07-06T14:59:33.912097+00:00/task_id=download_and_ingest permission to 509
[2025-07-06T14:59:42.759+0000] {logging_mixin.py:154} INFO - Failed to change /opt/***/logs/dag_id=turnstile_ml_pipeline/run_id=manual__2025-07-06T14:59:33.912097+00:00/task_id=download_and_ingest permission to 509: [Errno 1] Operation not permitted: '/opt/***/logs/dag_id=turnstile_ml_pipeline/run_id=manual__2025-07-06T14:59:33.912097+00:00/task_id=download_and_ingest'
[2025-07-06T14:59:42.762+0000] {task_command.py:416} INFO - Running <TaskInstance: turnstile_ml_pipeline.download_and_ingest manual__2025-07-06T14:59:33.912097+00:00 [running]> on host 77d8d9060233
[2025-07-06T14:59:42.916+0000] {taskinstance.py:1662} INFO - Exporting env vars: AIRFLOW_CTX_DAG_OWNER='***' AIRFLOW_CTX_DAG_ID='turnstile_ml_pipeline' AIRFLOW_CTX_TASK_ID='download_and_ingest' AIRFLOW_CTX_EXECUTION_DATE='2025-07-06T14:59:33.912097+00:00' AIRFLOW_CTX_TRY_NUMBER='1' AIRFLOW_CTX_DAG_RUN_ID='manual__2025-07-06T14:59:33.912097+00:00'
[2025-07-06T14:59:42.920+0000] {subprocess.py:63} INFO - Tmp dir root location: /tmp
[2025-07-06T14:59:42.922+0000] {subprocess.py:75} INFO - Running command: ['/bin/bash', '-c', '\n            python /opt/***/pipeline/download_ingest.py                 --year { ds_year }                 --month { ds_month }                 --user None                 --password None                 --host None                 --port None                 --db_name None                 --table_name raw_turnstile_data\n        ']
[2025-07-06T14:59:42.936+0000] {subprocess.py:86} INFO - Output:
[2025-07-06T14:59:48.313+0000] {subprocess.py:93} INFO - usage: download_ingest.py [-h] --year YEAR --month MONTH --start_day START_DAY
[2025-07-06T14:59:48.315+0000] {subprocess.py:93} INFO -                           --end_day END_DAY --user USER --password PASSWORD
[2025-07-06T14:59:48.316+0000] {subprocess.py:93} INFO -                           --host HOST --port PORT --db_name DB_NAME
[2025-07-06T14:59:48.318+0000] {subprocess.py:93} INFO -                           --table_name TABLE_NAME
[2025-07-06T14:59:48.319+0000] {subprocess.py:93} INFO - download_ingest.py: error: argument --year: invalid int value: '{'
[2025-07-06T14:59:48.589+0000] {subprocess.py:97} INFO - Command exited with return code 2
[2025-07-06T14:59:48.610+0000] {taskinstance.py:1937} ERROR - Task failed with exception
Traceback (most recent call last):
  File "/home/airflow/.local/lib/python3.8/site-packages/airflow/operators/bash.py", line 210, in execute
    raise AirflowException(
airflow.exceptions.AirflowException: Bash command failed. The command returned a non-zero exit code 2.
[2025-07-06T14:59:48.617+0000] {taskinstance.py:1400} INFO - Marking task as FAILED. dag_id=turnstile_ml_pipeline, task_id=download_and_ingest, execution_date=20250706T145933, start_date=20250706T145942, end_date=20250706T145948
[2025-07-06T14:59:48.640+0000] {standard_task_runner.py:104} ERROR - Failed to execute job 6 for task download_and_ingest (Bash command failed. The command returned a non-zero exit code 2.; 838)
[2025-07-06T14:59:48.662+0000] {local_task_job_runner.py:228} INFO - Task exited with return code 1
[2025-07-06T14:59:48.707+0000] {taskinstance.py:2778} INFO - 0 downstream tasks scheduled from follow-on schedule check
