[2025-07-20T16:17:30.868+0000] {local_task_job_runner.py:123} INFO - ::group::Pre task execution logs
[2025-07-20T16:17:30.895+0000] {taskinstance.py:2614} INFO - Dependencies all met for dep_context=non-requeueable deps ti=<TaskInstance: turnstile_ml_pipeline.run_inference manual__2025-07-20T16:14:12.306294+00:00 [queued]>
[2025-07-20T16:17:30.909+0000] {taskinstance.py:2614} INFO - Dependencies all met for dep_context=requeueable deps ti=<TaskInstance: turnstile_ml_pipeline.run_inference manual__2025-07-20T16:14:12.306294+00:00 [queued]>
[2025-07-20T16:17:30.910+0000] {taskinstance.py:2867} INFO - Starting attempt 1 of 1
[2025-07-20T16:17:30.929+0000] {taskinstance.py:2890} INFO - Executing <Task(BashOperator): run_inference> on 2025-07-20 16:14:12.306294+00:00
[2025-07-20T16:17:30.941+0000] {logging_mixin.py:190} WARNING - /home/***/.local/lib/python3.12/site-packages/***/task/task_runner/standard_task_runner.py:70 DeprecationWarning: This process (pid=3503) is multi-threaded, use of fork() may lead to deadlocks in the child.
[2025-07-20T16:17:30.943+0000] {standard_task_runner.py:72} INFO - Started process 3509 to run task
[2025-07-20T16:17:30.941+0000] {standard_task_runner.py:104} INFO - Running: ['***', 'tasks', 'run', 'turnstile_ml_pipeline', 'run_inference', 'manual__2025-07-20T16:14:12.306294+00:00', '--job-id', '77', '--raw', '--subdir', 'DAGS_FOLDER/pipeline_dag.py', '--cfg-path', '/tmp/tmpaex3s22l']
[2025-07-20T16:17:30.944+0000] {standard_task_runner.py:105} INFO - Job 77: Subtask run_inference
[2025-07-20T16:17:30.963+0000] {logging_mixin.py:190} WARNING - /home/***/.local/lib/python3.12/site-packages/***/settings.py:209 DeprecationWarning: The sql_alchemy_conn option in [core] has been moved to the sql_alchemy_conn option in [database] - the old setting has been used, but please update your config.
[2025-07-20T16:17:31.037+0000] {task_command.py:467} INFO - Running <TaskInstance: turnstile_ml_pipeline.run_inference manual__2025-07-20T16:14:12.306294+00:00 [running]> on host e42e59698f90
[2025-07-20T16:17:31.141+0000] {taskinstance.py:3134} INFO - Exporting env vars: AIRFLOW_CTX_DAG_OWNER='***' AIRFLOW_CTX_DAG_ID='turnstile_ml_pipeline' AIRFLOW_CTX_TASK_ID='run_inference' AIRFLOW_CTX_EXECUTION_DATE='2025-07-20T16:14:12.306294+00:00' AIRFLOW_CTX_TRY_NUMBER='1' AIRFLOW_CTX_DAG_RUN_ID='manual__2025-07-20T16:14:12.306294+00:00'
[2025-07-20T16:17:31.143+0000] {taskinstance.py:732} INFO - ::endgroup::
[2025-07-20T16:17:31.162+0000] {subprocess.py:78} INFO - Tmp dir root location: /tmp
[2025-07-20T16:17:31.163+0000] {subprocess.py:88} INFO - Running command: ['/usr/bin/bash', '-c', '\n            python /opt/***/pipeline/inference.py                 --user ***                 --password ***                 --host postgres                 --port 5432                 --db_name ny_sub_turnstiles                 --inference_table inference_features                 --predictions_table predictions\n        ']
[2025-07-20T16:17:31.179+0000] {subprocess.py:99} INFO - Output:
[2025-07-20T16:17:36.489+0000] {subprocess.py:106} INFO -    group_key            datetime  ...  hour  day_of_week
[2025-07-20T16:17:36.490+0000] {subprocess.py:106} INFO - 0  A002_R051 2022-07-20 00:00:00  ...     0            2
[2025-07-20T16:17:36.491+0000] {subprocess.py:106} INFO - 1  A002_R051 2022-07-20 01:00:00  ...     1            2
[2025-07-20T16:17:36.494+0000] {subprocess.py:106} INFO - 
[2025-07-20T16:17:36.495+0000] {subprocess.py:106} INFO - [2 rows x 8 columns]
[2025-07-20T16:17:36.496+0000] {subprocess.py:106} INFO - [OK] Saved 475 predictions to 'predictions'
[2025-07-20T16:17:37.033+0000] {subprocess.py:110} INFO - Command exited with return code 0
[2025-07-20T16:17:37.082+0000] {taskinstance.py:341} INFO - ::group::Post task execution logs
[2025-07-20T16:17:37.084+0000] {taskinstance.py:353} INFO - Marking task as SUCCESS. dag_id=turnstile_ml_pipeline, task_id=run_inference, run_id=manual__2025-07-20T16:14:12.306294+00:00, execution_date=20250720T161412, start_date=20250720T161730, end_date=20250720T161737
[2025-07-20T16:17:37.182+0000] {local_task_job_runner.py:266} INFO - Task exited with return code 0
[2025-07-20T16:17:37.222+0000] {taskinstance.py:3901} INFO - 1 downstream tasks scheduled from follow-on schedule check
[2025-07-20T16:17:37.224+0000] {local_task_job_runner.py:245} INFO - ::endgroup::
