[2025-07-16T18:48:53.782+0000] {local_task_job_runner.py:123} INFO - ::group::Pre task execution logs
[2025-07-16T18:48:53.825+0000] {taskinstance.py:2614} INFO - Dependencies all met for dep_context=non-requeueable deps ti=<TaskInstance: turnstile_ml_pipeline.train_model manual__2025-07-16T18:45:02+00:00 [queued]>
[2025-07-16T18:48:53.844+0000] {taskinstance.py:2614} INFO - Dependencies all met for dep_context=requeueable deps ti=<TaskInstance: turnstile_ml_pipeline.train_model manual__2025-07-16T18:45:02+00:00 [queued]>
[2025-07-16T18:48:53.846+0000] {taskinstance.py:2867} INFO - Starting attempt 1 of 1
[2025-07-16T18:48:53.877+0000] {taskinstance.py:2890} INFO - Executing <Task(BashOperator): train_model> on 2025-07-16 18:45:02+00:00
[2025-07-16T18:48:53.895+0000] {logging_mixin.py:190} WARNING - /home/***/.local/lib/python3.12/site-packages/***/task/task_runner/standard_task_runner.py:70 DeprecationWarning: This process (pid=398) is multi-threaded, use of fork() may lead to deadlocks in the child.
[2025-07-16T18:48:53.897+0000] {standard_task_runner.py:72} INFO - Started process 404 to run task
[2025-07-16T18:48:53.904+0000] {standard_task_runner.py:104} INFO - Running: ['***', 'tasks', 'run', 'turnstile_ml_pipeline', 'train_model', 'manual__2025-07-16T18:45:02+00:00', '--job-id', '9', '--raw', '--subdir', 'DAGS_FOLDER/pipeline_dag.py', '--cfg-path', '/tmp/tmpjfjkls1a']
[2025-07-16T18:48:53.910+0000] {standard_task_runner.py:105} INFO - Job 9: Subtask train_model
[2025-07-16T18:48:53.944+0000] {logging_mixin.py:190} WARNING - /home/***/.local/lib/python3.12/site-packages/***/settings.py:209 DeprecationWarning: The sql_alchemy_conn option in [core] has been moved to the sql_alchemy_conn option in [database] - the old setting has been used, but please update your config.
[2025-07-16T18:48:54.029+0000] {task_command.py:467} INFO - Running <TaskInstance: turnstile_ml_pipeline.train_model manual__2025-07-16T18:45:02+00:00 [running]> on host 36b6cbfeb7c6
[2025-07-16T18:48:54.184+0000] {taskinstance.py:3134} INFO - Exporting env vars: AIRFLOW_CTX_DAG_OWNER='***' AIRFLOW_CTX_DAG_ID='turnstile_ml_pipeline' AIRFLOW_CTX_TASK_ID='train_model' AIRFLOW_CTX_EXECUTION_DATE='2025-07-16T18:45:02+00:00' AIRFLOW_CTX_TRY_NUMBER='1' AIRFLOW_CTX_DAG_RUN_ID='manual__2025-07-16T18:45:02+00:00'
[2025-07-16T18:48:54.186+0000] {taskinstance.py:732} INFO - ::endgroup::
[2025-07-16T18:48:54.215+0000] {subprocess.py:78} INFO - Tmp dir root location: /tmp
[2025-07-16T18:48:54.217+0000] {subprocess.py:88} INFO - Running command: ['/usr/bin/bash', '-c', '\n            python /opt/***/pipeline/train_register.py                             --user ***                 --password ***                 --host postgres                 --port 5432                 --db_name ny_sub_turnstiles                 --features_table turnstile_features         ']
[2025-07-16T18:48:54.237+0000] {subprocess.py:99} INFO - Output:
[2025-07-16T18:49:00.349+0000] {subprocess.py:106} INFO - 2025/07/16 18:49:00 WARNING mlflow.utils.git_utils: Failed to import Git (the Git executable is probably not on your PATH), so Git SHA is not available. Error: Failed to initialize: Bad git executable.
[2025-07-16T18:49:00.350+0000] {subprocess.py:106} INFO - The git executable must be specified in one of the following ways:
[2025-07-16T18:49:00.351+0000] {subprocess.py:106} INFO -     - be included in your $PATH
[2025-07-16T18:49:00.352+0000] {subprocess.py:106} INFO -     - be set via $GIT_PYTHON_GIT_EXECUTABLE
[2025-07-16T18:49:00.352+0000] {subprocess.py:106} INFO -     - explicitly set via git.refresh(<full-path-to-git-executable>)
[2025-07-16T18:49:00.353+0000] {subprocess.py:106} INFO - 
[2025-07-16T18:49:00.354+0000] {subprocess.py:106} INFO - All git commands will error until this is rectified.
[2025-07-16T18:49:00.355+0000] {subprocess.py:106} INFO - 
[2025-07-16T18:49:00.355+0000] {subprocess.py:106} INFO - This initial message can be silenced or aggravated in the future by setting the
[2025-07-16T18:49:00.356+0000] {subprocess.py:106} INFO - $GIT_PYTHON_REFRESH environment variable. Use one of the following values:
[2025-07-16T18:49:00.357+0000] {subprocess.py:106} INFO -     - quiet|q|silence|s|silent|none|n|0: for no message or exception
[2025-07-16T18:49:00.358+0000] {subprocess.py:106} INFO -     - warn|w|warning|log|l|1: for a warning message (logging level CRITICAL, displayed by default)
[2025-07-16T18:49:00.358+0000] {subprocess.py:106} INFO -     - error|e|exception|raise|r|2: for a raised exception
[2025-07-16T18:49:00.359+0000] {subprocess.py:106} INFO - 
[2025-07-16T18:49:00.360+0000] {subprocess.py:106} INFO - Example:
[2025-07-16T18:49:00.361+0000] {subprocess.py:106} INFO -     export GIT_PYTHON_REFRESH=quiet
[2025-07-16T18:49:00.362+0000] {subprocess.py:106} INFO - 
[2025-07-16T18:49:02.424+0000] {subprocess.py:106} INFO - 🏃 View run nosy-duck-810 at: http://mlflow:5000/#/experiments/2/runs/8ba32f12cc7748f2979f7734ea5ab57b
[2025-07-16T18:49:02.425+0000] {subprocess.py:106} INFO - 🧪 View experiment at: http://mlflow:5000/#/experiments/2
[2025-07-16T18:49:03.186+0000] {subprocess.py:110} INFO - Command exited with return code 0
[2025-07-16T18:49:03.227+0000] {taskinstance.py:341} INFO - ::group::Post task execution logs
[2025-07-16T18:49:03.230+0000] {taskinstance.py:353} INFO - Marking task as SUCCESS. dag_id=turnstile_ml_pipeline, task_id=train_model, run_id=manual__2025-07-16T18:45:02+00:00, execution_date=20250716T184502, start_date=20250716T184853, end_date=20250716T184903
[2025-07-16T18:49:03.328+0000] {local_task_job_runner.py:266} INFO - Task exited with return code 0
[2025-07-16T18:49:03.379+0000] {taskinstance.py:3901} INFO - 1 downstream tasks scheduled from follow-on schedule check
[2025-07-16T18:49:03.386+0000] {local_task_job_runner.py:245} INFO - ::endgroup::
