[2025-07-13T14:27:12.869+0000] {local_task_job_runner.py:123} INFO - ::group::Pre task execution logs
[2025-07-13T14:27:12.899+0000] {taskinstance.py:2614} INFO - Dependencies all met for dep_context=non-requeueable deps ti=<TaskInstance: turnstile_ml_pipeline.download_and_ingest manual__2025-07-13T14:27:00+00:00 [queued]>
[2025-07-13T14:27:12.915+0000] {taskinstance.py:2614} INFO - Dependencies all met for dep_context=requeueable deps ti=<TaskInstance: turnstile_ml_pipeline.download_and_ingest manual__2025-07-13T14:27:00+00:00 [queued]>
[2025-07-13T14:27:12.916+0000] {taskinstance.py:2867} INFO - Starting attempt 1 of 1
[2025-07-13T14:27:12.945+0000] {taskinstance.py:2890} INFO - Executing <Task(BashOperator): download_and_ingest> on 2025-07-13 14:27:00+00:00
[2025-07-13T14:27:12.963+0000] {logging_mixin.py:190} WARNING - /home/***/.local/lib/python3.12/site-packages/***/task/task_runner/standard_task_runner.py:70 DeprecationWarning: This process (pid=239) is multi-threaded, use of fork() may lead to deadlocks in the child.
[2025-07-13T14:27:12.962+0000] {standard_task_runner.py:104} INFO - Running: ['***', 'tasks', 'run', 'turnstile_ml_pipeline', 'download_and_ingest', 'manual__2025-07-13T14:27:00+00:00', '--job-id', '11', '--raw', '--subdir', 'DAGS_FOLDER/pipeline_dag.py', '--cfg-path', '/tmp/tmpfbs3fkzh']
[2025-07-13T14:27:12.966+0000] {standard_task_runner.py:72} INFO - Started process 245 to run task
[2025-07-13T14:27:12.966+0000] {standard_task_runner.py:105} INFO - Job 11: Subtask download_and_ingest
[2025-07-13T14:27:12.995+0000] {logging_mixin.py:190} WARNING - /home/***/.local/lib/python3.12/site-packages/***/settings.py:209 DeprecationWarning: The sql_alchemy_conn option in [core] has been moved to the sql_alchemy_conn option in [database] - the old setting has been used, but please update your config.
[2025-07-13T14:27:13.056+0000] {task_command.py:467} INFO - Running <TaskInstance: turnstile_ml_pipeline.download_and_ingest manual__2025-07-13T14:27:00+00:00 [running]> on host 7bf41c76e92f
[2025-07-13T14:27:13.183+0000] {taskinstance.py:3134} INFO - Exporting env vars: AIRFLOW_CTX_DAG_OWNER='***' AIRFLOW_CTX_DAG_ID='turnstile_ml_pipeline' AIRFLOW_CTX_TASK_ID='download_and_ingest' AIRFLOW_CTX_EXECUTION_DATE='2025-07-13T14:27:00+00:00' AIRFLOW_CTX_TRY_NUMBER='1' AIRFLOW_CTX_DAG_RUN_ID='manual__2025-07-13T14:27:00+00:00'
[2025-07-13T14:27:13.185+0000] {taskinstance.py:732} INFO - ::endgroup::
[2025-07-13T14:27:13.211+0000] {subprocess.py:78} INFO - Tmp dir root location: /tmp
[2025-07-13T14:27:13.212+0000] {subprocess.py:88} INFO - Running command: ['/usr/bin/bash', '-c', '\n            python /opt/***/pipeline/download_ingest.py                 --year 2022                 --month 6                 --start_day 28                 --end_day 29                 --user ***                 --password ***                 --host postgres                 --port 5432                 --db_name ny_sub_turnstiles                 --table_name raw_turnstile_data\n        ']
[2025-07-13T14:27:13.230+0000] {subprocess.py:99} INFO - Output:
[2025-07-13T14:27:17.761+0000] {subprocess.py:106} INFO - [INFO] Fetching data for dates: ['2022-06-28', '2022-06-29']
[2025-07-13T14:27:17.763+0000] {subprocess.py:106} INFO - [OK] Ingested 2000 rows into table 'raw_turnstile_data'
[2025-07-13T14:27:18.013+0000] {subprocess.py:110} INFO - Command exited with return code 0
[2025-07-13T14:27:18.068+0000] {taskinstance.py:341} INFO - ::group::Post task execution logs
[2025-07-13T14:27:18.070+0000] {taskinstance.py:353} INFO - Marking task as SUCCESS. dag_id=turnstile_ml_pipeline, task_id=download_and_ingest, run_id=manual__2025-07-13T14:27:00+00:00, execution_date=20250713T142700, start_date=20250713T142712, end_date=20250713T142718
[2025-07-13T14:27:18.165+0000] {local_task_job_runner.py:266} INFO - Task exited with return code 0
[2025-07-13T14:27:18.229+0000] {taskinstance.py:3901} INFO - 1 downstream tasks scheduled from follow-on schedule check
[2025-07-13T14:27:18.232+0000] {local_task_job_runner.py:245} INFO - ::endgroup::
