[2025-07-24T17:53:54.477+0000] {local_task_job_runner.py:123} INFO - ::group::Pre task execution logs
[2025-07-24T17:53:54.525+0000] {taskinstance.py:2614} INFO - Dependencies all met for dep_context=non-requeueable deps ti=<TaskInstance: turnstile_ml_pipeline.run_monitoring scheduled__2025-07-23T00:00:00+00:00 [queued]>
[2025-07-24T17:53:54.550+0000] {taskinstance.py:2614} INFO - Dependencies all met for dep_context=requeueable deps ti=<TaskInstance: turnstile_ml_pipeline.run_monitoring scheduled__2025-07-23T00:00:00+00:00 [queued]>
[2025-07-24T17:53:54.552+0000] {taskinstance.py:2867} INFO - Starting attempt 1 of 1
[2025-07-24T17:53:54.581+0000] {taskinstance.py:2890} INFO - Executing <Task(BashOperator): run_monitoring> on 2025-07-23 00:00:00+00:00
[2025-07-24T17:53:54.616+0000] {logging_mixin.py:190} WARNING - /home/***/.local/lib/python3.12/site-packages/***/task/task_runner/standard_task_runner.py:70 DeprecationWarning: This process (pid=7650) is multi-threaded, use of fork() may lead to deadlocks in the child.
[2025-07-24T17:53:54.621+0000] {standard_task_runner.py:72} INFO - Started process 7656 to run task
[2025-07-24T17:53:54.625+0000] {standard_task_runner.py:104} INFO - Running: ['***', 'tasks', 'run', 'turnstile_ml_pipeline', 'run_monitoring', 'scheduled__2025-07-23T00:00:00+00:00', '--job-id', '107', '--raw', '--subdir', 'DAGS_FOLDER/pipeline_dag.py', '--cfg-path', '/tmp/tmpgfc406x1']
[2025-07-24T17:53:54.629+0000] {standard_task_runner.py:105} INFO - Job 107: Subtask run_monitoring
[2025-07-24T17:53:54.674+0000] {logging_mixin.py:190} WARNING - /home/***/.local/lib/python3.12/site-packages/***/settings.py:209 DeprecationWarning: The sql_alchemy_conn option in [core] has been moved to the sql_alchemy_conn option in [database] - the old setting has been used, but please update your config.
[2025-07-24T17:53:54.757+0000] {task_command.py:467} INFO - Running <TaskInstance: turnstile_ml_pipeline.run_monitoring scheduled__2025-07-23T00:00:00+00:00 [running]> on host e42e59698f90
[2025-07-24T17:53:54.761+0000] {logging_mixin.py:190} WARNING - /home/***/.local/lib/python3.12/site-packages/***/settings.py:470 DeprecationWarning: The sql_alchemy_conn option in [core] has been moved to the sql_alchemy_conn option in [database] - the old setting has been used, but please update your config.
[2025-07-24T17:53:54.943+0000] {taskinstance.py:3134} INFO - Exporting env vars: AIRFLOW_CTX_DAG_OWNER='***' AIRFLOW_CTX_DAG_ID='turnstile_ml_pipeline' AIRFLOW_CTX_TASK_ID='run_monitoring' AIRFLOW_CTX_EXECUTION_DATE='2025-07-23T00:00:00+00:00' AIRFLOW_CTX_TRY_NUMBER='1' AIRFLOW_CTX_DAG_RUN_ID='scheduled__2025-07-23T00:00:00+00:00'
[2025-07-24T17:53:54.946+0000] {taskinstance.py:732} INFO - ::endgroup::
[2025-07-24T17:53:54.990+0000] {subprocess.py:78} INFO - Tmp dir root location: /tmp
[2025-07-24T17:53:54.992+0000] {subprocess.py:88} INFO - Running command: ['/usr/bin/bash', '-c', '\n            python /opt/***/pipeline/monitor.py                 --user ***                 --password ***                 --host postgres                 --port 5432                 --db_name ny_sub_turnstiles                 --predictions_table predictions                 --monitoring_table monitoring                 --reference_date 2022-07-24\n        ']
[2025-07-24T17:53:55.018+0000] {subprocess.py:99} INFO - Output:
[2025-07-24T17:53:59.079+0000] {subprocess.py:106} INFO - [Monitoring] For date: 2022-07-24
[2025-07-24T17:53:59.080+0000] {subprocess.py:106} INFO - 2022-07-24
[2025-07-24T17:53:59.081+0000] {subprocess.py:106} INFO -   monitoring_date  n_obs         mae        rmse  mean_ridership
[2025-07-24T17:53:59.082+0000] {subprocess.py:106} INFO - 0      2022-07-24    240  869.721406  1175.16035     1065.533333
[2025-07-24T17:53:59.082+0000] {subprocess.py:106} INFO -    group_key monitoring_date  n_obs  ...         rmse  ridership_mean  load_class
[2025-07-24T17:53:59.083+0000] {subprocess.py:106} INFO - 0  A002_R051      2022-07-24     10  ...   679.505991           811.6     mid-low
[2025-07-24T17:53:59.083+0000] {subprocess.py:106} INFO - 1  A006_R079      2022-07-24     10  ...   892.641118           982.2    mid-high
[2025-07-24T17:53:59.085+0000] {subprocess.py:106} INFO - 2  A007_R079      2022-07-24     10  ...   672.826178           560.2         low
[2025-07-24T17:53:59.093+0000] {subprocess.py:106} INFO - 3  A010_R080      2022-07-24     10  ...   826.249304          1104.8    mid-high
[2025-07-24T17:53:59.094+0000] {subprocess.py:106} INFO - 4  A011_R080      2022-07-24     10  ...  1493.845419          1707.8        high
[2025-07-24T17:53:59.095+0000] {subprocess.py:106} INFO - 
[2025-07-24T17:53:59.096+0000] {subprocess.py:106} INFO - [5 rows x 7 columns]
[2025-07-24T17:53:59.097+0000] {subprocess.py:106} INFO - [OK] Saved 24 rows to 'monitoring'
[2025-07-24T17:53:59.368+0000] {subprocess.py:110} INFO - Command exited with return code 0
[2025-07-24T17:53:59.422+0000] {taskinstance.py:341} INFO - ::group::Post task execution logs
[2025-07-24T17:53:59.423+0000] {taskinstance.py:353} INFO - Marking task as SUCCESS. dag_id=turnstile_ml_pipeline, task_id=run_monitoring, run_id=scheduled__2025-07-23T00:00:00+00:00, execution_date=20250723T000000, start_date=20250724T175354, end_date=20250724T175359
[2025-07-24T17:53:59.530+0000] {local_task_job_runner.py:266} INFO - Task exited with return code 0
[2025-07-24T17:53:59.569+0000] {taskinstance.py:3901} INFO - 0 downstream tasks scheduled from follow-on schedule check
[2025-07-24T17:53:59.574+0000] {local_task_job_runner.py:245} INFO - ::endgroup::
[2025-07-24T17:53:59.625+0000] {standard_task_runner.py:217} INFO - Process not found (most likely exited), stop collecting metrics
