[2025-04-03T11:46:53.583+0000] {local_task_job_runner.py:123} INFO - ::group::Pre task execution logs
[2025-04-03T11:46:53.619+0000] {taskinstance.py:2614} INFO - Dependencies all met for dep_context=non-requeueable deps ti=<TaskInstance: LocalIngestionDag.download_dataset scheduled__2025-02-02T06:00:00+00:00 [queued]>
[2025-04-03T11:46:53.638+0000] {taskinstance.py:2614} INFO - Dependencies all met for dep_context=requeueable deps ti=<TaskInstance: LocalIngestionDag.download_dataset scheduled__2025-02-02T06:00:00+00:00 [queued]>
[2025-04-03T11:46:53.639+0000] {taskinstance.py:2867} INFO - Starting attempt 6 of 6
[2025-04-03T11:46:53.666+0000] {taskinstance.py:2890} INFO - Executing <Task(BashOperator): download_dataset> on 2025-02-02 06:00:00+00:00
[2025-04-03T11:46:53.680+0000] {warnings.py:112} WARNING - /home/***/.local/lib/python3.12/site-packages/***/task/task_runner/standard_task_runner.py:70: DeprecationWarning: This process (pid=737) is multi-threaded, use of fork() may lead to deadlocks in the child.
  pid = os.fork()

[2025-04-03T11:46:53.685+0000] {standard_task_runner.py:72} INFO - Started process 739 to run task
[2025-04-03T11:46:53.685+0000] {standard_task_runner.py:104} INFO - Running: ['***', 'tasks', 'run', 'LocalIngestionDag', 'download_dataset', 'scheduled__2025-02-02T06:00:00+00:00', '--job-id', '51', '--raw', '--subdir', 'DAGS_FOLDER/data_ingestion_local.py', '--cfg-path', '/tmp/tmpk86vb0zy']
[2025-04-03T11:46:53.689+0000] {standard_task_runner.py:105} INFO - Job 51: Subtask download_dataset
[2025-04-03T11:46:53.820+0000] {task_command.py:467} INFO - Running <TaskInstance: LocalIngestionDag.download_dataset scheduled__2025-02-02T06:00:00+00:00 [running]> on host ddeb5aa80aea
[2025-04-03T11:46:54.293+0000] {taskinstance.py:3134} INFO - Exporting env vars: AIRFLOW_CTX_DAG_OWNER='***' AIRFLOW_CTX_DAG_ID='LocalIngestionDag' AIRFLOW_CTX_TASK_ID='download_dataset' AIRFLOW_CTX_EXECUTION_DATE='2025-02-02T06:00:00+00:00' AIRFLOW_CTX_TRY_NUMBER='6' AIRFLOW_CTX_DAG_RUN_ID='scheduled__2025-02-02T06:00:00+00:00'
[2025-04-03T11:46:54.294+0000] {taskinstance.py:732} INFO - ::endgroup::
[2025-04-03T11:46:54.311+0000] {subprocess.py:78} INFO - Tmp dir root location: /tmp
[2025-04-03T11:46:54.312+0000] {subprocess.py:88} INFO - Running command: ['/usr/bin/bash', '-c', 'curl -o /opt/***/2025-02.parquet "https://d37ci6vzurychx.cloudfront.net/trip-data/yellow_tripdata_2025-02.parquet"']
[2025-04-03T11:46:54.325+0000] {subprocess.py:99} INFO - Output:
[2025-04-03T11:46:54.337+0000] {subprocess.py:106} INFO -   % Total    % Received % Xferd  Average Speed   Time    Time     Time  Current
[2025-04-03T11:46:54.341+0000] {subprocess.py:106} INFO -                                  Dload  Upload   Total   Spent    Left  Speed
[2025-04-03T11:46:54.771+0000] {subprocess.py:106} INFO -   0     0    0     0    0     0      0      0 --:--:-- --:--:-- --:--:--     0100   111    0   111    0     0    255      0 --:--:-- --:--:-- --:--:--   255100   111    0   111    0     0    255      0 --:--:-- --:--:-- --:--:--   255
[2025-04-03T11:46:54.773+0000] {subprocess.py:110} INFO - Command exited with return code 0
[2025-04-03T11:46:54.805+0000] {taskinstance.py:341} INFO - ::group::Post task execution logs
[2025-04-03T11:46:54.806+0000] {taskinstance.py:353} INFO - Marking task as SUCCESS. dag_id=LocalIngestionDag, task_id=download_dataset, run_id=scheduled__2025-02-02T06:00:00+00:00, execution_date=20250202T060000, start_date=20250403T114653, end_date=20250403T114654
[2025-04-03T11:46:54.870+0000] {local_task_job_runner.py:266} INFO - Task exited with return code 0
[2025-04-03T11:46:54.899+0000] {taskinstance.py:3901} INFO - 1 downstream tasks scheduled from follow-on schedule check
[2025-04-03T11:46:54.902+0000] {local_task_job_runner.py:245} INFO - ::endgroup::
