[2025-04-02T14:50:28.241+0000] {local_task_job_runner.py:123} INFO - ::group::Pre task execution logs
[2025-04-02T14:50:28.307+0000] {taskinstance.py:2614} INFO - Dependencies all met for dep_context=non-requeueable deps ti=<TaskInstance: LocalIngestionDag.download_dataset scheduled__2025-02-02T06:00:00+00:00 [queued]>
[2025-04-02T14:50:28.368+0000] {taskinstance.py:2614} INFO - Dependencies all met for dep_context=requeueable deps ti=<TaskInstance: LocalIngestionDag.download_dataset scheduled__2025-02-02T06:00:00+00:00 [queued]>
[2025-04-02T14:50:28.372+0000] {taskinstance.py:2867} INFO - Starting attempt 1 of 1
[2025-04-02T14:50:28.415+0000] {taskinstance.py:2890} INFO - Executing <Task(BashOperator): download_dataset> on 2025-02-02 06:00:00+00:00
[2025-04-02T14:50:28.458+0000] {standard_task_runner.py:104} INFO - Running: ['***', 'tasks', 'run', 'LocalIngestionDag', 'download_dataset', 'scheduled__2025-02-02T06:00:00+00:00', '--job-id', '10', '--raw', '--subdir', 'DAGS_FOLDER/data_ingestion_local.py', '--cfg-path', '/tmp/tmpfvg3coi0']
[2025-04-02T14:50:28.438+0000] {warnings.py:112} WARNING - /home/***/.local/lib/python3.12/site-packages/***/task/task_runner/standard_task_runner.py:70: DeprecationWarning: This process (pid=892) is multi-threaded, use of fork() may lead to deadlocks in the child.
  pid = os.fork()

[2025-04-02T14:50:28.487+0000] {standard_task_runner.py:72} INFO - Started process 900 to run task
[2025-04-02T14:50:28.481+0000] {standard_task_runner.py:105} INFO - Job 10: Subtask download_dataset
[2025-04-02T14:50:28.691+0000] {task_command.py:467} INFO - Running <TaskInstance: LocalIngestionDag.download_dataset scheduled__2025-02-02T06:00:00+00:00 [running]> on host 6baa03efc864
[2025-04-02T14:50:28.905+0000] {taskinstance.py:3134} INFO - Exporting env vars: AIRFLOW_CTX_DAG_OWNER='***' AIRFLOW_CTX_DAG_ID='LocalIngestionDag' AIRFLOW_CTX_TASK_ID='download_dataset' AIRFLOW_CTX_EXECUTION_DATE='2025-02-02T06:00:00+00:00' AIRFLOW_CTX_TRY_NUMBER='1' AIRFLOW_CTX_DAG_RUN_ID='scheduled__2025-02-02T06:00:00+00:00'
[2025-04-02T14:50:28.913+0000] {taskinstance.py:732} INFO - ::endgroup::
[2025-04-02T14:50:28.954+0000] {subprocess.py:78} INFO - Tmp dir root location: /tmp
[2025-04-02T14:50:28.957+0000] {subprocess.py:88} INFO - Running command: ['/usr/bin/bash', '-c', 'echo "Hello, world"']
[2025-04-02T14:50:28.975+0000] {subprocess.py:99} INFO - Output:
[2025-04-02T14:50:28.979+0000] {subprocess.py:106} INFO - Hello, world
[2025-04-02T14:50:28.980+0000] {subprocess.py:110} INFO - Command exited with return code 0
[2025-04-02T14:50:29.021+0000] {taskinstance.py:341} INFO - ::group::Post task execution logs
[2025-04-02T14:50:29.022+0000] {taskinstance.py:353} INFO - Marking task as SUCCESS. dag_id=LocalIngestionDag, task_id=download_dataset, run_id=scheduled__2025-02-02T06:00:00+00:00, execution_date=20250202T060000, start_date=20250402T145028, end_date=20250402T145029
[2025-04-02T14:50:29.106+0000] {local_task_job_runner.py:266} INFO - Task exited with return code 0
[2025-04-02T14:50:29.175+0000] {taskinstance.py:3901} INFO - 1 downstream tasks scheduled from follow-on schedule check
[2025-04-02T14:50:29.183+0000] {local_task_job_runner.py:245} INFO - ::endgroup::
