[2025-07-28T08:45:35.158+0000] {local_task_job_runner.py:123} INFO - ::group::Pre task execution logs
[2025-07-28T08:45:35.207+0000] {taskinstance.py:2614} INFO - Dependencies all met for dep_context=non-requeueable deps ti=<TaskInstance: turnstile_ml_pipeline.run_monitoring scheduled__2025-07-25T00:00:00+00:00 [queued]>
[2025-07-28T08:45:35.227+0000] {taskinstance.py:2614} INFO - Dependencies all met for dep_context=requeueable deps ti=<TaskInstance: turnstile_ml_pipeline.run_monitoring scheduled__2025-07-25T00:00:00+00:00 [queued]>
[2025-07-28T08:45:35.229+0000] {taskinstance.py:2867} INFO - Starting attempt 1 of 1
[2025-07-28T08:45:35.261+0000] {taskinstance.py:2890} INFO - Executing <Task(BashOperator): run_monitoring> on 2025-07-25 00:00:00+00:00
[2025-07-28T08:45:35.278+0000] {logging_mixin.py:190} WARNING - /home/***/.local/lib/python3.12/site-packages/***/task/task_runner/standard_task_runner.py:70 DeprecationWarning: This process (pid=10521) is multi-threaded, use of fork() may lead to deadlocks in the child.
[2025-07-28T08:45:35.281+0000] {standard_task_runner.py:72} INFO - Started process 10527 to run task
[2025-07-28T08:45:35.279+0000] {standard_task_runner.py:104} INFO - Running: ['***', 'tasks', 'run', 'turnstile_ml_pipeline', 'run_monitoring', 'scheduled__2025-07-25T00:00:00+00:00', '--job-id', '127', '--raw', '--subdir', 'DAGS_FOLDER/pipeline_dag.py', '--cfg-path', '/tmp/tmp143jvqdz']
[2025-07-28T08:45:35.284+0000] {standard_task_runner.py:105} INFO - Job 127: Subtask run_monitoring
[2025-07-28T08:45:35.323+0000] {logging_mixin.py:190} WARNING - /home/***/.local/lib/python3.12/site-packages/***/settings.py:209 DeprecationWarning: The sql_alchemy_conn option in [core] has been moved to the sql_alchemy_conn option in [database] - the old setting has been used, but please update your config.
[2025-07-28T08:45:35.415+0000] {task_command.py:467} INFO - Running <TaskInstance: turnstile_ml_pipeline.run_monitoring scheduled__2025-07-25T00:00:00+00:00 [running]> on host e42e59698f90
[2025-07-28T08:45:35.420+0000] {logging_mixin.py:190} WARNING - /home/***/.local/lib/python3.12/site-packages/***/settings.py:470 DeprecationWarning: The sql_alchemy_conn option in [core] has been moved to the sql_alchemy_conn option in [database] - the old setting has been used, but please update your config.
[2025-07-28T08:45:35.621+0000] {taskinstance.py:3134} INFO - Exporting env vars: AIRFLOW_CTX_DAG_OWNER='***' AIRFLOW_CTX_DAG_ID='turnstile_ml_pipeline' AIRFLOW_CTX_TASK_ID='run_monitoring' AIRFLOW_CTX_EXECUTION_DATE='2025-07-25T00:00:00+00:00' AIRFLOW_CTX_TRY_NUMBER='1' AIRFLOW_CTX_DAG_RUN_ID='scheduled__2025-07-25T00:00:00+00:00'
[2025-07-28T08:45:35.624+0000] {taskinstance.py:732} INFO - ::endgroup::
[2025-07-28T08:45:35.673+0000] {subprocess.py:78} INFO - Tmp dir root location: /tmp
[2025-07-28T08:45:35.675+0000] {subprocess.py:88} INFO - Running command: ['/usr/bin/bash', '-c', '\n            python /opt/***/pipeline/monitor.py                 --user ***                 --password ***                 --host postgres                 --port 5432                 --db_name ny_sub_turnstiles                 --predictions_table predictions                 --monitoring_table monitoring                 --reference_date 2022-07-28\n        ']
[2025-07-28T08:45:35.699+0000] {subprocess.py:99} INFO - Output:
[2025-07-28T08:45:41.322+0000] {subprocess.py:106} INFO - [Monitoring] For date: 2022-07-28
[2025-07-28T08:45:41.323+0000] {subprocess.py:106} INFO - 2022-07-28
[2025-07-28T08:45:41.325+0000] {subprocess.py:106} INFO -   monitoring_date  n_obs          mae         rmse  mean_ridership
[2025-07-28T08:45:41.327+0000] {subprocess.py:106} INFO - 0      2022-07-28    240  1657.080424  2186.695576     1840.091667
[2025-07-28T08:45:41.328+0000] {subprocess.py:106} INFO -    group_key monitoring_date  n_obs  ...         rmse  ridership_mean  load_class
[2025-07-28T08:45:41.329+0000] {subprocess.py:106} INFO - 0  A002_R051      2022-07-28     10  ...  1721.892512          1739.6    mid-high
[2025-07-28T08:45:41.329+0000] {subprocess.py:106} INFO - 1  A006_R079      2022-07-28     10  ...  1734.270135          1912.0    mid-high
[2025-07-28T08:45:41.330+0000] {subprocess.py:106} INFO - 2  A007_R079      2022-07-28     10  ...   461.357320           725.8         low
[2025-07-28T08:45:41.331+0000] {subprocess.py:106} INFO - 3  A010_R080      2022-07-28     10  ...  2075.426438          2096.4        high
[2025-07-28T08:45:41.332+0000] {subprocess.py:106} INFO - 4  A011_R080      2022-07-28     10  ...  2955.943218          2710.0        high
[2025-07-28T08:45:41.333+0000] {subprocess.py:106} INFO - 
[2025-07-28T08:45:41.333+0000] {subprocess.py:106} INFO - [5 rows x 7 columns]
[2025-07-28T08:45:41.334+0000] {subprocess.py:106} INFO - [OK] Saved 24 rows to 'monitoring'
[2025-07-28T08:45:41.609+0000] {subprocess.py:110} INFO - Command exited with return code 0
[2025-07-28T08:45:41.658+0000] {taskinstance.py:341} INFO - ::group::Post task execution logs
[2025-07-28T08:45:41.659+0000] {taskinstance.py:353} INFO - Marking task as SUCCESS. dag_id=turnstile_ml_pipeline, task_id=run_monitoring, run_id=scheduled__2025-07-25T00:00:00+00:00, execution_date=20250725T000000, start_date=20250728T084535, end_date=20250728T084541
[2025-07-28T08:45:41.748+0000] {local_task_job_runner.py:266} INFO - Task exited with return code 0
[2025-07-28T08:45:41.777+0000] {taskinstance.py:3901} INFO - 0 downstream tasks scheduled from follow-on schedule check
[2025-07-28T08:45:41.782+0000] {local_task_job_runner.py:245} INFO - ::endgroup::
