[2025-07-24T17:53:23.136+0000] {local_task_job_runner.py:123} INFO - ::group::Pre task execution logs
[2025-07-24T17:53:23.175+0000] {taskinstance.py:2614} INFO - Dependencies all met for dep_context=non-requeueable deps ti=<TaskInstance: turnstile_ml_pipeline.run_inference scheduled__2025-07-23T00:00:00+00:00 [queued]>
[2025-07-24T17:53:23.192+0000] {taskinstance.py:2614} INFO - Dependencies all met for dep_context=requeueable deps ti=<TaskInstance: turnstile_ml_pipeline.run_inference scheduled__2025-07-23T00:00:00+00:00 [queued]>
[2025-07-24T17:53:23.193+0000] {taskinstance.py:2867} INFO - Starting attempt 1 of 1
[2025-07-24T17:53:23.217+0000] {taskinstance.py:2890} INFO - Executing <Task(BashOperator): run_inference> on 2025-07-23 00:00:00+00:00
[2025-07-24T17:53:23.233+0000] {logging_mixin.py:190} WARNING - /home/***/.local/lib/python3.12/site-packages/***/task/task_runner/standard_task_runner.py:70 DeprecationWarning: This process (pid=7614) is multi-threaded, use of fork() may lead to deadlocks in the child.
[2025-07-24T17:53:23.235+0000] {standard_task_runner.py:72} INFO - Started process 7620 to run task
[2025-07-24T17:53:23.234+0000] {standard_task_runner.py:104} INFO - Running: ['***', 'tasks', 'run', 'turnstile_ml_pipeline', 'run_inference', 'scheduled__2025-07-23T00:00:00+00:00', '--job-id', '105', '--raw', '--subdir', 'DAGS_FOLDER/pipeline_dag.py', '--cfg-path', '/tmp/tmpk006jr8z']
[2025-07-24T17:53:23.237+0000] {standard_task_runner.py:105} INFO - Job 105: Subtask run_inference
[2025-07-24T17:53:23.266+0000] {logging_mixin.py:190} WARNING - /home/***/.local/lib/python3.12/site-packages/***/settings.py:209 DeprecationWarning: The sql_alchemy_conn option in [core] has been moved to the sql_alchemy_conn option in [database] - the old setting has been used, but please update your config.
[2025-07-24T17:53:23.328+0000] {task_command.py:467} INFO - Running <TaskInstance: turnstile_ml_pipeline.run_inference scheduled__2025-07-23T00:00:00+00:00 [running]> on host e42e59698f90
[2025-07-24T17:53:23.330+0000] {logging_mixin.py:190} WARNING - /home/***/.local/lib/python3.12/site-packages/***/settings.py:470 DeprecationWarning: The sql_alchemy_conn option in [core] has been moved to the sql_alchemy_conn option in [database] - the old setting has been used, but please update your config.
[2025-07-24T17:53:23.469+0000] {taskinstance.py:3134} INFO - Exporting env vars: AIRFLOW_CTX_DAG_OWNER='***' AIRFLOW_CTX_DAG_ID='turnstile_ml_pipeline' AIRFLOW_CTX_TASK_ID='run_inference' AIRFLOW_CTX_EXECUTION_DATE='2025-07-23T00:00:00+00:00' AIRFLOW_CTX_TRY_NUMBER='1' AIRFLOW_CTX_DAG_RUN_ID='scheduled__2025-07-23T00:00:00+00:00'
[2025-07-24T17:53:23.471+0000] {taskinstance.py:732} INFO - ::endgroup::
[2025-07-24T17:53:23.499+0000] {subprocess.py:78} INFO - Tmp dir root location: /tmp
[2025-07-24T17:53:23.500+0000] {subprocess.py:88} INFO - Running command: ['/usr/bin/bash', '-c', '\n            python /opt/***/pipeline/inference.py                 --user ***                 --password ***                 --host postgres                 --port 5432                 --db_name ny_sub_turnstiles                 --inference_table inference_features                 --predictions_table predictions\n        ']
[2025-07-24T17:53:23.522+0000] {subprocess.py:99} INFO - Output:
[2025-07-24T17:53:29.398+0000] {subprocess.py:106} INFO -    group_key            datetime  ...  hour  day_of_week
[2025-07-24T17:53:29.399+0000] {subprocess.py:106} INFO - 0  A002_R051 2022-07-24 00:00:00  ...     0            6
[2025-07-24T17:53:29.400+0000] {subprocess.py:106} INFO - 1  A002_R051 2022-07-24 01:00:00  ...     1            6
[2025-07-24T17:53:29.401+0000] {subprocess.py:106} INFO - 
[2025-07-24T17:53:29.402+0000] {subprocess.py:106} INFO - [2 rows x 8 columns]
[2025-07-24T17:53:29.402+0000] {subprocess.py:106} INFO - [OK] Saved 450 predictions to 'predictions'
[2025-07-24T17:53:30.031+0000] {subprocess.py:110} INFO - Command exited with return code 0
[2025-07-24T17:53:30.089+0000] {taskinstance.py:341} INFO - ::group::Post task execution logs
[2025-07-24T17:53:30.091+0000] {taskinstance.py:353} INFO - Marking task as SUCCESS. dag_id=turnstile_ml_pipeline, task_id=run_inference, run_id=scheduled__2025-07-23T00:00:00+00:00, execution_date=20250723T000000, start_date=20250724T175323, end_date=20250724T175330
[2025-07-24T17:53:30.201+0000] {local_task_job_runner.py:266} INFO - Task exited with return code 0
[2025-07-24T17:53:30.244+0000] {taskinstance.py:3901} INFO - 1 downstream tasks scheduled from follow-on schedule check
[2025-07-24T17:53:30.252+0000] {local_task_job_runner.py:245} INFO - ::endgroup::
