[2025-07-28T08:36:02.097+0000] {local_task_job_runner.py:123} INFO - ::group::Pre task execution logs
[2025-07-28T08:36:02.174+0000] {taskinstance.py:2614} INFO - Dependencies all met for dep_context=non-requeueable deps ti=<TaskInstance: turnstile_ml_pipeline.download_and_ingest scheduled__2025-07-25T00:00:00+00:00 [queued]>
[2025-07-28T08:36:02.241+0000] {taskinstance.py:2614} INFO - Dependencies all met for dep_context=requeueable deps ti=<TaskInstance: turnstile_ml_pipeline.download_and_ingest scheduled__2025-07-25T00:00:00+00:00 [queued]>
[2025-07-28T08:36:02.249+0000] {taskinstance.py:2867} INFO - Starting attempt 1 of 1
[2025-07-28T08:36:02.398+0000] {taskinstance.py:2890} INFO - Executing <Task(BashOperator): download_and_ingest> on 2025-07-25 00:00:00+00:00
[2025-07-28T08:36:02.599+0000] {logging_mixin.py:190} WARNING - /home/***/.local/lib/python3.12/site-packages/***/task/task_runner/standard_task_runner.py:70 DeprecationWarning: This process (pid=10278) is multi-threaded, use of fork() may lead to deadlocks in the child.
[2025-07-28T08:36:02.623+0000] {standard_task_runner.py:72} INFO - Started process 10287 to run task
[2025-07-28T08:36:02.581+0000] {standard_task_runner.py:104} INFO - Running: ['***', 'tasks', 'run', 'turnstile_ml_pipeline', 'download_and_ingest', 'scheduled__2025-07-25T00:00:00+00:00', '--job-id', '115', '--raw', '--subdir', 'DAGS_FOLDER/pipeline_dag.py', '--cfg-path', '/tmp/tmp4hvyl8xw']
[2025-07-28T08:36:02.642+0000] {standard_task_runner.py:105} INFO - Job 115: Subtask download_and_ingest
[2025-07-28T08:36:02.804+0000] {logging_mixin.py:190} WARNING - /home/***/.local/lib/python3.12/site-packages/***/settings.py:209 DeprecationWarning: The sql_alchemy_conn option in [core] has been moved to the sql_alchemy_conn option in [database] - the old setting has been used, but please update your config.
[2025-07-28T08:36:03.046+0000] {task_command.py:467} INFO - Running <TaskInstance: turnstile_ml_pipeline.download_and_ingest scheduled__2025-07-25T00:00:00+00:00 [running]> on host e42e59698f90
[2025-07-28T08:36:03.050+0000] {logging_mixin.py:190} WARNING - /home/***/.local/lib/python3.12/site-packages/***/settings.py:470 DeprecationWarning: The sql_alchemy_conn option in [core] has been moved to the sql_alchemy_conn option in [database] - the old setting has been used, but please update your config.
[2025-07-28T08:36:03.708+0000] {taskinstance.py:3134} INFO - Exporting env vars: AIRFLOW_CTX_DAG_OWNER='***' AIRFLOW_CTX_DAG_ID='turnstile_ml_pipeline' AIRFLOW_CTX_TASK_ID='download_and_ingest' AIRFLOW_CTX_EXECUTION_DATE='2025-07-25T00:00:00+00:00' AIRFLOW_CTX_TRY_NUMBER='1' AIRFLOW_CTX_DAG_RUN_ID='scheduled__2025-07-25T00:00:00+00:00'
[2025-07-28T08:36:03.715+0000] {taskinstance.py:732} INFO - ::endgroup::
[2025-07-28T08:36:03.925+0000] {subprocess.py:78} INFO - Tmp dir root location: /tmp
[2025-07-28T08:36:03.943+0000] {subprocess.py:88} INFO - Running command: ['/usr/bin/bash', '-c', '\n            python /opt/***/pipeline/download_ingest.py                 --user ***                 --password ***                 --host postgres                 --port 5432                 --db_name ny_sub_turnstiles                 --table_name raw_turnstile_data\n        ']
[2025-07-28T08:36:04.142+0000] {subprocess.py:99} INFO - Output:
[2025-07-28T08:36:37.366+0000] {subprocess.py:106} INFO - 2025-07-28 08:36:16.433830+00:00
[2025-07-28T08:36:37.369+0000] {subprocess.py:106} INFO - [INFO] Fetching data for dates: ['2022-07-14', '2022-07-15', '2022-07-16', '2022-07-17', '2022-07-18', '2022-07-19', '2022-07-20', '2022-07-21', '2022-07-22', '2022-07-23', '2022-07-24', '2022-07-25', '2022-07-26', '2022-07-27']
[2025-07-28T08:36:37.371+0000] {subprocess.py:106} INFO - [OK] Ingested 14000 rows into table 'raw_turnstile_data'
[2025-07-28T08:36:37.797+0000] {subprocess.py:110} INFO - Command exited with return code 0
[2025-07-28T08:36:37.891+0000] {taskinstance.py:341} INFO - ::group::Post task execution logs
[2025-07-28T08:36:37.893+0000] {taskinstance.py:353} INFO - Marking task as SUCCESS. dag_id=turnstile_ml_pipeline, task_id=download_and_ingest, run_id=scheduled__2025-07-25T00:00:00+00:00, execution_date=20250725T000000, start_date=20250728T083602, end_date=20250728T083637
[2025-07-28T08:36:38.005+0000] {local_task_job_runner.py:266} INFO - Task exited with return code 0
[2025-07-28T08:36:38.089+0000] {taskinstance.py:3901} INFO - 1 downstream tasks scheduled from follow-on schedule check
[2025-07-28T08:36:38.093+0000] {local_task_job_runner.py:245} INFO - ::endgroup::
