[2025-08-04T00:00:58.753+0000] {local_task_job_runner.py:123} INFO - ::group::Pre task execution logs
[2025-08-04T00:00:58.774+0000] {taskinstance.py:2614} INFO - Dependencies all met for dep_context=non-requeueable deps ti=<TaskInstance: turnstile_ml_pipeline.train_model scheduled__2025-08-03T00:00:00+00:00 [queued]>
[2025-08-04T00:00:58.784+0000] {taskinstance.py:2614} INFO - Dependencies all met for dep_context=requeueable deps ti=<TaskInstance: turnstile_ml_pipeline.train_model scheduled__2025-08-03T00:00:00+00:00 [queued]>
[2025-08-04T00:00:58.786+0000] {taskinstance.py:2867} INFO - Starting attempt 1 of 1
[2025-08-04T00:00:58.802+0000] {taskinstance.py:2890} INFO - Executing <Task(BashOperator): train_model> on 2025-08-03 00:00:00+00:00
[2025-08-04T00:00:58.814+0000] {logging_mixin.py:190} WARNING - /home/***/.local/lib/python3.12/site-packages/***/task/task_runner/standard_task_runner.py:70 DeprecationWarning: This process (pid=3279) is multi-threaded, use of fork() may lead to deadlocks in the child.
[2025-08-04T00:00:58.816+0000] {standard_task_runner.py:72} INFO - Started process 3285 to run task
[2025-08-04T00:00:58.817+0000] {standard_task_runner.py:104} INFO - Running: ['***', 'tasks', 'run', 'turnstile_ml_pipeline', 'train_model', 'scheduled__2025-08-03T00:00:00+00:00', '--job-id', '27', '--raw', '--subdir', 'DAGS_FOLDER/turnstile_ml_pipeline.py', '--cfg-path', '/tmp/tmpx4sa1fi6']
[2025-08-04T00:00:58.821+0000] {standard_task_runner.py:105} INFO - Job 27: Subtask train_model
[2025-08-04T00:00:58.840+0000] {logging_mixin.py:190} WARNING - /home/***/.local/lib/python3.12/site-packages/***/settings.py:209 DeprecationWarning: The sql_alchemy_conn option in [core] has been moved to the sql_alchemy_conn option in [database] - the old setting has been used, but please update your config.
[2025-08-04T00:00:58.882+0000] {task_command.py:467} INFO - Running <TaskInstance: turnstile_ml_pipeline.train_model scheduled__2025-08-03T00:00:00+00:00 [running]> on host dd604637fe9d
[2025-08-04T00:00:58.884+0000] {logging_mixin.py:190} WARNING - /home/***/.local/lib/python3.12/site-packages/***/settings.py:470 DeprecationWarning: The sql_alchemy_conn option in [core] has been moved to the sql_alchemy_conn option in [database] - the old setting has been used, but please update your config.
[2025-08-04T00:00:58.979+0000] {taskinstance.py:3134} INFO - Exporting env vars: AIRFLOW_CTX_DAG_OWNER='***' AIRFLOW_CTX_DAG_ID='turnstile_ml_pipeline' AIRFLOW_CTX_TASK_ID='train_model' AIRFLOW_CTX_EXECUTION_DATE='2025-08-03T00:00:00+00:00' AIRFLOW_CTX_TRY_NUMBER='1' AIRFLOW_CTX_DAG_RUN_ID='scheduled__2025-08-03T00:00:00+00:00'
[2025-08-04T00:00:58.981+0000] {taskinstance.py:732} INFO - ::endgroup::
[2025-08-04T00:00:58.997+0000] {subprocess.py:78} INFO - Tmp dir root location: /tmp
[2025-08-04T00:00:58.999+0000] {subprocess.py:88} INFO - Running command: ['/usr/bin/bash', '-c', '\n            python /opt/***/pipeline/train_register.py                             --user ***                 --password ***                 --host postgres                 --port 5432                 --db_name ny_sub_turnstiles                 --features_table turnstile_features         ']
[2025-08-04T00:00:59.013+0000] {subprocess.py:99} INFO - Output:
[2025-08-04T00:01:03.044+0000] {subprocess.py:106} INFO - 2025/08/04 00:01:03 WARNING mlflow.utils.git_utils: Failed to import Git (the Git executable is probably not on your PATH), so Git SHA is not available. Error: Failed to initialize: Bad git executable.
[2025-08-04T00:01:03.045+0000] {subprocess.py:106} INFO - The git executable must be specified in one of the following ways:
[2025-08-04T00:01:03.046+0000] {subprocess.py:106} INFO -     - be included in your $PATH
[2025-08-04T00:01:03.046+0000] {subprocess.py:106} INFO -     - be set via $GIT_PYTHON_GIT_EXECUTABLE
[2025-08-04T00:01:03.047+0000] {subprocess.py:106} INFO -     - explicitly set via git.refresh(<full-path-to-git-executable>)
[2025-08-04T00:01:03.048+0000] {subprocess.py:106} INFO - 
[2025-08-04T00:01:03.049+0000] {subprocess.py:106} INFO - All git commands will error until this is rectified.
[2025-08-04T00:01:03.049+0000] {subprocess.py:106} INFO - 
[2025-08-04T00:01:03.050+0000] {subprocess.py:106} INFO - This initial message can be silenced or aggravated in the future by setting the
[2025-08-04T00:01:03.050+0000] {subprocess.py:106} INFO - $GIT_PYTHON_REFRESH environment variable. Use one of the following values:
[2025-08-04T00:01:03.051+0000] {subprocess.py:106} INFO -     - quiet|q|silence|s|silent|none|n|0: for no message or exception
[2025-08-04T00:01:03.051+0000] {subprocess.py:106} INFO -     - warn|w|warning|log|l|1: for a warning message (logging level CRITICAL, displayed by default)
[2025-08-04T00:01:03.052+0000] {subprocess.py:106} INFO -     - error|e|exception|raise|r|2: for a raised exception
[2025-08-04T00:01:03.053+0000] {subprocess.py:106} INFO - 
[2025-08-04T00:01:03.053+0000] {subprocess.py:106} INFO - Example:
[2025-08-04T00:01:03.054+0000] {subprocess.py:106} INFO -     export GIT_PYTHON_REFRESH=quiet
[2025-08-04T00:01:03.054+0000] {subprocess.py:106} INFO - 
[2025-08-04T00:01:03.243+0000] {subprocess.py:106} INFO - 🏃 View run popular-owl-696 at: http://mlflow:5000/#/experiments/2/runs/fbf01d3807414b51bb72429d15a05e6b
[2025-08-04T00:01:03.244+0000] {subprocess.py:106} INFO - 🧪 View experiment at: http://mlflow:5000/#/experiments/2
[2025-08-04T00:01:03.618+0000] {subprocess.py:110} INFO - Command exited with return code 0
[2025-08-04T00:01:03.651+0000] {taskinstance.py:341} INFO - ::group::Post task execution logs
[2025-08-04T00:01:03.653+0000] {taskinstance.py:353} INFO - Marking task as SUCCESS. dag_id=turnstile_ml_pipeline, task_id=train_model, run_id=scheduled__2025-08-03T00:00:00+00:00, execution_date=20250803T000000, start_date=20250804T000058, end_date=20250804T000103
[2025-08-04T00:01:03.696+0000] {local_task_job_runner.py:266} INFO - Task exited with return code 0
[2025-08-04T00:01:03.726+0000] {taskinstance.py:3901} INFO - 1 downstream tasks scheduled from follow-on schedule check
[2025-08-04T00:01:03.730+0000] {local_task_job_runner.py:245} INFO - ::endgroup::
