[2025-07-30T11:47:49.620+0000] {local_task_job_runner.py:123} INFO - ::group::Pre task execution logs
[2025-07-30T11:47:49.661+0000] {taskinstance.py:2614} INFO - Dependencies all met for dep_context=non-requeueable deps ti=<TaskInstance: turnstile_ml_pipeline.run_inference scheduled__2025-07-29T00:00:00+00:00 [queued]>
[2025-07-30T11:47:49.686+0000] {taskinstance.py:2614} INFO - Dependencies all met for dep_context=requeueable deps ti=<TaskInstance: turnstile_ml_pipeline.run_inference scheduled__2025-07-29T00:00:00+00:00 [queued]>
[2025-07-30T11:47:49.687+0000] {taskinstance.py:2867} INFO - Starting attempt 1 of 1
[2025-07-30T11:47:49.714+0000] {taskinstance.py:2890} INFO - Executing <Task(BashOperator): run_inference> on 2025-07-29 00:00:00+00:00
[2025-07-30T11:47:49.731+0000] {logging_mixin.py:190} WARNING - /home/***/.local/lib/python3.12/site-packages/***/task/task_runner/standard_task_runner.py:70 DeprecationWarning: This process (pid=1514) is multi-threaded, use of fork() may lead to deadlocks in the child.
[2025-07-30T11:47:49.733+0000] {standard_task_runner.py:72} INFO - Started process 1520 to run task
[2025-07-30T11:47:49.731+0000] {standard_task_runner.py:104} INFO - Running: ['***', 'tasks', 'run', 'turnstile_ml_pipeline', 'run_inference', 'scheduled__2025-07-29T00:00:00+00:00', '--job-id', '142', '--raw', '--subdir', 'DAGS_FOLDER/pipeline_dag.py', '--cfg-path', '/tmp/tmpzqouqmk6']
[2025-07-30T11:47:49.737+0000] {standard_task_runner.py:105} INFO - Job 142: Subtask run_inference
[2025-07-30T11:47:49.784+0000] {logging_mixin.py:190} WARNING - /home/***/.local/lib/python3.12/site-packages/***/settings.py:209 DeprecationWarning: The sql_alchemy_conn option in [core] has been moved to the sql_alchemy_conn option in [database] - the old setting has been used, but please update your config.
[2025-07-30T11:47:49.867+0000] {task_command.py:467} INFO - Running <TaskInstance: turnstile_ml_pipeline.run_inference scheduled__2025-07-29T00:00:00+00:00 [running]> on host c9afdf80b5d8
[2025-07-30T11:47:49.870+0000] {logging_mixin.py:190} WARNING - /home/***/.local/lib/python3.12/site-packages/***/settings.py:470 DeprecationWarning: The sql_alchemy_conn option in [core] has been moved to the sql_alchemy_conn option in [database] - the old setting has been used, but please update your config.
[2025-07-30T11:47:50.115+0000] {taskinstance.py:3134} INFO - Exporting env vars: AIRFLOW_CTX_DAG_OWNER='***' AIRFLOW_CTX_DAG_ID='turnstile_ml_pipeline' AIRFLOW_CTX_TASK_ID='run_inference' AIRFLOW_CTX_EXECUTION_DATE='2025-07-29T00:00:00+00:00' AIRFLOW_CTX_TRY_NUMBER='1' AIRFLOW_CTX_DAG_RUN_ID='scheduled__2025-07-29T00:00:00+00:00'
[2025-07-30T11:47:50.118+0000] {taskinstance.py:732} INFO - ::endgroup::
[2025-07-30T11:47:50.196+0000] {subprocess.py:78} INFO - Tmp dir root location: /tmp
[2025-07-30T11:47:50.198+0000] {subprocess.py:88} INFO - Running command: ['/usr/bin/bash', '-c', '\n            python /opt/***/pipeline/inference.py                 --user ***                 --password ***                 --host postgres                 --port 5432                 --db_name ny_sub_turnstiles                 --inference_table inference_features                 --predictions_table predictions\n        ']
[2025-07-30T11:47:50.218+0000] {subprocess.py:99} INFO - Output:
[2025-07-30T11:47:55.358+0000] {subprocess.py:106} INFO -    group_key            datetime  ...  hour  day_of_week
[2025-07-30T11:47:55.359+0000] {subprocess.py:106} INFO - 0  A002_R051 2022-07-30 00:00:00  ...     0            5
[2025-07-30T11:47:55.360+0000] {subprocess.py:106} INFO - 1  A002_R051 2022-07-30 01:00:00  ...     1            5
[2025-07-30T11:47:55.361+0000] {subprocess.py:106} INFO - 
[2025-07-30T11:47:55.361+0000] {subprocess.py:106} INFO - [2 rows x 8 columns]
[2025-07-30T11:47:55.362+0000] {subprocess.py:106} INFO - [OK] Saved 450 predictions to 'predictions'
[2025-07-30T11:47:55.907+0000] {subprocess.py:110} INFO - Command exited with return code 0
[2025-07-30T11:47:55.954+0000] {taskinstance.py:341} INFO - ::group::Post task execution logs
[2025-07-30T11:47:55.955+0000] {taskinstance.py:353} INFO - Marking task as SUCCESS. dag_id=turnstile_ml_pipeline, task_id=run_inference, run_id=scheduled__2025-07-29T00:00:00+00:00, execution_date=20250729T000000, start_date=20250730T114749, end_date=20250730T114755
[2025-07-30T11:47:56.053+0000] {local_task_job_runner.py:266} INFO - Task exited with return code 0
[2025-07-30T11:47:56.089+0000] {taskinstance.py:3901} INFO - 1 downstream tasks scheduled from follow-on schedule check
[2025-07-30T11:47:56.095+0000] {local_task_job_runner.py:245} INFO - ::endgroup::
