[2025-07-07T16:47:32.720+0000] {logging_mixin.py:154} INFO - Changing /opt/***/logs/dag_id=turnstile_ml_pipeline/run_id=manual__2025-07-07T16:47:22+00:00/task_id=download_and_ingest permission to 509
[2025-07-07T16:47:32.721+0000] {logging_mixin.py:154} INFO - Failed to change /opt/***/logs/dag_id=turnstile_ml_pipeline/run_id=manual__2025-07-07T16:47:22+00:00/task_id=download_and_ingest permission to 509: [Errno 1] Operation not permitted: '/opt/***/logs/dag_id=turnstile_ml_pipeline/run_id=manual__2025-07-07T16:47:22+00:00/task_id=download_and_ingest'
[2025-07-07T16:47:32.775+0000] {logging_mixin.py:154} INFO - Changing /opt/***/logs/dag_id=turnstile_ml_pipeline/run_id=manual__2025-07-07T16:47:22+00:00/task_id=download_and_ingest permission to 509
[2025-07-07T16:47:32.776+0000] {logging_mixin.py:154} INFO - Failed to change /opt/***/logs/dag_id=turnstile_ml_pipeline/run_id=manual__2025-07-07T16:47:22+00:00/task_id=download_and_ingest permission to 509: [Errno 1] Operation not permitted: '/opt/***/logs/dag_id=turnstile_ml_pipeline/run_id=manual__2025-07-07T16:47:22+00:00/task_id=download_and_ingest'
[2025-07-07T16:47:32.830+0000] {taskinstance.py:1159} INFO - Dependencies all met for dep_context=non-requeueable deps ti=<TaskInstance: turnstile_ml_pipeline.download_and_ingest manual__2025-07-07T16:47:22+00:00 [queued]>
[2025-07-07T16:47:32.845+0000] {taskinstance.py:1159} INFO - Dependencies all met for dep_context=requeueable deps ti=<TaskInstance: turnstile_ml_pipeline.download_and_ingest manual__2025-07-07T16:47:22+00:00 [queued]>
[2025-07-07T16:47:32.846+0000] {taskinstance.py:1361} INFO - Starting attempt 1 of 1
[2025-07-07T16:47:32.867+0000] {taskinstance.py:1382} INFO - Executing <Task(BashOperator): download_and_ingest> on 2025-07-07 16:47:22+00:00
[2025-07-07T16:47:32.874+0000] {standard_task_runner.py:57} INFO - Started process 102 to run task
[2025-07-07T16:47:32.883+0000] {standard_task_runner.py:84} INFO - Running: ['***', 'tasks', 'run', 'turnstile_ml_pipeline', 'download_and_ingest', 'manual__2025-07-07T16:47:22+00:00', '--job-id', '18', '--raw', '--subdir', 'DAGS_FOLDER/pipeline_dag.py', '--cfg-path', '/tmp/tmpshpnusoh']
[2025-07-07T16:47:32.885+0000] {standard_task_runner.py:85} INFO - Job 18: Subtask download_and_ingest
[2025-07-07T16:47:32.915+0000] {logging_mixin.py:154} WARNING - /home/***/.local/lib/python3.8/site-packages/***/settings.py:195 DeprecationWarning: The sql_alchemy_conn option in [core] has been moved to the sql_alchemy_conn option in [database] - the old setting has been used, but please update your config.
[2025-07-07T16:47:32.981+0000] {logging_mixin.py:154} INFO - Changing /opt/***/logs/dag_id=turnstile_ml_pipeline/run_id=manual__2025-07-07T16:47:22+00:00/task_id=download_and_ingest permission to 509
[2025-07-07T16:47:32.983+0000] {logging_mixin.py:154} INFO - Failed to change /opt/***/logs/dag_id=turnstile_ml_pipeline/run_id=manual__2025-07-07T16:47:22+00:00/task_id=download_and_ingest permission to 509: [Errno 1] Operation not permitted: '/opt/***/logs/dag_id=turnstile_ml_pipeline/run_id=manual__2025-07-07T16:47:22+00:00/task_id=download_and_ingest'
[2025-07-07T16:47:32.986+0000] {task_command.py:416} INFO - Running <TaskInstance: turnstile_ml_pipeline.download_and_ingest manual__2025-07-07T16:47:22+00:00 [running]> on host 097eb5bbc6cd
[2025-07-07T16:47:33.125+0000] {taskinstance.py:1662} INFO - Exporting env vars: AIRFLOW_CTX_DAG_OWNER='***' AIRFLOW_CTX_DAG_ID='turnstile_ml_pipeline' AIRFLOW_CTX_TASK_ID='download_and_ingest' AIRFLOW_CTX_EXECUTION_DATE='2025-07-07T16:47:22+00:00' AIRFLOW_CTX_TRY_NUMBER='1' AIRFLOW_CTX_DAG_RUN_ID='manual__2025-07-07T16:47:22+00:00'
[2025-07-07T16:47:33.127+0000] {subprocess.py:63} INFO - Tmp dir root location: /tmp
[2025-07-07T16:47:33.129+0000] {subprocess.py:75} INFO - Running command: ['/bin/bash', '-c', '\n            python /opt/***/pipeline/download_ingest.py                 --year 2022                 --month 6                 --start_day 22                 --end_day 23                 --user ***                 --password ***                 --host postgres                 --port 5432                 --db_name ny_sub_turnstiles                 --table_name raw_turnstile_data\n        ']
[2025-07-07T16:47:33.141+0000] {subprocess.py:86} INFO - Output:
[2025-07-07T16:47:37.540+0000] {subprocess.py:93} INFO - [INFO] Fetching data for dates: ['2022-06-22', '2022-06-23']
[2025-07-07T16:47:37.550+0000] {subprocess.py:93} INFO - Traceback (most recent call last):
[2025-07-07T16:47:37.551+0000] {subprocess.py:93} INFO -   File "/home/***/.local/lib/python3.8/site-packages/pandas/core/indexes/base.py", line 3653, in get_loc
[2025-07-07T16:47:37.551+0000] {subprocess.py:93} INFO -     return self._engine.get_loc(casted_key)
[2025-07-07T16:47:37.551+0000] {subprocess.py:93} INFO -   File "pandas/_libs/index.pyx", line 147, in pandas._libs.index.IndexEngine.get_loc
[2025-07-07T16:47:37.552+0000] {subprocess.py:93} INFO -   File "pandas/_libs/index.pyx", line 176, in pandas._libs.index.IndexEngine.get_loc
[2025-07-07T16:47:37.552+0000] {subprocess.py:93} INFO -   File "pandas/_libs/hashtable_class_helper.pxi", line 7080, in pandas._libs.hashtable.PyObjectHashTable.get_item
[2025-07-07T16:47:37.552+0000] {subprocess.py:93} INFO -   File "pandas/_libs/hashtable_class_helper.pxi", line 7088, in pandas._libs.hashtable.PyObjectHashTable.get_item
[2025-07-07T16:47:37.553+0000] {subprocess.py:93} INFO - KeyError: 'datetime'
[2025-07-07T16:47:37.553+0000] {subprocess.py:93} INFO - 
[2025-07-07T16:47:37.553+0000] {subprocess.py:93} INFO - The above exception was the direct cause of the following exception:
[2025-07-07T16:47:37.553+0000] {subprocess.py:93} INFO - 
[2025-07-07T16:47:37.553+0000] {subprocess.py:93} INFO - Traceback (most recent call last):
[2025-07-07T16:47:37.554+0000] {subprocess.py:93} INFO -   File "/opt/***/pipeline/download_ingest.py", line 59, in <module>
[2025-07-07T16:47:37.554+0000] {subprocess.py:93} INFO -     download_and_ingest(**vars(args))
[2025-07-07T16:47:37.554+0000] {subprocess.py:93} INFO -   File "/opt/***/pipeline/download_ingest.py", line 37, in download_and_ingest
[2025-07-07T16:47:37.555+0000] {subprocess.py:93} INFO -     df_raw["datetime"] = pd.to_datetime(df_raw["datetime"], errors="coerce")
[2025-07-07T16:47:37.556+0000] {subprocess.py:93} INFO -   File "/home/***/.local/lib/python3.8/site-packages/pandas/core/frame.py", line 3761, in __getitem__
[2025-07-07T16:47:37.556+0000] {subprocess.py:93} INFO -     indexer = self.columns.get_loc(key)
[2025-07-07T16:47:37.557+0000] {subprocess.py:93} INFO -   File "/home/***/.local/lib/python3.8/site-packages/pandas/core/indexes/base.py", line 3655, in get_loc
[2025-07-07T16:47:37.557+0000] {subprocess.py:93} INFO -     raise KeyError(key) from err
[2025-07-07T16:47:37.557+0000] {subprocess.py:93} INFO - KeyError: 'datetime'
[2025-07-07T16:47:37.644+0000] {subprocess.py:97} INFO - Command exited with return code 1
[2025-07-07T16:47:37.657+0000] {taskinstance.py:1937} ERROR - Task failed with exception
Traceback (most recent call last):
  File "/home/airflow/.local/lib/python3.8/site-packages/airflow/operators/bash.py", line 210, in execute
    raise AirflowException(
airflow.exceptions.AirflowException: Bash command failed. The command returned a non-zero exit code 1.
[2025-07-07T16:47:37.661+0000] {taskinstance.py:1400} INFO - Marking task as FAILED. dag_id=turnstile_ml_pipeline, task_id=download_and_ingest, execution_date=20250707T164722, start_date=20250707T164732, end_date=20250707T164737
[2025-07-07T16:47:37.676+0000] {standard_task_runner.py:104} ERROR - Failed to execute job 18 for task download_and_ingest (Bash command failed. The command returned a non-zero exit code 1.; 102)
[2025-07-07T16:47:37.692+0000] {local_task_job_runner.py:228} INFO - Task exited with return code 1
[2025-07-07T16:47:37.719+0000] {taskinstance.py:2778} INFO - 0 downstream tasks scheduled from follow-on schedule check
