[2025-07-20T16:09:14.296+0000] {local_task_job_runner.py:123} INFO - ::group::Pre task execution logs
[2025-07-20T16:09:14.323+0000] {taskinstance.py:2614} INFO - Dependencies all met for dep_context=non-requeueable deps ti=<TaskInstance: turnstile_ml_pipeline.download_and_ingest manual__2025-07-20T16:09:05.688560+00:00 [queued]>
[2025-07-20T16:09:14.338+0000] {taskinstance.py:2614} INFO - Dependencies all met for dep_context=requeueable deps ti=<TaskInstance: turnstile_ml_pipeline.download_and_ingest manual__2025-07-20T16:09:05.688560+00:00 [queued]>
[2025-07-20T16:09:14.339+0000] {taskinstance.py:2867} INFO - Starting attempt 1 of 1
[2025-07-20T16:09:14.362+0000] {taskinstance.py:2890} INFO - Executing <Task(BashOperator): download_and_ingest> on 2025-07-20 16:09:05.688560+00:00
[2025-07-20T16:09:14.378+0000] {logging_mixin.py:190} WARNING - /home/***/.local/lib/python3.12/site-packages/***/task/task_runner/standard_task_runner.py:70 DeprecationWarning: This process (pid=3273) is multi-threaded, use of fork() may lead to deadlocks in the child.
[2025-07-20T16:09:14.381+0000] {standard_task_runner.py:72} INFO - Started process 3279 to run task
[2025-07-20T16:09:14.378+0000] {standard_task_runner.py:104} INFO - Running: ['***', 'tasks', 'run', 'turnstile_ml_pipeline', 'download_and_ingest', 'manual__2025-07-20T16:09:05.688560+00:00', '--job-id', '65', '--raw', '--subdir', 'DAGS_FOLDER/pipeline_dag.py', '--cfg-path', '/tmp/tmp0qe01_ui']
[2025-07-20T16:09:14.382+0000] {standard_task_runner.py:105} INFO - Job 65: Subtask download_and_ingest
[2025-07-20T16:09:14.409+0000] {logging_mixin.py:190} WARNING - /home/***/.local/lib/python3.12/site-packages/***/settings.py:209 DeprecationWarning: The sql_alchemy_conn option in [core] has been moved to the sql_alchemy_conn option in [database] - the old setting has been used, but please update your config.
[2025-07-20T16:09:14.471+0000] {task_command.py:467} INFO - Running <TaskInstance: turnstile_ml_pipeline.download_and_ingest manual__2025-07-20T16:09:05.688560+00:00 [running]> on host e42e59698f90
[2025-07-20T16:09:14.616+0000] {taskinstance.py:3134} INFO - Exporting env vars: AIRFLOW_CTX_DAG_OWNER='***' AIRFLOW_CTX_DAG_ID='turnstile_ml_pipeline' AIRFLOW_CTX_TASK_ID='download_and_ingest' AIRFLOW_CTX_EXECUTION_DATE='2025-07-20T16:09:05.688560+00:00' AIRFLOW_CTX_TRY_NUMBER='1' AIRFLOW_CTX_DAG_RUN_ID='manual__2025-07-20T16:09:05.688560+00:00'
[2025-07-20T16:09:14.617+0000] {taskinstance.py:732} INFO - ::endgroup::
[2025-07-20T16:09:14.651+0000] {subprocess.py:78} INFO - Tmp dir root location: /tmp
[2025-07-20T16:09:14.653+0000] {subprocess.py:88} INFO - Running command: ['/usr/bin/bash', '-c', '\n            python /opt/***/pipeline/download_ingest.py                 --user ***                 --password ***                 --host postgres                 --port 5432                 --db_name ny_sub_turnstiles                 --table_name raw_turnstile_data\n        ']
[2025-07-20T16:09:14.677+0000] {subprocess.py:99} INFO - Output:
[2025-07-20T16:09:19.881+0000] {subprocess.py:106} INFO - 2025-07-20 16:09:17.648116+00:00
[2025-07-20T16:09:19.882+0000] {subprocess.py:106} INFO - [INFO] Fetching data for dates: ['2022-07-05', '2022-07-06']
[2025-07-20T16:09:19.883+0000] {subprocess.py:106} INFO - [OK] Ingested 2000 rows into table 'raw_turnstile_data'
[2025-07-20T16:09:20.081+0000] {subprocess.py:110} INFO - Command exited with return code 0
[2025-07-20T16:09:20.116+0000] {taskinstance.py:341} INFO - ::group::Post task execution logs
[2025-07-20T16:09:20.117+0000] {taskinstance.py:353} INFO - Marking task as SUCCESS. dag_id=turnstile_ml_pipeline, task_id=download_and_ingest, run_id=manual__2025-07-20T16:09:05.688560+00:00, execution_date=20250720T160905, start_date=20250720T160914, end_date=20250720T160920
[2025-07-20T16:09:20.202+0000] {local_task_job_runner.py:266} INFO - Task exited with return code 0
[2025-07-20T16:09:20.248+0000] {taskinstance.py:3901} INFO - 1 downstream tasks scheduled from follow-on schedule check
[2025-07-20T16:09:20.252+0000] {local_task_job_runner.py:245} INFO - ::endgroup::
