[2025-08-06T04:58:59.491+0000] {local_task_job_runner.py:123} INFO - ::group::Pre task execution logs
[2025-08-06T04:58:59.520+0000] {taskinstance.py:2614} INFO - Dependencies all met for dep_context=non-requeueable deps ti=<TaskInstance: turnstile_ml_pipeline.download_and_ingest scheduled__2025-08-05T00:00:00+00:00 [queued]>
[2025-08-06T04:58:59.538+0000] {taskinstance.py:2614} INFO - Dependencies all met for dep_context=requeueable deps ti=<TaskInstance: turnstile_ml_pipeline.download_and_ingest scheduled__2025-08-05T00:00:00+00:00 [queued]>
[2025-08-06T04:58:59.539+0000] {taskinstance.py:2867} INFO - Starting attempt 1 of 1
[2025-08-06T04:58:59.558+0000] {taskinstance.py:2890} INFO - Executing <Task(BashOperator): download_and_ingest> on 2025-08-05 00:00:00+00:00
[2025-08-06T04:58:59.567+0000] {standard_task_runner.py:72} INFO - Started process 368 to run task
[2025-08-06T04:58:59.573+0000] {standard_task_runner.py:104} INFO - Running: ['***', 'tasks', 'run', 'turnstile_ml_pipeline', 'download_and_ingest', 'scheduled__2025-08-05T00:00:00+00:00', '--job-id', '101', '--raw', '--subdir', 'DAGS_FOLDER/turnstile_ml_pipeline.py', '--cfg-path', '/tmp/tmp9zg0u6it']
[2025-08-06T04:58:59.576+0000] {standard_task_runner.py:105} INFO - Job 101: Subtask download_and_ingest
[2025-08-06T04:58:59.601+0000] {logging_mixin.py:190} WARNING - /home/***/.local/lib/python3.12/site-packages/***/settings.py:209 DeprecationWarning: The sql_alchemy_conn option in [core] has been moved to the sql_alchemy_conn option in [database] - the old setting has been used, but please update your config.
[2025-08-06T04:58:59.651+0000] {task_command.py:467} INFO - Running <TaskInstance: turnstile_ml_pipeline.download_and_ingest scheduled__2025-08-05T00:00:00+00:00 [running]> on host c3acc3669c6c
[2025-08-06T04:58:59.654+0000] {logging_mixin.py:190} WARNING - /home/***/.local/lib/python3.12/site-packages/***/settings.py:470 DeprecationWarning: The sql_alchemy_conn option in [core] has been moved to the sql_alchemy_conn option in [database] - the old setting has been used, but please update your config.
[2025-08-06T04:58:59.776+0000] {taskinstance.py:3134} INFO - Exporting env vars: AIRFLOW_CTX_DAG_OWNER='***' AIRFLOW_CTX_DAG_ID='turnstile_ml_pipeline' AIRFLOW_CTX_TASK_ID='download_and_ingest' AIRFLOW_CTX_EXECUTION_DATE='2025-08-05T00:00:00+00:00' AIRFLOW_CTX_TRY_NUMBER='1' AIRFLOW_CTX_DAG_RUN_ID='scheduled__2025-08-05T00:00:00+00:00'
[2025-08-06T04:58:59.777+0000] {taskinstance.py:732} INFO - ::endgroup::
[2025-08-06T04:58:59.816+0000] {subprocess.py:78} INFO - Tmp dir root location: /tmp
[2025-08-06T04:58:59.820+0000] {subprocess.py:88} INFO - Running command: ['/usr/bin/bash', '-c', '\n            python /opt/***/pipeline/download_ingest.py                 --user ***                 --password ***                 --host postgres                 --port 5432                 --db_name ny_sub_turnstiles                 --table_name raw_turnstile_data\n        ']
[2025-08-06T04:58:59.835+0000] {subprocess.py:99} INFO - Output:
[2025-08-06T08:00:16.484+0000] {job.py:229} INFO - Heartbeat recovered after 10871.84 seconds
[2025-08-06T08:00:31.617+0000] {subprocess.py:106} INFO - 2025-08-06 04:59:03.822143+00:00
[2025-08-06T08:00:31.618+0000] {subprocess.py:106} INFO - [INFO] Fetching data for dates: ['2022-07-23', '2022-07-24', '2022-07-25', '2022-07-26', '2022-07-27', '2022-07-28', '2022-07-29', '2022-07-30', '2022-07-31', '2022-08-01', '2022-08-02', '2022-08-03', '2022-08-04', '2022-08-05']
[2025-08-06T08:00:31.619+0000] {subprocess.py:106} INFO - [OK] Ingested 14000 rows into table 'raw_turnstile_data'
[2025-08-06T08:00:31.838+0000] {subprocess.py:110} INFO - Command exited with return code 0
[2025-08-06T08:00:31.873+0000] {taskinstance.py:341} INFO - ::group::Post task execution logs
[2025-08-06T08:00:31.875+0000] {taskinstance.py:353} INFO - Marking task as SUCCESS. dag_id=turnstile_ml_pipeline, task_id=download_and_ingest, run_id=scheduled__2025-08-05T00:00:00+00:00, execution_date=20250805T000000, start_date=20250806T045859, end_date=20250806T080031
[2025-08-06T08:00:31.930+0000] {local_task_job_runner.py:266} INFO - Task exited with return code 0
[2025-08-06T08:00:31.964+0000] {taskinstance.py:3901} INFO - 1 downstream tasks scheduled from follow-on schedule check
[2025-08-06T08:00:31.967+0000] {local_task_job_runner.py:245} INFO - ::endgroup::
