[2025-07-29T15:01:21.305+0000] {local_task_job_runner.py:123} INFO - ::group::Pre task execution logs
[2025-07-29T15:01:21.359+0000] {taskinstance.py:2614} INFO - Dependencies all met for dep_context=non-requeueable deps ti=<TaskInstance: turnstile_ml_pipeline.preprocess_train scheduled__2025-07-28T00:00:00+00:00 [queued]>
[2025-07-29T15:01:21.388+0000] {taskinstance.py:2614} INFO - Dependencies all met for dep_context=requeueable deps ti=<TaskInstance: turnstile_ml_pipeline.preprocess_train scheduled__2025-07-28T00:00:00+00:00 [queued]>
[2025-07-29T15:01:21.390+0000] {taskinstance.py:2867} INFO - Starting attempt 1 of 1
[2025-07-29T15:01:21.442+0000] {taskinstance.py:2890} INFO - Executing <Task(BashOperator): preprocess_train> on 2025-07-28 00:00:00+00:00
[2025-07-29T15:01:21.469+0000] {logging_mixin.py:190} WARNING - /home/***/.local/lib/python3.12/site-packages/***/task/task_runner/standard_task_runner.py:70 DeprecationWarning: This process (pid=1038) is multi-threaded, use of fork() may lead to deadlocks in the child.
[2025-07-29T15:01:21.472+0000] {standard_task_runner.py:72} INFO - Started process 1044 to run task
[2025-07-29T15:01:21.467+0000] {standard_task_runner.py:104} INFO - Running: ['***', 'tasks', 'run', 'turnstile_ml_pipeline', 'preprocess_train', 'scheduled__2025-07-28T00:00:00+00:00', '--job-id', '131', '--raw', '--subdir', 'DAGS_FOLDER/pipeline_dag.py', '--cfg-path', '/tmp/tmpx9aylx5e']
[2025-07-29T15:01:21.474+0000] {standard_task_runner.py:105} INFO - Job 131: Subtask preprocess_train
[2025-07-29T15:01:21.531+0000] {logging_mixin.py:190} WARNING - /home/***/.local/lib/python3.12/site-packages/***/settings.py:209 DeprecationWarning: The sql_alchemy_conn option in [core] has been moved to the sql_alchemy_conn option in [database] - the old setting has been used, but please update your config.
[2025-07-29T15:01:21.623+0000] {task_command.py:467} INFO - Running <TaskInstance: turnstile_ml_pipeline.preprocess_train scheduled__2025-07-28T00:00:00+00:00 [running]> on host c9afdf80b5d8
[2025-07-29T15:01:21.627+0000] {logging_mixin.py:190} WARNING - /home/***/.local/lib/python3.12/site-packages/***/settings.py:470 DeprecationWarning: The sql_alchemy_conn option in [core] has been moved to the sql_alchemy_conn option in [database] - the old setting has been used, but please update your config.
[2025-07-29T15:01:21.849+0000] {taskinstance.py:3134} INFO - Exporting env vars: AIRFLOW_CTX_DAG_OWNER='***' AIRFLOW_CTX_DAG_ID='turnstile_ml_pipeline' AIRFLOW_CTX_TASK_ID='preprocess_train' AIRFLOW_CTX_EXECUTION_DATE='2025-07-28T00:00:00+00:00' AIRFLOW_CTX_TRY_NUMBER='1' AIRFLOW_CTX_DAG_RUN_ID='scheduled__2025-07-28T00:00:00+00:00'
[2025-07-29T15:01:21.858+0000] {taskinstance.py:732} INFO - ::endgroup::
[2025-07-29T15:01:21.895+0000] {subprocess.py:78} INFO - Tmp dir root location: /tmp
[2025-07-29T15:01:21.898+0000] {subprocess.py:88} INFO - Running command: ['/usr/bin/bash', '-c', '\n            python /opt/***/pipeline/preprocess.py                 --user ***                 --password ***                 --host postgres                 --port 5432                 --db_name ny_sub_turnstiles                 --raw_table raw_turnstile_data                 --features_table turnstile_features                 --mode train\n        ']
[2025-07-29T15:01:21.920+0000] {subprocess.py:99} INFO - Output:
[2025-07-29T15:01:25.464+0000] {subprocess.py:106} INFO - Loaded (14000, 10)
[2025-07-29T15:01:25.465+0000] {subprocess.py:106} INFO - Aggregated df (2009, 3)
[2025-07-29T15:01:25.466+0000] {subprocess.py:106} INFO - [OK] Saved 2009 rows to 'turnstile_features'
[2025-07-29T15:01:25.713+0000] {subprocess.py:110} INFO - Command exited with return code 0
[2025-07-29T15:01:25.765+0000] {taskinstance.py:341} INFO - ::group::Post task execution logs
[2025-07-29T15:01:25.766+0000] {taskinstance.py:353} INFO - Marking task as SUCCESS. dag_id=turnstile_ml_pipeline, task_id=preprocess_train, run_id=scheduled__2025-07-28T00:00:00+00:00, execution_date=20250728T000000, start_date=20250729T150121, end_date=20250729T150125
[2025-07-29T15:01:25.846+0000] {local_task_job_runner.py:266} INFO - Task exited with return code 0
[2025-07-29T15:01:25.908+0000] {taskinstance.py:3901} INFO - 1 downstream tasks scheduled from follow-on schedule check
[2025-07-29T15:01:25.915+0000] {local_task_job_runner.py:245} INFO - ::endgroup::
